2020-05-11 18:00:09.773  [http-nio-8083-exec-1] DEBUG [com.hzu.community.mapper.UserMapper.select:] [eddc408b39aa558f,09843a3383d18adf,eddc408b39aa558f] - ==>  Preparing: select * from user WHERE name = ? 
2020-05-11 18:00:09.774  [http-nio-8083-exec-1] DEBUG [com.hzu.community.mapper.UserMapper.select:] [eddc408b39aa558f,09843a3383d18adf,eddc408b39aa558f] - ==> Parameters: 123(String)
2020-05-11 18:00:09.775  [http-nio-8083-exec-1] DEBUG [com.hzu.community.mapper.UserMapper.select:] [eddc408b39aa558f,09843a3383d18adf,eddc408b39aa558f] - <==      Total: 1
2020-05-11 18:00:09.781  [http-nio-8083-exec-10] DEBUG [com.hzu.community.mapper.NotificationMapper.countUnread:] [eddc408b39aa558f,c57b2a82c8488e87,eddc408b39aa558f] - ==>  Preparing: select count(*) from notification where receiver = ? and status = ? 
2020-05-11 18:00:09.781  [http-nio-8083-exec-10] DEBUG [com.hzu.community.mapper.NotificationMapper.countUnread:] [eddc408b39aa558f,c57b2a82c8488e87,eddc408b39aa558f] - ==> Parameters: 1(Integer), 0(Integer)
2020-05-11 18:00:09.782  [http-nio-8083-exec-10] DEBUG [com.hzu.community.mapper.NotificationMapper.countUnread:] [eddc408b39aa558f,c57b2a82c8488e87,eddc408b39aa558f] - <==      Total: 1
2020-05-11 18:13:58.376  [http-nio-8083-exec-4] DEBUG [com.hzu.community.mapper.QuestionMapper.selectQuestion:] [9194ecc20b7192b6,4b4903cade39b76b,af6717bd03a97dff] - ==>  Preparing: select * from question order by gmt_create desc limit ?,? 
2020-05-11 18:13:58.377  [http-nio-8083-exec-4] DEBUG [com.hzu.community.mapper.QuestionMapper.selectQuestion:] [9194ecc20b7192b6,4b4903cade39b76b,af6717bd03a97dff] - ==> Parameters: 0(Integer), 4(Integer)
2020-05-11 18:13:58.378  [http-nio-8083-exec-4] DEBUG [com.hzu.community.mapper.QuestionMapper.selectQuestion:] [9194ecc20b7192b6,4b4903cade39b76b,af6717bd03a97dff] - <==      Total: 4
2020-05-11 18:13:58.426  [http-nio-8083-exec-5] DEBUG [com.hzu.community.mapper.QuestionMapper.selectQuestion:] [9194ecc20b7192b6,51ea44d1b6c8ce72,b13e5248ddad6133] - ==>  Preparing: select * from question order by gmt_create desc limit ?,? 
2020-05-11 18:13:58.426  [http-nio-8083-exec-5] DEBUG [com.hzu.community.mapper.QuestionMapper.selectQuestion:] [9194ecc20b7192b6,51ea44d1b6c8ce72,b13e5248ddad6133] - ==> Parameters: 4(Integer), 4(Integer)
2020-05-11 18:13:58.427  [http-nio-8083-exec-5] DEBUG [com.hzu.community.mapper.QuestionMapper.selectQuestion:] [9194ecc20b7192b6,51ea44d1b6c8ce72,b13e5248ddad6133] - <==      Total: 4
2020-05-11 18:13:58.437  [http-nio-8083-exec-6] DEBUG [com.hzu.community.mapper.QuestionMapper.selectQuestion:] [9194ecc20b7192b6,677371ece749c107,62e08418a92e02b9] - ==>  Preparing: select * from question order by gmt_create desc limit ?,? 
2020-05-11 18:13:58.437  [http-nio-8083-exec-6] DEBUG [com.hzu.community.mapper.QuestionMapper.selectQuestion:] [9194ecc20b7192b6,677371ece749c107,62e08418a92e02b9] - ==> Parameters: 8(Integer), 4(Integer)
2020-05-11 18:13:58.438  [http-nio-8083-exec-6] DEBUG [com.hzu.community.mapper.QuestionMapper.selectQuestion:] [9194ecc20b7192b6,677371ece749c107,62e08418a92e02b9] - <==      Total: 0
2020-05-11 18:14:05.179  [http-nio-8083-exec-7] DEBUG [com.hzu.community.mapper.UserMapper.select:] [d2dfb343344abacf,472c667cbbeec283,d2dfb343344abacf] - ==>  Preparing: select * from user WHERE name = ? 
2020-05-11 18:14:05.179  [http-nio-8083-exec-7] DEBUG [com.hzu.community.mapper.UserMapper.select:] [d2dfb343344abacf,472c667cbbeec283,d2dfb343344abacf] - ==> Parameters: 123(String)
2020-05-11 18:14:05.180  [http-nio-8083-exec-7] DEBUG [com.hzu.community.mapper.UserMapper.select:] [d2dfb343344abacf,472c667cbbeec283,d2dfb343344abacf] - <==      Total: 1
2020-05-11 18:14:05.201  [http-nio-8083-exec-9] DEBUG [com.hzu.community.mapper.NotificationMapper.countUnread:] [d2dfb343344abacf,4824afa8f4747b4f,d2dfb343344abacf] - ==>  Preparing: select count(*) from notification where receiver = ? and status = ? 
2020-05-11 18:14:05.201  [http-nio-8083-exec-9] DEBUG [com.hzu.community.mapper.NotificationMapper.countUnread:] [d2dfb343344abacf,4824afa8f4747b4f,d2dfb343344abacf] - ==> Parameters: 1(Integer), 0(Integer)
2020-05-11 18:14:05.202  [http-nio-8083-exec-9] DEBUG [com.hzu.community.mapper.NotificationMapper.countUnread:] [d2dfb343344abacf,4824afa8f4747b4f,d2dfb343344abacf] - <==      Total: 1
2020-05-11 18:14:29.116  [http-nio-8083-exec-8] DEBUG [com.hzu.community.mapper.UserMapper.select:] [da1d92c844138be7,c9b724925245c134,da1d92c844138be7] - ==>  Preparing: select * from user WHERE name = ? 
2020-05-11 18:14:29.117  [http-nio-8083-exec-8] DEBUG [com.hzu.community.mapper.UserMapper.select:] [da1d92c844138be7,c9b724925245c134,da1d92c844138be7] - ==> Parameters: 123(String)
2020-05-11 18:14:29.118  [http-nio-8083-exec-8] DEBUG [com.hzu.community.mapper.UserMapper.select:] [da1d92c844138be7,c9b724925245c134,da1d92c844138be7] - <==      Total: 1
2020-05-11 18:14:29.128  [http-nio-8083-exec-1] DEBUG [com.hzu.community.mapper.NotificationMapper.countUnread:] [da1d92c844138be7,f339c0e4927f261e,da1d92c844138be7] - ==>  Preparing: select count(*) from notification where receiver = ? and status = ? 
2020-05-11 18:14:29.128  [http-nio-8083-exec-1] DEBUG [com.hzu.community.mapper.NotificationMapper.countUnread:] [da1d92c844138be7,f339c0e4927f261e,da1d92c844138be7] - ==> Parameters: 1(Integer), 0(Integer)
2020-05-11 18:14:29.129  [http-nio-8083-exec-1] DEBUG [com.hzu.community.mapper.NotificationMapper.countUnread:] [da1d92c844138be7,f339c0e4927f261e,da1d92c844138be7] - <==      Total: 1
2020-05-11 18:14:29.132  [http-nio-8083-exec-2] DEBUG [com.hzu.community.mapper.UserMapper.select:] [12cca2f958f0ad86,0d3c0a2d10a6f13b,12cca2f958f0ad86] - ==>  Preparing: select * from user WHERE name = ? 
2020-05-11 18:14:29.132  [http-nio-8083-exec-2] DEBUG [com.hzu.community.mapper.UserMapper.select:] [12cca2f958f0ad86,0d3c0a2d10a6f13b,12cca2f958f0ad86] - ==> Parameters: 123(String)
2020-05-11 18:14:29.133  [http-nio-8083-exec-2] DEBUG [com.hzu.community.mapper.UserMapper.select:] [12cca2f958f0ad86,0d3c0a2d10a6f13b,12cca2f958f0ad86] - <==      Total: 1
2020-05-11 18:14:29.140  [http-nio-8083-exec-10] DEBUG [com.hzu.community.mapper.NotificationMapper.countUnread:] [12cca2f958f0ad86,780d3ff0cc3d4ad4,12cca2f958f0ad86] - ==>  Preparing: select count(*) from notification where receiver = ? and status = ? 
2020-05-11 18:14:29.141  [http-nio-8083-exec-10] DEBUG [com.hzu.community.mapper.NotificationMapper.countUnread:] [12cca2f958f0ad86,780d3ff0cc3d4ad4,12cca2f958f0ad86] - ==> Parameters: 1(Integer), 0(Integer)
2020-05-11 18:14:29.143  [http-nio-8083-exec-10] DEBUG [com.hzu.community.mapper.NotificationMapper.countUnread:] [12cca2f958f0ad86,780d3ff0cc3d4ad4,12cca2f958f0ad86] - <==      Total: 1
2020-05-11 18:19:35.310  [http-nio-8083-exec-5] DEBUG [com.hzu.community.mapper.QuestionMapper.selectQuestion:] [4fcb0ba50427f68b,2f7eab46183fa6f0,85d256deec81e7e2] - ==>  Preparing: select * from question order by gmt_create desc limit ?,? 
2020-05-11 18:19:35.311  [http-nio-8083-exec-5] DEBUG [com.hzu.community.mapper.QuestionMapper.selectQuestion:] [4fcb0ba50427f68b,2f7eab46183fa6f0,85d256deec81e7e2] - ==> Parameters: 0(Integer), 4(Integer)
2020-05-11 18:19:35.312  [http-nio-8083-exec-5] DEBUG [com.hzu.community.mapper.QuestionMapper.selectQuestion:] [4fcb0ba50427f68b,2f7eab46183fa6f0,85d256deec81e7e2] - <==      Total: 4
2020-05-11 18:19:35.359  [http-nio-8083-exec-6] DEBUG [com.hzu.community.mapper.QuestionMapper.selectQuestion:] [4fcb0ba50427f68b,e44035350e778725,9261c6a0385cfa84] - ==>  Preparing: select * from question order by gmt_create desc limit ?,? 
2020-05-11 18:19:35.359  [http-nio-8083-exec-6] DEBUG [com.hzu.community.mapper.QuestionMapper.selectQuestion:] [4fcb0ba50427f68b,e44035350e778725,9261c6a0385cfa84] - ==> Parameters: 4(Integer), 4(Integer)
2020-05-11 18:19:35.360  [http-nio-8083-exec-6] DEBUG [com.hzu.community.mapper.QuestionMapper.selectQuestion:] [4fcb0ba50427f68b,e44035350e778725,9261c6a0385cfa84] - <==      Total: 4
2020-05-11 18:19:35.369  [http-nio-8083-exec-7] DEBUG [com.hzu.community.mapper.QuestionMapper.selectQuestion:] [4fcb0ba50427f68b,1aa28088ca402770,ff03c33eaba05e29] - ==>  Preparing: select * from question order by gmt_create desc limit ?,? 
2020-05-11 18:19:35.369  [http-nio-8083-exec-7] DEBUG [com.hzu.community.mapper.QuestionMapper.selectQuestion:] [4fcb0ba50427f68b,1aa28088ca402770,ff03c33eaba05e29] - ==> Parameters: 8(Integer), 4(Integer)
2020-05-11 18:19:35.370  [http-nio-8083-exec-7] DEBUG [com.hzu.community.mapper.QuestionMapper.selectQuestion:] [4fcb0ba50427f68b,1aa28088ca402770,ff03c33eaba05e29] - <==      Total: 0
2020-05-11 18:19:56.659  [http-nio-8083-exec-9] DEBUG [com.hzu.community.mapper.UserMapper.select:] [431a0341fea03eea,c838c734a0238038,431a0341fea03eea] - ==>  Preparing: select * from user WHERE name = ? 
2020-05-11 18:19:56.659  [http-nio-8083-exec-9] DEBUG [com.hzu.community.mapper.UserMapper.select:] [431a0341fea03eea,c838c734a0238038,431a0341fea03eea] - ==> Parameters: 123(String)
2020-05-11 18:19:56.660  [http-nio-8083-exec-9] DEBUG [com.hzu.community.mapper.UserMapper.select:] [431a0341fea03eea,c838c734a0238038,431a0341fea03eea] - <==      Total: 1
2020-05-11 18:19:56.679  [http-nio-8083-exec-8] DEBUG [com.hzu.community.mapper.NotificationMapper.countUnread:] [431a0341fea03eea,f981c261d187a0d7,431a0341fea03eea] - ==>  Preparing: select count(*) from notification where receiver = ? and status = ? 
2020-05-11 18:19:56.680  [http-nio-8083-exec-8] DEBUG [com.hzu.community.mapper.NotificationMapper.countUnread:] [431a0341fea03eea,f981c261d187a0d7,431a0341fea03eea] - ==> Parameters: 1(Integer), 0(Integer)
2020-05-11 18:19:56.680  [http-nio-8083-exec-8] DEBUG [com.hzu.community.mapper.NotificationMapper.countUnread:] [431a0341fea03eea,f981c261d187a0d7,431a0341fea03eea] - <==      Total: 1
2020-05-11 18:20:00.333  [http-nio-8083-exec-1] DEBUG [com.hzu.community.mapper.UserMapper.select:] [383094c5fca5a726,7128a49b57d3b56d,383094c5fca5a726] - ==>  Preparing: select * from user WHERE name = ? 
2020-05-11 18:20:00.334  [http-nio-8083-exec-1] DEBUG [com.hzu.community.mapper.UserMapper.select:] [383094c5fca5a726,7128a49b57d3b56d,383094c5fca5a726] - ==> Parameters: 123(String)
2020-05-11 18:20:00.335  [http-nio-8083-exec-1] DEBUG [com.hzu.community.mapper.UserMapper.select:] [383094c5fca5a726,7128a49b57d3b56d,383094c5fca5a726] - <==      Total: 1
2020-05-11 18:20:00.341  [http-nio-8083-exec-2] DEBUG [com.hzu.community.mapper.NotificationMapper.countUnread:] [383094c5fca5a726,f3a1b0e24aaac7e4,383094c5fca5a726] - ==>  Preparing: select count(*) from notification where receiver = ? and status = ? 
2020-05-11 18:20:00.341  [http-nio-8083-exec-2] DEBUG [com.hzu.community.mapper.NotificationMapper.countUnread:] [383094c5fca5a726,f3a1b0e24aaac7e4,383094c5fca5a726] - ==> Parameters: 1(Integer), 0(Integer)
2020-05-11 18:20:00.342  [http-nio-8083-exec-2] DEBUG [com.hzu.community.mapper.NotificationMapper.countUnread:] [383094c5fca5a726,f3a1b0e24aaac7e4,383094c5fca5a726] - <==      Total: 1
2020-05-11 18:20:03.730  [http-nio-8083-exec-10] DEBUG [com.hzu.community.mapper.UserMapper.select:] [ae1db2f77d9c86dc,a7e692db30ff6c49,ae1db2f77d9c86dc] - ==>  Preparing: select * from user WHERE name = ? 
2020-05-11 18:20:03.731  [http-nio-8083-exec-10] DEBUG [com.hzu.community.mapper.UserMapper.select:] [ae1db2f77d9c86dc,a7e692db30ff6c49,ae1db2f77d9c86dc] - ==> Parameters: 123(String)
2020-05-11 18:20:03.732  [http-nio-8083-exec-10] DEBUG [com.hzu.community.mapper.UserMapper.select:] [ae1db2f77d9c86dc,a7e692db30ff6c49,ae1db2f77d9c86dc] - <==      Total: 1
2020-05-11 18:20:03.741  [http-nio-8083-exec-4] DEBUG [com.hzu.community.mapper.NotificationMapper.countUnread:] [ae1db2f77d9c86dc,d37eebdb7ac8a2b6,ae1db2f77d9c86dc] - ==>  Preparing: select count(*) from notification where receiver = ? and status = ? 
2020-05-11 18:20:03.741  [http-nio-8083-exec-4] DEBUG [com.hzu.community.mapper.NotificationMapper.countUnread:] [ae1db2f77d9c86dc,d37eebdb7ac8a2b6,ae1db2f77d9c86dc] - ==> Parameters: 1(Integer), 0(Integer)
2020-05-11 18:20:03.742  [http-nio-8083-exec-4] DEBUG [com.hzu.community.mapper.NotificationMapper.countUnread:] [ae1db2f77d9c86dc,d37eebdb7ac8a2b6,ae1db2f77d9c86dc] - <==      Total: 1
2020-05-11 18:20:17.337  [http-nio-8083-exec-3] DEBUG [com.hzu.community.mapper.UserMapper.select:] [112093b214a9c959,0941c63ee18d22e3,112093b214a9c959] - ==>  Preparing: select * from user WHERE name = ? 
2020-05-11 18:20:17.341  [http-nio-8083-exec-3] DEBUG [com.hzu.community.mapper.UserMapper.select:] [112093b214a9c959,0941c63ee18d22e3,112093b214a9c959] - ==> Parameters: 123(String)
2020-05-11 18:20:17.342  [http-nio-8083-exec-3] DEBUG [com.hzu.community.mapper.UserMapper.select:] [112093b214a9c959,0941c63ee18d22e3,112093b214a9c959] - <==      Total: 1
2020-05-11 18:20:17.347  [http-nio-8083-exec-5] DEBUG [com.hzu.community.mapper.NotificationMapper.countUnread:] [112093b214a9c959,c205a0539b2a82a0,112093b214a9c959] - ==>  Preparing: select count(*) from notification where receiver = ? and status = ? 
2020-05-11 18:20:17.348  [http-nio-8083-exec-5] DEBUG [com.hzu.community.mapper.NotificationMapper.countUnread:] [112093b214a9c959,c205a0539b2a82a0,112093b214a9c959] - ==> Parameters: 1(Integer), 0(Integer)
2020-05-11 18:20:17.349  [http-nio-8083-exec-5] DEBUG [com.hzu.community.mapper.NotificationMapper.countUnread:] [112093b214a9c959,c205a0539b2a82a0,112093b214a9c959] - <==      Total: 1
2020-05-11 18:20:28.516  [http-nio-8083-exec-6] DEBUG [com.hzu.community.mapper.UserMapper.select:] [3554db7306a8063e,2200019c4e299dba,3554db7306a8063e] - ==>  Preparing: select * from user WHERE name = ? 
2020-05-11 18:20:28.516  [http-nio-8083-exec-6] DEBUG [com.hzu.community.mapper.UserMapper.select:] [3554db7306a8063e,2200019c4e299dba,3554db7306a8063e] - ==> Parameters: 123(String)
2020-05-11 18:20:28.517  [http-nio-8083-exec-6] DEBUG [com.hzu.community.mapper.UserMapper.select:] [3554db7306a8063e,2200019c4e299dba,3554db7306a8063e] - <==      Total: 1
2020-05-11 18:20:28.524  [http-nio-8083-exec-7] DEBUG [com.hzu.community.mapper.NotificationMapper.countUnread:] [3554db7306a8063e,8994596a31423ee8,3554db7306a8063e] - ==>  Preparing: select count(*) from notification where receiver = ? and status = ? 
2020-05-11 18:20:28.524  [http-nio-8083-exec-7] DEBUG [com.hzu.community.mapper.NotificationMapper.countUnread:] [3554db7306a8063e,8994596a31423ee8,3554db7306a8063e] - ==> Parameters: 1(Integer), 0(Integer)
2020-05-11 18:20:28.525  [http-nio-8083-exec-7] DEBUG [com.hzu.community.mapper.NotificationMapper.countUnread:] [3554db7306a8063e,8994596a31423ee8,3554db7306a8063e] - <==      Total: 1
2020-05-11 18:20:29.396  [http-nio-8083-exec-9] DEBUG [com.hzu.community.mapper.UserMapper.select:] [e010bfa17809f858,20d7071536425cfe,e010bfa17809f858] - ==>  Preparing: select * from user WHERE name = ? 
2020-05-11 18:20:29.396  [http-nio-8083-exec-9] DEBUG [com.hzu.community.mapper.UserMapper.select:] [e010bfa17809f858,20d7071536425cfe,e010bfa17809f858] - ==> Parameters: 123(String)
2020-05-11 18:20:29.398  [http-nio-8083-exec-9] DEBUG [com.hzu.community.mapper.UserMapper.select:] [e010bfa17809f858,20d7071536425cfe,e010bfa17809f858] - <==      Total: 1
2020-05-11 18:20:29.402  [http-nio-8083-exec-8] DEBUG [com.hzu.community.mapper.NotificationMapper.countUnread:] [e010bfa17809f858,06ee945cc7d1314c,e010bfa17809f858] - ==>  Preparing: select count(*) from notification where receiver = ? and status = ? 
2020-05-11 18:20:29.402  [http-nio-8083-exec-8] DEBUG [com.hzu.community.mapper.NotificationMapper.countUnread:] [e010bfa17809f858,06ee945cc7d1314c,e010bfa17809f858] - ==> Parameters: 1(Integer), 0(Integer)
2020-05-11 18:20:29.403  [http-nio-8083-exec-8] DEBUG [com.hzu.community.mapper.NotificationMapper.countUnread:] [e010bfa17809f858,06ee945cc7d1314c,e010bfa17809f858] - <==      Total: 1
2020-05-11 18:21:19.964  [http-nio-8083-exec-1] DEBUG [com.hzu.community.mapper.UserMapper.select:] [07ec86362bc38029,19d573d18b5a0fc8,07ec86362bc38029] - ==>  Preparing: select * from user WHERE name = ? 
2020-05-11 18:21:19.965  [http-nio-8083-exec-1] DEBUG [com.hzu.community.mapper.UserMapper.select:] [07ec86362bc38029,19d573d18b5a0fc8,07ec86362bc38029] - ==> Parameters: 123(String)
2020-05-11 18:21:19.965  [http-nio-8083-exec-1] DEBUG [com.hzu.community.mapper.UserMapper.select:] [07ec86362bc38029,19d573d18b5a0fc8,07ec86362bc38029] - <==      Total: 1
2020-05-11 18:21:19.971  [http-nio-8083-exec-2] DEBUG [com.hzu.community.mapper.NotificationMapper.countUnread:] [07ec86362bc38029,265df81d83e77b89,07ec86362bc38029] - ==>  Preparing: select count(*) from notification where receiver = ? and status = ? 
2020-05-11 18:21:19.971  [http-nio-8083-exec-2] DEBUG [com.hzu.community.mapper.NotificationMapper.countUnread:] [07ec86362bc38029,265df81d83e77b89,07ec86362bc38029] - ==> Parameters: 1(Integer), 0(Integer)
2020-05-11 18:21:19.972  [http-nio-8083-exec-2] DEBUG [com.hzu.community.mapper.NotificationMapper.countUnread:] [07ec86362bc38029,265df81d83e77b89,07ec86362bc38029] - <==      Total: 1
2020-05-11 18:21:22.933  [http-nio-8083-exec-10] DEBUG [com.hzu.community.mapper.UserMapper.select:] [247321a0e273d797,46ce08401af32cf5,247321a0e273d797] - ==>  Preparing: select * from user WHERE name = ? 
2020-05-11 18:21:22.933  [http-nio-8083-exec-10] DEBUG [com.hzu.community.mapper.UserMapper.select:] [247321a0e273d797,46ce08401af32cf5,247321a0e273d797] - ==> Parameters: 123(String)
2020-05-11 18:21:22.934  [http-nio-8083-exec-10] DEBUG [com.hzu.community.mapper.UserMapper.select:] [247321a0e273d797,46ce08401af32cf5,247321a0e273d797] - <==      Total: 1
2020-05-11 18:21:22.942  [http-nio-8083-exec-4] DEBUG [com.hzu.community.mapper.NotificationMapper.countUnread:] [247321a0e273d797,46c7ac01af44e7fc,247321a0e273d797] - ==>  Preparing: select count(*) from notification where receiver = ? and status = ? 
2020-05-11 18:21:22.942  [http-nio-8083-exec-4] DEBUG [com.hzu.community.mapper.NotificationMapper.countUnread:] [247321a0e273d797,46c7ac01af44e7fc,247321a0e273d797] - ==> Parameters: 1(Integer), 0(Integer)
2020-05-11 18:21:22.943  [http-nio-8083-exec-4] DEBUG [com.hzu.community.mapper.NotificationMapper.countUnread:] [247321a0e273d797,46c7ac01af44e7fc,247321a0e273d797] - <==      Total: 1
2020-05-11 18:21:26.785  [http-nio-8083-exec-3] DEBUG [com.hzu.community.mapper.UserMapper.select:] [b60b9662120c0e2c,bfb7ce9476689ccd,b60b9662120c0e2c] - ==>  Preparing: select * from user WHERE name = ? 
2020-05-11 18:21:26.786  [http-nio-8083-exec-3] DEBUG [com.hzu.community.mapper.UserMapper.select:] [b60b9662120c0e2c,bfb7ce9476689ccd,b60b9662120c0e2c] - ==> Parameters: 123(String)
2020-05-11 18:21:26.787  [http-nio-8083-exec-3] DEBUG [com.hzu.community.mapper.UserMapper.select:] [b60b9662120c0e2c,bfb7ce9476689ccd,b60b9662120c0e2c] - <==      Total: 1
2020-05-11 18:21:26.793  [http-nio-8083-exec-5] DEBUG [com.hzu.community.mapper.NotificationMapper.countUnread:] [b60b9662120c0e2c,faf5f35c1eff299f,b60b9662120c0e2c] - ==>  Preparing: select count(*) from notification where receiver = ? and status = ? 
2020-05-11 18:21:26.793  [http-nio-8083-exec-5] DEBUG [com.hzu.community.mapper.NotificationMapper.countUnread:] [b60b9662120c0e2c,faf5f35c1eff299f,b60b9662120c0e2c] - ==> Parameters: 1(Integer), 0(Integer)
2020-05-11 18:21:26.794  [http-nio-8083-exec-5] DEBUG [com.hzu.community.mapper.NotificationMapper.countUnread:] [b60b9662120c0e2c,faf5f35c1eff299f,b60b9662120c0e2c] - <==      Total: 1
2020-05-11 18:21:28.583  [http-nio-8083-exec-6] DEBUG [com.hzu.community.mapper.UserMapper.select:] [dff8248f73d44e32,fa06adf629d705b8,dff8248f73d44e32] - ==>  Preparing: select * from user WHERE name = ? 
2020-05-11 18:21:28.583  [http-nio-8083-exec-6] DEBUG [com.hzu.community.mapper.UserMapper.select:] [dff8248f73d44e32,fa06adf629d705b8,dff8248f73d44e32] - ==> Parameters: 123(String)
2020-05-11 18:21:28.584  [http-nio-8083-exec-6] DEBUG [com.hzu.community.mapper.UserMapper.select:] [dff8248f73d44e32,fa06adf629d705b8,dff8248f73d44e32] - <==      Total: 1
2020-05-11 18:21:28.591  [http-nio-8083-exec-7] DEBUG [com.hzu.community.mapper.NotificationMapper.countUnread:] [dff8248f73d44e32,f972d51e7ba91fd8,dff8248f73d44e32] - ==>  Preparing: select count(*) from notification where receiver = ? and status = ? 
2020-05-11 18:21:28.592  [http-nio-8083-exec-7] DEBUG [com.hzu.community.mapper.NotificationMapper.countUnread:] [dff8248f73d44e32,f972d51e7ba91fd8,dff8248f73d44e32] - ==> Parameters: 1(Integer), 0(Integer)
2020-05-11 18:21:28.593  [http-nio-8083-exec-7] DEBUG [com.hzu.community.mapper.NotificationMapper.countUnread:] [dff8248f73d44e32,f972d51e7ba91fd8,dff8248f73d44e32] - <==      Total: 1
2020-05-11 18:21:54.081  [http-nio-8083-exec-8] DEBUG [com.hzu.community.mapper.QuestionMapper.selectQuestion:] [98a099f9425386f5,60184b14c41b497b,9f1c4e6f2be75371] - ==>  Preparing: select * from question order by gmt_create desc limit ?,? 
2020-05-11 18:21:54.081  [http-nio-8083-exec-8] DEBUG [com.hzu.community.mapper.QuestionMapper.selectQuestion:] [98a099f9425386f5,60184b14c41b497b,9f1c4e6f2be75371] - ==> Parameters: 0(Integer), 4(Integer)
2020-05-11 18:21:54.082  [http-nio-8083-exec-8] DEBUG [com.hzu.community.mapper.QuestionMapper.selectQuestion:] [98a099f9425386f5,60184b14c41b497b,9f1c4e6f2be75371] - <==      Total: 4
2020-05-11 18:21:54.130  [http-nio-8083-exec-1] DEBUG [com.hzu.community.mapper.QuestionMapper.selectQuestion:] [98a099f9425386f5,cb9ae19ef09ce610,55ba42aae079618b] - ==>  Preparing: select * from question order by gmt_create desc limit ?,? 
2020-05-11 18:21:54.130  [http-nio-8083-exec-1] DEBUG [com.hzu.community.mapper.QuestionMapper.selectQuestion:] [98a099f9425386f5,cb9ae19ef09ce610,55ba42aae079618b] - ==> Parameters: 4(Integer), 4(Integer)
2020-05-11 18:21:54.131  [http-nio-8083-exec-1] DEBUG [com.hzu.community.mapper.QuestionMapper.selectQuestion:] [98a099f9425386f5,cb9ae19ef09ce610,55ba42aae079618b] - <==      Total: 4
2020-05-11 18:21:54.139  [http-nio-8083-exec-2] DEBUG [com.hzu.community.mapper.QuestionMapper.selectQuestion:] [98a099f9425386f5,05052f9a328dc70c,291c6a47b07fd9f2] - ==>  Preparing: select * from question order by gmt_create desc limit ?,? 
2020-05-11 18:21:54.140  [http-nio-8083-exec-2] DEBUG [com.hzu.community.mapper.QuestionMapper.selectQuestion:] [98a099f9425386f5,05052f9a328dc70c,291c6a47b07fd9f2] - ==> Parameters: 8(Integer), 4(Integer)
2020-05-11 18:21:54.141  [http-nio-8083-exec-2] DEBUG [com.hzu.community.mapper.QuestionMapper.selectQuestion:] [98a099f9425386f5,05052f9a328dc70c,291c6a47b07fd9f2] - <==      Total: 0
2020-05-11 18:37:38.082  [http-nio-8083-exec-4] DEBUG [com.hzu.community.mapper.UserMapper.select:] [262e0f0e346888ff,a108f0d780c45d9a,262e0f0e346888ff] - ==>  Preparing: select * from user WHERE name = ? 
2020-05-11 18:37:38.082  [http-nio-8083-exec-4] DEBUG [com.hzu.community.mapper.UserMapper.select:] [262e0f0e346888ff,a108f0d780c45d9a,262e0f0e346888ff] - ==> Parameters: 123(String)
2020-05-11 18:37:38.083  [http-nio-8083-exec-4] DEBUG [com.hzu.community.mapper.UserMapper.select:] [262e0f0e346888ff,a108f0d780c45d9a,262e0f0e346888ff] - <==      Total: 1
2020-05-11 18:37:38.100  [http-nio-8083-exec-3] DEBUG [com.hzu.community.mapper.NotificationMapper.countUnread:] [262e0f0e346888ff,fde1584c6d707704,262e0f0e346888ff] - ==>  Preparing: select count(*) from notification where receiver = ? and status = ? 
2020-05-11 18:37:38.100  [http-nio-8083-exec-3] DEBUG [com.hzu.community.mapper.NotificationMapper.countUnread:] [262e0f0e346888ff,fde1584c6d707704,262e0f0e346888ff] - ==> Parameters: 1(Integer), 0(Integer)
2020-05-11 18:37:38.101  [http-nio-8083-exec-3] DEBUG [com.hzu.community.mapper.NotificationMapper.countUnread:] [262e0f0e346888ff,fde1584c6d707704,262e0f0e346888ff] - <==      Total: 1
2020-05-11 18:37:47.667  [http-nio-8083-exec-5] DEBUG [com.hzu.community.mapper.UserMapper.select:] [03865d52e2e8da84,e1bd171d9b8c75bb,03865d52e2e8da84] - ==>  Preparing: select * from user WHERE name = ? 
2020-05-11 18:37:47.668  [http-nio-8083-exec-5] DEBUG [com.hzu.community.mapper.UserMapper.select:] [03865d52e2e8da84,e1bd171d9b8c75bb,03865d52e2e8da84] - ==> Parameters: 123(String)
2020-05-11 18:37:47.668  [http-nio-8083-exec-5] DEBUG [com.hzu.community.mapper.UserMapper.select:] [03865d52e2e8da84,e1bd171d9b8c75bb,03865d52e2e8da84] - <==      Total: 1
2020-05-11 18:37:47.673  [http-nio-8083-exec-6] DEBUG [com.hzu.community.mapper.NotificationMapper.countUnread:] [03865d52e2e8da84,33e63a7fc0872b80,03865d52e2e8da84] - ==>  Preparing: select count(*) from notification where receiver = ? and status = ? 
2020-05-11 18:37:47.673  [http-nio-8083-exec-6] DEBUG [com.hzu.community.mapper.NotificationMapper.countUnread:] [03865d52e2e8da84,33e63a7fc0872b80,03865d52e2e8da84] - ==> Parameters: 1(Integer), 0(Integer)
2020-05-11 18:37:47.674  [http-nio-8083-exec-6] DEBUG [com.hzu.community.mapper.NotificationMapper.countUnread:] [03865d52e2e8da84,33e63a7fc0872b80,03865d52e2e8da84] - <==      Total: 1
2020-05-11 18:45:31.885  [http-nio-8083-exec-9] DEBUG [com.hzu.community.mapper.UserMapper.select:] [78704b16c7ef3e42,47a458c82ae60fa4,78704b16c7ef3e42] - ==>  Preparing: select * from user WHERE name = ? 
2020-05-11 18:45:31.885  [http-nio-8083-exec-9] DEBUG [com.hzu.community.mapper.UserMapper.select:] [78704b16c7ef3e42,47a458c82ae60fa4,78704b16c7ef3e42] - ==> Parameters: 123(String)
2020-05-11 18:45:31.886  [http-nio-8083-exec-9] DEBUG [com.hzu.community.mapper.UserMapper.select:] [78704b16c7ef3e42,47a458c82ae60fa4,78704b16c7ef3e42] - <==      Total: 1
2020-05-11 18:45:31.891  [http-nio-8083-exec-8] DEBUG [com.hzu.community.mapper.NotificationMapper.countUnread:] [78704b16c7ef3e42,f645df85cb148f70,78704b16c7ef3e42] - ==>  Preparing: select count(*) from notification where receiver = ? and status = ? 
2020-05-11 18:45:31.892  [http-nio-8083-exec-8] DEBUG [com.hzu.community.mapper.NotificationMapper.countUnread:] [78704b16c7ef3e42,f645df85cb148f70,78704b16c7ef3e42] - ==> Parameters: 1(Integer), 0(Integer)
2020-05-11 18:45:31.892  [http-nio-8083-exec-8] DEBUG [com.hzu.community.mapper.NotificationMapper.countUnread:] [78704b16c7ef3e42,f645df85cb148f70,78704b16c7ef3e42] - <==      Total: 1
2020-05-11 18:45:32.964  [http-nio-8083-exec-1] DEBUG [com.hzu.community.mapper.UserMapper.select:] [fe53da698b10d240,ec29e029eaba1acd,fe53da698b10d240] - ==>  Preparing: select * from user WHERE name = ? 
2020-05-11 18:45:32.965  [http-nio-8083-exec-1] DEBUG [com.hzu.community.mapper.UserMapper.select:] [fe53da698b10d240,ec29e029eaba1acd,fe53da698b10d240] - ==> Parameters: 123(String)
2020-05-11 18:45:32.966  [http-nio-8083-exec-1] DEBUG [com.hzu.community.mapper.UserMapper.select:] [fe53da698b10d240,ec29e029eaba1acd,fe53da698b10d240] - <==      Total: 1
2020-05-11 18:45:32.974  [http-nio-8083-exec-2] DEBUG [com.hzu.community.mapper.NotificationMapper.countUnread:] [fe53da698b10d240,6e5251f7e50b74f8,fe53da698b10d240] - ==>  Preparing: select count(*) from notification where receiver = ? and status = ? 
2020-05-11 18:45:32.974  [http-nio-8083-exec-2] DEBUG [com.hzu.community.mapper.NotificationMapper.countUnread:] [fe53da698b10d240,6e5251f7e50b74f8,fe53da698b10d240] - ==> Parameters: 1(Integer), 0(Integer)
2020-05-11 18:45:32.975  [http-nio-8083-exec-2] DEBUG [com.hzu.community.mapper.NotificationMapper.countUnread:] [fe53da698b10d240,6e5251f7e50b74f8,fe53da698b10d240] - <==      Total: 1
2020-05-11 18:54:50.642  [http-nio-8083-exec-4] DEBUG [com.hzu.community.mapper.QuestionMapper.selectQuestion:] [8d8d1402c17ca39b,8d8ffa70ad80eb4d,71a86e3ca52b2fbb] - ==>  Preparing: select * from question order by gmt_create desc limit ?,? 
2020-05-11 18:54:50.642  [http-nio-8083-exec-4] DEBUG [com.hzu.community.mapper.QuestionMapper.selectQuestion:] [8d8d1402c17ca39b,8d8ffa70ad80eb4d,71a86e3ca52b2fbb] - ==> Parameters: 0(Integer), 4(Integer)
2020-05-11 18:54:50.657  [http-nio-8083-exec-4] DEBUG [com.hzu.community.mapper.QuestionMapper.selectQuestion:] [8d8d1402c17ca39b,8d8ffa70ad80eb4d,71a86e3ca52b2fbb] - <==      Total: 4
2020-05-11 18:54:50.704  [http-nio-8083-exec-3] DEBUG [com.hzu.community.mapper.QuestionMapper.selectQuestion:] [8d8d1402c17ca39b,5f07761349f515f8,88ddbfd6efc275d8] - ==>  Preparing: select * from question order by gmt_create desc limit ?,? 
2020-05-11 18:54:50.720  [http-nio-8083-exec-3] DEBUG [com.hzu.community.mapper.QuestionMapper.selectQuestion:] [8d8d1402c17ca39b,5f07761349f515f8,88ddbfd6efc275d8] - ==> Parameters: 4(Integer), 4(Integer)
2020-05-11 18:54:50.720  [http-nio-8083-exec-3] DEBUG [com.hzu.community.mapper.QuestionMapper.selectQuestion:] [8d8d1402c17ca39b,5f07761349f515f8,88ddbfd6efc275d8] - <==      Total: 4
2020-05-11 18:54:50.720  [http-nio-8083-exec-5] DEBUG [com.hzu.community.mapper.QuestionMapper.selectQuestion:] [8d8d1402c17ca39b,95bc5053732bdcf2,fc4ff672a6b1d0c8] - ==>  Preparing: select * from question order by gmt_create desc limit ?,? 
2020-05-11 18:54:50.720  [http-nio-8083-exec-5] DEBUG [com.hzu.community.mapper.QuestionMapper.selectQuestion:] [8d8d1402c17ca39b,95bc5053732bdcf2,fc4ff672a6b1d0c8] - ==> Parameters: 8(Integer), 4(Integer)
2020-05-11 18:54:50.720  [http-nio-8083-exec-5] DEBUG [com.hzu.community.mapper.QuestionMapper.selectQuestion:] [8d8d1402c17ca39b,95bc5053732bdcf2,fc4ff672a6b1d0c8] - <==      Total: 0
2020-05-11 18:55:52.368  [http-nio-8083-exec-7] DEBUG [com.hzu.community.mapper.QuestionMapper.selectQuestion:] [4ff0547a2881fa90,0d9b8fab8920cb08,92bc1dc87ab1b3fa] - ==>  Preparing: select * from question order by gmt_create desc limit ?,? 
2020-05-11 18:55:52.368  [http-nio-8083-exec-7] DEBUG [com.hzu.community.mapper.QuestionMapper.selectQuestion:] [4ff0547a2881fa90,0d9b8fab8920cb08,92bc1dc87ab1b3fa] - ==> Parameters: 0(Integer), 4(Integer)
2020-05-11 18:55:52.384  [http-nio-8083-exec-7] DEBUG [com.hzu.community.mapper.QuestionMapper.selectQuestion:] [4ff0547a2881fa90,0d9b8fab8920cb08,92bc1dc87ab1b3fa] - <==      Total: 4
2020-05-11 18:55:52.431  [http-nio-8083-exec-9] DEBUG [com.hzu.community.mapper.QuestionMapper.selectQuestion:] [4ff0547a2881fa90,e1e43e856570dd7d,be809e114ef1300a] - ==>  Preparing: select * from question order by gmt_create desc limit ?,? 
2020-05-11 18:55:52.431  [http-nio-8083-exec-9] DEBUG [com.hzu.community.mapper.QuestionMapper.selectQuestion:] [4ff0547a2881fa90,e1e43e856570dd7d,be809e114ef1300a] - ==> Parameters: 4(Integer), 4(Integer)
2020-05-11 18:55:52.431  [http-nio-8083-exec-9] DEBUG [com.hzu.community.mapper.QuestionMapper.selectQuestion:] [4ff0547a2881fa90,e1e43e856570dd7d,be809e114ef1300a] - <==      Total: 4
2020-05-11 18:55:52.446  [http-nio-8083-exec-8] DEBUG [com.hzu.community.mapper.QuestionMapper.selectQuestion:] [4ff0547a2881fa90,6b63ca1c76e800b0,377f053f001b0a5c] - ==>  Preparing: select * from question order by gmt_create desc limit ?,? 
2020-05-11 18:55:52.446  [http-nio-8083-exec-8] DEBUG [com.hzu.community.mapper.QuestionMapper.selectQuestion:] [4ff0547a2881fa90,6b63ca1c76e800b0,377f053f001b0a5c] - ==> Parameters: 8(Integer), 4(Integer)
2020-05-11 18:55:52.446  [http-nio-8083-exec-8] DEBUG [com.hzu.community.mapper.QuestionMapper.selectQuestion:] [4ff0547a2881fa90,6b63ca1c76e800b0,377f053f001b0a5c] - <==      Total: 0
2020-05-11 18:56:01.006  [http-nio-8083-exec-1] DEBUG [com.hzu.community.mapper.UserMapper.select:] [b0335529c945d690,f1230cd3a8d7bfc4,b0335529c945d690] - ==>  Preparing: select * from user WHERE name = ? 
2020-05-11 18:56:01.006  [http-nio-8083-exec-1] DEBUG [com.hzu.community.mapper.UserMapper.select:] [b0335529c945d690,f1230cd3a8d7bfc4,b0335529c945d690] - ==> Parameters: 123(String)
2020-05-11 18:56:01.007  [http-nio-8083-exec-1] DEBUG [com.hzu.community.mapper.UserMapper.select:] [b0335529c945d690,f1230cd3a8d7bfc4,b0335529c945d690] - <==      Total: 1
2020-05-11 18:56:01.021  [http-nio-8083-exec-2] DEBUG [com.hzu.community.mapper.NotificationMapper.countUnread:] [b0335529c945d690,27e5b1a86357f613,b0335529c945d690] - ==>  Preparing: select count(*) from notification where receiver = ? and status = ? 
2020-05-11 18:56:01.022  [http-nio-8083-exec-2] DEBUG [com.hzu.community.mapper.NotificationMapper.countUnread:] [b0335529c945d690,27e5b1a86357f613,b0335529c945d690] - ==> Parameters: 1(Integer), 0(Integer)
2020-05-11 18:56:01.022  [http-nio-8083-exec-2] DEBUG [com.hzu.community.mapper.NotificationMapper.countUnread:] [b0335529c945d690,27e5b1a86357f613,b0335529c945d690] - <==      Total: 1
2020-05-11 18:56:44.803  [http-nio-8083-exec-4] DEBUG [com.hzu.community.mapper.QuestionMapper.selectQuestion:] [ffb542483bfc86a1,33b34df37aec2c02,afc64a1d75be5c59] - ==>  Preparing: select * from question order by gmt_create desc limit ?,? 
2020-05-11 18:56:44.804  [http-nio-8083-exec-4] DEBUG [com.hzu.community.mapper.QuestionMapper.selectQuestion:] [ffb542483bfc86a1,33b34df37aec2c02,afc64a1d75be5c59] - ==> Parameters: 0(Integer), 4(Integer)
2020-05-11 18:56:44.805  [http-nio-8083-exec-4] DEBUG [com.hzu.community.mapper.QuestionMapper.selectQuestion:] [ffb542483bfc86a1,33b34df37aec2c02,afc64a1d75be5c59] - <==      Total: 4
2020-05-11 18:56:44.879  [http-nio-8083-exec-3] DEBUG [com.hzu.community.mapper.QuestionMapper.selectQuestion:] [ffb542483bfc86a1,30a434565db6f221,cf0e43611bca4ca0] - ==>  Preparing: select * from question order by gmt_create desc limit ?,? 
2020-05-11 18:56:44.879  [http-nio-8083-exec-3] DEBUG [com.hzu.community.mapper.QuestionMapper.selectQuestion:] [ffb542483bfc86a1,30a434565db6f221,cf0e43611bca4ca0] - ==> Parameters: 4(Integer), 4(Integer)
2020-05-11 18:56:44.881  [http-nio-8083-exec-3] DEBUG [com.hzu.community.mapper.QuestionMapper.selectQuestion:] [ffb542483bfc86a1,30a434565db6f221,cf0e43611bca4ca0] - <==      Total: 4
2020-05-11 18:56:44.892  [http-nio-8083-exec-5] DEBUG [com.hzu.community.mapper.QuestionMapper.selectQuestion:] [ffb542483bfc86a1,47dcaa467d6f6084,84fd8827d0ccc270] - ==>  Preparing: select * from question order by gmt_create desc limit ?,? 
2020-05-11 18:56:44.892  [http-nio-8083-exec-5] DEBUG [com.hzu.community.mapper.QuestionMapper.selectQuestion:] [ffb542483bfc86a1,47dcaa467d6f6084,84fd8827d0ccc270] - ==> Parameters: 8(Integer), 4(Integer)
2020-05-11 18:56:44.893  [http-nio-8083-exec-5] DEBUG [com.hzu.community.mapper.QuestionMapper.selectQuestion:] [ffb542483bfc86a1,47dcaa467d6f6084,84fd8827d0ccc270] - <==      Total: 0
2020-05-11 18:58:07.640  [http-nio-8083-exec-7] DEBUG [com.hzu.community.mapper.UserMapper.select:] [40e6d5547e3a8044,7849783a766c35ce,40e6d5547e3a8044] - ==>  Preparing: select * from user WHERE name = ? 
2020-05-11 18:58:07.640  [http-nio-8083-exec-7] DEBUG [com.hzu.community.mapper.UserMapper.select:] [40e6d5547e3a8044,7849783a766c35ce,40e6d5547e3a8044] - ==> Parameters: 123(String)
2020-05-11 18:58:07.642  [http-nio-8083-exec-7] DEBUG [com.hzu.community.mapper.UserMapper.select:] [40e6d5547e3a8044,7849783a766c35ce,40e6d5547e3a8044] - <==      Total: 1
2020-05-11 18:58:07.659  [http-nio-8083-exec-9] DEBUG [com.hzu.community.mapper.NotificationMapper.countUnread:] [40e6d5547e3a8044,a1fb37325b6d4fa6,40e6d5547e3a8044] - ==>  Preparing: select count(*) from notification where receiver = ? and status = ? 
2020-05-11 18:58:07.659  [http-nio-8083-exec-9] DEBUG [com.hzu.community.mapper.NotificationMapper.countUnread:] [40e6d5547e3a8044,a1fb37325b6d4fa6,40e6d5547e3a8044] - ==> Parameters: 1(Integer), 0(Integer)
2020-05-11 18:58:07.660  [http-nio-8083-exec-9] DEBUG [com.hzu.community.mapper.NotificationMapper.countUnread:] [40e6d5547e3a8044,a1fb37325b6d4fa6,40e6d5547e3a8044] - <==      Total: 1
