2020-04-25 01:08:02.611  [http-nio-8083-exec-2] DEBUG [com.hzu.community.mapper.UserMapper.select:] [65d43f34af03070c,8ef7d4d21623b0ca,65d43f34af03070c] - ==>  Preparing: select * from user WHERE name = ? 
2020-04-25 01:08:02.611  [http-nio-8083-exec-2] DEBUG [com.hzu.community.mapper.UserMapper.select:] [65d43f34af03070c,8ef7d4d21623b0ca,65d43f34af03070c] - ==> Parameters: 123(String)
2020-04-25 01:08:02.613  [http-nio-8083-exec-2] DEBUG [com.hzu.community.mapper.UserMapper.select:] [65d43f34af03070c,8ef7d4d21623b0ca,65d43f34af03070c] - <==      Total: 1
2020-04-25 01:08:02.619  [http-nio-8083-exec-3] DEBUG [com.hzu.community.mapper.NotificationMapper.countUnread:] [65d43f34af03070c,88d1d017ae44e8d6,65d43f34af03070c] - ==>  Preparing: select count(*) from notification where receiver = ? and status = ? 
2020-04-25 01:08:02.619  [http-nio-8083-exec-3] DEBUG [com.hzu.community.mapper.NotificationMapper.countUnread:] [65d43f34af03070c,88d1d017ae44e8d6,65d43f34af03070c] - ==> Parameters: 1(Integer), 0(Integer)
2020-04-25 01:08:02.620  [http-nio-8083-exec-3] DEBUG [com.hzu.community.mapper.NotificationMapper.countUnread:] [65d43f34af03070c,88d1d017ae44e8d6,65d43f34af03070c] - <==      Total: 1
2020-04-25 01:08:02.639  [http-nio-8083-exec-4] DEBUG [com.hzu.community.mapper.QuestionMapper.count:] [65d43f34af03070c,18300e2dc541d6b8,8b65a28753b0296d] - ==>  Preparing: select count(id) from question WHERE tag regexp ? 
2020-04-25 01:08:02.921  [http-nio-8083-exec-4] DEBUG [com.hzu.community.mapper.QuestionMapper.count:] [65d43f34af03070c,18300e2dc541d6b8,8b65a28753b0296d] - ==> Parameters: java(String)
2020-04-25 01:08:02.926  [http-nio-8083-exec-4] DEBUG [com.hzu.community.mapper.QuestionMapper.count:] [65d43f34af03070c,18300e2dc541d6b8,8b65a28753b0296d] - <==      Total: 1
2020-04-25 01:08:02.945  [http-nio-8083-exec-5] DEBUG [com.hzu.community.mapper.QuestionMapper.selectQuestion:] [65d43f34af03070c,1e451eac70fe27f0,f05545ea60af419b] - ==>  Preparing: select * from question WHERE tag regexp ? order by gmt_create desc limit ?,? 
2020-04-25 01:08:02.946  [http-nio-8083-exec-5] DEBUG [com.hzu.community.mapper.QuestionMapper.selectQuestion:] [65d43f34af03070c,1e451eac70fe27f0,f05545ea60af419b] - ==> Parameters: java(String), 0(Integer), 5(Integer)
2020-04-25 01:08:02.950  [http-nio-8083-exec-5] DEBUG [com.hzu.community.mapper.QuestionMapper.selectQuestion:] [65d43f34af03070c,1e451eac70fe27f0,f05545ea60af419b] - <==      Total: 5
2020-04-25 01:08:02.966  [http-nio-8083-exec-6] DEBUG [com.hzu.community.mapper.UserMapper.selectById:] [65d43f34af03070c,51a73452307fb66e,65d43f34af03070c] - ==>  Preparing: select * from user where id = ? 
2020-04-25 01:08:02.966  [http-nio-8083-exec-6] DEBUG [com.hzu.community.mapper.UserMapper.selectById:] [65d43f34af03070c,51a73452307fb66e,65d43f34af03070c] - ==> Parameters: 1(Integer)
2020-04-25 01:08:02.967  [http-nio-8083-exec-6] DEBUG [com.hzu.community.mapper.UserMapper.selectById:] [65d43f34af03070c,51a73452307fb66e,65d43f34af03070c] - <==      Total: 1
2020-04-25 01:08:03.177  [http-nio-8083-exec-1] DEBUG [com.hzu.community.mapper.UserMapper.select:] [f657ea466d891938,83bc1a7e775a035c,f657ea466d891938] - ==>  Preparing: select * from user WHERE name = ? 
2020-04-25 01:08:03.178  [http-nio-8083-exec-1] DEBUG [com.hzu.community.mapper.UserMapper.select:] [f657ea466d891938,83bc1a7e775a035c,f657ea466d891938] - ==> Parameters: 123(String)
2020-04-25 01:08:03.179  [http-nio-8083-exec-1] DEBUG [com.hzu.community.mapper.UserMapper.select:] [f657ea466d891938,83bc1a7e775a035c,f657ea466d891938] - <==      Total: 1
2020-04-25 01:08:03.185  [http-nio-8083-exec-2] DEBUG [com.hzu.community.mapper.NotificationMapper.countUnread:] [f657ea466d891938,9e936e05d5495957,f657ea466d891938] - ==>  Preparing: select count(*) from notification where receiver = ? and status = ? 
2020-04-25 01:08:03.185  [http-nio-8083-exec-2] DEBUG [com.hzu.community.mapper.NotificationMapper.countUnread:] [f657ea466d891938,9e936e05d5495957,f657ea466d891938] - ==> Parameters: 1(Integer), 0(Integer)
2020-04-25 01:08:03.186  [http-nio-8083-exec-2] DEBUG [com.hzu.community.mapper.NotificationMapper.countUnread:] [f657ea466d891938,9e936e05d5495957,f657ea466d891938] - <==      Total: 1
2020-04-25 01:09:24.844  [http-nio-8083-exec-4] DEBUG [com.hzu.community.mapper.UserMapper.select:] [fbafbf9d4d10e4ea,b5dcefb5b22fc116,fbafbf9d4d10e4ea] - ==>  Preparing: select * from user WHERE name = ? 
2020-04-25 01:09:24.844  [http-nio-8083-exec-4] DEBUG [com.hzu.community.mapper.UserMapper.select:] [fbafbf9d4d10e4ea,b5dcefb5b22fc116,fbafbf9d4d10e4ea] - ==> Parameters: 123(String)
2020-04-25 01:09:24.846  [http-nio-8083-exec-4] DEBUG [com.hzu.community.mapper.UserMapper.select:] [fbafbf9d4d10e4ea,b5dcefb5b22fc116,fbafbf9d4d10e4ea] - <==      Total: 1
2020-04-25 01:09:24.852  [http-nio-8083-exec-5] DEBUG [com.hzu.community.mapper.NotificationMapper.countUnread:] [fbafbf9d4d10e4ea,1269dbd633c252b7,fbafbf9d4d10e4ea] - ==>  Preparing: select count(*) from notification where receiver = ? and status = ? 
2020-04-25 01:09:24.853  [http-nio-8083-exec-5] DEBUG [com.hzu.community.mapper.NotificationMapper.countUnread:] [fbafbf9d4d10e4ea,1269dbd633c252b7,fbafbf9d4d10e4ea] - ==> Parameters: 1(Integer), 0(Integer)
2020-04-25 01:09:24.854  [http-nio-8083-exec-5] DEBUG [com.hzu.community.mapper.NotificationMapper.countUnread:] [fbafbf9d4d10e4ea,1269dbd633c252b7,fbafbf9d4d10e4ea] - <==      Total: 1
2020-04-25 01:09:24.863  [http-nio-8083-exec-6] DEBUG [com.hzu.community.mapper.QuestionMapper.count:] [fbafbf9d4d10e4ea,292a22fc061f154f,015ffbb1724b132b] - ==>  Preparing: select count(id) from question WHERE tag regexp ? 
2020-04-25 01:09:24.863  [http-nio-8083-exec-6] DEBUG [com.hzu.community.mapper.QuestionMapper.count:] [fbafbf9d4d10e4ea,292a22fc061f154f,015ffbb1724b132b] - ==> Parameters: java(String)
2020-04-25 01:09:24.864  [http-nio-8083-exec-6] DEBUG [com.hzu.community.mapper.QuestionMapper.count:] [fbafbf9d4d10e4ea,292a22fc061f154f,015ffbb1724b132b] - <==      Total: 1
2020-04-25 01:09:24.874  [http-nio-8083-exec-7] DEBUG [com.hzu.community.mapper.QuestionMapper.selectQuestion:] [fbafbf9d4d10e4ea,098f75e342860dfc,a8a869670835c747] - ==>  Preparing: select * from question WHERE tag regexp ? order by gmt_create desc limit ?,? 
2020-04-25 01:09:24.875  [http-nio-8083-exec-7] DEBUG [com.hzu.community.mapper.QuestionMapper.selectQuestion:] [fbafbf9d4d10e4ea,098f75e342860dfc,a8a869670835c747] - ==> Parameters: java(String), 0(Integer), 5(Integer)
2020-04-25 01:09:24.877  [http-nio-8083-exec-7] DEBUG [com.hzu.community.mapper.QuestionMapper.selectQuestion:] [fbafbf9d4d10e4ea,098f75e342860dfc,a8a869670835c747] - <==      Total: 5
2020-04-25 01:09:25.341  [http-nio-8083-exec-3] DEBUG [com.hzu.community.mapper.UserMapper.select:] [8ff4442b4b221496,e978d2d4584e76cc,8ff4442b4b221496] - ==>  Preparing: select * from user WHERE name = ? 
2020-04-25 01:09:25.341  [http-nio-8083-exec-3] DEBUG [com.hzu.community.mapper.UserMapper.select:] [8ff4442b4b221496,e978d2d4584e76cc,8ff4442b4b221496] - ==> Parameters: 123(String)
2020-04-25 01:09:25.345  [http-nio-8083-exec-3] DEBUG [com.hzu.community.mapper.UserMapper.select:] [8ff4442b4b221496,e978d2d4584e76cc,8ff4442b4b221496] - <==      Total: 1
2020-04-25 01:09:25.356  [http-nio-8083-exec-4] DEBUG [com.hzu.community.mapper.NotificationMapper.countUnread:] [8ff4442b4b221496,db3e77035acdea57,8ff4442b4b221496] - ==>  Preparing: select count(*) from notification where receiver = ? and status = ? 
2020-04-25 01:09:25.356  [http-nio-8083-exec-4] DEBUG [com.hzu.community.mapper.NotificationMapper.countUnread:] [8ff4442b4b221496,db3e77035acdea57,8ff4442b4b221496] - ==> Parameters: 1(Integer), 0(Integer)
2020-04-25 01:09:25.358  [http-nio-8083-exec-4] DEBUG [com.hzu.community.mapper.NotificationMapper.countUnread:] [8ff4442b4b221496,db3e77035acdea57,8ff4442b4b221496] - <==      Total: 1
2020-04-25 01:09:33.652  [http-nio-8083-exec-5] DEBUG [com.hzu.community.mapper.UserMapper.select:] [07832d622874ef21,4e394862a4d058e8,07832d622874ef21] - ==>  Preparing: select * from user WHERE name = ? 
2020-04-25 01:09:33.652  [http-nio-8083-exec-5] DEBUG [com.hzu.community.mapper.UserMapper.select:] [07832d622874ef21,4e394862a4d058e8,07832d622874ef21] - ==> Parameters: 123(String)
2020-04-25 01:09:33.654  [http-nio-8083-exec-5] DEBUG [com.hzu.community.mapper.UserMapper.select:] [07832d622874ef21,4e394862a4d058e8,07832d622874ef21] - <==      Total: 1
2020-04-25 01:09:33.662  [http-nio-8083-exec-6] DEBUG [com.hzu.community.mapper.NotificationMapper.countUnread:] [07832d622874ef21,7e3ae228c1df9492,07832d622874ef21] - ==>  Preparing: select count(*) from notification where receiver = ? and status = ? 
2020-04-25 01:09:33.662  [http-nio-8083-exec-6] DEBUG [com.hzu.community.mapper.NotificationMapper.countUnread:] [07832d622874ef21,7e3ae228c1df9492,07832d622874ef21] - ==> Parameters: 1(Integer), 0(Integer)
2020-04-25 01:09:33.663  [http-nio-8083-exec-6] DEBUG [com.hzu.community.mapper.NotificationMapper.countUnread:] [07832d622874ef21,7e3ae228c1df9492,07832d622874ef21] - <==      Total: 1
2020-04-25 01:09:33.984  [http-nio-8083-exec-7] DEBUG [com.hzu.community.mapper.UserMapper.select:] [96d0ff244dfac587,01004ea1019808d0,96d0ff244dfac587] - ==>  Preparing: select * from user WHERE name = ? 
2020-04-25 01:09:33.985  [http-nio-8083-exec-7] DEBUG [com.hzu.community.mapper.UserMapper.select:] [96d0ff244dfac587,01004ea1019808d0,96d0ff244dfac587] - ==> Parameters: 123(String)
2020-04-25 01:09:33.987  [http-nio-8083-exec-7] DEBUG [com.hzu.community.mapper.UserMapper.select:] [96d0ff244dfac587,01004ea1019808d0,96d0ff244dfac587] - <==      Total: 1
2020-04-25 01:09:33.994  [http-nio-8083-exec-8] DEBUG [com.hzu.community.mapper.NotificationMapper.countUnread:] [96d0ff244dfac587,c2a0a0a4ac27ab55,96d0ff244dfac587] - ==>  Preparing: select count(*) from notification where receiver = ? and status = ? 
2020-04-25 01:09:33.994  [http-nio-8083-exec-8] DEBUG [com.hzu.community.mapper.NotificationMapper.countUnread:] [96d0ff244dfac587,c2a0a0a4ac27ab55,96d0ff244dfac587] - ==> Parameters: 1(Integer), 0(Integer)
2020-04-25 01:09:33.995  [http-nio-8083-exec-8] DEBUG [com.hzu.community.mapper.NotificationMapper.countUnread:] [96d0ff244dfac587,c2a0a0a4ac27ab55,96d0ff244dfac587] - <==      Total: 1
2020-04-25 01:09:34.120  [http-nio-8083-exec-9] DEBUG [com.hzu.community.mapper.UserMapper.select:] [4ec17b9dd6bb2dac,2dd1caa1609be0a6,4ec17b9dd6bb2dac] - ==>  Preparing: select * from user WHERE name = ? 
2020-04-25 01:09:34.121  [http-nio-8083-exec-9] DEBUG [com.hzu.community.mapper.UserMapper.select:] [4ec17b9dd6bb2dac,2dd1caa1609be0a6,4ec17b9dd6bb2dac] - ==> Parameters: 123(String)
2020-04-25 01:09:34.123  [http-nio-8083-exec-9] DEBUG [com.hzu.community.mapper.UserMapper.select:] [4ec17b9dd6bb2dac,2dd1caa1609be0a6,4ec17b9dd6bb2dac] - <==      Total: 1
2020-04-25 01:09:34.133  [http-nio-8083-exec-10] DEBUG [com.hzu.community.mapper.NotificationMapper.countUnread:] [4ec17b9dd6bb2dac,275758f26a5f3f13,4ec17b9dd6bb2dac] - ==>  Preparing: select count(*) from notification where receiver = ? and status = ? 
2020-04-25 01:09:34.133  [http-nio-8083-exec-10] DEBUG [com.hzu.community.mapper.NotificationMapper.countUnread:] [4ec17b9dd6bb2dac,275758f26a5f3f13,4ec17b9dd6bb2dac] - ==> Parameters: 1(Integer), 0(Integer)
2020-04-25 01:09:34.134  [http-nio-8083-exec-10] DEBUG [com.hzu.community.mapper.NotificationMapper.countUnread:] [4ec17b9dd6bb2dac,275758f26a5f3f13,4ec17b9dd6bb2dac] - <==      Total: 1
2020-04-25 01:09:34.168  [http-nio-8083-exec-1] DEBUG [com.hzu.community.mapper.UserMapper.select:] [31ec9fd5dfdeabc1,0507753a8a174d06,31ec9fd5dfdeabc1] - ==>  Preparing: select * from user WHERE name = ? 
2020-04-25 01:09:34.169  [http-nio-8083-exec-1] DEBUG [com.hzu.community.mapper.UserMapper.select:] [31ec9fd5dfdeabc1,0507753a8a174d06,31ec9fd5dfdeabc1] - ==> Parameters: 123(String)
2020-04-25 01:09:34.170  [http-nio-8083-exec-1] DEBUG [com.hzu.community.mapper.UserMapper.select:] [31ec9fd5dfdeabc1,0507753a8a174d06,31ec9fd5dfdeabc1] - <==      Total: 1
2020-04-25 01:09:34.174  [http-nio-8083-exec-2] DEBUG [com.hzu.community.mapper.UserMapper.select:] [746aecf60615f493,7d010a6ef12bf6d2,746aecf60615f493] - ==>  Preparing: select * from user WHERE name = ? 
2020-04-25 01:09:34.175  [http-nio-8083-exec-2] DEBUG [com.hzu.community.mapper.UserMapper.select:] [746aecf60615f493,7d010a6ef12bf6d2,746aecf60615f493] - ==> Parameters: 123(String)
2020-04-25 01:09:34.176  [http-nio-8083-exec-2] DEBUG [com.hzu.community.mapper.UserMapper.select:] [746aecf60615f493,7d010a6ef12bf6d2,746aecf60615f493] - <==      Total: 1
2020-04-25 01:09:34.176  [http-nio-8083-exec-3] DEBUG [com.hzu.community.mapper.NotificationMapper.countUnread:] [31ec9fd5dfdeabc1,0feba374543de1b9,31ec9fd5dfdeabc1] - ==>  Preparing: select count(*) from notification where receiver = ? and status = ? 
2020-04-25 01:09:34.177  [http-nio-8083-exec-3] DEBUG [com.hzu.community.mapper.NotificationMapper.countUnread:] [31ec9fd5dfdeabc1,0feba374543de1b9,31ec9fd5dfdeabc1] - ==> Parameters: 1(Integer), 0(Integer)
2020-04-25 01:09:34.178  [http-nio-8083-exec-3] DEBUG [com.hzu.community.mapper.NotificationMapper.countUnread:] [31ec9fd5dfdeabc1,0feba374543de1b9,31ec9fd5dfdeabc1] - <==      Total: 1
2020-04-25 01:09:34.184  [http-nio-8083-exec-4] DEBUG [com.hzu.community.mapper.NotificationMapper.countUnread:] [746aecf60615f493,e0d2a398046069ef,746aecf60615f493] - ==>  Preparing: select count(*) from notification where receiver = ? and status = ? 
2020-04-25 01:09:34.185  [http-nio-8083-exec-4] DEBUG [com.hzu.community.mapper.NotificationMapper.countUnread:] [746aecf60615f493,e0d2a398046069ef,746aecf60615f493] - ==> Parameters: 1(Integer), 0(Integer)
2020-04-25 01:09:34.186  [http-nio-8083-exec-4] DEBUG [com.hzu.community.mapper.NotificationMapper.countUnread:] [746aecf60615f493,e0d2a398046069ef,746aecf60615f493] - <==      Total: 1
2020-04-25 01:09:34.304  [http-nio-8083-exec-5] DEBUG [com.hzu.community.mapper.UserMapper.select:] [d64074c52662e048,75bf88c8c49c15aa,d64074c52662e048] - ==>  Preparing: select * from user WHERE name = ? 
2020-04-25 01:09:34.305  [http-nio-8083-exec-5] DEBUG [com.hzu.community.mapper.UserMapper.select:] [d64074c52662e048,75bf88c8c49c15aa,d64074c52662e048] - ==> Parameters: 123(String)
2020-04-25 01:09:34.306  [http-nio-8083-exec-5] DEBUG [com.hzu.community.mapper.UserMapper.select:] [d64074c52662e048,75bf88c8c49c15aa,d64074c52662e048] - <==      Total: 1
2020-04-25 01:09:34.317  [http-nio-8083-exec-6] DEBUG [com.hzu.community.mapper.NotificationMapper.countUnread:] [d64074c52662e048,26605e5678b979b1,d64074c52662e048] - ==>  Preparing: select count(*) from notification where receiver = ? and status = ? 
2020-04-25 01:09:34.317  [http-nio-8083-exec-6] DEBUG [com.hzu.community.mapper.NotificationMapper.countUnread:] [d64074c52662e048,26605e5678b979b1,d64074c52662e048] - ==> Parameters: 1(Integer), 0(Integer)
2020-04-25 01:09:34.318  [http-nio-8083-exec-6] DEBUG [com.hzu.community.mapper.NotificationMapper.countUnread:] [d64074c52662e048,26605e5678b979b1,d64074c52662e048] - <==      Total: 1
2020-04-25 01:09:34.665  [http-nio-8083-exec-7] DEBUG [com.hzu.community.mapper.UserMapper.select:] [a184fba0589e2677,5d6d80ed70130126,a184fba0589e2677] - ==>  Preparing: select * from user WHERE name = ? 
2020-04-25 01:09:34.665  [http-nio-8083-exec-7] DEBUG [com.hzu.community.mapper.UserMapper.select:] [a184fba0589e2677,5d6d80ed70130126,a184fba0589e2677] - ==> Parameters: 123(String)
2020-04-25 01:09:34.666  [http-nio-8083-exec-7] DEBUG [com.hzu.community.mapper.UserMapper.select:] [a184fba0589e2677,5d6d80ed70130126,a184fba0589e2677] - <==      Total: 1
2020-04-25 01:09:34.671  [http-nio-8083-exec-8] DEBUG [com.hzu.community.mapper.NotificationMapper.countUnread:] [a184fba0589e2677,477efa565f2a9afe,a184fba0589e2677] - ==>  Preparing: select count(*) from notification where receiver = ? and status = ? 
2020-04-25 01:09:34.671  [http-nio-8083-exec-8] DEBUG [com.hzu.community.mapper.NotificationMapper.countUnread:] [a184fba0589e2677,477efa565f2a9afe,a184fba0589e2677] - ==> Parameters: 1(Integer), 0(Integer)
2020-04-25 01:09:34.672  [http-nio-8083-exec-8] DEBUG [com.hzu.community.mapper.NotificationMapper.countUnread:] [a184fba0589e2677,477efa565f2a9afe,a184fba0589e2677] - <==      Total: 1
2020-04-25 01:09:34.794  [http-nio-8083-exec-9] DEBUG [com.hzu.community.mapper.UserMapper.select:] [e3354417319ab080,de94bfab886fd2c9,e3354417319ab080] - ==>  Preparing: select * from user WHERE name = ? 
2020-04-25 01:09:34.795  [http-nio-8083-exec-9] DEBUG [com.hzu.community.mapper.UserMapper.select:] [e3354417319ab080,de94bfab886fd2c9,e3354417319ab080] - ==> Parameters: 123(String)
2020-04-25 01:09:34.796  [http-nio-8083-exec-9] DEBUG [com.hzu.community.mapper.UserMapper.select:] [e3354417319ab080,de94bfab886fd2c9,e3354417319ab080] - <==      Total: 1
2020-04-25 01:09:34.800  [http-nio-8083-exec-10] DEBUG [com.hzu.community.mapper.NotificationMapper.countUnread:] [e3354417319ab080,65b5bd48470374a7,e3354417319ab080] - ==>  Preparing: select count(*) from notification where receiver = ? and status = ? 
2020-04-25 01:09:34.800  [http-nio-8083-exec-10] DEBUG [com.hzu.community.mapper.NotificationMapper.countUnread:] [e3354417319ab080,65b5bd48470374a7,e3354417319ab080] - ==> Parameters: 1(Integer), 0(Integer)
2020-04-25 01:09:34.801  [http-nio-8083-exec-10] DEBUG [com.hzu.community.mapper.NotificationMapper.countUnread:] [e3354417319ab080,65b5bd48470374a7,e3354417319ab080] - <==      Total: 1
2020-04-25 01:09:34.955  [http-nio-8083-exec-1] DEBUG [com.hzu.community.mapper.UserMapper.select:] [70b816d67a1558ed,f7c339d6bd5281df,70b816d67a1558ed] - ==>  Preparing: select * from user WHERE name = ? 
2020-04-25 01:09:34.956  [http-nio-8083-exec-1] DEBUG [com.hzu.community.mapper.UserMapper.select:] [70b816d67a1558ed,f7c339d6bd5281df,70b816d67a1558ed] - ==> Parameters: 123(String)
2020-04-25 01:09:34.961  [http-nio-8083-exec-1] DEBUG [com.hzu.community.mapper.UserMapper.select:] [70b816d67a1558ed,f7c339d6bd5281df,70b816d67a1558ed] - <==      Total: 1
2020-04-25 01:09:34.971  [http-nio-8083-exec-2] DEBUG [com.hzu.community.mapper.NotificationMapper.countUnread:] [70b816d67a1558ed,625a80f4b85182ed,70b816d67a1558ed] - ==>  Preparing: select count(*) from notification where receiver = ? and status = ? 
2020-04-25 01:09:34.971  [http-nio-8083-exec-2] DEBUG [com.hzu.community.mapper.NotificationMapper.countUnread:] [70b816d67a1558ed,625a80f4b85182ed,70b816d67a1558ed] - ==> Parameters: 1(Integer), 0(Integer)
2020-04-25 01:09:34.976  [http-nio-8083-exec-2] DEBUG [com.hzu.community.mapper.NotificationMapper.countUnread:] [70b816d67a1558ed,625a80f4b85182ed,70b816d67a1558ed] - <==      Total: 1
2020-04-25 01:09:35.057  [http-nio-8083-exec-3] DEBUG [com.hzu.community.mapper.UserMapper.select:] [26eab05a153e87e4,44af6c6e93f9ae25,26eab05a153e87e4] - ==>  Preparing: select * from user WHERE name = ? 
2020-04-25 01:09:35.059  [http-nio-8083-exec-3] DEBUG [com.hzu.community.mapper.UserMapper.select:] [26eab05a153e87e4,44af6c6e93f9ae25,26eab05a153e87e4] - ==> Parameters: 123(String)
2020-04-25 01:09:35.062  [http-nio-8083-exec-3] DEBUG [com.hzu.community.mapper.UserMapper.select:] [26eab05a153e87e4,44af6c6e93f9ae25,26eab05a153e87e4] - <==      Total: 1
2020-04-25 01:09:35.067  [http-nio-8083-exec-4] DEBUG [com.hzu.community.mapper.NotificationMapper.countUnread:] [26eab05a153e87e4,b0c1f1dad7c603ba,26eab05a153e87e4] - ==>  Preparing: select count(*) from notification where receiver = ? and status = ? 
2020-04-25 01:09:35.067  [http-nio-8083-exec-4] DEBUG [com.hzu.community.mapper.NotificationMapper.countUnread:] [26eab05a153e87e4,b0c1f1dad7c603ba,26eab05a153e87e4] - ==> Parameters: 1(Integer), 0(Integer)
2020-04-25 01:09:35.068  [http-nio-8083-exec-4] DEBUG [com.hzu.community.mapper.NotificationMapper.countUnread:] [26eab05a153e87e4,b0c1f1dad7c603ba,26eab05a153e87e4] - <==      Total: 1
2020-04-25 01:09:49.513  [http-nio-8083-exec-5] DEBUG [com.hzu.community.mapper.UserMapper.select:] [8f61a89d25e3561c,402427728e6a6cae,8f61a89d25e3561c] - ==>  Preparing: select * from user WHERE name = ? 
2020-04-25 01:09:49.513  [http-nio-8083-exec-5] DEBUG [com.hzu.community.mapper.UserMapper.select:] [8f61a89d25e3561c,402427728e6a6cae,8f61a89d25e3561c] - ==> Parameters: 123(String)
2020-04-25 01:09:49.514  [http-nio-8083-exec-5] DEBUG [com.hzu.community.mapper.UserMapper.select:] [8f61a89d25e3561c,402427728e6a6cae,8f61a89d25e3561c] - <==      Total: 1
2020-04-25 01:09:49.519  [http-nio-8083-exec-6] DEBUG [com.hzu.community.mapper.NotificationMapper.countUnread:] [8f61a89d25e3561c,717f18ae69e5e71e,8f61a89d25e3561c] - ==>  Preparing: select count(*) from notification where receiver = ? and status = ? 
2020-04-25 01:09:49.520  [http-nio-8083-exec-6] DEBUG [com.hzu.community.mapper.NotificationMapper.countUnread:] [8f61a89d25e3561c,717f18ae69e5e71e,8f61a89d25e3561c] - ==> Parameters: 1(Integer), 0(Integer)
2020-04-25 01:09:49.520  [http-nio-8083-exec-6] DEBUG [com.hzu.community.mapper.NotificationMapper.countUnread:] [8f61a89d25e3561c,717f18ae69e5e71e,8f61a89d25e3561c] - <==      Total: 1
2020-04-25 01:09:49.534  [http-nio-8083-exec-7] DEBUG [com.hzu.community.mapper.UserMapper.select:] [8f61a89d25e3561c,8e944bb547935f86,8f61a89d25e3561c] - ==>  Preparing: select * from user WHERE name = ? 
2020-04-25 01:09:49.534  [http-nio-8083-exec-7] DEBUG [com.hzu.community.mapper.UserMapper.select:] [8f61a89d25e3561c,8e944bb547935f86,8f61a89d25e3561c] - ==> Parameters: 123(String)
2020-04-25 01:09:49.535  [http-nio-8083-exec-7] DEBUG [com.hzu.community.mapper.UserMapper.select:] [8f61a89d25e3561c,8e944bb547935f86,8f61a89d25e3561c] - <==      Total: 1
2020-04-25 01:09:49.578  [http-nio-8083-exec-8] DEBUG [com.hzu.community.mapper.QuestionMapper.insert:] [8f61a89d25e3561c,b608ddae44db63d1,32fd054452a8f28c] - ==>  Preparing: insert into question( title, description, gmt_create, gmt_modified, creator, tag, comment_count, view_count) value( ?, ?, ?, ?, ?, ?, ?, ? ) 
2020-04-25 01:09:49.629  [http-nio-8083-exec-8] DEBUG [com.hzu.community.mapper.QuestionMapper.insert:] [8f61a89d25e3561c,b608ddae44db63d1,32fd054452a8f28c] - ==> Parameters: 如何快速学习java(String), 123(String), 1587748189578(Long), 1587748189578(Long), 1(Integer), java,php(String), 0(Integer), 0(Integer)
2020-04-25 01:09:49.656  [http-nio-8083-exec-8] DEBUG [com.hzu.community.mapper.QuestionMapper.insert:] [8f61a89d25e3561c,b608ddae44db63d1,32fd054452a8f28c] - <==    Updates: 1
2020-04-25 01:09:49.717  [http-nio-8083-exec-9] DEBUG [com.hzu.community.mapper.UserMapper.select:] [daf8834e226aad57,1f3d96ec92507701,daf8834e226aad57] - ==>  Preparing: select * from user WHERE name = ? 
2020-04-25 01:09:49.717  [http-nio-8083-exec-9] DEBUG [com.hzu.community.mapper.UserMapper.select:] [daf8834e226aad57,1f3d96ec92507701,daf8834e226aad57] - ==> Parameters: 123(String)
2020-04-25 01:09:49.718  [http-nio-8083-exec-9] DEBUG [com.hzu.community.mapper.UserMapper.select:] [daf8834e226aad57,1f3d96ec92507701,daf8834e226aad57] - <==      Total: 1
2020-04-25 01:09:49.723  [http-nio-8083-exec-10] DEBUG [com.hzu.community.mapper.NotificationMapper.countUnread:] [daf8834e226aad57,2f378318232481e2,daf8834e226aad57] - ==>  Preparing: select count(*) from notification where receiver = ? and status = ? 
2020-04-25 01:09:49.723  [http-nio-8083-exec-10] DEBUG [com.hzu.community.mapper.NotificationMapper.countUnread:] [daf8834e226aad57,2f378318232481e2,daf8834e226aad57] - ==> Parameters: 1(Integer), 0(Integer)
2020-04-25 01:09:49.724  [http-nio-8083-exec-10] DEBUG [com.hzu.community.mapper.NotificationMapper.countUnread:] [daf8834e226aad57,2f378318232481e2,daf8834e226aad57] - <==      Total: 1
2020-04-25 01:09:49.732  [http-nio-8083-exec-1] DEBUG [com.hzu.community.mapper.QuestionMapper.count:] [daf8834e226aad57,f621e80f1ec17f1a,f83907ec6de2e61d] - ==>  Preparing: select count(id) from question 
2020-04-25 01:09:49.733  [http-nio-8083-exec-1] DEBUG [com.hzu.community.mapper.QuestionMapper.count:] [daf8834e226aad57,f621e80f1ec17f1a,f83907ec6de2e61d] - ==> Parameters: 
2020-04-25 01:09:49.734  [http-nio-8083-exec-1] DEBUG [com.hzu.community.mapper.QuestionMapper.count:] [daf8834e226aad57,f621e80f1ec17f1a,f83907ec6de2e61d] - <==      Total: 1
2020-04-25 01:09:49.744  [http-nio-8083-exec-2] DEBUG [com.hzu.community.mapper.QuestionMapper.selectQuestion:] [daf8834e226aad57,c69b8bdab8e61d91,fcdd79ff29db6ef5] - ==>  Preparing: select * from question order by gmt_create desc limit ?,? 
2020-04-25 01:09:49.744  [http-nio-8083-exec-2] DEBUG [com.hzu.community.mapper.QuestionMapper.selectQuestion:] [daf8834e226aad57,c69b8bdab8e61d91,fcdd79ff29db6ef5] - ==> Parameters: 0(Integer), 5(Integer)
2020-04-25 01:09:49.745  [http-nio-8083-exec-2] DEBUG [com.hzu.community.mapper.QuestionMapper.selectQuestion:] [daf8834e226aad57,c69b8bdab8e61d91,fcdd79ff29db6ef5] - <==      Total: 5
2020-04-25 01:09:49.832  [http-nio-8083-exec-8] DEBUG [com.hzu.community.mapper.UserMapper.select:] [f726d5eb8ddfb2a9,5824c3876acdfab9,f726d5eb8ddfb2a9] - ==>  Preparing: select * from user WHERE name = ? 
2020-04-25 01:09:49.833  [http-nio-8083-exec-8] DEBUG [com.hzu.community.mapper.UserMapper.select:] [f726d5eb8ddfb2a9,5824c3876acdfab9,f726d5eb8ddfb2a9] - ==> Parameters: 123(String)
2020-04-25 01:09:49.834  [http-nio-8083-exec-8] DEBUG [com.hzu.community.mapper.UserMapper.select:] [f726d5eb8ddfb2a9,5824c3876acdfab9,f726d5eb8ddfb2a9] - <==      Total: 1
2020-04-25 01:09:49.841  [http-nio-8083-exec-9] DEBUG [com.hzu.community.mapper.NotificationMapper.countUnread:] [f726d5eb8ddfb2a9,5a8070cb453516bb,f726d5eb8ddfb2a9] - ==>  Preparing: select count(*) from notification where receiver = ? and status = ? 
2020-04-25 01:09:49.842  [http-nio-8083-exec-9] DEBUG [com.hzu.community.mapper.NotificationMapper.countUnread:] [f726d5eb8ddfb2a9,5a8070cb453516bb,f726d5eb8ddfb2a9] - ==> Parameters: 1(Integer), 0(Integer)
2020-04-25 01:09:49.843  [http-nio-8083-exec-9] DEBUG [com.hzu.community.mapper.NotificationMapper.countUnread:] [f726d5eb8ddfb2a9,5a8070cb453516bb,f726d5eb8ddfb2a9] - <==      Total: 1
2020-04-25 01:09:54.734  [http-nio-8083-exec-10] DEBUG [com.hzu.community.mapper.UserMapper.select:] [0643e80ad859ee27,7496e8cf235844e5,0643e80ad859ee27] - ==>  Preparing: select * from user WHERE name = ? 
2020-04-25 01:09:54.734  [http-nio-8083-exec-10] DEBUG [com.hzu.community.mapper.UserMapper.select:] [0643e80ad859ee27,7496e8cf235844e5,0643e80ad859ee27] - ==> Parameters: 123(String)
2020-04-25 01:09:54.734  [http-nio-8083-exec-10] DEBUG [com.hzu.community.mapper.UserMapper.select:] [0643e80ad859ee27,7496e8cf235844e5,0643e80ad859ee27] - <==      Total: 1
2020-04-25 01:09:54.740  [http-nio-8083-exec-1] DEBUG [com.hzu.community.mapper.NotificationMapper.countUnread:] [0643e80ad859ee27,21c1035aafff0513,0643e80ad859ee27] - ==>  Preparing: select count(*) from notification where receiver = ? and status = ? 
2020-04-25 01:09:54.741  [http-nio-8083-exec-1] DEBUG [com.hzu.community.mapper.NotificationMapper.countUnread:] [0643e80ad859ee27,21c1035aafff0513,0643e80ad859ee27] - ==> Parameters: 1(Integer), 0(Integer)
2020-04-25 01:09:54.742  [http-nio-8083-exec-1] DEBUG [com.hzu.community.mapper.NotificationMapper.countUnread:] [0643e80ad859ee27,21c1035aafff0513,0643e80ad859ee27] - <==      Total: 1
2020-04-25 01:09:54.861  [http-nio-8083-exec-2] DEBUG [com.hzu.community.mapper.UserMapper.select:] [f6fe42303f31a2d3,9753a2de2686e9b5,f6fe42303f31a2d3] - ==>  Preparing: select * from user WHERE name = ? 
2020-04-25 01:09:54.861  [http-nio-8083-exec-2] DEBUG [com.hzu.community.mapper.UserMapper.select:] [f6fe42303f31a2d3,9753a2de2686e9b5,f6fe42303f31a2d3] - ==> Parameters: 123(String)
2020-04-25 01:09:54.862  [http-nio-8083-exec-2] DEBUG [com.hzu.community.mapper.UserMapper.select:] [f6fe42303f31a2d3,9753a2de2686e9b5,f6fe42303f31a2d3] - <==      Total: 1
2020-04-25 01:09:54.867  [http-nio-8083-exec-3] DEBUG [com.hzu.community.mapper.NotificationMapper.countUnread:] [f6fe42303f31a2d3,596d78e7d437e921,f6fe42303f31a2d3] - ==>  Preparing: select count(*) from notification where receiver = ? and status = ? 
2020-04-25 01:09:54.868  [http-nio-8083-exec-3] DEBUG [com.hzu.community.mapper.NotificationMapper.countUnread:] [f6fe42303f31a2d3,596d78e7d437e921,f6fe42303f31a2d3] - ==> Parameters: 1(Integer), 0(Integer)
2020-04-25 01:09:54.869  [http-nio-8083-exec-3] DEBUG [com.hzu.community.mapper.NotificationMapper.countUnread:] [f6fe42303f31a2d3,596d78e7d437e921,f6fe42303f31a2d3] - <==      Total: 1
2020-04-25 01:10:21.922  [http-nio-8083-exec-4] DEBUG [com.hzu.community.mapper.UserMapper.select:] [48ec081ce70b94f9,6c1f2b88b5a07c68,48ec081ce70b94f9] - ==>  Preparing: select * from user WHERE name = ? 
2020-04-25 01:10:21.923  [http-nio-8083-exec-4] DEBUG [com.hzu.community.mapper.UserMapper.select:] [48ec081ce70b94f9,6c1f2b88b5a07c68,48ec081ce70b94f9] - ==> Parameters: 123(String)
2020-04-25 01:10:21.924  [http-nio-8083-exec-4] DEBUG [com.hzu.community.mapper.UserMapper.select:] [48ec081ce70b94f9,6c1f2b88b5a07c68,48ec081ce70b94f9] - <==      Total: 1
2020-04-25 01:10:21.929  [http-nio-8083-exec-5] DEBUG [com.hzu.community.mapper.NotificationMapper.countUnread:] [48ec081ce70b94f9,bb45162de04d55c0,48ec081ce70b94f9] - ==>  Preparing: select count(*) from notification where receiver = ? and status = ? 
2020-04-25 01:10:21.930  [http-nio-8083-exec-5] DEBUG [com.hzu.community.mapper.NotificationMapper.countUnread:] [48ec081ce70b94f9,bb45162de04d55c0,48ec081ce70b94f9] - ==> Parameters: 1(Integer), 0(Integer)
2020-04-25 01:10:21.930  [http-nio-8083-exec-5] DEBUG [com.hzu.community.mapper.NotificationMapper.countUnread:] [48ec081ce70b94f9,bb45162de04d55c0,48ec081ce70b94f9] - <==      Total: 1
2020-04-25 01:10:21.942  [http-nio-8083-exec-6] DEBUG [com.hzu.community.mapper.UserMapper.select:] [48ec081ce70b94f9,1d6139213f98c429,48ec081ce70b94f9] - ==>  Preparing: select * from user WHERE name = ? 
2020-04-25 01:10:21.942  [http-nio-8083-exec-6] DEBUG [com.hzu.community.mapper.UserMapper.select:] [48ec081ce70b94f9,1d6139213f98c429,48ec081ce70b94f9] - ==> Parameters: 123(String)
2020-04-25 01:10:21.943  [http-nio-8083-exec-6] DEBUG [com.hzu.community.mapper.UserMapper.select:] [48ec081ce70b94f9,1d6139213f98c429,48ec081ce70b94f9] - <==      Total: 1
2020-04-25 01:10:21.949  [http-nio-8083-exec-7] DEBUG [com.hzu.community.mapper.QuestionMapper.insert:] [48ec081ce70b94f9,7f22d3d1f13a705c,47c791de6f4a0961] - ==>  Preparing: insert into question( title, description, gmt_create, gmt_modified, creator, tag, comment_count, view_count) value( ?, ?, ?, ?, ?, ?, ?, ? ) 
2020-04-25 01:10:21.950  [http-nio-8083-exec-7] DEBUG [com.hzu.community.mapper.QuestionMapper.insert:] [48ec081ce70b94f9,7f22d3d1f13a705c,47c791de6f4a0961] - ==> Parameters: 微服务架构如何考虑？(String), 123(String), 1587748221949(Long), 1587748221949(Long), 1(Integer), java(String), 0(Integer), 0(Integer)
2020-04-25 01:10:21.954  [http-nio-8083-exec-7] DEBUG [com.hzu.community.mapper.QuestionMapper.insert:] [48ec081ce70b94f9,7f22d3d1f13a705c,47c791de6f4a0961] - <==    Updates: 1
2020-04-25 01:10:21.974  [http-nio-8083-exec-8] DEBUG [com.hzu.community.mapper.UserMapper.select:] [e55ac6b6d589d0cd,c788c94fdeaa068c,e55ac6b6d589d0cd] - ==>  Preparing: select * from user WHERE name = ? 
2020-04-25 01:10:21.975  [http-nio-8083-exec-8] DEBUG [com.hzu.community.mapper.UserMapper.select:] [e55ac6b6d589d0cd,c788c94fdeaa068c,e55ac6b6d589d0cd] - ==> Parameters: 123(String)
2020-04-25 01:10:21.976  [http-nio-8083-exec-8] DEBUG [com.hzu.community.mapper.UserMapper.select:] [e55ac6b6d589d0cd,c788c94fdeaa068c,e55ac6b6d589d0cd] - <==      Total: 1
2020-04-25 01:10:21.980  [http-nio-8083-exec-9] DEBUG [com.hzu.community.mapper.NotificationMapper.countUnread:] [e55ac6b6d589d0cd,2de372fbbc34265c,e55ac6b6d589d0cd] - ==>  Preparing: select count(*) from notification where receiver = ? and status = ? 
2020-04-25 01:10:21.981  [http-nio-8083-exec-9] DEBUG [com.hzu.community.mapper.NotificationMapper.countUnread:] [e55ac6b6d589d0cd,2de372fbbc34265c,e55ac6b6d589d0cd] - ==> Parameters: 1(Integer), 0(Integer)
2020-04-25 01:10:21.982  [http-nio-8083-exec-9] DEBUG [com.hzu.community.mapper.NotificationMapper.countUnread:] [e55ac6b6d589d0cd,2de372fbbc34265c,e55ac6b6d589d0cd] - <==      Total: 1
2020-04-25 01:10:21.990  [http-nio-8083-exec-10] DEBUG [com.hzu.community.mapper.QuestionMapper.count:] [e55ac6b6d589d0cd,67767d620315d722,f51dc14e859a24be] - ==>  Preparing: select count(id) from question 
2020-04-25 01:10:21.990  [http-nio-8083-exec-10] DEBUG [com.hzu.community.mapper.QuestionMapper.count:] [e55ac6b6d589d0cd,67767d620315d722,f51dc14e859a24be] - ==> Parameters: 
2020-04-25 01:10:21.991  [http-nio-8083-exec-10] DEBUG [com.hzu.community.mapper.QuestionMapper.count:] [e55ac6b6d589d0cd,67767d620315d722,f51dc14e859a24be] - <==      Total: 1
2020-04-25 01:10:21.998  [http-nio-8083-exec-1] DEBUG [com.hzu.community.mapper.QuestionMapper.selectQuestion:] [e55ac6b6d589d0cd,6b10c3467f3a8398,f1d3e030f7d148e1] - ==>  Preparing: select * from question order by gmt_create desc limit ?,? 
2020-04-25 01:10:21.998  [http-nio-8083-exec-1] DEBUG [com.hzu.community.mapper.QuestionMapper.selectQuestion:] [e55ac6b6d589d0cd,6b10c3467f3a8398,f1d3e030f7d148e1] - ==> Parameters: 0(Integer), 5(Integer)
2020-04-25 01:10:22.000  [http-nio-8083-exec-1] DEBUG [com.hzu.community.mapper.QuestionMapper.selectQuestion:] [e55ac6b6d589d0cd,6b10c3467f3a8398,f1d3e030f7d148e1] - <==      Total: 5
2020-04-25 01:10:22.092  [http-nio-8083-exec-7] DEBUG [com.hzu.community.mapper.UserMapper.select:] [86fee247a528ecaf,9d645eb2a2780dcb,86fee247a528ecaf] - ==>  Preparing: select * from user WHERE name = ? 
2020-04-25 01:10:22.092  [http-nio-8083-exec-7] DEBUG [com.hzu.community.mapper.UserMapper.select:] [86fee247a528ecaf,9d645eb2a2780dcb,86fee247a528ecaf] - ==> Parameters: 123(String)
2020-04-25 01:10:22.093  [http-nio-8083-exec-7] DEBUG [com.hzu.community.mapper.UserMapper.select:] [86fee247a528ecaf,9d645eb2a2780dcb,86fee247a528ecaf] - <==      Total: 1
2020-04-25 01:10:22.099  [http-nio-8083-exec-8] DEBUG [com.hzu.community.mapper.NotificationMapper.countUnread:] [86fee247a528ecaf,6a7c88c5d62c3d09,86fee247a528ecaf] - ==>  Preparing: select count(*) from notification where receiver = ? and status = ? 
2020-04-25 01:10:22.100  [http-nio-8083-exec-8] DEBUG [com.hzu.community.mapper.NotificationMapper.countUnread:] [86fee247a528ecaf,6a7c88c5d62c3d09,86fee247a528ecaf] - ==> Parameters: 1(Integer), 0(Integer)
2020-04-25 01:10:22.101  [http-nio-8083-exec-8] DEBUG [com.hzu.community.mapper.NotificationMapper.countUnread:] [86fee247a528ecaf,6a7c88c5d62c3d09,86fee247a528ecaf] - <==      Total: 1
2020-04-25 01:10:24.429  [http-nio-8083-exec-9] DEBUG [com.hzu.community.mapper.UserMapper.select:] [2d934f281815540e,5bfbc4dc7250e271,2d934f281815540e] - ==>  Preparing: select * from user WHERE name = ? 
2020-04-25 01:10:24.430  [http-nio-8083-exec-9] DEBUG [com.hzu.community.mapper.UserMapper.select:] [2d934f281815540e,5bfbc4dc7250e271,2d934f281815540e] - ==> Parameters: 123(String)
2020-04-25 01:10:24.431  [http-nio-8083-exec-9] DEBUG [com.hzu.community.mapper.UserMapper.select:] [2d934f281815540e,5bfbc4dc7250e271,2d934f281815540e] - <==      Total: 1
2020-04-25 01:10:24.436  [http-nio-8083-exec-10] DEBUG [com.hzu.community.mapper.NotificationMapper.countUnread:] [2d934f281815540e,a243a5eddd543228,2d934f281815540e] - ==>  Preparing: select count(*) from notification where receiver = ? and status = ? 
2020-04-25 01:10:24.437  [http-nio-8083-exec-10] DEBUG [com.hzu.community.mapper.NotificationMapper.countUnread:] [2d934f281815540e,a243a5eddd543228,2d934f281815540e] - ==> Parameters: 1(Integer), 0(Integer)
2020-04-25 01:10:24.438  [http-nio-8083-exec-10] DEBUG [com.hzu.community.mapper.NotificationMapper.countUnread:] [2d934f281815540e,a243a5eddd543228,2d934f281815540e] - <==      Total: 1
2020-04-25 01:10:25.665  [http-nio-8083-exec-1] DEBUG [com.hzu.community.mapper.UserMapper.select:] [c20624cb5f5896d1,593cc43354f39428,c20624cb5f5896d1] - ==>  Preparing: select * from user WHERE name = ? 
2020-04-25 01:10:25.666  [http-nio-8083-exec-1] DEBUG [com.hzu.community.mapper.UserMapper.select:] [c20624cb5f5896d1,593cc43354f39428,c20624cb5f5896d1] - ==> Parameters: 123(String)
2020-04-25 01:10:25.667  [http-nio-8083-exec-1] DEBUG [com.hzu.community.mapper.UserMapper.select:] [c20624cb5f5896d1,593cc43354f39428,c20624cb5f5896d1] - <==      Total: 1
2020-04-25 01:10:25.673  [http-nio-8083-exec-2] DEBUG [com.hzu.community.mapper.NotificationMapper.countUnread:] [c20624cb5f5896d1,706f1e7c1ce98ebe,c20624cb5f5896d1] - ==>  Preparing: select count(*) from notification where receiver = ? and status = ? 
2020-04-25 01:10:25.673  [http-nio-8083-exec-2] DEBUG [com.hzu.community.mapper.NotificationMapper.countUnread:] [c20624cb5f5896d1,706f1e7c1ce98ebe,c20624cb5f5896d1] - ==> Parameters: 1(Integer), 0(Integer)
2020-04-25 01:10:25.674  [http-nio-8083-exec-2] DEBUG [com.hzu.community.mapper.NotificationMapper.countUnread:] [c20624cb5f5896d1,706f1e7c1ce98ebe,c20624cb5f5896d1] - <==      Total: 1
2020-04-25 01:10:25.680  [http-nio-8083-exec-3] DEBUG [com.hzu.community.mapper.QuestionMapper.count:] [c20624cb5f5896d1,1b9b47747fa81e7a,17281b2a4576ac87] - ==>  Preparing: select count(id) from question WHERE tag regexp ? 
2020-04-25 01:10:25.681  [http-nio-8083-exec-3] DEBUG [com.hzu.community.mapper.QuestionMapper.count:] [c20624cb5f5896d1,1b9b47747fa81e7a,17281b2a4576ac87] - ==> Parameters: java(String)
2020-04-25 01:10:25.682  [http-nio-8083-exec-3] DEBUG [com.hzu.community.mapper.QuestionMapper.count:] [c20624cb5f5896d1,1b9b47747fa81e7a,17281b2a4576ac87] - <==      Total: 1
2020-04-25 01:10:25.691  [http-nio-8083-exec-4] DEBUG [com.hzu.community.mapper.QuestionMapper.selectQuestion:] [c20624cb5f5896d1,1229573a0757e4d7,433b4b365cbd00c1] - ==>  Preparing: select * from question WHERE tag regexp ? order by gmt_create desc limit ?,? 
2020-04-25 01:10:25.692  [http-nio-8083-exec-4] DEBUG [com.hzu.community.mapper.QuestionMapper.selectQuestion:] [c20624cb5f5896d1,1229573a0757e4d7,433b4b365cbd00c1] - ==> Parameters: java(String), 0(Integer), 5(Integer)
2020-04-25 01:10:25.693  [http-nio-8083-exec-4] DEBUG [com.hzu.community.mapper.QuestionMapper.selectQuestion:] [c20624cb5f5896d1,1229573a0757e4d7,433b4b365cbd00c1] - <==      Total: 5
2020-04-25 01:10:25.790  [http-nio-8083-exec-10] DEBUG [com.hzu.community.mapper.UserMapper.select:] [8878baf16aab5e21,60bfd8baea8e77b3,8878baf16aab5e21] - ==>  Preparing: select * from user WHERE name = ? 
2020-04-25 01:10:25.790  [http-nio-8083-exec-10] DEBUG [com.hzu.community.mapper.UserMapper.select:] [8878baf16aab5e21,60bfd8baea8e77b3,8878baf16aab5e21] - ==> Parameters: 123(String)
2020-04-25 01:10:25.791  [http-nio-8083-exec-10] DEBUG [com.hzu.community.mapper.UserMapper.select:] [8878baf16aab5e21,60bfd8baea8e77b3,8878baf16aab5e21] - <==      Total: 1
2020-04-25 01:10:25.797  [http-nio-8083-exec-1] DEBUG [com.hzu.community.mapper.NotificationMapper.countUnread:] [8878baf16aab5e21,a43146d0af5168f6,8878baf16aab5e21] - ==>  Preparing: select count(*) from notification where receiver = ? and status = ? 
2020-04-25 01:10:25.798  [http-nio-8083-exec-1] DEBUG [com.hzu.community.mapper.NotificationMapper.countUnread:] [8878baf16aab5e21,a43146d0af5168f6,8878baf16aab5e21] - ==> Parameters: 1(Integer), 0(Integer)
2020-04-25 01:10:25.799  [http-nio-8083-exec-1] DEBUG [com.hzu.community.mapper.NotificationMapper.countUnread:] [8878baf16aab5e21,a43146d0af5168f6,8878baf16aab5e21] - <==      Total: 1
2020-04-25 01:10:29.016  [http-nio-8083-exec-2] DEBUG [com.hzu.community.mapper.UserMapper.select:] [c81b0735a4a80578,e4808d1846725369,c81b0735a4a80578] - ==>  Preparing: select * from user WHERE name = ? 
2020-04-25 01:10:29.017  [http-nio-8083-exec-2] DEBUG [com.hzu.community.mapper.UserMapper.select:] [c81b0735a4a80578,e4808d1846725369,c81b0735a4a80578] - ==> Parameters: 123(String)
2020-04-25 01:10:29.020  [http-nio-8083-exec-2] DEBUG [com.hzu.community.mapper.UserMapper.select:] [c81b0735a4a80578,e4808d1846725369,c81b0735a4a80578] - <==      Total: 1
2020-04-25 01:10:29.026  [http-nio-8083-exec-3] DEBUG [com.hzu.community.mapper.NotificationMapper.countUnread:] [c81b0735a4a80578,a36caef7c7b246b5,c81b0735a4a80578] - ==>  Preparing: select count(*) from notification where receiver = ? and status = ? 
2020-04-25 01:10:29.026  [http-nio-8083-exec-3] DEBUG [com.hzu.community.mapper.NotificationMapper.countUnread:] [c81b0735a4a80578,a36caef7c7b246b5,c81b0735a4a80578] - ==> Parameters: 1(Integer), 0(Integer)
2020-04-25 01:10:29.027  [http-nio-8083-exec-3] DEBUG [com.hzu.community.mapper.NotificationMapper.countUnread:] [c81b0735a4a80578,a36caef7c7b246b5,c81b0735a4a80578] - <==      Total: 1
2020-04-25 01:10:29.149  [http-nio-8083-exec-4] DEBUG [com.hzu.community.mapper.UserMapper.select:] [dcec25fba9094605,b1bc4b2918cc3e98,dcec25fba9094605] - ==>  Preparing: select * from user WHERE name = ? 
2020-04-25 01:10:29.150  [http-nio-8083-exec-4] DEBUG [com.hzu.community.mapper.UserMapper.select:] [dcec25fba9094605,b1bc4b2918cc3e98,dcec25fba9094605] - ==> Parameters: 123(String)
2020-04-25 01:10:29.150  [http-nio-8083-exec-4] DEBUG [com.hzu.community.mapper.UserMapper.select:] [dcec25fba9094605,b1bc4b2918cc3e98,dcec25fba9094605] - <==      Total: 1
2020-04-25 01:10:29.158  [http-nio-8083-exec-5] DEBUG [com.hzu.community.mapper.NotificationMapper.countUnread:] [dcec25fba9094605,b67d9540c8cd9cb8,dcec25fba9094605] - ==>  Preparing: select count(*) from notification where receiver = ? and status = ? 
2020-04-25 01:10:29.158  [http-nio-8083-exec-5] DEBUG [com.hzu.community.mapper.NotificationMapper.countUnread:] [dcec25fba9094605,b67d9540c8cd9cb8,dcec25fba9094605] - ==> Parameters: 1(Integer), 0(Integer)
2020-04-25 01:10:29.159  [http-nio-8083-exec-5] DEBUG [com.hzu.community.mapper.NotificationMapper.countUnread:] [dcec25fba9094605,b67d9540c8cd9cb8,dcec25fba9094605] - <==      Total: 1
2020-04-25 01:11:05.638  [http-nio-8083-exec-7] DEBUG [com.hzu.community.mapper.UserMapper.select:] [f9709d9506f20e45,0c2e1d9ddc2182db,f9709d9506f20e45] - ==>  Preparing: select * from user WHERE name = ? 
2020-04-25 01:11:05.638  [http-nio-8083-exec-7] DEBUG [com.hzu.community.mapper.UserMapper.select:] [f9709d9506f20e45,0c2e1d9ddc2182db,f9709d9506f20e45] - ==> Parameters: 123(String)
2020-04-25 01:11:05.640  [http-nio-8083-exec-7] DEBUG [com.hzu.community.mapper.UserMapper.select:] [f9709d9506f20e45,0c2e1d9ddc2182db,f9709d9506f20e45] - <==      Total: 1
2020-04-25 01:11:05.647  [http-nio-8083-exec-8] DEBUG [com.hzu.community.mapper.NotificationMapper.countUnread:] [f9709d9506f20e45,30b73a593c68e592,f9709d9506f20e45] - ==>  Preparing: select count(*) from notification where receiver = ? and status = ? 
2020-04-25 01:11:05.648  [http-nio-8083-exec-8] DEBUG [com.hzu.community.mapper.NotificationMapper.countUnread:] [f9709d9506f20e45,30b73a593c68e592,f9709d9506f20e45] - ==> Parameters: 1(Integer), 0(Integer)
2020-04-25 01:11:05.649  [http-nio-8083-exec-8] DEBUG [com.hzu.community.mapper.NotificationMapper.countUnread:] [f9709d9506f20e45,30b73a593c68e592,f9709d9506f20e45] - <==      Total: 1
2020-04-25 01:11:05.657  [http-nio-8083-exec-9] DEBUG [com.hzu.community.mapper.UserMapper.select:] [f9709d9506f20e45,7e970110cbe1373b,f9709d9506f20e45] - ==>  Preparing: select * from user WHERE name = ? 
2020-04-25 01:11:05.658  [http-nio-8083-exec-9] DEBUG [com.hzu.community.mapper.UserMapper.select:] [f9709d9506f20e45,7e970110cbe1373b,f9709d9506f20e45] - ==> Parameters: 123(String)
2020-04-25 01:11:05.658  [http-nio-8083-exec-9] DEBUG [com.hzu.community.mapper.UserMapper.select:] [f9709d9506f20e45,7e970110cbe1373b,f9709d9506f20e45] - <==      Total: 1
2020-04-25 01:11:05.666  [http-nio-8083-exec-10] DEBUG [com.hzu.community.mapper.QuestionMapper.insert:] [f9709d9506f20e45,e38d0d4cc6f37d0a,80c5e3088287c059] - ==>  Preparing: insert into question( title, description, gmt_create, gmt_modified, creator, tag, comment_count, view_count) value( ?, ?, ?, ?, ?, ?, ?, ? ) 
2020-04-25 01:11:05.668  [http-nio-8083-exec-10] DEBUG [com.hzu.community.mapper.QuestionMapper.insert:] [f9709d9506f20e45,e38d0d4cc6f37d0a,80c5e3088287c059] - ==> Parameters: 从0开始学JAVA(String), 123(String), 1587748265666(Long), 1587748265666(Long), 1(Integer), java(String), 0(Integer), 0(Integer)
2020-04-25 01:11:05.672  [http-nio-8083-exec-10] DEBUG [com.hzu.community.mapper.QuestionMapper.insert:] [f9709d9506f20e45,e38d0d4cc6f37d0a,80c5e3088287c059] - <==    Updates: 1
2020-04-25 01:11:05.692  [http-nio-8083-exec-1] DEBUG [com.hzu.community.mapper.UserMapper.select:] [830feb100d83bf59,67ddc60daa1e6659,830feb100d83bf59] - ==>  Preparing: select * from user WHERE name = ? 
2020-04-25 01:11:05.692  [http-nio-8083-exec-1] DEBUG [com.hzu.community.mapper.UserMapper.select:] [830feb100d83bf59,67ddc60daa1e6659,830feb100d83bf59] - ==> Parameters: 123(String)
2020-04-25 01:11:05.693  [http-nio-8083-exec-1] DEBUG [com.hzu.community.mapper.UserMapper.select:] [830feb100d83bf59,67ddc60daa1e6659,830feb100d83bf59] - <==      Total: 1
2020-04-25 01:11:05.701  [http-nio-8083-exec-2] DEBUG [com.hzu.community.mapper.NotificationMapper.countUnread:] [830feb100d83bf59,d1c0cabefaaa4243,830feb100d83bf59] - ==>  Preparing: select count(*) from notification where receiver = ? and status = ? 
2020-04-25 01:11:05.702  [http-nio-8083-exec-2] DEBUG [com.hzu.community.mapper.NotificationMapper.countUnread:] [830feb100d83bf59,d1c0cabefaaa4243,830feb100d83bf59] - ==> Parameters: 1(Integer), 0(Integer)
2020-04-25 01:11:05.702  [http-nio-8083-exec-2] DEBUG [com.hzu.community.mapper.NotificationMapper.countUnread:] [830feb100d83bf59,d1c0cabefaaa4243,830feb100d83bf59] - <==      Total: 1
2020-04-25 01:11:05.708  [http-nio-8083-exec-3] DEBUG [com.hzu.community.mapper.QuestionMapper.count:] [830feb100d83bf59,4fe3663e459624d1,12c31d7a8bcd5364] - ==>  Preparing: select count(id) from question 
2020-04-25 01:11:05.708  [http-nio-8083-exec-3] DEBUG [com.hzu.community.mapper.QuestionMapper.count:] [830feb100d83bf59,4fe3663e459624d1,12c31d7a8bcd5364] - ==> Parameters: 
2020-04-25 01:11:05.709  [http-nio-8083-exec-3] DEBUG [com.hzu.community.mapper.QuestionMapper.count:] [830feb100d83bf59,4fe3663e459624d1,12c31d7a8bcd5364] - <==      Total: 1
2020-04-25 01:11:05.718  [http-nio-8083-exec-4] DEBUG [com.hzu.community.mapper.QuestionMapper.selectQuestion:] [830feb100d83bf59,d106ce117c4e61d4,3cf5b1116626ce77] - ==>  Preparing: select * from question order by gmt_create desc limit ?,? 
2020-04-25 01:11:05.718  [http-nio-8083-exec-4] DEBUG [com.hzu.community.mapper.QuestionMapper.selectQuestion:] [830feb100d83bf59,d106ce117c4e61d4,3cf5b1116626ce77] - ==> Parameters: 0(Integer), 5(Integer)
2020-04-25 01:11:05.720  [http-nio-8083-exec-4] DEBUG [com.hzu.community.mapper.QuestionMapper.selectQuestion:] [830feb100d83bf59,d106ce117c4e61d4,3cf5b1116626ce77] - <==      Total: 5
2020-04-25 01:11:05.801  [http-nio-8083-exec-10] DEBUG [com.hzu.community.mapper.UserMapper.select:] [6c3559f314bf5cb0,8d74a7527e99a382,6c3559f314bf5cb0] - ==>  Preparing: select * from user WHERE name = ? 
2020-04-25 01:11:05.802  [http-nio-8083-exec-10] DEBUG [com.hzu.community.mapper.UserMapper.select:] [6c3559f314bf5cb0,8d74a7527e99a382,6c3559f314bf5cb0] - ==> Parameters: 123(String)
2020-04-25 01:11:05.803  [http-nio-8083-exec-10] DEBUG [com.hzu.community.mapper.UserMapper.select:] [6c3559f314bf5cb0,8d74a7527e99a382,6c3559f314bf5cb0] - <==      Total: 1
2020-04-25 01:11:05.809  [http-nio-8083-exec-1] DEBUG [com.hzu.community.mapper.NotificationMapper.countUnread:] [6c3559f314bf5cb0,8c65f38b2fc927f1,6c3559f314bf5cb0] - ==>  Preparing: select count(*) from notification where receiver = ? and status = ? 
2020-04-25 01:11:05.810  [http-nio-8083-exec-1] DEBUG [com.hzu.community.mapper.NotificationMapper.countUnread:] [6c3559f314bf5cb0,8c65f38b2fc927f1,6c3559f314bf5cb0] - ==> Parameters: 1(Integer), 0(Integer)
2020-04-25 01:11:05.811  [http-nio-8083-exec-1] DEBUG [com.hzu.community.mapper.NotificationMapper.countUnread:] [6c3559f314bf5cb0,8c65f38b2fc927f1,6c3559f314bf5cb0] - <==      Total: 1
2020-04-25 01:11:07.817  [http-nio-8083-exec-2] DEBUG [com.hzu.community.mapper.UserMapper.select:] [95a41dbd83c44962,319d42287bbb819f,95a41dbd83c44962] - ==>  Preparing: select * from user WHERE name = ? 
2020-04-25 01:11:07.818  [http-nio-8083-exec-2] DEBUG [com.hzu.community.mapper.UserMapper.select:] [95a41dbd83c44962,319d42287bbb819f,95a41dbd83c44962] - ==> Parameters: 123(String)
2020-04-25 01:11:07.819  [http-nio-8083-exec-2] DEBUG [com.hzu.community.mapper.UserMapper.select:] [95a41dbd83c44962,319d42287bbb819f,95a41dbd83c44962] - <==      Total: 1
2020-04-25 01:11:07.823  [http-nio-8083-exec-3] DEBUG [com.hzu.community.mapper.NotificationMapper.countUnread:] [95a41dbd83c44962,65f8ec506f13eb5a,95a41dbd83c44962] - ==>  Preparing: select count(*) from notification where receiver = ? and status = ? 
2020-04-25 01:11:07.823  [http-nio-8083-exec-3] DEBUG [com.hzu.community.mapper.NotificationMapper.countUnread:] [95a41dbd83c44962,65f8ec506f13eb5a,95a41dbd83c44962] - ==> Parameters: 1(Integer), 0(Integer)
2020-04-25 01:11:07.824  [http-nio-8083-exec-3] DEBUG [com.hzu.community.mapper.NotificationMapper.countUnread:] [95a41dbd83c44962,65f8ec506f13eb5a,95a41dbd83c44962] - <==      Total: 1
2020-04-25 01:11:07.921  [http-nio-8083-exec-4] DEBUG [com.hzu.community.mapper.UserMapper.select:] [8ae77768116b484d,fa6aaabb2db05bb0,8ae77768116b484d] - ==>  Preparing: select * from user WHERE name = ? 
2020-04-25 01:11:07.922  [http-nio-8083-exec-4] DEBUG [com.hzu.community.mapper.UserMapper.select:] [8ae77768116b484d,fa6aaabb2db05bb0,8ae77768116b484d] - ==> Parameters: 123(String)
2020-04-25 01:11:07.923  [http-nio-8083-exec-4] DEBUG [com.hzu.community.mapper.UserMapper.select:] [8ae77768116b484d,fa6aaabb2db05bb0,8ae77768116b484d] - <==      Total: 1
2020-04-25 01:11:07.927  [http-nio-8083-exec-5] DEBUG [com.hzu.community.mapper.NotificationMapper.countUnread:] [8ae77768116b484d,aa52a21fa53467cf,8ae77768116b484d] - ==>  Preparing: select count(*) from notification where receiver = ? and status = ? 
2020-04-25 01:11:07.927  [http-nio-8083-exec-5] DEBUG [com.hzu.community.mapper.NotificationMapper.countUnread:] [8ae77768116b484d,aa52a21fa53467cf,8ae77768116b484d] - ==> Parameters: 1(Integer), 0(Integer)
2020-04-25 01:11:07.928  [http-nio-8083-exec-5] DEBUG [com.hzu.community.mapper.NotificationMapper.countUnread:] [8ae77768116b484d,aa52a21fa53467cf,8ae77768116b484d] - <==      Total: 1
2020-04-25 01:11:20.148  [http-nio-8083-exec-6] DEBUG [com.hzu.community.mapper.UserMapper.select:] [88fd9393ddbc7780,12877a1de2887002,88fd9393ddbc7780] - ==>  Preparing: select * from user WHERE name = ? 
2020-04-25 01:11:20.148  [http-nio-8083-exec-6] DEBUG [com.hzu.community.mapper.UserMapper.select:] [88fd9393ddbc7780,12877a1de2887002,88fd9393ddbc7780] - ==> Parameters: 123(String)
2020-04-25 01:11:20.149  [http-nio-8083-exec-6] DEBUG [com.hzu.community.mapper.UserMapper.select:] [88fd9393ddbc7780,12877a1de2887002,88fd9393ddbc7780] - <==      Total: 1
2020-04-25 01:11:20.153  [http-nio-8083-exec-7] DEBUG [com.hzu.community.mapper.NotificationMapper.countUnread:] [88fd9393ddbc7780,392036661df49d0d,88fd9393ddbc7780] - ==>  Preparing: select count(*) from notification where receiver = ? and status = ? 
2020-04-25 01:11:20.154  [http-nio-8083-exec-7] DEBUG [com.hzu.community.mapper.NotificationMapper.countUnread:] [88fd9393ddbc7780,392036661df49d0d,88fd9393ddbc7780] - ==> Parameters: 1(Integer), 0(Integer)
2020-04-25 01:11:20.155  [http-nio-8083-exec-7] DEBUG [com.hzu.community.mapper.NotificationMapper.countUnread:] [88fd9393ddbc7780,392036661df49d0d,88fd9393ddbc7780] - <==      Total: 1
2020-04-25 01:11:20.164  [http-nio-8083-exec-8] DEBUG [com.hzu.community.mapper.UserMapper.select:] [88fd9393ddbc7780,d0d850d3bdcf2cc1,88fd9393ddbc7780] - ==>  Preparing: select * from user WHERE name = ? 
2020-04-25 01:11:20.165  [http-nio-8083-exec-8] DEBUG [com.hzu.community.mapper.UserMapper.select:] [88fd9393ddbc7780,d0d850d3bdcf2cc1,88fd9393ddbc7780] - ==> Parameters: 123(String)
2020-04-25 01:11:20.166  [http-nio-8083-exec-8] DEBUG [com.hzu.community.mapper.UserMapper.select:] [88fd9393ddbc7780,d0d850d3bdcf2cc1,88fd9393ddbc7780] - <==      Total: 1
2020-04-25 01:11:20.171  [http-nio-8083-exec-9] DEBUG [com.hzu.community.mapper.QuestionMapper.insert:] [88fd9393ddbc7780,3a00f52f13a983ab,a8aaa7fe8cd25ec8] - ==>  Preparing: insert into question( title, description, gmt_create, gmt_modified, creator, tag, comment_count, view_count) value( ?, ?, ?, ?, ?, ?, ?, ? ) 
2020-04-25 01:11:20.172  [http-nio-8083-exec-9] DEBUG [com.hzu.community.mapper.QuestionMapper.insert:] [88fd9393ddbc7780,3a00f52f13a983ab,a8aaa7fe8cd25ec8] - ==> Parameters: 编程之美(String), 132(String), 1587748280171(Long), 1587748280171(Long), 1(Integer), java(String), 0(Integer), 0(Integer)
2020-04-25 01:11:20.176  [http-nio-8083-exec-9] DEBUG [com.hzu.community.mapper.QuestionMapper.insert:] [88fd9393ddbc7780,3a00f52f13a983ab,a8aaa7fe8cd25ec8] - <==    Updates: 1
2020-04-25 01:11:20.193  [http-nio-8083-exec-10] DEBUG [com.hzu.community.mapper.UserMapper.select:] [9b8af0af87c21276,1cd1d9987aa3ce94,9b8af0af87c21276] - ==>  Preparing: select * from user WHERE name = ? 
2020-04-25 01:11:20.194  [http-nio-8083-exec-10] DEBUG [com.hzu.community.mapper.UserMapper.select:] [9b8af0af87c21276,1cd1d9987aa3ce94,9b8af0af87c21276] - ==> Parameters: 123(String)
2020-04-25 01:11:20.196  [http-nio-8083-exec-10] DEBUG [com.hzu.community.mapper.UserMapper.select:] [9b8af0af87c21276,1cd1d9987aa3ce94,9b8af0af87c21276] - <==      Total: 1
2020-04-25 01:11:20.201  [http-nio-8083-exec-1] DEBUG [com.hzu.community.mapper.NotificationMapper.countUnread:] [9b8af0af87c21276,684a05d128d9d62e,9b8af0af87c21276] - ==>  Preparing: select count(*) from notification where receiver = ? and status = ? 
2020-04-25 01:11:20.201  [http-nio-8083-exec-1] DEBUG [com.hzu.community.mapper.NotificationMapper.countUnread:] [9b8af0af87c21276,684a05d128d9d62e,9b8af0af87c21276] - ==> Parameters: 1(Integer), 0(Integer)
2020-04-25 01:11:20.202  [http-nio-8083-exec-1] DEBUG [com.hzu.community.mapper.NotificationMapper.countUnread:] [9b8af0af87c21276,684a05d128d9d62e,9b8af0af87c21276] - <==      Total: 1
2020-04-25 01:11:20.207  [http-nio-8083-exec-2] DEBUG [com.hzu.community.mapper.QuestionMapper.count:] [9b8af0af87c21276,2b59f139e1669454,821b0cef854ca8f7] - ==>  Preparing: select count(id) from question 
2020-04-25 01:11:20.208  [http-nio-8083-exec-2] DEBUG [com.hzu.community.mapper.QuestionMapper.count:] [9b8af0af87c21276,2b59f139e1669454,821b0cef854ca8f7] - ==> Parameters: 
2020-04-25 01:11:20.208  [http-nio-8083-exec-2] DEBUG [com.hzu.community.mapper.QuestionMapper.count:] [9b8af0af87c21276,2b59f139e1669454,821b0cef854ca8f7] - <==      Total: 1
2020-04-25 01:11:20.218  [http-nio-8083-exec-3] DEBUG [com.hzu.community.mapper.QuestionMapper.selectQuestion:] [9b8af0af87c21276,1ddbc05c31bcf216,8589228c7ee2676d] - ==>  Preparing: select * from question order by gmt_create desc limit ?,? 
2020-04-25 01:11:20.218  [http-nio-8083-exec-3] DEBUG [com.hzu.community.mapper.QuestionMapper.selectQuestion:] [9b8af0af87c21276,1ddbc05c31bcf216,8589228c7ee2676d] - ==> Parameters: 0(Integer), 5(Integer)
2020-04-25 01:11:20.219  [http-nio-8083-exec-3] DEBUG [com.hzu.community.mapper.QuestionMapper.selectQuestion:] [9b8af0af87c21276,1ddbc05c31bcf216,8589228c7ee2676d] - <==      Total: 5
2020-04-25 01:11:20.303  [http-nio-8083-exec-9] DEBUG [com.hzu.community.mapper.UserMapper.select:] [81c657906daf2e0e,3384daa743780de2,81c657906daf2e0e] - ==>  Preparing: select * from user WHERE name = ? 
2020-04-25 01:11:20.303  [http-nio-8083-exec-9] DEBUG [com.hzu.community.mapper.UserMapper.select:] [81c657906daf2e0e,3384daa743780de2,81c657906daf2e0e] - ==> Parameters: 123(String)
2020-04-25 01:11:20.304  [http-nio-8083-exec-9] DEBUG [com.hzu.community.mapper.UserMapper.select:] [81c657906daf2e0e,3384daa743780de2,81c657906daf2e0e] - <==      Total: 1
2020-04-25 01:11:20.308  [http-nio-8083-exec-10] DEBUG [com.hzu.community.mapper.NotificationMapper.countUnread:] [81c657906daf2e0e,66299ec22628cb42,81c657906daf2e0e] - ==>  Preparing: select count(*) from notification where receiver = ? and status = ? 
2020-04-25 01:11:20.309  [http-nio-8083-exec-10] DEBUG [com.hzu.community.mapper.NotificationMapper.countUnread:] [81c657906daf2e0e,66299ec22628cb42,81c657906daf2e0e] - ==> Parameters: 1(Integer), 0(Integer)
2020-04-25 01:11:20.310  [http-nio-8083-exec-10] DEBUG [com.hzu.community.mapper.NotificationMapper.countUnread:] [81c657906daf2e0e,66299ec22628cb42,81c657906daf2e0e] - <==      Total: 1
2020-04-25 01:11:26.312  [http-nio-8083-exec-1] DEBUG [com.hzu.community.mapper.UserMapper.select:] [582d72bb3157a93e,3a2eef625086e907,582d72bb3157a93e] - ==>  Preparing: select * from user WHERE name = ? 
2020-04-25 01:11:26.312  [http-nio-8083-exec-1] DEBUG [com.hzu.community.mapper.UserMapper.select:] [582d72bb3157a93e,3a2eef625086e907,582d72bb3157a93e] - ==> Parameters: 123(String)
2020-04-25 01:11:26.313  [http-nio-8083-exec-1] DEBUG [com.hzu.community.mapper.UserMapper.select:] [582d72bb3157a93e,3a2eef625086e907,582d72bb3157a93e] - <==      Total: 1
2020-04-25 01:11:26.317  [http-nio-8083-exec-2] DEBUG [com.hzu.community.mapper.NotificationMapper.countUnread:] [582d72bb3157a93e,615ce88a64e85a12,582d72bb3157a93e] - ==>  Preparing: select count(*) from notification where receiver = ? and status = ? 
2020-04-25 01:11:26.317  [http-nio-8083-exec-2] DEBUG [com.hzu.community.mapper.NotificationMapper.countUnread:] [582d72bb3157a93e,615ce88a64e85a12,582d72bb3157a93e] - ==> Parameters: 1(Integer), 0(Integer)
2020-04-25 01:11:26.318  [http-nio-8083-exec-2] DEBUG [com.hzu.community.mapper.NotificationMapper.countUnread:] [582d72bb3157a93e,615ce88a64e85a12,582d72bb3157a93e] - <==      Total: 1
2020-04-25 01:11:27.403  [http-nio-8083-exec-3] DEBUG [com.hzu.community.mapper.UserMapper.select:] [b144e33aa324a69d,c49c3314e6df558e,b144e33aa324a69d] - ==>  Preparing: select * from user WHERE name = ? 
2020-04-25 01:11:27.403  [http-nio-8083-exec-3] DEBUG [com.hzu.community.mapper.UserMapper.select:] [b144e33aa324a69d,c49c3314e6df558e,b144e33aa324a69d] - ==> Parameters: 123(String)
2020-04-25 01:11:27.404  [http-nio-8083-exec-3] DEBUG [com.hzu.community.mapper.UserMapper.select:] [b144e33aa324a69d,c49c3314e6df558e,b144e33aa324a69d] - <==      Total: 1
2020-04-25 01:11:27.409  [http-nio-8083-exec-4] DEBUG [com.hzu.community.mapper.NotificationMapper.countUnread:] [b144e33aa324a69d,9472a55a14bff9de,b144e33aa324a69d] - ==>  Preparing: select count(*) from notification where receiver = ? and status = ? 
2020-04-25 01:11:27.409  [http-nio-8083-exec-4] DEBUG [com.hzu.community.mapper.NotificationMapper.countUnread:] [b144e33aa324a69d,9472a55a14bff9de,b144e33aa324a69d] - ==> Parameters: 1(Integer), 0(Integer)
2020-04-25 01:11:27.410  [http-nio-8083-exec-4] DEBUG [com.hzu.community.mapper.NotificationMapper.countUnread:] [b144e33aa324a69d,9472a55a14bff9de,b144e33aa324a69d] - <==      Total: 1
2020-04-25 01:11:27.417  [http-nio-8083-exec-5] DEBUG [com.hzu.community.mapper.QuestionMapper.count:] [b144e33aa324a69d,413c22bb72c97bcd,a0012d069aea46aa] - ==>  Preparing: select count(id) from question WHERE tag regexp ? 
2020-04-25 01:11:27.417  [http-nio-8083-exec-5] DEBUG [com.hzu.community.mapper.QuestionMapper.count:] [b144e33aa324a69d,413c22bb72c97bcd,a0012d069aea46aa] - ==> Parameters: java(String)
2020-04-25 01:11:27.418  [http-nio-8083-exec-5] DEBUG [com.hzu.community.mapper.QuestionMapper.count:] [b144e33aa324a69d,413c22bb72c97bcd,a0012d069aea46aa] - <==      Total: 1
2020-04-25 01:11:27.425  [http-nio-8083-exec-6] DEBUG [com.hzu.community.mapper.QuestionMapper.selectQuestion:] [b144e33aa324a69d,a1148b6392ff3401,565341a1e5b07355] - ==>  Preparing: select * from question WHERE tag regexp ? order by gmt_create desc limit ?,? 
2020-04-25 01:11:27.425  [http-nio-8083-exec-6] DEBUG [com.hzu.community.mapper.QuestionMapper.selectQuestion:] [b144e33aa324a69d,a1148b6392ff3401,565341a1e5b07355] - ==> Parameters: java(String), 0(Integer), 5(Integer)
2020-04-25 01:11:27.427  [http-nio-8083-exec-6] DEBUG [com.hzu.community.mapper.QuestionMapper.selectQuestion:] [b144e33aa324a69d,a1148b6392ff3401,565341a1e5b07355] - <==      Total: 5
2020-04-25 01:11:27.501  [http-nio-8083-exec-2] DEBUG [com.hzu.community.mapper.UserMapper.select:] [0fe9d0df6bc29274,2c08a07bf94bd2e0,0fe9d0df6bc29274] - ==>  Preparing: select * from user WHERE name = ? 
2020-04-25 01:11:27.502  [http-nio-8083-exec-2] DEBUG [com.hzu.community.mapper.UserMapper.select:] [0fe9d0df6bc29274,2c08a07bf94bd2e0,0fe9d0df6bc29274] - ==> Parameters: 123(String)
2020-04-25 01:11:27.504  [http-nio-8083-exec-2] DEBUG [com.hzu.community.mapper.UserMapper.select:] [0fe9d0df6bc29274,2c08a07bf94bd2e0,0fe9d0df6bc29274] - <==      Total: 1
2020-04-25 01:11:27.511  [http-nio-8083-exec-3] DEBUG [com.hzu.community.mapper.NotificationMapper.countUnread:] [0fe9d0df6bc29274,47be742812a4e9e0,0fe9d0df6bc29274] - ==>  Preparing: select count(*) from notification where receiver = ? and status = ? 
2020-04-25 01:11:27.512  [http-nio-8083-exec-3] DEBUG [com.hzu.community.mapper.NotificationMapper.countUnread:] [0fe9d0df6bc29274,47be742812a4e9e0,0fe9d0df6bc29274] - ==> Parameters: 1(Integer), 0(Integer)
2020-04-25 01:11:27.515  [http-nio-8083-exec-3] DEBUG [com.hzu.community.mapper.NotificationMapper.countUnread:] [0fe9d0df6bc29274,47be742812a4e9e0,0fe9d0df6bc29274] - <==      Total: 1
2020-04-25 01:14:04.346  [http-nio-8083-exec-5] DEBUG [com.hzu.community.mapper.UserMapper.select:] [aef8cd707107a411,a6005ac19530f541,aef8cd707107a411] - ==>  Preparing: select * from user WHERE name = ? 
2020-04-25 01:14:04.347  [http-nio-8083-exec-5] DEBUG [com.hzu.community.mapper.UserMapper.select:] [aef8cd707107a411,a6005ac19530f541,aef8cd707107a411] - ==> Parameters: 123(String)
2020-04-25 01:14:04.348  [http-nio-8083-exec-5] DEBUG [com.hzu.community.mapper.UserMapper.select:] [aef8cd707107a411,a6005ac19530f541,aef8cd707107a411] - <==      Total: 1
2020-04-25 01:14:04.352  [http-nio-8083-exec-6] DEBUG [com.hzu.community.mapper.NotificationMapper.countUnread:] [aef8cd707107a411,98da888e3653d6a4,aef8cd707107a411] - ==>  Preparing: select count(*) from notification where receiver = ? and status = ? 
2020-04-25 01:14:04.353  [http-nio-8083-exec-6] DEBUG [com.hzu.community.mapper.NotificationMapper.countUnread:] [aef8cd707107a411,98da888e3653d6a4,aef8cd707107a411] - ==> Parameters: 1(Integer), 0(Integer)
2020-04-25 01:14:04.353  [http-nio-8083-exec-6] DEBUG [com.hzu.community.mapper.NotificationMapper.countUnread:] [aef8cd707107a411,98da888e3653d6a4,aef8cd707107a411] - <==      Total: 1
2020-04-25 01:14:04.361  [http-nio-8083-exec-7] DEBUG [com.hzu.community.mapper.QuestionMapper.count:] [aef8cd707107a411,7a1e3e3b685af37d,d598c5520f044051] - ==>  Preparing: select count(id) from question 
2020-04-25 01:14:04.361  [http-nio-8083-exec-7] DEBUG [com.hzu.community.mapper.QuestionMapper.count:] [aef8cd707107a411,7a1e3e3b685af37d,d598c5520f044051] - ==> Parameters: 
2020-04-25 01:14:04.362  [http-nio-8083-exec-7] DEBUG [com.hzu.community.mapper.QuestionMapper.count:] [aef8cd707107a411,7a1e3e3b685af37d,d598c5520f044051] - <==      Total: 1
2020-04-25 01:14:04.368  [http-nio-8083-exec-8] DEBUG [com.hzu.community.mapper.QuestionMapper.selectQuestion:] [aef8cd707107a411,a6fa8d43ff3bfa85,5d2f13c8c7c98f9e] - ==>  Preparing: select * from question order by gmt_create desc limit ?,? 
2020-04-25 01:14:04.368  [http-nio-8083-exec-8] DEBUG [com.hzu.community.mapper.QuestionMapper.selectQuestion:] [aef8cd707107a411,a6fa8d43ff3bfa85,5d2f13c8c7c98f9e] - ==> Parameters: 0(Integer), 5(Integer)
2020-04-25 01:14:04.369  [http-nio-8083-exec-8] DEBUG [com.hzu.community.mapper.QuestionMapper.selectQuestion:] [aef8cd707107a411,a6fa8d43ff3bfa85,5d2f13c8c7c98f9e] - <==      Total: 5
2020-04-25 01:14:04.379  [http-nio-8083-exec-9] DEBUG [com.hzu.community.mapper.UserMapper.selectById:] [aef8cd707107a411,d52719245af4d285,aef8cd707107a411] - ==>  Preparing: select * from user where id = ? 
2020-04-25 01:14:04.379  [http-nio-8083-exec-9] DEBUG [com.hzu.community.mapper.UserMapper.selectById:] [aef8cd707107a411,d52719245af4d285,aef8cd707107a411] - ==> Parameters: 1(Integer)
2020-04-25 01:14:04.380  [http-nio-8083-exec-9] DEBUG [com.hzu.community.mapper.UserMapper.selectById:] [aef8cd707107a411,d52719245af4d285,aef8cd707107a411] - <==      Total: 1
2020-04-25 01:14:04.454  [http-nio-8083-exec-4] DEBUG [com.hzu.community.mapper.UserMapper.select:] [3967dd81a6bb7bcd,0d40cd883c3bf3ff,3967dd81a6bb7bcd] - ==>  Preparing: select * from user WHERE name = ? 
2020-04-25 01:14:04.455  [http-nio-8083-exec-4] DEBUG [com.hzu.community.mapper.UserMapper.select:] [3967dd81a6bb7bcd,0d40cd883c3bf3ff,3967dd81a6bb7bcd] - ==> Parameters: 123(String)
2020-04-25 01:14:04.456  [http-nio-8083-exec-4] DEBUG [com.hzu.community.mapper.UserMapper.select:] [3967dd81a6bb7bcd,0d40cd883c3bf3ff,3967dd81a6bb7bcd] - <==      Total: 1
2020-04-25 01:14:04.462  [http-nio-8083-exec-5] DEBUG [com.hzu.community.mapper.NotificationMapper.countUnread:] [3967dd81a6bb7bcd,607657efb97db7e6,3967dd81a6bb7bcd] - ==>  Preparing: select count(*) from notification where receiver = ? and status = ? 
2020-04-25 01:14:04.463  [http-nio-8083-exec-5] DEBUG [com.hzu.community.mapper.NotificationMapper.countUnread:] [3967dd81a6bb7bcd,607657efb97db7e6,3967dd81a6bb7bcd] - ==> Parameters: 1(Integer), 0(Integer)
2020-04-25 01:14:04.464  [http-nio-8083-exec-5] DEBUG [com.hzu.community.mapper.NotificationMapper.countUnread:] [3967dd81a6bb7bcd,607657efb97db7e6,3967dd81a6bb7bcd] - <==      Total: 1
2020-04-25 01:14:05.398  [http-nio-8083-exec-6] DEBUG [com.hzu.community.mapper.UserMapper.select:] [b3cb42ef828468ae,9d7e0accdbcbb023,b3cb42ef828468ae] - ==>  Preparing: select * from user WHERE name = ? 
2020-04-25 01:14:05.398  [http-nio-8083-exec-6] DEBUG [com.hzu.community.mapper.UserMapper.select:] [b3cb42ef828468ae,9d7e0accdbcbb023,b3cb42ef828468ae] - ==> Parameters: 123(String)
2020-04-25 01:14:05.399  [http-nio-8083-exec-6] DEBUG [com.hzu.community.mapper.UserMapper.select:] [b3cb42ef828468ae,9d7e0accdbcbb023,b3cb42ef828468ae] - <==      Total: 1
2020-04-25 01:14:05.403  [http-nio-8083-exec-7] DEBUG [com.hzu.community.mapper.NotificationMapper.countUnread:] [b3cb42ef828468ae,ecbdbb6c7af24b99,b3cb42ef828468ae] - ==>  Preparing: select count(*) from notification where receiver = ? and status = ? 
2020-04-25 01:14:05.403  [http-nio-8083-exec-7] DEBUG [com.hzu.community.mapper.NotificationMapper.countUnread:] [b3cb42ef828468ae,ecbdbb6c7af24b99,b3cb42ef828468ae] - ==> Parameters: 1(Integer), 0(Integer)
2020-04-25 01:14:05.404  [http-nio-8083-exec-7] DEBUG [com.hzu.community.mapper.NotificationMapper.countUnread:] [b3cb42ef828468ae,ecbdbb6c7af24b99,b3cb42ef828468ae] - <==      Total: 1
2020-04-25 01:14:05.410  [http-nio-8083-exec-8] DEBUG [com.hzu.community.mapper.QuestionMapper.count:] [b3cb42ef828468ae,f943d94c5ad57ad6,e160bd8e4ee71822] - ==>  Preparing: select count(id) from question 
2020-04-25 01:14:05.410  [http-nio-8083-exec-8] DEBUG [com.hzu.community.mapper.QuestionMapper.count:] [b3cb42ef828468ae,f943d94c5ad57ad6,e160bd8e4ee71822] - ==> Parameters: 
2020-04-25 01:14:05.411  [http-nio-8083-exec-8] DEBUG [com.hzu.community.mapper.QuestionMapper.count:] [b3cb42ef828468ae,f943d94c5ad57ad6,e160bd8e4ee71822] - <==      Total: 1
2020-04-25 01:14:05.417  [http-nio-8083-exec-9] DEBUG [com.hzu.community.mapper.QuestionMapper.selectQuestion:] [b3cb42ef828468ae,553600767039e85e,d9a284d201482706] - ==>  Preparing: select * from question order by gmt_create desc limit ?,? 
2020-04-25 01:14:05.417  [http-nio-8083-exec-9] DEBUG [com.hzu.community.mapper.QuestionMapper.selectQuestion:] [b3cb42ef828468ae,553600767039e85e,d9a284d201482706] - ==> Parameters: 0(Integer), 5(Integer)
2020-04-25 01:14:05.418  [http-nio-8083-exec-9] DEBUG [com.hzu.community.mapper.QuestionMapper.selectQuestion:] [b3cb42ef828468ae,553600767039e85e,d9a284d201482706] - <==      Total: 5
2020-04-25 01:14:05.499  [http-nio-8083-exec-5] DEBUG [com.hzu.community.mapper.UserMapper.select:] [e22601a433ee6512,fceec107e88d0946,e22601a433ee6512] - ==>  Preparing: select * from user WHERE name = ? 
2020-04-25 01:14:05.500  [http-nio-8083-exec-5] DEBUG [com.hzu.community.mapper.UserMapper.select:] [e22601a433ee6512,fceec107e88d0946,e22601a433ee6512] - ==> Parameters: 123(String)
2020-04-25 01:14:05.501  [http-nio-8083-exec-5] DEBUG [com.hzu.community.mapper.UserMapper.select:] [e22601a433ee6512,fceec107e88d0946,e22601a433ee6512] - <==      Total: 1
2020-04-25 01:14:05.505  [http-nio-8083-exec-6] DEBUG [com.hzu.community.mapper.NotificationMapper.countUnread:] [e22601a433ee6512,b2f33e6292d38c7d,e22601a433ee6512] - ==>  Preparing: select count(*) from notification where receiver = ? and status = ? 
2020-04-25 01:14:05.505  [http-nio-8083-exec-6] DEBUG [com.hzu.community.mapper.NotificationMapper.countUnread:] [e22601a433ee6512,b2f33e6292d38c7d,e22601a433ee6512] - ==> Parameters: 1(Integer), 0(Integer)
2020-04-25 01:14:05.506  [http-nio-8083-exec-6] DEBUG [com.hzu.community.mapper.NotificationMapper.countUnread:] [e22601a433ee6512,b2f33e6292d38c7d,e22601a433ee6512] - <==      Total: 1
2020-04-25 01:14:06.479  [http-nio-8083-exec-7] DEBUG [com.hzu.community.mapper.UserMapper.select:] [bbe288fd3a0852d2,c3862b51e83c704b,bbe288fd3a0852d2] - ==>  Preparing: select * from user WHERE name = ? 
2020-04-25 01:14:06.479  [http-nio-8083-exec-7] DEBUG [com.hzu.community.mapper.UserMapper.select:] [bbe288fd3a0852d2,c3862b51e83c704b,bbe288fd3a0852d2] - ==> Parameters: 123(String)
2020-04-25 01:14:06.480  [http-nio-8083-exec-7] DEBUG [com.hzu.community.mapper.UserMapper.select:] [bbe288fd3a0852d2,c3862b51e83c704b,bbe288fd3a0852d2] - <==      Total: 1
2020-04-25 01:14:06.486  [http-nio-8083-exec-8] DEBUG [com.hzu.community.mapper.NotificationMapper.countUnread:] [bbe288fd3a0852d2,9a10e5d5c32daf8c,bbe288fd3a0852d2] - ==>  Preparing: select count(*) from notification where receiver = ? and status = ? 
2020-04-25 01:14:06.486  [http-nio-8083-exec-8] DEBUG [com.hzu.community.mapper.NotificationMapper.countUnread:] [bbe288fd3a0852d2,9a10e5d5c32daf8c,bbe288fd3a0852d2] - ==> Parameters: 1(Integer), 0(Integer)
2020-04-25 01:14:06.486  [http-nio-8083-exec-8] DEBUG [com.hzu.community.mapper.NotificationMapper.countUnread:] [bbe288fd3a0852d2,9a10e5d5c32daf8c,bbe288fd3a0852d2] - <==      Total: 1
2020-04-25 01:14:06.493  [http-nio-8083-exec-9] DEBUG [com.hzu.community.mapper.QuestionMapper.count:] [bbe288fd3a0852d2,6a21a41b54d40ba0,47479711c346f7a1] - ==>  Preparing: select count(id) from question 
2020-04-25 01:14:06.493  [http-nio-8083-exec-9] DEBUG [com.hzu.community.mapper.QuestionMapper.count:] [bbe288fd3a0852d2,6a21a41b54d40ba0,47479711c346f7a1] - ==> Parameters: 
2020-04-25 01:14:06.494  [http-nio-8083-exec-9] DEBUG [com.hzu.community.mapper.QuestionMapper.count:] [bbe288fd3a0852d2,6a21a41b54d40ba0,47479711c346f7a1] - <==      Total: 1
2020-04-25 01:14:06.500  [http-nio-8083-exec-10] DEBUG [com.hzu.community.mapper.QuestionMapper.selectQuestion:] [bbe288fd3a0852d2,57094bad8e316ae8,d5f2ac19c3a08b7b] - ==>  Preparing: select * from question order by view_count desc limit ?,? 
2020-04-25 01:14:06.500  [http-nio-8083-exec-10] DEBUG [com.hzu.community.mapper.QuestionMapper.selectQuestion:] [bbe288fd3a0852d2,57094bad8e316ae8,d5f2ac19c3a08b7b] - ==> Parameters: 0(Integer), 5(Integer)
2020-04-25 01:14:06.502  [http-nio-8083-exec-10] DEBUG [com.hzu.community.mapper.QuestionMapper.selectQuestion:] [bbe288fd3a0852d2,57094bad8e316ae8,d5f2ac19c3a08b7b] - <==      Total: 5
2020-04-25 01:14:07.222  [http-nio-8083-exec-6] DEBUG [com.hzu.community.mapper.UserMapper.select:] [6a21c41f5a370684,cf8fbaa6d1a64aa7,6a21c41f5a370684] - ==>  Preparing: select * from user WHERE name = ? 
2020-04-25 01:14:07.223  [http-nio-8083-exec-6] DEBUG [com.hzu.community.mapper.UserMapper.select:] [6a21c41f5a370684,cf8fbaa6d1a64aa7,6a21c41f5a370684] - ==> Parameters: 123(String)
2020-04-25 01:14:07.224  [http-nio-8083-exec-6] DEBUG [com.hzu.community.mapper.UserMapper.select:] [6a21c41f5a370684,cf8fbaa6d1a64aa7,6a21c41f5a370684] - <==      Total: 1
2020-04-25 01:14:07.228  [http-nio-8083-exec-7] DEBUG [com.hzu.community.mapper.NotificationMapper.countUnread:] [6a21c41f5a370684,b5c1b09da897a1cb,6a21c41f5a370684] - ==>  Preparing: select count(*) from notification where receiver = ? and status = ? 
2020-04-25 01:14:07.229  [http-nio-8083-exec-7] DEBUG [com.hzu.community.mapper.NotificationMapper.countUnread:] [6a21c41f5a370684,b5c1b09da897a1cb,6a21c41f5a370684] - ==> Parameters: 1(Integer), 0(Integer)
2020-04-25 01:14:07.229  [http-nio-8083-exec-7] DEBUG [com.hzu.community.mapper.NotificationMapper.countUnread:] [6a21c41f5a370684,b5c1b09da897a1cb,6a21c41f5a370684] - <==      Total: 1
2020-04-25 01:14:07.234  [http-nio-8083-exec-8] DEBUG [com.hzu.community.mapper.QuestionMapper.count:] [6a21c41f5a370684,1a81964268707f5f,ef40497881d0af0e] - ==>  Preparing: select count(id) from question 
2020-04-25 01:14:07.235  [http-nio-8083-exec-8] DEBUG [com.hzu.community.mapper.QuestionMapper.count:] [6a21c41f5a370684,1a81964268707f5f,ef40497881d0af0e] - ==> Parameters: 
2020-04-25 01:14:07.236  [http-nio-8083-exec-8] DEBUG [com.hzu.community.mapper.QuestionMapper.count:] [6a21c41f5a370684,1a81964268707f5f,ef40497881d0af0e] - <==      Total: 1
2020-04-25 01:14:07.243  [http-nio-8083-exec-9] DEBUG [com.hzu.community.mapper.QuestionMapper.selectQuestion:] [6a21c41f5a370684,3815faf4f2047a27,b88c7ee25c9f720c] - ==>  Preparing: select * from question order by gmt_create desc limit ?,? 
2020-04-25 01:14:07.243  [http-nio-8083-exec-9] DEBUG [com.hzu.community.mapper.QuestionMapper.selectQuestion:] [6a21c41f5a370684,3815faf4f2047a27,b88c7ee25c9f720c] - ==> Parameters: 0(Integer), 5(Integer)
2020-04-25 01:14:07.244  [http-nio-8083-exec-9] DEBUG [com.hzu.community.mapper.QuestionMapper.selectQuestion:] [6a21c41f5a370684,3815faf4f2047a27,b88c7ee25c9f720c] - <==      Total: 5
2020-04-25 01:14:07.317  [http-nio-8083-exec-5] DEBUG [com.hzu.community.mapper.UserMapper.select:] [33868a3d7b56b3c3,6339fa63c2de2c24,33868a3d7b56b3c3] - ==>  Preparing: select * from user WHERE name = ? 
2020-04-25 01:14:07.318  [http-nio-8083-exec-5] DEBUG [com.hzu.community.mapper.UserMapper.select:] [33868a3d7b56b3c3,6339fa63c2de2c24,33868a3d7b56b3c3] - ==> Parameters: 123(String)
2020-04-25 01:14:07.319  [http-nio-8083-exec-5] DEBUG [com.hzu.community.mapper.UserMapper.select:] [33868a3d7b56b3c3,6339fa63c2de2c24,33868a3d7b56b3c3] - <==      Total: 1
2020-04-25 01:14:07.328  [http-nio-8083-exec-6] DEBUG [com.hzu.community.mapper.NotificationMapper.countUnread:] [33868a3d7b56b3c3,1c112700cdb0841e,33868a3d7b56b3c3] - ==>  Preparing: select count(*) from notification where receiver = ? and status = ? 
2020-04-25 01:14:07.328  [http-nio-8083-exec-6] DEBUG [com.hzu.community.mapper.NotificationMapper.countUnread:] [33868a3d7b56b3c3,1c112700cdb0841e,33868a3d7b56b3c3] - ==> Parameters: 1(Integer), 0(Integer)
2020-04-25 01:14:07.329  [http-nio-8083-exec-6] DEBUG [com.hzu.community.mapper.NotificationMapper.countUnread:] [33868a3d7b56b3c3,1c112700cdb0841e,33868a3d7b56b3c3] - <==      Total: 1
2020-04-25 01:14:13.800  [http-nio-8083-exec-7] DEBUG [com.hzu.community.mapper.UserMapper.select:] [0947c5088e93feb0,ff0c6bf8d9283825,0947c5088e93feb0] - ==>  Preparing: select * from user WHERE name = ? 
2020-04-25 01:14:13.801  [http-nio-8083-exec-7] DEBUG [com.hzu.community.mapper.UserMapper.select:] [0947c5088e93feb0,ff0c6bf8d9283825,0947c5088e93feb0] - ==> Parameters: 123(String)
2020-04-25 01:14:13.801  [http-nio-8083-exec-7] DEBUG [com.hzu.community.mapper.UserMapper.select:] [0947c5088e93feb0,ff0c6bf8d9283825,0947c5088e93feb0] - <==      Total: 1
2020-04-25 01:14:13.807  [http-nio-8083-exec-8] DEBUG [com.hzu.community.mapper.NotificationMapper.countUnread:] [0947c5088e93feb0,49d4f02e7659cb6a,0947c5088e93feb0] - ==>  Preparing: select count(*) from notification where receiver = ? and status = ? 
2020-04-25 01:14:13.807  [http-nio-8083-exec-8] DEBUG [com.hzu.community.mapper.NotificationMapper.countUnread:] [0947c5088e93feb0,49d4f02e7659cb6a,0947c5088e93feb0] - ==> Parameters: 1(Integer), 0(Integer)
2020-04-25 01:14:13.808  [http-nio-8083-exec-8] DEBUG [com.hzu.community.mapper.NotificationMapper.countUnread:] [0947c5088e93feb0,49d4f02e7659cb6a,0947c5088e93feb0] - <==      Total: 1
2020-04-25 01:14:13.813  [http-nio-8083-exec-9] DEBUG [com.hzu.community.mapper.QuestionMapper.count:] [0947c5088e93feb0,c8e9e878f84e8324,56183b7e45e17154] - ==>  Preparing: select count(id) from question 
2020-04-25 01:14:13.813  [http-nio-8083-exec-9] DEBUG [com.hzu.community.mapper.QuestionMapper.count:] [0947c5088e93feb0,c8e9e878f84e8324,56183b7e45e17154] - ==> Parameters: 
2020-04-25 01:14:13.814  [http-nio-8083-exec-9] DEBUG [com.hzu.community.mapper.QuestionMapper.count:] [0947c5088e93feb0,c8e9e878f84e8324,56183b7e45e17154] - <==      Total: 1
2020-04-25 01:14:13.819  [http-nio-8083-exec-10] DEBUG [com.hzu.community.mapper.QuestionMapper.selectQuestion:] [0947c5088e93feb0,625b07a3da7dedbd,6de9705c130f99c9] - ==>  Preparing: select * from question order by view_count desc limit ?,? 
2020-04-25 01:14:13.820  [http-nio-8083-exec-10] DEBUG [com.hzu.community.mapper.QuestionMapper.selectQuestion:] [0947c5088e93feb0,625b07a3da7dedbd,6de9705c130f99c9] - ==> Parameters: 0(Integer), 5(Integer)
2020-04-25 01:14:13.821  [http-nio-8083-exec-10] DEBUG [com.hzu.community.mapper.QuestionMapper.selectQuestion:] [0947c5088e93feb0,625b07a3da7dedbd,6de9705c130f99c9] - <==      Total: 5
2020-04-25 01:14:14.308  [http-nio-8083-exec-6] DEBUG [com.hzu.community.mapper.UserMapper.select:] [b41ccd75fae7f68b,6eed08c82c951050,b41ccd75fae7f68b] - ==>  Preparing: select * from user WHERE name = ? 
2020-04-25 01:14:14.308  [http-nio-8083-exec-6] DEBUG [com.hzu.community.mapper.UserMapper.select:] [b41ccd75fae7f68b,6eed08c82c951050,b41ccd75fae7f68b] - ==> Parameters: 123(String)
2020-04-25 01:14:14.309  [http-nio-8083-exec-6] DEBUG [com.hzu.community.mapper.UserMapper.select:] [b41ccd75fae7f68b,6eed08c82c951050,b41ccd75fae7f68b] - <==      Total: 1
2020-04-25 01:14:14.314  [http-nio-8083-exec-7] DEBUG [com.hzu.community.mapper.NotificationMapper.countUnread:] [b41ccd75fae7f68b,974bf96914507728,b41ccd75fae7f68b] - ==>  Preparing: select count(*) from notification where receiver = ? and status = ? 
2020-04-25 01:14:14.314  [http-nio-8083-exec-7] DEBUG [com.hzu.community.mapper.NotificationMapper.countUnread:] [b41ccd75fae7f68b,974bf96914507728,b41ccd75fae7f68b] - ==> Parameters: 1(Integer), 0(Integer)
2020-04-25 01:14:14.315  [http-nio-8083-exec-7] DEBUG [com.hzu.community.mapper.NotificationMapper.countUnread:] [b41ccd75fae7f68b,974bf96914507728,b41ccd75fae7f68b] - <==      Total: 1
2020-04-25 01:14:14.320  [http-nio-8083-exec-8] DEBUG [com.hzu.community.mapper.QuestionMapper.count:] [b41ccd75fae7f68b,bf3d440a32051e1d,7bef227f792c6970] - ==>  Preparing: select count(id) from question 
2020-04-25 01:14:14.320  [http-nio-8083-exec-8] DEBUG [com.hzu.community.mapper.QuestionMapper.count:] [b41ccd75fae7f68b,bf3d440a32051e1d,7bef227f792c6970] - ==> Parameters: 
2020-04-25 01:14:14.322  [http-nio-8083-exec-8] DEBUG [com.hzu.community.mapper.QuestionMapper.count:] [b41ccd75fae7f68b,bf3d440a32051e1d,7bef227f792c6970] - <==      Total: 1
2020-04-25 01:14:14.328  [http-nio-8083-exec-9] DEBUG [com.hzu.community.mapper.QuestionMapper.selectQuestion:] [b41ccd75fae7f68b,d916d1fcd47af9af,171f499b324a1be9] - ==>  Preparing: select * from question order by gmt_create desc limit ?,? 
2020-04-25 01:14:14.328  [http-nio-8083-exec-9] DEBUG [com.hzu.community.mapper.QuestionMapper.selectQuestion:] [b41ccd75fae7f68b,d916d1fcd47af9af,171f499b324a1be9] - ==> Parameters: 0(Integer), 5(Integer)
2020-04-25 01:14:14.330  [http-nio-8083-exec-9] DEBUG [com.hzu.community.mapper.QuestionMapper.selectQuestion:] [b41ccd75fae7f68b,d916d1fcd47af9af,171f499b324a1be9] - <==      Total: 5
2020-04-25 01:14:14.398  [http-nio-8083-exec-5] DEBUG [com.hzu.community.mapper.UserMapper.select:] [ee49f3f3900b2035,a0dcc4309d3b3239,ee49f3f3900b2035] - ==>  Preparing: select * from user WHERE name = ? 
2020-04-25 01:14:14.398  [http-nio-8083-exec-5] DEBUG [com.hzu.community.mapper.UserMapper.select:] [ee49f3f3900b2035,a0dcc4309d3b3239,ee49f3f3900b2035] - ==> Parameters: 123(String)
2020-04-25 01:14:14.400  [http-nio-8083-exec-5] DEBUG [com.hzu.community.mapper.UserMapper.select:] [ee49f3f3900b2035,a0dcc4309d3b3239,ee49f3f3900b2035] - <==      Total: 1
2020-04-25 01:14:14.406  [http-nio-8083-exec-6] DEBUG [com.hzu.community.mapper.NotificationMapper.countUnread:] [ee49f3f3900b2035,6f45690e23d429cc,ee49f3f3900b2035] - ==>  Preparing: select count(*) from notification where receiver = ? and status = ? 
2020-04-25 01:14:14.407  [http-nio-8083-exec-6] DEBUG [com.hzu.community.mapper.NotificationMapper.countUnread:] [ee49f3f3900b2035,6f45690e23d429cc,ee49f3f3900b2035] - ==> Parameters: 1(Integer), 0(Integer)
2020-04-25 01:14:14.408  [http-nio-8083-exec-6] DEBUG [com.hzu.community.mapper.NotificationMapper.countUnread:] [ee49f3f3900b2035,6f45690e23d429cc,ee49f3f3900b2035] - <==      Total: 1
2020-04-25 01:14:15.496  [http-nio-8083-exec-7] DEBUG [com.hzu.community.mapper.UserMapper.select:] [b0bc050fd226dafa,e5e2e905865fb4af,b0bc050fd226dafa] - ==>  Preparing: select * from user WHERE name = ? 
2020-04-25 01:14:15.496  [http-nio-8083-exec-7] DEBUG [com.hzu.community.mapper.UserMapper.select:] [b0bc050fd226dafa,e5e2e905865fb4af,b0bc050fd226dafa] - ==> Parameters: 123(String)
2020-04-25 01:14:15.497  [http-nio-8083-exec-7] DEBUG [com.hzu.community.mapper.UserMapper.select:] [b0bc050fd226dafa,e5e2e905865fb4af,b0bc050fd226dafa] - <==      Total: 1
2020-04-25 01:14:15.500  [http-nio-8083-exec-8] DEBUG [com.hzu.community.mapper.NotificationMapper.countUnread:] [b0bc050fd226dafa,ac04dc6ac2af8121,b0bc050fd226dafa] - ==>  Preparing: select count(*) from notification where receiver = ? and status = ? 
2020-04-25 01:14:15.501  [http-nio-8083-exec-8] DEBUG [com.hzu.community.mapper.NotificationMapper.countUnread:] [b0bc050fd226dafa,ac04dc6ac2af8121,b0bc050fd226dafa] - ==> Parameters: 1(Integer), 0(Integer)
2020-04-25 01:14:15.501  [http-nio-8083-exec-8] DEBUG [com.hzu.community.mapper.NotificationMapper.countUnread:] [b0bc050fd226dafa,ac04dc6ac2af8121,b0bc050fd226dafa] - <==      Total: 1
2020-04-25 01:14:15.624  [http-nio-8083-exec-9] DEBUG [com.hzu.community.mapper.UserMapper.select:] [ca07c8d77983df2f,aead2d8f11c279ae,ca07c8d77983df2f] - ==>  Preparing: select * from user WHERE name = ? 
2020-04-25 01:14:15.624  [http-nio-8083-exec-9] DEBUG [com.hzu.community.mapper.UserMapper.select:] [ca07c8d77983df2f,aead2d8f11c279ae,ca07c8d77983df2f] - ==> Parameters: 123(String)
2020-04-25 01:14:15.625  [http-nio-8083-exec-9] DEBUG [com.hzu.community.mapper.UserMapper.select:] [ca07c8d77983df2f,aead2d8f11c279ae,ca07c8d77983df2f] - <==      Total: 1
2020-04-25 01:14:15.629  [http-nio-8083-exec-10] DEBUG [com.hzu.community.mapper.NotificationMapper.countUnread:] [ca07c8d77983df2f,32899ae0c6307b34,ca07c8d77983df2f] - ==>  Preparing: select count(*) from notification where receiver = ? and status = ? 
2020-04-25 01:14:15.629  [http-nio-8083-exec-10] DEBUG [com.hzu.community.mapper.NotificationMapper.countUnread:] [ca07c8d77983df2f,32899ae0c6307b34,ca07c8d77983df2f] - ==> Parameters: 1(Integer), 0(Integer)
2020-04-25 01:14:15.630  [http-nio-8083-exec-10] DEBUG [com.hzu.community.mapper.NotificationMapper.countUnread:] [ca07c8d77983df2f,32899ae0c6307b34,ca07c8d77983df2f] - <==      Total: 1
2020-04-25 01:14:23.328  [http-nio-8083-exec-1] DEBUG [com.hzu.community.mapper.UserMapper.select:] [9c9937e812eb01ed,25e6323b0832fe40,9c9937e812eb01ed] - ==>  Preparing: select * from user WHERE name = ? 
2020-04-25 01:14:23.329  [http-nio-8083-exec-1] DEBUG [com.hzu.community.mapper.UserMapper.select:] [9c9937e812eb01ed,25e6323b0832fe40,9c9937e812eb01ed] - ==> Parameters: 123(String)
2020-04-25 01:14:23.330  [http-nio-8083-exec-1] DEBUG [com.hzu.community.mapper.UserMapper.select:] [9c9937e812eb01ed,25e6323b0832fe40,9c9937e812eb01ed] - <==      Total: 1
2020-04-25 01:14:23.334  [http-nio-8083-exec-2] DEBUG [com.hzu.community.mapper.NotificationMapper.countUnread:] [9c9937e812eb01ed,4c2e65bbb71d4f36,9c9937e812eb01ed] - ==>  Preparing: select count(*) from notification where receiver = ? and status = ? 
2020-04-25 01:14:23.334  [http-nio-8083-exec-2] DEBUG [com.hzu.community.mapper.NotificationMapper.countUnread:] [9c9937e812eb01ed,4c2e65bbb71d4f36,9c9937e812eb01ed] - ==> Parameters: 1(Integer), 0(Integer)
2020-04-25 01:14:23.335  [http-nio-8083-exec-2] DEBUG [com.hzu.community.mapper.NotificationMapper.countUnread:] [9c9937e812eb01ed,4c2e65bbb71d4f36,9c9937e812eb01ed] - <==      Total: 1
2020-04-25 01:14:23.345  [http-nio-8083-exec-3] DEBUG [com.hzu.community.mapper.UserMapper.select:] [9c9937e812eb01ed,413d84863555137e,9c9937e812eb01ed] - ==>  Preparing: select * from user WHERE name = ? 
2020-04-25 01:14:23.345  [http-nio-8083-exec-3] DEBUG [com.hzu.community.mapper.UserMapper.select:] [9c9937e812eb01ed,413d84863555137e,9c9937e812eb01ed] - ==> Parameters: 123(String)
2020-04-25 01:14:23.346  [http-nio-8083-exec-3] DEBUG [com.hzu.community.mapper.UserMapper.select:] [9c9937e812eb01ed,413d84863555137e,9c9937e812eb01ed] - <==      Total: 1
2020-04-25 01:14:23.351  [http-nio-8083-exec-4] DEBUG [com.hzu.community.mapper.QuestionMapper.insert:] [9c9937e812eb01ed,ff2834d3e411edc4,2b143dbb719cfbe9] - ==>  Preparing: insert into question( title, description, gmt_create, gmt_modified, creator, tag, comment_count, view_count) value( ?, ?, ?, ?, ?, ?, ?, ? ) 
2020-04-25 01:14:23.351  [http-nio-8083-exec-4] DEBUG [com.hzu.community.mapper.QuestionMapper.insert:] [9c9937e812eb01ed,ff2834d3e411edc4,2b143dbb719cfbe9] - ==> Parameters: 最新文章(String), 123(String), 1587748463351(Long), 1587748463351(Long), 1(Integer), python,java(String), 0(Integer), 0(Integer)
2020-04-25 01:14:23.354  [http-nio-8083-exec-4] DEBUG [com.hzu.community.mapper.QuestionMapper.insert:] [9c9937e812eb01ed,ff2834d3e411edc4,2b143dbb719cfbe9] - <==    Updates: 1
2020-04-25 01:14:23.371  [http-nio-8083-exec-5] DEBUG [com.hzu.community.mapper.UserMapper.select:] [eb31b64afb2b33c7,2c07b29366065abe,eb31b64afb2b33c7] - ==>  Preparing: select * from user WHERE name = ? 
2020-04-25 01:14:23.371  [http-nio-8083-exec-5] DEBUG [com.hzu.community.mapper.UserMapper.select:] [eb31b64afb2b33c7,2c07b29366065abe,eb31b64afb2b33c7] - ==> Parameters: 123(String)
2020-04-25 01:14:23.373  [http-nio-8083-exec-5] DEBUG [com.hzu.community.mapper.UserMapper.select:] [eb31b64afb2b33c7,2c07b29366065abe,eb31b64afb2b33c7] - <==      Total: 1
2020-04-25 01:14:23.378  [http-nio-8083-exec-6] DEBUG [com.hzu.community.mapper.NotificationMapper.countUnread:] [eb31b64afb2b33c7,2d1d07454d9c65ca,eb31b64afb2b33c7] - ==>  Preparing: select count(*) from notification where receiver = ? and status = ? 
2020-04-25 01:14:23.378  [http-nio-8083-exec-6] DEBUG [com.hzu.community.mapper.NotificationMapper.countUnread:] [eb31b64afb2b33c7,2d1d07454d9c65ca,eb31b64afb2b33c7] - ==> Parameters: 1(Integer), 0(Integer)
2020-04-25 01:14:23.379  [http-nio-8083-exec-6] DEBUG [com.hzu.community.mapper.NotificationMapper.countUnread:] [eb31b64afb2b33c7,2d1d07454d9c65ca,eb31b64afb2b33c7] - <==      Total: 1
2020-04-25 01:14:23.383  [http-nio-8083-exec-7] DEBUG [com.hzu.community.mapper.QuestionMapper.count:] [eb31b64afb2b33c7,5e7e42d208b45155,90308a494533f390] - ==>  Preparing: select count(id) from question 
2020-04-25 01:14:23.384  [http-nio-8083-exec-7] DEBUG [com.hzu.community.mapper.QuestionMapper.count:] [eb31b64afb2b33c7,5e7e42d208b45155,90308a494533f390] - ==> Parameters: 
2020-04-25 01:14:23.384  [http-nio-8083-exec-7] DEBUG [com.hzu.community.mapper.QuestionMapper.count:] [eb31b64afb2b33c7,5e7e42d208b45155,90308a494533f390] - <==      Total: 1
2020-04-25 01:14:23.391  [http-nio-8083-exec-8] DEBUG [com.hzu.community.mapper.QuestionMapper.selectQuestion:] [eb31b64afb2b33c7,c13f268b4274587a,ba1fcb7895de96fe] - ==>  Preparing: select * from question order by gmt_create desc limit ?,? 
2020-04-25 01:14:23.391  [http-nio-8083-exec-8] DEBUG [com.hzu.community.mapper.QuestionMapper.selectQuestion:] [eb31b64afb2b33c7,c13f268b4274587a,ba1fcb7895de96fe] - ==> Parameters: 0(Integer), 5(Integer)
2020-04-25 01:14:23.393  [http-nio-8083-exec-8] DEBUG [com.hzu.community.mapper.QuestionMapper.selectQuestion:] [eb31b64afb2b33c7,c13f268b4274587a,ba1fcb7895de96fe] - <==      Total: 5
2020-04-25 01:14:23.467  [http-nio-8083-exec-4] DEBUG [com.hzu.community.mapper.UserMapper.select:] [9babca9882a45e6c,4415a7db13b48272,9babca9882a45e6c] - ==>  Preparing: select * from user WHERE name = ? 
2020-04-25 01:14:23.468  [http-nio-8083-exec-4] DEBUG [com.hzu.community.mapper.UserMapper.select:] [9babca9882a45e6c,4415a7db13b48272,9babca9882a45e6c] - ==> Parameters: 123(String)
2020-04-25 01:14:23.469  [http-nio-8083-exec-4] DEBUG [com.hzu.community.mapper.UserMapper.select:] [9babca9882a45e6c,4415a7db13b48272,9babca9882a45e6c] - <==      Total: 1
2020-04-25 01:14:23.478  [http-nio-8083-exec-5] DEBUG [com.hzu.community.mapper.NotificationMapper.countUnread:] [9babca9882a45e6c,fdefb3af49e40ea4,9babca9882a45e6c] - ==>  Preparing: select count(*) from notification where receiver = ? and status = ? 
2020-04-25 01:14:23.478  [http-nio-8083-exec-5] DEBUG [com.hzu.community.mapper.NotificationMapper.countUnread:] [9babca9882a45e6c,fdefb3af49e40ea4,9babca9882a45e6c] - ==> Parameters: 1(Integer), 0(Integer)
2020-04-25 01:14:23.479  [http-nio-8083-exec-5] DEBUG [com.hzu.community.mapper.NotificationMapper.countUnread:] [9babca9882a45e6c,fdefb3af49e40ea4,9babca9882a45e6c] - <==      Total: 1
