2020-05-11 14:00:54.869 [http-nio-8083-exec-4] INFO  [org.zalando.logbook.Logbook:79] [8dc471d735cb2244,e177bcf27d6b5635] - Incoming Request: c02e5b6836d60ef0
GET http://DESKTOP-K5RUUL2:8083/user/get?token=eyJhbGciOiJIUzI1NiJ9.eyJpc3MiOiJjb21tdW5pdHlfdXNlciIsIm5hbWUiOiIxMjMiLCJleHAiOjE1ODkyNjIzODMsInB3ZCI6IjEyMyIsInRzIjoiMTU4OTE3NTk4MyJ9.p5cBnqbgMxXrkAFm3w4l-h3X2jb8e35eWHRlUK-Dcoo HTTP/1.1
x-b3-parentspanid: 8dc471d735cb2244
x-b3-traceid: 8dc471d735cb2244
x-b3-spanid: e177bcf27d6b5635
x-b3-sampled: 1
host: DESKTOP-K5RUUL2:8083
connection: Keep-Alive
accept-encoding: gzip,deflate
user-agent: agent
accept: application/json, application/*+json
2020-05-11 14:00:54.879 [http-nio-8083-exec-4] INFO  [org.zalando.logbook.Logbook:84] [8dc471d735cb2244,e177bcf27d6b5635] - Outgoing Response: c02e5b6836d60ef0
Duration: 10 ms
HTTP/1.1 200 OK
Transfer-Encoding: chunked
Keep-Alive: timeout=60
Connection: keep-alive
Date: Mon, 11 May 2020 06:00:54 GMT
Content-Type: application/json

{"code":0,"msg":"OK","result":{"id":1,"name":"123","age":1,"pwd":"123","token":"eyJhbGciOiJIUzI1NiJ9.eyJpc3MiOiJjb21tdW5pdHlfdXNlciIsIm5hbWUiOiIxMjMiLCJleHAiOjE1ODkyNjIzODMsInB3ZCI6IjEyMyIsInRzIjoiMTU4OTE3NTk4MyJ9.p5cBnqbgMxXrkAFm3w4l-h3X2jb8e35eWHRlUK-Dcoo","avatarUrl":"1","accountId":"陈晓跃"}}
2020-05-11 14:00:54.893 [http-nio-8083-exec-5] INFO  [org.zalando.logbook.Logbook:79] [8dc471d735cb2244,0ecf8dacf4913354] - Incoming Request: ed7d6da6e663ee89
GET http://DESKTOP-K5RUUL2:8083/notification/countUnread?userId=1&status=0 HTTP/1.1
x-b3-parentspanid: 8dc471d735cb2244
x-b3-traceid: 8dc471d735cb2244
x-b3-spanid: 0ecf8dacf4913354
x-b3-sampled: 1
host: DESKTOP-K5RUUL2:8083
connection: Keep-Alive
accept-encoding: gzip,deflate
user-agent: agent
accept: application/json, application/*+json
2020-05-11 14:00:54.897 [http-nio-8083-exec-5] INFO  [org.zalando.logbook.Logbook:84] [8dc471d735cb2244,0ecf8dacf4913354] - Outgoing Response: ed7d6da6e663ee89
Duration: 4 ms
HTTP/1.1 200 OK
Transfer-Encoding: chunked
Keep-Alive: timeout=60
Connection: keep-alive
Date: Mon, 11 May 2020 06:00:54 GMT
Content-Type: application/json

{"code":0,"msg":"OK","result":7}
2020-05-11 14:00:55.075 [http-nio-8083-exec-6] INFO  [org.zalando.logbook.Logbook:79] [998cf53cb66fc17f,dd524934e610aef5] - Incoming Request: ee7de77683d3b3f7
GET http://DESKTOP-K5RUUL2:8083/user/get?token=eyJhbGciOiJIUzI1NiJ9.eyJpc3MiOiJjb21tdW5pdHlfdXNlciIsIm5hbWUiOiIxMjMiLCJleHAiOjE1ODkyNjIzODMsInB3ZCI6IjEyMyIsInRzIjoiMTU4OTE3NTk4MyJ9.p5cBnqbgMxXrkAFm3w4l-h3X2jb8e35eWHRlUK-Dcoo HTTP/1.1
x-b3-parentspanid: 998cf53cb66fc17f
x-b3-traceid: 998cf53cb66fc17f
x-b3-spanid: dd524934e610aef5
x-b3-sampled: 0
host: DESKTOP-K5RUUL2:8083
connection: Keep-Alive
accept-encoding: gzip,deflate
user-agent: agent
accept: application/json, application/*+json
2020-05-11 14:00:55.082 [http-nio-8083-exec-6] INFO  [org.zalando.logbook.Logbook:84] [998cf53cb66fc17f,dd524934e610aef5] - Outgoing Response: ee7de77683d3b3f7
Duration: 7 ms
HTTP/1.1 200 OK
Transfer-Encoding: chunked
Keep-Alive: timeout=60
Connection: keep-alive
Date: Mon, 11 May 2020 06:00:54 GMT
Content-Type: application/json

{"code":0,"msg":"OK","result":{"id":1,"name":"123","age":1,"pwd":"123","token":"eyJhbGciOiJIUzI1NiJ9.eyJpc3MiOiJjb21tdW5pdHlfdXNlciIsIm5hbWUiOiIxMjMiLCJleHAiOjE1ODkyNjIzODMsInB3ZCI6IjEyMyIsInRzIjoiMTU4OTE3NTk4MyJ9.p5cBnqbgMxXrkAFm3w4l-h3X2jb8e35eWHRlUK-Dcoo","avatarUrl":"1","accountId":"陈晓跃"}}
2020-05-11 14:00:55.086 [http-nio-8083-exec-7] INFO  [org.zalando.logbook.Logbook:79] [998cf53cb66fc17f,24b9ca962441d766] - Incoming Request: 8c2185f998451b25
GET http://DESKTOP-K5RUUL2:8083/notification/countUnread?userId=1&status=0 HTTP/1.1
x-b3-parentspanid: 998cf53cb66fc17f
x-b3-traceid: 998cf53cb66fc17f
x-b3-spanid: 24b9ca962441d766
x-b3-sampled: 0
host: DESKTOP-K5RUUL2:8083
connection: Keep-Alive
accept-encoding: gzip,deflate
user-agent: agent
accept: application/json, application/*+json
2020-05-11 14:00:55.091 [http-nio-8083-exec-7] INFO  [org.zalando.logbook.Logbook:84] [998cf53cb66fc17f,24b9ca962441d766] - Outgoing Response: 8c2185f998451b25
Duration: 5 ms
HTTP/1.1 200 OK
Transfer-Encoding: chunked
Keep-Alive: timeout=60
Connection: keep-alive
Date: Mon, 11 May 2020 06:00:54 GMT
Content-Type: application/json

{"code":0,"msg":"OK","result":7}
2020-05-11 14:00:55.279 [http-nio-8083-exec-8] INFO  [org.zalando.logbook.Logbook:79] [54510bf63a971f76,0fba4b55ecb4dd14] - Incoming Request: 9bec130ae5dbbb4d
GET http://DESKTOP-K5RUUL2:8083/user/get?token=eyJhbGciOiJIUzI1NiJ9.eyJpc3MiOiJjb21tdW5pdHlfdXNlciIsIm5hbWUiOiIxMjMiLCJleHAiOjE1ODkyNjIzODMsInB3ZCI6IjEyMyIsInRzIjoiMTU4OTE3NTk4MyJ9.p5cBnqbgMxXrkAFm3w4l-h3X2jb8e35eWHRlUK-Dcoo HTTP/1.1
x-b3-parentspanid: 54510bf63a971f76
x-b3-traceid: 54510bf63a971f76
x-b3-spanid: 0fba4b55ecb4dd14
x-b3-sampled: 0
host: DESKTOP-K5RUUL2:8083
connection: Keep-Alive
accept-encoding: gzip,deflate
user-agent: agent
accept: application/json, application/*+json
2020-05-11 14:00:55.288 [http-nio-8083-exec-8] INFO  [org.zalando.logbook.Logbook:84] [54510bf63a971f76,0fba4b55ecb4dd14] - Outgoing Response: 9bec130ae5dbbb4d
Duration: 9 ms
HTTP/1.1 200 OK
Transfer-Encoding: chunked
Keep-Alive: timeout=60
Connection: keep-alive
Date: Mon, 11 May 2020 06:00:54 GMT
Content-Type: application/json

{"code":0,"msg":"OK","result":{"id":1,"name":"123","age":1,"pwd":"123","token":"eyJhbGciOiJIUzI1NiJ9.eyJpc3MiOiJjb21tdW5pdHlfdXNlciIsIm5hbWUiOiIxMjMiLCJleHAiOjE1ODkyNjIzODMsInB3ZCI6IjEyMyIsInRzIjoiMTU4OTE3NTk4MyJ9.p5cBnqbgMxXrkAFm3w4l-h3X2jb8e35eWHRlUK-Dcoo","avatarUrl":"1","accountId":"陈晓跃"}}
2020-05-11 14:00:55.292 [http-nio-8083-exec-9] INFO  [org.zalando.logbook.Logbook:79] [54510bf63a971f76,7be6facd653c0bbe] - Incoming Request: 9bd787cc57983dbf
GET http://DESKTOP-K5RUUL2:8083/notification/countUnread?userId=1&status=0 HTTP/1.1
x-b3-parentspanid: 54510bf63a971f76
x-b3-traceid: 54510bf63a971f76
x-b3-spanid: 7be6facd653c0bbe
x-b3-sampled: 0
host: DESKTOP-K5RUUL2:8083
connection: Keep-Alive
accept-encoding: gzip,deflate
user-agent: agent
accept: application/json, application/*+json
2020-05-11 14:00:55.296 [http-nio-8083-exec-9] INFO  [org.zalando.logbook.Logbook:84] [54510bf63a971f76,7be6facd653c0bbe] - Outgoing Response: 9bd787cc57983dbf
Duration: 3 ms
HTTP/1.1 200 OK
Transfer-Encoding: chunked
Keep-Alive: timeout=60
Connection: keep-alive
Date: Mon, 11 May 2020 06:00:54 GMT
Content-Type: application/json

{"code":0,"msg":"OK","result":7}
2020-05-11 14:00:56.865 [http-nio-8083-exec-10] INFO  [org.zalando.logbook.Logbook:79] [a4dd7653162b2f0c,ad08b9af5e7bc06b] - Incoming Request: c5efbfb31b7c23f2
GET http://DESKTOP-K5RUUL2:8083/user/get?token=eyJhbGciOiJIUzI1NiJ9.eyJpc3MiOiJjb21tdW5pdHlfdXNlciIsIm5hbWUiOiIxMjMiLCJleHAiOjE1ODkyNjIzODMsInB3ZCI6IjEyMyIsInRzIjoiMTU4OTE3NTk4MyJ9.p5cBnqbgMxXrkAFm3w4l-h3X2jb8e35eWHRlUK-Dcoo HTTP/1.1
x-b3-parentspanid: a4dd7653162b2f0c
x-b3-traceid: a4dd7653162b2f0c
x-b3-spanid: ad08b9af5e7bc06b
x-b3-sampled: 1
host: DESKTOP-K5RUUL2:8083
connection: Keep-Alive
accept-encoding: gzip,deflate
user-agent: agent
accept: application/json, application/*+json
2020-05-11 14:00:56.871 [http-nio-8083-exec-10] INFO  [org.zalando.logbook.Logbook:84] [a4dd7653162b2f0c,ad08b9af5e7bc06b] - Outgoing Response: c5efbfb31b7c23f2
Duration: 6 ms
HTTP/1.1 200 OK
Transfer-Encoding: chunked
Keep-Alive: timeout=60
Connection: keep-alive
Date: Mon, 11 May 2020 06:00:56 GMT
Content-Type: application/json

{"code":0,"msg":"OK","result":{"id":1,"name":"123","age":1,"pwd":"123","token":"eyJhbGciOiJIUzI1NiJ9.eyJpc3MiOiJjb21tdW5pdHlfdXNlciIsIm5hbWUiOiIxMjMiLCJleHAiOjE1ODkyNjIzODMsInB3ZCI6IjEyMyIsInRzIjoiMTU4OTE3NTk4MyJ9.p5cBnqbgMxXrkAFm3w4l-h3X2jb8e35eWHRlUK-Dcoo","avatarUrl":"1","accountId":"陈晓跃"}}
2020-05-11 14:00:56.876 [http-nio-8083-exec-1] INFO  [org.zalando.logbook.Logbook:79] [a4dd7653162b2f0c,cbba09a170b5ee50] - Incoming Request: b472a532821d8baf
GET http://DESKTOP-K5RUUL2:8083/notification/countUnread?userId=1&status=0 HTTP/1.1
x-b3-parentspanid: a4dd7653162b2f0c
x-b3-traceid: a4dd7653162b2f0c
x-b3-spanid: cbba09a170b5ee50
x-b3-sampled: 1
host: DESKTOP-K5RUUL2:8083
connection: Keep-Alive
accept-encoding: gzip,deflate
user-agent: agent
accept: application/json, application/*+json
2020-05-11 14:00:56.879 [http-nio-8083-exec-1] INFO  [org.zalando.logbook.Logbook:84] [a4dd7653162b2f0c,cbba09a170b5ee50] - Outgoing Response: b472a532821d8baf
Duration: 3 ms
HTTP/1.1 200 OK
Transfer-Encoding: chunked
Keep-Alive: timeout=60
Connection: keep-alive
Date: Mon, 11 May 2020 06:00:56 GMT
Content-Type: application/json

{"code":0,"msg":"OK","result":7}
2020-05-11 14:00:57.075 [http-nio-8083-exec-2] INFO  [org.zalando.logbook.Logbook:79] [e6d896b67fee4f5d,d4bb44545f697b00] - Incoming Request: dcbe89cb9a1a1326
GET http://DESKTOP-K5RUUL2:8083/user/get?token=eyJhbGciOiJIUzI1NiJ9.eyJpc3MiOiJjb21tdW5pdHlfdXNlciIsIm5hbWUiOiIxMjMiLCJleHAiOjE1ODkyNjIzODMsInB3ZCI6IjEyMyIsInRzIjoiMTU4OTE3NTk4MyJ9.p5cBnqbgMxXrkAFm3w4l-h3X2jb8e35eWHRlUK-Dcoo HTTP/1.1
x-b3-parentspanid: e6d896b67fee4f5d
x-b3-traceid: e6d896b67fee4f5d
x-b3-spanid: d4bb44545f697b00
x-b3-sampled: 0
host: DESKTOP-K5RUUL2:8083
connection: Keep-Alive
accept-encoding: gzip,deflate
user-agent: agent
accept: application/json, application/*+json
2020-05-11 14:00:57.083 [http-nio-8083-exec-2] INFO  [org.zalando.logbook.Logbook:84] [e6d896b67fee4f5d,d4bb44545f697b00] - Outgoing Response: dcbe89cb9a1a1326
Duration: 8 ms
HTTP/1.1 200 OK
Transfer-Encoding: chunked
Keep-Alive: timeout=60
Connection: keep-alive
Date: Mon, 11 May 2020 06:00:56 GMT
Content-Type: application/json

{"code":0,"msg":"OK","result":{"id":1,"name":"123","age":1,"pwd":"123","token":"eyJhbGciOiJIUzI1NiJ9.eyJpc3MiOiJjb21tdW5pdHlfdXNlciIsIm5hbWUiOiIxMjMiLCJleHAiOjE1ODkyNjIzODMsInB3ZCI6IjEyMyIsInRzIjoiMTU4OTE3NTk4MyJ9.p5cBnqbgMxXrkAFm3w4l-h3X2jb8e35eWHRlUK-Dcoo","avatarUrl":"1","accountId":"陈晓跃"}}
2020-05-11 14:00:57.088 [http-nio-8083-exec-3] INFO  [org.zalando.logbook.Logbook:79] [e6d896b67fee4f5d,3df78ad98ae1bace] - Incoming Request: a72b8c8ba75bfed6
GET http://DESKTOP-K5RUUL2:8083/notification/countUnread?userId=1&status=0 HTTP/1.1
x-b3-parentspanid: e6d896b67fee4f5d
x-b3-traceid: e6d896b67fee4f5d
x-b3-spanid: 3df78ad98ae1bace
x-b3-sampled: 0
host: DESKTOP-K5RUUL2:8083
connection: Keep-Alive
accept-encoding: gzip,deflate
user-agent: agent
accept: application/json, application/*+json
2020-05-11 14:00:57.092 [http-nio-8083-exec-3] INFO  [org.zalando.logbook.Logbook:84] [e6d896b67fee4f5d,3df78ad98ae1bace] - Outgoing Response: a72b8c8ba75bfed6
Duration: 4 ms
HTTP/1.1 200 OK
Transfer-Encoding: chunked
Keep-Alive: timeout=60
Connection: keep-alive
Date: Mon, 11 May 2020 06:00:56 GMT
Content-Type: application/json

{"code":0,"msg":"OK","result":7}
2020-05-11 14:00:57.257 [http-nio-8083-exec-4] INFO  [org.zalando.logbook.Logbook:79] [7ee7ae08daedd9d6,73eb7386f82a738e] - Incoming Request: e592f84c48d7f7f2
GET http://DESKTOP-K5RUUL2:8083/user/get?token=eyJhbGciOiJIUzI1NiJ9.eyJpc3MiOiJjb21tdW5pdHlfdXNlciIsIm5hbWUiOiIxMjMiLCJleHAiOjE1ODkyNjIzODMsInB3ZCI6IjEyMyIsInRzIjoiMTU4OTE3NTk4MyJ9.p5cBnqbgMxXrkAFm3w4l-h3X2jb8e35eWHRlUK-Dcoo HTTP/1.1
x-b3-parentspanid: 7ee7ae08daedd9d6
x-b3-traceid: 7ee7ae08daedd9d6
x-b3-spanid: 73eb7386f82a738e
x-b3-sampled: 0
host: DESKTOP-K5RUUL2:8083
connection: Keep-Alive
accept-encoding: gzip,deflate
user-agent: agent
accept: application/json, application/*+json
2020-05-11 14:00:57.263 [http-nio-8083-exec-4] INFO  [org.zalando.logbook.Logbook:84] [7ee7ae08daedd9d6,73eb7386f82a738e] - Outgoing Response: e592f84c48d7f7f2
Duration: 6 ms
HTTP/1.1 200 OK
Transfer-Encoding: chunked
Keep-Alive: timeout=60
Connection: keep-alive
Date: Mon, 11 May 2020 06:00:56 GMT
Content-Type: application/json

{"code":0,"msg":"OK","result":{"id":1,"name":"123","age":1,"pwd":"123","token":"eyJhbGciOiJIUzI1NiJ9.eyJpc3MiOiJjb21tdW5pdHlfdXNlciIsIm5hbWUiOiIxMjMiLCJleHAiOjE1ODkyNjIzODMsInB3ZCI6IjEyMyIsInRzIjoiMTU4OTE3NTk4MyJ9.p5cBnqbgMxXrkAFm3w4l-h3X2jb8e35eWHRlUK-Dcoo","avatarUrl":"1","accountId":"陈晓跃"}}
2020-05-11 14:00:57.265 [http-nio-8083-exec-5] INFO  [org.zalando.logbook.Logbook:79] [7ee7ae08daedd9d6,ad7526df7fb338d3] - Incoming Request: 872528ede7b7fe2d
GET http://DESKTOP-K5RUUL2:8083/notification/countUnread?userId=1&status=0 HTTP/1.1
x-b3-parentspanid: 7ee7ae08daedd9d6
x-b3-traceid: 7ee7ae08daedd9d6
x-b3-spanid: ad7526df7fb338d3
x-b3-sampled: 0
host: DESKTOP-K5RUUL2:8083
connection: Keep-Alive
accept-encoding: gzip,deflate
user-agent: agent
accept: application/json, application/*+json
2020-05-11 14:00:57.268 [http-nio-8083-exec-5] INFO  [org.zalando.logbook.Logbook:84] [7ee7ae08daedd9d6,ad7526df7fb338d3] - Outgoing Response: 872528ede7b7fe2d
Duration: 3 ms
HTTP/1.1 200 OK
Transfer-Encoding: chunked
Keep-Alive: timeout=60
Connection: keep-alive
Date: Mon, 11 May 2020 06:00:56 GMT
Content-Type: application/json

{"code":0,"msg":"OK","result":7}
2020-05-11 14:03:51.909 [AsyncResolver-bootstrap-executor-0] INFO  [com.netflix.discovery.shared.resolver.aws.ConfigClusterResolver:43] [,] - Resolving eureka endpoints via configuration
2020-05-11 14:08:51.910 [AsyncResolver-bootstrap-executor-0] INFO  [com.netflix.discovery.shared.resolver.aws.ConfigClusterResolver:43] [,] - Resolving eureka endpoints via configuration
2020-05-11 14:08:58.098 [http-nio-8083-exec-7] INFO  [org.zalando.logbook.Logbook:79] [4fb61d2a75965de9,6e8abe20cecfc097] - Incoming Request: 8ed77ab952fbcf4a
GET http://DESKTOP-K5RUUL2:8083/user/get?token=eyJhbGciOiJIUzI1NiJ9.eyJpc3MiOiJjb21tdW5pdHlfdXNlciIsIm5hbWUiOiIxMjMiLCJleHAiOjE1ODkyNjIzODMsInB3ZCI6IjEyMyIsInRzIjoiMTU4OTE3NTk4MyJ9.p5cBnqbgMxXrkAFm3w4l-h3X2jb8e35eWHRlUK-Dcoo HTTP/1.1
x-b3-parentspanid: 4fb61d2a75965de9
x-b3-traceid: 4fb61d2a75965de9
x-b3-spanid: 6e8abe20cecfc097
x-b3-sampled: 1
host: DESKTOP-K5RUUL2:8083
connection: Keep-Alive
accept-encoding: gzip,deflate
user-agent: agent
accept: application/json, application/*+json
2020-05-11 14:08:58.107 [http-nio-8083-exec-7] INFO  [org.zalando.logbook.Logbook:84] [4fb61d2a75965de9,6e8abe20cecfc097] - Outgoing Response: 8ed77ab952fbcf4a
Duration: 10 ms
HTTP/1.1 200 OK
Transfer-Encoding: chunked
Keep-Alive: timeout=60
Connection: keep-alive
Date: Mon, 11 May 2020 06:08:58 GMT
Content-Type: application/json

{"code":0,"msg":"OK","result":{"id":1,"name":"123","age":1,"pwd":"123","token":"eyJhbGciOiJIUzI1NiJ9.eyJpc3MiOiJjb21tdW5pdHlfdXNlciIsIm5hbWUiOiIxMjMiLCJleHAiOjE1ODkyNjIzODMsInB3ZCI6IjEyMyIsInRzIjoiMTU4OTE3NTk4MyJ9.p5cBnqbgMxXrkAFm3w4l-h3X2jb8e35eWHRlUK-Dcoo","avatarUrl":"1","accountId":"陈晓跃"}}
2020-05-11 14:08:58.111 [http-nio-8083-exec-8] INFO  [org.zalando.logbook.Logbook:79] [4fb61d2a75965de9,f6bff8c719725657] - Incoming Request: e341ba0b7214404c
GET http://DESKTOP-K5RUUL2:8083/notification/countUnread?userId=1&status=0 HTTP/1.1
x-b3-parentspanid: 4fb61d2a75965de9
x-b3-traceid: 4fb61d2a75965de9
x-b3-spanid: f6bff8c719725657
x-b3-sampled: 1
host: DESKTOP-K5RUUL2:8083
connection: Keep-Alive
accept-encoding: gzip,deflate
user-agent: agent
accept: application/json, application/*+json
2020-05-11 14:08:58.114 [http-nio-8083-exec-8] INFO  [org.zalando.logbook.Logbook:84] [4fb61d2a75965de9,f6bff8c719725657] - Outgoing Response: e341ba0b7214404c
Duration: 3 ms
HTTP/1.1 200 OK
Transfer-Encoding: chunked
Keep-Alive: timeout=60
Connection: keep-alive
Date: Mon, 11 May 2020 06:08:58 GMT
Content-Type: application/json

{"code":0,"msg":"OK","result":7}
2020-05-11 14:08:58.204 [http-nio-8083-exec-9] INFO  [org.zalando.logbook.Logbook:79] [fa9e45c12fa8cc22,9a02063326fa746d] - Incoming Request: a738e0b629f6c0b4
GET http://DESKTOP-K5RUUL2:8083/user/get?token=eyJhbGciOiJIUzI1NiJ9.eyJpc3MiOiJjb21tdW5pdHlfdXNlciIsIm5hbWUiOiIxMjMiLCJleHAiOjE1ODkyNjIzODMsInB3ZCI6IjEyMyIsInRzIjoiMTU4OTE3NTk4MyJ9.p5cBnqbgMxXrkAFm3w4l-h3X2jb8e35eWHRlUK-Dcoo HTTP/1.1
x-b3-parentspanid: fa9e45c12fa8cc22
x-b3-traceid: fa9e45c12fa8cc22
x-b3-spanid: 9a02063326fa746d
x-b3-sampled: 0
host: DESKTOP-K5RUUL2:8083
connection: Keep-Alive
accept-encoding: gzip,deflate
user-agent: agent
accept: application/json, application/*+json
2020-05-11 14:08:58.214 [http-nio-8083-exec-9] INFO  [org.zalando.logbook.Logbook:84] [fa9e45c12fa8cc22,9a02063326fa746d] - Outgoing Response: a738e0b629f6c0b4
Duration: 11 ms
HTTP/1.1 200 OK
Transfer-Encoding: chunked
Keep-Alive: timeout=60
Connection: keep-alive
Date: Mon, 11 May 2020 06:08:58 GMT
Content-Type: application/json

{"code":0,"msg":"OK","result":{"id":1,"name":"123","age":1,"pwd":"123","token":"eyJhbGciOiJIUzI1NiJ9.eyJpc3MiOiJjb21tdW5pdHlfdXNlciIsIm5hbWUiOiIxMjMiLCJleHAiOjE1ODkyNjIzODMsInB3ZCI6IjEyMyIsInRzIjoiMTU4OTE3NTk4MyJ9.p5cBnqbgMxXrkAFm3w4l-h3X2jb8e35eWHRlUK-Dcoo","avatarUrl":"1","accountId":"陈晓跃"}}
2020-05-11 14:08:58.217 [http-nio-8083-exec-10] INFO  [org.zalando.logbook.Logbook:79] [fa9e45c12fa8cc22,d9b42ab1fdfa0f08] - Incoming Request: aadcaf7bb24785c9
GET http://DESKTOP-K5RUUL2:8083/notification/countUnread?userId=1&status=0 HTTP/1.1
x-b3-parentspanid: fa9e45c12fa8cc22
x-b3-traceid: fa9e45c12fa8cc22
x-b3-spanid: d9b42ab1fdfa0f08
x-b3-sampled: 0
host: DESKTOP-K5RUUL2:8083
connection: Keep-Alive
accept-encoding: gzip,deflate
user-agent: agent
accept: application/json, application/*+json
2020-05-11 14:08:58.221 [http-nio-8083-exec-10] INFO  [org.zalando.logbook.Logbook:84] [fa9e45c12fa8cc22,d9b42ab1fdfa0f08] - Outgoing Response: aadcaf7bb24785c9
Duration: 3 ms
HTTP/1.1 200 OK
Transfer-Encoding: chunked
Keep-Alive: timeout=60
Connection: keep-alive
Date: Mon, 11 May 2020 06:08:58 GMT
Content-Type: application/json

{"code":0,"msg":"OK","result":7}
2020-05-11 14:08:58.301 [http-nio-8083-exec-1] INFO  [org.zalando.logbook.Logbook:79] [f699735d3075361f,b62dcc54e55cfd99] - Incoming Request: bd9103cffe837fe4
GET http://DESKTOP-K5RUUL2:8083/user/get?token=eyJhbGciOiJIUzI1NiJ9.eyJpc3MiOiJjb21tdW5pdHlfdXNlciIsIm5hbWUiOiIxMjMiLCJleHAiOjE1ODkyNjIzODMsInB3ZCI6IjEyMyIsInRzIjoiMTU4OTE3NTk4MyJ9.p5cBnqbgMxXrkAFm3w4l-h3X2jb8e35eWHRlUK-Dcoo HTTP/1.1
x-b3-parentspanid: f699735d3075361f
x-b3-traceid: f699735d3075361f
x-b3-spanid: b62dcc54e55cfd99
x-b3-sampled: 0
host: DESKTOP-K5RUUL2:8083
connection: Keep-Alive
accept-encoding: gzip,deflate
user-agent: agent
accept: application/json, application/*+json
2020-05-11 14:08:58.311 [http-nio-8083-exec-1] INFO  [org.zalando.logbook.Logbook:84] [f699735d3075361f,b62dcc54e55cfd99] - Outgoing Response: bd9103cffe837fe4
Duration: 10 ms
HTTP/1.1 200 OK
Transfer-Encoding: chunked
Keep-Alive: timeout=60
Connection: keep-alive
Date: Mon, 11 May 2020 06:08:58 GMT
Content-Type: application/json

{"code":0,"msg":"OK","result":{"id":1,"name":"123","age":1,"pwd":"123","token":"eyJhbGciOiJIUzI1NiJ9.eyJpc3MiOiJjb21tdW5pdHlfdXNlciIsIm5hbWUiOiIxMjMiLCJleHAiOjE1ODkyNjIzODMsInB3ZCI6IjEyMyIsInRzIjoiMTU4OTE3NTk4MyJ9.p5cBnqbgMxXrkAFm3w4l-h3X2jb8e35eWHRlUK-Dcoo","avatarUrl":"1","accountId":"陈晓跃"}}
2020-05-11 14:08:58.313 [http-nio-8083-exec-2] INFO  [org.zalando.logbook.Logbook:79] [f699735d3075361f,b66ba67dca8c232b] - Incoming Request: f2549bd86225bad3
GET http://DESKTOP-K5RUUL2:8083/notification/countUnread?userId=1&status=0 HTTP/1.1
x-b3-parentspanid: f699735d3075361f
x-b3-traceid: f699735d3075361f
x-b3-spanid: b66ba67dca8c232b
x-b3-sampled: 0
host: DESKTOP-K5RUUL2:8083
connection: Keep-Alive
accept-encoding: gzip,deflate
user-agent: agent
accept: application/json, application/*+json
2020-05-11 14:08:58.316 [http-nio-8083-exec-2] INFO  [org.zalando.logbook.Logbook:84] [f699735d3075361f,b66ba67dca8c232b] - Outgoing Response: f2549bd86225bad3
Duration: 3 ms
HTTP/1.1 200 OK
Transfer-Encoding: chunked
Keep-Alive: timeout=60
Connection: keep-alive
Date: Mon, 11 May 2020 06:08:58 GMT
Content-Type: application/json

{"code":0,"msg":"OK","result":7}
2020-05-11 14:09:03.260 [http-nio-8083-exec-3] INFO  [org.zalando.logbook.Logbook:79] [bf2ef4ac12e8ad5a,8c82e72a0070a6f8] - Incoming Request: 8fc00fbf9d3a2543
GET http://DESKTOP-K5RUUL2:8083/user/get?token=eyJhbGciOiJIUzI1NiJ9.eyJpc3MiOiJjb21tdW5pdHlfdXNlciIsIm5hbWUiOiIxMjMiLCJleHAiOjE1ODkyNjIzODMsInB3ZCI6IjEyMyIsInRzIjoiMTU4OTE3NTk4MyJ9.p5cBnqbgMxXrkAFm3w4l-h3X2jb8e35eWHRlUK-Dcoo HTTP/1.1
x-b3-parentspanid: bf2ef4ac12e8ad5a
x-b3-traceid: bf2ef4ac12e8ad5a
x-b3-spanid: 8c82e72a0070a6f8
x-b3-sampled: 1
host: DESKTOP-K5RUUL2:8083
connection: Keep-Alive
accept-encoding: gzip,deflate
user-agent: agent
accept: application/json, application/*+json
2020-05-11 14:09:03.266 [http-nio-8083-exec-3] INFO  [org.zalando.logbook.Logbook:84] [bf2ef4ac12e8ad5a,8c82e72a0070a6f8] - Outgoing Response: 8fc00fbf9d3a2543
Duration: 7 ms
HTTP/1.1 200 OK
Transfer-Encoding: chunked
Keep-Alive: timeout=60
Connection: keep-alive
Date: Mon, 11 May 2020 06:09:03 GMT
Content-Type: application/json

{"code":0,"msg":"OK","result":{"id":1,"name":"123","age":1,"pwd":"123","token":"eyJhbGciOiJIUzI1NiJ9.eyJpc3MiOiJjb21tdW5pdHlfdXNlciIsIm5hbWUiOiIxMjMiLCJleHAiOjE1ODkyNjIzODMsInB3ZCI6IjEyMyIsInRzIjoiMTU4OTE3NTk4MyJ9.p5cBnqbgMxXrkAFm3w4l-h3X2jb8e35eWHRlUK-Dcoo","avatarUrl":"1","accountId":"陈晓跃"}}
2020-05-11 14:09:03.268 [http-nio-8083-exec-4] INFO  [org.zalando.logbook.Logbook:79] [bf2ef4ac12e8ad5a,6386005b21a47262] - Incoming Request: cbec440c3059f8f4
GET http://DESKTOP-K5RUUL2:8083/notification/countUnread?userId=1&status=0 HTTP/1.1
x-b3-parentspanid: bf2ef4ac12e8ad5a
x-b3-traceid: bf2ef4ac12e8ad5a
x-b3-spanid: 6386005b21a47262
x-b3-sampled: 1
host: DESKTOP-K5RUUL2:8083
connection: Keep-Alive
accept-encoding: gzip,deflate
user-agent: agent
accept: application/json, application/*+json
2020-05-11 14:09:03.271 [http-nio-8083-exec-4] INFO  [org.zalando.logbook.Logbook:84] [bf2ef4ac12e8ad5a,6386005b21a47262] - Outgoing Response: cbec440c3059f8f4
Duration: 3 ms
HTTP/1.1 200 OK
Transfer-Encoding: chunked
Keep-Alive: timeout=60
Connection: keep-alive
Date: Mon, 11 May 2020 06:09:03 GMT
Content-Type: application/json

{"code":0,"msg":"OK","result":7}
2020-05-11 14:09:03.352 [http-nio-8083-exec-5] INFO  [org.zalando.logbook.Logbook:79] [9cda1d68d1b7532c,b7203eb4cc781979] - Incoming Request: b5beb6a0961436ad
GET http://DESKTOP-K5RUUL2:8083/user/get?token=eyJhbGciOiJIUzI1NiJ9.eyJpc3MiOiJjb21tdW5pdHlfdXNlciIsIm5hbWUiOiIxMjMiLCJleHAiOjE1ODkyNjIzODMsInB3ZCI6IjEyMyIsInRzIjoiMTU4OTE3NTk4MyJ9.p5cBnqbgMxXrkAFm3w4l-h3X2jb8e35eWHRlUK-Dcoo HTTP/1.1
x-b3-parentspanid: 9cda1d68d1b7532c
x-b3-traceid: 9cda1d68d1b7532c
x-b3-spanid: b7203eb4cc781979
x-b3-sampled: 0
host: DESKTOP-K5RUUL2:8083
connection: Keep-Alive
accept-encoding: gzip,deflate
user-agent: agent
accept: application/json, application/*+json
2020-05-11 14:09:03.361 [http-nio-8083-exec-5] INFO  [org.zalando.logbook.Logbook:84] [9cda1d68d1b7532c,b7203eb4cc781979] - Outgoing Response: b5beb6a0961436ad
Duration: 10 ms
HTTP/1.1 200 OK
Transfer-Encoding: chunked
Keep-Alive: timeout=60
Connection: keep-alive
Date: Mon, 11 May 2020 06:09:03 GMT
Content-Type: application/json

{"code":0,"msg":"OK","result":{"id":1,"name":"123","age":1,"pwd":"123","token":"eyJhbGciOiJIUzI1NiJ9.eyJpc3MiOiJjb21tdW5pdHlfdXNlciIsIm5hbWUiOiIxMjMiLCJleHAiOjE1ODkyNjIzODMsInB3ZCI6IjEyMyIsInRzIjoiMTU4OTE3NTk4MyJ9.p5cBnqbgMxXrkAFm3w4l-h3X2jb8e35eWHRlUK-Dcoo","avatarUrl":"1","accountId":"陈晓跃"}}
2020-05-11 14:09:03.366 [http-nio-8083-exec-6] INFO  [org.zalando.logbook.Logbook:79] [9cda1d68d1b7532c,c08e27da7bd13633] - Incoming Request: 8e5f1cb4b5e164ad
GET http://DESKTOP-K5RUUL2:8083/notification/countUnread?userId=1&status=0 HTTP/1.1
x-b3-parentspanid: 9cda1d68d1b7532c
x-b3-traceid: 9cda1d68d1b7532c
x-b3-spanid: c08e27da7bd13633
x-b3-sampled: 0
host: DESKTOP-K5RUUL2:8083
connection: Keep-Alive
accept-encoding: gzip,deflate
user-agent: agent
accept: application/json, application/*+json
2020-05-11 14:09:03.370 [http-nio-8083-exec-6] INFO  [org.zalando.logbook.Logbook:84] [9cda1d68d1b7532c,c08e27da7bd13633] - Outgoing Response: 8e5f1cb4b5e164ad
Duration: 4 ms
HTTP/1.1 200 OK
Transfer-Encoding: chunked
Keep-Alive: timeout=60
Connection: keep-alive
Date: Mon, 11 May 2020 06:09:03 GMT
Content-Type: application/json

{"code":0,"msg":"OK","result":7}
2020-05-11 14:09:03.431 [http-nio-8083-exec-7] INFO  [org.zalando.logbook.Logbook:79] [29a7d1cb3bf011e3,bb3fa1462987f4ad] - Incoming Request: a78075e6d5fb2dfb
GET http://DESKTOP-K5RUUL2:8083/user/get?token=eyJhbGciOiJIUzI1NiJ9.eyJpc3MiOiJjb21tdW5pdHlfdXNlciIsIm5hbWUiOiIxMjMiLCJleHAiOjE1ODkyNjIzODMsInB3ZCI6IjEyMyIsInRzIjoiMTU4OTE3NTk4MyJ9.p5cBnqbgMxXrkAFm3w4l-h3X2jb8e35eWHRlUK-Dcoo HTTP/1.1
x-b3-parentspanid: 29a7d1cb3bf011e3
x-b3-traceid: 29a7d1cb3bf011e3
x-b3-spanid: bb3fa1462987f4ad
x-b3-sampled: 0
host: DESKTOP-K5RUUL2:8083
connection: Keep-Alive
accept-encoding: gzip,deflate
user-agent: agent
accept: application/json, application/*+json
2020-05-11 14:09:03.442 [http-nio-8083-exec-7] INFO  [org.zalando.logbook.Logbook:84] [29a7d1cb3bf011e3,bb3fa1462987f4ad] - Outgoing Response: a78075e6d5fb2dfb
Duration: 11 ms
HTTP/1.1 200 OK
Transfer-Encoding: chunked
Keep-Alive: timeout=60
Connection: keep-alive
Date: Mon, 11 May 2020 06:09:03 GMT
Content-Type: application/json

{"code":0,"msg":"OK","result":{"id":1,"name":"123","age":1,"pwd":"123","token":"eyJhbGciOiJIUzI1NiJ9.eyJpc3MiOiJjb21tdW5pdHlfdXNlciIsIm5hbWUiOiIxMjMiLCJleHAiOjE1ODkyNjIzODMsInB3ZCI6IjEyMyIsInRzIjoiMTU4OTE3NTk4MyJ9.p5cBnqbgMxXrkAFm3w4l-h3X2jb8e35eWHRlUK-Dcoo","avatarUrl":"1","accountId":"陈晓跃"}}
2020-05-11 14:09:03.445 [http-nio-8083-exec-8] INFO  [org.zalando.logbook.Logbook:79] [29a7d1cb3bf011e3,43b31f95d7a0fb4c] - Incoming Request: d61ca985eaa51a65
GET http://DESKTOP-K5RUUL2:8083/notification/countUnread?userId=1&status=0 HTTP/1.1
x-b3-parentspanid: 29a7d1cb3bf011e3
x-b3-traceid: 29a7d1cb3bf011e3
x-b3-spanid: 43b31f95d7a0fb4c
x-b3-sampled: 0
host: DESKTOP-K5RUUL2:8083
connection: Keep-Alive
accept-encoding: gzip,deflate
user-agent: agent
accept: application/json, application/*+json
2020-05-11 14:09:03.448 [http-nio-8083-exec-8] INFO  [org.zalando.logbook.Logbook:84] [29a7d1cb3bf011e3,43b31f95d7a0fb4c] - Outgoing Response: d61ca985eaa51a65
Duration: 4 ms
HTTP/1.1 200 OK
Transfer-Encoding: chunked
Keep-Alive: timeout=60
Connection: keep-alive
Date: Mon, 11 May 2020 06:09:03 GMT
Content-Type: application/json

{"code":0,"msg":"OK","result":7}
2020-05-11 14:09:44.944 [http-nio-8083-exec-10] INFO  [org.zalando.logbook.Logbook:79] [410a8a53eebb2ae1,2614f1dbb97cadbf] - Incoming Request: de237e9230ff73bf
GET http://DESKTOP-K5RUUL2:8083/question/list?offset=0&size=4 HTTP/1.1
x-b3-parentspanid: 7543cc50a43c2d92
x-b3-traceid: 410a8a53eebb2ae1
x-b3-spanid: 2614f1dbb97cadbf
x-b3-sampled: 1
host: DESKTOP-K5RUUL2:8083
connection: Keep-Alive
accept-encoding: gzip,deflate
user-agent: agent
accept: application/json, application/*+json
2020-05-11 14:09:44.950 [http-nio-8083-exec-10] INFO  [org.zalando.logbook.Logbook:84] [410a8a53eebb2ae1,2614f1dbb97cadbf] - Outgoing Response: de237e9230ff73bf
Duration: 5 ms
HTTP/1.1 200 OK
Transfer-Encoding: chunked
Keep-Alive: timeout=60
Connection: keep-alive
Date: Mon, 11 May 2020 06:09:44 GMT
Content-Type: application/json

{"code":0,"msg":"OK","result":[{"id":25,"title":"发布文章测试","description":"发布文章测试","tag":"js,php","gmtCreate":1587794699373,"gmtModified":1587794699373,"creator":1,"viewCount":0,"commentCount":0,"likeCount":null},{"id":24,"title":"什么是微服务，微服务的好处","description":"\t在微服务架构中，业务被拆分成多个高内聚低耦合的小型服务，每个小型服务都称作一个微服务，而每个微服务都可以运行在独立进程中，在整体架构中执行单独的任务，负责自己的功能。服务与服务之间可以相互调用，采用轻量级通信机制，独立自动部署，在每个微服务里面可以用不同的语言以及不同的存储技术。\r\n\t因此，微服务的优点显而易见，这也是让微服务架构成为热门架构的原因：\r\n\t第一点：易于开发和维护，每个微服务可由一个人或者一个小组进行开发和维护，微服务相对来说工程量较小，易于理解；\r\n\t第二点：独立部署，一个微服务的修改不需要协调其他的服务，节省了开发人员之间的沟通成本；\r\n\t第三点：伸缩性强，每个微服务都可以进行单独的横向和纵向上扩展，并且我们可以根据每个服务对硬件需求的不同进行定制化地升级和扩容，随着业务规模的扩大，我们可以进行进一步的拆分，进一步进行系统级的扩展。\r\n\t第四点：与组织结构相匹配，当出现异常日志的时候，我们可以通过划分不同的服务，交给不同的团队进行维护，减少维护、沟通成本；\t第五点：技术异构性，每个服务可以根据自身需求选择最适合该服务的技术进行开发。","tag":"java","gmtCreate":1587791267506,"gmtModified":1587791267506,"creator":1,"viewCount":17,"commentCount":3,"likeCount":null},{"id":23,"title":"最新文章","description":"123","tag":"python,java","gmtCreate":1587748463351,"gmtModified":1587748463351,"creator":1,"viewCount":1,"commentCount":0,"likeCount":null},{"id":22,"title":"编程之美","description":"132","tag":"java","gmtCreate":1587748280171,"gmtModified":1587748280171,"creator":1,"viewCount":0,"commentCount":0,"likeCount":null}]}
2020-05-11 14:09:44.993 [http-nio-8083-exec-1] INFO  [org.zalando.logbook.Logbook:79] [410a8a53eebb2ae1,0e35f835ca453c70] - Incoming Request: b0ebfa73ef4f1630
GET http://DESKTOP-K5RUUL2:8083/question/list?offset=4&size=4 HTTP/1.1
x-b3-parentspanid: 1e5b2a528c9fe00d
x-b3-traceid: 410a8a53eebb2ae1
x-b3-spanid: 0e35f835ca453c70
x-b3-sampled: 1
host: DESKTOP-K5RUUL2:8083
connection: Keep-Alive
accept-encoding: gzip,deflate
user-agent: agent
accept: application/json, application/*+json
2020-05-11 14:09:44.997 [http-nio-8083-exec-1] INFO  [org.zalando.logbook.Logbook:84] [410a8a53eebb2ae1,0e35f835ca453c70] - Outgoing Response: b0ebfa73ef4f1630
Duration: 5 ms
HTTP/1.1 200 OK
Transfer-Encoding: chunked
Keep-Alive: timeout=60
Connection: keep-alive
Date: Mon, 11 May 2020 06:09:44 GMT
Content-Type: application/json

{"code":0,"msg":"OK","result":[{"id":21,"title":"从0开始学JAVA","description":"123","tag":"java","gmtCreate":1587748265666,"gmtModified":1587748265666,"creator":1,"viewCount":0,"commentCount":0,"likeCount":null},{"id":20,"title":"微服务架构如何考虑？","description":"123","tag":"java","gmtCreate":1587748221949,"gmtModified":1587748221949,"creator":1,"viewCount":0,"commentCount":0,"likeCount":null},{"id":19,"title":"如何快速学习java","description":"123","tag":"java,php","gmtCreate":1587748189578,"gmtModified":1587748189578,"creator":1,"viewCount":0,"commentCount":0,"likeCount":null},{"id":18,"title":"热门3","description":"123","tag":"php,java,js","gmtCreate":1587463062594,"gmtModified":1587463062594,"creator":1,"viewCount":15,"commentCount":1,"likeCount":null}]}
2020-05-11 14:09:45.004 [http-nio-8083-exec-2] INFO  [org.zalando.logbook.Logbook:79] [410a8a53eebb2ae1,befe283d5cdad1bd] - Incoming Request: f281f05032cbdb04
GET http://DESKTOP-K5RUUL2:8083/question/list?offset=8&size=4 HTTP/1.1
x-b3-parentspanid: a010044f421729b7
x-b3-traceid: 410a8a53eebb2ae1
x-b3-spanid: befe283d5cdad1bd
x-b3-sampled: 1
host: DESKTOP-K5RUUL2:8083
connection: Keep-Alive
accept-encoding: gzip,deflate
user-agent: agent
accept: application/json, application/*+json
2020-05-11 14:09:45.009 [http-nio-8083-exec-2] INFO  [org.zalando.logbook.Logbook:84] [410a8a53eebb2ae1,befe283d5cdad1bd] - Outgoing Response: f281f05032cbdb04
Duration: 4 ms
HTTP/1.1 200 OK
Transfer-Encoding: chunked
Keep-Alive: timeout=60
Connection: keep-alive
Date: Mon, 11 May 2020 06:09:44 GMT
Content-Type: application/json

{"code":0,"msg":"OK","result":[{"id":17,"title":"热门2","description":"123","tag":"js,php,java","gmtCreate":1587463050254,"gmtModified":1587463050254,"creator":1,"viewCount":0,"commentCount":0,"likeCount":null},{"id":16,"title":"热门标签","description":"123是科技部对UI安管部卡斯比接口的把会计师不安居客吧开发背带裤","tag":"php,js,java","gmtCreate":1587463038397,"gmtModified":1587463038397,"creator":1,"viewCount":0,"commentCount":0,"likeCount":null}]}
2020-05-11 14:09:55.453 [http-nio-8083-exec-3] INFO  [org.zalando.logbook.Logbook:79] [4112854fe78d064f,f937c007864c5fa3] - Incoming Request: d76665381f2b41fa
GET http://DESKTOP-K5RUUL2:8083/user/get?token=eyJhbGciOiJIUzI1NiJ9.eyJpc3MiOiJjb21tdW5pdHlfdXNlciIsIm5hbWUiOiIxMjMiLCJleHAiOjE1ODkyNjIzODMsInB3ZCI6IjEyMyIsInRzIjoiMTU4OTE3NTk4MyJ9.p5cBnqbgMxXrkAFm3w4l-h3X2jb8e35eWHRlUK-Dcoo HTTP/1.1
x-b3-parentspanid: 4112854fe78d064f
x-b3-traceid: 4112854fe78d064f
x-b3-spanid: f937c007864c5fa3
x-b3-sampled: 1
host: DESKTOP-K5RUUL2:8083
connection: Keep-Alive
accept-encoding: gzip,deflate
user-agent: agent
accept: application/json, application/*+json
2020-05-11 14:09:55.460 [http-nio-8083-exec-3] INFO  [org.zalando.logbook.Logbook:84] [4112854fe78d064f,f937c007864c5fa3] - Outgoing Response: d76665381f2b41fa
Duration: 6 ms
HTTP/1.1 200 OK
Transfer-Encoding: chunked
Keep-Alive: timeout=60
Connection: keep-alive
Date: Mon, 11 May 2020 06:09:55 GMT
Content-Type: application/json

{"code":0,"msg":"OK","result":{"id":1,"name":"123","age":1,"pwd":"123","token":"eyJhbGciOiJIUzI1NiJ9.eyJpc3MiOiJjb21tdW5pdHlfdXNlciIsIm5hbWUiOiIxMjMiLCJleHAiOjE1ODkyNjIzODMsInB3ZCI6IjEyMyIsInRzIjoiMTU4OTE3NTk4MyJ9.p5cBnqbgMxXrkAFm3w4l-h3X2jb8e35eWHRlUK-Dcoo","avatarUrl":"1","accountId":"陈晓跃"}}
2020-05-11 14:09:55.478 [http-nio-8083-exec-4] INFO  [org.zalando.logbook.Logbook:79] [4112854fe78d064f,84dc3764ae98fad3] - Incoming Request: f8b648faea56b00b
GET http://DESKTOP-K5RUUL2:8083/notification/countUnread?userId=1&status=0 HTTP/1.1
x-b3-parentspanid: 4112854fe78d064f
x-b3-traceid: 4112854fe78d064f
x-b3-spanid: 84dc3764ae98fad3
x-b3-sampled: 1
host: DESKTOP-K5RUUL2:8083
connection: Keep-Alive
accept-encoding: gzip,deflate
user-agent: agent
accept: application/json, application/*+json
2020-05-11 14:09:55.481 [http-nio-8083-exec-4] INFO  [org.zalando.logbook.Logbook:84] [4112854fe78d064f,84dc3764ae98fad3] - Outgoing Response: f8b648faea56b00b
Duration: 3 ms
HTTP/1.1 200 OK
Transfer-Encoding: chunked
Keep-Alive: timeout=60
Connection: keep-alive
Date: Mon, 11 May 2020 06:09:55 GMT
Content-Type: application/json

{"code":0,"msg":"OK","result":7}
2020-05-11 14:10:01.063 [http-nio-8083-exec-5] INFO  [org.zalando.logbook.Logbook:79] [4a5f55c89dc4d45a,da580bc53c47dc92] - Incoming Request: 8a5437ff6316057b
GET http://DESKTOP-K5RUUL2:8083/user/get?token=eyJhbGciOiJIUzI1NiJ9.eyJpc3MiOiJjb21tdW5pdHlfdXNlciIsIm5hbWUiOiIxMjMiLCJleHAiOjE1ODkyNjIzODMsInB3ZCI6IjEyMyIsInRzIjoiMTU4OTE3NTk4MyJ9.p5cBnqbgMxXrkAFm3w4l-h3X2jb8e35eWHRlUK-Dcoo HTTP/1.1
x-b3-parentspanid: 4a5f55c89dc4d45a
x-b3-traceid: 4a5f55c89dc4d45a
x-b3-spanid: da580bc53c47dc92
x-b3-sampled: 1
host: DESKTOP-K5RUUL2:8083
connection: Keep-Alive
accept-encoding: gzip,deflate
user-agent: agent
accept: application/json, application/*+json
2020-05-11 14:10:01.072 [http-nio-8083-exec-5] INFO  [org.zalando.logbook.Logbook:84] [4a5f55c89dc4d45a,da580bc53c47dc92] - Outgoing Response: 8a5437ff6316057b
Duration: 9 ms
HTTP/1.1 200 OK
Transfer-Encoding: chunked
Keep-Alive: timeout=60
Connection: keep-alive
Date: Mon, 11 May 2020 06:10:01 GMT
Content-Type: application/json

{"code":0,"msg":"OK","result":{"id":1,"name":"123","age":1,"pwd":"123","token":"eyJhbGciOiJIUzI1NiJ9.eyJpc3MiOiJjb21tdW5pdHlfdXNlciIsIm5hbWUiOiIxMjMiLCJleHAiOjE1ODkyNjIzODMsInB3ZCI6IjEyMyIsInRzIjoiMTU4OTE3NTk4MyJ9.p5cBnqbgMxXrkAFm3w4l-h3X2jb8e35eWHRlUK-Dcoo","avatarUrl":"1","accountId":"陈晓跃"}}
2020-05-11 14:10:01.075 [http-nio-8083-exec-6] INFO  [org.zalando.logbook.Logbook:79] [4a5f55c89dc4d45a,1cd8d6789b5de213] - Incoming Request: 982e5ff5561d7d32
GET http://DESKTOP-K5RUUL2:8083/notification/countUnread?userId=1&status=0 HTTP/1.1
x-b3-parentspanid: 4a5f55c89dc4d45a
x-b3-traceid: 4a5f55c89dc4d45a
x-b3-spanid: 1cd8d6789b5de213
x-b3-sampled: 1
host: DESKTOP-K5RUUL2:8083
connection: Keep-Alive
accept-encoding: gzip,deflate
user-agent: agent
accept: application/json, application/*+json
2020-05-11 14:10:01.078 [http-nio-8083-exec-6] INFO  [org.zalando.logbook.Logbook:84] [4a5f55c89dc4d45a,1cd8d6789b5de213] - Outgoing Response: 982e5ff5561d7d32
Duration: 3 ms
HTTP/1.1 200 OK
Transfer-Encoding: chunked
Keep-Alive: timeout=60
Connection: keep-alive
Date: Mon, 11 May 2020 06:10:01 GMT
Content-Type: application/json

{"code":0,"msg":"OK","result":7}
2020-05-11 14:10:03.166 [http-nio-8083-exec-7] INFO  [org.zalando.logbook.Logbook:79] [f654894ce6b8907c,ea4050ea09247c01] - Incoming Request: d418b084402d1711
GET http://DESKTOP-K5RUUL2:8083/user/get?token=eyJhbGciOiJIUzI1NiJ9.eyJpc3MiOiJjb21tdW5pdHlfdXNlciIsIm5hbWUiOiIxMjMiLCJleHAiOjE1ODkyNjIzODMsInB3ZCI6IjEyMyIsInRzIjoiMTU4OTE3NTk4MyJ9.p5cBnqbgMxXrkAFm3w4l-h3X2jb8e35eWHRlUK-Dcoo HTTP/1.1
x-b3-parentspanid: f654894ce6b8907c
x-b3-traceid: f654894ce6b8907c
x-b3-spanid: ea4050ea09247c01
x-b3-sampled: 1
host: DESKTOP-K5RUUL2:8083
connection: Keep-Alive
accept-encoding: gzip,deflate
user-agent: agent
accept: application/json, application/*+json
2020-05-11 14:10:03.174 [http-nio-8083-exec-7] INFO  [org.zalando.logbook.Logbook:84] [f654894ce6b8907c,ea4050ea09247c01] - Outgoing Response: d418b084402d1711
Duration: 8 ms
HTTP/1.1 200 OK
Transfer-Encoding: chunked
Keep-Alive: timeout=60
Connection: keep-alive
Date: Mon, 11 May 2020 06:10:03 GMT
Content-Type: application/json

{"code":0,"msg":"OK","result":{"id":1,"name":"123","age":1,"pwd":"123","token":"eyJhbGciOiJIUzI1NiJ9.eyJpc3MiOiJjb21tdW5pdHlfdXNlciIsIm5hbWUiOiIxMjMiLCJleHAiOjE1ODkyNjIzODMsInB3ZCI6IjEyMyIsInRzIjoiMTU4OTE3NTk4MyJ9.p5cBnqbgMxXrkAFm3w4l-h3X2jb8e35eWHRlUK-Dcoo","avatarUrl":"1","accountId":"陈晓跃"}}
2020-05-11 14:10:03.177 [http-nio-8083-exec-8] INFO  [org.zalando.logbook.Logbook:79] [f654894ce6b8907c,e08dae175b6a598c] - Incoming Request: bdbf1de125192352
GET http://DESKTOP-K5RUUL2:8083/notification/countUnread?userId=1&status=0 HTTP/1.1
x-b3-parentspanid: f654894ce6b8907c
x-b3-traceid: f654894ce6b8907c
x-b3-spanid: e08dae175b6a598c
x-b3-sampled: 1
host: DESKTOP-K5RUUL2:8083
connection: Keep-Alive
accept-encoding: gzip,deflate
user-agent: agent
accept: application/json, application/*+json
2020-05-11 14:10:03.180 [http-nio-8083-exec-8] INFO  [org.zalando.logbook.Logbook:84] [f654894ce6b8907c,e08dae175b6a598c] - Outgoing Response: bdbf1de125192352
Duration: 3 ms
HTTP/1.1 200 OK
Transfer-Encoding: chunked
Keep-Alive: timeout=60
Connection: keep-alive
Date: Mon, 11 May 2020 06:10:03 GMT
Content-Type: application/json

{"code":0,"msg":"OK","result":7}
2020-05-11 14:10:05.090 [http-nio-8083-exec-9] INFO  [org.zalando.logbook.Logbook:79] [d2cda54b359523d8,f15dcd424061bb51] - Incoming Request: c377ccb6c4d2d96f
GET http://DESKTOP-K5RUUL2:8083/user/get?token=eyJhbGciOiJIUzI1NiJ9.eyJpc3MiOiJjb21tdW5pdHlfdXNlciIsIm5hbWUiOiIxMjMiLCJleHAiOjE1ODkyNjIzODMsInB3ZCI6IjEyMyIsInRzIjoiMTU4OTE3NTk4MyJ9.p5cBnqbgMxXrkAFm3w4l-h3X2jb8e35eWHRlUK-Dcoo HTTP/1.1
x-b3-parentspanid: d2cda54b359523d8
x-b3-traceid: d2cda54b359523d8
x-b3-spanid: f15dcd424061bb51
x-b3-sampled: 1
host: DESKTOP-K5RUUL2:8083
connection: Keep-Alive
accept-encoding: gzip,deflate
user-agent: agent
accept: application/json, application/*+json
2020-05-11 14:10:05.097 [http-nio-8083-exec-9] INFO  [org.zalando.logbook.Logbook:84] [d2cda54b359523d8,f15dcd424061bb51] - Outgoing Response: c377ccb6c4d2d96f
Duration: 6 ms
HTTP/1.1 200 OK
Transfer-Encoding: chunked
Keep-Alive: timeout=60
Connection: keep-alive
Date: Mon, 11 May 2020 06:10:05 GMT
Content-Type: application/json

{"code":0,"msg":"OK","result":{"id":1,"name":"123","age":1,"pwd":"123","token":"eyJhbGciOiJIUzI1NiJ9.eyJpc3MiOiJjb21tdW5pdHlfdXNlciIsIm5hbWUiOiIxMjMiLCJleHAiOjE1ODkyNjIzODMsInB3ZCI6IjEyMyIsInRzIjoiMTU4OTE3NTk4MyJ9.p5cBnqbgMxXrkAFm3w4l-h3X2jb8e35eWHRlUK-Dcoo","avatarUrl":"1","accountId":"陈晓跃"}}
2020-05-11 14:10:05.101 [http-nio-8083-exec-10] INFO  [org.zalando.logbook.Logbook:79] [d2cda54b359523d8,11cdc441e25e6531] - Incoming Request: de96995242a2baa1
GET http://DESKTOP-K5RUUL2:8083/notification/countUnread?userId=1&status=0 HTTP/1.1
x-b3-parentspanid: d2cda54b359523d8
x-b3-traceid: d2cda54b359523d8
x-b3-spanid: 11cdc441e25e6531
x-b3-sampled: 1
host: DESKTOP-K5RUUL2:8083
connection: Keep-Alive
accept-encoding: gzip,deflate
user-agent: agent
accept: application/json, application/*+json
2020-05-11 14:10:05.105 [http-nio-8083-exec-10] INFO  [org.zalando.logbook.Logbook:84] [d2cda54b359523d8,11cdc441e25e6531] - Outgoing Response: de96995242a2baa1
Duration: 5 ms
HTTP/1.1 200 OK
Transfer-Encoding: chunked
Keep-Alive: timeout=60
Connection: keep-alive
Date: Mon, 11 May 2020 06:10:05 GMT
Content-Type: application/json

{"code":0,"msg":"OK","result":7}
2020-05-11 14:11:48.191 [http-nio-8083-exec-2] INFO  [org.zalando.logbook.Logbook:79] [354f69b63f7cd735,58f316c76e773cae] - Incoming Request: c4639196b84b8d3e
GET http://DESKTOP-K5RUUL2:8083/user/get?token=eyJhbGciOiJIUzI1NiJ9.eyJpc3MiOiJjb21tdW5pdHlfdXNlciIsIm5hbWUiOiIxMjMiLCJleHAiOjE1ODkyNjIzODMsInB3ZCI6IjEyMyIsInRzIjoiMTU4OTE3NTk4MyJ9.p5cBnqbgMxXrkAFm3w4l-h3X2jb8e35eWHRlUK-Dcoo HTTP/1.1
x-b3-parentspanid: 354f69b63f7cd735
x-b3-traceid: 354f69b63f7cd735
x-b3-spanid: 58f316c76e773cae
x-b3-sampled: 1
host: DESKTOP-K5RUUL2:8083
connection: Keep-Alive
accept-encoding: gzip,deflate
user-agent: agent
accept: application/json, application/*+json
2020-05-11 14:11:48.197 [http-nio-8083-exec-2] INFO  [org.zalando.logbook.Logbook:84] [354f69b63f7cd735,58f316c76e773cae] - Outgoing Response: c4639196b84b8d3e
Duration: 7 ms
HTTP/1.1 200 OK
Transfer-Encoding: chunked
Keep-Alive: timeout=60
Connection: keep-alive
Date: Mon, 11 May 2020 06:11:48 GMT
Content-Type: application/json

{"code":0,"msg":"OK","result":{"id":1,"name":"123","age":1,"pwd":"123","token":"eyJhbGciOiJIUzI1NiJ9.eyJpc3MiOiJjb21tdW5pdHlfdXNlciIsIm5hbWUiOiIxMjMiLCJleHAiOjE1ODkyNjIzODMsInB3ZCI6IjEyMyIsInRzIjoiMTU4OTE3NTk4MyJ9.p5cBnqbgMxXrkAFm3w4l-h3X2jb8e35eWHRlUK-Dcoo","avatarUrl":"1","accountId":"陈晓跃"}}
2020-05-11 14:11:48.200 [http-nio-8083-exec-3] INFO  [org.zalando.logbook.Logbook:79] [354f69b63f7cd735,0bd923834c67f974] - Incoming Request: ad338fa3a93dce49
GET http://DESKTOP-K5RUUL2:8083/notification/countUnread?userId=1&status=0 HTTP/1.1
x-b3-parentspanid: 354f69b63f7cd735
x-b3-traceid: 354f69b63f7cd735
x-b3-spanid: 0bd923834c67f974
x-b3-sampled: 1
host: DESKTOP-K5RUUL2:8083
connection: Keep-Alive
accept-encoding: gzip,deflate
user-agent: agent
accept: application/json, application/*+json
2020-05-11 14:11:48.203 [http-nio-8083-exec-3] INFO  [org.zalando.logbook.Logbook:84] [354f69b63f7cd735,0bd923834c67f974] - Outgoing Response: ad338fa3a93dce49
Duration: 3 ms
HTTP/1.1 200 OK
Transfer-Encoding: chunked
Keep-Alive: timeout=60
Connection: keep-alive
Date: Mon, 11 May 2020 06:11:48 GMT
Content-Type: application/json

{"code":0,"msg":"OK","result":7}
2020-05-11 14:11:54.324 [http-nio-8083-exec-4] INFO  [org.zalando.logbook.Logbook:79] [51205cc926b3b938,3e67987feda88504] - Incoming Request: e4dcd1806302d3ef
GET http://DESKTOP-K5RUUL2:8083/user/get?token=eyJhbGciOiJIUzI1NiJ9.eyJpc3MiOiJjb21tdW5pdHlfdXNlciIsIm5hbWUiOiIxMjMiLCJleHAiOjE1ODkyNjIzODMsInB3ZCI6IjEyMyIsInRzIjoiMTU4OTE3NTk4MyJ9.p5cBnqbgMxXrkAFm3w4l-h3X2jb8e35eWHRlUK-Dcoo HTTP/1.1
x-b3-parentspanid: 51205cc926b3b938
x-b3-traceid: 51205cc926b3b938
x-b3-spanid: 3e67987feda88504
x-b3-sampled: 1
host: DESKTOP-K5RUUL2:8083
connection: Keep-Alive
accept-encoding: gzip,deflate
user-agent: agent
accept: application/json, application/*+json
2020-05-11 14:11:54.330 [http-nio-8083-exec-4] INFO  [org.zalando.logbook.Logbook:84] [51205cc926b3b938,3e67987feda88504] - Outgoing Response: e4dcd1806302d3ef
Duration: 6 ms
HTTP/1.1 200 OK
Transfer-Encoding: chunked
Keep-Alive: timeout=60
Connection: keep-alive
Date: Mon, 11 May 2020 06:11:54 GMT
Content-Type: application/json

{"code":0,"msg":"OK","result":{"id":1,"name":"123","age":1,"pwd":"123","token":"eyJhbGciOiJIUzI1NiJ9.eyJpc3MiOiJjb21tdW5pdHlfdXNlciIsIm5hbWUiOiIxMjMiLCJleHAiOjE1ODkyNjIzODMsInB3ZCI6IjEyMyIsInRzIjoiMTU4OTE3NTk4MyJ9.p5cBnqbgMxXrkAFm3w4l-h3X2jb8e35eWHRlUK-Dcoo","avatarUrl":"1","accountId":"陈晓跃"}}
2020-05-11 14:11:54.333 [http-nio-8083-exec-5] INFO  [org.zalando.logbook.Logbook:79] [51205cc926b3b938,e361bce06547edee] - Incoming Request: e4a2931a36dac99f
GET http://DESKTOP-K5RUUL2:8083/notification/countUnread?userId=1&status=0 HTTP/1.1
x-b3-parentspanid: 51205cc926b3b938
x-b3-traceid: 51205cc926b3b938
x-b3-spanid: e361bce06547edee
x-b3-sampled: 1
host: DESKTOP-K5RUUL2:8083
connection: Keep-Alive
accept-encoding: gzip,deflate
user-agent: agent
accept: application/json, application/*+json
2020-05-11 14:11:54.338 [http-nio-8083-exec-5] INFO  [org.zalando.logbook.Logbook:84] [51205cc926b3b938,e361bce06547edee] - Outgoing Response: e4a2931a36dac99f
Duration: 5 ms
HTTP/1.1 200 OK
Transfer-Encoding: chunked
Keep-Alive: timeout=60
Connection: keep-alive
Date: Mon, 11 May 2020 06:11:54 GMT
Content-Type: application/json

{"code":0,"msg":"OK","result":7}
2020-05-11 14:11:56.754 [http-nio-8083-exec-6] INFO  [org.zalando.logbook.Logbook:79] [96825a3c172e5bbf,dc8b476fbd8227e7] - Incoming Request: a550fee684f1bed3
GET http://DESKTOP-K5RUUL2:8083/user/get?token=eyJhbGciOiJIUzI1NiJ9.eyJpc3MiOiJjb21tdW5pdHlfdXNlciIsIm5hbWUiOiIxMjMiLCJleHAiOjE1ODkyNjIzODMsInB3ZCI6IjEyMyIsInRzIjoiMTU4OTE3NTk4MyJ9.p5cBnqbgMxXrkAFm3w4l-h3X2jb8e35eWHRlUK-Dcoo HTTP/1.1
x-b3-parentspanid: 96825a3c172e5bbf
x-b3-traceid: 96825a3c172e5bbf
x-b3-spanid: dc8b476fbd8227e7
x-b3-sampled: 1
host: DESKTOP-K5RUUL2:8083
connection: Keep-Alive
accept-encoding: gzip,deflate
user-agent: agent
accept: application/json, application/*+json
2020-05-11 14:11:56.761 [http-nio-8083-exec-6] INFO  [org.zalando.logbook.Logbook:84] [96825a3c172e5bbf,dc8b476fbd8227e7] - Outgoing Response: a550fee684f1bed3
Duration: 8 ms
HTTP/1.1 200 OK
Transfer-Encoding: chunked
Keep-Alive: timeout=60
Connection: keep-alive
Date: Mon, 11 May 2020 06:11:56 GMT
Content-Type: application/json

{"code":0,"msg":"OK","result":{"id":1,"name":"123","age":1,"pwd":"123","token":"eyJhbGciOiJIUzI1NiJ9.eyJpc3MiOiJjb21tdW5pdHlfdXNlciIsIm5hbWUiOiIxMjMiLCJleHAiOjE1ODkyNjIzODMsInB3ZCI6IjEyMyIsInRzIjoiMTU4OTE3NTk4MyJ9.p5cBnqbgMxXrkAFm3w4l-h3X2jb8e35eWHRlUK-Dcoo","avatarUrl":"1","accountId":"陈晓跃"}}
2020-05-11 14:11:56.764 [http-nio-8083-exec-7] INFO  [org.zalando.logbook.Logbook:79] [96825a3c172e5bbf,2bc272cd495ba364] - Incoming Request: eb913dbf39774eae
GET http://DESKTOP-K5RUUL2:8083/notification/countUnread?userId=1&status=0 HTTP/1.1
x-b3-parentspanid: 96825a3c172e5bbf
x-b3-traceid: 96825a3c172e5bbf
x-b3-spanid: 2bc272cd495ba364
x-b3-sampled: 1
host: DESKTOP-K5RUUL2:8083
connection: Keep-Alive
accept-encoding: gzip,deflate
user-agent: agent
accept: application/json, application/*+json
2020-05-11 14:11:56.767 [http-nio-8083-exec-7] INFO  [org.zalando.logbook.Logbook:84] [96825a3c172e5bbf,2bc272cd495ba364] - Outgoing Response: eb913dbf39774eae
Duration: 3 ms
HTTP/1.1 200 OK
Transfer-Encoding: chunked
Keep-Alive: timeout=60
Connection: keep-alive
Date: Mon, 11 May 2020 06:11:56 GMT
Content-Type: application/json

{"code":0,"msg":"OK","result":7}
2020-05-11 14:11:59.766 [http-nio-8083-exec-8] INFO  [org.zalando.logbook.Logbook:79] [0a737c5216b2a129,89adb9ae2a61098d] - Incoming Request: c5aa8d50f44a547f
GET http://DESKTOP-K5RUUL2:8083/user/get?token=eyJhbGciOiJIUzI1NiJ9.eyJpc3MiOiJjb21tdW5pdHlfdXNlciIsIm5hbWUiOiIxMjMiLCJleHAiOjE1ODkyNjIzODMsInB3ZCI6IjEyMyIsInRzIjoiMTU4OTE3NTk4MyJ9.p5cBnqbgMxXrkAFm3w4l-h3X2jb8e35eWHRlUK-Dcoo HTTP/1.1
x-b3-parentspanid: 0a737c5216b2a129
x-b3-traceid: 0a737c5216b2a129
x-b3-spanid: 89adb9ae2a61098d
x-b3-sampled: 1
host: DESKTOP-K5RUUL2:8083
connection: Keep-Alive
accept-encoding: gzip,deflate
user-agent: agent
accept: application/json, application/*+json
2020-05-11 14:11:59.778 [http-nio-8083-exec-8] INFO  [org.zalando.logbook.Logbook:84] [0a737c5216b2a129,89adb9ae2a61098d] - Outgoing Response: c5aa8d50f44a547f
Duration: 11 ms
HTTP/1.1 200 OK
Transfer-Encoding: chunked
Keep-Alive: timeout=60
Connection: keep-alive
Date: Mon, 11 May 2020 06:11:59 GMT
Content-Type: application/json

{"code":0,"msg":"OK","result":{"id":1,"name":"123","age":1,"pwd":"123","token":"eyJhbGciOiJIUzI1NiJ9.eyJpc3MiOiJjb21tdW5pdHlfdXNlciIsIm5hbWUiOiIxMjMiLCJleHAiOjE1ODkyNjIzODMsInB3ZCI6IjEyMyIsInRzIjoiMTU4OTE3NTk4MyJ9.p5cBnqbgMxXrkAFm3w4l-h3X2jb8e35eWHRlUK-Dcoo","avatarUrl":"1","accountId":"陈晓跃"}}
2020-05-11 14:11:59.780 [http-nio-8083-exec-9] INFO  [org.zalando.logbook.Logbook:79] [0a737c5216b2a129,8a44585481a4d2a7] - Incoming Request: 8ad2f18bd20019c9
GET http://DESKTOP-K5RUUL2:8083/notification/countUnread?userId=1&status=0 HTTP/1.1
x-b3-parentspanid: 0a737c5216b2a129
x-b3-traceid: 0a737c5216b2a129
x-b3-spanid: 8a44585481a4d2a7
x-b3-sampled: 1
host: DESKTOP-K5RUUL2:8083
connection: Keep-Alive
accept-encoding: gzip,deflate
user-agent: agent
accept: application/json, application/*+json
2020-05-11 14:11:59.784 [http-nio-8083-exec-9] INFO  [org.zalando.logbook.Logbook:84] [0a737c5216b2a129,8a44585481a4d2a7] - Outgoing Response: 8ad2f18bd20019c9
Duration: 3 ms
HTTP/1.1 200 OK
Transfer-Encoding: chunked
Keep-Alive: timeout=60
Connection: keep-alive
Date: Mon, 11 May 2020 06:11:59 GMT
Content-Type: application/json

{"code":0,"msg":"OK","result":7}
2020-05-11 14:12:39.717 [http-nio-8083-exec-10] INFO  [org.zalando.logbook.Logbook:79] [a6d002e0e315fb7f,43a9246fff682b87] - Incoming Request: dedf48e9848c82bc
GET http://DESKTOP-K5RUUL2:8083/user/get?token=eyJhbGciOiJIUzI1NiJ9.eyJpc3MiOiJjb21tdW5pdHlfdXNlciIsIm5hbWUiOiIxMjMiLCJleHAiOjE1ODkyNjIzODMsInB3ZCI6IjEyMyIsInRzIjoiMTU4OTE3NTk4MyJ9.p5cBnqbgMxXrkAFm3w4l-h3X2jb8e35eWHRlUK-Dcoo HTTP/1.1
x-b3-parentspanid: a6d002e0e315fb7f
x-b3-traceid: a6d002e0e315fb7f
x-b3-spanid: 43a9246fff682b87
x-b3-sampled: 1
host: DESKTOP-K5RUUL2:8083
connection: Keep-Alive
accept-encoding: gzip,deflate
user-agent: agent
accept: application/json, application/*+json
2020-05-11 14:12:39.725 [http-nio-8083-exec-10] INFO  [org.zalando.logbook.Logbook:84] [a6d002e0e315fb7f,43a9246fff682b87] - Outgoing Response: dedf48e9848c82bc
Duration: 9 ms
HTTP/1.1 200 OK
Transfer-Encoding: chunked
Keep-Alive: timeout=60
Connection: keep-alive
Date: Mon, 11 May 2020 06:12:39 GMT
Content-Type: application/json

{"code":0,"msg":"OK","result":{"id":1,"name":"123","age":1,"pwd":"123","token":"eyJhbGciOiJIUzI1NiJ9.eyJpc3MiOiJjb21tdW5pdHlfdXNlciIsIm5hbWUiOiIxMjMiLCJleHAiOjE1ODkyNjIzODMsInB3ZCI6IjEyMyIsInRzIjoiMTU4OTE3NTk4MyJ9.p5cBnqbgMxXrkAFm3w4l-h3X2jb8e35eWHRlUK-Dcoo","avatarUrl":"1","accountId":"陈晓跃"}}
2020-05-11 14:12:39.728 [http-nio-8083-exec-1] INFO  [org.zalando.logbook.Logbook:79] [a6d002e0e315fb7f,da9816b01be9889a] - Incoming Request: 917d84ae43e4815a
GET http://DESKTOP-K5RUUL2:8083/notification/countUnread?userId=1&status=0 HTTP/1.1
x-b3-parentspanid: a6d002e0e315fb7f
x-b3-traceid: a6d002e0e315fb7f
x-b3-spanid: da9816b01be9889a
x-b3-sampled: 1
host: DESKTOP-K5RUUL2:8083
connection: Keep-Alive
accept-encoding: gzip,deflate
user-agent: agent
accept: application/json, application/*+json
2020-05-11 14:12:39.735 [http-nio-8083-exec-1] INFO  [org.zalando.logbook.Logbook:84] [a6d002e0e315fb7f,da9816b01be9889a] - Outgoing Response: 917d84ae43e4815a
Duration: 7 ms
HTTP/1.1 200 OK
Transfer-Encoding: chunked
Keep-Alive: timeout=60
Connection: keep-alive
Date: Mon, 11 May 2020 06:12:39 GMT
Content-Type: application/json

{"code":0,"msg":"OK","result":7}
2020-05-11 14:13:37.159 [http-nio-8083-exec-2] INFO  [org.zalando.logbook.Logbook:79] [5bd80d334bb81fca,3b720eb142933606] - Incoming Request: c66c8419c013c63e
GET http://DESKTOP-K5RUUL2:8083/user/get?token=eyJhbGciOiJIUzI1NiJ9.eyJpc3MiOiJjb21tdW5pdHlfdXNlciIsIm5hbWUiOiIxMjMiLCJleHAiOjE1ODkyNjIzODMsInB3ZCI6IjEyMyIsInRzIjoiMTU4OTE3NTk4MyJ9.p5cBnqbgMxXrkAFm3w4l-h3X2jb8e35eWHRlUK-Dcoo HTTP/1.1
x-b3-parentspanid: 5bd80d334bb81fca
x-b3-traceid: 5bd80d334bb81fca
x-b3-spanid: 3b720eb142933606
x-b3-sampled: 1
host: DESKTOP-K5RUUL2:8083
connection: Keep-Alive
accept-encoding: gzip,deflate
user-agent: agent
accept: application/json, application/*+json
2020-05-11 14:13:37.166 [http-nio-8083-exec-2] INFO  [org.zalando.logbook.Logbook:84] [5bd80d334bb81fca,3b720eb142933606] - Outgoing Response: c66c8419c013c63e
Duration: 8 ms
HTTP/1.1 200 OK
Transfer-Encoding: chunked
Keep-Alive: timeout=60
Connection: keep-alive
Date: Mon, 11 May 2020 06:13:37 GMT
Content-Type: application/json

{"code":0,"msg":"OK","result":{"id":1,"name":"123","age":1,"pwd":"123","token":"eyJhbGciOiJIUzI1NiJ9.eyJpc3MiOiJjb21tdW5pdHlfdXNlciIsIm5hbWUiOiIxMjMiLCJleHAiOjE1ODkyNjIzODMsInB3ZCI6IjEyMyIsInRzIjoiMTU4OTE3NTk4MyJ9.p5cBnqbgMxXrkAFm3w4l-h3X2jb8e35eWHRlUK-Dcoo","avatarUrl":"1","accountId":"陈晓跃"}}
2020-05-11 14:13:37.170 [http-nio-8083-exec-3] INFO  [org.zalando.logbook.Logbook:79] [5bd80d334bb81fca,9a025a15330a7d9b] - Incoming Request: d32830f2f1bf8b83
GET http://DESKTOP-K5RUUL2:8083/notification/countUnread?userId=1&status=0 HTTP/1.1
x-b3-parentspanid: 5bd80d334bb81fca
x-b3-traceid: 5bd80d334bb81fca
x-b3-spanid: 9a025a15330a7d9b
x-b3-sampled: 1
host: DESKTOP-K5RUUL2:8083
connection: Keep-Alive
accept-encoding: gzip,deflate
user-agent: agent
accept: application/json, application/*+json
2020-05-11 14:13:37.174 [http-nio-8083-exec-3] INFO  [org.zalando.logbook.Logbook:84] [5bd80d334bb81fca,9a025a15330a7d9b] - Outgoing Response: d32830f2f1bf8b83
Duration: 5 ms
HTTP/1.1 200 OK
Transfer-Encoding: chunked
Keep-Alive: timeout=60
Connection: keep-alive
Date: Mon, 11 May 2020 06:13:37 GMT
Content-Type: application/json

{"code":0,"msg":"OK","result":7}
2020-05-11 14:13:39.525 [http-nio-8083-exec-4] INFO  [org.zalando.logbook.Logbook:79] [71f1f4a2543c89ac,4dc1559510afac18] - Incoming Request: eb0ee244140eb895
GET http://DESKTOP-K5RUUL2:8083/user/get?token=eyJhbGciOiJIUzI1NiJ9.eyJpc3MiOiJjb21tdW5pdHlfdXNlciIsIm5hbWUiOiIxMjMiLCJleHAiOjE1ODkyNjIzODMsInB3ZCI6IjEyMyIsInRzIjoiMTU4OTE3NTk4MyJ9.p5cBnqbgMxXrkAFm3w4l-h3X2jb8e35eWHRlUK-Dcoo HTTP/1.1
x-b3-parentspanid: 71f1f4a2543c89ac
x-b3-traceid: 71f1f4a2543c89ac
x-b3-spanid: 4dc1559510afac18
x-b3-sampled: 1
host: DESKTOP-K5RUUL2:8083
connection: Keep-Alive
accept-encoding: gzip,deflate
user-agent: agent
accept: application/json, application/*+json
2020-05-11 14:13:39.531 [http-nio-8083-exec-4] INFO  [org.zalando.logbook.Logbook:84] [71f1f4a2543c89ac,4dc1559510afac18] - Outgoing Response: eb0ee244140eb895
Duration: 6 ms
HTTP/1.1 200 OK
Transfer-Encoding: chunked
Keep-Alive: timeout=60
Connection: keep-alive
Date: Mon, 11 May 2020 06:13:39 GMT
Content-Type: application/json

{"code":0,"msg":"OK","result":{"id":1,"name":"123","age":1,"pwd":"123","token":"eyJhbGciOiJIUzI1NiJ9.eyJpc3MiOiJjb21tdW5pdHlfdXNlciIsIm5hbWUiOiIxMjMiLCJleHAiOjE1ODkyNjIzODMsInB3ZCI6IjEyMyIsInRzIjoiMTU4OTE3NTk4MyJ9.p5cBnqbgMxXrkAFm3w4l-h3X2jb8e35eWHRlUK-Dcoo","avatarUrl":"1","accountId":"陈晓跃"}}
2020-05-11 14:13:39.533 [http-nio-8083-exec-5] INFO  [org.zalando.logbook.Logbook:79] [71f1f4a2543c89ac,5ba9fcf73738824c] - Incoming Request: dd1625ff6d5cbe64
GET http://DESKTOP-K5RUUL2:8083/notification/countUnread?userId=1&status=0 HTTP/1.1
x-b3-parentspanid: 71f1f4a2543c89ac
x-b3-traceid: 71f1f4a2543c89ac
x-b3-spanid: 5ba9fcf73738824c
x-b3-sampled: 1
host: DESKTOP-K5RUUL2:8083
connection: Keep-Alive
accept-encoding: gzip,deflate
user-agent: agent
accept: application/json, application/*+json
2020-05-11 14:13:39.536 [http-nio-8083-exec-5] INFO  [org.zalando.logbook.Logbook:84] [71f1f4a2543c89ac,5ba9fcf73738824c] - Outgoing Response: dd1625ff6d5cbe64
Duration: 3 ms
HTTP/1.1 200 OK
Transfer-Encoding: chunked
Keep-Alive: timeout=60
Connection: keep-alive
Date: Mon, 11 May 2020 06:13:39 GMT
Content-Type: application/json

{"code":0,"msg":"OK","result":7}
2020-05-11 14:13:51.912 [AsyncResolver-bootstrap-executor-0] INFO  [com.netflix.discovery.shared.resolver.aws.ConfigClusterResolver:43] [,] - Resolving eureka endpoints via configuration
2020-05-11 14:18:51.920 [AsyncResolver-bootstrap-executor-0] INFO  [com.netflix.discovery.shared.resolver.aws.ConfigClusterResolver:43] [,] - Resolving eureka endpoints via configuration
2020-05-11 14:23:51.921 [AsyncResolver-bootstrap-executor-0] INFO  [com.netflix.discovery.shared.resolver.aws.ConfigClusterResolver:43] [,] - Resolving eureka endpoints via configuration
2020-05-11 14:28:51.923 [AsyncResolver-bootstrap-executor-0] INFO  [com.netflix.discovery.shared.resolver.aws.ConfigClusterResolver:43] [,] - Resolving eureka endpoints via configuration
2020-05-11 14:33:51.933 [AsyncResolver-bootstrap-executor-0] INFO  [com.netflix.discovery.shared.resolver.aws.ConfigClusterResolver:43] [,] - Resolving eureka endpoints via configuration
2020-05-11 14:38:51.938 [AsyncResolver-bootstrap-executor-0] INFO  [com.netflix.discovery.shared.resolver.aws.ConfigClusterResolver:43] [,] - Resolving eureka endpoints via configuration
2020-05-11 14:43:51.940 [AsyncResolver-bootstrap-executor-0] INFO  [com.netflix.discovery.shared.resolver.aws.ConfigClusterResolver:43] [,] - Resolving eureka endpoints via configuration
2020-05-11 14:48:51.941 [AsyncResolver-bootstrap-executor-0] INFO  [com.netflix.discovery.shared.resolver.aws.ConfigClusterResolver:43] [,] - Resolving eureka endpoints via configuration
2020-05-11 14:53:51.946 [AsyncResolver-bootstrap-executor-0] INFO  [com.netflix.discovery.shared.resolver.aws.ConfigClusterResolver:43] [,] - Resolving eureka endpoints via configuration
2020-05-11 14:58:51.949 [AsyncResolver-bootstrap-executor-0] INFO  [com.netflix.discovery.shared.resolver.aws.ConfigClusterResolver:43] [,] - Resolving eureka endpoints via configuration
