2020-04-25 00:15:38.585 [main] INFO  [com.hzu.community.CommunityServiceApplication:651] [,] - No active profile set, falling back to default profiles: default
2020-04-25 00:15:40.515 [main] INFO  [org.springframework.data.repository.config.RepositoryConfigurationDelegate:249] [,] - Multiple Spring Data modules found, entering strict repository configuration mode!
2020-04-25 00:15:40.519 [main] INFO  [org.springframework.data.repository.config.RepositoryConfigurationDelegate:127] [,] - Bootstrapping Spring Data Redis repositories in DEFAULT mode.
2020-04-25 00:15:40.556 [main] INFO  [org.springframework.data.repository.config.RepositoryConfigurationDelegate:187] [,] - Finished Spring Data repository scanning in 14ms. Found 0 Redis repository interfaces.
2020-04-25 00:15:40.719 [main] WARN  [org.springframework.boot.actuate.endpoint.EndpointId:155] [,] - Endpoint ID 'service-registry' contains invalid characters, please migrate to a valid format.
2020-04-25 00:15:41.304 [main] INFO  [org.springframework.cloud.context.scope.GenericScope:295] [,] - BeanFactory id=c0c0988a-80b7-3323-b48c-673e87611c7a
2020-04-25 00:15:41.769 [main] INFO  [org.springframework.context.support.PostProcessorRegistrationDelegate$BeanPostProcessorChecker:330] [,] - Bean 'spring.sleuth.redis-org.springframework.cloud.sleuth.instrument.redis.TraceRedisProperties' of type [org.springframework.cloud.sleuth.instrument.redis.TraceRedisProperties] is not eligible for getting processed by all BeanPostProcessors (for example: not eligible for auto-proxying)
2020-04-25 00:15:42.404 [main] INFO  [org.springframework.boot.web.embedded.tomcat.TomcatWebServer:92] [,] - Tomcat initialized with port(s): 8083 (http)
2020-04-25 00:15:42.427 [main] INFO  [org.apache.coyote.http11.Http11NioProtocol:173] [,] - Initializing ProtocolHandler ["http-nio-8083"]
2020-04-25 00:15:42.428 [main] INFO  [org.apache.catalina.core.StandardService:173] [,] - Starting service [Tomcat]
2020-04-25 00:15:42.429 [main] INFO  [org.apache.catalina.core.StandardEngine:173] [,] - Starting Servlet engine: [Apache Tomcat/9.0.33]
2020-04-25 00:15:42.765 [main] INFO  [org.apache.catalina.core.ContainerBase.[Tomcat].[localhost].[/]:173] [,] - Initializing Spring embedded WebApplicationContext
2020-04-25 00:15:42.765 [main] INFO  [org.springframework.web.context.ContextLoader:284] [,] - Root WebApplicationContext: initialization completed in 4155 ms
2020-04-25 00:15:43.049 [main] WARN  [com.netflix.config.sources.URLConfigurationSource:121] [,] - No URLs will be polled as dynamic configuration sources.
2020-04-25 00:15:43.050 [main] INFO  [com.netflix.config.sources.URLConfigurationSource:122] [,] - To enable URLs as dynamic configuration sources, define System property archaius.configurationSource.additionalUrls or make config.properties available on classpath.
2020-04-25 00:15:43.065 [main] INFO  [com.netflix.config.DynamicPropertyFactory:281] [,] - DynamicPropertyFactory is initialized with configuration sources: com.netflix.config.ConcurrentCompositeConfiguration@1f536481
2020-04-25 00:15:43.702 [main] INFO  [com.alibaba.druid.pool.DruidDataSource:1010] [,] - {dataSource-1} inited
2020-04-25 00:15:45.748 [main] WARN  [org.springframework.cloud.sleuth.zipkin2.ZipkinAutoConfiguration:114] [,] - Check result of the [AsyncReporter{org.springframework.cloud.sleuth.zipkin2.sender.RestTemplateSender@1ae924f1}] contains an error [CheckResult{ok=false, error=org.springframework.web.client.ResourceAccessException: I/O error on POST request for "http://localhost:9411/api/v2/spans": connect timed out; nested exception is java.net.SocketTimeoutException: connect timed out}]
2020-04-25 00:15:48.838 [main] WARN  [com.netflix.config.sources.URLConfigurationSource:121] [,] - No URLs will be polled as dynamic configuration sources.
2020-04-25 00:15:48.838 [main] INFO  [com.netflix.config.sources.URLConfigurationSource:122] [,] - To enable URLs as dynamic configuration sources, define System property archaius.configurationSource.additionalUrls or make config.properties available on classpath.
2020-04-25 00:15:49.144 [main] INFO  [org.springframework.scheduling.concurrent.ThreadPoolTaskExecutor:181] [,] - Initializing ExecutorService 'applicationTaskExecutor'
2020-04-25 00:15:50.123 [main] WARN  [org.springframework.boot.autoconfigure.freemarker.FreeMarkerAutoConfiguration:67] [,] - Cannot find template location(s): [classpath:/templates/] (please add some templates, check your FreeMarker configuration, or set spring.freemarker.checkTemplateLocation=false)
2020-04-25 00:15:50.932 [main] WARN  [org.springframework.cloud.loadbalancer.config.BlockingLoadBalancerClientAutoConfiguration$BlockingLoadBalancerClientRibbonWarnLogger:86] [,] - You already have RibbonLoadBalancerClient on your classpath. It will be used by default. As Spring Cloud Ribbon is in maintenance mode. We recommend switching to BlockingLoadBalancerClient instead. In order to use it, set the value of `spring.cloud.loadbalancer.ribbon.enabled` to `false` or remove spring-cloud-starter-netflix-ribbon from your project.
2020-04-25 00:15:51.760 [main] INFO  [org.springframework.boot.actuate.endpoint.web.EndpointLinksResolver:58] [,] - Exposing 2 endpoint(s) beneath base path '/actuator'
2020-04-25 00:15:51.823 [main] INFO  [org.springframework.cloud.netflix.eureka.InstanceInfoFactory:72] [,] - Setting initial instance status as: STARTING
2020-04-25 00:15:51.859 [main] INFO  [com.netflix.discovery.DiscoveryClient:368] [,] - Initializing Eureka in region us-east-1
2020-04-25 00:15:51.913 [main] INFO  [com.netflix.discovery.provider.DiscoveryJerseyProvider:70] [,] - Using JSON encoding codec LegacyJacksonJson
2020-04-25 00:15:51.913 [main] INFO  [com.netflix.discovery.provider.DiscoveryJerseyProvider:71] [,] - Using JSON decoding codec LegacyJacksonJson
2020-04-25 00:15:52.028 [main] INFO  [com.netflix.discovery.provider.DiscoveryJerseyProvider:80] [,] - Using XML encoding codec XStreamXml
2020-04-25 00:15:52.028 [main] INFO  [com.netflix.discovery.provider.DiscoveryJerseyProvider:81] [,] - Using XML decoding codec XStreamXml
2020-04-25 00:15:52.218 [main] INFO  [com.netflix.discovery.shared.resolver.aws.ConfigClusterResolver:43] [,] - Resolving eureka endpoints via configuration
2020-04-25 00:15:52.579 [main] INFO  [com.netflix.discovery.DiscoveryClient:981] [,] - Disable delta property : false
2020-04-25 00:15:52.580 [main] INFO  [com.netflix.discovery.DiscoveryClient:982] [,] - Single vip registry refresh property : null
2020-04-25 00:15:52.580 [main] INFO  [com.netflix.discovery.DiscoveryClient:983] [,] - Force full registry fetch : false
2020-04-25 00:15:52.580 [main] INFO  [com.netflix.discovery.DiscoveryClient:984] [,] - Application is null : false
2020-04-25 00:15:52.580 [main] INFO  [com.netflix.discovery.DiscoveryClient:985] [,] - Registered Applications size is zero : true
2020-04-25 00:15:52.580 [main] INFO  [com.netflix.discovery.DiscoveryClient:987] [,] - Application version is -1: true
2020-04-25 00:15:52.581 [main] INFO  [com.netflix.discovery.DiscoveryClient:1070] [,] - Getting all instance registry info from the eureka server
2020-04-25 00:15:52.720 [main] INFO  [com.netflix.discovery.DiscoveryClient:1079] [,] - The response status is 200
2020-04-25 00:15:52.723 [main] INFO  [com.netflix.discovery.DiscoveryClient:1294] [,] - Starting heartbeat executor: renew interval is: 5
2020-04-25 00:15:52.726 [main] INFO  [com.netflix.discovery.InstanceInfoReplicator:60] [,] - InstanceInfoReplicator onDemand update allowed rate per min is 4
2020-04-25 00:15:52.730 [main] INFO  [com.netflix.discovery.DiscoveryClient:468] [,] - Discovery Client initialized at timestamp 1587744952728 with initial instances count: 1
2020-04-25 00:15:52.739 [main] INFO  [org.springframework.cloud.netflix.eureka.serviceregistry.EurekaServiceRegistry:41] [,] - Registering application COMMUNITY with eureka with status UP
2020-04-25 00:15:52.740 [main] INFO  [com.netflix.discovery.DiscoveryClient:1330] [,] - Saw local status change event StatusChangeEvent [timestamp=1587744952740, current=UP, previous=STARTING]
2020-04-25 00:15:52.741 [main] WARN  [com.netflix.discovery.InstanceInfoReplicator:110] [,] - Ignoring onDemand update due to rate limiter
2020-04-25 00:15:52.833 [main] INFO  [org.apache.coyote.http11.Http11NioProtocol:173] [,] - Starting ProtocolHandler ["http-nio-8083"]
2020-04-25 00:15:52.865 [main] INFO  [org.springframework.boot.web.embedded.tomcat.TomcatWebServer:204] [,] - Tomcat started on port(s): 8083 (http) with context path ''
2020-04-25 00:15:52.866 [main] INFO  [org.springframework.cloud.netflix.eureka.serviceregistry.EurekaAutoServiceRegistration:145] [,] - Updating port to 8083
2020-04-25 00:15:53.137 [DiscoveryClient-InstanceInfoReplicator-0] INFO  [com.netflix.discovery.DiscoveryClient:847] [,] - DiscoveryClient_COMMUNITY/DESKTOP-K5RUUL2:community:8083: registering service...
2020-04-25 00:15:53.175 [DiscoveryClient-InstanceInfoReplicator-0] INFO  [com.netflix.discovery.DiscoveryClient:856] [,] - DiscoveryClient_COMMUNITY/DESKTOP-K5RUUL2:community:8083 - registration status: 204
2020-04-25 00:15:53.614 [main] INFO  [com.hzu.community.CommunityServiceApplication:61] [,] - Started CommunityServiceApplication in 18.447 seconds (JVM running for 23.816)
2020-04-25 00:20:52.583 [AsyncResolver-bootstrap-executor-0] INFO  [com.netflix.discovery.shared.resolver.aws.ConfigClusterResolver:43] [,] - Resolving eureka endpoints via configuration
2020-04-25 00:25:52.585 [AsyncResolver-bootstrap-executor-0] INFO  [com.netflix.discovery.shared.resolver.aws.ConfigClusterResolver:43] [,] - Resolving eureka endpoints via configuration
2020-04-25 00:30:52.588 [AsyncResolver-bootstrap-executor-0] INFO  [com.netflix.discovery.shared.resolver.aws.ConfigClusterResolver:43] [,] - Resolving eureka endpoints via configuration
2020-04-25 00:35:52.590 [AsyncResolver-bootstrap-executor-0] INFO  [com.netflix.discovery.shared.resolver.aws.ConfigClusterResolver:43] [,] - Resolving eureka endpoints via configuration
2020-04-25 00:36:31.406 [http-nio-8083-exec-1] INFO  [org.apache.catalina.core.ContainerBase.[Tomcat].[localhost].[/]:173] [,] - Initializing Spring DispatcherServlet 'dispatcherServlet'
2020-04-25 00:36:31.406 [http-nio-8083-exec-1] INFO  [org.springframework.web.servlet.DispatcherServlet:525] [,] - Initializing Servlet 'dispatcherServlet'
2020-04-25 00:36:31.422 [http-nio-8083-exec-1] INFO  [org.springframework.web.servlet.DispatcherServlet:547] [,] - Completed initialization in 16 ms
2020-04-25 00:36:31.478 [http-nio-8083-exec-1] INFO  [org.zalando.logbook.Logbook:79] [e5154636908f6173,e5154636908f6173] - Incoming Request: a770e8a110327a68
GET http://localhost:8083/question/list?offset=1&size=4 HTTP/1.1
sec-fetch-mode: cors
sec-fetch-site: none
cookie: Webstorm-f50b9c2b=1f6deee5-81f9-406f-977d-449465ce91bb
accept-language: zh-CN,zh;q=0.9
host: localhost:8083
content-type: application/json
connection: keep-alive
cache-control: no-cache
accept-encoding: gzip, deflate, br
user-agent: Mozilla/5.0 (Windows NT 10.0; Win64; x64) AppleWebKit/537.36 (KHTML, like Gecko) Chrome/81.0.4044.122 Safari/537.36
sec-fetch-dest: empty
accept: */*
2020-04-25 00:36:31.691 [http-nio-8083-exec-1] INFO  [org.zalando.logbook.Logbook:84] [e5154636908f6173,e5154636908f6173] - Outgoing Response: a770e8a110327a68
Duration: 209 ms
HTTP/1.1 200 OK
Transfer-Encoding: chunked
Keep-Alive: timeout=60
Connection: keep-alive
Date: Fri, 24 Apr 2020 16:36:31 GMT
Content-Type: application/json

{"code":0,"msg":"OK","result":[{"id":17,"title":"热门2","description":"123","tag":"js,php,java","gmtCreate":1587463050254,"gmtModified":1587463050254,"creator":1,"viewCount":0,"commentCount":0,"likeCount":null},{"id":16,"title":"热门标签","description":"123是科技部对UI安管部卡斯比接口的把会计师不安居客吧开发背带裤","tag":"php,js,java","gmtCreate":1587463038397,"gmtModified":1587463038397,"creator":1,"viewCount":0,"commentCount":0,"likeCount":null},{"id":10,"title":"springboot快速学习","description":"123","tag":"java,python","gmtCreate":1586840236237,"gmtModified":1586840236237,"creator":1,"viewCount":13,"commentCount":0,"likeCount":null},{"id":8,"title":"java Spring Boot","description":"123","tag":"java,docker","gmtCreate":1586840198981,"gmtModified":1586840198981,"creator":1,"viewCount":8,"commentCount":0,"likeCount":null}]}
2020-04-25 00:36:32.666 [AsyncReporter{org.springframework.cloud.sleuth.zipkin2.sender.RestTemplateSender@1ae924f1}] WARN  [zipkin2.reporter.AsyncReporter$BoundedAsyncReporter:295] [,] - Spans were dropped due to exceptions. All subsequent errors will be logged at FINE level.
2020-04-25 00:36:32.668 [AsyncReporter{org.springframework.cloud.sleuth.zipkin2.sender.RestTemplateSender@1ae924f1}] WARN  [zipkin2.reporter.AsyncReporter$BoundedAsyncReporter:302] [,] - Dropped 1 spans due to ResourceAccessException(I/O error on POST request for "http://localhost:9411/api/v2/spans": connect timed out; nested exception is java.net.SocketTimeoutException: connect timed out)
org.springframework.web.client.ResourceAccessException: I/O error on POST request for "http://localhost:9411/api/v2/spans": connect timed out; nested exception is java.net.SocketTimeoutException: connect timed out
	at org.springframework.web.client.RestTemplate.doExecute(RestTemplate.java:748) ~[spring-web-5.2.5.RELEASE.jar:5.2.5.RELEASE]
	at org.springframework.cloud.sleuth.zipkin2.sender.ZipkinRestTemplateWrapper.doExecute(ZipkinRestTemplateSenderConfiguration.java:228) ~[spring-cloud-sleuth-zipkin-2.2.2.RELEASE.jar:2.2.2.RELEASE]
	at org.springframework.web.client.RestTemplate.exchange(RestTemplate.java:641) ~[spring-web-5.2.5.RELEASE.jar:5.2.5.RELEASE]
	at org.springframework.cloud.sleuth.zipkin2.sender.RestTemplateSender.post(RestTemplateSender.java:129) ~[spring-cloud-sleuth-zipkin-2.2.2.RELEASE.jar:2.2.2.RELEASE]
	at org.springframework.cloud.sleuth.zipkin2.sender.RestTemplateSender$HttpPostCall.doExecute(RestTemplateSender.java:142) ~[spring-cloud-sleuth-zipkin-2.2.2.RELEASE.jar:2.2.2.RELEASE]
	at org.springframework.cloud.sleuth.zipkin2.sender.RestTemplateSender$HttpPostCall.doExecute(RestTemplateSender.java:132) ~[spring-cloud-sleuth-zipkin-2.2.2.RELEASE.jar:2.2.2.RELEASE]
	at zipkin2.Call$Base.execute(Call.java:380) ~[zipkin-2.19.3.jar:?]
	at zipkin2.reporter.AsyncReporter$BoundedAsyncReporter.flush(AsyncReporter.java:284) ~[zipkin-reporter-2.12.1.jar:?]
	at zipkin2.reporter.AsyncReporter$Flusher.run(AsyncReporter.java:358) ~[zipkin-reporter-2.12.1.jar:?]
	at java.lang.Thread.run(Thread.java:745) [?:1.8.0_121]
Caused by: java.net.SocketTimeoutException: connect timed out
	at java.net.DualStackPlainSocketImpl.waitForConnect(Native Method) ~[?:1.8.0_121]
	at java.net.DualStackPlainSocketImpl.socketConnect(DualStackPlainSocketImpl.java:85) ~[?:1.8.0_121]
	at java.net.AbstractPlainSocketImpl.doConnect(AbstractPlainSocketImpl.java:350) ~[?:1.8.0_121]
	at java.net.AbstractPlainSocketImpl.connectToAddress(AbstractPlainSocketImpl.java:206) ~[?:1.8.0_121]
	at java.net.AbstractPlainSocketImpl.connect(AbstractPlainSocketImpl.java:188) ~[?:1.8.0_121]
	at java.net.PlainSocketImpl.connect(PlainSocketImpl.java:172) ~[?:1.8.0_121]
	at java.net.SocksSocketImpl.connect(SocksSocketImpl.java:392) ~[?:1.8.0_121]
	at java.net.Socket.connect(Socket.java:589) ~[?:1.8.0_121]
	at sun.net.NetworkClient.doConnect(NetworkClient.java:175) ~[?:1.8.0_121]
	at sun.net.www.http.HttpClient.openServer(HttpClient.java:432) ~[?:1.8.0_121]
	at sun.net.www.http.HttpClient.openServer(HttpClient.java:527) ~[?:1.8.0_121]
	at sun.net.www.http.HttpClient.<init>(HttpClient.java:211) ~[?:1.8.0_121]
	at sun.net.www.http.HttpClient.New(HttpClient.java:308) ~[?:1.8.0_121]
	at sun.net.www.http.HttpClient.New(HttpClient.java:326) ~[?:1.8.0_121]
	at sun.net.www.protocol.http.HttpURLConnection.getNewHttpClient(HttpURLConnection.java:1202) ~[?:1.8.0_121]
	at sun.net.www.protocol.http.HttpURLConnection.plainConnect0(HttpURLConnection.java:1138) ~[?:1.8.0_121]
	at sun.net.www.protocol.http.HttpURLConnection.plainConnect(HttpURLConnection.java:1032) ~[?:1.8.0_121]
	at sun.net.www.protocol.http.HttpURLConnection.connect(HttpURLConnection.java:966) ~[?:1.8.0_121]
	at org.springframework.http.client.SimpleBufferingClientHttpRequest.executeInternal(SimpleBufferingClientHttpRequest.java:76) ~[spring-web-5.2.5.RELEASE.jar:5.2.5.RELEASE]
	at org.springframework.http.client.AbstractBufferingClientHttpRequest.executeInternal(AbstractBufferingClientHttpRequest.java:48) ~[spring-web-5.2.5.RELEASE.jar:5.2.5.RELEASE]
	at org.springframework.http.client.AbstractClientHttpRequest.execute(AbstractClientHttpRequest.java:53) ~[spring-web-5.2.5.RELEASE.jar:5.2.5.RELEASE]
	at org.springframework.web.client.RestTemplate.doExecute(RestTemplate.java:739) ~[spring-web-5.2.5.RELEASE.jar:5.2.5.RELEASE]
	... 9 more
2020-04-25 00:40:52.593 [AsyncResolver-bootstrap-executor-0] INFO  [com.netflix.discovery.shared.resolver.aws.ConfigClusterResolver:43] [,] - Resolving eureka endpoints via configuration
2020-04-25 00:45:52.595 [AsyncResolver-bootstrap-executor-0] INFO  [com.netflix.discovery.shared.resolver.aws.ConfigClusterResolver:43] [,] - Resolving eureka endpoints via configuration
2020-04-25 00:49:44.853 [http-nio-8083-exec-3] INFO  [org.zalando.logbook.Logbook:79] [d2fcd2699a76f819,d89890a65c40fc5a] - Incoming Request: a093b856888c7f06
GET http://DESKTOP-K5RUUL2:8083/question/count HTTP/1.1
x-b3-parentspanid: 3b1d89c7a4aeee70
x-b3-traceid: d2fcd2699a76f819
x-b3-spanid: d89890a65c40fc5a
x-b3-sampled: 1
host: DESKTOP-K5RUUL2:8083
connection: Keep-Alive
accept-encoding: gzip,deflate
user-agent: agent
accept: application/json, application/*+json
2020-04-25 00:49:44.868 [http-nio-8083-exec-3] INFO  [org.zalando.logbook.Logbook:84] [d2fcd2699a76f819,d89890a65c40fc5a] - Outgoing Response: a093b856888c7f06
Duration: 14 ms
HTTP/1.1 200 OK
Transfer-Encoding: chunked
Keep-Alive: timeout=60
Connection: keep-alive
Date: Fri, 24 Apr 2020 16:49:44 GMT
Content-Type: application/json

{"code":0,"msg":"OK","result":5}
2020-04-25 00:49:44.999 [http-nio-8083-exec-4] INFO  [org.zalando.logbook.Logbook:79] [d2fcd2699a76f819,8e4533b988c1218a] - Incoming Request: d74aee2c501e348e
GET http://DESKTOP-K5RUUL2:8083/question/list?offset=0&size=5 HTTP/1.1
x-b3-parentspanid: a77e8aea6e5b1ff6
x-b3-traceid: d2fcd2699a76f819
x-b3-spanid: 8e4533b988c1218a
x-b3-sampled: 1
host: DESKTOP-K5RUUL2:8083
connection: Keep-Alive
accept-encoding: gzip,deflate
user-agent: agent
accept: application/json, application/*+json
2020-04-25 00:49:45.006 [http-nio-8083-exec-4] INFO  [org.zalando.logbook.Logbook:84] [d2fcd2699a76f819,8e4533b988c1218a] - Outgoing Response: d74aee2c501e348e
Duration: 7 ms
HTTP/1.1 200 OK
Transfer-Encoding: chunked
Keep-Alive: timeout=60
Connection: keep-alive
Date: Fri, 24 Apr 2020 16:49:44 GMT
Content-Type: application/json

{"code":0,"msg":"OK","result":[{"id":18,"title":"热门3","description":"123","tag":"php,java,js","gmtCreate":1587463062594,"gmtModified":1587463062594,"creator":1,"viewCount":15,"commentCount":1,"likeCount":null},{"id":17,"title":"热门2","description":"123","tag":"js,php,java","gmtCreate":1587463050254,"gmtModified":1587463050254,"creator":1,"viewCount":0,"commentCount":0,"likeCount":null},{"id":16,"title":"热门标签","description":"123是科技部对UI安管部卡斯比接口的把会计师不安居客吧开发背带裤","tag":"php,js,java","gmtCreate":1587463038397,"gmtModified":1587463038397,"creator":1,"viewCount":0,"commentCount":0,"likeCount":null},{"id":10,"title":"springboot快速学习","description":"123","tag":"java,python","gmtCreate":1586840236237,"gmtModified":1586840236237,"creator":1,"viewCount":13,"commentCount":0,"likeCount":null},{"id":8,"title":"java Spring Boot","description":"123","tag":"java,docker","gmtCreate":1586840198981,"gmtModified":1586840198981,"creator":1,"viewCount":8,"commentCount":0,"likeCount":null}]}
2020-04-25 00:49:45.024 [http-nio-8083-exec-5] INFO  [org.zalando.logbook.Logbook:79] [d2fcd2699a76f819,3e14a6d15c1ccea6] - Incoming Request: e35229e19bd39df4
GET http://DESKTOP-K5RUUL2:8083/user/getById?id=1 HTTP/1.1
x-b3-parentspanid: d2fcd2699a76f819
x-b3-traceid: d2fcd2699a76f819
x-b3-spanid: 3e14a6d15c1ccea6
x-b3-sampled: 1
host: DESKTOP-K5RUUL2:8083
connection: Keep-Alive
accept-encoding: gzip,deflate
user-agent: agent
accept: application/json, application/*+json
2020-04-25 00:49:45.302 [http-nio-8083-exec-5] INFO  [io.lettuce.core.EpollProvider:68] [d2fcd2699a76f819,3e14a6d15c1ccea6] - Starting without optional epoll library
2020-04-25 00:49:45.304 [http-nio-8083-exec-5] INFO  [io.lettuce.core.KqueueProvider:70] [d2fcd2699a76f819,3e14a6d15c1ccea6] - Starting without optional kqueue library
2020-04-25 00:49:46.418 [http-nio-8083-exec-5] INFO  [org.zalando.logbook.Logbook:84] [d2fcd2699a76f819,3e14a6d15c1ccea6] - Outgoing Response: e35229e19bd39df4
Duration: 1394 ms
HTTP/1.1 200 OK
Transfer-Encoding: chunked
Keep-Alive: timeout=60
Connection: keep-alive
Date: Fri, 24 Apr 2020 16:49:46 GMT
Content-Type: application/json

{"code":0,"msg":"OK","result":{"id":1,"name":"123","age":1,"pwd":"123","token":"4d931e3d-725b-4e09-810f-72c6665c6301","avatarUrl":"1","accountId":"陈晓跃"}}
2020-04-25 00:49:46.431 [http-nio-8083-exec-6] INFO  [org.zalando.logbook.Logbook:79] [d2fcd2699a76f819,406082522c3f3ca2] - Incoming Request: d38e2eac3b49012f
GET http://DESKTOP-K5RUUL2:8083/user/getById?id=1 HTTP/1.1
x-b3-parentspanid: d2fcd2699a76f819
x-b3-traceid: d2fcd2699a76f819
x-b3-spanid: 406082522c3f3ca2
x-b3-sampled: 1
host: DESKTOP-K5RUUL2:8083
connection: Keep-Alive
accept-encoding: gzip,deflate
user-agent: agent
accept: application/json, application/*+json
2020-04-25 00:49:46.443 [http-nio-8083-exec-6] INFO  [org.zalando.logbook.Logbook:84] [d2fcd2699a76f819,406082522c3f3ca2] - Outgoing Response: d38e2eac3b49012f
Duration: 12 ms
HTTP/1.1 200 OK
Transfer-Encoding: chunked
Keep-Alive: timeout=60
Connection: keep-alive
Date: Fri, 24 Apr 2020 16:49:46 GMT
Content-Type: application/json

{"code":0,"msg":"OK","result":{"id":1,"name":"123","age":1,"pwd":"123","token":"4d931e3d-725b-4e09-810f-72c6665c6301","avatarUrl":"1","accountId":"陈晓跃"}}
2020-04-25 00:49:46.447 [http-nio-8083-exec-7] INFO  [org.zalando.logbook.Logbook:79] [d2fcd2699a76f819,b4e256e6eb016682] - Incoming Request: f41cc5cbc673cdcd
GET http://DESKTOP-K5RUUL2:8083/user/getById?id=1 HTTP/1.1
x-b3-parentspanid: d2fcd2699a76f819
x-b3-traceid: d2fcd2699a76f819
x-b3-spanid: b4e256e6eb016682
x-b3-sampled: 1
host: DESKTOP-K5RUUL2:8083
connection: Keep-Alive
accept-encoding: gzip,deflate
user-agent: agent
accept: application/json, application/*+json
2020-04-25 00:49:46.490 [http-nio-8083-exec-7] INFO  [org.zalando.logbook.Logbook:84] [d2fcd2699a76f819,b4e256e6eb016682] - Outgoing Response: f41cc5cbc673cdcd
Duration: 44 ms
HTTP/1.1 200 OK
Transfer-Encoding: chunked
Keep-Alive: timeout=60
Connection: keep-alive
Date: Fri, 24 Apr 2020 16:49:46 GMT
Content-Type: application/json

{"code":0,"msg":"OK","result":{"id":1,"name":"123","age":1,"pwd":"123","token":"4d931e3d-725b-4e09-810f-72c6665c6301","avatarUrl":"1","accountId":"陈晓跃"}}
2020-04-25 00:49:46.496 [http-nio-8083-exec-8] INFO  [org.zalando.logbook.Logbook:79] [d2fcd2699a76f819,b0dc5c0e887df4aa] - Incoming Request: 92de0cb6cecafc10
GET http://DESKTOP-K5RUUL2:8083/user/getById?id=1 HTTP/1.1
x-b3-parentspanid: d2fcd2699a76f819
x-b3-traceid: d2fcd2699a76f819
x-b3-spanid: b0dc5c0e887df4aa
x-b3-sampled: 1
host: DESKTOP-K5RUUL2:8083
connection: Keep-Alive
accept-encoding: gzip,deflate
user-agent: agent
accept: application/json, application/*+json
2020-04-25 00:49:46.502 [http-nio-8083-exec-8] INFO  [org.zalando.logbook.Logbook:84] [d2fcd2699a76f819,b0dc5c0e887df4aa] - Outgoing Response: 92de0cb6cecafc10
Duration: 6 ms
HTTP/1.1 200 OK
Transfer-Encoding: chunked
Keep-Alive: timeout=60
Connection: keep-alive
Date: Fri, 24 Apr 2020 16:49:46 GMT
Content-Type: application/json

{"code":0,"msg":"OK","result":{"id":1,"name":"123","age":1,"pwd":"123","token":"4d931e3d-725b-4e09-810f-72c6665c6301","avatarUrl":"1","accountId":"陈晓跃"}}
2020-04-25 00:49:46.507 [http-nio-8083-exec-9] INFO  [org.zalando.logbook.Logbook:79] [d2fcd2699a76f819,503b55bbe028d2fc] - Incoming Request: 98a1c092693bd58e
GET http://DESKTOP-K5RUUL2:8083/user/getById?id=1 HTTP/1.1
x-b3-parentspanid: d2fcd2699a76f819
x-b3-traceid: d2fcd2699a76f819
x-b3-spanid: 503b55bbe028d2fc
x-b3-sampled: 1
host: DESKTOP-K5RUUL2:8083
connection: Keep-Alive
accept-encoding: gzip,deflate
user-agent: agent
accept: application/json, application/*+json
2020-04-25 00:49:46.512 [http-nio-8083-exec-9] INFO  [org.zalando.logbook.Logbook:84] [d2fcd2699a76f819,503b55bbe028d2fc] - Outgoing Response: 98a1c092693bd58e
Duration: 5 ms
HTTP/1.1 200 OK
Transfer-Encoding: chunked
Keep-Alive: timeout=60
Connection: keep-alive
Date: Fri, 24 Apr 2020 16:49:46 GMT
Content-Type: application/json

{"code":0,"msg":"OK","result":{"id":1,"name":"123","age":1,"pwd":"123","token":"4d931e3d-725b-4e09-810f-72c6665c6301","avatarUrl":"1","accountId":"陈晓跃"}}
2020-04-25 00:49:57.530 [http-nio-8083-exec-10] INFO  [org.zalando.logbook.Logbook:79] [d9923fdb584721aa,319e30a6c315bcc1] - Incoming Request: fd835019365e30ff
POST http://DESKTOP-K5RUUL2:8083/user/auth HTTP/1.1
x-b3-parentspanid: d9923fdb584721aa
content-length: 26
x-b3-traceid: d9923fdb584721aa
x-b3-spanid: 319e30a6c315bcc1
x-b3-sampled: 1
host: DESKTOP-K5RUUL2:8083
content-type: application/json;charset=UTF-8
connection: Keep-Alive
accept-encoding: gzip,deflate
user-agent: agent
accept: application/json, application/*+json

{"name":"123","pwd":"123"}
2020-04-25 00:49:57.658 [http-nio-8083-exec-10] INFO  [org.zalando.logbook.Logbook:84] [d9923fdb584721aa,319e30a6c315bcc1] - Outgoing Response: fd835019365e30ff
Duration: 128 ms
HTTP/1.1 200 OK
Transfer-Encoding: chunked
Keep-Alive: timeout=60
Connection: keep-alive
Date: Fri, 24 Apr 2020 16:49:57 GMT
Content-Type: application/json

{"code":0,"msg":"OK","result":{"id":1,"name":"123","age":1,"pwd":"123","token":"eyJhbGciOiJIUzI1NiJ9.eyJpc3MiOiJjb21tdW5pdHlfdXNlciIsIm5hbWUiOiIxMjMiLCJleHAiOjE1ODc4MzMzOTcsInB3ZCI6IjEyMyIsInRzIjoiMTU4Nzc0Njk5NyJ9.e30LRronxruKAcK7hzwy56f1qySDaL9yTnLHQL49s0A","avatarUrl":"1","accountId":"陈晓跃"}}
2020-04-25 00:49:57.701 [http-nio-8083-exec-1] INFO  [org.zalando.logbook.Logbook:79] [136c21f7cf26f398,ab1976f128763166] - Incoming Request: f99eed0a0fe7f9f3
GET http://DESKTOP-K5RUUL2:8083/user/get?token=eyJhbGciOiJIUzI1NiJ9.eyJpc3MiOiJjb21tdW5pdHlfdXNlciIsIm5hbWUiOiIxMjMiLCJleHAiOjE1ODc4MzMzOTcsInB3ZCI6IjEyMyIsInRzIjoiMTU4Nzc0Njk5NyJ9.e30LRronxruKAcK7hzwy56f1qySDaL9yTnLHQL49s0A HTTP/1.1
x-b3-parentspanid: 136c21f7cf26f398
x-b3-traceid: 136c21f7cf26f398
x-b3-spanid: ab1976f128763166
x-b3-sampled: 0
host: DESKTOP-K5RUUL2:8083
connection: Keep-Alive
accept-encoding: gzip,deflate
user-agent: agent
accept: application/json, application/*+json
2020-04-25 00:49:57.745 [http-nio-8083-exec-1] INFO  [org.zalando.logbook.Logbook:84] [136c21f7cf26f398,ab1976f128763166] - Outgoing Response: f99eed0a0fe7f9f3
Duration: 44 ms
HTTP/1.1 200 OK
Transfer-Encoding: chunked
Keep-Alive: timeout=60
Connection: keep-alive
Date: Fri, 24 Apr 2020 16:49:57 GMT
Content-Type: application/json

{"code":0,"msg":"OK","result":{"id":1,"name":"123","age":1,"pwd":"123","token":"eyJhbGciOiJIUzI1NiJ9.eyJpc3MiOiJjb21tdW5pdHlfdXNlciIsIm5hbWUiOiIxMjMiLCJleHAiOjE1ODc4MzMzOTcsInB3ZCI6IjEyMyIsInRzIjoiMTU4Nzc0Njk5NyJ9.e30LRronxruKAcK7hzwy56f1qySDaL9yTnLHQL49s0A","avatarUrl":"1","accountId":"陈晓跃"}}
2020-04-25 00:49:57.754 [http-nio-8083-exec-2] INFO  [org.zalando.logbook.Logbook:79] [136c21f7cf26f398,fd0bdaa32605e7c4] - Incoming Request: b417d48d64da8519
GET http://DESKTOP-K5RUUL2:8083/notification/countUnread?userId=1&status=0 HTTP/1.1
x-b3-parentspanid: 136c21f7cf26f398
x-b3-traceid: 136c21f7cf26f398
x-b3-spanid: fd0bdaa32605e7c4
x-b3-sampled: 0
host: DESKTOP-K5RUUL2:8083
connection: Keep-Alive
accept-encoding: gzip,deflate
user-agent: agent
accept: application/json, application/*+json
2020-04-25 00:49:57.759 [http-nio-8083-exec-2] INFO  [org.zalando.logbook.Logbook:84] [136c21f7cf26f398,fd0bdaa32605e7c4] - Outgoing Response: b417d48d64da8519
Duration: 6 ms
HTTP/1.1 200 OK
Transfer-Encoding: chunked
Keep-Alive: timeout=60
Connection: keep-alive
Date: Fri, 24 Apr 2020 16:49:57 GMT
Content-Type: application/json

{"code":0,"msg":"OK","result":3}
2020-04-25 00:49:57.766 [http-nio-8083-exec-3] INFO  [org.zalando.logbook.Logbook:79] [136c21f7cf26f398,23fd309ca34e2947] - Incoming Request: dc18edcf169bc46c
GET http://DESKTOP-K5RUUL2:8083/question/count HTTP/1.1
x-b3-parentspanid: c94a3ecc958c86ca
x-b3-traceid: 136c21f7cf26f398
x-b3-spanid: 23fd309ca34e2947
x-b3-sampled: 0
host: DESKTOP-K5RUUL2:8083
connection: Keep-Alive
accept-encoding: gzip,deflate
user-agent: agent
accept: application/json, application/*+json
2020-04-25 00:49:57.770 [http-nio-8083-exec-3] INFO  [org.zalando.logbook.Logbook:84] [136c21f7cf26f398,23fd309ca34e2947] - Outgoing Response: dc18edcf169bc46c
Duration: 5 ms
HTTP/1.1 200 OK
Transfer-Encoding: chunked
Keep-Alive: timeout=60
Connection: keep-alive
Date: Fri, 24 Apr 2020 16:49:57 GMT
Content-Type: application/json

{"code":0,"msg":"OK","result":5}
2020-04-25 00:49:57.777 [http-nio-8083-exec-4] INFO  [org.zalando.logbook.Logbook:79] [136c21f7cf26f398,ae56ee2e36feaad1] - Incoming Request: 90053c02e720bd0d
GET http://DESKTOP-K5RUUL2:8083/question/list?offset=0&size=5 HTTP/1.1
x-b3-parentspanid: 676b4fc7126fb5cc
x-b3-traceid: 136c21f7cf26f398
x-b3-spanid: ae56ee2e36feaad1
x-b3-sampled: 0
host: DESKTOP-K5RUUL2:8083
connection: Keep-Alive
accept-encoding: gzip,deflate
user-agent: agent
accept: application/json, application/*+json
2020-04-25 00:49:57.784 [http-nio-8083-exec-4] INFO  [org.zalando.logbook.Logbook:84] [136c21f7cf26f398,ae56ee2e36feaad1] - Outgoing Response: 90053c02e720bd0d
Duration: 8 ms
HTTP/1.1 200 OK
Transfer-Encoding: chunked
Keep-Alive: timeout=60
Connection: keep-alive
Date: Fri, 24 Apr 2020 16:49:57 GMT
Content-Type: application/json

{"code":0,"msg":"OK","result":[{"id":18,"title":"热门3","description":"123","tag":"php,java,js","gmtCreate":1587463062594,"gmtModified":1587463062594,"creator":1,"viewCount":15,"commentCount":1,"likeCount":null},{"id":17,"title":"热门2","description":"123","tag":"js,php,java","gmtCreate":1587463050254,"gmtModified":1587463050254,"creator":1,"viewCount":0,"commentCount":0,"likeCount":null},{"id":16,"title":"热门标签","description":"123是科技部对UI安管部卡斯比接口的把会计师不安居客吧开发背带裤","tag":"php,js,java","gmtCreate":1587463038397,"gmtModified":1587463038397,"creator":1,"viewCount":0,"commentCount":0,"likeCount":null},{"id":10,"title":"springboot快速学习","description":"123","tag":"java,python","gmtCreate":1586840236237,"gmtModified":1586840236237,"creator":1,"viewCount":13,"commentCount":0,"likeCount":null},{"id":8,"title":"java Spring Boot","description":"123","tag":"java,docker","gmtCreate":1586840198981,"gmtModified":1586840198981,"creator":1,"viewCount":8,"commentCount":0,"likeCount":null}]}
2020-04-25 00:49:57.791 [http-nio-8083-exec-5] INFO  [org.zalando.logbook.Logbook:79] [136c21f7cf26f398,d5edd06af5d62fcc] - Incoming Request: e55a905f405bc116
GET http://DESKTOP-K5RUUL2:8083/user/getById?id=1 HTTP/1.1
x-b3-parentspanid: 136c21f7cf26f398
x-b3-traceid: 136c21f7cf26f398
x-b3-spanid: d5edd06af5d62fcc
x-b3-sampled: 0
host: DESKTOP-K5RUUL2:8083
connection: Keep-Alive
accept-encoding: gzip,deflate
user-agent: agent
accept: application/json, application/*+json
2020-04-25 00:49:57.796 [http-nio-8083-exec-5] INFO  [org.zalando.logbook.Logbook:84] [136c21f7cf26f398,d5edd06af5d62fcc] - Outgoing Response: e55a905f405bc116
Duration: 6 ms
HTTP/1.1 200 OK
Transfer-Encoding: chunked
Keep-Alive: timeout=60
Connection: keep-alive
Date: Fri, 24 Apr 2020 16:49:57 GMT
Content-Type: application/json

{"code":0,"msg":"OK","result":{"id":1,"name":"123","age":1,"pwd":"123","token":"4d931e3d-725b-4e09-810f-72c6665c6301","avatarUrl":"1","accountId":"陈晓跃"}}
2020-04-25 00:49:57.800 [http-nio-8083-exec-6] INFO  [org.zalando.logbook.Logbook:79] [136c21f7cf26f398,fc5d58f474c5387b] - Incoming Request: 884886fa7109ee33
GET http://DESKTOP-K5RUUL2:8083/user/getById?id=1 HTTP/1.1
x-b3-parentspanid: 136c21f7cf26f398
x-b3-traceid: 136c21f7cf26f398
x-b3-spanid: fc5d58f474c5387b
x-b3-sampled: 0
host: DESKTOP-K5RUUL2:8083
connection: Keep-Alive
accept-encoding: gzip,deflate
user-agent: agent
accept: application/json, application/*+json
2020-04-25 00:49:57.803 [http-nio-8083-exec-6] INFO  [org.zalando.logbook.Logbook:84] [136c21f7cf26f398,fc5d58f474c5387b] - Outgoing Response: 884886fa7109ee33
Duration: 3 ms
HTTP/1.1 200 OK
Transfer-Encoding: chunked
Keep-Alive: timeout=60
Connection: keep-alive
Date: Fri, 24 Apr 2020 16:49:57 GMT
Content-Type: application/json

{"code":0,"msg":"OK","result":{"id":1,"name":"123","age":1,"pwd":"123","token":"4d931e3d-725b-4e09-810f-72c6665c6301","avatarUrl":"1","accountId":"陈晓跃"}}
2020-04-25 00:49:57.806 [http-nio-8083-exec-7] INFO  [org.zalando.logbook.Logbook:79] [136c21f7cf26f398,3de6fb918df82e11] - Incoming Request: cfa99cfa231b6bf5
GET http://DESKTOP-K5RUUL2:8083/user/getById?id=1 HTTP/1.1
x-b3-parentspanid: 136c21f7cf26f398
x-b3-traceid: 136c21f7cf26f398
x-b3-spanid: 3de6fb918df82e11
x-b3-sampled: 0
host: DESKTOP-K5RUUL2:8083
connection: Keep-Alive
accept-encoding: gzip,deflate
user-agent: agent
accept: application/json, application/*+json
2020-04-25 00:49:57.810 [http-nio-8083-exec-7] INFO  [org.zalando.logbook.Logbook:84] [136c21f7cf26f398,3de6fb918df82e11] - Outgoing Response: cfa99cfa231b6bf5
Duration: 4 ms
HTTP/1.1 200 OK
Transfer-Encoding: chunked
Keep-Alive: timeout=60
Connection: keep-alive
Date: Fri, 24 Apr 2020 16:49:57 GMT
Content-Type: application/json

{"code":0,"msg":"OK","result":{"id":1,"name":"123","age":1,"pwd":"123","token":"4d931e3d-725b-4e09-810f-72c6665c6301","avatarUrl":"1","accountId":"陈晓跃"}}
2020-04-25 00:49:57.814 [http-nio-8083-exec-8] INFO  [org.zalando.logbook.Logbook:79] [136c21f7cf26f398,5fa2811165d103ad] - Incoming Request: e711a52ee9ed7fa3
GET http://DESKTOP-K5RUUL2:8083/user/getById?id=1 HTTP/1.1
x-b3-parentspanid: 136c21f7cf26f398
x-b3-traceid: 136c21f7cf26f398
x-b3-spanid: 5fa2811165d103ad
x-b3-sampled: 0
host: DESKTOP-K5RUUL2:8083
connection: Keep-Alive
accept-encoding: gzip,deflate
user-agent: agent
accept: application/json, application/*+json
2020-04-25 00:49:57.818 [http-nio-8083-exec-8] INFO  [org.zalando.logbook.Logbook:84] [136c21f7cf26f398,5fa2811165d103ad] - Outgoing Response: e711a52ee9ed7fa3
Duration: 4 ms
HTTP/1.1 200 OK
Transfer-Encoding: chunked
Keep-Alive: timeout=60
Connection: keep-alive
Date: Fri, 24 Apr 2020 16:49:57 GMT
Content-Type: application/json

{"code":0,"msg":"OK","result":{"id":1,"name":"123","age":1,"pwd":"123","token":"4d931e3d-725b-4e09-810f-72c6665c6301","avatarUrl":"1","accountId":"陈晓跃"}}
2020-04-25 00:49:57.821 [http-nio-8083-exec-9] INFO  [org.zalando.logbook.Logbook:79] [136c21f7cf26f398,48bce29d6a6bd892] - Incoming Request: e6f2fe76e24eea34
GET http://DESKTOP-K5RUUL2:8083/user/getById?id=1 HTTP/1.1
x-b3-parentspanid: 136c21f7cf26f398
x-b3-traceid: 136c21f7cf26f398
x-b3-spanid: 48bce29d6a6bd892
x-b3-sampled: 0
host: DESKTOP-K5RUUL2:8083
connection: Keep-Alive
accept-encoding: gzip,deflate
user-agent: agent
accept: application/json, application/*+json
2020-04-25 00:49:57.825 [http-nio-8083-exec-9] INFO  [org.zalando.logbook.Logbook:84] [136c21f7cf26f398,48bce29d6a6bd892] - Outgoing Response: e6f2fe76e24eea34
Duration: 3 ms
HTTP/1.1 200 OK
Transfer-Encoding: chunked
Keep-Alive: timeout=60
Connection: keep-alive
Date: Fri, 24 Apr 2020 16:49:57 GMT
Content-Type: application/json

{"code":0,"msg":"OK","result":{"id":1,"name":"123","age":1,"pwd":"123","token":"4d931e3d-725b-4e09-810f-72c6665c6301","avatarUrl":"1","accountId":"陈晓跃"}}
2020-04-25 00:49:57.900 [http-nio-8083-exec-10] INFO  [org.zalando.logbook.Logbook:79] [dae21647838ca34b,474fb0bd8ae983a8] - Incoming Request: c7fc851b8820c128
GET http://DESKTOP-K5RUUL2:8083/user/get?token=eyJhbGciOiJIUzI1NiJ9.eyJpc3MiOiJjb21tdW5pdHlfdXNlciIsIm5hbWUiOiIxMjMiLCJleHAiOjE1ODc4MzMzOTcsInB3ZCI6IjEyMyIsInRzIjoiMTU4Nzc0Njk5NyJ9.e30LRronxruKAcK7hzwy56f1qySDaL9yTnLHQL49s0A HTTP/1.1
x-b3-parentspanid: dae21647838ca34b
x-b3-traceid: dae21647838ca34b
x-b3-spanid: 474fb0bd8ae983a8
x-b3-sampled: 0
host: DESKTOP-K5RUUL2:8083
connection: Keep-Alive
accept-encoding: gzip,deflate
user-agent: agent
accept: application/json, application/*+json
2020-04-25 00:49:57.911 [http-nio-8083-exec-10] INFO  [org.zalando.logbook.Logbook:84] [dae21647838ca34b,474fb0bd8ae983a8] - Outgoing Response: c7fc851b8820c128
Duration: 11 ms
HTTP/1.1 200 OK
Transfer-Encoding: chunked
Keep-Alive: timeout=60
Connection: keep-alive
Date: Fri, 24 Apr 2020 16:49:57 GMT
Content-Type: application/json

{"code":0,"msg":"OK","result":{"id":1,"name":"123","age":1,"pwd":"123","token":"eyJhbGciOiJIUzI1NiJ9.eyJpc3MiOiJjb21tdW5pdHlfdXNlciIsIm5hbWUiOiIxMjMiLCJleHAiOjE1ODc4MzMzOTcsInB3ZCI6IjEyMyIsInRzIjoiMTU4Nzc0Njk5NyJ9.e30LRronxruKAcK7hzwy56f1qySDaL9yTnLHQL49s0A","avatarUrl":"1","accountId":"陈晓跃"}}
2020-04-25 00:49:57.917 [http-nio-8083-exec-1] INFO  [org.zalando.logbook.Logbook:79] [dae21647838ca34b,08d593badcca69e4] - Incoming Request: a415adfbc6d771f8
GET http://DESKTOP-K5RUUL2:8083/notification/countUnread?userId=1&status=0 HTTP/1.1
x-b3-parentspanid: dae21647838ca34b
x-b3-traceid: dae21647838ca34b
x-b3-spanid: 08d593badcca69e4
x-b3-sampled: 0
host: DESKTOP-K5RUUL2:8083
connection: Keep-Alive
accept-encoding: gzip,deflate
user-agent: agent
accept: application/json, application/*+json
2020-04-25 00:49:57.921 [http-nio-8083-exec-1] INFO  [org.zalando.logbook.Logbook:84] [dae21647838ca34b,08d593badcca69e4] - Outgoing Response: a415adfbc6d771f8
Duration: 5 ms
HTTP/1.1 200 OK
Transfer-Encoding: chunked
Keep-Alive: timeout=60
Connection: keep-alive
Date: Fri, 24 Apr 2020 16:49:57 GMT
Content-Type: application/json

{"code":0,"msg":"OK","result":3}
2020-04-25 00:50:05.898 [http-nio-8083-exec-2] INFO  [org.zalando.logbook.Logbook:79] [c2b3156ed2351528,9cfb7da1c2b3900a] - Incoming Request: b5aca7c14e47ac44
GET http://DESKTOP-K5RUUL2:8083/user/get?token=eyJhbGciOiJIUzI1NiJ9.eyJpc3MiOiJjb21tdW5pdHlfdXNlciIsIm5hbWUiOiIxMjMiLCJleHAiOjE1ODc4MzMzOTcsInB3ZCI6IjEyMyIsInRzIjoiMTU4Nzc0Njk5NyJ9.e30LRronxruKAcK7hzwy56f1qySDaL9yTnLHQL49s0A HTTP/1.1
x-b3-parentspanid: c2b3156ed2351528
x-b3-traceid: c2b3156ed2351528
x-b3-spanid: 9cfb7da1c2b3900a
x-b3-sampled: 1
host: DESKTOP-K5RUUL2:8083
connection: Keep-Alive
accept-encoding: gzip,deflate
user-agent: agent
accept: application/json, application/*+json
2020-04-25 00:50:05.910 [http-nio-8083-exec-2] INFO  [org.zalando.logbook.Logbook:84] [c2b3156ed2351528,9cfb7da1c2b3900a] - Outgoing Response: b5aca7c14e47ac44
Duration: 10 ms
HTTP/1.1 200 OK
Transfer-Encoding: chunked
Keep-Alive: timeout=60
Connection: keep-alive
Date: Fri, 24 Apr 2020 16:50:05 GMT
Content-Type: application/json

{"code":0,"msg":"OK","result":{"id":1,"name":"123","age":1,"pwd":"123","token":"eyJhbGciOiJIUzI1NiJ9.eyJpc3MiOiJjb21tdW5pdHlfdXNlciIsIm5hbWUiOiIxMjMiLCJleHAiOjE1ODc4MzMzOTcsInB3ZCI6IjEyMyIsInRzIjoiMTU4Nzc0Njk5NyJ9.e30LRronxruKAcK7hzwy56f1qySDaL9yTnLHQL49s0A","avatarUrl":"1","accountId":"陈晓跃"}}
2020-04-25 00:50:05.915 [http-nio-8083-exec-3] INFO  [org.zalando.logbook.Logbook:79] [c2b3156ed2351528,57d68befe3405e0e] - Incoming Request: edbceebcd9ef7832
GET http://DESKTOP-K5RUUL2:8083/notification/countUnread?userId=1&status=0 HTTP/1.1
x-b3-parentspanid: c2b3156ed2351528
x-b3-traceid: c2b3156ed2351528
x-b3-spanid: 57d68befe3405e0e
x-b3-sampled: 1
host: DESKTOP-K5RUUL2:8083
connection: Keep-Alive
accept-encoding: gzip,deflate
user-agent: agent
accept: application/json, application/*+json
2020-04-25 00:50:05.920 [http-nio-8083-exec-3] INFO  [org.zalando.logbook.Logbook:84] [c2b3156ed2351528,57d68befe3405e0e] - Outgoing Response: edbceebcd9ef7832
Duration: 4 ms
HTTP/1.1 200 OK
Transfer-Encoding: chunked
Keep-Alive: timeout=60
Connection: keep-alive
Date: Fri, 24 Apr 2020 16:50:05 GMT
Content-Type: application/json

{"code":0,"msg":"OK","result":3}
2020-04-25 00:50:11.304 [http-nio-8083-exec-4] INFO  [org.zalando.logbook.Logbook:79] [c7b01b98bc72c079,a613efc9c34dc1dc] - Incoming Request: 943d48670d0f1628
GET http://DESKTOP-K5RUUL2:8083/user/get?token=eyJhbGciOiJIUzI1NiJ9.eyJpc3MiOiJjb21tdW5pdHlfdXNlciIsIm5hbWUiOiIxMjMiLCJleHAiOjE1ODc4MzMzOTcsInB3ZCI6IjEyMyIsInRzIjoiMTU4Nzc0Njk5NyJ9.e30LRronxruKAcK7hzwy56f1qySDaL9yTnLHQL49s0A HTTP/1.1
x-b3-parentspanid: c7b01b98bc72c079
x-b3-traceid: c7b01b98bc72c079
x-b3-spanid: a613efc9c34dc1dc
x-b3-sampled: 1
host: DESKTOP-K5RUUL2:8083
connection: Keep-Alive
accept-encoding: gzip,deflate
user-agent: agent
accept: application/json, application/*+json
2020-04-25 00:50:11.317 [http-nio-8083-exec-4] INFO  [org.zalando.logbook.Logbook:84] [c7b01b98bc72c079,a613efc9c34dc1dc] - Outgoing Response: 943d48670d0f1628
Duration: 12 ms
HTTP/1.1 200 OK
Transfer-Encoding: chunked
Keep-Alive: timeout=60
Connection: keep-alive
Date: Fri, 24 Apr 2020 16:50:11 GMT
Content-Type: application/json

{"code":0,"msg":"OK","result":{"id":1,"name":"123","age":1,"pwd":"123","token":"eyJhbGciOiJIUzI1NiJ9.eyJpc3MiOiJjb21tdW5pdHlfdXNlciIsIm5hbWUiOiIxMjMiLCJleHAiOjE1ODc4MzMzOTcsInB3ZCI6IjEyMyIsInRzIjoiMTU4Nzc0Njk5NyJ9.e30LRronxruKAcK7hzwy56f1qySDaL9yTnLHQL49s0A","avatarUrl":"1","accountId":"陈晓跃"}}
2020-04-25 00:50:11.320 [http-nio-8083-exec-5] INFO  [org.zalando.logbook.Logbook:79] [c7b01b98bc72c079,3b03d24752a1e1ec] - Incoming Request: 9cf2214f74542d46
GET http://DESKTOP-K5RUUL2:8083/notification/countUnread?userId=1&status=0 HTTP/1.1
x-b3-parentspanid: c7b01b98bc72c079
x-b3-traceid: c7b01b98bc72c079
x-b3-spanid: 3b03d24752a1e1ec
x-b3-sampled: 1
host: DESKTOP-K5RUUL2:8083
connection: Keep-Alive
accept-encoding: gzip,deflate
user-agent: agent
accept: application/json, application/*+json
2020-04-25 00:50:11.325 [http-nio-8083-exec-5] INFO  [org.zalando.logbook.Logbook:84] [c7b01b98bc72c079,3b03d24752a1e1ec] - Outgoing Response: 9cf2214f74542d46
Duration: 4 ms
HTTP/1.1 200 OK
Transfer-Encoding: chunked
Keep-Alive: timeout=60
Connection: keep-alive
Date: Fri, 24 Apr 2020 16:50:11 GMT
Content-Type: application/json

{"code":0,"msg":"OK","result":3}
2020-04-25 00:50:52.602 [AsyncResolver-bootstrap-executor-0] INFO  [com.netflix.discovery.shared.resolver.aws.ConfigClusterResolver:43] [,] - Resolving eureka endpoints via configuration
2020-04-25 00:51:01.152 [http-nio-8083-exec-7] INFO  [org.zalando.logbook.Logbook:79] [0769695de0efa083,43e9528daff30e5a] - Incoming Request: bdd12def5a0e7044
GET http://DESKTOP-K5RUUL2:8083/question/list?offset=0&size=4 HTTP/1.1
x-b3-parentspanid: 3ed9acd9336f43ae
x-b3-traceid: 0769695de0efa083
x-b3-spanid: 43e9528daff30e5a
x-b3-sampled: 1
host: DESKTOP-K5RUUL2:8083
connection: Keep-Alive
accept-encoding: gzip,deflate
user-agent: agent
accept: application/json, application/*+json
2020-04-25 00:51:01.167 [http-nio-8083-exec-7] INFO  [org.zalando.logbook.Logbook:84] [0769695de0efa083,43e9528daff30e5a] - Outgoing Response: bdd12def5a0e7044
Duration: 14 ms
HTTP/1.1 200 OK
Transfer-Encoding: chunked
Keep-Alive: timeout=60
Connection: keep-alive
Date: Fri, 24 Apr 2020 16:51:01 GMT
Content-Type: application/json

{"code":0,"msg":"OK","result":[{"id":18,"title":"热门3","description":"123","tag":"php,java,js","gmtCreate":1587463062594,"gmtModified":1587463062594,"creator":1,"viewCount":15,"commentCount":1,"likeCount":null},{"id":17,"title":"热门2","description":"123","tag":"js,php,java","gmtCreate":1587463050254,"gmtModified":1587463050254,"creator":1,"viewCount":0,"commentCount":0,"likeCount":null},{"id":16,"title":"热门标签","description":"123是科技部对UI安管部卡斯比接口的把会计师不安居客吧开发背带裤","tag":"php,js,java","gmtCreate":1587463038397,"gmtModified":1587463038397,"creator":1,"viewCount":0,"commentCount":0,"likeCount":null},{"id":10,"title":"springboot快速学习","description":"123","tag":"java,python","gmtCreate":1586840236237,"gmtModified":1586840236237,"creator":1,"viewCount":13,"commentCount":0,"likeCount":null}]}
2020-04-25 00:51:01.209 [http-nio-8083-exec-8] INFO  [org.zalando.logbook.Logbook:79] [0769695de0efa083,2812316137b361d9] - Incoming Request: d50fa64e3d78f2c3
GET http://DESKTOP-K5RUUL2:8083/question/list?offset=4&size=4 HTTP/1.1
x-b3-parentspanid: 37c9253d7c26e089
x-b3-traceid: 0769695de0efa083
x-b3-spanid: 2812316137b361d9
x-b3-sampled: 1
host: DESKTOP-K5RUUL2:8083
connection: Keep-Alive
accept-encoding: gzip,deflate
user-agent: agent
accept: application/json, application/*+json
2020-04-25 00:51:01.216 [http-nio-8083-exec-8] INFO  [org.zalando.logbook.Logbook:84] [0769695de0efa083,2812316137b361d9] - Outgoing Response: d50fa64e3d78f2c3
Duration: 6 ms
HTTP/1.1 200 OK
Transfer-Encoding: chunked
Keep-Alive: timeout=60
Connection: keep-alive
Date: Fri, 24 Apr 2020 16:51:01 GMT
Content-Type: application/json

{"code":0,"msg":"OK","result":[{"id":8,"title":"java Spring Boot","description":"123","tag":"java,docker","gmtCreate":1586840198981,"gmtModified":1586840198981,"creator":1,"viewCount":8,"commentCount":0,"likeCount":null}]}
2020-04-25 00:51:16.193 [http-nio-8083-exec-9] INFO  [org.zalando.logbook.Logbook:79] [4c538766d3cf4ba1,dca95eb181f83720] - Incoming Request: 92f7e54d50471089
GET http://DESKTOP-K5RUUL2:8083/user/get?token=eyJhbGciOiJIUzI1NiJ9.eyJpc3MiOiJjb21tdW5pdHlfdXNlciIsIm5hbWUiOiIxMjMiLCJleHAiOjE1ODc4MzMzOTcsInB3ZCI6IjEyMyIsInRzIjoiMTU4Nzc0Njk5NyJ9.e30LRronxruKAcK7hzwy56f1qySDaL9yTnLHQL49s0A HTTP/1.1
x-b3-parentspanid: 4c538766d3cf4ba1
x-b3-traceid: 4c538766d3cf4ba1
x-b3-spanid: dca95eb181f83720
x-b3-sampled: 1
host: DESKTOP-K5RUUL2:8083
connection: Keep-Alive
accept-encoding: gzip,deflate
user-agent: agent
accept: application/json, application/*+json
2020-04-25 00:51:16.203 [http-nio-8083-exec-9] INFO  [org.zalando.logbook.Logbook:84] [4c538766d3cf4ba1,dca95eb181f83720] - Outgoing Response: 92f7e54d50471089
Duration: 10 ms
HTTP/1.1 200 OK
Transfer-Encoding: chunked
Keep-Alive: timeout=60
Connection: keep-alive
Date: Fri, 24 Apr 2020 16:51:16 GMT
Content-Type: application/json

{"code":0,"msg":"OK","result":{"id":1,"name":"123","age":1,"pwd":"123","token":"eyJhbGciOiJIUzI1NiJ9.eyJpc3MiOiJjb21tdW5pdHlfdXNlciIsIm5hbWUiOiIxMjMiLCJleHAiOjE1ODc4MzMzOTcsInB3ZCI6IjEyMyIsInRzIjoiMTU4Nzc0Njk5NyJ9.e30LRronxruKAcK7hzwy56f1qySDaL9yTnLHQL49s0A","avatarUrl":"1","accountId":"陈晓跃"}}
2020-04-25 00:51:16.215 [http-nio-8083-exec-10] INFO  [org.zalando.logbook.Logbook:79] [4c538766d3cf4ba1,884b79a538c68e44] - Incoming Request: ef07f3c5eaca5945
GET http://DESKTOP-K5RUUL2:8083/notification/countUnread?userId=1&status=0 HTTP/1.1
x-b3-parentspanid: 4c538766d3cf4ba1
x-b3-traceid: 4c538766d3cf4ba1
x-b3-spanid: 884b79a538c68e44
x-b3-sampled: 1
host: DESKTOP-K5RUUL2:8083
connection: Keep-Alive
accept-encoding: gzip,deflate
user-agent: agent
accept: application/json, application/*+json
2020-04-25 00:51:16.219 [http-nio-8083-exec-10] INFO  [org.zalando.logbook.Logbook:84] [4c538766d3cf4ba1,884b79a538c68e44] - Outgoing Response: ef07f3c5eaca5945
Duration: 4 ms
HTTP/1.1 200 OK
Transfer-Encoding: chunked
Keep-Alive: timeout=60
Connection: keep-alive
Date: Fri, 24 Apr 2020 16:51:16 GMT
Content-Type: application/json

{"code":0,"msg":"OK","result":3}
2020-04-25 00:55:40.531 [http-nio-8083-exec-2] INFO  [org.zalando.logbook.Logbook:79] [4592e2de8cc4ea07,7890bb8633ba4cee] - Incoming Request: becbc370e0185c32
GET http://DESKTOP-K5RUUL2:8083/question/list?offset=0&size=4 HTTP/1.1
x-b3-parentspanid: 23f13d6bd9bb591e
x-b3-traceid: 4592e2de8cc4ea07
x-b3-spanid: 7890bb8633ba4cee
x-b3-sampled: 1
host: DESKTOP-K5RUUL2:8083
connection: Keep-Alive
accept-encoding: gzip,deflate
user-agent: agent
accept: application/json, application/*+json
2020-04-25 00:55:40.539 [http-nio-8083-exec-2] INFO  [org.zalando.logbook.Logbook:84] [4592e2de8cc4ea07,7890bb8633ba4cee] - Outgoing Response: becbc370e0185c32
Duration: 7 ms
HTTP/1.1 200 OK
Transfer-Encoding: chunked
Keep-Alive: timeout=60
Connection: keep-alive
Date: Fri, 24 Apr 2020 16:55:40 GMT
Content-Type: application/json

{"code":0,"msg":"OK","result":[{"id":18,"title":"热门3","description":"123","tag":"php,java,js","gmtCreate":1587463062594,"gmtModified":1587463062594,"creator":1,"viewCount":15,"commentCount":1,"likeCount":null},{"id":17,"title":"热门2","description":"123","tag":"js,php,java","gmtCreate":1587463050254,"gmtModified":1587463050254,"creator":1,"viewCount":0,"commentCount":0,"likeCount":null},{"id":16,"title":"热门标签","description":"123是科技部对UI安管部卡斯比接口的把会计师不安居客吧开发背带裤","tag":"php,js,java","gmtCreate":1587463038397,"gmtModified":1587463038397,"creator":1,"viewCount":0,"commentCount":0,"likeCount":null},{"id":10,"title":"springboot快速学习","description":"123","tag":"java,python","gmtCreate":1586840236237,"gmtModified":1586840236237,"creator":1,"viewCount":13,"commentCount":0,"likeCount":null}]}
2020-04-25 00:55:40.584 [http-nio-8083-exec-3] INFO  [org.zalando.logbook.Logbook:79] [4592e2de8cc4ea07,6f4187345009ef1e] - Incoming Request: dc64582b4a2df23e
GET http://DESKTOP-K5RUUL2:8083/question/list?offset=4&size=4 HTTP/1.1
x-b3-parentspanid: 5c968ff3f51424d4
x-b3-traceid: 4592e2de8cc4ea07
x-b3-spanid: 6f4187345009ef1e
x-b3-sampled: 1
host: DESKTOP-K5RUUL2:8083
connection: Keep-Alive
accept-encoding: gzip,deflate
user-agent: agent
accept: application/json, application/*+json
2020-04-25 00:55:40.590 [http-nio-8083-exec-3] INFO  [org.zalando.logbook.Logbook:84] [4592e2de8cc4ea07,6f4187345009ef1e] - Outgoing Response: dc64582b4a2df23e
Duration: 7 ms
HTTP/1.1 200 OK
Transfer-Encoding: chunked
Keep-Alive: timeout=60
Connection: keep-alive
Date: Fri, 24 Apr 2020 16:55:40 GMT
Content-Type: application/json

{"code":0,"msg":"OK","result":[{"id":8,"title":"java Spring Boot","description":"123","tag":"java,docker","gmtCreate":1586840198981,"gmtModified":1586840198981,"creator":1,"viewCount":8,"commentCount":0,"likeCount":null}]}
2020-04-25 00:55:52.603 [AsyncResolver-bootstrap-executor-0] INFO  [com.netflix.discovery.shared.resolver.aws.ConfigClusterResolver:43] [,] - Resolving eureka endpoints via configuration
2020-04-25 00:56:15.832 [http-nio-8083-exec-4] INFO  [org.zalando.logbook.Logbook:79] [dac78e9c3be89e80,d82fa68f488f7ac6] - Incoming Request: 8f483d2b490cf563
GET http://DESKTOP-K5RUUL2:8083/user/get?token=eyJhbGciOiJIUzI1NiJ9.eyJpc3MiOiJjb21tdW5pdHlfdXNlciIsIm5hbWUiOiIxMjMiLCJleHAiOjE1ODc4MzMzOTcsInB3ZCI6IjEyMyIsInRzIjoiMTU4Nzc0Njk5NyJ9.e30LRronxruKAcK7hzwy56f1qySDaL9yTnLHQL49s0A HTTP/1.1
x-b3-parentspanid: dac78e9c3be89e80
x-b3-traceid: dac78e9c3be89e80
x-b3-spanid: d82fa68f488f7ac6
x-b3-sampled: 1
host: DESKTOP-K5RUUL2:8083
connection: Keep-Alive
accept-encoding: gzip,deflate
user-agent: agent
accept: application/json, application/*+json
2020-04-25 00:56:15.844 [http-nio-8083-exec-4] INFO  [org.zalando.logbook.Logbook:84] [dac78e9c3be89e80,d82fa68f488f7ac6] - Outgoing Response: 8f483d2b490cf563
Duration: 11 ms
HTTP/1.1 200 OK
Transfer-Encoding: chunked
Keep-Alive: timeout=60
Connection: keep-alive
Date: Fri, 24 Apr 2020 16:56:15 GMT
Content-Type: application/json

{"code":0,"msg":"OK","result":{"id":1,"name":"123","age":1,"pwd":"123","token":"eyJhbGciOiJIUzI1NiJ9.eyJpc3MiOiJjb21tdW5pdHlfdXNlciIsIm5hbWUiOiIxMjMiLCJleHAiOjE1ODc4MzMzOTcsInB3ZCI6IjEyMyIsInRzIjoiMTU4Nzc0Njk5NyJ9.e30LRronxruKAcK7hzwy56f1qySDaL9yTnLHQL49s0A","avatarUrl":"1","accountId":"陈晓跃"}}
2020-04-25 00:56:15.855 [http-nio-8083-exec-5] INFO  [org.zalando.logbook.Logbook:79] [dac78e9c3be89e80,8ce4e2005bbeca3a] - Incoming Request: 92ce5d96ed874613
GET http://DESKTOP-K5RUUL2:8083/notification/countUnread?userId=1&status=0 HTTP/1.1
x-b3-parentspanid: dac78e9c3be89e80
x-b3-traceid: dac78e9c3be89e80
x-b3-spanid: 8ce4e2005bbeca3a
x-b3-sampled: 1
host: DESKTOP-K5RUUL2:8083
connection: Keep-Alive
accept-encoding: gzip,deflate
user-agent: agent
accept: application/json, application/*+json
2020-04-25 00:56:15.859 [http-nio-8083-exec-5] INFO  [org.zalando.logbook.Logbook:84] [dac78e9c3be89e80,8ce4e2005bbeca3a] - Outgoing Response: 92ce5d96ed874613
Duration: 4 ms
HTTP/1.1 200 OK
Transfer-Encoding: chunked
Keep-Alive: timeout=60
Connection: keep-alive
Date: Fri, 24 Apr 2020 16:56:15 GMT
Content-Type: application/json

{"code":0,"msg":"OK","result":3}
2020-04-25 00:57:29.691 [http-nio-8083-exec-7] INFO  [org.zalando.logbook.Logbook:79] [9a2dd10745f0545d,c529ac0eba879e13] - Incoming Request: 8d010da8a8241049
GET http://DESKTOP-K5RUUL2:8083/question/list?offset=0&size=4 HTTP/1.1
x-b3-parentspanid: 27b07e16238d2970
x-b3-traceid: 9a2dd10745f0545d
x-b3-spanid: c529ac0eba879e13
x-b3-sampled: 1
host: DESKTOP-K5RUUL2:8083
connection: Keep-Alive
accept-encoding: gzip,deflate
user-agent: agent
accept: application/json, application/*+json
2020-04-25 00:57:29.699 [http-nio-8083-exec-7] INFO  [org.zalando.logbook.Logbook:84] [9a2dd10745f0545d,c529ac0eba879e13] - Outgoing Response: 8d010da8a8241049
Duration: 8 ms
HTTP/1.1 200 OK
Transfer-Encoding: chunked
Keep-Alive: timeout=60
Connection: keep-alive
Date: Fri, 24 Apr 2020 16:57:29 GMT
Content-Type: application/json

{"code":0,"msg":"OK","result":[{"id":18,"title":"热门3","description":"123","tag":"php,java,js","gmtCreate":1587463062594,"gmtModified":1587463062594,"creator":1,"viewCount":15,"commentCount":1,"likeCount":null},{"id":17,"title":"热门2","description":"123","tag":"js,php,java","gmtCreate":1587463050254,"gmtModified":1587463050254,"creator":1,"viewCount":0,"commentCount":0,"likeCount":null},{"id":16,"title":"热门标签","description":"123是科技部对UI安管部卡斯比接口的把会计师不安居客吧开发背带裤","tag":"php,js,java","gmtCreate":1587463038397,"gmtModified":1587463038397,"creator":1,"viewCount":0,"commentCount":0,"likeCount":null},{"id":10,"title":"springboot快速学习","description":"123","tag":"java,python","gmtCreate":1586840236237,"gmtModified":1586840236237,"creator":1,"viewCount":13,"commentCount":0,"likeCount":null}]}
2020-04-25 00:57:29.793 [http-nio-8083-exec-8] INFO  [org.zalando.logbook.Logbook:79] [9a2dd10745f0545d,5682de1784b668f1] - Incoming Request: 9b62c6f3c543236b
GET http://DESKTOP-K5RUUL2:8083/question/list?offset=4&size=4 HTTP/1.1
x-b3-parentspanid: a99a803b7b6ebabf
x-b3-traceid: 9a2dd10745f0545d
x-b3-spanid: 5682de1784b668f1
x-b3-sampled: 1
host: DESKTOP-K5RUUL2:8083
connection: Keep-Alive
accept-encoding: gzip,deflate
user-agent: agent
accept: application/json, application/*+json
2020-04-25 00:57:29.799 [http-nio-8083-exec-8] INFO  [org.zalando.logbook.Logbook:84] [9a2dd10745f0545d,5682de1784b668f1] - Outgoing Response: 9b62c6f3c543236b
Duration: 7 ms
HTTP/1.1 200 OK
Transfer-Encoding: chunked
Keep-Alive: timeout=60
Connection: keep-alive
Date: Fri, 24 Apr 2020 16:57:29 GMT
Content-Type: application/json

{"code":0,"msg":"OK","result":[{"id":8,"title":"java Spring Boot","description":"123","tag":"java,docker","gmtCreate":1586840198981,"gmtModified":1586840198981,"creator":1,"viewCount":8,"commentCount":0,"likeCount":null}]}
2020-04-25 00:57:32.812 [http-nio-8083-exec-9] INFO  [org.zalando.logbook.Logbook:79] [100a3bcff2ee941b,3169b8150e3a5c82] - Incoming Request: c18143fac46178be
GET http://DESKTOP-K5RUUL2:8083/user/get?token=eyJhbGciOiJIUzI1NiJ9.eyJpc3MiOiJjb21tdW5pdHlfdXNlciIsIm5hbWUiOiIxMjMiLCJleHAiOjE1ODc4MzMzOTcsInB3ZCI6IjEyMyIsInRzIjoiMTU4Nzc0Njk5NyJ9.e30LRronxruKAcK7hzwy56f1qySDaL9yTnLHQL49s0A HTTP/1.1
x-b3-parentspanid: 100a3bcff2ee941b
x-b3-traceid: 100a3bcff2ee941b
x-b3-spanid: 3169b8150e3a5c82
x-b3-sampled: 1
host: DESKTOP-K5RUUL2:8083
connection: Keep-Alive
accept-encoding: gzip,deflate
user-agent: agent
accept: application/json, application/*+json
2020-04-25 00:57:32.821 [http-nio-8083-exec-9] INFO  [org.zalando.logbook.Logbook:84] [100a3bcff2ee941b,3169b8150e3a5c82] - Outgoing Response: c18143fac46178be
Duration: 10 ms
HTTP/1.1 200 OK
Transfer-Encoding: chunked
Keep-Alive: timeout=60
Connection: keep-alive
Date: Fri, 24 Apr 2020 16:57:32 GMT
Content-Type: application/json

{"code":0,"msg":"OK","result":{"id":1,"name":"123","age":1,"pwd":"123","token":"eyJhbGciOiJIUzI1NiJ9.eyJpc3MiOiJjb21tdW5pdHlfdXNlciIsIm5hbWUiOiIxMjMiLCJleHAiOjE1ODc4MzMzOTcsInB3ZCI6IjEyMyIsInRzIjoiMTU4Nzc0Njk5NyJ9.e30LRronxruKAcK7hzwy56f1qySDaL9yTnLHQL49s0A","avatarUrl":"1","accountId":"陈晓跃"}}
2020-04-25 00:57:32.832 [http-nio-8083-exec-10] INFO  [org.zalando.logbook.Logbook:79] [100a3bcff2ee941b,751f23bdc1ed52ac] - Incoming Request: d7d2c7a642f1df98
GET http://DESKTOP-K5RUUL2:8083/notification/countUnread?userId=1&status=0 HTTP/1.1
x-b3-parentspanid: 100a3bcff2ee941b
x-b3-traceid: 100a3bcff2ee941b
x-b3-spanid: 751f23bdc1ed52ac
x-b3-sampled: 1
host: DESKTOP-K5RUUL2:8083
connection: Keep-Alive
accept-encoding: gzip,deflate
user-agent: agent
accept: application/json, application/*+json
2020-04-25 00:57:32.836 [http-nio-8083-exec-10] INFO  [org.zalando.logbook.Logbook:84] [100a3bcff2ee941b,751f23bdc1ed52ac] - Outgoing Response: d7d2c7a642f1df98
Duration: 3 ms
HTTP/1.1 200 OK
Transfer-Encoding: chunked
Keep-Alive: timeout=60
Connection: keep-alive
Date: Fri, 24 Apr 2020 16:57:32 GMT
Content-Type: application/json

{"code":0,"msg":"OK","result":3}
