2020-05-11 17:02:55.565  [http-nio-8083-exec-4] DEBUG [com.hzu.community.mapper.UserMapper.select:] [e08c63d544579584,268736722c51fbff,e08c63d544579584] - ==>  Preparing: select * from user WHERE name = ? 
2020-05-11 17:02:55.565  [http-nio-8083-exec-4] DEBUG [com.hzu.community.mapper.UserMapper.select:] [e08c63d544579584,268736722c51fbff,e08c63d544579584] - ==> Parameters: 123(String)
2020-05-11 17:02:55.567  [http-nio-8083-exec-4] DEBUG [com.hzu.community.mapper.UserMapper.select:] [e08c63d544579584,268736722c51fbff,e08c63d544579584] - <==      Total: 1
2020-05-11 17:02:55.574  [http-nio-8083-exec-5] DEBUG [com.hzu.community.mapper.NotificationMapper.countUnread:] [e08c63d544579584,f4c027a644ddb1ac,e08c63d544579584] - ==>  Preparing: select count(*) from notification where receiver = ? and status = ? 
2020-05-11 17:02:55.574  [http-nio-8083-exec-5] DEBUG [com.hzu.community.mapper.NotificationMapper.countUnread:] [e08c63d544579584,f4c027a644ddb1ac,e08c63d544579584] - ==> Parameters: 1(Integer), 0(Integer)
2020-05-11 17:02:55.576  [http-nio-8083-exec-5] DEBUG [com.hzu.community.mapper.NotificationMapper.countUnread:] [e08c63d544579584,f4c027a644ddb1ac,e08c63d544579584] - <==      Total: 1
2020-05-11 17:04:35.733  [http-nio-8083-exec-7] DEBUG [com.hzu.community.mapper.UserMapper.select:] [4b2d1865b910fb2b,25f62c9dc42293eb,4b2d1865b910fb2b] - ==>  Preparing: select * from user WHERE name = ? 
2020-05-11 17:04:35.733  [http-nio-8083-exec-7] DEBUG [com.hzu.community.mapper.UserMapper.select:] [4b2d1865b910fb2b,25f62c9dc42293eb,4b2d1865b910fb2b] - ==> Parameters: 123(String)
2020-05-11 17:04:35.735  [http-nio-8083-exec-7] DEBUG [com.hzu.community.mapper.UserMapper.select:] [4b2d1865b910fb2b,25f62c9dc42293eb,4b2d1865b910fb2b] - <==      Total: 1
2020-05-11 17:04:35.752  [http-nio-8083-exec-9] DEBUG [com.hzu.community.mapper.NotificationMapper.countUnread:] [4b2d1865b910fb2b,83957a98a3727d87,4b2d1865b910fb2b] - ==>  Preparing: select count(*) from notification where receiver = ? and status = ? 
2020-05-11 17:04:35.753  [http-nio-8083-exec-9] DEBUG [com.hzu.community.mapper.NotificationMapper.countUnread:] [4b2d1865b910fb2b,83957a98a3727d87,4b2d1865b910fb2b] - ==> Parameters: 1(Integer), 0(Integer)
2020-05-11 17:04:35.753  [http-nio-8083-exec-9] DEBUG [com.hzu.community.mapper.NotificationMapper.countUnread:] [4b2d1865b910fb2b,83957a98a3727d87,4b2d1865b910fb2b] - <==      Total: 1
2020-05-11 17:04:42.141  [http-nio-8083-exec-8] DEBUG [com.hzu.community.mapper.UserMapper.select:] [4742a5181b84d70c,7ce82a55899cf76e,4742a5181b84d70c] - ==>  Preparing: select * from user WHERE name = ? 
2020-05-11 17:04:42.141  [http-nio-8083-exec-8] DEBUG [com.hzu.community.mapper.UserMapper.select:] [4742a5181b84d70c,7ce82a55899cf76e,4742a5181b84d70c] - ==> Parameters: 123(String)
2020-05-11 17:04:42.142  [http-nio-8083-exec-8] DEBUG [com.hzu.community.mapper.UserMapper.select:] [4742a5181b84d70c,7ce82a55899cf76e,4742a5181b84d70c] - <==      Total: 1
2020-05-11 17:04:42.147  [http-nio-8083-exec-10] DEBUG [com.hzu.community.mapper.NotificationMapper.countUnread:] [4742a5181b84d70c,6963f5fbb23fc6f3,4742a5181b84d70c] - ==>  Preparing: select count(*) from notification where receiver = ? and status = ? 
2020-05-11 17:04:42.147  [http-nio-8083-exec-10] DEBUG [com.hzu.community.mapper.NotificationMapper.countUnread:] [4742a5181b84d70c,6963f5fbb23fc6f3,4742a5181b84d70c] - ==> Parameters: 1(Integer), 0(Integer)
2020-05-11 17:04:42.148  [http-nio-8083-exec-10] DEBUG [com.hzu.community.mapper.NotificationMapper.countUnread:] [4742a5181b84d70c,6963f5fbb23fc6f3,4742a5181b84d70c] - <==      Total: 1
2020-05-11 17:05:03.594  [http-nio-8083-exec-1] DEBUG [com.hzu.community.mapper.QuestionMapper.selectQuestion:] [e13712f10d90804d,70328cdde581fa3d,92881f2f8febebac] - ==>  Preparing: select * from question order by gmt_create desc limit ?,? 
2020-05-11 17:05:03.594  [http-nio-8083-exec-1] DEBUG [com.hzu.community.mapper.QuestionMapper.selectQuestion:] [e13712f10d90804d,70328cdde581fa3d,92881f2f8febebac] - ==> Parameters: 0(Integer), 4(Integer)
2020-05-11 17:05:03.595  [http-nio-8083-exec-1] DEBUG [com.hzu.community.mapper.QuestionMapper.selectQuestion:] [e13712f10d90804d,70328cdde581fa3d,92881f2f8febebac] - <==      Total: 4
2020-05-11 17:05:03.645  [http-nio-8083-exec-3] DEBUG [com.hzu.community.mapper.QuestionMapper.selectQuestion:] [e13712f10d90804d,640995b4a59d8864,1ff5db8bd8ec8cd0] - ==>  Preparing: select * from question order by gmt_create desc limit ?,? 
2020-05-11 17:05:03.645  [http-nio-8083-exec-3] DEBUG [com.hzu.community.mapper.QuestionMapper.selectQuestion:] [e13712f10d90804d,640995b4a59d8864,1ff5db8bd8ec8cd0] - ==> Parameters: 4(Integer), 4(Integer)
2020-05-11 17:05:03.647  [http-nio-8083-exec-3] DEBUG [com.hzu.community.mapper.QuestionMapper.selectQuestion:] [e13712f10d90804d,640995b4a59d8864,1ff5db8bd8ec8cd0] - <==      Total: 4
2020-05-11 17:05:03.656  [http-nio-8083-exec-4] DEBUG [com.hzu.community.mapper.QuestionMapper.selectQuestion:] [e13712f10d90804d,59979800b5338cb7,84cce994b9683c6a] - ==>  Preparing: select * from question order by gmt_create desc limit ?,? 
2020-05-11 17:05:03.657  [http-nio-8083-exec-4] DEBUG [com.hzu.community.mapper.QuestionMapper.selectQuestion:] [e13712f10d90804d,59979800b5338cb7,84cce994b9683c6a] - ==> Parameters: 8(Integer), 4(Integer)
2020-05-11 17:05:03.657  [http-nio-8083-exec-4] DEBUG [com.hzu.community.mapper.QuestionMapper.selectQuestion:] [e13712f10d90804d,59979800b5338cb7,84cce994b9683c6a] - <==      Total: 2
2020-05-11 17:05:26.009  [http-nio-8083-exec-5] DEBUG [com.hzu.community.mapper.UserMapper.select:] [7d3e18b45f38fde9,440003942cad1641,7d3e18b45f38fde9] - ==>  Preparing: select * from user WHERE name = ? 
2020-05-11 17:05:26.009  [http-nio-8083-exec-5] DEBUG [com.hzu.community.mapper.UserMapper.select:] [7d3e18b45f38fde9,440003942cad1641,7d3e18b45f38fde9] - ==> Parameters: 123(String)
2020-05-11 17:05:26.010  [http-nio-8083-exec-5] DEBUG [com.hzu.community.mapper.UserMapper.select:] [7d3e18b45f38fde9,440003942cad1641,7d3e18b45f38fde9] - <==      Total: 1
2020-05-11 17:05:26.030  [http-nio-8083-exec-6] DEBUG [com.hzu.community.mapper.NotificationMapper.countUnread:] [7d3e18b45f38fde9,57e120477de7e180,7d3e18b45f38fde9] - ==>  Preparing: select count(*) from notification where receiver = ? and status = ? 
2020-05-11 17:05:26.030  [http-nio-8083-exec-6] DEBUG [com.hzu.community.mapper.NotificationMapper.countUnread:] [7d3e18b45f38fde9,57e120477de7e180,7d3e18b45f38fde9] - ==> Parameters: 1(Integer), 0(Integer)
2020-05-11 17:05:26.031  [http-nio-8083-exec-6] DEBUG [com.hzu.community.mapper.NotificationMapper.countUnread:] [7d3e18b45f38fde9,57e120477de7e180,7d3e18b45f38fde9] - <==      Total: 1
2020-05-11 17:07:14.053  [http-nio-8083-exec-9] DEBUG [com.hzu.community.mapper.QuestionMapper.selectQuestion:] [e13fdaa2e4fc4fb2,964cafa293b7c8f7,63b324fab112a288] - ==>  Preparing: select * from question order by gmt_create desc limit ?,? 
2020-05-11 17:07:14.053  [http-nio-8083-exec-9] DEBUG [com.hzu.community.mapper.QuestionMapper.selectQuestion:] [e13fdaa2e4fc4fb2,964cafa293b7c8f7,63b324fab112a288] - ==> Parameters: 0(Integer), 4(Integer)
2020-05-11 17:07:14.054  [http-nio-8083-exec-9] DEBUG [com.hzu.community.mapper.QuestionMapper.selectQuestion:] [e13fdaa2e4fc4fb2,964cafa293b7c8f7,63b324fab112a288] - <==      Total: 4
2020-05-11 17:07:14.103  [http-nio-8083-exec-8] DEBUG [com.hzu.community.mapper.QuestionMapper.selectQuestion:] [e13fdaa2e4fc4fb2,ce4754a260b1036c,16a852f346c17a88] - ==>  Preparing: select * from question order by gmt_create desc limit ?,? 
2020-05-11 17:07:14.103  [http-nio-8083-exec-8] DEBUG [com.hzu.community.mapper.QuestionMapper.selectQuestion:] [e13fdaa2e4fc4fb2,ce4754a260b1036c,16a852f346c17a88] - ==> Parameters: 4(Integer), 4(Integer)
2020-05-11 17:07:14.105  [http-nio-8083-exec-8] DEBUG [com.hzu.community.mapper.QuestionMapper.selectQuestion:] [e13fdaa2e4fc4fb2,ce4754a260b1036c,16a852f346c17a88] - <==      Total: 4
2020-05-11 17:07:14.116  [http-nio-8083-exec-10] DEBUG [com.hzu.community.mapper.QuestionMapper.selectQuestion:] [e13fdaa2e4fc4fb2,be6b8090e93e4d7a,166dfaa7a2b518b6] - ==>  Preparing: select * from question order by gmt_create desc limit ?,? 
2020-05-11 17:07:14.116  [http-nio-8083-exec-10] DEBUG [com.hzu.community.mapper.QuestionMapper.selectQuestion:] [e13fdaa2e4fc4fb2,be6b8090e93e4d7a,166dfaa7a2b518b6] - ==> Parameters: 8(Integer), 4(Integer)
2020-05-11 17:07:14.117  [http-nio-8083-exec-10] DEBUG [com.hzu.community.mapper.QuestionMapper.selectQuestion:] [e13fdaa2e4fc4fb2,be6b8090e93e4d7a,166dfaa7a2b518b6] - <==      Total: 2
2020-05-11 17:07:23.466  [http-nio-8083-exec-2] DEBUG [com.hzu.community.mapper.UserMapper.select:] [3a0f003dc0ed07b1,6358e171b72e0bcc,3a0f003dc0ed07b1] - ==>  Preparing: select * from user WHERE name = ? 
2020-05-11 17:07:23.467  [http-nio-8083-exec-2] DEBUG [com.hzu.community.mapper.UserMapper.select:] [3a0f003dc0ed07b1,6358e171b72e0bcc,3a0f003dc0ed07b1] - ==> Parameters: 123(String)
2020-05-11 17:07:23.467  [http-nio-8083-exec-2] DEBUG [com.hzu.community.mapper.UserMapper.select:] [3a0f003dc0ed07b1,6358e171b72e0bcc,3a0f003dc0ed07b1] - <==      Total: 1
2020-05-11 17:07:23.487  [http-nio-8083-exec-1] DEBUG [com.hzu.community.mapper.NotificationMapper.countUnread:] [3a0f003dc0ed07b1,79e5b7b27003810a,3a0f003dc0ed07b1] - ==>  Preparing: select count(*) from notification where receiver = ? and status = ? 
2020-05-11 17:07:23.487  [http-nio-8083-exec-1] DEBUG [com.hzu.community.mapper.NotificationMapper.countUnread:] [3a0f003dc0ed07b1,79e5b7b27003810a,3a0f003dc0ed07b1] - ==> Parameters: 1(Integer), 0(Integer)
2020-05-11 17:07:23.488  [http-nio-8083-exec-1] DEBUG [com.hzu.community.mapper.NotificationMapper.countUnread:] [3a0f003dc0ed07b1,79e5b7b27003810a,3a0f003dc0ed07b1] - <==      Total: 1
2020-05-11 17:08:45.260  [http-nio-8083-exec-4] DEBUG [com.hzu.community.mapper.UserMapper.select:] [28632104eb1899fa,736c085f83899919,28632104eb1899fa] - ==>  Preparing: select * from user WHERE name = ? 
2020-05-11 17:08:45.261  [http-nio-8083-exec-4] DEBUG [com.hzu.community.mapper.UserMapper.select:] [28632104eb1899fa,736c085f83899919,28632104eb1899fa] - ==> Parameters: 123(String)
2020-05-11 17:08:45.262  [http-nio-8083-exec-4] DEBUG [com.hzu.community.mapper.UserMapper.select:] [28632104eb1899fa,736c085f83899919,28632104eb1899fa] - <==      Total: 1
2020-05-11 17:08:45.268  [http-nio-8083-exec-5] DEBUG [com.hzu.community.mapper.NotificationMapper.countUnread:] [28632104eb1899fa,6097dca201d16619,28632104eb1899fa] - ==>  Preparing: select count(*) from notification where receiver = ? and status = ? 
2020-05-11 17:08:45.268  [http-nio-8083-exec-5] DEBUG [com.hzu.community.mapper.NotificationMapper.countUnread:] [28632104eb1899fa,6097dca201d16619,28632104eb1899fa] - ==> Parameters: 1(Integer), 0(Integer)
2020-05-11 17:08:45.269  [http-nio-8083-exec-5] DEBUG [com.hzu.community.mapper.NotificationMapper.countUnread:] [28632104eb1899fa,6097dca201d16619,28632104eb1899fa] - <==      Total: 1
2020-05-11 17:09:45.455  [http-nio-8083-exec-7] DEBUG [com.hzu.community.mapper.UserMapper.select:] [36b3efa5816eae33,2c7032d78f53781b,36b3efa5816eae33] - ==>  Preparing: select * from user WHERE name = ? 
2020-05-11 17:09:45.455  [http-nio-8083-exec-7] DEBUG [com.hzu.community.mapper.UserMapper.select:] [36b3efa5816eae33,2c7032d78f53781b,36b3efa5816eae33] - ==> Parameters: 123(String)
2020-05-11 17:09:45.456  [http-nio-8083-exec-7] DEBUG [com.hzu.community.mapper.UserMapper.select:] [36b3efa5816eae33,2c7032d78f53781b,36b3efa5816eae33] - <==      Total: 1
2020-05-11 17:09:45.462  [http-nio-8083-exec-9] DEBUG [com.hzu.community.mapper.NotificationMapper.countUnread:] [36b3efa5816eae33,f71543bd88d48402,36b3efa5816eae33] - ==>  Preparing: select count(*) from notification where receiver = ? and status = ? 
2020-05-11 17:09:45.462  [http-nio-8083-exec-9] DEBUG [com.hzu.community.mapper.NotificationMapper.countUnread:] [36b3efa5816eae33,f71543bd88d48402,36b3efa5816eae33] - ==> Parameters: 1(Integer), 0(Integer)
2020-05-11 17:09:45.463  [http-nio-8083-exec-9] DEBUG [com.hzu.community.mapper.NotificationMapper.countUnread:] [36b3efa5816eae33,f71543bd88d48402,36b3efa5816eae33] - <==      Total: 1
2020-05-11 17:09:48.299  [http-nio-8083-exec-8] DEBUG [com.hzu.community.mapper.UserMapper.select:] [8ec0d5e3c1bbe6c1,6a38acd2e7406c8e,8ec0d5e3c1bbe6c1] - ==>  Preparing: select * from user WHERE name = ? 
2020-05-11 17:09:48.299  [http-nio-8083-exec-8] DEBUG [com.hzu.community.mapper.UserMapper.select:] [8ec0d5e3c1bbe6c1,6a38acd2e7406c8e,8ec0d5e3c1bbe6c1] - ==> Parameters: 123(String)
2020-05-11 17:09:48.300  [http-nio-8083-exec-8] DEBUG [com.hzu.community.mapper.UserMapper.select:] [8ec0d5e3c1bbe6c1,6a38acd2e7406c8e,8ec0d5e3c1bbe6c1] - <==      Total: 1
2020-05-11 17:09:48.305  [http-nio-8083-exec-10] DEBUG [com.hzu.community.mapper.NotificationMapper.countUnread:] [8ec0d5e3c1bbe6c1,ceed49fab96df6dd,8ec0d5e3c1bbe6c1] - ==>  Preparing: select count(*) from notification where receiver = ? and status = ? 
2020-05-11 17:09:48.306  [http-nio-8083-exec-10] DEBUG [com.hzu.community.mapper.NotificationMapper.countUnread:] [8ec0d5e3c1bbe6c1,ceed49fab96df6dd,8ec0d5e3c1bbe6c1] - ==> Parameters: 1(Integer), 0(Integer)
2020-05-11 17:09:48.306  [http-nio-8083-exec-10] DEBUG [com.hzu.community.mapper.NotificationMapper.countUnread:] [8ec0d5e3c1bbe6c1,ceed49fab96df6dd,8ec0d5e3c1bbe6c1] - <==      Total: 1
2020-05-11 17:09:49.405  [http-nio-8083-exec-2] DEBUG [com.hzu.community.mapper.UserMapper.select:] [eda2d6be4ac3d5c7,c959188491131c53,eda2d6be4ac3d5c7] - ==>  Preparing: select * from user WHERE name = ? 
2020-05-11 17:09:49.405  [http-nio-8083-exec-2] DEBUG [com.hzu.community.mapper.UserMapper.select:] [eda2d6be4ac3d5c7,c959188491131c53,eda2d6be4ac3d5c7] - ==> Parameters: 123(String)
2020-05-11 17:09:49.406  [http-nio-8083-exec-2] DEBUG [com.hzu.community.mapper.UserMapper.select:] [eda2d6be4ac3d5c7,c959188491131c53,eda2d6be4ac3d5c7] - <==      Total: 1
2020-05-11 17:09:49.414  [http-nio-8083-exec-1] DEBUG [com.hzu.community.mapper.NotificationMapper.countUnread:] [eda2d6be4ac3d5c7,52add875609faf6a,eda2d6be4ac3d5c7] - ==>  Preparing: select count(*) from notification where receiver = ? and status = ? 
2020-05-11 17:09:49.414  [http-nio-8083-exec-1] DEBUG [com.hzu.community.mapper.NotificationMapper.countUnread:] [eda2d6be4ac3d5c7,52add875609faf6a,eda2d6be4ac3d5c7] - ==> Parameters: 1(Integer), 0(Integer)
2020-05-11 17:09:49.415  [http-nio-8083-exec-1] DEBUG [com.hzu.community.mapper.NotificationMapper.countUnread:] [eda2d6be4ac3d5c7,52add875609faf6a,eda2d6be4ac3d5c7] - <==      Total: 1
2020-05-11 17:09:51.150  [http-nio-8083-exec-3] DEBUG [com.hzu.community.mapper.UserMapper.select:] [7e032ab5d7341607,adc218ebb998ecac,7e032ab5d7341607] - ==>  Preparing: select * from user WHERE name = ? 
2020-05-11 17:09:51.150  [http-nio-8083-exec-3] DEBUG [com.hzu.community.mapper.UserMapper.select:] [7e032ab5d7341607,adc218ebb998ecac,7e032ab5d7341607] - ==> Parameters: 123(String)
2020-05-11 17:09:51.151  [http-nio-8083-exec-3] DEBUG [com.hzu.community.mapper.UserMapper.select:] [7e032ab5d7341607,adc218ebb998ecac,7e032ab5d7341607] - <==      Total: 1
2020-05-11 17:09:51.155  [http-nio-8083-exec-4] DEBUG [com.hzu.community.mapper.NotificationMapper.countUnread:] [7e032ab5d7341607,8d89ce5088a37d46,7e032ab5d7341607] - ==>  Preparing: select count(*) from notification where receiver = ? and status = ? 
2020-05-11 17:09:51.155  [http-nio-8083-exec-4] DEBUG [com.hzu.community.mapper.NotificationMapper.countUnread:] [7e032ab5d7341607,8d89ce5088a37d46,7e032ab5d7341607] - ==> Parameters: 1(Integer), 0(Integer)
2020-05-11 17:09:51.156  [http-nio-8083-exec-4] DEBUG [com.hzu.community.mapper.NotificationMapper.countUnread:] [7e032ab5d7341607,8d89ce5088a37d46,7e032ab5d7341607] - <==      Total: 1
2020-05-11 17:09:51.868  [http-nio-8083-exec-5] DEBUG [com.hzu.community.mapper.UserMapper.select:] [3b045dd4a84c942d,7e924fe52b136e1b,3b045dd4a84c942d] - ==>  Preparing: select * from user WHERE name = ? 
2020-05-11 17:09:51.869  [http-nio-8083-exec-5] DEBUG [com.hzu.community.mapper.UserMapper.select:] [3b045dd4a84c942d,7e924fe52b136e1b,3b045dd4a84c942d] - ==> Parameters: 123(String)
2020-05-11 17:09:51.869  [http-nio-8083-exec-5] DEBUG [com.hzu.community.mapper.UserMapper.select:] [3b045dd4a84c942d,7e924fe52b136e1b,3b045dd4a84c942d] - <==      Total: 1
2020-05-11 17:09:51.878  [http-nio-8083-exec-6] DEBUG [com.hzu.community.mapper.NotificationMapper.countUnread:] [3b045dd4a84c942d,addcab3327232bc6,3b045dd4a84c942d] - ==>  Preparing: select count(*) from notification where receiver = ? and status = ? 
2020-05-11 17:09:51.878  [http-nio-8083-exec-6] DEBUG [com.hzu.community.mapper.NotificationMapper.countUnread:] [3b045dd4a84c942d,addcab3327232bc6,3b045dd4a84c942d] - ==> Parameters: 1(Integer), 0(Integer)
2020-05-11 17:09:51.879  [http-nio-8083-exec-6] DEBUG [com.hzu.community.mapper.NotificationMapper.countUnread:] [3b045dd4a84c942d,addcab3327232bc6,3b045dd4a84c942d] - <==      Total: 1
2020-05-11 17:09:52.600  [http-nio-8083-exec-7] DEBUG [com.hzu.community.mapper.UserMapper.select:] [9167deb94f10dde0,aa49de7511b9c142,9167deb94f10dde0] - ==>  Preparing: select * from user WHERE name = ? 
2020-05-11 17:09:52.601  [http-nio-8083-exec-7] DEBUG [com.hzu.community.mapper.UserMapper.select:] [9167deb94f10dde0,aa49de7511b9c142,9167deb94f10dde0] - ==> Parameters: 123(String)
2020-05-11 17:09:52.601  [http-nio-8083-exec-7] DEBUG [com.hzu.community.mapper.UserMapper.select:] [9167deb94f10dde0,aa49de7511b9c142,9167deb94f10dde0] - <==      Total: 1
2020-05-11 17:09:52.608  [http-nio-8083-exec-9] DEBUG [com.hzu.community.mapper.NotificationMapper.countUnread:] [9167deb94f10dde0,ba82d0be2d121508,9167deb94f10dde0] - ==>  Preparing: select count(*) from notification where receiver = ? and status = ? 
2020-05-11 17:09:52.608  [http-nio-8083-exec-9] DEBUG [com.hzu.community.mapper.NotificationMapper.countUnread:] [9167deb94f10dde0,ba82d0be2d121508,9167deb94f10dde0] - ==> Parameters: 1(Integer), 0(Integer)
2020-05-11 17:09:52.609  [http-nio-8083-exec-9] DEBUG [com.hzu.community.mapper.NotificationMapper.countUnread:] [9167deb94f10dde0,ba82d0be2d121508,9167deb94f10dde0] - <==      Total: 1
2020-05-11 17:10:24.860  [http-nio-8083-exec-8] DEBUG [com.hzu.community.mapper.UserMapper.select:] [16faec5a6b9757ae,9593bfffaadecbb9,16faec5a6b9757ae] - ==>  Preparing: select * from user WHERE name = ? 
2020-05-11 17:10:24.861  [http-nio-8083-exec-8] DEBUG [com.hzu.community.mapper.UserMapper.select:] [16faec5a6b9757ae,9593bfffaadecbb9,16faec5a6b9757ae] - ==> Parameters: 123(String)
2020-05-11 17:10:24.863  [http-nio-8083-exec-8] DEBUG [com.hzu.community.mapper.UserMapper.select:] [16faec5a6b9757ae,9593bfffaadecbb9,16faec5a6b9757ae] - <==      Total: 1
2020-05-11 17:10:24.876  [http-nio-8083-exec-10] DEBUG [com.hzu.community.mapper.NotificationMapper.countUnread:] [16faec5a6b9757ae,03cae45e72373a0a,16faec5a6b9757ae] - ==>  Preparing: select count(*) from notification where receiver = ? and status = ? 
2020-05-11 17:10:24.876  [http-nio-8083-exec-10] DEBUG [com.hzu.community.mapper.NotificationMapper.countUnread:] [16faec5a6b9757ae,03cae45e72373a0a,16faec5a6b9757ae] - ==> Parameters: 1(Integer), 0(Integer)
2020-05-11 17:10:24.877  [http-nio-8083-exec-10] DEBUG [com.hzu.community.mapper.NotificationMapper.countUnread:] [16faec5a6b9757ae,03cae45e72373a0a,16faec5a6b9757ae] - <==      Total: 1
2020-05-11 17:10:35.052  [http-nio-8083-exec-2] DEBUG [com.hzu.community.mapper.UserMapper.select:] [497f24b6618d4c61,7a4e9b12fbec1cb4,497f24b6618d4c61] - ==>  Preparing: select * from user WHERE name = ? 
2020-05-11 17:10:35.053  [http-nio-8083-exec-2] DEBUG [com.hzu.community.mapper.UserMapper.select:] [497f24b6618d4c61,7a4e9b12fbec1cb4,497f24b6618d4c61] - ==> Parameters: 123(String)
2020-05-11 17:10:35.054  [http-nio-8083-exec-2] DEBUG [com.hzu.community.mapper.UserMapper.select:] [497f24b6618d4c61,7a4e9b12fbec1cb4,497f24b6618d4c61] - <==      Total: 1
2020-05-11 17:10:35.061  [http-nio-8083-exec-1] DEBUG [com.hzu.community.mapper.NotificationMapper.countUnread:] [497f24b6618d4c61,99c8c32aeb7f327a,497f24b6618d4c61] - ==>  Preparing: select count(*) from notification where receiver = ? and status = ? 
2020-05-11 17:10:35.061  [http-nio-8083-exec-1] DEBUG [com.hzu.community.mapper.NotificationMapper.countUnread:] [497f24b6618d4c61,99c8c32aeb7f327a,497f24b6618d4c61] - ==> Parameters: 1(Integer), 0(Integer)
2020-05-11 17:10:35.062  [http-nio-8083-exec-1] DEBUG [com.hzu.community.mapper.NotificationMapper.countUnread:] [497f24b6618d4c61,99c8c32aeb7f327a,497f24b6618d4c61] - <==      Total: 1
2020-05-11 17:10:35.912  [http-nio-8083-exec-3] DEBUG [com.hzu.community.mapper.UserMapper.select:] [5ee49d6fe65209af,2514eaa46d6f663e,5ee49d6fe65209af] - ==>  Preparing: select * from user WHERE name = ? 
2020-05-11 17:10:35.913  [http-nio-8083-exec-3] DEBUG [com.hzu.community.mapper.UserMapper.select:] [5ee49d6fe65209af,2514eaa46d6f663e,5ee49d6fe65209af] - ==> Parameters: 123(String)
2020-05-11 17:10:35.914  [http-nio-8083-exec-3] DEBUG [com.hzu.community.mapper.UserMapper.select:] [5ee49d6fe65209af,2514eaa46d6f663e,5ee49d6fe65209af] - <==      Total: 1
2020-05-11 17:10:35.922  [http-nio-8083-exec-4] DEBUG [com.hzu.community.mapper.NotificationMapper.countUnread:] [5ee49d6fe65209af,8f4533361fc7f66a,5ee49d6fe65209af] - ==>  Preparing: select count(*) from notification where receiver = ? and status = ? 
2020-05-11 17:10:35.923  [http-nio-8083-exec-4] DEBUG [com.hzu.community.mapper.NotificationMapper.countUnread:] [5ee49d6fe65209af,8f4533361fc7f66a,5ee49d6fe65209af] - ==> Parameters: 1(Integer), 0(Integer)
2020-05-11 17:10:35.923  [http-nio-8083-exec-4] DEBUG [com.hzu.community.mapper.NotificationMapper.countUnread:] [5ee49d6fe65209af,8f4533361fc7f66a,5ee49d6fe65209af] - <==      Total: 1
2020-05-11 17:10:36.594  [http-nio-8083-exec-5] DEBUG [com.hzu.community.mapper.UserMapper.select:] [20e2bfb515c18ab4,4121f593808a8667,20e2bfb515c18ab4] - ==>  Preparing: select * from user WHERE name = ? 
2020-05-11 17:10:36.595  [http-nio-8083-exec-5] DEBUG [com.hzu.community.mapper.UserMapper.select:] [20e2bfb515c18ab4,4121f593808a8667,20e2bfb515c18ab4] - ==> Parameters: 123(String)
2020-05-11 17:10:36.595  [http-nio-8083-exec-5] DEBUG [com.hzu.community.mapper.UserMapper.select:] [20e2bfb515c18ab4,4121f593808a8667,20e2bfb515c18ab4] - <==      Total: 1
2020-05-11 17:10:36.602  [http-nio-8083-exec-6] DEBUG [com.hzu.community.mapper.NotificationMapper.countUnread:] [20e2bfb515c18ab4,d533d89b4db3736a,20e2bfb515c18ab4] - ==>  Preparing: select count(*) from notification where receiver = ? and status = ? 
2020-05-11 17:10:36.602  [http-nio-8083-exec-6] DEBUG [com.hzu.community.mapper.NotificationMapper.countUnread:] [20e2bfb515c18ab4,d533d89b4db3736a,20e2bfb515c18ab4] - ==> Parameters: 1(Integer), 0(Integer)
2020-05-11 17:10:36.603  [http-nio-8083-exec-6] DEBUG [com.hzu.community.mapper.NotificationMapper.countUnread:] [20e2bfb515c18ab4,d533d89b4db3736a,20e2bfb515c18ab4] - <==      Total: 1
2020-05-11 17:10:37.453  [http-nio-8083-exec-7] DEBUG [com.hzu.community.mapper.UserMapper.select:] [54367cd30c7656fc,8e03a6a9be427b36,54367cd30c7656fc] - ==>  Preparing: select * from user WHERE name = ? 
2020-05-11 17:10:37.454  [http-nio-8083-exec-7] DEBUG [com.hzu.community.mapper.UserMapper.select:] [54367cd30c7656fc,8e03a6a9be427b36,54367cd30c7656fc] - ==> Parameters: 123(String)
2020-05-11 17:10:37.455  [http-nio-8083-exec-7] DEBUG [com.hzu.community.mapper.UserMapper.select:] [54367cd30c7656fc,8e03a6a9be427b36,54367cd30c7656fc] - <==      Total: 1
2020-05-11 17:10:37.461  [http-nio-8083-exec-9] DEBUG [com.hzu.community.mapper.NotificationMapper.countUnread:] [54367cd30c7656fc,3e7d1973b608da05,54367cd30c7656fc] - ==>  Preparing: select count(*) from notification where receiver = ? and status = ? 
2020-05-11 17:10:37.461  [http-nio-8083-exec-9] DEBUG [com.hzu.community.mapper.NotificationMapper.countUnread:] [54367cd30c7656fc,3e7d1973b608da05,54367cd30c7656fc] - ==> Parameters: 1(Integer), 0(Integer)
2020-05-11 17:10:37.462  [http-nio-8083-exec-9] DEBUG [com.hzu.community.mapper.NotificationMapper.countUnread:] [54367cd30c7656fc,3e7d1973b608da05,54367cd30c7656fc] - <==      Total: 1
2020-05-11 17:10:37.926  [http-nio-8083-exec-8] DEBUG [com.hzu.community.mapper.UserMapper.select:] [ceb0628e77e90d5a,29a516066d873d4d,ceb0628e77e90d5a] - ==>  Preparing: select * from user WHERE name = ? 
2020-05-11 17:10:37.927  [http-nio-8083-exec-8] DEBUG [com.hzu.community.mapper.UserMapper.select:] [ceb0628e77e90d5a,29a516066d873d4d,ceb0628e77e90d5a] - ==> Parameters: 123(String)
2020-05-11 17:10:37.928  [http-nio-8083-exec-8] DEBUG [com.hzu.community.mapper.UserMapper.select:] [ceb0628e77e90d5a,29a516066d873d4d,ceb0628e77e90d5a] - <==      Total: 1
2020-05-11 17:10:37.932  [http-nio-8083-exec-10] DEBUG [com.hzu.community.mapper.NotificationMapper.countUnread:] [ceb0628e77e90d5a,b60fe8439bf7c234,ceb0628e77e90d5a] - ==>  Preparing: select count(*) from notification where receiver = ? and status = ? 
2020-05-11 17:10:37.932  [http-nio-8083-exec-10] DEBUG [com.hzu.community.mapper.NotificationMapper.countUnread:] [ceb0628e77e90d5a,b60fe8439bf7c234,ceb0628e77e90d5a] - ==> Parameters: 1(Integer), 0(Integer)
2020-05-11 17:10:37.933  [http-nio-8083-exec-10] DEBUG [com.hzu.community.mapper.NotificationMapper.countUnread:] [ceb0628e77e90d5a,b60fe8439bf7c234,ceb0628e77e90d5a] - <==      Total: 1
2020-05-11 17:10:38.824  [http-nio-8083-exec-2] DEBUG [com.hzu.community.mapper.UserMapper.select:] [6b839ac24f79b118,8cf30803dfbcd21a,6b839ac24f79b118] - ==>  Preparing: select * from user WHERE name = ? 
2020-05-11 17:10:38.824  [http-nio-8083-exec-2] DEBUG [com.hzu.community.mapper.UserMapper.select:] [6b839ac24f79b118,8cf30803dfbcd21a,6b839ac24f79b118] - ==> Parameters: 123(String)
2020-05-11 17:10:38.826  [http-nio-8083-exec-2] DEBUG [com.hzu.community.mapper.UserMapper.select:] [6b839ac24f79b118,8cf30803dfbcd21a,6b839ac24f79b118] - <==      Total: 1
2020-05-11 17:10:38.830  [http-nio-8083-exec-1] DEBUG [com.hzu.community.mapper.NotificationMapper.countUnread:] [6b839ac24f79b118,1e3c76fea56f151a,6b839ac24f79b118] - ==>  Preparing: select count(*) from notification where receiver = ? and status = ? 
2020-05-11 17:10:38.831  [http-nio-8083-exec-1] DEBUG [com.hzu.community.mapper.NotificationMapper.countUnread:] [6b839ac24f79b118,1e3c76fea56f151a,6b839ac24f79b118] - ==> Parameters: 1(Integer), 0(Integer)
2020-05-11 17:10:38.831  [http-nio-8083-exec-1] DEBUG [com.hzu.community.mapper.NotificationMapper.countUnread:] [6b839ac24f79b118,1e3c76fea56f151a,6b839ac24f79b118] - <==      Total: 1
2020-05-11 17:10:39.602  [http-nio-8083-exec-3] DEBUG [com.hzu.community.mapper.UserMapper.select:] [824068c13340eec1,7095566f410b5551,824068c13340eec1] - ==>  Preparing: select * from user WHERE name = ? 
2020-05-11 17:10:39.603  [http-nio-8083-exec-3] DEBUG [com.hzu.community.mapper.UserMapper.select:] [824068c13340eec1,7095566f410b5551,824068c13340eec1] - ==> Parameters: 123(String)
2020-05-11 17:10:39.604  [http-nio-8083-exec-3] DEBUG [com.hzu.community.mapper.UserMapper.select:] [824068c13340eec1,7095566f410b5551,824068c13340eec1] - <==      Total: 1
2020-05-11 17:10:39.611  [http-nio-8083-exec-4] DEBUG [com.hzu.community.mapper.NotificationMapper.countUnread:] [824068c13340eec1,bf11dbec98a4d048,824068c13340eec1] - ==>  Preparing: select count(*) from notification where receiver = ? and status = ? 
2020-05-11 17:10:39.611  [http-nio-8083-exec-4] DEBUG [com.hzu.community.mapper.NotificationMapper.countUnread:] [824068c13340eec1,bf11dbec98a4d048,824068c13340eec1] - ==> Parameters: 1(Integer), 0(Integer)
2020-05-11 17:10:39.612  [http-nio-8083-exec-4] DEBUG [com.hzu.community.mapper.NotificationMapper.countUnread:] [824068c13340eec1,bf11dbec98a4d048,824068c13340eec1] - <==      Total: 1
2020-05-11 17:10:40.683  [http-nio-8083-exec-5] DEBUG [com.hzu.community.mapper.UserMapper.select:] [0ae393a939c6bd85,6aff77c0533c2749,0ae393a939c6bd85] - ==>  Preparing: select * from user WHERE name = ? 
2020-05-11 17:10:40.683  [http-nio-8083-exec-5] DEBUG [com.hzu.community.mapper.UserMapper.select:] [0ae393a939c6bd85,6aff77c0533c2749,0ae393a939c6bd85] - ==> Parameters: 123(String)
2020-05-11 17:10:40.684  [http-nio-8083-exec-5] DEBUG [com.hzu.community.mapper.UserMapper.select:] [0ae393a939c6bd85,6aff77c0533c2749,0ae393a939c6bd85] - <==      Total: 1
2020-05-11 17:10:40.689  [http-nio-8083-exec-6] DEBUG [com.hzu.community.mapper.NotificationMapper.countUnread:] [0ae393a939c6bd85,ad3325dbef55bd8c,0ae393a939c6bd85] - ==>  Preparing: select count(*) from notification where receiver = ? and status = ? 
2020-05-11 17:10:40.689  [http-nio-8083-exec-6] DEBUG [com.hzu.community.mapper.NotificationMapper.countUnread:] [0ae393a939c6bd85,ad3325dbef55bd8c,0ae393a939c6bd85] - ==> Parameters: 1(Integer), 0(Integer)
2020-05-11 17:10:40.690  [http-nio-8083-exec-6] DEBUG [com.hzu.community.mapper.NotificationMapper.countUnread:] [0ae393a939c6bd85,ad3325dbef55bd8c,0ae393a939c6bd85] - <==      Total: 1
2020-05-11 17:10:41.472  [http-nio-8083-exec-7] DEBUG [com.hzu.community.mapper.UserMapper.select:] [af7d6ade646b6804,09b8656cf06f843a,af7d6ade646b6804] - ==>  Preparing: select * from user WHERE name = ? 
2020-05-11 17:10:41.472  [http-nio-8083-exec-7] DEBUG [com.hzu.community.mapper.UserMapper.select:] [af7d6ade646b6804,09b8656cf06f843a,af7d6ade646b6804] - ==> Parameters: 123(String)
2020-05-11 17:10:41.473  [http-nio-8083-exec-7] DEBUG [com.hzu.community.mapper.UserMapper.select:] [af7d6ade646b6804,09b8656cf06f843a,af7d6ade646b6804] - <==      Total: 1
2020-05-11 17:10:41.478  [http-nio-8083-exec-9] DEBUG [com.hzu.community.mapper.NotificationMapper.countUnread:] [af7d6ade646b6804,344e86a9798add2a,af7d6ade646b6804] - ==>  Preparing: select count(*) from notification where receiver = ? and status = ? 
2020-05-11 17:10:41.478  [http-nio-8083-exec-9] DEBUG [com.hzu.community.mapper.NotificationMapper.countUnread:] [af7d6ade646b6804,344e86a9798add2a,af7d6ade646b6804] - ==> Parameters: 1(Integer), 0(Integer)
2020-05-11 17:10:41.478  [http-nio-8083-exec-9] DEBUG [com.hzu.community.mapper.NotificationMapper.countUnread:] [af7d6ade646b6804,344e86a9798add2a,af7d6ade646b6804] - <==      Total: 1
2020-05-11 17:13:06.353  [http-nio-8083-exec-10] DEBUG [com.hzu.community.mapper.UserMapper.select:] [0f569ec7d20aa2f3,203a5428101a1687,0f569ec7d20aa2f3] - ==>  Preparing: select * from user WHERE name = ? 
2020-05-11 17:13:06.353  [http-nio-8083-exec-10] DEBUG [com.hzu.community.mapper.UserMapper.select:] [0f569ec7d20aa2f3,203a5428101a1687,0f569ec7d20aa2f3] - ==> Parameters: 123(String)
2020-05-11 17:13:06.354  [http-nio-8083-exec-10] DEBUG [com.hzu.community.mapper.UserMapper.select:] [0f569ec7d20aa2f3,203a5428101a1687,0f569ec7d20aa2f3] - <==      Total: 1
2020-05-11 17:13:06.370  [http-nio-8083-exec-2] DEBUG [com.hzu.community.mapper.NotificationMapper.countUnread:] [0f569ec7d20aa2f3,b4c2d3c09a6d5544,0f569ec7d20aa2f3] - ==>  Preparing: select count(*) from notification where receiver = ? and status = ? 
2020-05-11 17:13:06.370  [http-nio-8083-exec-2] DEBUG [com.hzu.community.mapper.NotificationMapper.countUnread:] [0f569ec7d20aa2f3,b4c2d3c09a6d5544,0f569ec7d20aa2f3] - ==> Parameters: 1(Integer), 0(Integer)
2020-05-11 17:13:06.371  [http-nio-8083-exec-2] DEBUG [com.hzu.community.mapper.NotificationMapper.countUnread:] [0f569ec7d20aa2f3,b4c2d3c09a6d5544,0f569ec7d20aa2f3] - <==      Total: 1
2020-05-11 17:13:07.540  [http-nio-8083-exec-1] DEBUG [com.hzu.community.mapper.UserMapper.select:] [d44f0887176d54b7,f9742c3047a048e0,d44f0887176d54b7] - ==>  Preparing: select * from user WHERE name = ? 
2020-05-11 17:13:07.540  [http-nio-8083-exec-1] DEBUG [com.hzu.community.mapper.UserMapper.select:] [d44f0887176d54b7,f9742c3047a048e0,d44f0887176d54b7] - ==> Parameters: 123(String)
2020-05-11 17:13:07.541  [http-nio-8083-exec-1] DEBUG [com.hzu.community.mapper.UserMapper.select:] [d44f0887176d54b7,f9742c3047a048e0,d44f0887176d54b7] - <==      Total: 1
2020-05-11 17:13:07.547  [http-nio-8083-exec-3] DEBUG [com.hzu.community.mapper.NotificationMapper.countUnread:] [d44f0887176d54b7,d0a501ce93339659,d44f0887176d54b7] - ==>  Preparing: select count(*) from notification where receiver = ? and status = ? 
2020-05-11 17:13:07.547  [http-nio-8083-exec-3] DEBUG [com.hzu.community.mapper.NotificationMapper.countUnread:] [d44f0887176d54b7,d0a501ce93339659,d44f0887176d54b7] - ==> Parameters: 1(Integer), 0(Integer)
2020-05-11 17:13:07.548  [http-nio-8083-exec-3] DEBUG [com.hzu.community.mapper.NotificationMapper.countUnread:] [d44f0887176d54b7,d0a501ce93339659,d44f0887176d54b7] - <==      Total: 1
2020-05-11 17:13:14.305  [http-nio-8083-exec-4] DEBUG [com.hzu.community.mapper.UserMapper.select:] [e026efb1790b69da,d9aecde0ec110c5a,e026efb1790b69da] - ==>  Preparing: select * from user WHERE name = ? 
2020-05-11 17:13:14.306  [http-nio-8083-exec-4] DEBUG [com.hzu.community.mapper.UserMapper.select:] [e026efb1790b69da,d9aecde0ec110c5a,e026efb1790b69da] - ==> Parameters: 123(String)
2020-05-11 17:13:14.306  [http-nio-8083-exec-4] DEBUG [com.hzu.community.mapper.UserMapper.select:] [e026efb1790b69da,d9aecde0ec110c5a,e026efb1790b69da] - <==      Total: 1
2020-05-11 17:13:14.312  [http-nio-8083-exec-5] DEBUG [com.hzu.community.mapper.NotificationMapper.countUnread:] [e026efb1790b69da,db9554de5319c9ee,e026efb1790b69da] - ==>  Preparing: select count(*) from notification where receiver = ? and status = ? 
2020-05-11 17:13:14.313  [http-nio-8083-exec-5] DEBUG [com.hzu.community.mapper.NotificationMapper.countUnread:] [e026efb1790b69da,db9554de5319c9ee,e026efb1790b69da] - ==> Parameters: 1(Integer), 0(Integer)
2020-05-11 17:13:14.313  [http-nio-8083-exec-5] DEBUG [com.hzu.community.mapper.NotificationMapper.countUnread:] [e026efb1790b69da,db9554de5319c9ee,e026efb1790b69da] - <==      Total: 1
2020-05-11 17:13:15.133  [http-nio-8083-exec-6] DEBUG [com.hzu.community.mapper.UserMapper.select:] [97e18fe8573ddb3b,37e72a7138b60b76,97e18fe8573ddb3b] - ==>  Preparing: select * from user WHERE name = ? 
2020-05-11 17:13:15.134  [http-nio-8083-exec-6] DEBUG [com.hzu.community.mapper.UserMapper.select:] [97e18fe8573ddb3b,37e72a7138b60b76,97e18fe8573ddb3b] - ==> Parameters: 123(String)
2020-05-11 17:13:15.135  [http-nio-8083-exec-6] DEBUG [com.hzu.community.mapper.UserMapper.select:] [97e18fe8573ddb3b,37e72a7138b60b76,97e18fe8573ddb3b] - <==      Total: 1
2020-05-11 17:13:15.140  [http-nio-8083-exec-7] DEBUG [com.hzu.community.mapper.NotificationMapper.countUnread:] [97e18fe8573ddb3b,075d2f6d3e13331d,97e18fe8573ddb3b] - ==>  Preparing: select count(*) from notification where receiver = ? and status = ? 
2020-05-11 17:13:15.140  [http-nio-8083-exec-7] DEBUG [com.hzu.community.mapper.NotificationMapper.countUnread:] [97e18fe8573ddb3b,075d2f6d3e13331d,97e18fe8573ddb3b] - ==> Parameters: 1(Integer), 0(Integer)
2020-05-11 17:13:15.142  [http-nio-8083-exec-7] DEBUG [com.hzu.community.mapper.NotificationMapper.countUnread:] [97e18fe8573ddb3b,075d2f6d3e13331d,97e18fe8573ddb3b] - <==      Total: 1
2020-05-11 17:13:16.069  [http-nio-8083-exec-9] DEBUG [com.hzu.community.mapper.UserMapper.select:] [3c5df6c46c1a87ad,bea91e674a5a7def,3c5df6c46c1a87ad] - ==>  Preparing: select * from user WHERE name = ? 
2020-05-11 17:13:16.070  [http-nio-8083-exec-9] DEBUG [com.hzu.community.mapper.UserMapper.select:] [3c5df6c46c1a87ad,bea91e674a5a7def,3c5df6c46c1a87ad] - ==> Parameters: 123(String)
2020-05-11 17:13:16.071  [http-nio-8083-exec-9] DEBUG [com.hzu.community.mapper.UserMapper.select:] [3c5df6c46c1a87ad,bea91e674a5a7def,3c5df6c46c1a87ad] - <==      Total: 1
2020-05-11 17:13:16.075  [http-nio-8083-exec-8] DEBUG [com.hzu.community.mapper.NotificationMapper.countUnread:] [3c5df6c46c1a87ad,f30f001f2a4ef7d2,3c5df6c46c1a87ad] - ==>  Preparing: select count(*) from notification where receiver = ? and status = ? 
2020-05-11 17:13:16.075  [http-nio-8083-exec-8] DEBUG [com.hzu.community.mapper.NotificationMapper.countUnread:] [3c5df6c46c1a87ad,f30f001f2a4ef7d2,3c5df6c46c1a87ad] - ==> Parameters: 1(Integer), 0(Integer)
2020-05-11 17:13:16.076  [http-nio-8083-exec-8] DEBUG [com.hzu.community.mapper.NotificationMapper.countUnread:] [3c5df6c46c1a87ad,f30f001f2a4ef7d2,3c5df6c46c1a87ad] - <==      Total: 1
2020-05-11 17:13:27.307  [http-nio-8083-exec-2] DEBUG [com.hzu.community.mapper.UserMapper.select:] [6496cf89cea0dc04,3442154bdaa6e86a,6496cf89cea0dc04] - ==>  Preparing: select * from user WHERE name = ? 
2020-05-11 17:13:27.307  [http-nio-8083-exec-2] DEBUG [com.hzu.community.mapper.UserMapper.select:] [6496cf89cea0dc04,3442154bdaa6e86a,6496cf89cea0dc04] - ==> Parameters: 123(String)
2020-05-11 17:13:27.308  [http-nio-8083-exec-2] DEBUG [com.hzu.community.mapper.UserMapper.select:] [6496cf89cea0dc04,3442154bdaa6e86a,6496cf89cea0dc04] - <==      Total: 1
2020-05-11 17:13:27.318  [http-nio-8083-exec-1] DEBUG [com.hzu.community.mapper.NotificationMapper.countUnread:] [6496cf89cea0dc04,aed5fbc63690b5c3,6496cf89cea0dc04] - ==>  Preparing: select count(*) from notification where receiver = ? and status = ? 
2020-05-11 17:13:27.318  [http-nio-8083-exec-1] DEBUG [com.hzu.community.mapper.NotificationMapper.countUnread:] [6496cf89cea0dc04,aed5fbc63690b5c3,6496cf89cea0dc04] - ==> Parameters: 1(Integer), 0(Integer)
2020-05-11 17:13:27.319  [http-nio-8083-exec-1] DEBUG [com.hzu.community.mapper.NotificationMapper.countUnread:] [6496cf89cea0dc04,aed5fbc63690b5c3,6496cf89cea0dc04] - <==      Total: 1
2020-05-11 17:13:27.326  [http-nio-8083-exec-10] DEBUG [com.hzu.community.mapper.UserMapper.select:] [7ff1e0ad19019d88,a73767f5faa87675,7ff1e0ad19019d88] - ==>  Preparing: select * from user WHERE name = ? 
2020-05-11 17:13:27.327  [http-nio-8083-exec-10] DEBUG [com.hzu.community.mapper.UserMapper.select:] [7ff1e0ad19019d88,a73767f5faa87675,7ff1e0ad19019d88] - ==> Parameters: 123(String)
2020-05-11 17:13:27.327  [http-nio-8083-exec-10] DEBUG [com.hzu.community.mapper.UserMapper.select:] [7ff1e0ad19019d88,a73767f5faa87675,7ff1e0ad19019d88] - <==      Total: 1
2020-05-11 17:13:27.336  [http-nio-8083-exec-3] DEBUG [com.hzu.community.mapper.NotificationMapper.countUnread:] [7ff1e0ad19019d88,4a5b5c25b49ab873,7ff1e0ad19019d88] - ==>  Preparing: select count(*) from notification where receiver = ? and status = ? 
2020-05-11 17:13:27.337  [http-nio-8083-exec-3] DEBUG [com.hzu.community.mapper.NotificationMapper.countUnread:] [7ff1e0ad19019d88,4a5b5c25b49ab873,7ff1e0ad19019d88] - ==> Parameters: 1(Integer), 0(Integer)
2020-05-11 17:13:27.338  [http-nio-8083-exec-3] DEBUG [com.hzu.community.mapper.NotificationMapper.countUnread:] [7ff1e0ad19019d88,4a5b5c25b49ab873,7ff1e0ad19019d88] - <==      Total: 1
2020-05-11 17:13:27.527  [http-nio-8083-exec-4] DEBUG [com.hzu.community.mapper.QuestionMapper.deleteById:] [7ff1e0ad19019d88,01b61a560c2d2b4d,12b640747088ee9c] - ==>  Preparing: delete from question where id = ? 
2020-05-11 17:13:27.591  [http-nio-8083-exec-4] DEBUG [com.hzu.community.mapper.QuestionMapper.deleteById:] [7ff1e0ad19019d88,01b61a560c2d2b4d,12b640747088ee9c] - ==> Parameters: 17(Integer)
2020-05-11 17:13:27.597  [http-nio-8083-exec-4] DEBUG [com.hzu.community.mapper.QuestionMapper.deleteById:] [7ff1e0ad19019d88,01b61a560c2d2b4d,12b640747088ee9c] - <==    Updates: 1
2020-05-11 17:13:29.838  [http-nio-8083-exec-5] DEBUG [com.hzu.community.mapper.UserMapper.select:] [fe1764d5619cddd9,d1686287e07a3e4b,fe1764d5619cddd9] - ==>  Preparing: select * from user WHERE name = ? 
2020-05-11 17:13:29.838  [http-nio-8083-exec-5] DEBUG [com.hzu.community.mapper.UserMapper.select:] [fe1764d5619cddd9,d1686287e07a3e4b,fe1764d5619cddd9] - ==> Parameters: 123(String)
2020-05-11 17:13:29.839  [http-nio-8083-exec-5] DEBUG [com.hzu.community.mapper.UserMapper.select:] [fe1764d5619cddd9,d1686287e07a3e4b,fe1764d5619cddd9] - <==      Total: 1
2020-05-11 17:13:29.846  [http-nio-8083-exec-6] DEBUG [com.hzu.community.mapper.NotificationMapper.countUnread:] [fe1764d5619cddd9,6e6d8b800cf6893a,fe1764d5619cddd9] - ==>  Preparing: select count(*) from notification where receiver = ? and status = ? 
2020-05-11 17:13:29.846  [http-nio-8083-exec-6] DEBUG [com.hzu.community.mapper.NotificationMapper.countUnread:] [fe1764d5619cddd9,6e6d8b800cf6893a,fe1764d5619cddd9] - ==> Parameters: 1(Integer), 0(Integer)
2020-05-11 17:13:29.847  [http-nio-8083-exec-6] DEBUG [com.hzu.community.mapper.NotificationMapper.countUnread:] [fe1764d5619cddd9,6e6d8b800cf6893a,fe1764d5619cddd9] - <==      Total: 1
2020-05-11 17:16:22.291  [http-nio-8083-exec-8] DEBUG [com.hzu.community.mapper.QuestionMapper.selectQuestion:] [20b85e9449240ae7,e8bac6637a7a929d,ab3e52ddaa27f76e] - ==>  Preparing: select * from question order by gmt_create desc limit ?,? 
2020-05-11 17:16:22.292  [http-nio-8083-exec-8] DEBUG [com.hzu.community.mapper.QuestionMapper.selectQuestion:] [20b85e9449240ae7,e8bac6637a7a929d,ab3e52ddaa27f76e] - ==> Parameters: 0(Integer), 4(Integer)
2020-05-11 17:16:22.293  [http-nio-8083-exec-8] DEBUG [com.hzu.community.mapper.QuestionMapper.selectQuestion:] [20b85e9449240ae7,e8bac6637a7a929d,ab3e52ddaa27f76e] - <==      Total: 4
2020-05-11 17:16:22.339  [http-nio-8083-exec-2] DEBUG [com.hzu.community.mapper.QuestionMapper.selectQuestion:] [20b85e9449240ae7,61ee523499039f62,9770c203d7ad56db] - ==>  Preparing: select * from question order by gmt_create desc limit ?,? 
2020-05-11 17:16:22.340  [http-nio-8083-exec-2] DEBUG [com.hzu.community.mapper.QuestionMapper.selectQuestion:] [20b85e9449240ae7,61ee523499039f62,9770c203d7ad56db] - ==> Parameters: 4(Integer), 4(Integer)
2020-05-11 17:16:22.341  [http-nio-8083-exec-2] DEBUG [com.hzu.community.mapper.QuestionMapper.selectQuestion:] [20b85e9449240ae7,61ee523499039f62,9770c203d7ad56db] - <==      Total: 4
2020-05-11 17:16:22.349  [http-nio-8083-exec-1] DEBUG [com.hzu.community.mapper.QuestionMapper.selectQuestion:] [20b85e9449240ae7,39933fca6e2ae21a,5ed3c6e9365c9483] - ==>  Preparing: select * from question order by gmt_create desc limit ?,? 
2020-05-11 17:16:22.349  [http-nio-8083-exec-1] DEBUG [com.hzu.community.mapper.QuestionMapper.selectQuestion:] [20b85e9449240ae7,39933fca6e2ae21a,5ed3c6e9365c9483] - ==> Parameters: 8(Integer), 4(Integer)
2020-05-11 17:16:22.350  [http-nio-8083-exec-1] DEBUG [com.hzu.community.mapper.QuestionMapper.selectQuestion:] [20b85e9449240ae7,39933fca6e2ae21a,5ed3c6e9365c9483] - <==      Total: 1
2020-05-11 17:16:36.283  [http-nio-8083-exec-10] DEBUG [com.hzu.community.mapper.UserMapper.select:] [b9fb5cb407a1efba,242a309b3009f68f,b9fb5cb407a1efba] - ==>  Preparing: select * from user WHERE name = ? 
2020-05-11 17:16:36.283  [http-nio-8083-exec-10] DEBUG [com.hzu.community.mapper.UserMapper.select:] [b9fb5cb407a1efba,242a309b3009f68f,b9fb5cb407a1efba] - ==> Parameters: 123(String)
2020-05-11 17:16:36.284  [http-nio-8083-exec-10] DEBUG [com.hzu.community.mapper.UserMapper.select:] [b9fb5cb407a1efba,242a309b3009f68f,b9fb5cb407a1efba] - <==      Total: 1
2020-05-11 17:16:36.316  [http-nio-8083-exec-4] DEBUG [com.hzu.community.mapper.NotificationMapper.countUnread:] [b9fb5cb407a1efba,a6df20bb9101723c,b9fb5cb407a1efba] - ==>  Preparing: select count(*) from notification where receiver = ? and status = ? 
2020-05-11 17:16:36.317  [http-nio-8083-exec-4] DEBUG [com.hzu.community.mapper.NotificationMapper.countUnread:] [b9fb5cb407a1efba,a6df20bb9101723c,b9fb5cb407a1efba] - ==> Parameters: 1(Integer), 0(Integer)
2020-05-11 17:16:36.317  [http-nio-8083-exec-4] DEBUG [com.hzu.community.mapper.NotificationMapper.countUnread:] [b9fb5cb407a1efba,a6df20bb9101723c,b9fb5cb407a1efba] - <==      Total: 1
2020-05-11 17:16:36.400  [http-nio-8083-exec-5] DEBUG [com.hzu.community.mapper.QuestionMapper.deleteById:] [368fcb950e90a1d7,48ddabf85a86870a,bd1b0d7aee1cc5bf] - ==>  Preparing: delete from question where id = ? 
2020-05-11 17:16:36.401  [http-nio-8083-exec-5] DEBUG [com.hzu.community.mapper.QuestionMapper.deleteById:] [368fcb950e90a1d7,48ddabf85a86870a,bd1b0d7aee1cc5bf] - ==> Parameters: 18(Integer)
2020-05-11 17:16:36.404  [http-nio-8083-exec-5] DEBUG [com.hzu.community.mapper.QuestionMapper.deleteById:] [368fcb950e90a1d7,48ddabf85a86870a,bd1b0d7aee1cc5bf] - <==    Updates: 1
2020-05-11 17:16:46.299  [http-nio-8083-exec-6] DEBUG [com.hzu.community.mapper.UserMapper.select:] [783fa5cba35fea03,21528f3f2a0f66e9,783fa5cba35fea03] - ==>  Preparing: select * from user WHERE name = ? 
2020-05-11 17:16:46.300  [http-nio-8083-exec-6] DEBUG [com.hzu.community.mapper.UserMapper.select:] [783fa5cba35fea03,21528f3f2a0f66e9,783fa5cba35fea03] - ==> Parameters: 123(String)
2020-05-11 17:16:46.300  [http-nio-8083-exec-6] DEBUG [com.hzu.community.mapper.UserMapper.select:] [783fa5cba35fea03,21528f3f2a0f66e9,783fa5cba35fea03] - <==      Total: 1
2020-05-11 17:16:46.308  [http-nio-8083-exec-7] DEBUG [com.hzu.community.mapper.NotificationMapper.countUnread:] [783fa5cba35fea03,198e32ba008ba577,783fa5cba35fea03] - ==>  Preparing: select count(*) from notification where receiver = ? and status = ? 
2020-05-11 17:16:46.308  [http-nio-8083-exec-7] DEBUG [com.hzu.community.mapper.NotificationMapper.countUnread:] [783fa5cba35fea03,198e32ba008ba577,783fa5cba35fea03] - ==> Parameters: 1(Integer), 0(Integer)
2020-05-11 17:16:46.309  [http-nio-8083-exec-7] DEBUG [com.hzu.community.mapper.NotificationMapper.countUnread:] [783fa5cba35fea03,198e32ba008ba577,783fa5cba35fea03] - <==      Total: 1
2020-05-11 17:20:41.078  [http-nio-8083-exec-2] DEBUG [com.hzu.community.mapper.QuestionMapper.selectQuestion:] [3922cb2a64f669ab,2f1f4a1838b02bad,afdb67beab43a33f] - ==>  Preparing: select * from question order by gmt_create desc limit ?,? 
2020-05-11 17:20:41.079  [http-nio-8083-exec-2] DEBUG [com.hzu.community.mapper.QuestionMapper.selectQuestion:] [3922cb2a64f669ab,2f1f4a1838b02bad,afdb67beab43a33f] - ==> Parameters: 0(Integer), 4(Integer)
2020-05-11 17:20:41.080  [http-nio-8083-exec-2] DEBUG [com.hzu.community.mapper.QuestionMapper.selectQuestion:] [3922cb2a64f669ab,2f1f4a1838b02bad,afdb67beab43a33f] - <==      Total: 4
2020-05-11 17:20:41.127  [http-nio-8083-exec-1] DEBUG [com.hzu.community.mapper.QuestionMapper.selectQuestion:] [3922cb2a64f669ab,3d63513dbebd10ac,fa11e34db6e12705] - ==>  Preparing: select * from question order by gmt_create desc limit ?,? 
2020-05-11 17:20:41.127  [http-nio-8083-exec-1] DEBUG [com.hzu.community.mapper.QuestionMapper.selectQuestion:] [3922cb2a64f669ab,3d63513dbebd10ac,fa11e34db6e12705] - ==> Parameters: 4(Integer), 4(Integer)
2020-05-11 17:20:41.128  [http-nio-8083-exec-1] DEBUG [com.hzu.community.mapper.QuestionMapper.selectQuestion:] [3922cb2a64f669ab,3d63513dbebd10ac,fa11e34db6e12705] - <==      Total: 4
2020-05-11 17:20:41.137  [http-nio-8083-exec-10] DEBUG [com.hzu.community.mapper.QuestionMapper.selectQuestion:] [3922cb2a64f669ab,c365b4fcdeb3ea22,ace647f67bce4aa5] - ==>  Preparing: select * from question order by gmt_create desc limit ?,? 
2020-05-11 17:20:41.137  [http-nio-8083-exec-10] DEBUG [com.hzu.community.mapper.QuestionMapper.selectQuestion:] [3922cb2a64f669ab,c365b4fcdeb3ea22,ace647f67bce4aa5] - ==> Parameters: 8(Integer), 4(Integer)
2020-05-11 17:20:41.158  [http-nio-8083-exec-10] DEBUG [com.hzu.community.mapper.QuestionMapper.selectQuestion:] [3922cb2a64f669ab,c365b4fcdeb3ea22,ace647f67bce4aa5] - <==      Total: 0
2020-05-11 17:21:08.276  [http-nio-8083-exec-3] DEBUG [com.hzu.community.mapper.UserMapper.select:] [bd2196addfba1ca5,f9cecadc336d041d,bd2196addfba1ca5] - ==>  Preparing: select * from user WHERE name = ? 
2020-05-11 17:21:08.276  [http-nio-8083-exec-3] DEBUG [com.hzu.community.mapper.UserMapper.select:] [bd2196addfba1ca5,f9cecadc336d041d,bd2196addfba1ca5] - ==> Parameters: 123(String)
2020-05-11 17:21:08.277  [http-nio-8083-exec-3] DEBUG [com.hzu.community.mapper.UserMapper.select:] [bd2196addfba1ca5,f9cecadc336d041d,bd2196addfba1ca5] - <==      Total: 1
2020-05-11 17:21:08.293  [http-nio-8083-exec-4] DEBUG [com.hzu.community.mapper.NotificationMapper.countUnread:] [bd2196addfba1ca5,3eb170cb73c0ebaa,bd2196addfba1ca5] - ==>  Preparing: select count(*) from notification where receiver = ? and status = ? 
2020-05-11 17:21:08.293  [http-nio-8083-exec-4] DEBUG [com.hzu.community.mapper.NotificationMapper.countUnread:] [bd2196addfba1ca5,3eb170cb73c0ebaa,bd2196addfba1ca5] - ==> Parameters: 1(Integer), 0(Integer)
2020-05-11 17:21:08.294  [http-nio-8083-exec-4] DEBUG [com.hzu.community.mapper.NotificationMapper.countUnread:] [bd2196addfba1ca5,3eb170cb73c0ebaa,bd2196addfba1ca5] - <==      Total: 1
2020-05-11 17:22:47.821  [http-nio-8083-exec-6] DEBUG [com.hzu.community.mapper.QuestionMapper.selectQuestion:] [5ee99f4ff1b57b00,4a2ca993e0ecca84,ddda5244a74e30e2] - ==>  Preparing: select * from question order by gmt_create desc limit ?,? 
2020-05-11 17:22:47.822  [http-nio-8083-exec-6] DEBUG [com.hzu.community.mapper.QuestionMapper.selectQuestion:] [5ee99f4ff1b57b00,4a2ca993e0ecca84,ddda5244a74e30e2] - ==> Parameters: 0(Integer), 4(Integer)
2020-05-11 17:22:47.824  [http-nio-8083-exec-6] DEBUG [com.hzu.community.mapper.QuestionMapper.selectQuestion:] [5ee99f4ff1b57b00,4a2ca993e0ecca84,ddda5244a74e30e2] - <==      Total: 4
2020-05-11 17:22:47.897  [http-nio-8083-exec-7] DEBUG [com.hzu.community.mapper.QuestionMapper.selectQuestion:] [5ee99f4ff1b57b00,09d81b3dd1f1e3e3,97a50c5f13e02ee5] - ==>  Preparing: select * from question order by gmt_create desc limit ?,? 
2020-05-11 17:22:47.899  [http-nio-8083-exec-7] DEBUG [com.hzu.community.mapper.QuestionMapper.selectQuestion:] [5ee99f4ff1b57b00,09d81b3dd1f1e3e3,97a50c5f13e02ee5] - ==> Parameters: 4(Integer), 4(Integer)
2020-05-11 17:22:47.900  [http-nio-8083-exec-7] DEBUG [com.hzu.community.mapper.QuestionMapper.selectQuestion:] [5ee99f4ff1b57b00,09d81b3dd1f1e3e3,97a50c5f13e02ee5] - <==      Total: 4
2020-05-11 17:22:47.913  [http-nio-8083-exec-9] DEBUG [com.hzu.community.mapper.QuestionMapper.selectQuestion:] [5ee99f4ff1b57b00,4f528ca11d7c491d,3c2e2f5afbfaf89b] - ==>  Preparing: select * from question order by gmt_create desc limit ?,? 
2020-05-11 17:22:47.913  [http-nio-8083-exec-9] DEBUG [com.hzu.community.mapper.QuestionMapper.selectQuestion:] [5ee99f4ff1b57b00,4f528ca11d7c491d,3c2e2f5afbfaf89b] - ==> Parameters: 8(Integer), 4(Integer)
2020-05-11 17:22:47.914  [http-nio-8083-exec-9] DEBUG [com.hzu.community.mapper.QuestionMapper.selectQuestion:] [5ee99f4ff1b57b00,4f528ca11d7c491d,3c2e2f5afbfaf89b] - <==      Total: 0
2020-05-11 17:49:27.951  [http-nio-8083-exec-2] DEBUG [com.hzu.community.mapper.QuestionMapper.selectQuestion:] [768451dc2889a35d,3e3c8bda1b0d3e9b,4419a25e1c569cb4] - ==>  Preparing: select * from question order by gmt_create desc limit ?,? 
2020-05-11 17:49:27.951  [http-nio-8083-exec-2] DEBUG [com.hzu.community.mapper.QuestionMapper.selectQuestion:] [768451dc2889a35d,3e3c8bda1b0d3e9b,4419a25e1c569cb4] - ==> Parameters: 0(Integer), 4(Integer)
2020-05-11 17:49:27.953  [http-nio-8083-exec-2] DEBUG [com.hzu.community.mapper.QuestionMapper.selectQuestion:] [768451dc2889a35d,3e3c8bda1b0d3e9b,4419a25e1c569cb4] - <==      Total: 4
2020-05-11 17:49:28.015  [http-nio-8083-exec-1] DEBUG [com.hzu.community.mapper.QuestionMapper.selectQuestion:] [768451dc2889a35d,ae2009caaa09a5dd,a040cf3f9eec40a5] - ==>  Preparing: select * from question order by gmt_create desc limit ?,? 
2020-05-11 17:49:28.015  [http-nio-8083-exec-1] DEBUG [com.hzu.community.mapper.QuestionMapper.selectQuestion:] [768451dc2889a35d,ae2009caaa09a5dd,a040cf3f9eec40a5] - ==> Parameters: 4(Integer), 4(Integer)
2020-05-11 17:49:28.016  [http-nio-8083-exec-1] DEBUG [com.hzu.community.mapper.QuestionMapper.selectQuestion:] [768451dc2889a35d,ae2009caaa09a5dd,a040cf3f9eec40a5] - <==      Total: 4
2020-05-11 17:49:28.027  [http-nio-8083-exec-10] DEBUG [com.hzu.community.mapper.QuestionMapper.selectQuestion:] [768451dc2889a35d,20050efe9ca75230,93485953bb9afa63] - ==>  Preparing: select * from question order by gmt_create desc limit ?,? 
2020-05-11 17:49:28.028  [http-nio-8083-exec-10] DEBUG [com.hzu.community.mapper.QuestionMapper.selectQuestion:] [768451dc2889a35d,20050efe9ca75230,93485953bb9afa63] - ==> Parameters: 8(Integer), 4(Integer)
2020-05-11 17:49:28.028  [http-nio-8083-exec-10] DEBUG [com.hzu.community.mapper.QuestionMapper.selectQuestion:] [768451dc2889a35d,20050efe9ca75230,93485953bb9afa63] - <==      Total: 0
2020-05-11 17:49:36.853  [http-nio-8083-exec-3] DEBUG [com.hzu.community.mapper.UserMapper.select:] [3e88dd92551e81a7,8cbf67a0ff2c4975,3e88dd92551e81a7] - ==>  Preparing: select * from user WHERE name = ? 
2020-05-11 17:49:36.854  [http-nio-8083-exec-3] DEBUG [com.hzu.community.mapper.UserMapper.select:] [3e88dd92551e81a7,8cbf67a0ff2c4975,3e88dd92551e81a7] - ==> Parameters: 123(String)
2020-05-11 17:49:36.855  [http-nio-8083-exec-3] DEBUG [com.hzu.community.mapper.UserMapper.select:] [3e88dd92551e81a7,8cbf67a0ff2c4975,3e88dd92551e81a7] - <==      Total: 1
2020-05-11 17:49:36.892  [http-nio-8083-exec-4] DEBUG [com.hzu.community.mapper.NotificationMapper.countUnread:] [3e88dd92551e81a7,05cce5c791f2a976,3e88dd92551e81a7] - ==>  Preparing: select count(*) from notification where receiver = ? and status = ? 
2020-05-11 17:49:36.893  [http-nio-8083-exec-4] DEBUG [com.hzu.community.mapper.NotificationMapper.countUnread:] [3e88dd92551e81a7,05cce5c791f2a976,3e88dd92551e81a7] - ==> Parameters: 1(Integer), 0(Integer)
2020-05-11 17:49:36.894  [http-nio-8083-exec-4] DEBUG [com.hzu.community.mapper.NotificationMapper.countUnread:] [3e88dd92551e81a7,05cce5c791f2a976,3e88dd92551e81a7] - <==      Total: 1
2020-05-11 17:49:54.353  [http-nio-8083-exec-5] DEBUG [com.hzu.community.mapper.UserMapper.select:] [9c4f9fc3f5480d72,ab5df66cd51a7fd7,9c4f9fc3f5480d72] - ==>  Preparing: select * from user WHERE name = ? 
2020-05-11 17:49:54.354  [http-nio-8083-exec-5] DEBUG [com.hzu.community.mapper.UserMapper.select:] [9c4f9fc3f5480d72,ab5df66cd51a7fd7,9c4f9fc3f5480d72] - ==> Parameters: 123(String)
2020-05-11 17:49:54.356  [http-nio-8083-exec-5] DEBUG [com.hzu.community.mapper.UserMapper.select:] [9c4f9fc3f5480d72,ab5df66cd51a7fd7,9c4f9fc3f5480d72] - <==      Total: 1
2020-05-11 17:49:54.362  [http-nio-8083-exec-6] DEBUG [com.hzu.community.mapper.NotificationMapper.countUnread:] [9c4f9fc3f5480d72,f8dbd6f7365030bf,9c4f9fc3f5480d72] - ==>  Preparing: select count(*) from notification where receiver = ? and status = ? 
2020-05-11 17:49:54.362  [http-nio-8083-exec-6] DEBUG [com.hzu.community.mapper.NotificationMapper.countUnread:] [9c4f9fc3f5480d72,f8dbd6f7365030bf,9c4f9fc3f5480d72] - ==> Parameters: 1(Integer), 0(Integer)
2020-05-11 17:49:54.363  [http-nio-8083-exec-6] DEBUG [com.hzu.community.mapper.NotificationMapper.countUnread:] [9c4f9fc3f5480d72,f8dbd6f7365030bf,9c4f9fc3f5480d72] - <==      Total: 1
2020-05-11 17:49:56.794  [http-nio-8083-exec-7] DEBUG [com.hzu.community.mapper.UserMapper.select:] [13821d62cc22c2b8,a7dc8ed55c3f8597,13821d62cc22c2b8] - ==>  Preparing: select * from user WHERE name = ? 
2020-05-11 17:49:56.795  [http-nio-8083-exec-7] DEBUG [com.hzu.community.mapper.UserMapper.select:] [13821d62cc22c2b8,a7dc8ed55c3f8597,13821d62cc22c2b8] - ==> Parameters: 123(String)
2020-05-11 17:49:56.796  [http-nio-8083-exec-7] DEBUG [com.hzu.community.mapper.UserMapper.select:] [13821d62cc22c2b8,a7dc8ed55c3f8597,13821d62cc22c2b8] - <==      Total: 1
2020-05-11 17:49:56.803  [http-nio-8083-exec-9] DEBUG [com.hzu.community.mapper.NotificationMapper.countUnread:] [13821d62cc22c2b8,ba96243075c71486,13821d62cc22c2b8] - ==>  Preparing: select count(*) from notification where receiver = ? and status = ? 
2020-05-11 17:49:56.803  [http-nio-8083-exec-9] DEBUG [com.hzu.community.mapper.NotificationMapper.countUnread:] [13821d62cc22c2b8,ba96243075c71486,13821d62cc22c2b8] - ==> Parameters: 1(Integer), 0(Integer)
2020-05-11 17:49:56.804  [http-nio-8083-exec-9] DEBUG [com.hzu.community.mapper.NotificationMapper.countUnread:] [13821d62cc22c2b8,ba96243075c71486,13821d62cc22c2b8] - <==      Total: 1
2020-05-11 17:50:01.733  [http-nio-8083-exec-8] DEBUG [com.hzu.community.mapper.UserMapper.select:] [e942ee3036ad75da,590aa10fe48209d5,e942ee3036ad75da] - ==>  Preparing: select * from user WHERE name = ? 
2020-05-11 17:50:01.733  [http-nio-8083-exec-8] DEBUG [com.hzu.community.mapper.UserMapper.select:] [e942ee3036ad75da,590aa10fe48209d5,e942ee3036ad75da] - ==> Parameters: 123(String)
2020-05-11 17:50:01.736  [http-nio-8083-exec-8] DEBUG [com.hzu.community.mapper.UserMapper.select:] [e942ee3036ad75da,590aa10fe48209d5,e942ee3036ad75da] - <==      Total: 1
2020-05-11 17:50:01.742  [http-nio-8083-exec-2] DEBUG [com.hzu.community.mapper.NotificationMapper.countUnread:] [e942ee3036ad75da,73824f0c9f637b00,e942ee3036ad75da] - ==>  Preparing: select count(*) from notification where receiver = ? and status = ? 
2020-05-11 17:50:01.742  [http-nio-8083-exec-2] DEBUG [com.hzu.community.mapper.NotificationMapper.countUnread:] [e942ee3036ad75da,73824f0c9f637b00,e942ee3036ad75da] - ==> Parameters: 1(Integer), 0(Integer)
2020-05-11 17:50:01.743  [http-nio-8083-exec-2] DEBUG [com.hzu.community.mapper.NotificationMapper.countUnread:] [e942ee3036ad75da,73824f0c9f637b00,e942ee3036ad75da] - <==      Total: 1
2020-05-11 17:50:03.190  [http-nio-8083-exec-1] DEBUG [com.hzu.community.mapper.UserMapper.select:] [c164fad3d0a9ceef,6bf4714b0e1f2912,c164fad3d0a9ceef] - ==>  Preparing: select * from user WHERE name = ? 
2020-05-11 17:50:03.190  [http-nio-8083-exec-1] DEBUG [com.hzu.community.mapper.UserMapper.select:] [c164fad3d0a9ceef,6bf4714b0e1f2912,c164fad3d0a9ceef] - ==> Parameters: 123(String)
2020-05-11 17:50:03.192  [http-nio-8083-exec-1] DEBUG [com.hzu.community.mapper.UserMapper.select:] [c164fad3d0a9ceef,6bf4714b0e1f2912,c164fad3d0a9ceef] - <==      Total: 1
2020-05-11 17:50:03.201  [http-nio-8083-exec-10] DEBUG [com.hzu.community.mapper.NotificationMapper.countUnread:] [c164fad3d0a9ceef,bbb5dc3a62e28c46,c164fad3d0a9ceef] - ==>  Preparing: select count(*) from notification where receiver = ? and status = ? 
2020-05-11 17:50:03.201  [http-nio-8083-exec-10] DEBUG [com.hzu.community.mapper.NotificationMapper.countUnread:] [c164fad3d0a9ceef,bbb5dc3a62e28c46,c164fad3d0a9ceef] - ==> Parameters: 1(Integer), 0(Integer)
2020-05-11 17:50:03.202  [http-nio-8083-exec-10] DEBUG [com.hzu.community.mapper.NotificationMapper.countUnread:] [c164fad3d0a9ceef,bbb5dc3a62e28c46,c164fad3d0a9ceef] - <==      Total: 1
2020-05-11 17:51:18.333  [http-nio-8083-exec-4] DEBUG [com.hzu.community.mapper.QuestionMapper.selectQuestion:] [664f510cb18a534a,be4aea7050fa864a,54b7e616fb4b85d2] - ==>  Preparing: select * from question order by gmt_create desc limit ?,? 
2020-05-11 17:51:18.333  [http-nio-8083-exec-4] DEBUG [com.hzu.community.mapper.QuestionMapper.selectQuestion:] [664f510cb18a534a,be4aea7050fa864a,54b7e616fb4b85d2] - ==> Parameters: 0(Integer), 4(Integer)
2020-05-11 17:51:18.334  [http-nio-8083-exec-4] DEBUG [com.hzu.community.mapper.QuestionMapper.selectQuestion:] [664f510cb18a534a,be4aea7050fa864a,54b7e616fb4b85d2] - <==      Total: 4
2020-05-11 17:51:18.388  [http-nio-8083-exec-5] DEBUG [com.hzu.community.mapper.QuestionMapper.selectQuestion:] [664f510cb18a534a,c887f4ac2e516e10,5e5698a440705f32] - ==>  Preparing: select * from question order by gmt_create desc limit ?,? 
2020-05-11 17:51:18.389  [http-nio-8083-exec-5] DEBUG [com.hzu.community.mapper.QuestionMapper.selectQuestion:] [664f510cb18a534a,c887f4ac2e516e10,5e5698a440705f32] - ==> Parameters: 4(Integer), 4(Integer)
2020-05-11 17:51:18.390  [http-nio-8083-exec-5] DEBUG [com.hzu.community.mapper.QuestionMapper.selectQuestion:] [664f510cb18a534a,c887f4ac2e516e10,5e5698a440705f32] - <==      Total: 4
2020-05-11 17:51:18.401  [http-nio-8083-exec-6] DEBUG [com.hzu.community.mapper.QuestionMapper.selectQuestion:] [664f510cb18a534a,89a9b67d34da5a67,ec1e7b799d800ba3] - ==>  Preparing: select * from question order by gmt_create desc limit ?,? 
2020-05-11 17:51:18.402  [http-nio-8083-exec-6] DEBUG [com.hzu.community.mapper.QuestionMapper.selectQuestion:] [664f510cb18a534a,89a9b67d34da5a67,ec1e7b799d800ba3] - ==> Parameters: 8(Integer), 4(Integer)
2020-05-11 17:51:18.403  [http-nio-8083-exec-6] DEBUG [com.hzu.community.mapper.QuestionMapper.selectQuestion:] [664f510cb18a534a,89a9b67d34da5a67,ec1e7b799d800ba3] - <==      Total: 0
2020-05-11 17:51:35.405  [http-nio-8083-exec-7] DEBUG [com.hzu.community.mapper.UserMapper.select:] [4d767861a348b018,7d9a405110b6119f,4d767861a348b018] - ==>  Preparing: select * from user WHERE name = ? 
2020-05-11 17:51:35.405  [http-nio-8083-exec-7] DEBUG [com.hzu.community.mapper.UserMapper.select:] [4d767861a348b018,7d9a405110b6119f,4d767861a348b018] - ==> Parameters: 123(String)
2020-05-11 17:51:35.406  [http-nio-8083-exec-7] DEBUG [com.hzu.community.mapper.UserMapper.select:] [4d767861a348b018,7d9a405110b6119f,4d767861a348b018] - <==      Total: 1
2020-05-11 17:51:35.434  [http-nio-8083-exec-9] DEBUG [com.hzu.community.mapper.NotificationMapper.countUnread:] [4d767861a348b018,50a550bb2c6020ce,4d767861a348b018] - ==>  Preparing: select count(*) from notification where receiver = ? and status = ? 
2020-05-11 17:51:35.434  [http-nio-8083-exec-9] DEBUG [com.hzu.community.mapper.NotificationMapper.countUnread:] [4d767861a348b018,50a550bb2c6020ce,4d767861a348b018] - ==> Parameters: 1(Integer), 0(Integer)
2020-05-11 17:51:35.435  [http-nio-8083-exec-9] DEBUG [com.hzu.community.mapper.NotificationMapper.countUnread:] [4d767861a348b018,50a550bb2c6020ce,4d767861a348b018] - <==      Total: 1
2020-05-11 17:54:39.363  [http-nio-8083-exec-2] DEBUG [com.hzu.community.mapper.QuestionMapper.selectQuestion:] [f1a6f669fb46f60f,702f2b243cf80f31,e931e5213940de13] - ==>  Preparing: select * from question order by gmt_create desc limit ?,? 
2020-05-11 17:54:39.363  [http-nio-8083-exec-2] DEBUG [com.hzu.community.mapper.QuestionMapper.selectQuestion:] [f1a6f669fb46f60f,702f2b243cf80f31,e931e5213940de13] - ==> Parameters: 0(Integer), 4(Integer)
2020-05-11 17:54:39.366  [http-nio-8083-exec-2] DEBUG [com.hzu.community.mapper.QuestionMapper.selectQuestion:] [f1a6f669fb46f60f,702f2b243cf80f31,e931e5213940de13] - <==      Total: 4
2020-05-11 17:54:39.415  [http-nio-8083-exec-1] DEBUG [com.hzu.community.mapper.QuestionMapper.selectQuestion:] [f1a6f669fb46f60f,73415f42f8d4deee,466f9c3a8d5d2ea0] - ==>  Preparing: select * from question order by gmt_create desc limit ?,? 
2020-05-11 17:54:39.415  [http-nio-8083-exec-1] DEBUG [com.hzu.community.mapper.QuestionMapper.selectQuestion:] [f1a6f669fb46f60f,73415f42f8d4deee,466f9c3a8d5d2ea0] - ==> Parameters: 4(Integer), 4(Integer)
2020-05-11 17:54:39.416  [http-nio-8083-exec-1] DEBUG [com.hzu.community.mapper.QuestionMapper.selectQuestion:] [f1a6f669fb46f60f,73415f42f8d4deee,466f9c3a8d5d2ea0] - <==      Total: 4
2020-05-11 17:54:39.426  [http-nio-8083-exec-10] DEBUG [com.hzu.community.mapper.QuestionMapper.selectQuestion:] [f1a6f669fb46f60f,2e0bc530c3a7be6e,206c39223255785b] - ==>  Preparing: select * from question order by gmt_create desc limit ?,? 
2020-05-11 17:54:39.426  [http-nio-8083-exec-10] DEBUG [com.hzu.community.mapper.QuestionMapper.selectQuestion:] [f1a6f669fb46f60f,2e0bc530c3a7be6e,206c39223255785b] - ==> Parameters: 8(Integer), 4(Integer)
2020-05-11 17:54:39.427  [http-nio-8083-exec-10] DEBUG [com.hzu.community.mapper.QuestionMapper.selectQuestion:] [f1a6f669fb46f60f,2e0bc530c3a7be6e,206c39223255785b] - <==      Total: 0
2020-05-11 17:55:04.453  [http-nio-8083-exec-3] DEBUG [com.hzu.community.mapper.UserMapper.select:] [adddc2cacf40678f,7ce658adad755602,adddc2cacf40678f] - ==>  Preparing: select * from user WHERE name = ? 
2020-05-11 17:55:04.453  [http-nio-8083-exec-3] DEBUG [com.hzu.community.mapper.UserMapper.select:] [adddc2cacf40678f,7ce658adad755602,adddc2cacf40678f] - ==> Parameters: 123(String)
2020-05-11 17:55:04.454  [http-nio-8083-exec-3] DEBUG [com.hzu.community.mapper.UserMapper.select:] [adddc2cacf40678f,7ce658adad755602,adddc2cacf40678f] - <==      Total: 1
2020-05-11 17:55:04.475  [http-nio-8083-exec-4] DEBUG [com.hzu.community.mapper.NotificationMapper.countUnread:] [adddc2cacf40678f,ac05960879f7125d,adddc2cacf40678f] - ==>  Preparing: select count(*) from notification where receiver = ? and status = ? 
2020-05-11 17:55:04.476  [http-nio-8083-exec-4] DEBUG [com.hzu.community.mapper.NotificationMapper.countUnread:] [adddc2cacf40678f,ac05960879f7125d,adddc2cacf40678f] - ==> Parameters: 1(Integer), 0(Integer)
2020-05-11 17:55:04.477  [http-nio-8083-exec-4] DEBUG [com.hzu.community.mapper.NotificationMapper.countUnread:] [adddc2cacf40678f,ac05960879f7125d,adddc2cacf40678f] - <==      Total: 1
2020-05-11 17:55:10.520  [http-nio-8083-exec-5] DEBUG [com.hzu.community.mapper.UserMapper.select:] [a1c8abd76eac86b1,dbba375b9b8f8041,a1c8abd76eac86b1] - ==>  Preparing: select * from user WHERE name = ? 
2020-05-11 17:55:10.520  [http-nio-8083-exec-5] DEBUG [com.hzu.community.mapper.UserMapper.select:] [a1c8abd76eac86b1,dbba375b9b8f8041,a1c8abd76eac86b1] - ==> Parameters: 123(String)
2020-05-11 17:55:10.521  [http-nio-8083-exec-5] DEBUG [com.hzu.community.mapper.UserMapper.select:] [a1c8abd76eac86b1,dbba375b9b8f8041,a1c8abd76eac86b1] - <==      Total: 1
2020-05-11 17:55:10.530  [http-nio-8083-exec-6] DEBUG [com.hzu.community.mapper.UserMapper.select:] [13ea53ceca3f10ce,6b3f9a948bc3623c,13ea53ceca3f10ce] - ==>  Preparing: select * from user WHERE name = ? 
2020-05-11 17:55:10.530  [http-nio-8083-exec-6] DEBUG [com.hzu.community.mapper.UserMapper.select:] [13ea53ceca3f10ce,6b3f9a948bc3623c,13ea53ceca3f10ce] - ==> Parameters: 123(String)
2020-05-11 17:55:10.531  [http-nio-8083-exec-6] DEBUG [com.hzu.community.mapper.UserMapper.select:] [13ea53ceca3f10ce,6b3f9a948bc3623c,13ea53ceca3f10ce] - <==      Total: 1
2020-05-11 17:55:10.546  [http-nio-8083-exec-7] DEBUG [com.hzu.community.mapper.NotificationMapper.countUnread:] [a1c8abd76eac86b1,8b595ce088766066,a1c8abd76eac86b1] - ==>  Preparing: select count(*) from notification where receiver = ? and status = ? 
2020-05-11 17:55:10.547  [http-nio-8083-exec-7] DEBUG [com.hzu.community.mapper.NotificationMapper.countUnread:] [a1c8abd76eac86b1,8b595ce088766066,a1c8abd76eac86b1] - ==> Parameters: 1(Integer), 0(Integer)
2020-05-11 17:55:10.548  [http-nio-8083-exec-7] DEBUG [com.hzu.community.mapper.NotificationMapper.countUnread:] [a1c8abd76eac86b1,8b595ce088766066,a1c8abd76eac86b1] - <==      Total: 1
2020-05-11 17:55:10.551  [http-nio-8083-exec-9] DEBUG [com.hzu.community.mapper.NotificationMapper.countUnread:] [13ea53ceca3f10ce,8b6ded1ef42450c1,13ea53ceca3f10ce] - ==>  Preparing: select count(*) from notification where receiver = ? and status = ? 
2020-05-11 17:55:10.551  [http-nio-8083-exec-9] DEBUG [com.hzu.community.mapper.NotificationMapper.countUnread:] [13ea53ceca3f10ce,8b6ded1ef42450c1,13ea53ceca3f10ce] - ==> Parameters: 1(Integer), 0(Integer)
2020-05-11 17:55:10.552  [http-nio-8083-exec-9] DEBUG [com.hzu.community.mapper.NotificationMapper.countUnread:] [13ea53ceca3f10ce,8b6ded1ef42450c1,13ea53ceca3f10ce] - <==      Total: 1
2020-05-11 17:55:13.362  [http-nio-8083-exec-8] DEBUG [com.hzu.community.mapper.UserMapper.select:] [b18dbb5d757a2d54,809108e956a15e8a,b18dbb5d757a2d54] - ==>  Preparing: select * from user WHERE name = ? 
2020-05-11 17:55:13.363  [http-nio-8083-exec-8] DEBUG [com.hzu.community.mapper.UserMapper.select:] [b18dbb5d757a2d54,809108e956a15e8a,b18dbb5d757a2d54] - ==> Parameters: 123(String)
2020-05-11 17:55:13.363  [http-nio-8083-exec-8] DEBUG [com.hzu.community.mapper.UserMapper.select:] [b18dbb5d757a2d54,809108e956a15e8a,b18dbb5d757a2d54] - <==      Total: 1
2020-05-11 17:55:13.369  [http-nio-8083-exec-2] DEBUG [com.hzu.community.mapper.NotificationMapper.countUnread:] [b18dbb5d757a2d54,0243aab434271736,b18dbb5d757a2d54] - ==>  Preparing: select count(*) from notification where receiver = ? and status = ? 
2020-05-11 17:55:13.369  [http-nio-8083-exec-2] DEBUG [com.hzu.community.mapper.NotificationMapper.countUnread:] [b18dbb5d757a2d54,0243aab434271736,b18dbb5d757a2d54] - ==> Parameters: 1(Integer), 0(Integer)
2020-05-11 17:55:13.370  [http-nio-8083-exec-2] DEBUG [com.hzu.community.mapper.NotificationMapper.countUnread:] [b18dbb5d757a2d54,0243aab434271736,b18dbb5d757a2d54] - <==      Total: 1
2020-05-11 17:55:22.009  [http-nio-8083-exec-1] DEBUG [com.hzu.community.mapper.UserMapper.select:] [fe37afd9f42dcece,709651cd9ca5ca19,fe37afd9f42dcece] - ==>  Preparing: select * from user WHERE name = ? 
2020-05-11 17:55:22.009  [http-nio-8083-exec-1] DEBUG [com.hzu.community.mapper.UserMapper.select:] [fe37afd9f42dcece,709651cd9ca5ca19,fe37afd9f42dcece] - ==> Parameters: 123(String)
2020-05-11 17:55:22.010  [http-nio-8083-exec-1] DEBUG [com.hzu.community.mapper.UserMapper.select:] [fe37afd9f42dcece,709651cd9ca5ca19,fe37afd9f42dcece] - <==      Total: 1
2020-05-11 17:55:22.015  [http-nio-8083-exec-10] DEBUG [com.hzu.community.mapper.NotificationMapper.countUnread:] [fe37afd9f42dcece,7d9ef55557ada9b6,fe37afd9f42dcece] - ==>  Preparing: select count(*) from notification where receiver = ? and status = ? 
2020-05-11 17:55:22.016  [http-nio-8083-exec-10] DEBUG [com.hzu.community.mapper.NotificationMapper.countUnread:] [fe37afd9f42dcece,7d9ef55557ada9b6,fe37afd9f42dcece] - ==> Parameters: 1(Integer), 0(Integer)
2020-05-11 17:55:22.017  [http-nio-8083-exec-10] DEBUG [com.hzu.community.mapper.NotificationMapper.countUnread:] [fe37afd9f42dcece,7d9ef55557ada9b6,fe37afd9f42dcece] - <==      Total: 1
2020-05-11 17:55:56.472  [http-nio-8083-exec-3] DEBUG [com.hzu.community.mapper.UserMapper.select:] [6ba09299301d26e7,b97442e2e142beab,6ba09299301d26e7] - ==>  Preparing: select * from user WHERE name = ? 
2020-05-11 17:55:56.473  [http-nio-8083-exec-3] DEBUG [com.hzu.community.mapper.UserMapper.select:] [6ba09299301d26e7,b97442e2e142beab,6ba09299301d26e7] - ==> Parameters: 123(String)
2020-05-11 17:55:56.475  [http-nio-8083-exec-3] DEBUG [com.hzu.community.mapper.UserMapper.select:] [6ba09299301d26e7,b97442e2e142beab,6ba09299301d26e7] - <==      Total: 1
2020-05-11 17:55:56.480  [http-nio-8083-exec-4] DEBUG [com.hzu.community.mapper.NotificationMapper.countUnread:] [6ba09299301d26e7,624d33a043dcb9c1,6ba09299301d26e7] - ==>  Preparing: select count(*) from notification where receiver = ? and status = ? 
2020-05-11 17:55:56.481  [http-nio-8083-exec-4] DEBUG [com.hzu.community.mapper.NotificationMapper.countUnread:] [6ba09299301d26e7,624d33a043dcb9c1,6ba09299301d26e7] - ==> Parameters: 1(Integer), 0(Integer)
2020-05-11 17:55:56.481  [http-nio-8083-exec-4] DEBUG [com.hzu.community.mapper.NotificationMapper.countUnread:] [6ba09299301d26e7,624d33a043dcb9c1,6ba09299301d26e7] - <==      Total: 1
2020-05-11 17:57:01.809  [http-nio-8083-exec-7] DEBUG [com.hzu.community.mapper.UserMapper.select:] [e54a3321536311be,967939ae22f78c95,e54a3321536311be] - ==>  Preparing: select * from user WHERE name = ? 
2020-05-11 17:57:01.810  [http-nio-8083-exec-7] DEBUG [com.hzu.community.mapper.UserMapper.select:] [e54a3321536311be,967939ae22f78c95,e54a3321536311be] - ==> Parameters: 123(String)
2020-05-11 17:57:01.812  [http-nio-8083-exec-7] DEBUG [com.hzu.community.mapper.UserMapper.select:] [e54a3321536311be,967939ae22f78c95,e54a3321536311be] - <==      Total: 1
2020-05-11 17:57:01.818  [http-nio-8083-exec-9] DEBUG [com.hzu.community.mapper.NotificationMapper.countUnread:] [e54a3321536311be,24dbd93794711fd4,e54a3321536311be] - ==>  Preparing: select count(*) from notification where receiver = ? and status = ? 
2020-05-11 17:57:01.819  [http-nio-8083-exec-9] DEBUG [com.hzu.community.mapper.NotificationMapper.countUnread:] [e54a3321536311be,24dbd93794711fd4,e54a3321536311be] - ==> Parameters: 1(Integer), 0(Integer)
2020-05-11 17:57:01.819  [http-nio-8083-exec-9] DEBUG [com.hzu.community.mapper.NotificationMapper.countUnread:] [e54a3321536311be,24dbd93794711fd4,e54a3321536311be] - <==      Total: 1
2020-05-11 17:57:05.223  [http-nio-8083-exec-8] DEBUG [com.hzu.community.mapper.UserMapper.select:] [a9dd2bd849c6308b,fe0e95f829d00203,a9dd2bd849c6308b] - ==>  Preparing: select * from user WHERE name = ? 
2020-05-11 17:57:05.224  [http-nio-8083-exec-8] DEBUG [com.hzu.community.mapper.UserMapper.select:] [a9dd2bd849c6308b,fe0e95f829d00203,a9dd2bd849c6308b] - ==> Parameters: 123(String)
2020-05-11 17:57:05.226  [http-nio-8083-exec-8] DEBUG [com.hzu.community.mapper.UserMapper.select:] [a9dd2bd849c6308b,fe0e95f829d00203,a9dd2bd849c6308b] - <==      Total: 1
2020-05-11 17:57:05.231  [http-nio-8083-exec-2] DEBUG [com.hzu.community.mapper.UserMapper.select:] [0a0bba724aebed46,1188e78b78882ca2,0a0bba724aebed46] - ==>  Preparing: select * from user WHERE name = ? 
2020-05-11 17:57:05.232  [http-nio-8083-exec-2] DEBUG [com.hzu.community.mapper.UserMapper.select:] [0a0bba724aebed46,1188e78b78882ca2,0a0bba724aebed46] - ==> Parameters: 123(String)
2020-05-11 17:57:05.233  [http-nio-8083-exec-2] DEBUG [com.hzu.community.mapper.UserMapper.select:] [0a0bba724aebed46,1188e78b78882ca2,0a0bba724aebed46] - <==      Total: 1
2020-05-11 17:57:05.233  [http-nio-8083-exec-1] DEBUG [com.hzu.community.mapper.NotificationMapper.countUnread:] [a9dd2bd849c6308b,f22cb7e01ca35ca1,a9dd2bd849c6308b] - ==>  Preparing: select count(*) from notification where receiver = ? and status = ? 
2020-05-11 17:57:05.234  [http-nio-8083-exec-1] DEBUG [com.hzu.community.mapper.NotificationMapper.countUnread:] [a9dd2bd849c6308b,f22cb7e01ca35ca1,a9dd2bd849c6308b] - ==> Parameters: 1(Integer), 0(Integer)
2020-05-11 17:57:05.234  [http-nio-8083-exec-1] DEBUG [com.hzu.community.mapper.NotificationMapper.countUnread:] [a9dd2bd849c6308b,f22cb7e01ca35ca1,a9dd2bd849c6308b] - <==      Total: 1
2020-05-11 17:57:05.244  [http-nio-8083-exec-10] DEBUG [com.hzu.community.mapper.NotificationMapper.countUnread:] [0a0bba724aebed46,8f9564330f965663,0a0bba724aebed46] - ==>  Preparing: select count(*) from notification where receiver = ? and status = ? 
2020-05-11 17:57:05.246  [http-nio-8083-exec-10] DEBUG [com.hzu.community.mapper.NotificationMapper.countUnread:] [0a0bba724aebed46,8f9564330f965663,0a0bba724aebed46] - ==> Parameters: 1(Integer), 0(Integer)
2020-05-11 17:57:05.247  [http-nio-8083-exec-10] DEBUG [com.hzu.community.mapper.NotificationMapper.countUnread:] [0a0bba724aebed46,8f9564330f965663,0a0bba724aebed46] - <==      Total: 1
2020-05-11 17:57:30.492  [http-nio-8083-exec-3] DEBUG [com.hzu.community.mapper.UserMapper.select:] [c34da76dabd45813,02e4b63b9f094616,c34da76dabd45813] - ==>  Preparing: select * from user WHERE name = ? 
2020-05-11 17:57:30.492  [http-nio-8083-exec-3] DEBUG [com.hzu.community.mapper.UserMapper.select:] [c34da76dabd45813,02e4b63b9f094616,c34da76dabd45813] - ==> Parameters: 123(String)
2020-05-11 17:57:30.494  [http-nio-8083-exec-3] DEBUG [com.hzu.community.mapper.UserMapper.select:] [c34da76dabd45813,02e4b63b9f094616,c34da76dabd45813] - <==      Total: 1
2020-05-11 17:57:30.499  [http-nio-8083-exec-4] DEBUG [com.hzu.community.mapper.NotificationMapper.countUnread:] [c34da76dabd45813,7d50c8206bf86b63,c34da76dabd45813] - ==>  Preparing: select count(*) from notification where receiver = ? and status = ? 
2020-05-11 17:57:30.499  [http-nio-8083-exec-4] DEBUG [com.hzu.community.mapper.NotificationMapper.countUnread:] [c34da76dabd45813,7d50c8206bf86b63,c34da76dabd45813] - ==> Parameters: 1(Integer), 0(Integer)
2020-05-11 17:57:30.500  [http-nio-8083-exec-4] DEBUG [com.hzu.community.mapper.NotificationMapper.countUnread:] [c34da76dabd45813,7d50c8206bf86b63,c34da76dabd45813] - <==      Total: 1
2020-05-11 17:59:55.752  [http-nio-8083-exec-7] DEBUG [com.hzu.community.mapper.UserMapper.select:] [c819e692ca0e5f24,e9cbbad0446b4521,c819e692ca0e5f24] - ==>  Preparing: select * from user WHERE name = ? 
2020-05-11 17:59:55.752  [http-nio-8083-exec-7] DEBUG [com.hzu.community.mapper.UserMapper.select:] [c819e692ca0e5f24,e9cbbad0446b4521,c819e692ca0e5f24] - ==> Parameters: 123(String)
2020-05-11 17:59:55.753  [http-nio-8083-exec-7] DEBUG [com.hzu.community.mapper.UserMapper.select:] [c819e692ca0e5f24,e9cbbad0446b4521,c819e692ca0e5f24] - <==      Total: 1
2020-05-11 17:59:55.761  [http-nio-8083-exec-9] DEBUG [com.hzu.community.mapper.NotificationMapper.countUnread:] [c819e692ca0e5f24,964929c72da9fa32,c819e692ca0e5f24] - ==>  Preparing: select count(*) from notification where receiver = ? and status = ? 
2020-05-11 17:59:55.761  [http-nio-8083-exec-9] DEBUG [com.hzu.community.mapper.NotificationMapper.countUnread:] [c819e692ca0e5f24,964929c72da9fa32,c819e692ca0e5f24] - ==> Parameters: 1(Integer), 0(Integer)
2020-05-11 17:59:55.763  [http-nio-8083-exec-9] DEBUG [com.hzu.community.mapper.NotificationMapper.countUnread:] [c819e692ca0e5f24,964929c72da9fa32,c819e692ca0e5f24] - <==      Total: 1
2020-05-11 17:59:57.727  [http-nio-8083-exec-8] DEBUG [com.hzu.community.mapper.UserMapper.select:] [e4f3519ee51b324e,8558a75d907b495b,e4f3519ee51b324e] - ==>  Preparing: select * from user WHERE name = ? 
2020-05-11 17:59:57.727  [http-nio-8083-exec-8] DEBUG [com.hzu.community.mapper.UserMapper.select:] [e4f3519ee51b324e,8558a75d907b495b,e4f3519ee51b324e] - ==> Parameters: 123(String)
2020-05-11 17:59:57.728  [http-nio-8083-exec-8] DEBUG [com.hzu.community.mapper.UserMapper.select:] [e4f3519ee51b324e,8558a75d907b495b,e4f3519ee51b324e] - <==      Total: 1
2020-05-11 17:59:57.734  [http-nio-8083-exec-2] DEBUG [com.hzu.community.mapper.NotificationMapper.countUnread:] [e4f3519ee51b324e,54348c80ca0ce85b,e4f3519ee51b324e] - ==>  Preparing: select count(*) from notification where receiver = ? and status = ? 
2020-05-11 17:59:57.735  [http-nio-8083-exec-2] DEBUG [com.hzu.community.mapper.NotificationMapper.countUnread:] [e4f3519ee51b324e,54348c80ca0ce85b,e4f3519ee51b324e] - ==> Parameters: 1(Integer), 0(Integer)
2020-05-11 17:59:57.738  [http-nio-8083-exec-2] DEBUG [com.hzu.community.mapper.NotificationMapper.countUnread:] [e4f3519ee51b324e,54348c80ca0ce85b,e4f3519ee51b324e] - <==      Total: 1
