2020-04-24 00:30:52.205 [main] INFO  [com.hzu.community.CommunityServiceApplication:651] [,] - No active profile set, falling back to default profiles: default
2020-04-24 00:30:53.293 [main] INFO  [org.springframework.data.repository.config.RepositoryConfigurationDelegate:249] [,] - Multiple Spring Data modules found, entering strict repository configuration mode!
2020-04-24 00:30:53.297 [main] INFO  [org.springframework.data.repository.config.RepositoryConfigurationDelegate:127] [,] - Bootstrapping Spring Data Redis repositories in DEFAULT mode.
2020-04-24 00:30:53.326 [main] INFO  [org.springframework.data.repository.config.RepositoryConfigurationDelegate:187] [,] - Finished Spring Data repository scanning in 11ms. Found 0 Redis repository interfaces.
2020-04-24 00:30:53.441 [main] WARN  [org.springframework.boot.actuate.endpoint.EndpointId:155] [,] - Endpoint ID 'service-registry' contains invalid characters, please migrate to a valid format.
2020-04-24 00:30:53.876 [main] INFO  [org.springframework.cloud.context.scope.GenericScope:295] [,] - BeanFactory id=95ef4c60-2eda-3b15-bde1-04ce16471722
2020-04-24 00:30:54.265 [main] INFO  [org.springframework.context.support.PostProcessorRegistrationDelegate$BeanPostProcessorChecker:330] [,] - Bean 'spring.sleuth.redis-org.springframework.cloud.sleuth.instrument.redis.TraceRedisProperties' of type [org.springframework.cloud.sleuth.instrument.redis.TraceRedisProperties] is not eligible for getting processed by all BeanPostProcessors (for example: not eligible for auto-proxying)
2020-04-24 00:30:54.572 [main] INFO  [org.springframework.boot.web.embedded.tomcat.TomcatWebServer:92] [,] - Tomcat initialized with port(s): 8083 (http)
2020-04-24 00:30:54.583 [main] INFO  [org.apache.coyote.http11.Http11NioProtocol:173] [,] - Initializing ProtocolHandler ["http-nio-8083"]
2020-04-24 00:30:54.584 [main] INFO  [org.apache.catalina.core.StandardService:173] [,] - Starting service [Tomcat]
2020-04-24 00:30:54.585 [main] INFO  [org.apache.catalina.core.StandardEngine:173] [,] - Starting Servlet engine: [Apache Tomcat/9.0.33]
2020-04-24 00:30:54.871 [main] INFO  [org.apache.catalina.core.ContainerBase.[Tomcat].[localhost].[/]:173] [,] - Initializing Spring embedded WebApplicationContext
2020-04-24 00:30:54.872 [main] INFO  [org.springframework.web.context.ContextLoader:284] [,] - Root WebApplicationContext: initialization completed in 2644 ms
2020-04-24 00:30:55.238 [main] WARN  [com.netflix.config.sources.URLConfigurationSource:121] [,] - No URLs will be polled as dynamic configuration sources.
2020-04-24 00:30:55.239 [main] INFO  [com.netflix.config.sources.URLConfigurationSource:122] [,] - To enable URLs as dynamic configuration sources, define System property archaius.configurationSource.additionalUrls or make config.properties available on classpath.
2020-04-24 00:30:55.255 [main] INFO  [com.netflix.config.DynamicPropertyFactory:281] [,] - DynamicPropertyFactory is initialized with configuration sources: com.netflix.config.ConcurrentCompositeConfiguration@6b63abdc
2020-04-24 00:30:55.674 [main] INFO  [com.alibaba.druid.pool.DruidDataSource:1010] [,] - {dataSource-1} inited
2020-04-24 00:30:58.594 [main] WARN  [com.netflix.config.sources.URLConfigurationSource:121] [,] - No URLs will be polled as dynamic configuration sources.
2020-04-24 00:30:58.594 [main] INFO  [com.netflix.config.sources.URLConfigurationSource:122] [,] - To enable URLs as dynamic configuration sources, define System property archaius.configurationSource.additionalUrls or make config.properties available on classpath.
2020-04-24 00:30:58.899 [main] INFO  [org.springframework.scheduling.concurrent.ThreadPoolTaskExecutor:181] [,] - Initializing ExecutorService 'applicationTaskExecutor'
2020-04-24 00:30:59.901 [main] WARN  [org.springframework.boot.autoconfigure.freemarker.FreeMarkerAutoConfiguration:67] [,] - Cannot find template location(s): [classpath:/templates/] (please add some templates, check your FreeMarker configuration, or set spring.freemarker.checkTemplateLocation=false)
2020-04-24 00:31:01.103 [main] WARN  [org.springframework.cloud.loadbalancer.config.BlockingLoadBalancerClientAutoConfiguration$BlockingLoadBalancerClientRibbonWarnLogger:86] [,] - You already have RibbonLoadBalancerClient on your classpath. It will be used by default. As Spring Cloud Ribbon is in maintenance mode. We recommend switching to BlockingLoadBalancerClient instead. In order to use it, set the value of `spring.cloud.loadbalancer.ribbon.enabled` to `false` or remove spring-cloud-starter-netflix-ribbon from your project.
2020-04-24 00:31:01.278 [main] INFO  [org.springframework.boot.actuate.endpoint.web.EndpointLinksResolver:58] [,] - Exposing 2 endpoint(s) beneath base path '/actuator'
2020-04-24 00:31:01.353 [main] INFO  [org.springframework.cloud.netflix.eureka.InstanceInfoFactory:72] [,] - Setting initial instance status as: STARTING
2020-04-24 00:31:01.404 [main] INFO  [com.netflix.discovery.DiscoveryClient:368] [,] - Initializing Eureka in region us-east-1
2020-04-24 00:31:01.466 [main] INFO  [com.netflix.discovery.provider.DiscoveryJerseyProvider:70] [,] - Using JSON encoding codec LegacyJacksonJson
2020-04-24 00:31:01.466 [main] INFO  [com.netflix.discovery.provider.DiscoveryJerseyProvider:71] [,] - Using JSON decoding codec LegacyJacksonJson
2020-04-24 00:31:01.599 [main] INFO  [com.netflix.discovery.provider.DiscoveryJerseyProvider:80] [,] - Using XML encoding codec XStreamXml
2020-04-24 00:31:01.600 [main] INFO  [com.netflix.discovery.provider.DiscoveryJerseyProvider:81] [,] - Using XML decoding codec XStreamXml
2020-04-24 00:31:01.803 [main] INFO  [com.netflix.discovery.shared.resolver.aws.ConfigClusterResolver:43] [,] - Resolving eureka endpoints via configuration
2020-04-24 00:31:02.175 [main] INFO  [com.netflix.discovery.DiscoveryClient:981] [,] - Disable delta property : false
2020-04-24 00:31:02.175 [main] INFO  [com.netflix.discovery.DiscoveryClient:982] [,] - Single vip registry refresh property : null
2020-04-24 00:31:02.175 [main] INFO  [com.netflix.discovery.DiscoveryClient:983] [,] - Force full registry fetch : false
2020-04-24 00:31:02.175 [main] INFO  [com.netflix.discovery.DiscoveryClient:984] [,] - Application is null : false
2020-04-24 00:31:02.175 [main] INFO  [com.netflix.discovery.DiscoveryClient:985] [,] - Registered Applications size is zero : true
2020-04-24 00:31:02.175 [main] INFO  [com.netflix.discovery.DiscoveryClient:987] [,] - Application version is -1: true
2020-04-24 00:31:02.176 [main] INFO  [com.netflix.discovery.DiscoveryClient:1070] [,] - Getting all instance registry info from the eureka server
2020-04-24 00:31:02.332 [main] INFO  [com.netflix.discovery.DiscoveryClient:1079] [,] - The response status is 200
2020-04-24 00:31:02.336 [main] INFO  [com.netflix.discovery.DiscoveryClient:1294] [,] - Starting heartbeat executor: renew interval is: 5
2020-04-24 00:31:02.339 [main] INFO  [com.netflix.discovery.InstanceInfoReplicator:60] [,] - InstanceInfoReplicator onDemand update allowed rate per min is 4
2020-04-24 00:31:02.343 [main] INFO  [com.netflix.discovery.DiscoveryClient:468] [,] - Discovery Client initialized at timestamp 1587659462341 with initial instances count: 1
2020-04-24 00:31:02.353 [main] INFO  [org.springframework.cloud.netflix.eureka.serviceregistry.EurekaServiceRegistry:41] [,] - Registering application COMMUNITY with eureka with status UP
2020-04-24 00:31:02.354 [main] INFO  [com.netflix.discovery.DiscoveryClient:1330] [,] - Saw local status change event StatusChangeEvent [timestamp=1587659462354, current=UP, previous=STARTING]
2020-04-24 00:31:02.356 [main] WARN  [com.netflix.discovery.InstanceInfoReplicator:110] [,] - Ignoring onDemand update due to rate limiter
2020-04-24 00:31:02.387 [main] INFO  [org.apache.coyote.http11.Http11NioProtocol:173] [,] - Starting ProtocolHandler ["http-nio-8083"]
2020-04-24 00:31:02.435 [main] INFO  [org.springframework.boot.web.embedded.tomcat.TomcatWebServer:204] [,] - Tomcat started on port(s): 8083 (http) with context path ''
2020-04-24 00:31:02.437 [main] INFO  [org.springframework.cloud.netflix.eureka.serviceregistry.EurekaAutoServiceRegistration:145] [,] - Updating port to 8083
2020-04-24 00:31:02.683 [DiscoveryClient-InstanceInfoReplicator-0] INFO  [com.netflix.discovery.DiscoveryClient:847] [,] - DiscoveryClient_COMMUNITY/DESKTOP-K5RUUL2:community:8083: registering service...
2020-04-24 00:31:02.732 [DiscoveryClient-InstanceInfoReplicator-0] INFO  [com.netflix.discovery.DiscoveryClient:856] [,] - DiscoveryClient_COMMUNITY/DESKTOP-K5RUUL2:community:8083 - registration status: 204
2020-04-24 00:31:03.296 [main] INFO  [com.hzu.community.CommunityServiceApplication:61] [,] - Started CommunityServiceApplication in 13.362 seconds (JVM running for 17.208)
2020-04-24 00:31:09.290 [http-nio-8083-exec-1] INFO  [org.apache.catalina.core.ContainerBase.[Tomcat].[localhost].[/]:173] [,] - Initializing Spring DispatcherServlet 'dispatcherServlet'
2020-04-24 00:31:09.290 [http-nio-8083-exec-1] INFO  [org.springframework.web.servlet.DispatcherServlet:525] [,] - Initializing Servlet 'dispatcherServlet'
2020-04-24 00:31:09.307 [http-nio-8083-exec-1] INFO  [org.springframework.web.servlet.DispatcherServlet:547] [,] - Completed initialization in 17 ms
2020-04-24 00:31:09.335 [http-nio-8083-exec-1] INFO  [org.zalando.logbook.Logbook:79] [8b918325ec49bcab,da6bd3f5e6f03fe5] - Incoming Request: caebd8c4752d74e9
GET http://DESKTOP-K5RUUL2:8083/user/get?token=eyJhbGciOiJIUzI1NiJ9.eyJpc3MiOiJjb21tdW5pdHlfdXNlciIsIm5hbWUiOiIxMjMiLCJleHAiOjE1ODc3MzU1MzMsInB3ZCI6IjEyMyIsInRzIjoiMTU4NzY0OTEzMyJ9.JQ8oiKyfgitFtBHmkYqd_hFyeQjpUmCYovxqFT-AO1o HTTP/1.1
x-b3-parentspanid: 8b918325ec49bcab
x-b3-traceid: 8b918325ec49bcab
x-b3-spanid: da6bd3f5e6f03fe5
x-b3-sampled: 0
host: DESKTOP-K5RUUL2:8083
connection: Keep-Alive
accept-encoding: gzip,deflate
user-agent: agent
accept: application/json, application/*+json
2020-04-24 00:31:09.608 [http-nio-8083-exec-1] INFO  [io.lettuce.core.EpollProvider:68] [8b918325ec49bcab,da6bd3f5e6f03fe5] - Starting without optional epoll library
2020-04-24 00:31:09.612 [http-nio-8083-exec-1] INFO  [io.lettuce.core.KqueueProvider:70] [8b918325ec49bcab,da6bd3f5e6f03fe5] - Starting without optional kqueue library
2020-04-24 00:31:10.599 [http-nio-8083-exec-1] ERROR [com.hzu.community.common.GlobalExceptionHanlder:28] [8b918325ec49bcab,da6bd3f5e6f03fe5] - user not login
com.hzu.community.common.UserException: user not login
	at com.hzu.community.service.UserService.getLoginedUserByToken(UserService.java:117) ~[classes/:?]
	at com.hzu.community.controller.UserController.getUser(UserController.java:50) ~[classes/:?]
	at sun.reflect.NativeMethodAccessorImpl.invoke0(Native Method) ~[?:1.8.0_121]
	at sun.reflect.NativeMethodAccessorImpl.invoke(NativeMethodAccessorImpl.java:62) ~[?:1.8.0_121]
	at sun.reflect.DelegatingMethodAccessorImpl.invoke(DelegatingMethodAccessorImpl.java:43) ~[?:1.8.0_121]
	at java.lang.reflect.Method.invoke(Method.java:498) ~[?:1.8.0_121]
	at org.springframework.web.method.support.InvocableHandlerMethod.doInvoke(InvocableHandlerMethod.java:190) ~[spring-web-5.2.5.RELEASE.jar:5.2.5.RELEASE]
	at org.springframework.web.method.support.InvocableHandlerMethod.invokeForRequest(InvocableHandlerMethod.java:138) ~[spring-web-5.2.5.RELEASE.jar:5.2.5.RELEASE]
	at org.springframework.web.servlet.mvc.method.annotation.ServletInvocableHandlerMethod.invokeAndHandle(ServletInvocableHandlerMethod.java:105) ~[spring-webmvc-5.2.5.RELEASE.jar:5.2.5.RELEASE]
	at org.springframework.web.servlet.mvc.method.annotation.RequestMappingHandlerAdapter.invokeHandlerMethod(RequestMappingHandlerAdapter.java:879) ~[spring-webmvc-5.2.5.RELEASE.jar:5.2.5.RELEASE]
	at org.springframework.web.servlet.mvc.method.annotation.RequestMappingHandlerAdapter.handleInternal(RequestMappingHandlerAdapter.java:793) ~[spring-webmvc-5.2.5.RELEASE.jar:5.2.5.RELEASE]
	at org.springframework.web.servlet.mvc.method.AbstractHandlerMethodAdapter.handle(AbstractHandlerMethodAdapter.java:87) ~[spring-webmvc-5.2.5.RELEASE.jar:5.2.5.RELEASE]
	at org.springframework.web.servlet.DispatcherServlet.doDispatch(DispatcherServlet.java:1040) ~[spring-webmvc-5.2.5.RELEASE.jar:5.2.5.RELEASE]
	at org.springframework.web.servlet.DispatcherServlet.doService(DispatcherServlet.java:943) ~[spring-webmvc-5.2.5.RELEASE.jar:5.2.5.RELEASE]
	at org.springframework.web.servlet.FrameworkServlet.processRequest(FrameworkServlet.java:1006) ~[spring-webmvc-5.2.5.RELEASE.jar:5.2.5.RELEASE]
	at org.springframework.web.servlet.FrameworkServlet.doGet(FrameworkServlet.java:898) ~[spring-webmvc-5.2.5.RELEASE.jar:5.2.5.RELEASE]
	at javax.servlet.http.HttpServlet.service(HttpServlet.java:634) ~[tomcat-embed-core-9.0.33.jar:9.0.33]
	at org.springframework.web.servlet.FrameworkServlet.service(FrameworkServlet.java:883) ~[spring-webmvc-5.2.5.RELEASE.jar:5.2.5.RELEASE]
	at javax.servlet.http.HttpServlet.service(HttpServlet.java:741) ~[tomcat-embed-core-9.0.33.jar:9.0.33]
	at org.apache.catalina.core.ApplicationFilterChain.internalDoFilter(ApplicationFilterChain.java:231) ~[tomcat-embed-core-9.0.33.jar:9.0.33]
	at org.apache.catalina.core.ApplicationFilterChain.doFilter(ApplicationFilterChain.java:166) ~[tomcat-embed-core-9.0.33.jar:9.0.33]
	at org.apache.tomcat.websocket.server.WsFilter.doFilter(WsFilter.java:53) ~[tomcat-embed-websocket-9.0.33.jar:9.0.33]
	at org.apache.catalina.core.ApplicationFilterChain.internalDoFilter(ApplicationFilterChain.java:193) ~[tomcat-embed-core-9.0.33.jar:9.0.33]
	at org.apache.catalina.core.ApplicationFilterChain.doFilter(ApplicationFilterChain.java:166) ~[tomcat-embed-core-9.0.33.jar:9.0.33]
	at brave.servlet.TracingFilter.doFilter(TracingFilter.java:67) ~[brave-instrumentation-servlet-5.10.1.jar:?]
	at org.apache.catalina.core.ApplicationFilterChain.internalDoFilter(ApplicationFilterChain.java:193) ~[tomcat-embed-core-9.0.33.jar:9.0.33]
	at org.apache.catalina.core.ApplicationFilterChain.doFilter(ApplicationFilterChain.java:166) ~[tomcat-embed-core-9.0.33.jar:9.0.33]
	at org.zalando.logbook.servlet.NormalStrategy.doFilter(NormalStrategy.java:38) ~[logbook-servlet-1.13.0.jar:?]
	at org.zalando.logbook.servlet.LogbookFilter.doFilter(LogbookFilter.java:39) ~[logbook-servlet-1.13.0.jar:?]
	at org.zalando.logbook.servlet.HttpFilter.doFilter(HttpFilter.java:31) ~[logbook-servlet-1.13.0.jar:?]
	at org.apache.catalina.core.ApplicationFilterChain.internalDoFilter(ApplicationFilterChain.java:193) ~[tomcat-embed-core-9.0.33.jar:9.0.33]
	at org.apache.catalina.core.ApplicationFilterChain.doFilter(ApplicationFilterChain.java:166) ~[tomcat-embed-core-9.0.33.jar:9.0.33]
	at org.springframework.web.filter.RequestContextFilter.doFilterInternal(RequestContextFilter.java:100) ~[spring-web-5.2.5.RELEASE.jar:5.2.5.RELEASE]
	at org.springframework.web.filter.OncePerRequestFilter.doFilter(OncePerRequestFilter.java:119) ~[spring-web-5.2.5.RELEASE.jar:5.2.5.RELEASE]
	at org.apache.catalina.core.ApplicationFilterChain.internalDoFilter(ApplicationFilterChain.java:193) ~[tomcat-embed-core-9.0.33.jar:9.0.33]
	at org.apache.catalina.core.ApplicationFilterChain.doFilter(ApplicationFilterChain.java:166) ~[tomcat-embed-core-9.0.33.jar:9.0.33]
	at org.springframework.web.filter.FormContentFilter.doFilterInternal(FormContentFilter.java:93) ~[spring-web-5.2.5.RELEASE.jar:5.2.5.RELEASE]
	at org.springframework.web.filter.OncePerRequestFilter.doFilter(OncePerRequestFilter.java:119) ~[spring-web-5.2.5.RELEASE.jar:5.2.5.RELEASE]
	at org.apache.catalina.core.ApplicationFilterChain.internalDoFilter(ApplicationFilterChain.java:193) ~[tomcat-embed-core-9.0.33.jar:9.0.33]
	at org.apache.catalina.core.ApplicationFilterChain.doFilter(ApplicationFilterChain.java:166) ~[tomcat-embed-core-9.0.33.jar:9.0.33]
	at org.springframework.cloud.sleuth.instrument.web.ExceptionLoggingFilter.doFilter(ExceptionLoggingFilter.java:50) ~[spring-cloud-sleuth-core-2.2.2.RELEASE.jar:2.2.2.RELEASE]
	at org.apache.catalina.core.ApplicationFilterChain.internalDoFilter(ApplicationFilterChain.java:193) ~[tomcat-embed-core-9.0.33.jar:9.0.33]
	at org.apache.catalina.core.ApplicationFilterChain.doFilter(ApplicationFilterChain.java:166) ~[tomcat-embed-core-9.0.33.jar:9.0.33]
	at brave.servlet.TracingFilter.doFilter(TracingFilter.java:84) ~[brave-instrumentation-servlet-5.10.1.jar:?]
	at org.springframework.cloud.sleuth.instrument.web.LazyTracingFilter.doFilter(TraceWebServletAutoConfiguration.java:138) ~[spring-cloud-sleuth-core-2.2.2.RELEASE.jar:2.2.2.RELEASE]
	at org.apache.catalina.core.ApplicationFilterChain.internalDoFilter(ApplicationFilterChain.java:193) ~[tomcat-embed-core-9.0.33.jar:9.0.33]
	at org.apache.catalina.core.ApplicationFilterChain.doFilter(ApplicationFilterChain.java:166) ~[tomcat-embed-core-9.0.33.jar:9.0.33]
	at org.springframework.boot.actuate.metrics.web.servlet.WebMvcMetricsFilter.doFilterInternal(WebMvcMetricsFilter.java:109) ~[spring-boot-actuator-2.2.6.RELEASE.jar:2.2.6.RELEASE]
	at org.springframework.web.filter.OncePerRequestFilter.doFilter(OncePerRequestFilter.java:119) ~[spring-web-5.2.5.RELEASE.jar:5.2.5.RELEASE]
	at org.apache.catalina.core.ApplicationFilterChain.internalDoFilter(ApplicationFilterChain.java:193) ~[tomcat-embed-core-9.0.33.jar:9.0.33]
	at org.apache.catalina.core.ApplicationFilterChain.doFilter(ApplicationFilterChain.java:166) ~[tomcat-embed-core-9.0.33.jar:9.0.33]
	at org.springframework.web.filter.CharacterEncodingFilter.doFilterInternal(CharacterEncodingFilter.java:201) ~[spring-web-5.2.5.RELEASE.jar:5.2.5.RELEASE]
	at org.springframework.web.filter.OncePerRequestFilter.doFilter(OncePerRequestFilter.java:119) ~[spring-web-5.2.5.RELEASE.jar:5.2.5.RELEASE]
	at org.apache.catalina.core.ApplicationFilterChain.internalDoFilter(ApplicationFilterChain.java:193) ~[tomcat-embed-core-9.0.33.jar:9.0.33]
	at org.apache.catalina.core.ApplicationFilterChain.doFilter(ApplicationFilterChain.java:166) ~[tomcat-embed-core-9.0.33.jar:9.0.33]
	at org.apache.catalina.core.StandardWrapperValve.invoke(StandardWrapperValve.java:202) ~[tomcat-embed-core-9.0.33.jar:9.0.33]
	at org.apache.catalina.core.StandardContextValve.invoke(StandardContextValve.java:96) ~[tomcat-embed-core-9.0.33.jar:9.0.33]
	at org.apache.catalina.authenticator.AuthenticatorBase.invoke(AuthenticatorBase.java:541) ~[tomcat-embed-core-9.0.33.jar:9.0.33]
	at org.apache.catalina.core.StandardHostValve.invoke(StandardHostValve.java:139) ~[tomcat-embed-core-9.0.33.jar:9.0.33]
	at org.apache.catalina.valves.ErrorReportValve.invoke(ErrorReportValve.java:92) ~[tomcat-embed-core-9.0.33.jar:9.0.33]
	at org.apache.catalina.core.StandardEngineValve.invoke(StandardEngineValve.java:74) ~[tomcat-embed-core-9.0.33.jar:9.0.33]
	at org.apache.catalina.connector.CoyoteAdapter.service(CoyoteAdapter.java:343) ~[tomcat-embed-core-9.0.33.jar:9.0.33]
	at org.apache.coyote.http11.Http11Processor.service(Http11Processor.java:373) ~[tomcat-embed-core-9.0.33.jar:9.0.33]
	at org.apache.coyote.AbstractProcessorLight.process(AbstractProcessorLight.java:65) ~[tomcat-embed-core-9.0.33.jar:9.0.33]
	at org.apache.coyote.AbstractProtocol$ConnectionHandler.process(AbstractProtocol.java:868) ~[tomcat-embed-core-9.0.33.jar:9.0.33]
	at org.apache.tomcat.util.net.NioEndpoint$SocketProcessor.doRun(NioEndpoint.java:1594) ~[tomcat-embed-core-9.0.33.jar:9.0.33]
	at org.apache.tomcat.util.net.SocketProcessorBase.run(SocketProcessorBase.java:49) ~[tomcat-embed-core-9.0.33.jar:9.0.33]
	at java.util.concurrent.ThreadPoolExecutor.runWorker(ThreadPoolExecutor.java:1142) ~[?:1.8.0_121]
	at java.util.concurrent.ThreadPoolExecutor$Worker.run(ThreadPoolExecutor.java:617) ~[?:1.8.0_121]
	at org.apache.tomcat.util.threads.TaskThread$WrappingRunnable.run(TaskThread.java:61) ~[tomcat-embed-core-9.0.33.jar:9.0.33]
	at java.lang.Thread.run(Thread.java:745) [?:1.8.0_121]
2020-04-24 00:31:10.638 [http-nio-8083-exec-1] INFO  [org.zalando.logbook.Logbook:84] [8b918325ec49bcab,da6bd3f5e6f03fe5] - Outgoing Response: caebd8c4752d74e9
Duration: 1311 ms
HTTP/1.1 200 OK
Transfer-Encoding: chunked
Keep-Alive: timeout=60
Connection: keep-alive
Date: Thu, 23 Apr 2020 16:31:10 GMT
Content-Type: application/json

{"code":3,"msg":"TOKEN失效","result":null}
2020-04-24 00:31:10.647 [http-nio-8083-exec-2] INFO  [org.zalando.logbook.Logbook:79] [8b918325ec49bcab,610a08f3beb7f35c] - Incoming Request: bd5394824d1a010c
GET http://DESKTOP-K5RUUL2:8083/question/count HTTP/1.1
x-b3-parentspanid: 2d4eeaba9076653e
x-b3-traceid: 8b918325ec49bcab
x-b3-spanid: 610a08f3beb7f35c
x-b3-sampled: 0
host: DESKTOP-K5RUUL2:8083
connection: Keep-Alive
accept-encoding: gzip,deflate
user-agent: agent
accept: application/json, application/*+json
2020-04-24 00:31:10.803 [http-nio-8083-exec-2] INFO  [org.zalando.logbook.Logbook:84] [8b918325ec49bcab,610a08f3beb7f35c] - Outgoing Response: bd5394824d1a010c
Duration: 156 ms
HTTP/1.1 200 OK
Transfer-Encoding: chunked
Keep-Alive: timeout=60
Connection: keep-alive
Date: Thu, 23 Apr 2020 16:31:10 GMT
Content-Type: application/json

{"code":0,"msg":"OK","result":5}
2020-04-24 00:31:10.812 [http-nio-8083-exec-3] INFO  [org.zalando.logbook.Logbook:79] [8b918325ec49bcab,7cc7a319a5501bc4] - Incoming Request: bef7b1479e466dc0
GET http://DESKTOP-K5RUUL2:8083/question/list?offset=0&size=5 HTTP/1.1
x-b3-parentspanid: 7ac4e2c97fd3b645
x-b3-traceid: 8b918325ec49bcab
x-b3-spanid: 7cc7a319a5501bc4
x-b3-sampled: 0
host: DESKTOP-K5RUUL2:8083
connection: Keep-Alive
accept-encoding: gzip,deflate
user-agent: agent
accept: application/json, application/*+json
2020-04-24 00:31:10.835 [http-nio-8083-exec-3] INFO  [org.zalando.logbook.Logbook:84] [8b918325ec49bcab,7cc7a319a5501bc4] - Outgoing Response: bef7b1479e466dc0
Duration: 23 ms
HTTP/1.1 200 OK
Transfer-Encoding: chunked
Keep-Alive: timeout=60
Connection: keep-alive
Date: Thu, 23 Apr 2020 16:31:10 GMT
Content-Type: application/json

{"code":0,"msg":"OK","result":[{"id":18,"title":"热门3","description":"123","tag":"php,java,js","gmtCreate":1587463062594,"gmtModified":1587463062594,"creator":1,"viewCount":15,"commentCount":1,"likeCount":null},{"id":17,"title":"热门2","description":"123","tag":"js,php,java","gmtCreate":1587463050254,"gmtModified":1587463050254,"creator":1,"viewCount":0,"commentCount":0,"likeCount":null},{"id":16,"title":"热门标签","description":"123是科技部对UI安管部卡斯比接口的把会计师不安居客吧开发背带裤","tag":"php,js,java","gmtCreate":1587463038397,"gmtModified":1587463038397,"creator":1,"viewCount":0,"commentCount":0,"likeCount":null},{"id":10,"title":"springboot快速学习","description":"123","tag":"java,python","gmtCreate":1586840236237,"gmtModified":1586840236237,"creator":1,"viewCount":13,"commentCount":0,"likeCount":null},{"id":8,"title":"java Spring Boot","description":"123","tag":"java,docker","gmtCreate":1586840198981,"gmtModified":1586840198981,"creator":1,"viewCount":8,"commentCount":0,"likeCount":null}]}
2020-04-24 00:31:10.842 [http-nio-8083-exec-4] INFO  [org.zalando.logbook.Logbook:79] [8b918325ec49bcab,42f2e70e44cb6718] - Incoming Request: a4173de282b13506
GET http://DESKTOP-K5RUUL2:8083/user/getById?id=1 HTTP/1.1
x-b3-parentspanid: 8b918325ec49bcab
x-b3-traceid: 8b918325ec49bcab
x-b3-spanid: 42f2e70e44cb6718
x-b3-sampled: 0
host: DESKTOP-K5RUUL2:8083
connection: Keep-Alive
accept-encoding: gzip,deflate
user-agent: agent
accept: application/json, application/*+json
2020-04-24 00:31:10.899 [http-nio-8083-exec-4] INFO  [org.zalando.logbook.Logbook:84] [8b918325ec49bcab,42f2e70e44cb6718] - Outgoing Response: a4173de282b13506
Duration: 58 ms
HTTP/1.1 200 OK
Transfer-Encoding: chunked
Keep-Alive: timeout=60
Connection: keep-alive
Date: Thu, 23 Apr 2020 16:31:10 GMT
Content-Type: application/json

{"code":0,"msg":"OK","result":{"id":1,"name":"123","age":1,"pwd":"123","token":"4d931e3d-725b-4e09-810f-72c6665c6301","avatarUrl":"1","accountId":"陈晓跃"}}
2020-04-24 00:31:10.914 [http-nio-8083-exec-5] INFO  [org.zalando.logbook.Logbook:79] [8b918325ec49bcab,4b4a9e20ff5ba368] - Incoming Request: 8d93d836f8535723
GET http://DESKTOP-K5RUUL2:8083/user/getById?id=1 HTTP/1.1
x-b3-parentspanid: 8b918325ec49bcab
x-b3-traceid: 8b918325ec49bcab
x-b3-spanid: 4b4a9e20ff5ba368
x-b3-sampled: 0
host: DESKTOP-K5RUUL2:8083
connection: Keep-Alive
accept-encoding: gzip,deflate
user-agent: agent
accept: application/json, application/*+json
2020-04-24 00:31:10.932 [http-nio-8083-exec-5] INFO  [org.zalando.logbook.Logbook:84] [8b918325ec49bcab,4b4a9e20ff5ba368] - Outgoing Response: 8d93d836f8535723
Duration: 19 ms
HTTP/1.1 200 OK
Transfer-Encoding: chunked
Keep-Alive: timeout=60
Connection: keep-alive
Date: Thu, 23 Apr 2020 16:31:10 GMT
Content-Type: application/json

{"code":0,"msg":"OK","result":{"id":1,"name":"123","age":1,"pwd":"123","token":"4d931e3d-725b-4e09-810f-72c6665c6301","avatarUrl":"1","accountId":"陈晓跃"}}
2020-04-24 00:31:10.943 [http-nio-8083-exec-6] INFO  [org.zalando.logbook.Logbook:79] [8b918325ec49bcab,6e7ff4a1c027ee62] - Incoming Request: d35a3c85d9267a78
GET http://DESKTOP-K5RUUL2:8083/user/getById?id=1 HTTP/1.1
x-b3-parentspanid: 8b918325ec49bcab
x-b3-traceid: 8b918325ec49bcab
x-b3-spanid: 6e7ff4a1c027ee62
x-b3-sampled: 0
host: DESKTOP-K5RUUL2:8083
connection: Keep-Alive
accept-encoding: gzip,deflate
user-agent: agent
accept: application/json, application/*+json
2020-04-24 00:31:10.948 [http-nio-8083-exec-6] INFO  [org.zalando.logbook.Logbook:84] [8b918325ec49bcab,6e7ff4a1c027ee62] - Outgoing Response: d35a3c85d9267a78
Duration: 6 ms
HTTP/1.1 200 OK
Transfer-Encoding: chunked
Keep-Alive: timeout=60
Connection: keep-alive
Date: Thu, 23 Apr 2020 16:31:10 GMT
Content-Type: application/json

{"code":0,"msg":"OK","result":{"id":1,"name":"123","age":1,"pwd":"123","token":"4d931e3d-725b-4e09-810f-72c6665c6301","avatarUrl":"1","accountId":"陈晓跃"}}
2020-04-24 00:31:10.952 [http-nio-8083-exec-7] INFO  [org.zalando.logbook.Logbook:79] [8b918325ec49bcab,99ec250b297a3b40] - Incoming Request: 8d7d32cee68e1954
GET http://DESKTOP-K5RUUL2:8083/user/getById?id=1 HTTP/1.1
x-b3-parentspanid: 8b918325ec49bcab
x-b3-traceid: 8b918325ec49bcab
x-b3-spanid: 99ec250b297a3b40
x-b3-sampled: 0
host: DESKTOP-K5RUUL2:8083
connection: Keep-Alive
accept-encoding: gzip,deflate
user-agent: agent
accept: application/json, application/*+json
2020-04-24 00:31:10.959 [http-nio-8083-exec-7] INFO  [org.zalando.logbook.Logbook:84] [8b918325ec49bcab,99ec250b297a3b40] - Outgoing Response: 8d7d32cee68e1954
Duration: 5 ms
HTTP/1.1 200 OK
Transfer-Encoding: chunked
Keep-Alive: timeout=60
Connection: keep-alive
Date: Thu, 23 Apr 2020 16:31:10 GMT
Content-Type: application/json

{"code":0,"msg":"OK","result":{"id":1,"name":"123","age":1,"pwd":"123","token":"4d931e3d-725b-4e09-810f-72c6665c6301","avatarUrl":"1","accountId":"陈晓跃"}}
2020-04-24 00:31:10.964 [http-nio-8083-exec-8] INFO  [org.zalando.logbook.Logbook:79] [8b918325ec49bcab,43088f0336087998] - Incoming Request: ec3c9ca83a5a639e
GET http://DESKTOP-K5RUUL2:8083/user/getById?id=1 HTTP/1.1
x-b3-parentspanid: 8b918325ec49bcab
x-b3-traceid: 8b918325ec49bcab
x-b3-spanid: 43088f0336087998
x-b3-sampled: 0
host: DESKTOP-K5RUUL2:8083
connection: Keep-Alive
accept-encoding: gzip,deflate
user-agent: agent
accept: application/json, application/*+json
2020-04-24 00:31:10.969 [http-nio-8083-exec-8] INFO  [org.zalando.logbook.Logbook:84] [8b918325ec49bcab,43088f0336087998] - Outgoing Response: ec3c9ca83a5a639e
Duration: 6 ms
HTTP/1.1 200 OK
Transfer-Encoding: chunked
Keep-Alive: timeout=60
Connection: keep-alive
Date: Thu, 23 Apr 2020 16:31:10 GMT
Content-Type: application/json

{"code":0,"msg":"OK","result":{"id":1,"name":"123","age":1,"pwd":"123","token":"4d931e3d-725b-4e09-810f-72c6665c6301","avatarUrl":"1","accountId":"陈晓跃"}}
2020-04-24 00:36:02.179 [AsyncResolver-bootstrap-executor-0] INFO  [com.netflix.discovery.shared.resolver.aws.ConfigClusterResolver:43] [,] - Resolving eureka endpoints via configuration
2020-04-24 00:41:02.180 [AsyncResolver-bootstrap-executor-0] INFO  [com.netflix.discovery.shared.resolver.aws.ConfigClusterResolver:43] [,] - Resolving eureka endpoints via configuration
2020-04-24 00:53:04.408 [main] INFO  [com.hzu.community.CommunityServiceApplication:651] [,] - No active profile set, falling back to default profiles: default
2020-04-24 00:53:05.539 [main] INFO  [org.springframework.data.repository.config.RepositoryConfigurationDelegate:249] [,] - Multiple Spring Data modules found, entering strict repository configuration mode!
2020-04-24 00:53:05.542 [main] INFO  [org.springframework.data.repository.config.RepositoryConfigurationDelegate:127] [,] - Bootstrapping Spring Data Redis repositories in DEFAULT mode.
2020-04-24 00:53:05.569 [main] INFO  [org.springframework.data.repository.config.RepositoryConfigurationDelegate:187] [,] - Finished Spring Data repository scanning in 11ms. Found 0 Redis repository interfaces.
2020-04-24 00:53:05.691 [main] WARN  [org.springframework.boot.actuate.endpoint.EndpointId:155] [,] - Endpoint ID 'service-registry' contains invalid characters, please migrate to a valid format.
2020-04-24 00:53:06.193 [main] INFO  [org.springframework.cloud.context.scope.GenericScope:295] [,] - BeanFactory id=c0c0988a-80b7-3323-b48c-673e87611c7a
2020-04-24 00:53:06.568 [main] INFO  [org.springframework.context.support.PostProcessorRegistrationDelegate$BeanPostProcessorChecker:330] [,] - Bean 'spring.sleuth.redis-org.springframework.cloud.sleuth.instrument.redis.TraceRedisProperties' of type [org.springframework.cloud.sleuth.instrument.redis.TraceRedisProperties] is not eligible for getting processed by all BeanPostProcessors (for example: not eligible for auto-proxying)
2020-04-24 00:53:06.890 [main] INFO  [org.springframework.boot.web.embedded.tomcat.TomcatWebServer:92] [,] - Tomcat initialized with port(s): 8083 (http)
2020-04-24 00:53:06.900 [main] INFO  [org.apache.coyote.http11.Http11NioProtocol:173] [,] - Initializing ProtocolHandler ["http-nio-8083"]
2020-04-24 00:53:06.901 [main] INFO  [org.apache.catalina.core.StandardService:173] [,] - Starting service [Tomcat]
2020-04-24 00:53:06.902 [main] INFO  [org.apache.catalina.core.StandardEngine:173] [,] - Starting Servlet engine: [Apache Tomcat/9.0.33]
2020-04-24 00:53:07.041 [main] INFO  [org.apache.catalina.core.ContainerBase.[Tomcat].[localhost].[/]:173] [,] - Initializing Spring embedded WebApplicationContext
2020-04-24 00:53:07.041 [main] INFO  [org.springframework.web.context.ContextLoader:284] [,] - Root WebApplicationContext: initialization completed in 2612 ms
2020-04-24 00:53:07.258 [main] WARN  [com.netflix.config.sources.URLConfigurationSource:121] [,] - No URLs will be polled as dynamic configuration sources.
2020-04-24 00:53:07.258 [main] INFO  [com.netflix.config.sources.URLConfigurationSource:122] [,] - To enable URLs as dynamic configuration sources, define System property archaius.configurationSource.additionalUrls or make config.properties available on classpath.
2020-04-24 00:53:07.270 [main] INFO  [com.netflix.config.DynamicPropertyFactory:281] [,] - DynamicPropertyFactory is initialized with configuration sources: com.netflix.config.ConcurrentCompositeConfiguration@d653e41
2020-04-24 00:53:07.954 [main] INFO  [com.alibaba.druid.pool.DruidDataSource:1010] [,] - {dataSource-1} inited
2020-04-24 00:53:09.726 [main] WARN  [org.springframework.cloud.sleuth.zipkin2.ZipkinAutoConfiguration:114] [,] - Check result of the [AsyncReporter{org.springframework.cloud.sleuth.zipkin2.sender.RestTemplateSender@5fd8dd66}] contains an error [CheckResult{ok=false, error=org.springframework.web.client.ResourceAccessException: I/O error on POST request for "http://localhost:9411/api/v2/spans": connect timed out; nested exception is java.net.SocketTimeoutException: connect timed out}]
2020-04-24 00:53:11.671 [main] WARN  [com.netflix.config.sources.URLConfigurationSource:121] [,] - No URLs will be polled as dynamic configuration sources.
2020-04-24 00:53:11.671 [main] INFO  [com.netflix.config.sources.URLConfigurationSource:122] [,] - To enable URLs as dynamic configuration sources, define System property archaius.configurationSource.additionalUrls or make config.properties available on classpath.
2020-04-24 00:53:11.963 [main] INFO  [org.springframework.scheduling.concurrent.ThreadPoolTaskExecutor:181] [,] - Initializing ExecutorService 'applicationTaskExecutor'
2020-04-24 00:53:12.977 [main] WARN  [org.springframework.boot.autoconfigure.freemarker.FreeMarkerAutoConfiguration:67] [,] - Cannot find template location(s): [classpath:/templates/] (please add some templates, check your FreeMarker configuration, or set spring.freemarker.checkTemplateLocation=false)
2020-04-24 00:53:14.044 [main] WARN  [org.springframework.cloud.loadbalancer.config.BlockingLoadBalancerClientAutoConfiguration$BlockingLoadBalancerClientRibbonWarnLogger:86] [,] - You already have RibbonLoadBalancerClient on your classpath. It will be used by default. As Spring Cloud Ribbon is in maintenance mode. We recommend switching to BlockingLoadBalancerClient instead. In order to use it, set the value of `spring.cloud.loadbalancer.ribbon.enabled` to `false` or remove spring-cloud-starter-netflix-ribbon from your project.
2020-04-24 00:53:14.951 [main] INFO  [org.springframework.boot.actuate.endpoint.web.EndpointLinksResolver:58] [,] - Exposing 2 endpoint(s) beneath base path '/actuator'
2020-04-24 00:53:15.016 [main] INFO  [org.springframework.cloud.netflix.eureka.InstanceInfoFactory:72] [,] - Setting initial instance status as: STARTING
2020-04-24 00:53:15.063 [main] INFO  [com.netflix.discovery.DiscoveryClient:368] [,] - Initializing Eureka in region us-east-1
2020-04-24 00:53:15.117 [main] INFO  [com.netflix.discovery.provider.DiscoveryJerseyProvider:70] [,] - Using JSON encoding codec LegacyJacksonJson
2020-04-24 00:53:15.117 [main] INFO  [com.netflix.discovery.provider.DiscoveryJerseyProvider:71] [,] - Using JSON decoding codec LegacyJacksonJson
2020-04-24 00:53:15.257 [main] INFO  [com.netflix.discovery.provider.DiscoveryJerseyProvider:80] [,] - Using XML encoding codec XStreamXml
2020-04-24 00:53:15.257 [main] INFO  [com.netflix.discovery.provider.DiscoveryJerseyProvider:81] [,] - Using XML decoding codec XStreamXml
2020-04-24 00:53:15.466 [main] INFO  [com.netflix.discovery.shared.resolver.aws.ConfigClusterResolver:43] [,] - Resolving eureka endpoints via configuration
2020-04-24 00:53:15.832 [main] INFO  [com.netflix.discovery.DiscoveryClient:981] [,] - Disable delta property : false
2020-04-24 00:53:15.833 [main] INFO  [com.netflix.discovery.DiscoveryClient:982] [,] - Single vip registry refresh property : null
2020-04-24 00:53:15.833 [main] INFO  [com.netflix.discovery.DiscoveryClient:983] [,] - Force full registry fetch : false
2020-04-24 00:53:15.833 [main] INFO  [com.netflix.discovery.DiscoveryClient:984] [,] - Application is null : false
2020-04-24 00:53:15.833 [main] INFO  [com.netflix.discovery.DiscoveryClient:985] [,] - Registered Applications size is zero : true
2020-04-24 00:53:15.833 [main] INFO  [com.netflix.discovery.DiscoveryClient:987] [,] - Application version is -1: true
2020-04-24 00:53:15.833 [main] INFO  [com.netflix.discovery.DiscoveryClient:1070] [,] - Getting all instance registry info from the eureka server
2020-04-24 00:53:16.083 [main] INFO  [com.netflix.discovery.DiscoveryClient:1079] [,] - The response status is 200
2020-04-24 00:53:16.086 [main] INFO  [com.netflix.discovery.DiscoveryClient:1294] [,] - Starting heartbeat executor: renew interval is: 5
2020-04-24 00:53:16.089 [main] INFO  [com.netflix.discovery.InstanceInfoReplicator:60] [,] - InstanceInfoReplicator onDemand update allowed rate per min is 4
2020-04-24 00:53:16.093 [main] INFO  [com.netflix.discovery.DiscoveryClient:468] [,] - Discovery Client initialized at timestamp 1587660796092 with initial instances count: 0
2020-04-24 00:53:16.102 [main] INFO  [org.springframework.cloud.netflix.eureka.serviceregistry.EurekaServiceRegistry:41] [,] - Registering application COMMUNITY with eureka with status UP
2020-04-24 00:53:16.103 [main] INFO  [com.netflix.discovery.DiscoveryClient:1330] [,] - Saw local status change event StatusChangeEvent [timestamp=1587660796103, current=UP, previous=STARTING]
2020-04-24 00:53:16.104 [main] WARN  [com.netflix.discovery.InstanceInfoReplicator:110] [,] - Ignoring onDemand update due to rate limiter
2020-04-24 00:53:16.137 [main] INFO  [org.apache.coyote.http11.Http11NioProtocol:173] [,] - Starting ProtocolHandler ["http-nio-8083"]
2020-04-24 00:53:16.181 [main] INFO  [org.springframework.boot.web.embedded.tomcat.TomcatWebServer:204] [,] - Tomcat started on port(s): 8083 (http) with context path ''
2020-04-24 00:53:16.182 [main] INFO  [org.springframework.cloud.netflix.eureka.serviceregistry.EurekaAutoServiceRegistration:145] [,] - Updating port to 8083
2020-04-24 00:53:16.442 [DiscoveryClient-InstanceInfoReplicator-0] INFO  [com.netflix.discovery.DiscoveryClient:847] [,] - DiscoveryClient_COMMUNITY/DESKTOP-K5RUUL2:community:8083: registering service...
2020-04-24 00:53:16.582 [DiscoveryClient-InstanceInfoReplicator-0] INFO  [com.netflix.discovery.DiscoveryClient:856] [,] - DiscoveryClient_COMMUNITY/DESKTOP-K5RUUL2:community:8083 - registration status: 204
2020-04-24 00:53:16.915 [main] INFO  [com.hzu.community.CommunityServiceApplication:61] [,] - Started CommunityServiceApplication in 15.148 seconds (JVM running for 18.589)
2020-04-24 00:53:46.086 [DiscoveryClient-CacheRefreshExecutor-0] INFO  [com.netflix.discovery.DiscoveryClient:981] [,] - Disable delta property : false
2020-04-24 00:53:46.087 [DiscoveryClient-CacheRefreshExecutor-0] INFO  [com.netflix.discovery.DiscoveryClient:982] [,] - Single vip registry refresh property : null
2020-04-24 00:53:46.087 [DiscoveryClient-CacheRefreshExecutor-0] INFO  [com.netflix.discovery.DiscoveryClient:983] [,] - Force full registry fetch : false
2020-04-24 00:53:46.087 [DiscoveryClient-CacheRefreshExecutor-0] INFO  [com.netflix.discovery.DiscoveryClient:984] [,] - Application is null : false
2020-04-24 00:53:46.088 [DiscoveryClient-CacheRefreshExecutor-0] INFO  [com.netflix.discovery.DiscoveryClient:985] [,] - Registered Applications size is zero : true
2020-04-24 00:53:46.088 [DiscoveryClient-CacheRefreshExecutor-0] INFO  [com.netflix.discovery.DiscoveryClient:987] [,] - Application version is -1: false
2020-04-24 00:53:46.088 [DiscoveryClient-CacheRefreshExecutor-0] INFO  [com.netflix.discovery.DiscoveryClient:1070] [,] - Getting all instance registry info from the eureka server
2020-04-24 00:53:46.138 [DiscoveryClient-CacheRefreshExecutor-0] INFO  [com.netflix.discovery.DiscoveryClient:1079] [,] - The response status is 200
2020-04-24 00:54:05.387 [http-nio-8083-exec-1] INFO  [org.apache.catalina.core.ContainerBase.[Tomcat].[localhost].[/]:173] [,] - Initializing Spring DispatcherServlet 'dispatcherServlet'
2020-04-24 00:54:05.387 [http-nio-8083-exec-1] INFO  [org.springframework.web.servlet.DispatcherServlet:525] [,] - Initializing Servlet 'dispatcherServlet'
2020-04-24 00:54:05.408 [http-nio-8083-exec-1] INFO  [org.springframework.web.servlet.DispatcherServlet:547] [,] - Completed initialization in 21 ms
2020-04-24 00:54:05.465 [http-nio-8083-exec-1] INFO  [org.zalando.logbook.Logbook:79] [aa8758f083a11c2b,db870420b2e2708d] - Incoming Request: a2eb1a94ec4bca7e
GET http://DESKTOP-K5RUUL2:8083/question/list?offset=0&size=4 HTTP/1.1
x-b3-parentspanid: 9f4e10166d639393
x-b3-traceid: aa8758f083a11c2b
x-b3-spanid: db870420b2e2708d
x-b3-sampled: 1
host: DESKTOP-K5RUUL2:8083
connection: Keep-Alive
accept-encoding: gzip,deflate
user-agent: agent
accept: application/json, application/*+json
2020-04-24 00:54:05.832 [http-nio-8083-exec-1] INFO  [org.zalando.logbook.Logbook:84] [aa8758f083a11c2b,db870420b2e2708d] - Outgoing Response: a2eb1a94ec4bca7e
Duration: 318 ms
HTTP/1.1 200 OK
Transfer-Encoding: chunked
Keep-Alive: timeout=60
Connection: keep-alive
Date: Thu, 23 Apr 2020 16:54:05 GMT
Content-Type: application/json

{"code":0,"msg":"OK","result":[{"id":18,"title":"热门3","description":"123","tag":"php,java,js","gmtCreate":1587463062594,"gmtModified":1587463062594,"creator":1,"viewCount":15,"commentCount":1,"likeCount":null},{"id":17,"title":"热门2","description":"123","tag":"js,php,java","gmtCreate":1587463050254,"gmtModified":1587463050254,"creator":1,"viewCount":0,"commentCount":0,"likeCount":null},{"id":16,"title":"热门标签","description":"123是科技部对UI安管部卡斯比接口的把会计师不安居客吧开发背带裤","tag":"php,js,java","gmtCreate":1587463038397,"gmtModified":1587463038397,"creator":1,"viewCount":0,"commentCount":0,"likeCount":null},{"id":10,"title":"springboot快速学习","description":"123","tag":"java,python","gmtCreate":1586840236237,"gmtModified":1586840236237,"creator":1,"viewCount":13,"commentCount":0,"likeCount":null}]}
2020-04-24 00:54:06.886 [AsyncReporter{org.springframework.cloud.sleuth.zipkin2.sender.RestTemplateSender@5fd8dd66}] WARN  [zipkin2.reporter.AsyncReporter$BoundedAsyncReporter:295] [,] - Spans were dropped due to exceptions. All subsequent errors will be logged at FINE level.
2020-04-24 00:54:06.887 [AsyncReporter{org.springframework.cloud.sleuth.zipkin2.sender.RestTemplateSender@5fd8dd66}] WARN  [zipkin2.reporter.AsyncReporter$BoundedAsyncReporter:302] [,] - Dropped 1 spans due to ResourceAccessException(I/O error on POST request for "http://localhost:9411/api/v2/spans": connect timed out; nested exception is java.net.SocketTimeoutException: connect timed out)
org.springframework.web.client.ResourceAccessException: I/O error on POST request for "http://localhost:9411/api/v2/spans": connect timed out; nested exception is java.net.SocketTimeoutException: connect timed out
	at org.springframework.web.client.RestTemplate.doExecute(RestTemplate.java:748) ~[spring-web-5.2.5.RELEASE.jar:5.2.5.RELEASE]
	at org.springframework.cloud.sleuth.zipkin2.sender.ZipkinRestTemplateWrapper.doExecute(ZipkinRestTemplateSenderConfiguration.java:228) ~[spring-cloud-sleuth-zipkin-2.2.2.RELEASE.jar:2.2.2.RELEASE]
	at org.springframework.web.client.RestTemplate.exchange(RestTemplate.java:641) ~[spring-web-5.2.5.RELEASE.jar:5.2.5.RELEASE]
	at org.springframework.cloud.sleuth.zipkin2.sender.RestTemplateSender.post(RestTemplateSender.java:129) ~[spring-cloud-sleuth-zipkin-2.2.2.RELEASE.jar:2.2.2.RELEASE]
	at org.springframework.cloud.sleuth.zipkin2.sender.RestTemplateSender$HttpPostCall.doExecute(RestTemplateSender.java:142) ~[spring-cloud-sleuth-zipkin-2.2.2.RELEASE.jar:2.2.2.RELEASE]
	at org.springframework.cloud.sleuth.zipkin2.sender.RestTemplateSender$HttpPostCall.doExecute(RestTemplateSender.java:132) ~[spring-cloud-sleuth-zipkin-2.2.2.RELEASE.jar:2.2.2.RELEASE]
	at zipkin2.Call$Base.execute(Call.java:380) ~[zipkin-2.19.3.jar:?]
	at zipkin2.reporter.AsyncReporter$BoundedAsyncReporter.flush(AsyncReporter.java:284) ~[zipkin-reporter-2.12.1.jar:?]
	at zipkin2.reporter.AsyncReporter$Flusher.run(AsyncReporter.java:358) ~[zipkin-reporter-2.12.1.jar:?]
	at java.lang.Thread.run(Thread.java:745) [?:1.8.0_121]
Caused by: java.net.SocketTimeoutException: connect timed out
	at java.net.DualStackPlainSocketImpl.waitForConnect(Native Method) ~[?:1.8.0_121]
	at java.net.DualStackPlainSocketImpl.socketConnect(DualStackPlainSocketImpl.java:85) ~[?:1.8.0_121]
	at java.net.AbstractPlainSocketImpl.doConnect(AbstractPlainSocketImpl.java:350) ~[?:1.8.0_121]
	at java.net.AbstractPlainSocketImpl.connectToAddress(AbstractPlainSocketImpl.java:206) ~[?:1.8.0_121]
	at java.net.AbstractPlainSocketImpl.connect(AbstractPlainSocketImpl.java:188) ~[?:1.8.0_121]
	at java.net.PlainSocketImpl.connect(PlainSocketImpl.java:172) ~[?:1.8.0_121]
	at java.net.SocksSocketImpl.connect(SocksSocketImpl.java:392) ~[?:1.8.0_121]
	at java.net.Socket.connect(Socket.java:589) ~[?:1.8.0_121]
	at sun.net.NetworkClient.doConnect(NetworkClient.java:175) ~[?:1.8.0_121]
	at sun.net.www.http.HttpClient.openServer(HttpClient.java:432) ~[?:1.8.0_121]
	at sun.net.www.http.HttpClient.openServer(HttpClient.java:527) ~[?:1.8.0_121]
	at sun.net.www.http.HttpClient.<init>(HttpClient.java:211) ~[?:1.8.0_121]
	at sun.net.www.http.HttpClient.New(HttpClient.java:308) ~[?:1.8.0_121]
	at sun.net.www.http.HttpClient.New(HttpClient.java:326) ~[?:1.8.0_121]
	at sun.net.www.protocol.http.HttpURLConnection.getNewHttpClient(HttpURLConnection.java:1202) ~[?:1.8.0_121]
	at sun.net.www.protocol.http.HttpURLConnection.plainConnect0(HttpURLConnection.java:1138) ~[?:1.8.0_121]
	at sun.net.www.protocol.http.HttpURLConnection.plainConnect(HttpURLConnection.java:1032) ~[?:1.8.0_121]
	at sun.net.www.protocol.http.HttpURLConnection.connect(HttpURLConnection.java:966) ~[?:1.8.0_121]
	at org.springframework.http.client.SimpleBufferingClientHttpRequest.executeInternal(SimpleBufferingClientHttpRequest.java:76) ~[spring-web-5.2.5.RELEASE.jar:5.2.5.RELEASE]
	at org.springframework.http.client.AbstractBufferingClientHttpRequest.executeInternal(AbstractBufferingClientHttpRequest.java:48) ~[spring-web-5.2.5.RELEASE.jar:5.2.5.RELEASE]
	at org.springframework.http.client.AbstractClientHttpRequest.execute(AbstractClientHttpRequest.java:53) ~[spring-web-5.2.5.RELEASE.jar:5.2.5.RELEASE]
	at org.springframework.web.client.RestTemplate.doExecute(RestTemplate.java:739) ~[spring-web-5.2.5.RELEASE.jar:5.2.5.RELEASE]
	... 9 more
2020-04-24 00:58:15.837 [AsyncResolver-bootstrap-executor-0] INFO  [com.netflix.discovery.shared.resolver.aws.ConfigClusterResolver:43] [,] - Resolving eureka endpoints via configuration
