2020-05-11 04:01:19.249 [AsyncResolver-bootstrap-executor-0] INFO  [com.netflix.discovery.shared.resolver.aws.ConfigClusterResolver:43] [,] - Resolving eureka endpoints via configuration
2020-05-11 04:02:18.355 [http-nio-8083-exec-8] INFO  [org.zalando.logbook.Logbook:79] [3b925e1d06c010c2,c00980842afb1b12] - Incoming Request: b4e10b481d7f0597
GET http://DESKTOP-K5RUUL2:8083/user/get?token=eyJhbGciOiJIUzI1NiJ9.eyJpc3MiOiJjb21tdW5pdHlfdXNlciIsIm5hbWUiOiIxMjMiLCJleHAiOjE1ODkyMjQ4OTEsInB3ZCI6IjEyMyIsInRzIjoiMTU4OTEzODQ5MSJ9.sZNF-LgBf2I_3UgosUqRy5mjiL5y4daBg_c3bvpnG3s HTTP/1.1
x-b3-parentspanid: 3b925e1d06c010c2
x-b3-traceid: 3b925e1d06c010c2
x-b3-spanid: c00980842afb1b12
x-b3-sampled: 1
host: DESKTOP-K5RUUL2:8083
connection: Keep-Alive
accept-encoding: gzip,deflate
user-agent: agent
accept: application/json, application/*+json
2020-05-11 04:02:18.364 [http-nio-8083-exec-8] INFO  [org.zalando.logbook.Logbook:84] [3b925e1d06c010c2,c00980842afb1b12] - Outgoing Response: b4e10b481d7f0597
Duration: 9 ms
HTTP/1.1 200 OK
Transfer-Encoding: chunked
Keep-Alive: timeout=60
Connection: keep-alive
Date: Sun, 10 May 2020 20:02:18 GMT
Content-Type: application/json

{"code":0,"msg":"OK","result":{"id":1,"name":"123","age":1,"pwd":"123","token":"eyJhbGciOiJIUzI1NiJ9.eyJpc3MiOiJjb21tdW5pdHlfdXNlciIsIm5hbWUiOiIxMjMiLCJleHAiOjE1ODkyMjQ4OTEsInB3ZCI6IjEyMyIsInRzIjoiMTU4OTEzODQ5MSJ9.sZNF-LgBf2I_3UgosUqRy5mjiL5y4daBg_c3bvpnG3s","avatarUrl":"1","accountId":"陈晓跃"}}
2020-05-11 04:02:18.368 [http-nio-8083-exec-7] INFO  [org.zalando.logbook.Logbook:79] [3b925e1d06c010c2,ba288038729ec227] - Incoming Request: 8dee21e272efafcc
GET http://DESKTOP-K5RUUL2:8083/notification/countUnread?userId=1&status=0 HTTP/1.1
x-b3-parentspanid: 3b925e1d06c010c2
x-b3-traceid: 3b925e1d06c010c2
x-b3-spanid: ba288038729ec227
x-b3-sampled: 1
host: DESKTOP-K5RUUL2:8083
connection: Keep-Alive
accept-encoding: gzip,deflate
user-agent: agent
accept: application/json, application/*+json
2020-05-11 04:02:18.372 [http-nio-8083-exec-7] INFO  [org.zalando.logbook.Logbook:84] [3b925e1d06c010c2,ba288038729ec227] - Outgoing Response: 8dee21e272efafcc
Duration: 4 ms
HTTP/1.1 200 OK
Transfer-Encoding: chunked
Keep-Alive: timeout=60
Connection: keep-alive
Date: Sun, 10 May 2020 20:02:18 GMT
Content-Type: application/json

{"code":0,"msg":"OK","result":7}
2020-05-11 04:02:18.609 [http-nio-8083-exec-9] INFO  [org.zalando.logbook.Logbook:79] [7ebc1d13e2e82e8c,be24de532fb03ffa] - Incoming Request: fc207791b3ef991d
GET http://DESKTOP-K5RUUL2:8083/user/get?token=eyJhbGciOiJIUzI1NiJ9.eyJpc3MiOiJjb21tdW5pdHlfdXNlciIsIm5hbWUiOiIxMjMiLCJleHAiOjE1ODkyMjQ4OTEsInB3ZCI6IjEyMyIsInRzIjoiMTU4OTEzODQ5MSJ9.sZNF-LgBf2I_3UgosUqRy5mjiL5y4daBg_c3bvpnG3s HTTP/1.1
x-b3-parentspanid: 7ebc1d13e2e82e8c
x-b3-traceid: 7ebc1d13e2e82e8c
x-b3-spanid: be24de532fb03ffa
x-b3-sampled: 0
host: DESKTOP-K5RUUL2:8083
connection: Keep-Alive
accept-encoding: gzip,deflate
user-agent: agent
accept: application/json, application/*+json
2020-05-11 04:02:18.615 [http-nio-8083-exec-9] INFO  [org.zalando.logbook.Logbook:84] [7ebc1d13e2e82e8c,be24de532fb03ffa] - Outgoing Response: fc207791b3ef991d
Duration: 6 ms
HTTP/1.1 200 OK
Transfer-Encoding: chunked
Keep-Alive: timeout=60
Connection: keep-alive
Date: Sun, 10 May 2020 20:02:18 GMT
Content-Type: application/json

{"code":0,"msg":"OK","result":{"id":1,"name":"123","age":1,"pwd":"123","token":"eyJhbGciOiJIUzI1NiJ9.eyJpc3MiOiJjb21tdW5pdHlfdXNlciIsIm5hbWUiOiIxMjMiLCJleHAiOjE1ODkyMjQ4OTEsInB3ZCI6IjEyMyIsInRzIjoiMTU4OTEzODQ5MSJ9.sZNF-LgBf2I_3UgosUqRy5mjiL5y4daBg_c3bvpnG3s","avatarUrl":"1","accountId":"陈晓跃"}}
2020-05-11 04:02:18.620 [http-nio-8083-exec-3] INFO  [org.zalando.logbook.Logbook:79] [7ebc1d13e2e82e8c,a178901dcd1de1fb] - Incoming Request: 9c1304ea96490940
GET http://DESKTOP-K5RUUL2:8083/notification/countUnread?userId=1&status=0 HTTP/1.1
x-b3-parentspanid: 7ebc1d13e2e82e8c
x-b3-traceid: 7ebc1d13e2e82e8c
x-b3-spanid: a178901dcd1de1fb
x-b3-sampled: 0
host: DESKTOP-K5RUUL2:8083
connection: Keep-Alive
accept-encoding: gzip,deflate
user-agent: agent
accept: application/json, application/*+json
2020-05-11 04:02:18.624 [http-nio-8083-exec-3] INFO  [org.zalando.logbook.Logbook:84] [7ebc1d13e2e82e8c,a178901dcd1de1fb] - Outgoing Response: 9c1304ea96490940
Duration: 5 ms
HTTP/1.1 200 OK
Transfer-Encoding: chunked
Keep-Alive: timeout=60
Connection: keep-alive
Date: Sun, 10 May 2020 20:02:18 GMT
Content-Type: application/json

{"code":0,"msg":"OK","result":7}
2020-05-11 04:02:18.720 [http-nio-8083-exec-4] INFO  [org.zalando.logbook.Logbook:79] [a079dcf20c720d14,70c077df3c08e31d] - Incoming Request: ea065078aa068a07
GET http://DESKTOP-K5RUUL2:8083/user/get?token=eyJhbGciOiJIUzI1NiJ9.eyJpc3MiOiJjb21tdW5pdHlfdXNlciIsIm5hbWUiOiIxMjMiLCJleHAiOjE1ODkyMjQ4OTEsInB3ZCI6IjEyMyIsInRzIjoiMTU4OTEzODQ5MSJ9.sZNF-LgBf2I_3UgosUqRy5mjiL5y4daBg_c3bvpnG3s HTTP/1.1
x-b3-parentspanid: a079dcf20c720d14
x-b3-traceid: a079dcf20c720d14
x-b3-spanid: 70c077df3c08e31d
x-b3-sampled: 0
host: DESKTOP-K5RUUL2:8083
connection: Keep-Alive
accept-encoding: gzip,deflate
user-agent: agent
accept: application/json, application/*+json
2020-05-11 04:02:18.724 [http-nio-8083-exec-4] INFO  [org.zalando.logbook.Logbook:84] [a079dcf20c720d14,70c077df3c08e31d] - Outgoing Response: ea065078aa068a07
Duration: 4 ms
HTTP/1.1 200 OK
Transfer-Encoding: chunked
Keep-Alive: timeout=60
Connection: keep-alive
Date: Sun, 10 May 2020 20:02:18 GMT
Content-Type: application/json

{"code":0,"msg":"OK","result":{"id":1,"name":"123","age":1,"pwd":"123","token":"eyJhbGciOiJIUzI1NiJ9.eyJpc3MiOiJjb21tdW5pdHlfdXNlciIsIm5hbWUiOiIxMjMiLCJleHAiOjE1ODkyMjQ4OTEsInB3ZCI6IjEyMyIsInRzIjoiMTU4OTEzODQ5MSJ9.sZNF-LgBf2I_3UgosUqRy5mjiL5y4daBg_c3bvpnG3s","avatarUrl":"1","accountId":"陈晓跃"}}
2020-05-11 04:02:18.726 [http-nio-8083-exec-5] INFO  [org.zalando.logbook.Logbook:79] [a079dcf20c720d14,4c10330a08bf6aa2] - Incoming Request: cbd13e2f6a052e49
GET http://DESKTOP-K5RUUL2:8083/notification/countUnread?userId=1&status=0 HTTP/1.1
x-b3-parentspanid: a079dcf20c720d14
x-b3-traceid: a079dcf20c720d14
x-b3-spanid: 4c10330a08bf6aa2
x-b3-sampled: 0
host: DESKTOP-K5RUUL2:8083
connection: Keep-Alive
accept-encoding: gzip,deflate
user-agent: agent
accept: application/json, application/*+json
2020-05-11 04:02:18.728 [http-nio-8083-exec-5] INFO  [org.zalando.logbook.Logbook:84] [a079dcf20c720d14,4c10330a08bf6aa2] - Outgoing Response: cbd13e2f6a052e49
Duration: 2 ms
HTTP/1.1 200 OK
Transfer-Encoding: chunked
Keep-Alive: timeout=60
Connection: keep-alive
Date: Sun, 10 May 2020 20:02:18 GMT
Content-Type: application/json

{"code":0,"msg":"OK","result":7}
2020-05-11 04:02:25.155 [http-nio-8083-exec-10] INFO  [org.zalando.logbook.Logbook:79] [976b1cb6ecb67333,2dd6fb5fa828cfea] - Incoming Request: e59612b81a627170
GET http://DESKTOP-K5RUUL2:8083/user/get?token=eyJhbGciOiJIUzI1NiJ9.eyJpc3MiOiJjb21tdW5pdHlfdXNlciIsIm5hbWUiOiIxMjMiLCJleHAiOjE1ODkyMjQ4OTEsInB3ZCI6IjEyMyIsInRzIjoiMTU4OTEzODQ5MSJ9.sZNF-LgBf2I_3UgosUqRy5mjiL5y4daBg_c3bvpnG3s HTTP/1.1
x-b3-parentspanid: 976b1cb6ecb67333
x-b3-traceid: 976b1cb6ecb67333
x-b3-spanid: 2dd6fb5fa828cfea
x-b3-sampled: 1
host: DESKTOP-K5RUUL2:8083
connection: Keep-Alive
accept-encoding: gzip,deflate
user-agent: agent
accept: application/json, application/*+json
2020-05-11 04:02:25.160 [http-nio-8083-exec-10] INFO  [org.zalando.logbook.Logbook:84] [976b1cb6ecb67333,2dd6fb5fa828cfea] - Outgoing Response: e59612b81a627170
Duration: 5 ms
HTTP/1.1 200 OK
Transfer-Encoding: chunked
Keep-Alive: timeout=60
Connection: keep-alive
Date: Sun, 10 May 2020 20:02:25 GMT
Content-Type: application/json

{"code":0,"msg":"OK","result":{"id":1,"name":"123","age":1,"pwd":"123","token":"eyJhbGciOiJIUzI1NiJ9.eyJpc3MiOiJjb21tdW5pdHlfdXNlciIsIm5hbWUiOiIxMjMiLCJleHAiOjE1ODkyMjQ4OTEsInB3ZCI6IjEyMyIsInRzIjoiMTU4OTEzODQ5MSJ9.sZNF-LgBf2I_3UgosUqRy5mjiL5y4daBg_c3bvpnG3s","avatarUrl":"1","accountId":"陈晓跃"}}
2020-05-11 04:02:25.163 [http-nio-8083-exec-6] INFO  [org.zalando.logbook.Logbook:79] [976b1cb6ecb67333,38f80a8795e807d8] - Incoming Request: 9cf97bbc6165df1b
GET http://DESKTOP-K5RUUL2:8083/notification/countUnread?userId=1&status=0 HTTP/1.1
x-b3-parentspanid: 976b1cb6ecb67333
x-b3-traceid: 976b1cb6ecb67333
x-b3-spanid: 38f80a8795e807d8
x-b3-sampled: 1
host: DESKTOP-K5RUUL2:8083
connection: Keep-Alive
accept-encoding: gzip,deflate
user-agent: agent
accept: application/json, application/*+json
2020-05-11 04:02:25.167 [http-nio-8083-exec-6] INFO  [org.zalando.logbook.Logbook:84] [976b1cb6ecb67333,38f80a8795e807d8] - Outgoing Response: 9cf97bbc6165df1b
Duration: 5 ms
HTTP/1.1 200 OK
Transfer-Encoding: chunked
Keep-Alive: timeout=60
Connection: keep-alive
Date: Sun, 10 May 2020 20:02:25 GMT
Content-Type: application/json

{"code":0,"msg":"OK","result":7}
2020-05-11 04:02:25.254 [http-nio-8083-exec-2] INFO  [org.zalando.logbook.Logbook:79] [07497b1ea2ac1f5e,1ebd830c451562c4] - Incoming Request: fbfb5a12dabad3bd
GET http://DESKTOP-K5RUUL2:8083/user/get?token=eyJhbGciOiJIUzI1NiJ9.eyJpc3MiOiJjb21tdW5pdHlfdXNlciIsIm5hbWUiOiIxMjMiLCJleHAiOjE1ODkyMjQ4OTEsInB3ZCI6IjEyMyIsInRzIjoiMTU4OTEzODQ5MSJ9.sZNF-LgBf2I_3UgosUqRy5mjiL5y4daBg_c3bvpnG3s HTTP/1.1
x-b3-parentspanid: 07497b1ea2ac1f5e
x-b3-traceid: 07497b1ea2ac1f5e
x-b3-spanid: 1ebd830c451562c4
x-b3-sampled: 0
host: DESKTOP-K5RUUL2:8083
connection: Keep-Alive
accept-encoding: gzip,deflate
user-agent: agent
accept: application/json, application/*+json
2020-05-11 04:02:25.259 [http-nio-8083-exec-2] INFO  [org.zalando.logbook.Logbook:84] [07497b1ea2ac1f5e,1ebd830c451562c4] - Outgoing Response: fbfb5a12dabad3bd
Duration: 6 ms
HTTP/1.1 200 OK
Transfer-Encoding: chunked
Keep-Alive: timeout=60
Connection: keep-alive
Date: Sun, 10 May 2020 20:02:25 GMT
Content-Type: application/json

{"code":0,"msg":"OK","result":{"id":1,"name":"123","age":1,"pwd":"123","token":"eyJhbGciOiJIUzI1NiJ9.eyJpc3MiOiJjb21tdW5pdHlfdXNlciIsIm5hbWUiOiIxMjMiLCJleHAiOjE1ODkyMjQ4OTEsInB3ZCI6IjEyMyIsInRzIjoiMTU4OTEzODQ5MSJ9.sZNF-LgBf2I_3UgosUqRy5mjiL5y4daBg_c3bvpnG3s","avatarUrl":"1","accountId":"陈晓跃"}}
2020-05-11 04:02:25.262 [http-nio-8083-exec-1] INFO  [org.zalando.logbook.Logbook:79] [07497b1ea2ac1f5e,ffe8ecc929d285cf] - Incoming Request: a70a9d0505aefb78
GET http://DESKTOP-K5RUUL2:8083/notification/countUnread?userId=1&status=0 HTTP/1.1
x-b3-parentspanid: 07497b1ea2ac1f5e
x-b3-traceid: 07497b1ea2ac1f5e
x-b3-spanid: ffe8ecc929d285cf
x-b3-sampled: 0
host: DESKTOP-K5RUUL2:8083
connection: Keep-Alive
accept-encoding: gzip,deflate
user-agent: agent
accept: application/json, application/*+json
2020-05-11 04:02:25.268 [http-nio-8083-exec-1] INFO  [org.zalando.logbook.Logbook:84] [07497b1ea2ac1f5e,ffe8ecc929d285cf] - Outgoing Response: a70a9d0505aefb78
Duration: 7 ms
HTTP/1.1 200 OK
Transfer-Encoding: chunked
Keep-Alive: timeout=60
Connection: keep-alive
Date: Sun, 10 May 2020 20:02:25 GMT
Content-Type: application/json

{"code":0,"msg":"OK","result":7}
2020-05-11 04:02:28.620 [http-nio-8083-exec-8] INFO  [org.zalando.logbook.Logbook:79] [c68c722b94ea6381,579871ea0bbaced5] - Incoming Request: f24f4ceb898bc8f7
GET http://DESKTOP-K5RUUL2:8083/user/get?token=eyJhbGciOiJIUzI1NiJ9.eyJpc3MiOiJjb21tdW5pdHlfdXNlciIsIm5hbWUiOiIxMjMiLCJleHAiOjE1ODkyMjQ4OTEsInB3ZCI6IjEyMyIsInRzIjoiMTU4OTEzODQ5MSJ9.sZNF-LgBf2I_3UgosUqRy5mjiL5y4daBg_c3bvpnG3s HTTP/1.1
x-b3-parentspanid: c68c722b94ea6381
x-b3-traceid: c68c722b94ea6381
x-b3-spanid: 579871ea0bbaced5
x-b3-sampled: 1
host: DESKTOP-K5RUUL2:8083
connection: Keep-Alive
accept-encoding: gzip,deflate
user-agent: agent
accept: application/json, application/*+json
2020-05-11 04:02:28.624 [http-nio-8083-exec-8] INFO  [org.zalando.logbook.Logbook:84] [c68c722b94ea6381,579871ea0bbaced5] - Outgoing Response: f24f4ceb898bc8f7
Duration: 5 ms
HTTP/1.1 200 OK
Transfer-Encoding: chunked
Keep-Alive: timeout=60
Connection: keep-alive
Date: Sun, 10 May 2020 20:02:28 GMT
Content-Type: application/json

{"code":0,"msg":"OK","result":{"id":1,"name":"123","age":1,"pwd":"123","token":"eyJhbGciOiJIUzI1NiJ9.eyJpc3MiOiJjb21tdW5pdHlfdXNlciIsIm5hbWUiOiIxMjMiLCJleHAiOjE1ODkyMjQ4OTEsInB3ZCI6IjEyMyIsInRzIjoiMTU4OTEzODQ5MSJ9.sZNF-LgBf2I_3UgosUqRy5mjiL5y4daBg_c3bvpnG3s","avatarUrl":"1","accountId":"陈晓跃"}}
2020-05-11 04:02:28.626 [http-nio-8083-exec-7] INFO  [org.zalando.logbook.Logbook:79] [c68c722b94ea6381,e0e7be691fbb3a88] - Incoming Request: 9769d6d7b5ef4034
GET http://DESKTOP-K5RUUL2:8083/notification/countUnread?userId=1&status=0 HTTP/1.1
x-b3-parentspanid: c68c722b94ea6381
x-b3-traceid: c68c722b94ea6381
x-b3-spanid: e0e7be691fbb3a88
x-b3-sampled: 1
host: DESKTOP-K5RUUL2:8083
connection: Keep-Alive
accept-encoding: gzip,deflate
user-agent: agent
accept: application/json, application/*+json
2020-05-11 04:02:28.629 [http-nio-8083-exec-7] INFO  [org.zalando.logbook.Logbook:84] [c68c722b94ea6381,e0e7be691fbb3a88] - Outgoing Response: 9769d6d7b5ef4034
Duration: 2 ms
HTTP/1.1 200 OK
Transfer-Encoding: chunked
Keep-Alive: timeout=60
Connection: keep-alive
Date: Sun, 10 May 2020 20:02:28 GMT
Content-Type: application/json

{"code":0,"msg":"OK","result":7}
2020-05-11 04:02:28.708 [http-nio-8083-exec-9] INFO  [org.zalando.logbook.Logbook:79] [6be3aa064cb8a5a7,d3ad18173597f0a6] - Incoming Request: e54c7ffd1fc108d0
GET http://DESKTOP-K5RUUL2:8083/user/get?token=eyJhbGciOiJIUzI1NiJ9.eyJpc3MiOiJjb21tdW5pdHlfdXNlciIsIm5hbWUiOiIxMjMiLCJleHAiOjE1ODkyMjQ4OTEsInB3ZCI6IjEyMyIsInRzIjoiMTU4OTEzODQ5MSJ9.sZNF-LgBf2I_3UgosUqRy5mjiL5y4daBg_c3bvpnG3s HTTP/1.1
x-b3-parentspanid: 6be3aa064cb8a5a7
x-b3-traceid: 6be3aa064cb8a5a7
x-b3-spanid: d3ad18173597f0a6
x-b3-sampled: 0
host: DESKTOP-K5RUUL2:8083
connection: Keep-Alive
accept-encoding: gzip,deflate
user-agent: agent
accept: application/json, application/*+json
2020-05-11 04:02:28.715 [http-nio-8083-exec-9] INFO  [org.zalando.logbook.Logbook:84] [6be3aa064cb8a5a7,d3ad18173597f0a6] - Outgoing Response: e54c7ffd1fc108d0
Duration: 7 ms
HTTP/1.1 200 OK
Transfer-Encoding: chunked
Keep-Alive: timeout=60
Connection: keep-alive
Date: Sun, 10 May 2020 20:02:28 GMT
Content-Type: application/json

{"code":0,"msg":"OK","result":{"id":1,"name":"123","age":1,"pwd":"123","token":"eyJhbGciOiJIUzI1NiJ9.eyJpc3MiOiJjb21tdW5pdHlfdXNlciIsIm5hbWUiOiIxMjMiLCJleHAiOjE1ODkyMjQ4OTEsInB3ZCI6IjEyMyIsInRzIjoiMTU4OTEzODQ5MSJ9.sZNF-LgBf2I_3UgosUqRy5mjiL5y4daBg_c3bvpnG3s","avatarUrl":"1","accountId":"陈晓跃"}}
2020-05-11 04:02:28.720 [http-nio-8083-exec-3] INFO  [org.zalando.logbook.Logbook:79] [6be3aa064cb8a5a7,a978300db84cb72a] - Incoming Request: cda2e39a1e795ee3
GET http://DESKTOP-K5RUUL2:8083/notification/countUnread?userId=1&status=0 HTTP/1.1
x-b3-parentspanid: 6be3aa064cb8a5a7
x-b3-traceid: 6be3aa064cb8a5a7
x-b3-spanid: a978300db84cb72a
x-b3-sampled: 0
host: DESKTOP-K5RUUL2:8083
connection: Keep-Alive
accept-encoding: gzip,deflate
user-agent: agent
accept: application/json, application/*+json
2020-05-11 04:02:28.724 [http-nio-8083-exec-3] INFO  [org.zalando.logbook.Logbook:84] [6be3aa064cb8a5a7,a978300db84cb72a] - Outgoing Response: cda2e39a1e795ee3
Duration: 3 ms
HTTP/1.1 200 OK
Transfer-Encoding: chunked
Keep-Alive: timeout=60
Connection: keep-alive
Date: Sun, 10 May 2020 20:02:28 GMT
Content-Type: application/json

{"code":0,"msg":"OK","result":7}
2020-05-11 04:06:19.251 [AsyncResolver-bootstrap-executor-0] INFO  [com.netflix.discovery.shared.resolver.aws.ConfigClusterResolver:43] [,] - Resolving eureka endpoints via configuration
2020-05-11 04:11:19.253 [AsyncResolver-bootstrap-executor-0] INFO  [com.netflix.discovery.shared.resolver.aws.ConfigClusterResolver:43] [,] - Resolving eureka endpoints via configuration
2020-05-11 04:16:19.255 [AsyncResolver-bootstrap-executor-0] INFO  [com.netflix.discovery.shared.resolver.aws.ConfigClusterResolver:43] [,] - Resolving eureka endpoints via configuration
2020-05-11 04:21:19.256 [AsyncResolver-bootstrap-executor-0] INFO  [com.netflix.discovery.shared.resolver.aws.ConfigClusterResolver:43] [,] - Resolving eureka endpoints via configuration
2020-05-11 04:26:19.258 [AsyncResolver-bootstrap-executor-0] INFO  [com.netflix.discovery.shared.resolver.aws.ConfigClusterResolver:43] [,] - Resolving eureka endpoints via configuration
2020-05-11 04:31:19.261 [AsyncResolver-bootstrap-executor-0] INFO  [com.netflix.discovery.shared.resolver.aws.ConfigClusterResolver:43] [,] - Resolving eureka endpoints via configuration
2020-05-11 04:36:19.263 [AsyncResolver-bootstrap-executor-0] INFO  [com.netflix.discovery.shared.resolver.aws.ConfigClusterResolver:43] [,] - Resolving eureka endpoints via configuration
2020-05-11 04:41:19.265 [AsyncResolver-bootstrap-executor-0] INFO  [com.netflix.discovery.shared.resolver.aws.ConfigClusterResolver:43] [,] - Resolving eureka endpoints via configuration
2020-05-11 04:46:19.267 [AsyncResolver-bootstrap-executor-0] INFO  [com.netflix.discovery.shared.resolver.aws.ConfigClusterResolver:43] [,] - Resolving eureka endpoints via configuration
2020-05-11 04:51:19.268 [AsyncResolver-bootstrap-executor-0] INFO  [com.netflix.discovery.shared.resolver.aws.ConfigClusterResolver:43] [,] - Resolving eureka endpoints via configuration
2020-05-11 04:56:19.269 [AsyncResolver-bootstrap-executor-0] INFO  [com.netflix.discovery.shared.resolver.aws.ConfigClusterResolver:43] [,] - Resolving eureka endpoints via configuration
