2020-05-11 18:00:09.770 [http-nio-8083-exec-1] INFO  [org.zalando.logbook.Logbook:79] [eddc408b39aa558f,09843a3383d18adf] - Incoming Request: c65ae8041abe2aba
GET http://DESKTOP-K5RUUL2:8083/user/get?token=eyJhbGciOiJIUzI1NiJ9.eyJpc3MiOiJjb21tdW5pdHlfdXNlciIsIm5hbWUiOiIxMjMiLCJleHAiOjE1ODkyNjg0MDYsInB3ZCI6IjEyMyIsInRzIjoiMTU4OTE4MjAwNiJ9.yY6DbMzp031zgjZsVcio4dDkY8xubnLvIOuIjsEPD3s HTTP/1.1
x-b3-parentspanid: eddc408b39aa558f
x-b3-traceid: eddc408b39aa558f
x-b3-spanid: 09843a3383d18adf
x-b3-sampled: 1
host: DESKTOP-K5RUUL2:8083
connection: Keep-Alive
accept-encoding: gzip,deflate
user-agent: agent
accept: application/json, application/*+json
2020-05-11 18:00:09.778 [http-nio-8083-exec-1] INFO  [org.zalando.logbook.Logbook:84] [eddc408b39aa558f,09843a3383d18adf] - Outgoing Response: c65ae8041abe2aba
Duration: 8 ms
HTTP/1.1 200 OK
Transfer-Encoding: chunked
Keep-Alive: timeout=60
Connection: keep-alive
Date: Mon, 11 May 2020 10:00:09 GMT
Content-Type: application/json

{"code":0,"msg":"OK","result":{"id":1,"name":"123","age":1,"pwd":"123","token":"eyJhbGciOiJIUzI1NiJ9.eyJpc3MiOiJjb21tdW5pdHlfdXNlciIsIm5hbWUiOiIxMjMiLCJleHAiOjE1ODkyNjg0MDYsInB3ZCI6IjEyMyIsInRzIjoiMTU4OTE4MjAwNiJ9.yY6DbMzp031zgjZsVcio4dDkY8xubnLvIOuIjsEPD3s","avatarUrl":"1","accountId":"陈晓跃"}}
2020-05-11 18:00:09.780 [http-nio-8083-exec-10] INFO  [org.zalando.logbook.Logbook:79] [eddc408b39aa558f,c57b2a82c8488e87] - Incoming Request: dc6b8c882036dd4f
GET http://DESKTOP-K5RUUL2:8083/notification/countUnread?userId=1&status=0 HTTP/1.1
x-b3-parentspanid: eddc408b39aa558f
x-b3-traceid: eddc408b39aa558f
x-b3-spanid: c57b2a82c8488e87
x-b3-sampled: 1
host: DESKTOP-K5RUUL2:8083
connection: Keep-Alive
accept-encoding: gzip,deflate
user-agent: agent
accept: application/json, application/*+json
2020-05-11 18:00:09.783 [http-nio-8083-exec-10] INFO  [org.zalando.logbook.Logbook:84] [eddc408b39aa558f,c57b2a82c8488e87] - Outgoing Response: dc6b8c882036dd4f
Duration: 3 ms
HTTP/1.1 200 OK
Transfer-Encoding: chunked
Keep-Alive: timeout=60
Connection: keep-alive
Date: Mon, 11 May 2020 10:00:09 GMT
Content-Type: application/json

{"code":0,"msg":"OK","result":7}
2020-05-11 18:03:52.161 [AsyncResolver-bootstrap-executor-0] INFO  [com.netflix.discovery.shared.resolver.aws.ConfigClusterResolver:43] [,] - Resolving eureka endpoints via configuration
2020-05-11 18:08:52.164 [AsyncResolver-bootstrap-executor-0] INFO  [com.netflix.discovery.shared.resolver.aws.ConfigClusterResolver:43] [,] - Resolving eureka endpoints via configuration
2020-05-11 18:13:52.165 [AsyncResolver-bootstrap-executor-0] INFO  [com.netflix.discovery.shared.resolver.aws.ConfigClusterResolver:43] [,] - Resolving eureka endpoints via configuration
2020-05-11 18:13:58.375 [http-nio-8083-exec-4] INFO  [org.zalando.logbook.Logbook:79] [9194ecc20b7192b6,4b4903cade39b76b] - Incoming Request: afdc35ef997f73ef
GET http://DESKTOP-K5RUUL2:8083/question/list?offset=0&size=4 HTTP/1.1
x-b3-parentspanid: af6717bd03a97dff
x-b3-traceid: 9194ecc20b7192b6
x-b3-spanid: 4b4903cade39b76b
x-b3-sampled: 1
host: DESKTOP-K5RUUL2:8083
connection: Keep-Alive
accept-encoding: gzip,deflate
user-agent: agent
accept: application/json, application/*+json
2020-05-11 18:13:58.381 [http-nio-8083-exec-4] INFO  [org.zalando.logbook.Logbook:84] [9194ecc20b7192b6,4b4903cade39b76b] - Outgoing Response: afdc35ef997f73ef
Duration: 5 ms
HTTP/1.1 200 OK
Transfer-Encoding: chunked
Keep-Alive: timeout=60
Connection: keep-alive
Date: Mon, 11 May 2020 10:13:58 GMT
Content-Type: application/json

{"code":0,"msg":"OK","result":[{"id":25,"title":"发布文章测试","description":"发布文章测试","tag":"js,php","gmtCreate":1587794699373,"gmtModified":1587794699373,"creator":1,"viewCount":0,"commentCount":0,"likeCount":null},{"id":24,"title":"什么是微服务，微服务的好处","description":"\t在微服务架构中，业务被拆分成多个高内聚低耦合的小型服务，每个小型服务都称作一个微服务，而每个微服务都可以运行在独立进程中，在整体架构中执行单独的任务，负责自己的功能。服务与服务之间可以相互调用，采用轻量级通信机制，独立自动部署，在每个微服务里面可以用不同的语言以及不同的存储技术。\r\n\t因此，微服务的优点显而易见，这也是让微服务架构成为热门架构的原因：\r\n\t第一点：易于开发和维护，每个微服务可由一个人或者一个小组进行开发和维护，微服务相对来说工程量较小，易于理解；\r\n\t第二点：独立部署，一个微服务的修改不需要协调其他的服务，节省了开发人员之间的沟通成本；\r\n\t第三点：伸缩性强，每个微服务都可以进行单独的横向和纵向上扩展，并且我们可以根据每个服务对硬件需求的不同进行定制化地升级和扩容，随着业务规模的扩大，我们可以进行进一步的拆分，进一步进行系统级的扩展。\r\n\t第四点：与组织结构相匹配，当出现异常日志的时候，我们可以通过划分不同的服务，交给不同的团队进行维护，减少维护、沟通成本；\t第五点：技术异构性，每个服务可以根据自身需求选择最适合该服务的技术进行开发。","tag":"java","gmtCreate":1587791267506,"gmtModified":1587791267506,"creator":1,"viewCount":17,"commentCount":3,"likeCount":null},{"id":23,"title":"最新文章","description":"123","tag":"python,java","gmtCreate":1587748463351,"gmtModified":1587748463351,"creator":1,"viewCount":1,"commentCount":0,"likeCount":null},{"id":22,"title":"编程之美","description":"132","tag":"java","gmtCreate":1587748280171,"gmtModified":1587748280171,"creator":1,"viewCount":0,"commentCount":0,"likeCount":null}]}
2020-05-11 18:13:58.425 [http-nio-8083-exec-5] INFO  [org.zalando.logbook.Logbook:79] [9194ecc20b7192b6,51ea44d1b6c8ce72] - Incoming Request: e406da8f15c7ccf6
GET http://DESKTOP-K5RUUL2:8083/question/list?offset=4&size=4 HTTP/1.1
x-b3-parentspanid: b13e5248ddad6133
x-b3-traceid: 9194ecc20b7192b6
x-b3-spanid: 51ea44d1b6c8ce72
x-b3-sampled: 1
host: DESKTOP-K5RUUL2:8083
connection: Keep-Alive
accept-encoding: gzip,deflate
user-agent: agent
accept: application/json, application/*+json
2020-05-11 18:13:58.429 [http-nio-8083-exec-5] INFO  [org.zalando.logbook.Logbook:84] [9194ecc20b7192b6,51ea44d1b6c8ce72] - Outgoing Response: e406da8f15c7ccf6
Duration: 4 ms
HTTP/1.1 200 OK
Transfer-Encoding: chunked
Keep-Alive: timeout=60
Connection: keep-alive
Date: Mon, 11 May 2020 10:13:58 GMT
Content-Type: application/json

{"code":0,"msg":"OK","result":[{"id":21,"title":"从0开始学JAVA","description":"123","tag":"java","gmtCreate":1587748265666,"gmtModified":1587748265666,"creator":1,"viewCount":0,"commentCount":0,"likeCount":null},{"id":20,"title":"微服务架构如何考虑？","description":"123","tag":"java","gmtCreate":1587748221949,"gmtModified":1587748221949,"creator":1,"viewCount":0,"commentCount":0,"likeCount":null},{"id":19,"title":"如何快速学习java","description":"123","tag":"java,php","gmtCreate":1587748189578,"gmtModified":1587748189578,"creator":1,"viewCount":0,"commentCount":0,"likeCount":null},{"id":16,"title":"热门标签","description":"123是科技部对UI安管部卡斯比接口的把会计师不安居客吧开发背带裤","tag":"php,js,java","gmtCreate":1587463038397,"gmtModified":1587463038397,"creator":1,"viewCount":0,"commentCount":0,"likeCount":null}]}
2020-05-11 18:13:58.436 [http-nio-8083-exec-6] INFO  [org.zalando.logbook.Logbook:79] [9194ecc20b7192b6,677371ece749c107] - Incoming Request: 837c5ce679c35550
GET http://DESKTOP-K5RUUL2:8083/question/list?offset=8&size=4 HTTP/1.1
x-b3-parentspanid: 62e08418a92e02b9
x-b3-traceid: 9194ecc20b7192b6
x-b3-spanid: 677371ece749c107
x-b3-sampled: 1
host: DESKTOP-K5RUUL2:8083
connection: Keep-Alive
accept-encoding: gzip,deflate
user-agent: agent
accept: application/json, application/*+json
2020-05-11 18:13:58.439 [http-nio-8083-exec-6] INFO  [org.zalando.logbook.Logbook:84] [9194ecc20b7192b6,677371ece749c107] - Outgoing Response: 837c5ce679c35550
Duration: 3 ms
HTTP/1.1 200 OK
Transfer-Encoding: chunked
Keep-Alive: timeout=60
Connection: keep-alive
Date: Mon, 11 May 2020 10:13:58 GMT
Content-Type: application/json

{"code":0,"msg":"OK","result":[]}
2020-05-11 18:14:05.170 [http-nio-8083-exec-7] INFO  [org.zalando.logbook.Logbook:79] [d2dfb343344abacf,472c667cbbeec283] - Incoming Request: c319bf5f92f75a69
GET http://DESKTOP-K5RUUL2:8083/user/get?token=eyJhbGciOiJIUzI1NiJ9.eyJpc3MiOiJjb21tdW5pdHlfdXNlciIsIm5hbWUiOiIxMjMiLCJleHAiOjE1ODkyNjg0MDYsInB3ZCI6IjEyMyIsInRzIjoiMTU4OTE4MjAwNiJ9.yY6DbMzp031zgjZsVcio4dDkY8xubnLvIOuIjsEPD3s HTTP/1.1
x-b3-parentspanid: d2dfb343344abacf
x-b3-traceid: d2dfb343344abacf
x-b3-spanid: 472c667cbbeec283
x-b3-sampled: 1
host: DESKTOP-K5RUUL2:8083
connection: Keep-Alive
accept-encoding: gzip,deflate
user-agent: agent
accept: application/json, application/*+json
2020-05-11 18:14:05.182 [http-nio-8083-exec-7] INFO  [org.zalando.logbook.Logbook:84] [d2dfb343344abacf,472c667cbbeec283] - Outgoing Response: c319bf5f92f75a69
Duration: 12 ms
HTTP/1.1 200 OK
Transfer-Encoding: chunked
Keep-Alive: timeout=60
Connection: keep-alive
Date: Mon, 11 May 2020 10:14:05 GMT
Content-Type: application/json

{"code":0,"msg":"OK","result":{"id":1,"name":"123","age":1,"pwd":"123","token":"eyJhbGciOiJIUzI1NiJ9.eyJpc3MiOiJjb21tdW5pdHlfdXNlciIsIm5hbWUiOiIxMjMiLCJleHAiOjE1ODkyNjg0MDYsInB3ZCI6IjEyMyIsInRzIjoiMTU4OTE4MjAwNiJ9.yY6DbMzp031zgjZsVcio4dDkY8xubnLvIOuIjsEPD3s","avatarUrl":"1","accountId":"陈晓跃"}}
2020-05-11 18:14:05.200 [http-nio-8083-exec-9] INFO  [org.zalando.logbook.Logbook:79] [d2dfb343344abacf,4824afa8f4747b4f] - Incoming Request: c9667fc4741938ef
GET http://DESKTOP-K5RUUL2:8083/notification/countUnread?userId=1&status=0 HTTP/1.1
x-b3-parentspanid: d2dfb343344abacf
x-b3-traceid: d2dfb343344abacf
x-b3-spanid: 4824afa8f4747b4f
x-b3-sampled: 1
host: DESKTOP-K5RUUL2:8083
connection: Keep-Alive
accept-encoding: gzip,deflate
user-agent: agent
accept: application/json, application/*+json
2020-05-11 18:14:05.204 [http-nio-8083-exec-9] INFO  [org.zalando.logbook.Logbook:84] [d2dfb343344abacf,4824afa8f4747b4f] - Outgoing Response: c9667fc4741938ef
Duration: 3 ms
HTTP/1.1 200 OK
Transfer-Encoding: chunked
Keep-Alive: timeout=60
Connection: keep-alive
Date: Mon, 11 May 2020 10:14:05 GMT
Content-Type: application/json

{"code":0,"msg":"OK","result":7}
2020-05-11 18:14:29.106 [http-nio-8083-exec-8] INFO  [org.zalando.logbook.Logbook:79] [da1d92c844138be7,c9b724925245c134] - Incoming Request: e3e4420d3b319b92
GET http://DESKTOP-K5RUUL2:8083/user/get?token=eyJhbGciOiJIUzI1NiJ9.eyJpc3MiOiJjb21tdW5pdHlfdXNlciIsIm5hbWUiOiIxMjMiLCJleHAiOjE1ODkyNjg0MDYsInB3ZCI6IjEyMyIsInRzIjoiMTU4OTE4MjAwNiJ9.yY6DbMzp031zgjZsVcio4dDkY8xubnLvIOuIjsEPD3s HTTP/1.1
x-b3-parentspanid: da1d92c844138be7
x-b3-traceid: da1d92c844138be7
x-b3-spanid: c9b724925245c134
x-b3-sampled: 1
host: DESKTOP-K5RUUL2:8083
connection: Keep-Alive
accept-encoding: gzip,deflate
user-agent: agent
accept: application/json, application/*+json
2020-05-11 18:14:29.119 [http-nio-8083-exec-2] INFO  [org.zalando.logbook.Logbook:79] [12cca2f958f0ad86,0d3c0a2d10a6f13b] - Incoming Request: eb040fd20b5ef358
GET http://DESKTOP-K5RUUL2:8083/user/get?token=eyJhbGciOiJIUzI1NiJ9.eyJpc3MiOiJjb21tdW5pdHlfdXNlciIsIm5hbWUiOiIxMjMiLCJleHAiOjE1ODkyNjg0MDYsInB3ZCI6IjEyMyIsInRzIjoiMTU4OTE4MjAwNiJ9.yY6DbMzp031zgjZsVcio4dDkY8xubnLvIOuIjsEPD3s HTTP/1.1
x-b3-parentspanid: 12cca2f958f0ad86
x-b3-traceid: 12cca2f958f0ad86
x-b3-spanid: 0d3c0a2d10a6f13b
x-b3-sampled: 0
host: DESKTOP-K5RUUL2:8083
connection: Keep-Alive
accept-encoding: gzip,deflate
user-agent: agent
accept: application/json, application/*+json
2020-05-11 18:14:29.122 [http-nio-8083-exec-8] INFO  [org.zalando.logbook.Logbook:84] [da1d92c844138be7,c9b724925245c134] - Outgoing Response: e3e4420d3b319b92
Duration: 19 ms
HTTP/1.1 200 OK
Transfer-Encoding: chunked
Keep-Alive: timeout=60
Connection: keep-alive
Date: Mon, 11 May 2020 10:14:29 GMT
Content-Type: application/json

{"code":0,"msg":"OK","result":{"id":1,"name":"123","age":1,"pwd":"123","token":"eyJhbGciOiJIUzI1NiJ9.eyJpc3MiOiJjb21tdW5pdHlfdXNlciIsIm5hbWUiOiIxMjMiLCJleHAiOjE1ODkyNjg0MDYsInB3ZCI6IjEyMyIsInRzIjoiMTU4OTE4MjAwNiJ9.yY6DbMzp031zgjZsVcio4dDkY8xubnLvIOuIjsEPD3s","avatarUrl":"1","accountId":"陈晓跃"}}
2020-05-11 18:14:29.127 [http-nio-8083-exec-1] INFO  [org.zalando.logbook.Logbook:79] [da1d92c844138be7,f339c0e4927f261e] - Incoming Request: db7b645aba398474
GET http://DESKTOP-K5RUUL2:8083/notification/countUnread?userId=1&status=0 HTTP/1.1
x-b3-parentspanid: da1d92c844138be7
x-b3-traceid: da1d92c844138be7
x-b3-spanid: f339c0e4927f261e
x-b3-sampled: 1
host: DESKTOP-K5RUUL2:8083
connection: Keep-Alive
accept-encoding: gzip,deflate
user-agent: agent
accept: application/json, application/*+json
2020-05-11 18:14:29.132 [http-nio-8083-exec-1] INFO  [org.zalando.logbook.Logbook:84] [da1d92c844138be7,f339c0e4927f261e] - Outgoing Response: db7b645aba398474
Duration: 4 ms
HTTP/1.1 200 OK
Transfer-Encoding: chunked
Keep-Alive: timeout=60
Connection: keep-alive
Date: Mon, 11 May 2020 10:14:29 GMT
Content-Type: application/json

{"code":0,"msg":"OK","result":7}
2020-05-11 18:14:29.136 [http-nio-8083-exec-2] INFO  [org.zalando.logbook.Logbook:84] [12cca2f958f0ad86,0d3c0a2d10a6f13b] - Outgoing Response: eb040fd20b5ef358
Duration: 17 ms
HTTP/1.1 200 OK
Transfer-Encoding: chunked
Keep-Alive: timeout=60
Connection: keep-alive
Date: Mon, 11 May 2020 10:14:29 GMT
Content-Type: application/json

{"code":0,"msg":"OK","result":{"id":1,"name":"123","age":1,"pwd":"123","token":"eyJhbGciOiJIUzI1NiJ9.eyJpc3MiOiJjb21tdW5pdHlfdXNlciIsIm5hbWUiOiIxMjMiLCJleHAiOjE1ODkyNjg0MDYsInB3ZCI6IjEyMyIsInRzIjoiMTU4OTE4MjAwNiJ9.yY6DbMzp031zgjZsVcio4dDkY8xubnLvIOuIjsEPD3s","avatarUrl":"1","accountId":"陈晓跃"}}
2020-05-11 18:14:29.139 [http-nio-8083-exec-10] INFO  [org.zalando.logbook.Logbook:79] [12cca2f958f0ad86,780d3ff0cc3d4ad4] - Incoming Request: b7fae09658d5b9eb
GET http://DESKTOP-K5RUUL2:8083/notification/countUnread?userId=1&status=0 HTTP/1.1
x-b3-parentspanid: 12cca2f958f0ad86
x-b3-traceid: 12cca2f958f0ad86
x-b3-spanid: 780d3ff0cc3d4ad4
x-b3-sampled: 0
host: DESKTOP-K5RUUL2:8083
connection: Keep-Alive
accept-encoding: gzip,deflate
user-agent: agent
accept: application/json, application/*+json
2020-05-11 18:14:29.146 [http-nio-8083-exec-10] INFO  [org.zalando.logbook.Logbook:84] [12cca2f958f0ad86,780d3ff0cc3d4ad4] - Outgoing Response: b7fae09658d5b9eb
Duration: 6 ms
HTTP/1.1 200 OK
Transfer-Encoding: chunked
Keep-Alive: timeout=60
Connection: keep-alive
Date: Mon, 11 May 2020 10:14:29 GMT
Content-Type: application/json

{"code":0,"msg":"OK","result":7}
2020-05-11 18:18:52.166 [AsyncResolver-bootstrap-executor-0] INFO  [com.netflix.discovery.shared.resolver.aws.ConfigClusterResolver:43] [,] - Resolving eureka endpoints via configuration
2020-05-11 18:19:35.309 [http-nio-8083-exec-5] INFO  [org.zalando.logbook.Logbook:79] [4fcb0ba50427f68b,2f7eab46183fa6f0] - Incoming Request: da70ad45ae27463f
GET http://DESKTOP-K5RUUL2:8083/question/list?offset=0&size=4 HTTP/1.1
x-b3-parentspanid: 85d256deec81e7e2
x-b3-traceid: 4fcb0ba50427f68b
x-b3-spanid: 2f7eab46183fa6f0
x-b3-sampled: 1
host: DESKTOP-K5RUUL2:8083
connection: Keep-Alive
accept-encoding: gzip,deflate
user-agent: agent
accept: application/json, application/*+json
2020-05-11 18:19:35.314 [http-nio-8083-exec-5] INFO  [org.zalando.logbook.Logbook:84] [4fcb0ba50427f68b,2f7eab46183fa6f0] - Outgoing Response: da70ad45ae27463f
Duration: 6 ms
HTTP/1.1 200 OK
Transfer-Encoding: chunked
Keep-Alive: timeout=60
Connection: keep-alive
Date: Mon, 11 May 2020 10:19:35 GMT
Content-Type: application/json

{"code":0,"msg":"OK","result":[{"id":25,"title":"发布文章测试","description":"发布文章测试","tag":"js,php","gmtCreate":1587794699373,"gmtModified":1587794699373,"creator":1,"viewCount":0,"commentCount":0,"likeCount":null},{"id":24,"title":"什么是微服务，微服务的好处","description":"\t在微服务架构中，业务被拆分成多个高内聚低耦合的小型服务，每个小型服务都称作一个微服务，而每个微服务都可以运行在独立进程中，在整体架构中执行单独的任务，负责自己的功能。服务与服务之间可以相互调用，采用轻量级通信机制，独立自动部署，在每个微服务里面可以用不同的语言以及不同的存储技术。\r\n\t因此，微服务的优点显而易见，这也是让微服务架构成为热门架构的原因：\r\n\t第一点：易于开发和维护，每个微服务可由一个人或者一个小组进行开发和维护，微服务相对来说工程量较小，易于理解；\r\n\t第二点：独立部署，一个微服务的修改不需要协调其他的服务，节省了开发人员之间的沟通成本；\r\n\t第三点：伸缩性强，每个微服务都可以进行单独的横向和纵向上扩展，并且我们可以根据每个服务对硬件需求的不同进行定制化地升级和扩容，随着业务规模的扩大，我们可以进行进一步的拆分，进一步进行系统级的扩展。\r\n\t第四点：与组织结构相匹配，当出现异常日志的时候，我们可以通过划分不同的服务，交给不同的团队进行维护，减少维护、沟通成本；\t第五点：技术异构性，每个服务可以根据自身需求选择最适合该服务的技术进行开发。","tag":"java","gmtCreate":1587791267506,"gmtModified":1587791267506,"creator":1,"viewCount":17,"commentCount":3,"likeCount":null},{"id":23,"title":"最新文章","description":"123","tag":"python,java","gmtCreate":1587748463351,"gmtModified":1587748463351,"creator":1,"viewCount":1,"commentCount":0,"likeCount":null},{"id":22,"title":"编程之美","description":"132","tag":"java","gmtCreate":1587748280171,"gmtModified":1587748280171,"creator":1,"viewCount":0,"commentCount":0,"likeCount":null}]}
2020-05-11 18:19:35.358 [http-nio-8083-exec-6] INFO  [org.zalando.logbook.Logbook:79] [4fcb0ba50427f68b,e44035350e778725] - Incoming Request: c8554864bfa04282
GET http://DESKTOP-K5RUUL2:8083/question/list?offset=4&size=4 HTTP/1.1
x-b3-parentspanid: 9261c6a0385cfa84
x-b3-traceid: 4fcb0ba50427f68b
x-b3-spanid: e44035350e778725
x-b3-sampled: 1
host: DESKTOP-K5RUUL2:8083
connection: Keep-Alive
accept-encoding: gzip,deflate
user-agent: agent
accept: application/json, application/*+json
2020-05-11 18:19:35.362 [http-nio-8083-exec-6] INFO  [org.zalando.logbook.Logbook:84] [4fcb0ba50427f68b,e44035350e778725] - Outgoing Response: c8554864bfa04282
Duration: 3 ms
HTTP/1.1 200 OK
Transfer-Encoding: chunked
Keep-Alive: timeout=60
Connection: keep-alive
Date: Mon, 11 May 2020 10:19:35 GMT
Content-Type: application/json

{"code":0,"msg":"OK","result":[{"id":21,"title":"从0开始学JAVA","description":"123","tag":"java","gmtCreate":1587748265666,"gmtModified":1587748265666,"creator":1,"viewCount":0,"commentCount":0,"likeCount":null},{"id":20,"title":"微服务架构如何考虑？","description":"123","tag":"java","gmtCreate":1587748221949,"gmtModified":1587748221949,"creator":1,"viewCount":0,"commentCount":0,"likeCount":null},{"id":19,"title":"如何快速学习java","description":"123","tag":"java,php","gmtCreate":1587748189578,"gmtModified":1587748189578,"creator":1,"viewCount":0,"commentCount":0,"likeCount":null},{"id":16,"title":"热门标签","description":"123是科技部对UI安管部卡斯比接口的把会计师不安居客吧开发背带裤","tag":"php,js,java","gmtCreate":1587463038397,"gmtModified":1587463038397,"creator":1,"viewCount":0,"commentCount":0,"likeCount":null}]}
2020-05-11 18:19:35.368 [http-nio-8083-exec-7] INFO  [org.zalando.logbook.Logbook:79] [4fcb0ba50427f68b,1aa28088ca402770] - Incoming Request: c39cd5564ce71723
GET http://DESKTOP-K5RUUL2:8083/question/list?offset=8&size=4 HTTP/1.1
x-b3-parentspanid: ff03c33eaba05e29
x-b3-traceid: 4fcb0ba50427f68b
x-b3-spanid: 1aa28088ca402770
x-b3-sampled: 1
host: DESKTOP-K5RUUL2:8083
connection: Keep-Alive
accept-encoding: gzip,deflate
user-agent: agent
accept: application/json, application/*+json
2020-05-11 18:19:35.371 [http-nio-8083-exec-7] INFO  [org.zalando.logbook.Logbook:84] [4fcb0ba50427f68b,1aa28088ca402770] - Outgoing Response: c39cd5564ce71723
Duration: 3 ms
HTTP/1.1 200 OK
Transfer-Encoding: chunked
Keep-Alive: timeout=60
Connection: keep-alive
Date: Mon, 11 May 2020 10:19:35 GMT
Content-Type: application/json

{"code":0,"msg":"OK","result":[]}
2020-05-11 18:19:56.651 [http-nio-8083-exec-9] INFO  [org.zalando.logbook.Logbook:79] [431a0341fea03eea,c838c734a0238038] - Incoming Request: b97b3d9058d559ca
GET http://DESKTOP-K5RUUL2:8083/user/get?token=eyJhbGciOiJIUzI1NiJ9.eyJpc3MiOiJjb21tdW5pdHlfdXNlciIsIm5hbWUiOiIxMjMiLCJleHAiOjE1ODkyNjg0MDYsInB3ZCI6IjEyMyIsInRzIjoiMTU4OTE4MjAwNiJ9.yY6DbMzp031zgjZsVcio4dDkY8xubnLvIOuIjsEPD3s HTTP/1.1
x-b3-parentspanid: 431a0341fea03eea
x-b3-traceid: 431a0341fea03eea
x-b3-spanid: c838c734a0238038
x-b3-sampled: 1
host: DESKTOP-K5RUUL2:8083
connection: Keep-Alive
accept-encoding: gzip,deflate
user-agent: agent
accept: application/json, application/*+json
2020-05-11 18:19:56.661 [http-nio-8083-exec-9] INFO  [org.zalando.logbook.Logbook:84] [431a0341fea03eea,c838c734a0238038] - Outgoing Response: b97b3d9058d559ca
Duration: 10 ms
HTTP/1.1 200 OK
Transfer-Encoding: chunked
Keep-Alive: timeout=60
Connection: keep-alive
Date: Mon, 11 May 2020 10:19:56 GMT
Content-Type: application/json

{"code":0,"msg":"OK","result":{"id":1,"name":"123","age":1,"pwd":"123","token":"eyJhbGciOiJIUzI1NiJ9.eyJpc3MiOiJjb21tdW5pdHlfdXNlciIsIm5hbWUiOiIxMjMiLCJleHAiOjE1ODkyNjg0MDYsInB3ZCI6IjEyMyIsInRzIjoiMTU4OTE4MjAwNiJ9.yY6DbMzp031zgjZsVcio4dDkY8xubnLvIOuIjsEPD3s","avatarUrl":"1","accountId":"陈晓跃"}}
2020-05-11 18:19:56.679 [http-nio-8083-exec-8] INFO  [org.zalando.logbook.Logbook:79] [431a0341fea03eea,f981c261d187a0d7] - Incoming Request: cbdcceca9d538e0d
GET http://DESKTOP-K5RUUL2:8083/notification/countUnread?userId=1&status=0 HTTP/1.1
x-b3-parentspanid: 431a0341fea03eea
x-b3-traceid: 431a0341fea03eea
x-b3-spanid: f981c261d187a0d7
x-b3-sampled: 1
host: DESKTOP-K5RUUL2:8083
connection: Keep-Alive
accept-encoding: gzip,deflate
user-agent: agent
accept: application/json, application/*+json
2020-05-11 18:19:56.683 [http-nio-8083-exec-8] INFO  [org.zalando.logbook.Logbook:84] [431a0341fea03eea,f981c261d187a0d7] - Outgoing Response: cbdcceca9d538e0d
Duration: 4 ms
HTTP/1.1 200 OK
Transfer-Encoding: chunked
Keep-Alive: timeout=60
Connection: keep-alive
Date: Mon, 11 May 2020 10:19:56 GMT
Content-Type: application/json

{"code":0,"msg":"OK","result":7}
2020-05-11 18:20:00.327 [http-nio-8083-exec-1] INFO  [org.zalando.logbook.Logbook:79] [383094c5fca5a726,7128a49b57d3b56d] - Incoming Request: bcf640829ea7641d
GET http://DESKTOP-K5RUUL2:8083/user/get?token=eyJhbGciOiJIUzI1NiJ9.eyJpc3MiOiJjb21tdW5pdHlfdXNlciIsIm5hbWUiOiIxMjMiLCJleHAiOjE1ODkyNjg0MDYsInB3ZCI6IjEyMyIsInRzIjoiMTU4OTE4MjAwNiJ9.yY6DbMzp031zgjZsVcio4dDkY8xubnLvIOuIjsEPD3s HTTP/1.1
x-b3-parentspanid: 383094c5fca5a726
x-b3-traceid: 383094c5fca5a726
x-b3-spanid: 7128a49b57d3b56d
x-b3-sampled: 1
host: DESKTOP-K5RUUL2:8083
connection: Keep-Alive
accept-encoding: gzip,deflate
user-agent: agent
accept: application/json, application/*+json
2020-05-11 18:20:00.336 [http-nio-8083-exec-1] INFO  [org.zalando.logbook.Logbook:84] [383094c5fca5a726,7128a49b57d3b56d] - Outgoing Response: bcf640829ea7641d
Duration: 10 ms
HTTP/1.1 200 OK
Transfer-Encoding: chunked
Keep-Alive: timeout=60
Connection: keep-alive
Date: Mon, 11 May 2020 10:20:00 GMT
Content-Type: application/json

{"code":0,"msg":"OK","result":{"id":1,"name":"123","age":1,"pwd":"123","token":"eyJhbGciOiJIUzI1NiJ9.eyJpc3MiOiJjb21tdW5pdHlfdXNlciIsIm5hbWUiOiIxMjMiLCJleHAiOjE1ODkyNjg0MDYsInB3ZCI6IjEyMyIsInRzIjoiMTU4OTE4MjAwNiJ9.yY6DbMzp031zgjZsVcio4dDkY8xubnLvIOuIjsEPD3s","avatarUrl":"1","accountId":"陈晓跃"}}
2020-05-11 18:20:00.340 [http-nio-8083-exec-2] INFO  [org.zalando.logbook.Logbook:79] [383094c5fca5a726,f3a1b0e24aaac7e4] - Incoming Request: cbc0c3370729ef58
GET http://DESKTOP-K5RUUL2:8083/notification/countUnread?userId=1&status=0 HTTP/1.1
x-b3-parentspanid: 383094c5fca5a726
x-b3-traceid: 383094c5fca5a726
x-b3-spanid: f3a1b0e24aaac7e4
x-b3-sampled: 1
host: DESKTOP-K5RUUL2:8083
connection: Keep-Alive
accept-encoding: gzip,deflate
user-agent: agent
accept: application/json, application/*+json
2020-05-11 18:20:00.343 [http-nio-8083-exec-2] INFO  [org.zalando.logbook.Logbook:84] [383094c5fca5a726,f3a1b0e24aaac7e4] - Outgoing Response: cbc0c3370729ef58
Duration: 3 ms
HTTP/1.1 200 OK
Transfer-Encoding: chunked
Keep-Alive: timeout=60
Connection: keep-alive
Date: Mon, 11 May 2020 10:20:00 GMT
Content-Type: application/json

{"code":0,"msg":"OK","result":7}
2020-05-11 18:20:03.715 [http-nio-8083-exec-10] INFO  [org.zalando.logbook.Logbook:79] [ae1db2f77d9c86dc,a7e692db30ff6c49] - Incoming Request: fec56d6be8b334de
GET http://DESKTOP-K5RUUL2:8083/user/get?token=eyJhbGciOiJIUzI1NiJ9.eyJpc3MiOiJjb21tdW5pdHlfdXNlciIsIm5hbWUiOiIxMjMiLCJleHAiOjE1ODkyNjg0MDYsInB3ZCI6IjEyMyIsInRzIjoiMTU4OTE4MjAwNiJ9.yY6DbMzp031zgjZsVcio4dDkY8xubnLvIOuIjsEPD3s HTTP/1.1
x-b3-parentspanid: ae1db2f77d9c86dc
x-b3-traceid: ae1db2f77d9c86dc
x-b3-spanid: a7e692db30ff6c49
x-b3-sampled: 1
host: DESKTOP-K5RUUL2:8083
connection: Keep-Alive
accept-encoding: gzip,deflate
user-agent: agent
accept: application/json, application/*+json
2020-05-11 18:20:03.736 [http-nio-8083-exec-10] INFO  [org.zalando.logbook.Logbook:84] [ae1db2f77d9c86dc,a7e692db30ff6c49] - Outgoing Response: fec56d6be8b334de
Duration: 20 ms
HTTP/1.1 200 OK
Transfer-Encoding: chunked
Keep-Alive: timeout=60
Connection: keep-alive
Date: Mon, 11 May 2020 10:20:03 GMT
Content-Type: application/json

{"code":0,"msg":"OK","result":{"id":1,"name":"123","age":1,"pwd":"123","token":"eyJhbGciOiJIUzI1NiJ9.eyJpc3MiOiJjb21tdW5pdHlfdXNlciIsIm5hbWUiOiIxMjMiLCJleHAiOjE1ODkyNjg0MDYsInB3ZCI6IjEyMyIsInRzIjoiMTU4OTE4MjAwNiJ9.yY6DbMzp031zgjZsVcio4dDkY8xubnLvIOuIjsEPD3s","avatarUrl":"1","accountId":"陈晓跃"}}
2020-05-11 18:20:03.740 [http-nio-8083-exec-4] INFO  [org.zalando.logbook.Logbook:79] [ae1db2f77d9c86dc,d37eebdb7ac8a2b6] - Incoming Request: f049e5e2004d0c56
GET http://DESKTOP-K5RUUL2:8083/notification/countUnread?userId=1&status=0 HTTP/1.1
x-b3-parentspanid: ae1db2f77d9c86dc
x-b3-traceid: ae1db2f77d9c86dc
x-b3-spanid: d37eebdb7ac8a2b6
x-b3-sampled: 1
host: DESKTOP-K5RUUL2:8083
connection: Keep-Alive
accept-encoding: gzip,deflate
user-agent: agent
accept: application/json, application/*+json
2020-05-11 18:20:03.743 [http-nio-8083-exec-4] INFO  [org.zalando.logbook.Logbook:84] [ae1db2f77d9c86dc,d37eebdb7ac8a2b6] - Outgoing Response: f049e5e2004d0c56
Duration: 3 ms
HTTP/1.1 200 OK
Transfer-Encoding: chunked
Keep-Alive: timeout=60
Connection: keep-alive
Date: Mon, 11 May 2020 10:20:03 GMT
Content-Type: application/json

{"code":0,"msg":"OK","result":7}
2020-05-11 18:20:17.327 [http-nio-8083-exec-3] INFO  [org.zalando.logbook.Logbook:79] [112093b214a9c959,0941c63ee18d22e3] - Incoming Request: c4f95459798cebe5
GET http://DESKTOP-K5RUUL2:8083/user/get?token=eyJhbGciOiJIUzI1NiJ9.eyJpc3MiOiJjb21tdW5pdHlfdXNlciIsIm5hbWUiOiIxMjMiLCJleHAiOjE1ODkyNjg0MDYsInB3ZCI6IjEyMyIsInRzIjoiMTU4OTE4MjAwNiJ9.yY6DbMzp031zgjZsVcio4dDkY8xubnLvIOuIjsEPD3s HTTP/1.1
x-b3-parentspanid: 112093b214a9c959
x-b3-traceid: 112093b214a9c959
x-b3-spanid: 0941c63ee18d22e3
x-b3-sampled: 1
host: DESKTOP-K5RUUL2:8083
connection: Keep-Alive
accept-encoding: gzip,deflate
user-agent: agent
accept: application/json, application/*+json
2020-05-11 18:20:17.344 [http-nio-8083-exec-3] INFO  [org.zalando.logbook.Logbook:84] [112093b214a9c959,0941c63ee18d22e3] - Outgoing Response: c4f95459798cebe5
Duration: 17 ms
HTTP/1.1 200 OK
Transfer-Encoding: chunked
Keep-Alive: timeout=60
Connection: keep-alive
Date: Mon, 11 May 2020 10:20:17 GMT
Content-Type: application/json

{"code":0,"msg":"OK","result":{"id":1,"name":"123","age":1,"pwd":"123","token":"eyJhbGciOiJIUzI1NiJ9.eyJpc3MiOiJjb21tdW5pdHlfdXNlciIsIm5hbWUiOiIxMjMiLCJleHAiOjE1ODkyNjg0MDYsInB3ZCI6IjEyMyIsInRzIjoiMTU4OTE4MjAwNiJ9.yY6DbMzp031zgjZsVcio4dDkY8xubnLvIOuIjsEPD3s","avatarUrl":"1","accountId":"陈晓跃"}}
2020-05-11 18:20:17.347 [http-nio-8083-exec-5] INFO  [org.zalando.logbook.Logbook:79] [112093b214a9c959,c205a0539b2a82a0] - Incoming Request: 87fa17e6d91300fb
GET http://DESKTOP-K5RUUL2:8083/notification/countUnread?userId=1&status=0 HTTP/1.1
x-b3-parentspanid: 112093b214a9c959
x-b3-traceid: 112093b214a9c959
x-b3-spanid: c205a0539b2a82a0
x-b3-sampled: 1
host: DESKTOP-K5RUUL2:8083
connection: Keep-Alive
accept-encoding: gzip,deflate
user-agent: agent
accept: application/json, application/*+json
2020-05-11 18:20:17.353 [http-nio-8083-exec-5] INFO  [org.zalando.logbook.Logbook:84] [112093b214a9c959,c205a0539b2a82a0] - Outgoing Response: 87fa17e6d91300fb
Duration: 6 ms
HTTP/1.1 200 OK
Transfer-Encoding: chunked
Keep-Alive: timeout=60
Connection: keep-alive
Date: Mon, 11 May 2020 10:20:17 GMT
Content-Type: application/json

{"code":0,"msg":"OK","result":7}
2020-05-11 18:20:28.510 [http-nio-8083-exec-6] INFO  [org.zalando.logbook.Logbook:79] [3554db7306a8063e,2200019c4e299dba] - Incoming Request: 9e816d2a9415162a
GET http://DESKTOP-K5RUUL2:8083/user/get?token=eyJhbGciOiJIUzI1NiJ9.eyJpc3MiOiJjb21tdW5pdHlfdXNlciIsIm5hbWUiOiIxMjMiLCJleHAiOjE1ODkyNjg0MDYsInB3ZCI6IjEyMyIsInRzIjoiMTU4OTE4MjAwNiJ9.yY6DbMzp031zgjZsVcio4dDkY8xubnLvIOuIjsEPD3s HTTP/1.1
x-b3-parentspanid: 3554db7306a8063e
x-b3-traceid: 3554db7306a8063e
x-b3-spanid: 2200019c4e299dba
x-b3-sampled: 1
host: DESKTOP-K5RUUL2:8083
connection: Keep-Alive
accept-encoding: gzip,deflate
user-agent: agent
accept: application/json, application/*+json
2020-05-11 18:20:28.519 [http-nio-8083-exec-6] INFO  [org.zalando.logbook.Logbook:84] [3554db7306a8063e,2200019c4e299dba] - Outgoing Response: 9e816d2a9415162a
Duration: 8 ms
HTTP/1.1 200 OK
Transfer-Encoding: chunked
Keep-Alive: timeout=60
Connection: keep-alive
Date: Mon, 11 May 2020 10:20:28 GMT
Content-Type: application/json

{"code":0,"msg":"OK","result":{"id":1,"name":"123","age":1,"pwd":"123","token":"eyJhbGciOiJIUzI1NiJ9.eyJpc3MiOiJjb21tdW5pdHlfdXNlciIsIm5hbWUiOiIxMjMiLCJleHAiOjE1ODkyNjg0MDYsInB3ZCI6IjEyMyIsInRzIjoiMTU4OTE4MjAwNiJ9.yY6DbMzp031zgjZsVcio4dDkY8xubnLvIOuIjsEPD3s","avatarUrl":"1","accountId":"陈晓跃"}}
2020-05-11 18:20:28.523 [http-nio-8083-exec-7] INFO  [org.zalando.logbook.Logbook:79] [3554db7306a8063e,8994596a31423ee8] - Incoming Request: c941002364ecef60
GET http://DESKTOP-K5RUUL2:8083/notification/countUnread?userId=1&status=0 HTTP/1.1
x-b3-parentspanid: 3554db7306a8063e
x-b3-traceid: 3554db7306a8063e
x-b3-spanid: 8994596a31423ee8
x-b3-sampled: 1
host: DESKTOP-K5RUUL2:8083
connection: Keep-Alive
accept-encoding: gzip,deflate
user-agent: agent
accept: application/json, application/*+json
2020-05-11 18:20:28.526 [http-nio-8083-exec-7] INFO  [org.zalando.logbook.Logbook:84] [3554db7306a8063e,8994596a31423ee8] - Outgoing Response: c941002364ecef60
Duration: 4 ms
HTTP/1.1 200 OK
Transfer-Encoding: chunked
Keep-Alive: timeout=60
Connection: keep-alive
Date: Mon, 11 May 2020 10:20:28 GMT
Content-Type: application/json

{"code":0,"msg":"OK","result":7}
2020-05-11 18:20:29.392 [http-nio-8083-exec-9] INFO  [org.zalando.logbook.Logbook:79] [e010bfa17809f858,20d7071536425cfe] - Incoming Request: aec77eabd05f04ef
GET http://DESKTOP-K5RUUL2:8083/user/get?token=eyJhbGciOiJIUzI1NiJ9.eyJpc3MiOiJjb21tdW5pdHlfdXNlciIsIm5hbWUiOiIxMjMiLCJleHAiOjE1ODkyNjg0MDYsInB3ZCI6IjEyMyIsInRzIjoiMTU4OTE4MjAwNiJ9.yY6DbMzp031zgjZsVcio4dDkY8xubnLvIOuIjsEPD3s HTTP/1.1
x-b3-parentspanid: e010bfa17809f858
x-b3-traceid: e010bfa17809f858
x-b3-spanid: 20d7071536425cfe
x-b3-sampled: 0
host: DESKTOP-K5RUUL2:8083
connection: Keep-Alive
accept-encoding: gzip,deflate
user-agent: agent
accept: application/json, application/*+json
2020-05-11 18:20:29.399 [http-nio-8083-exec-9] INFO  [org.zalando.logbook.Logbook:84] [e010bfa17809f858,20d7071536425cfe] - Outgoing Response: aec77eabd05f04ef
Duration: 7 ms
HTTP/1.1 200 OK
Transfer-Encoding: chunked
Keep-Alive: timeout=60
Connection: keep-alive
Date: Mon, 11 May 2020 10:20:28 GMT
Content-Type: application/json

{"code":0,"msg":"OK","result":{"id":1,"name":"123","age":1,"pwd":"123","token":"eyJhbGciOiJIUzI1NiJ9.eyJpc3MiOiJjb21tdW5pdHlfdXNlciIsIm5hbWUiOiIxMjMiLCJleHAiOjE1ODkyNjg0MDYsInB3ZCI6IjEyMyIsInRzIjoiMTU4OTE4MjAwNiJ9.yY6DbMzp031zgjZsVcio4dDkY8xubnLvIOuIjsEPD3s","avatarUrl":"1","accountId":"陈晓跃"}}
2020-05-11 18:20:29.401 [http-nio-8083-exec-8] INFO  [org.zalando.logbook.Logbook:79] [e010bfa17809f858,06ee945cc7d1314c] - Incoming Request: 822a6aad958d60c3
GET http://DESKTOP-K5RUUL2:8083/notification/countUnread?userId=1&status=0 HTTP/1.1
x-b3-parentspanid: e010bfa17809f858
x-b3-traceid: e010bfa17809f858
x-b3-spanid: 06ee945cc7d1314c
x-b3-sampled: 0
host: DESKTOP-K5RUUL2:8083
connection: Keep-Alive
accept-encoding: gzip,deflate
user-agent: agent
accept: application/json, application/*+json
2020-05-11 18:20:29.405 [http-nio-8083-exec-8] INFO  [org.zalando.logbook.Logbook:84] [e010bfa17809f858,06ee945cc7d1314c] - Outgoing Response: 822a6aad958d60c3
Duration: 3 ms
HTTP/1.1 200 OK
Transfer-Encoding: chunked
Keep-Alive: timeout=60
Connection: keep-alive
Date: Mon, 11 May 2020 10:20:28 GMT
Content-Type: application/json

{"code":0,"msg":"OK","result":7}
2020-05-11 18:21:19.955 [http-nio-8083-exec-1] INFO  [org.zalando.logbook.Logbook:79] [07ec86362bc38029,19d573d18b5a0fc8] - Incoming Request: cf6cc3723d583a19
GET http://DESKTOP-K5RUUL2:8083/user/get?token=eyJhbGciOiJIUzI1NiJ9.eyJpc3MiOiJjb21tdW5pdHlfdXNlciIsIm5hbWUiOiIxMjMiLCJleHAiOjE1ODkyNjg0MDYsInB3ZCI6IjEyMyIsInRzIjoiMTU4OTE4MjAwNiJ9.yY6DbMzp031zgjZsVcio4dDkY8xubnLvIOuIjsEPD3s HTTP/1.1
x-b3-parentspanid: 07ec86362bc38029
x-b3-traceid: 07ec86362bc38029
x-b3-spanid: 19d573d18b5a0fc8
x-b3-sampled: 1
host: DESKTOP-K5RUUL2:8083
connection: Keep-Alive
accept-encoding: gzip,deflate
user-agent: agent
accept: application/json, application/*+json
2020-05-11 18:21:19.967 [http-nio-8083-exec-1] INFO  [org.zalando.logbook.Logbook:84] [07ec86362bc38029,19d573d18b5a0fc8] - Outgoing Response: cf6cc3723d583a19
Duration: 19 ms
HTTP/1.1 200 OK
Transfer-Encoding: chunked
Keep-Alive: timeout=60
Connection: keep-alive
Date: Mon, 11 May 2020 10:21:19 GMT
Content-Type: application/json

{"code":0,"msg":"OK","result":{"id":1,"name":"123","age":1,"pwd":"123","token":"eyJhbGciOiJIUzI1NiJ9.eyJpc3MiOiJjb21tdW5pdHlfdXNlciIsIm5hbWUiOiIxMjMiLCJleHAiOjE1ODkyNjg0MDYsInB3ZCI6IjEyMyIsInRzIjoiMTU4OTE4MjAwNiJ9.yY6DbMzp031zgjZsVcio4dDkY8xubnLvIOuIjsEPD3s","avatarUrl":"1","accountId":"陈晓跃"}}
2020-05-11 18:21:19.970 [http-nio-8083-exec-2] INFO  [org.zalando.logbook.Logbook:79] [07ec86362bc38029,265df81d83e77b89] - Incoming Request: bee355fdc668d228
GET http://DESKTOP-K5RUUL2:8083/notification/countUnread?userId=1&status=0 HTTP/1.1
x-b3-parentspanid: 07ec86362bc38029
x-b3-traceid: 07ec86362bc38029
x-b3-spanid: 265df81d83e77b89
x-b3-sampled: 1
host: DESKTOP-K5RUUL2:8083
connection: Keep-Alive
accept-encoding: gzip,deflate
user-agent: agent
accept: application/json, application/*+json
2020-05-11 18:21:19.974 [http-nio-8083-exec-2] INFO  [org.zalando.logbook.Logbook:84] [07ec86362bc38029,265df81d83e77b89] - Outgoing Response: bee355fdc668d228
Duration: 4 ms
HTTP/1.1 200 OK
Transfer-Encoding: chunked
Keep-Alive: timeout=60
Connection: keep-alive
Date: Mon, 11 May 2020 10:21:19 GMT
Content-Type: application/json

{"code":0,"msg":"OK","result":7}
2020-05-11 18:21:22.930 [http-nio-8083-exec-10] INFO  [org.zalando.logbook.Logbook:79] [247321a0e273d797,46ce08401af32cf5] - Incoming Request: eaa5752e8f55351b
GET http://DESKTOP-K5RUUL2:8083/user/get?token=eyJhbGciOiJIUzI1NiJ9.eyJpc3MiOiJjb21tdW5pdHlfdXNlciIsIm5hbWUiOiIxMjMiLCJleHAiOjE1ODkyNjg0MDYsInB3ZCI6IjEyMyIsInRzIjoiMTU4OTE4MjAwNiJ9.yY6DbMzp031zgjZsVcio4dDkY8xubnLvIOuIjsEPD3s HTTP/1.1
x-b3-parentspanid: 247321a0e273d797
x-b3-traceid: 247321a0e273d797
x-b3-spanid: 46ce08401af32cf5
x-b3-sampled: 1
host: DESKTOP-K5RUUL2:8083
connection: Keep-Alive
accept-encoding: gzip,deflate
user-agent: agent
accept: application/json, application/*+json
2020-05-11 18:21:22.936 [http-nio-8083-exec-10] INFO  [org.zalando.logbook.Logbook:84] [247321a0e273d797,46ce08401af32cf5] - Outgoing Response: eaa5752e8f55351b
Duration: 6 ms
HTTP/1.1 200 OK
Transfer-Encoding: chunked
Keep-Alive: timeout=60
Connection: keep-alive
Date: Mon, 11 May 2020 10:21:22 GMT
Content-Type: application/json

{"code":0,"msg":"OK","result":{"id":1,"name":"123","age":1,"pwd":"123","token":"eyJhbGciOiJIUzI1NiJ9.eyJpc3MiOiJjb21tdW5pdHlfdXNlciIsIm5hbWUiOiIxMjMiLCJleHAiOjE1ODkyNjg0MDYsInB3ZCI6IjEyMyIsInRzIjoiMTU4OTE4MjAwNiJ9.yY6DbMzp031zgjZsVcio4dDkY8xubnLvIOuIjsEPD3s","avatarUrl":"1","accountId":"陈晓跃"}}
2020-05-11 18:21:22.941 [http-nio-8083-exec-4] INFO  [org.zalando.logbook.Logbook:79] [247321a0e273d797,46c7ac01af44e7fc] - Incoming Request: a6b7fe2b2ef7180c
GET http://DESKTOP-K5RUUL2:8083/notification/countUnread?userId=1&status=0 HTTP/1.1
x-b3-parentspanid: 247321a0e273d797
x-b3-traceid: 247321a0e273d797
x-b3-spanid: 46c7ac01af44e7fc
x-b3-sampled: 1
host: DESKTOP-K5RUUL2:8083
connection: Keep-Alive
accept-encoding: gzip,deflate
user-agent: agent
accept: application/json, application/*+json
2020-05-11 18:21:22.945 [http-nio-8083-exec-4] INFO  [org.zalando.logbook.Logbook:84] [247321a0e273d797,46c7ac01af44e7fc] - Outgoing Response: a6b7fe2b2ef7180c
Duration: 4 ms
HTTP/1.1 200 OK
Transfer-Encoding: chunked
Keep-Alive: timeout=60
Connection: keep-alive
Date: Mon, 11 May 2020 10:21:22 GMT
Content-Type: application/json

{"code":0,"msg":"OK","result":7}
2020-05-11 18:21:26.782 [http-nio-8083-exec-3] INFO  [org.zalando.logbook.Logbook:79] [b60b9662120c0e2c,bfb7ce9476689ccd] - Incoming Request: 8852bc9652582772
GET http://DESKTOP-K5RUUL2:8083/user/get?token=eyJhbGciOiJIUzI1NiJ9.eyJpc3MiOiJjb21tdW5pdHlfdXNlciIsIm5hbWUiOiIxMjMiLCJleHAiOjE1ODkyNjg0MDYsInB3ZCI6IjEyMyIsInRzIjoiMTU4OTE4MjAwNiJ9.yY6DbMzp031zgjZsVcio4dDkY8xubnLvIOuIjsEPD3s HTTP/1.1
x-b3-parentspanid: b60b9662120c0e2c
x-b3-traceid: b60b9662120c0e2c
x-b3-spanid: bfb7ce9476689ccd
x-b3-sampled: 1
host: DESKTOP-K5RUUL2:8083
connection: Keep-Alive
accept-encoding: gzip,deflate
user-agent: agent
accept: application/json, application/*+json
2020-05-11 18:21:26.789 [http-nio-8083-exec-3] INFO  [org.zalando.logbook.Logbook:84] [b60b9662120c0e2c,bfb7ce9476689ccd] - Outgoing Response: 8852bc9652582772
Duration: 7 ms
HTTP/1.1 200 OK
Transfer-Encoding: chunked
Keep-Alive: timeout=60
Connection: keep-alive
Date: Mon, 11 May 2020 10:21:26 GMT
Content-Type: application/json

{"code":0,"msg":"OK","result":{"id":1,"name":"123","age":1,"pwd":"123","token":"eyJhbGciOiJIUzI1NiJ9.eyJpc3MiOiJjb21tdW5pdHlfdXNlciIsIm5hbWUiOiIxMjMiLCJleHAiOjE1ODkyNjg0MDYsInB3ZCI6IjEyMyIsInRzIjoiMTU4OTE4MjAwNiJ9.yY6DbMzp031zgjZsVcio4dDkY8xubnLvIOuIjsEPD3s","avatarUrl":"1","accountId":"陈晓跃"}}
2020-05-11 18:21:26.792 [http-nio-8083-exec-5] INFO  [org.zalando.logbook.Logbook:79] [b60b9662120c0e2c,faf5f35c1eff299f] - Incoming Request: c89d4282757828f8
GET http://DESKTOP-K5RUUL2:8083/notification/countUnread?userId=1&status=0 HTTP/1.1
x-b3-parentspanid: b60b9662120c0e2c
x-b3-traceid: b60b9662120c0e2c
x-b3-spanid: faf5f35c1eff299f
x-b3-sampled: 1
host: DESKTOP-K5RUUL2:8083
connection: Keep-Alive
accept-encoding: gzip,deflate
user-agent: agent
accept: application/json, application/*+json
2020-05-11 18:21:26.795 [http-nio-8083-exec-5] INFO  [org.zalando.logbook.Logbook:84] [b60b9662120c0e2c,faf5f35c1eff299f] - Outgoing Response: c89d4282757828f8
Duration: 2 ms
HTTP/1.1 200 OK
Transfer-Encoding: chunked
Keep-Alive: timeout=60
Connection: keep-alive
Date: Mon, 11 May 2020 10:21:26 GMT
Content-Type: application/json

{"code":0,"msg":"OK","result":7}
2020-05-11 18:21:28.580 [http-nio-8083-exec-6] INFO  [org.zalando.logbook.Logbook:79] [dff8248f73d44e32,fa06adf629d705b8] - Incoming Request: e1725cde2b492edb
GET http://DESKTOP-K5RUUL2:8083/user/get?token=eyJhbGciOiJIUzI1NiJ9.eyJpc3MiOiJjb21tdW5pdHlfdXNlciIsIm5hbWUiOiIxMjMiLCJleHAiOjE1ODkyNjg0MDYsInB3ZCI6IjEyMyIsInRzIjoiMTU4OTE4MjAwNiJ9.yY6DbMzp031zgjZsVcio4dDkY8xubnLvIOuIjsEPD3s HTTP/1.1
x-b3-parentspanid: dff8248f73d44e32
x-b3-traceid: dff8248f73d44e32
x-b3-spanid: fa06adf629d705b8
x-b3-sampled: 1
host: DESKTOP-K5RUUL2:8083
connection: Keep-Alive
accept-encoding: gzip,deflate
user-agent: agent
accept: application/json, application/*+json
2020-05-11 18:21:28.585 [http-nio-8083-exec-6] INFO  [org.zalando.logbook.Logbook:84] [dff8248f73d44e32,fa06adf629d705b8] - Outgoing Response: e1725cde2b492edb
Duration: 5 ms
HTTP/1.1 200 OK
Transfer-Encoding: chunked
Keep-Alive: timeout=60
Connection: keep-alive
Date: Mon, 11 May 2020 10:21:28 GMT
Content-Type: application/json

{"code":0,"msg":"OK","result":{"id":1,"name":"123","age":1,"pwd":"123","token":"eyJhbGciOiJIUzI1NiJ9.eyJpc3MiOiJjb21tdW5pdHlfdXNlciIsIm5hbWUiOiIxMjMiLCJleHAiOjE1ODkyNjg0MDYsInB3ZCI6IjEyMyIsInRzIjoiMTU4OTE4MjAwNiJ9.yY6DbMzp031zgjZsVcio4dDkY8xubnLvIOuIjsEPD3s","avatarUrl":"1","accountId":"陈晓跃"}}
2020-05-11 18:21:28.591 [http-nio-8083-exec-7] INFO  [org.zalando.logbook.Logbook:79] [dff8248f73d44e32,f972d51e7ba91fd8] - Incoming Request: 929aafd8e504380e
GET http://DESKTOP-K5RUUL2:8083/notification/countUnread?userId=1&status=0 HTTP/1.1
x-b3-parentspanid: dff8248f73d44e32
x-b3-traceid: dff8248f73d44e32
x-b3-spanid: f972d51e7ba91fd8
x-b3-sampled: 1
host: DESKTOP-K5RUUL2:8083
connection: Keep-Alive
accept-encoding: gzip,deflate
user-agent: agent
accept: application/json, application/*+json
2020-05-11 18:21:28.594 [http-nio-8083-exec-7] INFO  [org.zalando.logbook.Logbook:84] [dff8248f73d44e32,f972d51e7ba91fd8] - Outgoing Response: 929aafd8e504380e
Duration: 4 ms
HTTP/1.1 200 OK
Transfer-Encoding: chunked
Keep-Alive: timeout=60
Connection: keep-alive
Date: Mon, 11 May 2020 10:21:28 GMT
Content-Type: application/json

{"code":0,"msg":"OK","result":7}
2020-05-11 18:21:54.080 [http-nio-8083-exec-8] INFO  [org.zalando.logbook.Logbook:79] [98a099f9425386f5,60184b14c41b497b] - Incoming Request: d52e944311006b64
GET http://DESKTOP-K5RUUL2:8083/question/list?offset=0&size=4 HTTP/1.1
x-b3-parentspanid: 9f1c4e6f2be75371
x-b3-traceid: 98a099f9425386f5
x-b3-spanid: 60184b14c41b497b
x-b3-sampled: 1
host: DESKTOP-K5RUUL2:8083
connection: Keep-Alive
accept-encoding: gzip,deflate
user-agent: agent
accept: application/json, application/*+json
2020-05-11 18:21:54.084 [http-nio-8083-exec-8] INFO  [org.zalando.logbook.Logbook:84] [98a099f9425386f5,60184b14c41b497b] - Outgoing Response: d52e944311006b64
Duration: 6 ms
HTTP/1.1 200 OK
Transfer-Encoding: chunked
Keep-Alive: timeout=60
Connection: keep-alive
Date: Mon, 11 May 2020 10:21:54 GMT
Content-Type: application/json

{"code":0,"msg":"OK","result":[{"id":25,"title":"发布文章测试","description":"发布文章测试","tag":"js,php","gmtCreate":1587794699373,"gmtModified":1587794699373,"creator":1,"viewCount":0,"commentCount":0,"likeCount":null},{"id":24,"title":"什么是微服务，微服务的好处","description":"\t在微服务架构中，业务被拆分成多个高内聚低耦合的小型服务，每个小型服务都称作一个微服务，而每个微服务都可以运行在独立进程中，在整体架构中执行单独的任务，负责自己的功能。服务与服务之间可以相互调用，采用轻量级通信机制，独立自动部署，在每个微服务里面可以用不同的语言以及不同的存储技术。\r\n\t因此，微服务的优点显而易见，这也是让微服务架构成为热门架构的原因：\r\n\t第一点：易于开发和维护，每个微服务可由一个人或者一个小组进行开发和维护，微服务相对来说工程量较小，易于理解；\r\n\t第二点：独立部署，一个微服务的修改不需要协调其他的服务，节省了开发人员之间的沟通成本；\r\n\t第三点：伸缩性强，每个微服务都可以进行单独的横向和纵向上扩展，并且我们可以根据每个服务对硬件需求的不同进行定制化地升级和扩容，随着业务规模的扩大，我们可以进行进一步的拆分，进一步进行系统级的扩展。\r\n\t第四点：与组织结构相匹配，当出现异常日志的时候，我们可以通过划分不同的服务，交给不同的团队进行维护，减少维护、沟通成本；\t第五点：技术异构性，每个服务可以根据自身需求选择最适合该服务的技术进行开发。","tag":"java","gmtCreate":1587791267506,"gmtModified":1587791267506,"creator":1,"viewCount":17,"commentCount":3,"likeCount":null},{"id":23,"title":"最新文章","description":"123","tag":"python,java","gmtCreate":1587748463351,"gmtModified":1587748463351,"creator":1,"viewCount":1,"commentCount":0,"likeCount":null},{"id":22,"title":"编程之美","description":"132","tag":"java","gmtCreate":1587748280171,"gmtModified":1587748280171,"creator":1,"viewCount":0,"commentCount":0,"likeCount":null}]}
2020-05-11 18:21:54.129 [http-nio-8083-exec-1] INFO  [org.zalando.logbook.Logbook:79] [98a099f9425386f5,cb9ae19ef09ce610] - Incoming Request: a1da435105d36ffe
GET http://DESKTOP-K5RUUL2:8083/question/list?offset=4&size=4 HTTP/1.1
x-b3-parentspanid: 55ba42aae079618b
x-b3-traceid: 98a099f9425386f5
x-b3-spanid: cb9ae19ef09ce610
x-b3-sampled: 1
host: DESKTOP-K5RUUL2:8083
connection: Keep-Alive
accept-encoding: gzip,deflate
user-agent: agent
accept: application/json, application/*+json
2020-05-11 18:21:54.132 [http-nio-8083-exec-1] INFO  [org.zalando.logbook.Logbook:84] [98a099f9425386f5,cb9ae19ef09ce610] - Outgoing Response: a1da435105d36ffe
Duration: 4 ms
HTTP/1.1 200 OK
Transfer-Encoding: chunked
Keep-Alive: timeout=60
Connection: keep-alive
Date: Mon, 11 May 2020 10:21:54 GMT
Content-Type: application/json

{"code":0,"msg":"OK","result":[{"id":21,"title":"从0开始学JAVA","description":"123","tag":"java","gmtCreate":1587748265666,"gmtModified":1587748265666,"creator":1,"viewCount":0,"commentCount":0,"likeCount":null},{"id":20,"title":"微服务架构如何考虑？","description":"123","tag":"java","gmtCreate":1587748221949,"gmtModified":1587748221949,"creator":1,"viewCount":0,"commentCount":0,"likeCount":null},{"id":19,"title":"如何快速学习java","description":"123","tag":"java,php","gmtCreate":1587748189578,"gmtModified":1587748189578,"creator":1,"viewCount":0,"commentCount":0,"likeCount":null},{"id":16,"title":"热门标签","description":"123是科技部对UI安管部卡斯比接口的把会计师不安居客吧开发背带裤","tag":"php,js,java","gmtCreate":1587463038397,"gmtModified":1587463038397,"creator":1,"viewCount":0,"commentCount":0,"likeCount":null}]}
2020-05-11 18:21:54.139 [http-nio-8083-exec-2] INFO  [org.zalando.logbook.Logbook:79] [98a099f9425386f5,05052f9a328dc70c] - Incoming Request: be937c79bd516b4a
GET http://DESKTOP-K5RUUL2:8083/question/list?offset=8&size=4 HTTP/1.1
x-b3-parentspanid: 291c6a47b07fd9f2
x-b3-traceid: 98a099f9425386f5
x-b3-spanid: 05052f9a328dc70c
x-b3-sampled: 1
host: DESKTOP-K5RUUL2:8083
connection: Keep-Alive
accept-encoding: gzip,deflate
user-agent: agent
accept: application/json, application/*+json
2020-05-11 18:21:54.142 [http-nio-8083-exec-2] INFO  [org.zalando.logbook.Logbook:84] [98a099f9425386f5,05052f9a328dc70c] - Outgoing Response: be937c79bd516b4a
Duration: 4 ms
HTTP/1.1 200 OK
Transfer-Encoding: chunked
Keep-Alive: timeout=60
Connection: keep-alive
Date: Mon, 11 May 2020 10:21:54 GMT
Content-Type: application/json

{"code":0,"msg":"OK","result":[]}
2020-05-11 18:23:52.169 [AsyncResolver-bootstrap-executor-0] INFO  [com.netflix.discovery.shared.resolver.aws.ConfigClusterResolver:43] [,] - Resolving eureka endpoints via configuration
2020-05-11 18:28:52.171 [AsyncResolver-bootstrap-executor-0] INFO  [com.netflix.discovery.shared.resolver.aws.ConfigClusterResolver:43] [,] - Resolving eureka endpoints via configuration
2020-05-11 18:33:52.171 [AsyncResolver-bootstrap-executor-0] INFO  [com.netflix.discovery.shared.resolver.aws.ConfigClusterResolver:43] [,] - Resolving eureka endpoints via configuration
2020-05-11 18:37:38.076 [http-nio-8083-exec-4] INFO  [org.zalando.logbook.Logbook:79] [262e0f0e346888ff,a108f0d780c45d9a] - Incoming Request: a7c06c8bfb4975ed
GET http://DESKTOP-K5RUUL2:8083/user/get?token=eyJhbGciOiJIUzI1NiJ9.eyJpc3MiOiJjb21tdW5pdHlfdXNlciIsIm5hbWUiOiIxMjMiLCJleHAiOjE1ODkyNjg0MDYsInB3ZCI6IjEyMyIsInRzIjoiMTU4OTE4MjAwNiJ9.yY6DbMzp031zgjZsVcio4dDkY8xubnLvIOuIjsEPD3s HTTP/1.1
x-b3-parentspanid: 262e0f0e346888ff
x-b3-traceid: 262e0f0e346888ff
x-b3-spanid: a108f0d780c45d9a
x-b3-sampled: 1
host: DESKTOP-K5RUUL2:8083
connection: Keep-Alive
accept-encoding: gzip,deflate
user-agent: agent
accept: application/json, application/*+json
2020-05-11 18:37:38.085 [http-nio-8083-exec-4] INFO  [org.zalando.logbook.Logbook:84] [262e0f0e346888ff,a108f0d780c45d9a] - Outgoing Response: a7c06c8bfb4975ed
Duration: 9 ms
HTTP/1.1 200 OK
Transfer-Encoding: chunked
Keep-Alive: timeout=60
Connection: keep-alive
Date: Mon, 11 May 2020 10:37:38 GMT
Content-Type: application/json

{"code":0,"msg":"OK","result":{"id":1,"name":"123","age":1,"pwd":"123","token":"eyJhbGciOiJIUzI1NiJ9.eyJpc3MiOiJjb21tdW5pdHlfdXNlciIsIm5hbWUiOiIxMjMiLCJleHAiOjE1ODkyNjg0MDYsInB3ZCI6IjEyMyIsInRzIjoiMTU4OTE4MjAwNiJ9.yY6DbMzp031zgjZsVcio4dDkY8xubnLvIOuIjsEPD3s","avatarUrl":"1","accountId":"陈晓跃"}}
2020-05-11 18:37:38.100 [http-nio-8083-exec-3] INFO  [org.zalando.logbook.Logbook:79] [262e0f0e346888ff,fde1584c6d707704] - Incoming Request: fc1e337aa47f8b8f
GET http://DESKTOP-K5RUUL2:8083/notification/countUnread?userId=1&status=0 HTTP/1.1
x-b3-parentspanid: 262e0f0e346888ff
x-b3-traceid: 262e0f0e346888ff
x-b3-spanid: fde1584c6d707704
x-b3-sampled: 1
host: DESKTOP-K5RUUL2:8083
connection: Keep-Alive
accept-encoding: gzip,deflate
user-agent: agent
accept: application/json, application/*+json
2020-05-11 18:37:38.102 [http-nio-8083-exec-3] INFO  [org.zalando.logbook.Logbook:84] [262e0f0e346888ff,fde1584c6d707704] - Outgoing Response: fc1e337aa47f8b8f
Duration: 2 ms
HTTP/1.1 200 OK
Transfer-Encoding: chunked
Keep-Alive: timeout=60
Connection: keep-alive
Date: Mon, 11 May 2020 10:37:38 GMT
Content-Type: application/json

{"code":0,"msg":"OK","result":7}
2020-05-11 18:37:47.665 [http-nio-8083-exec-5] INFO  [org.zalando.logbook.Logbook:79] [03865d52e2e8da84,e1bd171d9b8c75bb] - Incoming Request: fd6fc53db9673d16
GET http://DESKTOP-K5RUUL2:8083/user/get?token=eyJhbGciOiJIUzI1NiJ9.eyJpc3MiOiJjb21tdW5pdHlfdXNlciIsIm5hbWUiOiIxMjMiLCJleHAiOjE1ODkyNjg0MDYsInB3ZCI6IjEyMyIsInRzIjoiMTU4OTE4MjAwNiJ9.yY6DbMzp031zgjZsVcio4dDkY8xubnLvIOuIjsEPD3s HTTP/1.1
x-b3-parentspanid: 03865d52e2e8da84
x-b3-traceid: 03865d52e2e8da84
x-b3-spanid: e1bd171d9b8c75bb
x-b3-sampled: 1
host: DESKTOP-K5RUUL2:8083
connection: Keep-Alive
accept-encoding: gzip,deflate
user-agent: agent
accept: application/json, application/*+json
2020-05-11 18:37:47.670 [http-nio-8083-exec-5] INFO  [org.zalando.logbook.Logbook:84] [03865d52e2e8da84,e1bd171d9b8c75bb] - Outgoing Response: fd6fc53db9673d16
Duration: 5 ms
HTTP/1.1 200 OK
Transfer-Encoding: chunked
Keep-Alive: timeout=60
Connection: keep-alive
Date: Mon, 11 May 2020 10:37:47 GMT
Content-Type: application/json

{"code":0,"msg":"OK","result":{"id":1,"name":"123","age":1,"pwd":"123","token":"eyJhbGciOiJIUzI1NiJ9.eyJpc3MiOiJjb21tdW5pdHlfdXNlciIsIm5hbWUiOiIxMjMiLCJleHAiOjE1ODkyNjg0MDYsInB3ZCI6IjEyMyIsInRzIjoiMTU4OTE4MjAwNiJ9.yY6DbMzp031zgjZsVcio4dDkY8xubnLvIOuIjsEPD3s","avatarUrl":"1","accountId":"陈晓跃"}}
2020-05-11 18:37:47.672 [http-nio-8083-exec-6] INFO  [org.zalando.logbook.Logbook:79] [03865d52e2e8da84,33e63a7fc0872b80] - Incoming Request: ff8b447b4bae4e09
GET http://DESKTOP-K5RUUL2:8083/notification/countUnread?userId=1&status=0 HTTP/1.1
x-b3-parentspanid: 03865d52e2e8da84
x-b3-traceid: 03865d52e2e8da84
x-b3-spanid: 33e63a7fc0872b80
x-b3-sampled: 1
host: DESKTOP-K5RUUL2:8083
connection: Keep-Alive
accept-encoding: gzip,deflate
user-agent: agent
accept: application/json, application/*+json
2020-05-11 18:37:47.675 [http-nio-8083-exec-6] INFO  [org.zalando.logbook.Logbook:84] [03865d52e2e8da84,33e63a7fc0872b80] - Outgoing Response: ff8b447b4bae4e09
Duration: 2 ms
HTTP/1.1 200 OK
Transfer-Encoding: chunked
Keep-Alive: timeout=60
Connection: keep-alive
Date: Mon, 11 May 2020 10:37:47 GMT
Content-Type: application/json

{"code":0,"msg":"OK","result":7}
2020-05-11 18:38:52.173 [AsyncResolver-bootstrap-executor-0] INFO  [com.netflix.discovery.shared.resolver.aws.ConfigClusterResolver:43] [,] - Resolving eureka endpoints via configuration
2020-05-11 18:43:52.175 [AsyncResolver-bootstrap-executor-0] INFO  [com.netflix.discovery.shared.resolver.aws.ConfigClusterResolver:43] [,] - Resolving eureka endpoints via configuration
2020-05-11 18:45:31.874 [http-nio-8083-exec-9] INFO  [org.zalando.logbook.Logbook:79] [78704b16c7ef3e42,47a458c82ae60fa4] - Incoming Request: edc2ca7f4d7649a1
GET http://DESKTOP-K5RUUL2:8083/user/get?token=eyJhbGciOiJIUzI1NiJ9.eyJpc3MiOiJjb21tdW5pdHlfdXNlciIsIm5hbWUiOiIxMjMiLCJleHAiOjE1ODkyNjg0MDYsInB3ZCI6IjEyMyIsInRzIjoiMTU4OTE4MjAwNiJ9.yY6DbMzp031zgjZsVcio4dDkY8xubnLvIOuIjsEPD3s HTTP/1.1
x-b3-parentspanid: 78704b16c7ef3e42
x-b3-traceid: 78704b16c7ef3e42
x-b3-spanid: 47a458c82ae60fa4
x-b3-sampled: 1
host: DESKTOP-K5RUUL2:8083
connection: Keep-Alive
accept-encoding: gzip,deflate
user-agent: agent
accept: application/json, application/*+json
2020-05-11 18:45:31.887 [http-nio-8083-exec-9] INFO  [org.zalando.logbook.Logbook:84] [78704b16c7ef3e42,47a458c82ae60fa4] - Outgoing Response: edc2ca7f4d7649a1
Duration: 15 ms
HTTP/1.1 200 OK
Transfer-Encoding: chunked
Keep-Alive: timeout=60
Connection: keep-alive
Date: Mon, 11 May 2020 10:45:31 GMT
Content-Type: application/json

{"code":0,"msg":"OK","result":{"id":1,"name":"123","age":1,"pwd":"123","token":"eyJhbGciOiJIUzI1NiJ9.eyJpc3MiOiJjb21tdW5pdHlfdXNlciIsIm5hbWUiOiIxMjMiLCJleHAiOjE1ODkyNjg0MDYsInB3ZCI6IjEyMyIsInRzIjoiMTU4OTE4MjAwNiJ9.yY6DbMzp031zgjZsVcio4dDkY8xubnLvIOuIjsEPD3s","avatarUrl":"1","accountId":"陈晓跃"}}
2020-05-11 18:45:31.891 [http-nio-8083-exec-8] INFO  [org.zalando.logbook.Logbook:79] [78704b16c7ef3e42,f645df85cb148f70] - Incoming Request: 8b538349821f9cd6
GET http://DESKTOP-K5RUUL2:8083/notification/countUnread?userId=1&status=0 HTTP/1.1
x-b3-parentspanid: 78704b16c7ef3e42
x-b3-traceid: 78704b16c7ef3e42
x-b3-spanid: f645df85cb148f70
x-b3-sampled: 1
host: DESKTOP-K5RUUL2:8083
connection: Keep-Alive
accept-encoding: gzip,deflate
user-agent: agent
accept: application/json, application/*+json
2020-05-11 18:45:31.894 [http-nio-8083-exec-8] INFO  [org.zalando.logbook.Logbook:84] [78704b16c7ef3e42,f645df85cb148f70] - Outgoing Response: 8b538349821f9cd6
Duration: 3 ms
HTTP/1.1 200 OK
Transfer-Encoding: chunked
Keep-Alive: timeout=60
Connection: keep-alive
Date: Mon, 11 May 2020 10:45:31 GMT
Content-Type: application/json

{"code":0,"msg":"OK","result":7}
2020-05-11 18:45:32.961 [http-nio-8083-exec-1] INFO  [org.zalando.logbook.Logbook:79] [fe53da698b10d240,ec29e029eaba1acd] - Incoming Request: 8497ae01dc51f8aa
GET http://DESKTOP-K5RUUL2:8083/user/get?token=eyJhbGciOiJIUzI1NiJ9.eyJpc3MiOiJjb21tdW5pdHlfdXNlciIsIm5hbWUiOiIxMjMiLCJleHAiOjE1ODkyNjg0MDYsInB3ZCI6IjEyMyIsInRzIjoiMTU4OTE4MjAwNiJ9.yY6DbMzp031zgjZsVcio4dDkY8xubnLvIOuIjsEPD3s HTTP/1.1
x-b3-parentspanid: fe53da698b10d240
x-b3-traceid: fe53da698b10d240
x-b3-spanid: ec29e029eaba1acd
x-b3-sampled: 1
host: DESKTOP-K5RUUL2:8083
connection: Keep-Alive
accept-encoding: gzip,deflate
user-agent: agent
accept: application/json, application/*+json
2020-05-11 18:45:32.968 [http-nio-8083-exec-1] INFO  [org.zalando.logbook.Logbook:84] [fe53da698b10d240,ec29e029eaba1acd] - Outgoing Response: 8497ae01dc51f8aa
Duration: 7 ms
HTTP/1.1 200 OK
Transfer-Encoding: chunked
Keep-Alive: timeout=60
Connection: keep-alive
Date: Mon, 11 May 2020 10:45:32 GMT
Content-Type: application/json

{"code":0,"msg":"OK","result":{"id":1,"name":"123","age":1,"pwd":"123","token":"eyJhbGciOiJIUzI1NiJ9.eyJpc3MiOiJjb21tdW5pdHlfdXNlciIsIm5hbWUiOiIxMjMiLCJleHAiOjE1ODkyNjg0MDYsInB3ZCI6IjEyMyIsInRzIjoiMTU4OTE4MjAwNiJ9.yY6DbMzp031zgjZsVcio4dDkY8xubnLvIOuIjsEPD3s","avatarUrl":"1","accountId":"陈晓跃"}}
2020-05-11 18:45:32.973 [http-nio-8083-exec-2] INFO  [org.zalando.logbook.Logbook:79] [fe53da698b10d240,6e5251f7e50b74f8] - Incoming Request: bad643af2b02b625
GET http://DESKTOP-K5RUUL2:8083/notification/countUnread?userId=1&status=0 HTTP/1.1
x-b3-parentspanid: fe53da698b10d240
x-b3-traceid: fe53da698b10d240
x-b3-spanid: 6e5251f7e50b74f8
x-b3-sampled: 1
host: DESKTOP-K5RUUL2:8083
connection: Keep-Alive
accept-encoding: gzip,deflate
user-agent: agent
accept: application/json, application/*+json
2020-05-11 18:45:32.977 [http-nio-8083-exec-2] INFO  [org.zalando.logbook.Logbook:84] [fe53da698b10d240,6e5251f7e50b74f8] - Outgoing Response: bad643af2b02b625
Duration: 4 ms
HTTP/1.1 200 OK
Transfer-Encoding: chunked
Keep-Alive: timeout=60
Connection: keep-alive
Date: Mon, 11 May 2020 10:45:32 GMT
Content-Type: application/json

{"code":0,"msg":"OK","result":7}
2020-05-11 18:48:52.176 [AsyncResolver-bootstrap-executor-0] INFO  [com.netflix.discovery.shared.resolver.aws.ConfigClusterResolver:43] [,] - Resolving eureka endpoints via configuration
2020-05-11 18:53:52.190 [AsyncResolver-bootstrap-executor-0] INFO  [com.netflix.discovery.shared.resolver.aws.ConfigClusterResolver:43] [,] - Resolving eureka endpoints via configuration
2020-05-11 18:54:50.642 [http-nio-8083-exec-4] INFO  [org.zalando.logbook.Logbook:79] [8d8d1402c17ca39b,8d8ffa70ad80eb4d] - Incoming Request: 8a8d66af449c9372
GET http://DESKTOP-K5RUUL2:8083/question/list?offset=0&size=4 HTTP/1.1
x-b3-parentspanid: 71a86e3ca52b2fbb
x-b3-traceid: 8d8d1402c17ca39b
x-b3-spanid: 8d8ffa70ad80eb4d
x-b3-sampled: 1
host: DESKTOP-K5RUUL2:8083
connection: Keep-Alive
accept-encoding: gzip,deflate
user-agent: agent
accept: application/json, application/*+json
2020-05-11 18:54:50.657 [http-nio-8083-exec-4] INFO  [org.zalando.logbook.Logbook:84] [8d8d1402c17ca39b,8d8ffa70ad80eb4d] - Outgoing Response: 8a8d66af449c9372
Duration: 15 ms
HTTP/1.1 200 OK
Transfer-Encoding: chunked
Keep-Alive: timeout=60
Connection: keep-alive
Date: Mon, 11 May 2020 10:54:50 GMT
Content-Type: application/json

{"code":0,"msg":"OK","result":[{"id":25,"title":"发布文章测试","description":"发布文章测试","tag":"js,php","gmtCreate":1587794699373,"gmtModified":1587794699373,"creator":1,"viewCount":0,"commentCount":0,"likeCount":null},{"id":24,"title":"什么是微服务，微服务的好处","description":"\t在微服务架构中，业务被拆分成多个高内聚低耦合的小型服务，每个小型服务都称作一个微服务，而每个微服务都可以运行在独立进程中，在整体架构中执行单独的任务，负责自己的功能。服务与服务之间可以相互调用，采用轻量级通信机制，独立自动部署，在每个微服务里面可以用不同的语言以及不同的存储技术。\r\n\t因此，微服务的优点显而易见，这也是让微服务架构成为热门架构的原因：\r\n\t第一点：易于开发和维护，每个微服务可由一个人或者一个小组进行开发和维护，微服务相对来说工程量较小，易于理解；\r\n\t第二点：独立部署，一个微服务的修改不需要协调其他的服务，节省了开发人员之间的沟通成本；\r\n\t第三点：伸缩性强，每个微服务都可以进行单独的横向和纵向上扩展，并且我们可以根据每个服务对硬件需求的不同进行定制化地升级和扩容，随着业务规模的扩大，我们可以进行进一步的拆分，进一步进行系统级的扩展。\r\n\t第四点：与组织结构相匹配，当出现异常日志的时候，我们可以通过划分不同的服务，交给不同的团队进行维护，减少维护、沟通成本；\t第五点：技术异构性，每个服务可以根据自身需求选择最适合该服务的技术进行开发。","tag":"java","gmtCreate":1587791267506,"gmtModified":1587791267506,"creator":1,"viewCount":17,"commentCount":3,"likeCount":null},{"id":23,"title":"最新文章","description":"123","tag":"python,java","gmtCreate":1587748463351,"gmtModified":1587748463351,"creator":1,"viewCount":1,"commentCount":0,"likeCount":null},{"id":22,"title":"编程之美","description":"132","tag":"java","gmtCreate":1587748280171,"gmtModified":1587748280171,"creator":1,"viewCount":0,"commentCount":0,"likeCount":null}]}
2020-05-11 18:54:50.704 [http-nio-8083-exec-3] INFO  [org.zalando.logbook.Logbook:79] [8d8d1402c17ca39b,5f07761349f515f8] - Incoming Request: e9f97c67590c6e85
GET http://DESKTOP-K5RUUL2:8083/question/list?offset=4&size=4 HTTP/1.1
x-b3-parentspanid: 88ddbfd6efc275d8
x-b3-traceid: 8d8d1402c17ca39b
x-b3-spanid: 5f07761349f515f8
x-b3-sampled: 1
host: DESKTOP-K5RUUL2:8083
connection: Keep-Alive
accept-encoding: gzip,deflate
user-agent: agent
accept: application/json, application/*+json
2020-05-11 18:54:50.720 [http-nio-8083-exec-3] INFO  [org.zalando.logbook.Logbook:84] [8d8d1402c17ca39b,5f07761349f515f8] - Outgoing Response: e9f97c67590c6e85
Duration: 16 ms
HTTP/1.1 200 OK
Transfer-Encoding: chunked
Keep-Alive: timeout=60
Connection: keep-alive
Date: Mon, 11 May 2020 10:54:50 GMT
Content-Type: application/json

{"code":0,"msg":"OK","result":[{"id":21,"title":"从0开始学JAVA","description":"123","tag":"java","gmtCreate":1587748265666,"gmtModified":1587748265666,"creator":1,"viewCount":0,"commentCount":0,"likeCount":null},{"id":20,"title":"微服务架构如何考虑？","description":"123","tag":"java","gmtCreate":1587748221949,"gmtModified":1587748221949,"creator":1,"viewCount":0,"commentCount":0,"likeCount":null},{"id":19,"title":"如何快速学习java","description":"123","tag":"java,php","gmtCreate":1587748189578,"gmtModified":1587748189578,"creator":1,"viewCount":0,"commentCount":0,"likeCount":null},{"id":16,"title":"热门标签","description":"123是科技部对UI安管部卡斯比接口的把会计师不安居客吧开发背带裤","tag":"php,js,java","gmtCreate":1587463038397,"gmtModified":1587463038397,"creator":1,"viewCount":0,"commentCount":0,"likeCount":null}]}
2020-05-11 18:54:50.720 [http-nio-8083-exec-5] INFO  [org.zalando.logbook.Logbook:79] [8d8d1402c17ca39b,95bc5053732bdcf2] - Incoming Request: 9a8315a00d7b177b
GET http://DESKTOP-K5RUUL2:8083/question/list?offset=8&size=4 HTTP/1.1
x-b3-parentspanid: fc4ff672a6b1d0c8
x-b3-traceid: 8d8d1402c17ca39b
x-b3-spanid: 95bc5053732bdcf2
x-b3-sampled: 1
host: DESKTOP-K5RUUL2:8083
connection: Keep-Alive
accept-encoding: gzip,deflate
user-agent: agent
accept: application/json, application/*+json
2020-05-11 18:54:50.720 [http-nio-8083-exec-5] INFO  [org.zalando.logbook.Logbook:84] [8d8d1402c17ca39b,95bc5053732bdcf2] - Outgoing Response: 9a8315a00d7b177b
Duration: 0 ms
HTTP/1.1 200 OK
Transfer-Encoding: chunked
Keep-Alive: timeout=60
Connection: keep-alive
Date: Mon, 11 May 2020 10:54:50 GMT
Content-Type: application/json

{"code":0,"msg":"OK","result":[]}
2020-05-11 18:55:52.368 [http-nio-8083-exec-7] INFO  [org.zalando.logbook.Logbook:79] [4ff0547a2881fa90,0d9b8fab8920cb08] - Incoming Request: eba2bee2dce46220
GET http://DESKTOP-K5RUUL2:8083/question/list?offset=0&size=4 HTTP/1.1
x-b3-parentspanid: 92bc1dc87ab1b3fa
x-b3-traceid: 4ff0547a2881fa90
x-b3-spanid: 0d9b8fab8920cb08
x-b3-sampled: 1
host: DESKTOP-K5RUUL2:8083
connection: Keep-Alive
accept-encoding: gzip,deflate
user-agent: agent
accept: application/json, application/*+json
2020-05-11 18:55:52.384 [http-nio-8083-exec-7] INFO  [org.zalando.logbook.Logbook:84] [4ff0547a2881fa90,0d9b8fab8920cb08] - Outgoing Response: eba2bee2dce46220
Duration: 16 ms
HTTP/1.1 200 OK
Transfer-Encoding: chunked
Keep-Alive: timeout=60
Connection: keep-alive
Date: Mon, 11 May 2020 10:55:52 GMT
Content-Type: application/json

{"code":0,"msg":"OK","result":[{"id":25,"title":"发布文章测试","description":"发布文章测试","tag":"js,php","gmtCreate":1587794699373,"gmtModified":1587794699373,"creator":1,"viewCount":0,"commentCount":0,"likeCount":null},{"id":24,"title":"什么是微服务，微服务的好处","description":"\t在微服务架构中，业务被拆分成多个高内聚低耦合的小型服务，每个小型服务都称作一个微服务，而每个微服务都可以运行在独立进程中，在整体架构中执行单独的任务，负责自己的功能。服务与服务之间可以相互调用，采用轻量级通信机制，独立自动部署，在每个微服务里面可以用不同的语言以及不同的存储技术。\r\n\t因此，微服务的优点显而易见，这也是让微服务架构成为热门架构的原因：\r\n\t第一点：易于开发和维护，每个微服务可由一个人或者一个小组进行开发和维护，微服务相对来说工程量较小，易于理解；\r\n\t第二点：独立部署，一个微服务的修改不需要协调其他的服务，节省了开发人员之间的沟通成本；\r\n\t第三点：伸缩性强，每个微服务都可以进行单独的横向和纵向上扩展，并且我们可以根据每个服务对硬件需求的不同进行定制化地升级和扩容，随着业务规模的扩大，我们可以进行进一步的拆分，进一步进行系统级的扩展。\r\n\t第四点：与组织结构相匹配，当出现异常日志的时候，我们可以通过划分不同的服务，交给不同的团队进行维护，减少维护、沟通成本；\t第五点：技术异构性，每个服务可以根据自身需求选择最适合该服务的技术进行开发。","tag":"java","gmtCreate":1587791267506,"gmtModified":1587791267506,"creator":1,"viewCount":17,"commentCount":3,"likeCount":null},{"id":23,"title":"最新文章","description":"123","tag":"python,java","gmtCreate":1587748463351,"gmtModified":1587748463351,"creator":1,"viewCount":1,"commentCount":0,"likeCount":null},{"id":22,"title":"编程之美","description":"132","tag":"java","gmtCreate":1587748280171,"gmtModified":1587748280171,"creator":1,"viewCount":0,"commentCount":0,"likeCount":null}]}
2020-05-11 18:55:52.431 [http-nio-8083-exec-9] INFO  [org.zalando.logbook.Logbook:79] [4ff0547a2881fa90,e1e43e856570dd7d] - Incoming Request: fed06b5534685bcc
GET http://DESKTOP-K5RUUL2:8083/question/list?offset=4&size=4 HTTP/1.1
x-b3-parentspanid: be809e114ef1300a
x-b3-traceid: 4ff0547a2881fa90
x-b3-spanid: e1e43e856570dd7d
x-b3-sampled: 1
host: DESKTOP-K5RUUL2:8083
connection: Keep-Alive
accept-encoding: gzip,deflate
user-agent: agent
accept: application/json, application/*+json
2020-05-11 18:55:52.431 [http-nio-8083-exec-9] INFO  [org.zalando.logbook.Logbook:84] [4ff0547a2881fa90,e1e43e856570dd7d] - Outgoing Response: fed06b5534685bcc
Duration: 0 ms
HTTP/1.1 200 OK
Transfer-Encoding: chunked
Keep-Alive: timeout=60
Connection: keep-alive
Date: Mon, 11 May 2020 10:55:52 GMT
Content-Type: application/json

{"code":0,"msg":"OK","result":[{"id":21,"title":"从0开始学JAVA","description":"123","tag":"java","gmtCreate":1587748265666,"gmtModified":1587748265666,"creator":1,"viewCount":0,"commentCount":0,"likeCount":null},{"id":20,"title":"微服务架构如何考虑？","description":"123","tag":"java","gmtCreate":1587748221949,"gmtModified":1587748221949,"creator":1,"viewCount":0,"commentCount":0,"likeCount":null},{"id":19,"title":"如何快速学习java","description":"123","tag":"java,php","gmtCreate":1587748189578,"gmtModified":1587748189578,"creator":1,"viewCount":0,"commentCount":0,"likeCount":null},{"id":16,"title":"热门标签","description":"123是科技部对UI安管部卡斯比接口的把会计师不安居客吧开发背带裤","tag":"php,js,java","gmtCreate":1587463038397,"gmtModified":1587463038397,"creator":1,"viewCount":0,"commentCount":0,"likeCount":null}]}
2020-05-11 18:55:52.446 [http-nio-8083-exec-8] INFO  [org.zalando.logbook.Logbook:79] [4ff0547a2881fa90,6b63ca1c76e800b0] - Incoming Request: cb3ea94cff273af6
GET http://DESKTOP-K5RUUL2:8083/question/list?offset=8&size=4 HTTP/1.1
x-b3-parentspanid: 377f053f001b0a5c
x-b3-traceid: 4ff0547a2881fa90
x-b3-spanid: 6b63ca1c76e800b0
x-b3-sampled: 1
host: DESKTOP-K5RUUL2:8083
connection: Keep-Alive
accept-encoding: gzip,deflate
user-agent: agent
accept: application/json, application/*+json
2020-05-11 18:55:52.446 [http-nio-8083-exec-8] INFO  [org.zalando.logbook.Logbook:84] [4ff0547a2881fa90,6b63ca1c76e800b0] - Outgoing Response: cb3ea94cff273af6
Duration: 15 ms
HTTP/1.1 200 OK
Transfer-Encoding: chunked
Keep-Alive: timeout=60
Connection: keep-alive
Date: Mon, 11 May 2020 10:55:52 GMT
Content-Type: application/json

{"code":0,"msg":"OK","result":[]}
2020-05-11 18:56:00.996 [http-nio-8083-exec-1] INFO  [org.zalando.logbook.Logbook:79] [b0335529c945d690,f1230cd3a8d7bfc4] - Incoming Request: a1c5f1f1c9649e5a
GET http://DESKTOP-K5RUUL2:8083/user/get?token=eyJhbGciOiJIUzI1NiJ9.eyJpc3MiOiJjb21tdW5pdHlfdXNlciIsIm5hbWUiOiIxMjMiLCJleHAiOjE1ODkyNjg0MDYsInB3ZCI6IjEyMyIsInRzIjoiMTU4OTE4MjAwNiJ9.yY6DbMzp031zgjZsVcio4dDkY8xubnLvIOuIjsEPD3s HTTP/1.1
x-b3-parentspanid: b0335529c945d690
x-b3-traceid: b0335529c945d690
x-b3-spanid: f1230cd3a8d7bfc4
x-b3-sampled: 1
host: DESKTOP-K5RUUL2:8083
connection: Keep-Alive
accept-encoding: gzip,deflate
user-agent: agent
accept: application/json, application/*+json
2020-05-11 18:56:01.008 [http-nio-8083-exec-1] INFO  [org.zalando.logbook.Logbook:84] [b0335529c945d690,f1230cd3a8d7bfc4] - Outgoing Response: a1c5f1f1c9649e5a
Duration: 13 ms
HTTP/1.1 200 OK
Transfer-Encoding: chunked
Keep-Alive: timeout=60
Connection: keep-alive
Date: Mon, 11 May 2020 10:56:01 GMT
Content-Type: application/json

{"code":0,"msg":"OK","result":{"id":1,"name":"123","age":1,"pwd":"123","token":"eyJhbGciOiJIUzI1NiJ9.eyJpc3MiOiJjb21tdW5pdHlfdXNlciIsIm5hbWUiOiIxMjMiLCJleHAiOjE1ODkyNjg0MDYsInB3ZCI6IjEyMyIsInRzIjoiMTU4OTE4MjAwNiJ9.yY6DbMzp031zgjZsVcio4dDkY8xubnLvIOuIjsEPD3s","avatarUrl":"1","accountId":"陈晓跃"}}
2020-05-11 18:56:01.021 [http-nio-8083-exec-2] INFO  [org.zalando.logbook.Logbook:79] [b0335529c945d690,27e5b1a86357f613] - Incoming Request: fcb10d0b9ecd5bf1
GET http://DESKTOP-K5RUUL2:8083/notification/countUnread?userId=1&status=0 HTTP/1.1
x-b3-parentspanid: b0335529c945d690
x-b3-traceid: b0335529c945d690
x-b3-spanid: 27e5b1a86357f613
x-b3-sampled: 1
host: DESKTOP-K5RUUL2:8083
connection: Keep-Alive
accept-encoding: gzip,deflate
user-agent: agent
accept: application/json, application/*+json
2020-05-11 18:56:01.023 [http-nio-8083-exec-2] INFO  [org.zalando.logbook.Logbook:84] [b0335529c945d690,27e5b1a86357f613] - Outgoing Response: fcb10d0b9ecd5bf1
Duration: 3 ms
HTTP/1.1 200 OK
Transfer-Encoding: chunked
Keep-Alive: timeout=60
Connection: keep-alive
Date: Mon, 11 May 2020 10:56:01 GMT
Content-Type: application/json

{"code":0,"msg":"OK","result":7}
2020-05-11 18:56:44.802 [http-nio-8083-exec-4] INFO  [org.zalando.logbook.Logbook:79] [ffb542483bfc86a1,33b34df37aec2c02] - Incoming Request: e77831a4c1629d27
GET http://DESKTOP-K5RUUL2:8083/question/list?offset=0&size=4 HTTP/1.1
x-b3-parentspanid: afc64a1d75be5c59
x-b3-traceid: ffb542483bfc86a1
x-b3-spanid: 33b34df37aec2c02
x-b3-sampled: 1
host: DESKTOP-K5RUUL2:8083
connection: Keep-Alive
accept-encoding: gzip,deflate
user-agent: agent
accept: application/json, application/*+json
2020-05-11 18:56:44.808 [http-nio-8083-exec-4] INFO  [org.zalando.logbook.Logbook:84] [ffb542483bfc86a1,33b34df37aec2c02] - Outgoing Response: e77831a4c1629d27
Duration: 6 ms
HTTP/1.1 200 OK
Transfer-Encoding: chunked
Keep-Alive: timeout=60
Connection: keep-alive
Date: Mon, 11 May 2020 10:56:44 GMT
Content-Type: application/json

{"code":0,"msg":"OK","result":[{"id":25,"title":"发布文章测试","description":"发布文章测试","tag":"js,php","gmtCreate":1587794699373,"gmtModified":1587794699373,"creator":1,"viewCount":0,"commentCount":0,"likeCount":null},{"id":24,"title":"什么是微服务，微服务的好处","description":"\t在微服务架构中，业务被拆分成多个高内聚低耦合的小型服务，每个小型服务都称作一个微服务，而每个微服务都可以运行在独立进程中，在整体架构中执行单独的任务，负责自己的功能。服务与服务之间可以相互调用，采用轻量级通信机制，独立自动部署，在每个微服务里面可以用不同的语言以及不同的存储技术。\r\n\t因此，微服务的优点显而易见，这也是让微服务架构成为热门架构的原因：\r\n\t第一点：易于开发和维护，每个微服务可由一个人或者一个小组进行开发和维护，微服务相对来说工程量较小，易于理解；\r\n\t第二点：独立部署，一个微服务的修改不需要协调其他的服务，节省了开发人员之间的沟通成本；\r\n\t第三点：伸缩性强，每个微服务都可以进行单独的横向和纵向上扩展，并且我们可以根据每个服务对硬件需求的不同进行定制化地升级和扩容，随着业务规模的扩大，我们可以进行进一步的拆分，进一步进行系统级的扩展。\r\n\t第四点：与组织结构相匹配，当出现异常日志的时候，我们可以通过划分不同的服务，交给不同的团队进行维护，减少维护、沟通成本；\t第五点：技术异构性，每个服务可以根据自身需求选择最适合该服务的技术进行开发。","tag":"java","gmtCreate":1587791267506,"gmtModified":1587791267506,"creator":1,"viewCount":17,"commentCount":3,"likeCount":null},{"id":23,"title":"最新文章","description":"123","tag":"python,java","gmtCreate":1587748463351,"gmtModified":1587748463351,"creator":1,"viewCount":1,"commentCount":0,"likeCount":null},{"id":22,"title":"编程之美","description":"132","tag":"java","gmtCreate":1587748280171,"gmtModified":1587748280171,"creator":1,"viewCount":0,"commentCount":0,"likeCount":null}]}
2020-05-11 18:56:44.878 [http-nio-8083-exec-3] INFO  [org.zalando.logbook.Logbook:79] [ffb542483bfc86a1,30a434565db6f221] - Incoming Request: c517e4adc8eaf592
GET http://DESKTOP-K5RUUL2:8083/question/list?offset=4&size=4 HTTP/1.1
x-b3-parentspanid: cf0e43611bca4ca0
x-b3-traceid: ffb542483bfc86a1
x-b3-spanid: 30a434565db6f221
x-b3-sampled: 1
host: DESKTOP-K5RUUL2:8083
connection: Keep-Alive
accept-encoding: gzip,deflate
user-agent: agent
accept: application/json, application/*+json
2020-05-11 18:56:44.882 [http-nio-8083-exec-3] INFO  [org.zalando.logbook.Logbook:84] [ffb542483bfc86a1,30a434565db6f221] - Outgoing Response: c517e4adc8eaf592
Duration: 6 ms
HTTP/1.1 200 OK
Transfer-Encoding: chunked
Keep-Alive: timeout=60
Connection: keep-alive
Date: Mon, 11 May 2020 10:56:44 GMT
Content-Type: application/json

{"code":0,"msg":"OK","result":[{"id":21,"title":"从0开始学JAVA","description":"123","tag":"java","gmtCreate":1587748265666,"gmtModified":1587748265666,"creator":1,"viewCount":0,"commentCount":0,"likeCount":null},{"id":20,"title":"微服务架构如何考虑？","description":"123","tag":"java","gmtCreate":1587748221949,"gmtModified":1587748221949,"creator":1,"viewCount":0,"commentCount":0,"likeCount":null},{"id":19,"title":"如何快速学习java","description":"123","tag":"java,php","gmtCreate":1587748189578,"gmtModified":1587748189578,"creator":1,"viewCount":0,"commentCount":0,"likeCount":null},{"id":16,"title":"热门标签","description":"123是科技部对UI安管部卡斯比接口的把会计师不安居客吧开发背带裤","tag":"php,js,java","gmtCreate":1587463038397,"gmtModified":1587463038397,"creator":1,"viewCount":0,"commentCount":0,"likeCount":null}]}
2020-05-11 18:56:44.891 [http-nio-8083-exec-5] INFO  [org.zalando.logbook.Logbook:79] [ffb542483bfc86a1,47dcaa467d6f6084] - Incoming Request: ad972912fcbb7323
GET http://DESKTOP-K5RUUL2:8083/question/list?offset=8&size=4 HTTP/1.1
x-b3-parentspanid: 84fd8827d0ccc270
x-b3-traceid: ffb542483bfc86a1
x-b3-spanid: 47dcaa467d6f6084
x-b3-sampled: 1
host: DESKTOP-K5RUUL2:8083
connection: Keep-Alive
accept-encoding: gzip,deflate
user-agent: agent
accept: application/json, application/*+json
2020-05-11 18:56:44.896 [http-nio-8083-exec-5] INFO  [org.zalando.logbook.Logbook:84] [ffb542483bfc86a1,47dcaa467d6f6084] - Outgoing Response: ad972912fcbb7323
Duration: 6 ms
HTTP/1.1 200 OK
Transfer-Encoding: chunked
Keep-Alive: timeout=60
Connection: keep-alive
Date: Mon, 11 May 2020 10:56:44 GMT
Content-Type: application/json

{"code":0,"msg":"OK","result":[]}
2020-05-11 18:58:07.636 [http-nio-8083-exec-7] INFO  [org.zalando.logbook.Logbook:79] [40e6d5547e3a8044,7849783a766c35ce] - Incoming Request: 8dbd82246de4ce19
GET http://DESKTOP-K5RUUL2:8083/user/get?token=eyJhbGciOiJIUzI1NiJ9.eyJpc3MiOiJjb21tdW5pdHlfdXNlciIsIm5hbWUiOiIxMjMiLCJleHAiOjE1ODkyNjg0MDYsInB3ZCI6IjEyMyIsInRzIjoiMTU4OTE4MjAwNiJ9.yY6DbMzp031zgjZsVcio4dDkY8xubnLvIOuIjsEPD3s HTTP/1.1
x-b3-parentspanid: 40e6d5547e3a8044
x-b3-traceid: 40e6d5547e3a8044
x-b3-spanid: 7849783a766c35ce
x-b3-sampled: 1
host: DESKTOP-K5RUUL2:8083
connection: Keep-Alive
accept-encoding: gzip,deflate
user-agent: agent
accept: application/json, application/*+json
2020-05-11 18:58:07.643 [http-nio-8083-exec-7] INFO  [org.zalando.logbook.Logbook:84] [40e6d5547e3a8044,7849783a766c35ce] - Outgoing Response: 8dbd82246de4ce19
Duration: 8 ms
HTTP/1.1 200 OK
Transfer-Encoding: chunked
Keep-Alive: timeout=60
Connection: keep-alive
Date: Mon, 11 May 2020 10:58:07 GMT
Content-Type: application/json

{"code":0,"msg":"OK","result":{"id":1,"name":"123","age":1,"pwd":"123","token":"eyJhbGciOiJIUzI1NiJ9.eyJpc3MiOiJjb21tdW5pdHlfdXNlciIsIm5hbWUiOiIxMjMiLCJleHAiOjE1ODkyNjg0MDYsInB3ZCI6IjEyMyIsInRzIjoiMTU4OTE4MjAwNiJ9.yY6DbMzp031zgjZsVcio4dDkY8xubnLvIOuIjsEPD3s","avatarUrl":"1","accountId":"陈晓跃"}}
2020-05-11 18:58:07.658 [http-nio-8083-exec-9] INFO  [org.zalando.logbook.Logbook:79] [40e6d5547e3a8044,a1fb37325b6d4fa6] - Incoming Request: c49e9c3e7b1caab7
GET http://DESKTOP-K5RUUL2:8083/notification/countUnread?userId=1&status=0 HTTP/1.1
x-b3-parentspanid: 40e6d5547e3a8044
x-b3-traceid: 40e6d5547e3a8044
x-b3-spanid: a1fb37325b6d4fa6
x-b3-sampled: 1
host: DESKTOP-K5RUUL2:8083
connection: Keep-Alive
accept-encoding: gzip,deflate
user-agent: agent
accept: application/json, application/*+json
2020-05-11 18:58:07.661 [http-nio-8083-exec-9] INFO  [org.zalando.logbook.Logbook:84] [40e6d5547e3a8044,a1fb37325b6d4fa6] - Outgoing Response: c49e9c3e7b1caab7
Duration: 4 ms
HTTP/1.1 200 OK
Transfer-Encoding: chunked
Keep-Alive: timeout=60
Connection: keep-alive
Date: Mon, 11 May 2020 10:58:07 GMT
Content-Type: application/json

{"code":0,"msg":"OK","result":7}
2020-05-11 18:58:52.191 [AsyncResolver-bootstrap-executor-0] INFO  [com.netflix.discovery.shared.resolver.aws.ConfigClusterResolver:43] [,] - Resolving eureka endpoints via configuration
