2020-04-25 00:36:31.549  [http-nio-8083-exec-1] DEBUG [com.hzu.community.mapper.QuestionMapper.selectQuestion:] [e5154636908f6173,e5154636908f6173,] - ==>  Preparing: select * from question order by gmt_create desc limit ?,? 
2020-04-25 00:36:31.602  [http-nio-8083-exec-1] DEBUG [com.hzu.community.mapper.QuestionMapper.selectQuestion:] [e5154636908f6173,e5154636908f6173,] - ==> Parameters: 1(Integer), 4(Integer)
2020-04-25 00:36:31.646  [http-nio-8083-exec-1] DEBUG [com.hzu.community.mapper.QuestionMapper.selectQuestion:] [e5154636908f6173,e5154636908f6173,] - <==      Total: 4
2020-04-25 00:49:44.855  [http-nio-8083-exec-3] DEBUG [com.hzu.community.mapper.QuestionMapper.count:] [d2fcd2699a76f819,d89890a65c40fc5a,3b1d89c7a4aeee70] - ==>  Preparing: select count(id) from question 
2020-04-25 00:49:44.856  [http-nio-8083-exec-3] DEBUG [com.hzu.community.mapper.QuestionMapper.count:] [d2fcd2699a76f819,d89890a65c40fc5a,3b1d89c7a4aeee70] - ==> Parameters: 
2020-04-25 00:49:44.864  [http-nio-8083-exec-3] DEBUG [com.hzu.community.mapper.QuestionMapper.count:] [d2fcd2699a76f819,d89890a65c40fc5a,3b1d89c7a4aeee70] - <==      Total: 1
2020-04-25 00:49:45.000  [http-nio-8083-exec-4] DEBUG [com.hzu.community.mapper.QuestionMapper.selectQuestion:] [d2fcd2699a76f819,8e4533b988c1218a,a77e8aea6e5b1ff6] - ==>  Preparing: select * from question order by gmt_create desc limit ?,? 
2020-04-25 00:49:45.001  [http-nio-8083-exec-4] DEBUG [com.hzu.community.mapper.QuestionMapper.selectQuestion:] [d2fcd2699a76f819,8e4533b988c1218a,a77e8aea6e5b1ff6] - ==> Parameters: 0(Integer), 5(Integer)
2020-04-25 00:49:45.004  [http-nio-8083-exec-4] DEBUG [com.hzu.community.mapper.QuestionMapper.selectQuestion:] [d2fcd2699a76f819,8e4533b988c1218a,a77e8aea6e5b1ff6] - <==      Total: 5
2020-04-25 00:49:46.363  [http-nio-8083-exec-5] DEBUG [com.hzu.community.mapper.UserMapper.selectById:] [d2fcd2699a76f819,3e14a6d15c1ccea6,d2fcd2699a76f819] - ==>  Preparing: select * from user where id = ? 
2020-04-25 00:49:46.375  [http-nio-8083-exec-5] DEBUG [com.hzu.community.mapper.UserMapper.selectById:] [d2fcd2699a76f819,3e14a6d15c1ccea6,d2fcd2699a76f819] - ==> Parameters: 1(Integer)
2020-04-25 00:49:46.383  [http-nio-8083-exec-5] DEBUG [com.hzu.community.mapper.UserMapper.selectById:] [d2fcd2699a76f819,3e14a6d15c1ccea6,d2fcd2699a76f819] - <==      Total: 1
2020-04-25 00:49:57.548  [http-nio-8083-exec-10] DEBUG [com.hzu.community.mapper.UserMapper.select:] [d9923fdb584721aa,319e30a6c315bcc1,d9923fdb584721aa] - ==>  Preparing: select * from user WHERE pwd = ? and name = ? 
2020-04-25 00:49:57.549  [http-nio-8083-exec-10] DEBUG [com.hzu.community.mapper.UserMapper.select:] [d9923fdb584721aa,319e30a6c315bcc1,d9923fdb584721aa] - ==> Parameters: 123(String), 123(String)
2020-04-25 00:49:57.555  [http-nio-8083-exec-10] DEBUG [com.hzu.community.mapper.UserMapper.select:] [d9923fdb584721aa,319e30a6c315bcc1,d9923fdb584721aa] - <==      Total: 1
2020-04-25 00:49:57.740  [http-nio-8083-exec-1] DEBUG [com.hzu.community.mapper.UserMapper.select:] [136c21f7cf26f398,ab1976f128763166,136c21f7cf26f398] - ==>  Preparing: select * from user WHERE name = ? 
2020-04-25 00:49:57.740  [http-nio-8083-exec-1] DEBUG [com.hzu.community.mapper.UserMapper.select:] [136c21f7cf26f398,ab1976f128763166,136c21f7cf26f398] - ==> Parameters: 123(String)
2020-04-25 00:49:57.742  [http-nio-8083-exec-1] DEBUG [com.hzu.community.mapper.UserMapper.select:] [136c21f7cf26f398,ab1976f128763166,136c21f7cf26f398] - <==      Total: 1
2020-04-25 00:49:57.756  [http-nio-8083-exec-2] DEBUG [com.hzu.community.mapper.NotificationMapper.countUnread:] [136c21f7cf26f398,fd0bdaa32605e7c4,136c21f7cf26f398] - ==>  Preparing: select count(*) from notification where receiver = ? and status = ? 
2020-04-25 00:49:57.756  [http-nio-8083-exec-2] DEBUG [com.hzu.community.mapper.NotificationMapper.countUnread:] [136c21f7cf26f398,fd0bdaa32605e7c4,136c21f7cf26f398] - ==> Parameters: 1(Integer), 0(Integer)
2020-04-25 00:49:57.757  [http-nio-8083-exec-2] DEBUG [com.hzu.community.mapper.NotificationMapper.countUnread:] [136c21f7cf26f398,fd0bdaa32605e7c4,136c21f7cf26f398] - <==      Total: 1
2020-04-25 00:49:57.767  [http-nio-8083-exec-3] DEBUG [com.hzu.community.mapper.QuestionMapper.count:] [136c21f7cf26f398,23fd309ca34e2947,c94a3ecc958c86ca] - ==>  Preparing: select count(id) from question 
2020-04-25 00:49:57.767  [http-nio-8083-exec-3] DEBUG [com.hzu.community.mapper.QuestionMapper.count:] [136c21f7cf26f398,23fd309ca34e2947,c94a3ecc958c86ca] - ==> Parameters: 
2020-04-25 00:49:57.768  [http-nio-8083-exec-3] DEBUG [com.hzu.community.mapper.QuestionMapper.count:] [136c21f7cf26f398,23fd309ca34e2947,c94a3ecc958c86ca] - <==      Total: 1
2020-04-25 00:49:57.779  [http-nio-8083-exec-4] DEBUG [com.hzu.community.mapper.QuestionMapper.selectQuestion:] [136c21f7cf26f398,ae56ee2e36feaad1,676b4fc7126fb5cc] - ==>  Preparing: select * from question order by gmt_create desc limit ?,? 
2020-04-25 00:49:57.779  [http-nio-8083-exec-4] DEBUG [com.hzu.community.mapper.QuestionMapper.selectQuestion:] [136c21f7cf26f398,ae56ee2e36feaad1,676b4fc7126fb5cc] - ==> Parameters: 0(Integer), 5(Integer)
2020-04-25 00:49:57.782  [http-nio-8083-exec-4] DEBUG [com.hzu.community.mapper.QuestionMapper.selectQuestion:] [136c21f7cf26f398,ae56ee2e36feaad1,676b4fc7126fb5cc] - <==      Total: 5
2020-04-25 00:49:57.906  [http-nio-8083-exec-10] DEBUG [com.hzu.community.mapper.UserMapper.select:] [dae21647838ca34b,474fb0bd8ae983a8,dae21647838ca34b] - ==>  Preparing: select * from user WHERE name = ? 
2020-04-25 00:49:57.907  [http-nio-8083-exec-10] DEBUG [com.hzu.community.mapper.UserMapper.select:] [dae21647838ca34b,474fb0bd8ae983a8,dae21647838ca34b] - ==> Parameters: 123(String)
2020-04-25 00:49:57.908  [http-nio-8083-exec-10] DEBUG [com.hzu.community.mapper.UserMapper.select:] [dae21647838ca34b,474fb0bd8ae983a8,dae21647838ca34b] - <==      Total: 1
2020-04-25 00:49:57.918  [http-nio-8083-exec-1] DEBUG [com.hzu.community.mapper.NotificationMapper.countUnread:] [dae21647838ca34b,08d593badcca69e4,dae21647838ca34b] - ==>  Preparing: select count(*) from notification where receiver = ? and status = ? 
2020-04-25 00:49:57.918  [http-nio-8083-exec-1] DEBUG [com.hzu.community.mapper.NotificationMapper.countUnread:] [dae21647838ca34b,08d593badcca69e4,dae21647838ca34b] - ==> Parameters: 1(Integer), 0(Integer)
2020-04-25 00:49:57.919  [http-nio-8083-exec-1] DEBUG [com.hzu.community.mapper.NotificationMapper.countUnread:] [dae21647838ca34b,08d593badcca69e4,dae21647838ca34b] - <==      Total: 1
2020-04-25 00:50:05.905  [http-nio-8083-exec-2] DEBUG [com.hzu.community.mapper.UserMapper.select:] [c2b3156ed2351528,9cfb7da1c2b3900a,c2b3156ed2351528] - ==>  Preparing: select * from user WHERE name = ? 
2020-04-25 00:50:05.905  [http-nio-8083-exec-2] DEBUG [com.hzu.community.mapper.UserMapper.select:] [c2b3156ed2351528,9cfb7da1c2b3900a,c2b3156ed2351528] - ==> Parameters: 123(String)
2020-04-25 00:50:05.907  [http-nio-8083-exec-2] DEBUG [com.hzu.community.mapper.UserMapper.select:] [c2b3156ed2351528,9cfb7da1c2b3900a,c2b3156ed2351528] - <==      Total: 1
2020-04-25 00:50:05.916  [http-nio-8083-exec-3] DEBUG [com.hzu.community.mapper.NotificationMapper.countUnread:] [c2b3156ed2351528,57d68befe3405e0e,c2b3156ed2351528] - ==>  Preparing: select count(*) from notification where receiver = ? and status = ? 
2020-04-25 00:50:05.917  [http-nio-8083-exec-3] DEBUG [com.hzu.community.mapper.NotificationMapper.countUnread:] [c2b3156ed2351528,57d68befe3405e0e,c2b3156ed2351528] - ==> Parameters: 1(Integer), 0(Integer)
2020-04-25 00:50:05.918  [http-nio-8083-exec-3] DEBUG [com.hzu.community.mapper.NotificationMapper.countUnread:] [c2b3156ed2351528,57d68befe3405e0e,c2b3156ed2351528] - <==      Total: 1
2020-04-25 00:50:11.310  [http-nio-8083-exec-4] DEBUG [com.hzu.community.mapper.UserMapper.select:] [c7b01b98bc72c079,a613efc9c34dc1dc,c7b01b98bc72c079] - ==>  Preparing: select * from user WHERE name = ? 
2020-04-25 00:50:11.310  [http-nio-8083-exec-4] DEBUG [com.hzu.community.mapper.UserMapper.select:] [c7b01b98bc72c079,a613efc9c34dc1dc,c7b01b98bc72c079] - ==> Parameters: 123(String)
2020-04-25 00:50:11.312  [http-nio-8083-exec-4] DEBUG [com.hzu.community.mapper.UserMapper.select:] [c7b01b98bc72c079,a613efc9c34dc1dc,c7b01b98bc72c079] - <==      Total: 1
2020-04-25 00:50:11.321  [http-nio-8083-exec-5] DEBUG [com.hzu.community.mapper.NotificationMapper.countUnread:] [c7b01b98bc72c079,3b03d24752a1e1ec,c7b01b98bc72c079] - ==>  Preparing: select count(*) from notification where receiver = ? and status = ? 
2020-04-25 00:50:11.322  [http-nio-8083-exec-5] DEBUG [com.hzu.community.mapper.NotificationMapper.countUnread:] [c7b01b98bc72c079,3b03d24752a1e1ec,c7b01b98bc72c079] - ==> Parameters: 1(Integer), 0(Integer)
2020-04-25 00:50:11.323  [http-nio-8083-exec-5] DEBUG [com.hzu.community.mapper.NotificationMapper.countUnread:] [c7b01b98bc72c079,3b03d24752a1e1ec,c7b01b98bc72c079] - <==      Total: 1
2020-04-25 00:51:01.153  [http-nio-8083-exec-7] DEBUG [com.hzu.community.mapper.QuestionMapper.selectQuestion:] [0769695de0efa083,43e9528daff30e5a,3ed9acd9336f43ae] - ==>  Preparing: select * from question order by gmt_create desc limit ?,? 
2020-04-25 00:51:01.155  [http-nio-8083-exec-7] DEBUG [com.hzu.community.mapper.QuestionMapper.selectQuestion:] [0769695de0efa083,43e9528daff30e5a,3ed9acd9336f43ae] - ==> Parameters: 0(Integer), 4(Integer)
2020-04-25 00:51:01.161  [http-nio-8083-exec-7] DEBUG [com.hzu.community.mapper.QuestionMapper.selectQuestion:] [0769695de0efa083,43e9528daff30e5a,3ed9acd9336f43ae] - <==      Total: 4
2020-04-25 00:51:01.211  [http-nio-8083-exec-8] DEBUG [com.hzu.community.mapper.QuestionMapper.selectQuestion:] [0769695de0efa083,2812316137b361d9,37c9253d7c26e089] - ==>  Preparing: select * from question order by gmt_create desc limit ?,? 
2020-04-25 00:51:01.211  [http-nio-8083-exec-8] DEBUG [com.hzu.community.mapper.QuestionMapper.selectQuestion:] [0769695de0efa083,2812316137b361d9,37c9253d7c26e089] - ==> Parameters: 4(Integer), 4(Integer)
2020-04-25 00:51:01.213  [http-nio-8083-exec-8] DEBUG [com.hzu.community.mapper.QuestionMapper.selectQuestion:] [0769695de0efa083,2812316137b361d9,37c9253d7c26e089] - <==      Total: 1
2020-04-25 00:51:16.198  [http-nio-8083-exec-9] DEBUG [com.hzu.community.mapper.UserMapper.select:] [4c538766d3cf4ba1,dca95eb181f83720,4c538766d3cf4ba1] - ==>  Preparing: select * from user WHERE name = ? 
2020-04-25 00:51:16.199  [http-nio-8083-exec-9] DEBUG [com.hzu.community.mapper.UserMapper.select:] [4c538766d3cf4ba1,dca95eb181f83720,4c538766d3cf4ba1] - ==> Parameters: 123(String)
2020-04-25 00:51:16.200  [http-nio-8083-exec-9] DEBUG [com.hzu.community.mapper.UserMapper.select:] [4c538766d3cf4ba1,dca95eb181f83720,4c538766d3cf4ba1] - <==      Total: 1
2020-04-25 00:51:16.215  [http-nio-8083-exec-10] DEBUG [com.hzu.community.mapper.NotificationMapper.countUnread:] [4c538766d3cf4ba1,884b79a538c68e44,4c538766d3cf4ba1] - ==>  Preparing: select count(*) from notification where receiver = ? and status = ? 
2020-04-25 00:51:16.215  [http-nio-8083-exec-10] DEBUG [com.hzu.community.mapper.NotificationMapper.countUnread:] [4c538766d3cf4ba1,884b79a538c68e44,4c538766d3cf4ba1] - ==> Parameters: 1(Integer), 0(Integer)
2020-04-25 00:51:16.216  [http-nio-8083-exec-10] DEBUG [com.hzu.community.mapper.NotificationMapper.countUnread:] [4c538766d3cf4ba1,884b79a538c68e44,4c538766d3cf4ba1] - <==      Total: 1
2020-04-25 00:55:40.533  [http-nio-8083-exec-2] DEBUG [com.hzu.community.mapper.QuestionMapper.selectQuestion:] [4592e2de8cc4ea07,7890bb8633ba4cee,23f13d6bd9bb591e] - ==>  Preparing: select * from question order by gmt_create desc limit ?,? 
2020-04-25 00:55:40.534  [http-nio-8083-exec-2] DEBUG [com.hzu.community.mapper.QuestionMapper.selectQuestion:] [4592e2de8cc4ea07,7890bb8633ba4cee,23f13d6bd9bb591e] - ==> Parameters: 0(Integer), 4(Integer)
2020-04-25 00:55:40.536  [http-nio-8083-exec-2] DEBUG [com.hzu.community.mapper.QuestionMapper.selectQuestion:] [4592e2de8cc4ea07,7890bb8633ba4cee,23f13d6bd9bb591e] - <==      Total: 4
2020-04-25 00:55:40.586  [http-nio-8083-exec-3] DEBUG [com.hzu.community.mapper.QuestionMapper.selectQuestion:] [4592e2de8cc4ea07,6f4187345009ef1e,5c968ff3f51424d4] - ==>  Preparing: select * from question order by gmt_create desc limit ?,? 
2020-04-25 00:55:40.586  [http-nio-8083-exec-3] DEBUG [com.hzu.community.mapper.QuestionMapper.selectQuestion:] [4592e2de8cc4ea07,6f4187345009ef1e,5c968ff3f51424d4] - ==> Parameters: 4(Integer), 4(Integer)
2020-04-25 00:55:40.588  [http-nio-8083-exec-3] DEBUG [com.hzu.community.mapper.QuestionMapper.selectQuestion:] [4592e2de8cc4ea07,6f4187345009ef1e,5c968ff3f51424d4] - <==      Total: 1
2020-04-25 00:56:15.841  [http-nio-8083-exec-4] DEBUG [com.hzu.community.mapper.UserMapper.select:] [dac78e9c3be89e80,d82fa68f488f7ac6,dac78e9c3be89e80] - ==>  Preparing: select * from user WHERE name = ? 
2020-04-25 00:56:15.841  [http-nio-8083-exec-4] DEBUG [com.hzu.community.mapper.UserMapper.select:] [dac78e9c3be89e80,d82fa68f488f7ac6,dac78e9c3be89e80] - ==> Parameters: 123(String)
2020-04-25 00:56:15.842  [http-nio-8083-exec-4] DEBUG [com.hzu.community.mapper.UserMapper.select:] [dac78e9c3be89e80,d82fa68f488f7ac6,dac78e9c3be89e80] - <==      Total: 1
2020-04-25 00:56:15.856  [http-nio-8083-exec-5] DEBUG [com.hzu.community.mapper.NotificationMapper.countUnread:] [dac78e9c3be89e80,8ce4e2005bbeca3a,dac78e9c3be89e80] - ==>  Preparing: select count(*) from notification where receiver = ? and status = ? 
2020-04-25 00:56:15.856  [http-nio-8083-exec-5] DEBUG [com.hzu.community.mapper.NotificationMapper.countUnread:] [dac78e9c3be89e80,8ce4e2005bbeca3a,dac78e9c3be89e80] - ==> Parameters: 1(Integer), 0(Integer)
2020-04-25 00:56:15.857  [http-nio-8083-exec-5] DEBUG [com.hzu.community.mapper.NotificationMapper.countUnread:] [dac78e9c3be89e80,8ce4e2005bbeca3a,dac78e9c3be89e80] - <==      Total: 1
2020-04-25 00:57:29.693  [http-nio-8083-exec-7] DEBUG [com.hzu.community.mapper.QuestionMapper.selectQuestion:] [9a2dd10745f0545d,c529ac0eba879e13,27b07e16238d2970] - ==>  Preparing: select * from question order by gmt_create desc limit ?,? 
2020-04-25 00:57:29.693  [http-nio-8083-exec-7] DEBUG [com.hzu.community.mapper.QuestionMapper.selectQuestion:] [9a2dd10745f0545d,c529ac0eba879e13,27b07e16238d2970] - ==> Parameters: 0(Integer), 4(Integer)
2020-04-25 00:57:29.696  [http-nio-8083-exec-7] DEBUG [com.hzu.community.mapper.QuestionMapper.selectQuestion:] [9a2dd10745f0545d,c529ac0eba879e13,27b07e16238d2970] - <==      Total: 4
2020-04-25 00:57:29.795  [http-nio-8083-exec-8] DEBUG [com.hzu.community.mapper.QuestionMapper.selectQuestion:] [9a2dd10745f0545d,5682de1784b668f1,a99a803b7b6ebabf] - ==>  Preparing: select * from question order by gmt_create desc limit ?,? 
2020-04-25 00:57:29.795  [http-nio-8083-exec-8] DEBUG [com.hzu.community.mapper.QuestionMapper.selectQuestion:] [9a2dd10745f0545d,5682de1784b668f1,a99a803b7b6ebabf] - ==> Parameters: 4(Integer), 4(Integer)
2020-04-25 00:57:29.797  [http-nio-8083-exec-8] DEBUG [com.hzu.community.mapper.QuestionMapper.selectQuestion:] [9a2dd10745f0545d,5682de1784b668f1,a99a803b7b6ebabf] - <==      Total: 1
2020-04-25 00:57:32.817  [http-nio-8083-exec-9] DEBUG [com.hzu.community.mapper.UserMapper.select:] [100a3bcff2ee941b,3169b8150e3a5c82,100a3bcff2ee941b] - ==>  Preparing: select * from user WHERE name = ? 
2020-04-25 00:57:32.818  [http-nio-8083-exec-9] DEBUG [com.hzu.community.mapper.UserMapper.select:] [100a3bcff2ee941b,3169b8150e3a5c82,100a3bcff2ee941b] - ==> Parameters: 123(String)
2020-04-25 00:57:32.819  [http-nio-8083-exec-9] DEBUG [com.hzu.community.mapper.UserMapper.select:] [100a3bcff2ee941b,3169b8150e3a5c82,100a3bcff2ee941b] - <==      Total: 1
2020-04-25 00:57:32.833  [http-nio-8083-exec-10] DEBUG [com.hzu.community.mapper.NotificationMapper.countUnread:] [100a3bcff2ee941b,751f23bdc1ed52ac,100a3bcff2ee941b] - ==>  Preparing: select count(*) from notification where receiver = ? and status = ? 
2020-04-25 00:57:32.833  [http-nio-8083-exec-10] DEBUG [com.hzu.community.mapper.NotificationMapper.countUnread:] [100a3bcff2ee941b,751f23bdc1ed52ac,100a3bcff2ee941b] - ==> Parameters: 1(Integer), 0(Integer)
2020-04-25 00:57:32.834  [http-nio-8083-exec-10] DEBUG [com.hzu.community.mapper.NotificationMapper.countUnread:] [100a3bcff2ee941b,751f23bdc1ed52ac,100a3bcff2ee941b] - <==      Total: 1
