2020-04-25 16:06:07.194  [http-nio-8083-exec-10] DEBUG [com.hzu.community.mapper.QuestionMapper.selectQuestion:] [78b71b63ddeb21bc,7ab4db821840e46b,0035317af53833f1] - ==>  Preparing: select * from question order by gmt_create desc limit ?,? 
2020-04-25 16:06:07.194  [http-nio-8083-exec-10] DEBUG [com.hzu.community.mapper.QuestionMapper.selectQuestion:] [78b71b63ddeb21bc,7ab4db821840e46b,0035317af53833f1] - ==> Parameters: 0(Integer), 4(Integer)
2020-04-25 16:06:07.196  [http-nio-8083-exec-10] DEBUG [com.hzu.community.mapper.QuestionMapper.selectQuestion:] [78b71b63ddeb21bc,7ab4db821840e46b,0035317af53833f1] - <==      Total: 4
2020-04-25 16:06:07.244  [http-nio-8083-exec-7] DEBUG [com.hzu.community.mapper.QuestionMapper.selectQuestion:] [78b71b63ddeb21bc,58524b6bb1f7c5d9,0815c9d5ce646c8c] - ==>  Preparing: select * from question order by gmt_create desc limit ?,? 
2020-04-25 16:06:07.245  [http-nio-8083-exec-7] DEBUG [com.hzu.community.mapper.QuestionMapper.selectQuestion:] [78b71b63ddeb21bc,58524b6bb1f7c5d9,0815c9d5ce646c8c] - ==> Parameters: 4(Integer), 4(Integer)
2020-04-25 16:06:07.246  [http-nio-8083-exec-7] DEBUG [com.hzu.community.mapper.QuestionMapper.selectQuestion:] [78b71b63ddeb21bc,58524b6bb1f7c5d9,0815c9d5ce646c8c] - <==      Total: 4
2020-04-25 16:06:07.255  [http-nio-8083-exec-3] DEBUG [com.hzu.community.mapper.QuestionMapper.selectQuestion:] [78b71b63ddeb21bc,2fd669d275bacfaf,259b93362b5c152d] - ==>  Preparing: select * from question order by gmt_create desc limit ?,? 
2020-04-25 16:06:07.255  [http-nio-8083-exec-3] DEBUG [com.hzu.community.mapper.QuestionMapper.selectQuestion:] [78b71b63ddeb21bc,2fd669d275bacfaf,259b93362b5c152d] - ==> Parameters: 8(Integer), 4(Integer)
2020-04-25 16:06:07.257  [http-nio-8083-exec-3] DEBUG [com.hzu.community.mapper.QuestionMapper.selectQuestion:] [78b71b63ddeb21bc,2fd669d275bacfaf,259b93362b5c152d] - <==      Total: 3
2020-04-25 16:06:31.877  [http-nio-8083-exec-2] DEBUG [com.hzu.community.mapper.QuestionMapper.count:] [8b38414ccb97ecc5,ce74bde22c6c7493,d167fac6222d5617] - ==>  Preparing: select count(id) from question 
2020-04-25 16:06:31.878  [http-nio-8083-exec-2] DEBUG [com.hzu.community.mapper.QuestionMapper.count:] [8b38414ccb97ecc5,ce74bde22c6c7493,d167fac6222d5617] - ==> Parameters: 
2020-04-25 16:06:31.878  [http-nio-8083-exec-2] DEBUG [com.hzu.community.mapper.QuestionMapper.count:] [8b38414ccb97ecc5,ce74bde22c6c7493,d167fac6222d5617] - <==      Total: 1
2020-04-25 16:06:31.892  [http-nio-8083-exec-6] DEBUG [com.hzu.community.mapper.QuestionMapper.selectQuestion:] [8b38414ccb97ecc5,78038474e5bd1674,3c674696e004f3e5] - ==>  Preparing: select * from question order by gmt_create desc limit ?,? 
2020-04-25 16:06:31.892  [http-nio-8083-exec-6] DEBUG [com.hzu.community.mapper.QuestionMapper.selectQuestion:] [8b38414ccb97ecc5,78038474e5bd1674,3c674696e004f3e5] - ==> Parameters: 0(Integer), 5(Integer)
2020-04-25 16:06:31.894  [http-nio-8083-exec-6] DEBUG [com.hzu.community.mapper.QuestionMapper.selectQuestion:] [8b38414ccb97ecc5,78038474e5bd1674,3c674696e004f3e5] - <==      Total: 5
2020-04-25 16:06:31.909  [http-nio-8083-exec-5] DEBUG [com.hzu.community.mapper.UserMapper.selectById:] [8b38414ccb97ecc5,48a3ec7ba010d9ee,8b38414ccb97ecc5] - ==>  Preparing: select * from user where id = ? 
2020-04-25 16:06:31.909  [http-nio-8083-exec-5] DEBUG [com.hzu.community.mapper.UserMapper.selectById:] [8b38414ccb97ecc5,48a3ec7ba010d9ee,8b38414ccb97ecc5] - ==> Parameters: 1(Integer)
2020-04-25 16:06:31.910  [http-nio-8083-exec-5] DEBUG [com.hzu.community.mapper.UserMapper.selectById:] [8b38414ccb97ecc5,48a3ec7ba010d9ee,8b38414ccb97ecc5] - <==      Total: 1
2020-04-25 16:06:36.926  [http-nio-8083-exec-6] DEBUG [com.hzu.community.mapper.UserMapper.select:] [fd387be59a9c4441,4241c7e13dfd1798,fd387be59a9c4441] - ==>  Preparing: select * from user WHERE pwd = ? and name = ? 
2020-04-25 16:06:36.926  [http-nio-8083-exec-6] DEBUG [com.hzu.community.mapper.UserMapper.select:] [fd387be59a9c4441,4241c7e13dfd1798,fd387be59a9c4441] - ==> Parameters: 123(String), 123(String)
2020-04-25 16:06:36.927  [http-nio-8083-exec-6] DEBUG [com.hzu.community.mapper.UserMapper.select:] [fd387be59a9c4441,4241c7e13dfd1798,fd387be59a9c4441] - <==      Total: 1
2020-04-25 16:06:37.023  [http-nio-8083-exec-5] DEBUG [com.hzu.community.mapper.UserMapper.select:] [70673f1be436ce41,8fb8a5df5a1e5702,70673f1be436ce41] - ==>  Preparing: select * from user WHERE name = ? 
2020-04-25 16:06:37.023  [http-nio-8083-exec-5] DEBUG [com.hzu.community.mapper.UserMapper.select:] [70673f1be436ce41,8fb8a5df5a1e5702,70673f1be436ce41] - ==> Parameters: 123(String)
2020-04-25 16:06:37.024  [http-nio-8083-exec-5] DEBUG [com.hzu.community.mapper.UserMapper.select:] [70673f1be436ce41,8fb8a5df5a1e5702,70673f1be436ce41] - <==      Total: 1
2020-04-25 16:06:37.037  [http-nio-8083-exec-8] DEBUG [com.hzu.community.mapper.NotificationMapper.countUnread:] [70673f1be436ce41,af9c205176b434e6,70673f1be436ce41] - ==>  Preparing: select count(*) from notification where receiver = ? and status = ? 
2020-04-25 16:06:37.037  [http-nio-8083-exec-8] DEBUG [com.hzu.community.mapper.NotificationMapper.countUnread:] [70673f1be436ce41,af9c205176b434e6,70673f1be436ce41] - ==> Parameters: 1(Integer), 0(Integer)
2020-04-25 16:06:37.038  [http-nio-8083-exec-8] DEBUG [com.hzu.community.mapper.NotificationMapper.countUnread:] [70673f1be436ce41,af9c205176b434e6,70673f1be436ce41] - <==      Total: 1
2020-04-25 16:06:37.049  [http-nio-8083-exec-1] DEBUG [com.hzu.community.mapper.QuestionMapper.count:] [70673f1be436ce41,ed4eb3ef71e30586,a00e50dc512e5946] - ==>  Preparing: select count(id) from question 
2020-04-25 16:06:37.049  [http-nio-8083-exec-1] DEBUG [com.hzu.community.mapper.QuestionMapper.count:] [70673f1be436ce41,ed4eb3ef71e30586,a00e50dc512e5946] - ==> Parameters: 
2020-04-25 16:06:37.050  [http-nio-8083-exec-1] DEBUG [com.hzu.community.mapper.QuestionMapper.count:] [70673f1be436ce41,ed4eb3ef71e30586,a00e50dc512e5946] - <==      Total: 1
2020-04-25 16:06:37.067  [http-nio-8083-exec-10] DEBUG [com.hzu.community.mapper.QuestionMapper.selectQuestion:] [70673f1be436ce41,ad96af330a344b9c,8b57a812fd8599b5] - ==>  Preparing: select * from question order by gmt_create desc limit ?,? 
2020-04-25 16:06:37.067  [http-nio-8083-exec-10] DEBUG [com.hzu.community.mapper.QuestionMapper.selectQuestion:] [70673f1be436ce41,ad96af330a344b9c,8b57a812fd8599b5] - ==> Parameters: 0(Integer), 5(Integer)
2020-04-25 16:06:37.069  [http-nio-8083-exec-10] DEBUG [com.hzu.community.mapper.QuestionMapper.selectQuestion:] [70673f1be436ce41,ad96af330a344b9c,8b57a812fd8599b5] - <==      Total: 5
2020-04-25 16:06:39.746  [http-nio-8083-exec-6] DEBUG [com.hzu.community.mapper.UserMapper.select:] [66a1123ef0a941de,11bdbfc792d5c0ce,66a1123ef0a941de] - ==>  Preparing: select * from user WHERE name = ? 
2020-04-25 16:06:39.746  [http-nio-8083-exec-6] DEBUG [com.hzu.community.mapper.UserMapper.select:] [66a1123ef0a941de,11bdbfc792d5c0ce,66a1123ef0a941de] - ==> Parameters: 123(String)
2020-04-25 16:06:39.747  [http-nio-8083-exec-6] DEBUG [com.hzu.community.mapper.UserMapper.select:] [66a1123ef0a941de,11bdbfc792d5c0ce,66a1123ef0a941de] - <==      Total: 1
2020-04-25 16:06:39.756  [http-nio-8083-exec-5] DEBUG [com.hzu.community.mapper.NotificationMapper.countUnread:] [66a1123ef0a941de,f6ef048118c5ea20,66a1123ef0a941de] - ==>  Preparing: select count(*) from notification where receiver = ? and status = ? 
2020-04-25 16:06:39.756  [http-nio-8083-exec-5] DEBUG [com.hzu.community.mapper.NotificationMapper.countUnread:] [66a1123ef0a941de,f6ef048118c5ea20,66a1123ef0a941de] - ==> Parameters: 1(Integer), 0(Integer)
2020-04-25 16:06:39.757  [http-nio-8083-exec-5] DEBUG [com.hzu.community.mapper.NotificationMapper.countUnread:] [66a1123ef0a941de,f6ef048118c5ea20,66a1123ef0a941de] - <==      Total: 1
2020-04-25 16:06:39.945  [http-nio-8083-exec-8] DEBUG [com.hzu.community.mapper.UserMapper.select:] [57392e0407f41174,6d0e35be86e8f5be,57392e0407f41174] - ==>  Preparing: select * from user WHERE name = ? 
2020-04-25 16:06:39.945  [http-nio-8083-exec-8] DEBUG [com.hzu.community.mapper.UserMapper.select:] [57392e0407f41174,6d0e35be86e8f5be,57392e0407f41174] - ==> Parameters: 123(String)
2020-04-25 16:06:39.946  [http-nio-8083-exec-8] DEBUG [com.hzu.community.mapper.UserMapper.select:] [57392e0407f41174,6d0e35be86e8f5be,57392e0407f41174] - <==      Total: 1
2020-04-25 16:06:39.955  [http-nio-8083-exec-1] DEBUG [com.hzu.community.mapper.NotificationMapper.countUnread:] [57392e0407f41174,f25d5acce3eadbd3,57392e0407f41174] - ==>  Preparing: select count(*) from notification where receiver = ? and status = ? 
2020-04-25 16:06:39.956  [http-nio-8083-exec-1] DEBUG [com.hzu.community.mapper.NotificationMapper.countUnread:] [57392e0407f41174,f25d5acce3eadbd3,57392e0407f41174] - ==> Parameters: 1(Integer), 0(Integer)
2020-04-25 16:06:39.957  [http-nio-8083-exec-1] DEBUG [com.hzu.community.mapper.NotificationMapper.countUnread:] [57392e0407f41174,f25d5acce3eadbd3,57392e0407f41174] - <==      Total: 1
2020-04-25 16:06:51.397  [http-nio-8083-exec-10] DEBUG [com.hzu.community.mapper.UserMapper.select:] [3ea2323b5be9b289,1cc6d30ee3c0abe7,3ea2323b5be9b289] - ==>  Preparing: select * from user WHERE name = ? 
2020-04-25 16:06:51.398  [http-nio-8083-exec-10] DEBUG [com.hzu.community.mapper.UserMapper.select:] [3ea2323b5be9b289,1cc6d30ee3c0abe7,3ea2323b5be9b289] - ==> Parameters: 123(String)
2020-04-25 16:06:51.399  [http-nio-8083-exec-10] DEBUG [com.hzu.community.mapper.UserMapper.select:] [3ea2323b5be9b289,1cc6d30ee3c0abe7,3ea2323b5be9b289] - <==      Total: 1
2020-04-25 16:06:51.406  [http-nio-8083-exec-7] DEBUG [com.hzu.community.mapper.NotificationMapper.countUnread:] [3ea2323b5be9b289,c53046740858be3f,3ea2323b5be9b289] - ==>  Preparing: select count(*) from notification where receiver = ? and status = ? 
2020-04-25 16:06:51.406  [http-nio-8083-exec-7] DEBUG [com.hzu.community.mapper.NotificationMapper.countUnread:] [3ea2323b5be9b289,c53046740858be3f,3ea2323b5be9b289] - ==> Parameters: 1(Integer), 0(Integer)
2020-04-25 16:06:51.407  [http-nio-8083-exec-7] DEBUG [com.hzu.community.mapper.NotificationMapper.countUnread:] [3ea2323b5be9b289,c53046740858be3f,3ea2323b5be9b289] - <==      Total: 1
2020-04-25 16:06:59.532  [http-nio-8083-exec-3] DEBUG [com.hzu.community.mapper.UserMapper.select:] [6e5814a4aea924e5,dd38c7bba42a1c6d,6e5814a4aea924e5] - ==>  Preparing: select * from user WHERE name = ? 
2020-04-25 16:06:59.532  [http-nio-8083-exec-3] DEBUG [com.hzu.community.mapper.UserMapper.select:] [6e5814a4aea924e5,dd38c7bba42a1c6d,6e5814a4aea924e5] - ==> Parameters: 123(String)
2020-04-25 16:06:59.533  [http-nio-8083-exec-3] DEBUG [com.hzu.community.mapper.UserMapper.select:] [6e5814a4aea924e5,dd38c7bba42a1c6d,6e5814a4aea924e5] - <==      Total: 1
2020-04-25 16:06:59.545  [http-nio-8083-exec-4] DEBUG [com.hzu.community.mapper.NotificationMapper.countUnread:] [6e5814a4aea924e5,b774dc6945ada047,6e5814a4aea924e5] - ==>  Preparing: select count(*) from notification where receiver = ? and status = ? 
2020-04-25 16:06:59.545  [http-nio-8083-exec-4] DEBUG [com.hzu.community.mapper.NotificationMapper.countUnread:] [6e5814a4aea924e5,b774dc6945ada047,6e5814a4aea924e5] - ==> Parameters: 1(Integer), 0(Integer)
2020-04-25 16:06:59.546  [http-nio-8083-exec-4] DEBUG [com.hzu.community.mapper.NotificationMapper.countUnread:] [6e5814a4aea924e5,b774dc6945ada047,6e5814a4aea924e5] - <==      Total: 1
2020-04-25 16:07:41.543  [http-nio-8083-exec-2] DEBUG [com.hzu.community.mapper.QuestionMapper.selectQuestion:] [e6c860df553cec15,6383818c803879a2,fcf48e6678e2a55c] - ==>  Preparing: select * from question order by gmt_create desc limit ?,? 
2020-04-25 16:07:41.543  [http-nio-8083-exec-2] DEBUG [com.hzu.community.mapper.QuestionMapper.selectQuestion:] [e6c860df553cec15,6383818c803879a2,fcf48e6678e2a55c] - ==> Parameters: 0(Integer), 4(Integer)
2020-04-25 16:07:41.545  [http-nio-8083-exec-2] DEBUG [com.hzu.community.mapper.QuestionMapper.selectQuestion:] [e6c860df553cec15,6383818c803879a2,fcf48e6678e2a55c] - <==      Total: 4
2020-04-25 16:07:41.591  [http-nio-8083-exec-6] DEBUG [com.hzu.community.mapper.QuestionMapper.selectQuestion:] [e6c860df553cec15,6f261916be10de4d,8e8404339c805271] - ==>  Preparing: select * from question order by gmt_create desc limit ?,? 
2020-04-25 16:07:41.591  [http-nio-8083-exec-6] DEBUG [com.hzu.community.mapper.QuestionMapper.selectQuestion:] [e6c860df553cec15,6f261916be10de4d,8e8404339c805271] - ==> Parameters: 4(Integer), 4(Integer)
2020-04-25 16:07:41.592  [http-nio-8083-exec-6] DEBUG [com.hzu.community.mapper.QuestionMapper.selectQuestion:] [e6c860df553cec15,6f261916be10de4d,8e8404339c805271] - <==      Total: 4
2020-04-25 16:07:41.602  [http-nio-8083-exec-5] DEBUG [com.hzu.community.mapper.QuestionMapper.selectQuestion:] [e6c860df553cec15,a39e0f8c80c9ce61,25f53d9d7fbecdb6] - ==>  Preparing: select * from question order by gmt_create desc limit ?,? 
2020-04-25 16:07:41.603  [http-nio-8083-exec-5] DEBUG [com.hzu.community.mapper.QuestionMapper.selectQuestion:] [e6c860df553cec15,a39e0f8c80c9ce61,25f53d9d7fbecdb6] - ==> Parameters: 8(Integer), 4(Integer)
2020-04-25 16:07:41.604  [http-nio-8083-exec-5] DEBUG [com.hzu.community.mapper.QuestionMapper.selectQuestion:] [e6c860df553cec15,a39e0f8c80c9ce61,25f53d9d7fbecdb6] - <==      Total: 3
2020-04-25 16:07:45.196  [http-nio-8083-exec-8] DEBUG [com.hzu.community.mapper.UserMapper.select:] [577709ba7e478231,c90f4429e61788ad,577709ba7e478231] - ==>  Preparing: select * from user WHERE name = ? 
2020-04-25 16:07:45.197  [http-nio-8083-exec-8] DEBUG [com.hzu.community.mapper.UserMapper.select:] [577709ba7e478231,c90f4429e61788ad,577709ba7e478231] - ==> Parameters: 123(String)
2020-04-25 16:07:45.198  [http-nio-8083-exec-8] DEBUG [com.hzu.community.mapper.UserMapper.select:] [577709ba7e478231,c90f4429e61788ad,577709ba7e478231] - <==      Total: 1
2020-04-25 16:07:45.255  [http-nio-8083-exec-1] DEBUG [com.hzu.community.mapper.NotificationMapper.countUnread:] [577709ba7e478231,89d02f740e5e1462,577709ba7e478231] - ==>  Preparing: select count(*) from notification where receiver = ? and status = ? 
2020-04-25 16:07:45.255  [http-nio-8083-exec-1] DEBUG [com.hzu.community.mapper.NotificationMapper.countUnread:] [577709ba7e478231,89d02f740e5e1462,577709ba7e478231] - ==> Parameters: 1(Integer), 0(Integer)
2020-04-25 16:07:45.256  [http-nio-8083-exec-1] DEBUG [com.hzu.community.mapper.NotificationMapper.countUnread:] [577709ba7e478231,89d02f740e5e1462,577709ba7e478231] - <==      Total: 1
2020-04-25 16:07:47.225  [http-nio-8083-exec-10] DEBUG [com.hzu.community.mapper.UserMapper.select:] [0d250b4412f45e2d,bef840742a4a2ed2,0d250b4412f45e2d] - ==>  Preparing: select * from user WHERE name = ? 
2020-04-25 16:07:47.225  [http-nio-8083-exec-10] DEBUG [com.hzu.community.mapper.UserMapper.select:] [0d250b4412f45e2d,bef840742a4a2ed2,0d250b4412f45e2d] - ==> Parameters: 123(String)
2020-04-25 16:07:47.226  [http-nio-8083-exec-10] DEBUG [com.hzu.community.mapper.UserMapper.select:] [0d250b4412f45e2d,bef840742a4a2ed2,0d250b4412f45e2d] - <==      Total: 1
2020-04-25 16:07:47.235  [http-nio-8083-exec-7] DEBUG [com.hzu.community.mapper.NotificationMapper.countUnread:] [0d250b4412f45e2d,a328cf33a8f05dcc,0d250b4412f45e2d] - ==>  Preparing: select count(*) from notification where receiver = ? and status = ? 
2020-04-25 16:07:47.235  [http-nio-8083-exec-7] DEBUG [com.hzu.community.mapper.NotificationMapper.countUnread:] [0d250b4412f45e2d,a328cf33a8f05dcc,0d250b4412f45e2d] - ==> Parameters: 1(Integer), 0(Integer)
2020-04-25 16:07:47.236  [http-nio-8083-exec-7] DEBUG [com.hzu.community.mapper.NotificationMapper.countUnread:] [0d250b4412f45e2d,a328cf33a8f05dcc,0d250b4412f45e2d] - <==      Total: 1
2020-04-25 16:07:52.688  [http-nio-8083-exec-3] DEBUG [com.hzu.community.mapper.UserMapper.select:] [4d44600ed7c9e03d,afe850ed674fd40b,4d44600ed7c9e03d] - ==>  Preparing: select * from user WHERE name = ? 
2020-04-25 16:07:52.688  [http-nio-8083-exec-3] DEBUG [com.hzu.community.mapper.UserMapper.select:] [4d44600ed7c9e03d,afe850ed674fd40b,4d44600ed7c9e03d] - ==> Parameters: 123(String)
2020-04-25 16:07:52.689  [http-nio-8083-exec-3] DEBUG [com.hzu.community.mapper.UserMapper.select:] [4d44600ed7c9e03d,afe850ed674fd40b,4d44600ed7c9e03d] - <==      Total: 1
2020-04-25 16:07:52.697  [http-nio-8083-exec-4] DEBUG [com.hzu.community.mapper.NotificationMapper.countUnread:] [4d44600ed7c9e03d,cb1ff5608d5d9d4f,4d44600ed7c9e03d] - ==>  Preparing: select count(*) from notification where receiver = ? and status = ? 
2020-04-25 16:07:52.698  [http-nio-8083-exec-4] DEBUG [com.hzu.community.mapper.NotificationMapper.countUnread:] [4d44600ed7c9e03d,cb1ff5608d5d9d4f,4d44600ed7c9e03d] - ==> Parameters: 1(Integer), 0(Integer)
2020-04-25 16:07:52.698  [http-nio-8083-exec-4] DEBUG [com.hzu.community.mapper.NotificationMapper.countUnread:] [4d44600ed7c9e03d,cb1ff5608d5d9d4f,4d44600ed7c9e03d] - <==      Total: 1
2020-04-25 16:08:50.629  [http-nio-8083-exec-2] DEBUG [com.hzu.community.mapper.QuestionMapper.selectQuestion:] [189b2f4ab13913f8,f4c70621d31627e3,c0a46578614a9007] - ==>  Preparing: select * from question order by gmt_create desc limit ?,? 
2020-04-25 16:08:50.630  [http-nio-8083-exec-2] DEBUG [com.hzu.community.mapper.QuestionMapper.selectQuestion:] [189b2f4ab13913f8,f4c70621d31627e3,c0a46578614a9007] - ==> Parameters: 0(Integer), 4(Integer)
2020-04-25 16:08:50.631  [http-nio-8083-exec-2] DEBUG [com.hzu.community.mapper.QuestionMapper.selectQuestion:] [189b2f4ab13913f8,f4c70621d31627e3,c0a46578614a9007] - <==      Total: 4
2020-04-25 16:08:50.694  [http-nio-8083-exec-6] DEBUG [com.hzu.community.mapper.QuestionMapper.selectQuestion:] [189b2f4ab13913f8,40b8089fe1c9b951,e6ce8c792ae72dc7] - ==>  Preparing: select * from question order by gmt_create desc limit ?,? 
2020-04-25 16:08:50.695  [http-nio-8083-exec-6] DEBUG [com.hzu.community.mapper.QuestionMapper.selectQuestion:] [189b2f4ab13913f8,40b8089fe1c9b951,e6ce8c792ae72dc7] - ==> Parameters: 4(Integer), 4(Integer)
2020-04-25 16:08:50.696  [http-nio-8083-exec-6] DEBUG [com.hzu.community.mapper.QuestionMapper.selectQuestion:] [189b2f4ab13913f8,40b8089fe1c9b951,e6ce8c792ae72dc7] - <==      Total: 4
2020-04-25 16:08:50.709  [http-nio-8083-exec-5] DEBUG [com.hzu.community.mapper.QuestionMapper.selectQuestion:] [189b2f4ab13913f8,7e1035db11b4912f,d44a590d3fb99812] - ==>  Preparing: select * from question order by gmt_create desc limit ?,? 
2020-04-25 16:08:50.709  [http-nio-8083-exec-5] DEBUG [com.hzu.community.mapper.QuestionMapper.selectQuestion:] [189b2f4ab13913f8,7e1035db11b4912f,d44a590d3fb99812] - ==> Parameters: 8(Integer), 4(Integer)
2020-04-25 16:08:50.710  [http-nio-8083-exec-5] DEBUG [com.hzu.community.mapper.QuestionMapper.selectQuestion:] [189b2f4ab13913f8,7e1035db11b4912f,d44a590d3fb99812] - <==      Total: 3
2020-04-25 16:08:58.160  [http-nio-8083-exec-8] DEBUG [com.hzu.community.mapper.UserMapper.select:] [79292d6c7fbf71c6,badc5f4ee3e75739,79292d6c7fbf71c6] - ==>  Preparing: select * from user WHERE name = ? 
2020-04-25 16:08:58.160  [http-nio-8083-exec-8] DEBUG [com.hzu.community.mapper.UserMapper.select:] [79292d6c7fbf71c6,badc5f4ee3e75739,79292d6c7fbf71c6] - ==> Parameters: 123(String)
2020-04-25 16:08:58.161  [http-nio-8083-exec-8] DEBUG [com.hzu.community.mapper.UserMapper.select:] [79292d6c7fbf71c6,badc5f4ee3e75739,79292d6c7fbf71c6] - <==      Total: 1
2020-04-25 16:08:58.177  [http-nio-8083-exec-1] DEBUG [com.hzu.community.mapper.NotificationMapper.countUnread:] [79292d6c7fbf71c6,e3abbb72771a9dcd,79292d6c7fbf71c6] - ==>  Preparing: select count(*) from notification where receiver = ? and status = ? 
2020-04-25 16:08:58.177  [http-nio-8083-exec-1] DEBUG [com.hzu.community.mapper.NotificationMapper.countUnread:] [79292d6c7fbf71c6,e3abbb72771a9dcd,79292d6c7fbf71c6] - ==> Parameters: 1(Integer), 0(Integer)
2020-04-25 16:08:58.178  [http-nio-8083-exec-1] DEBUG [com.hzu.community.mapper.NotificationMapper.countUnread:] [79292d6c7fbf71c6,e3abbb72771a9dcd,79292d6c7fbf71c6] - <==      Total: 1
2020-04-25 16:08:58.786  [http-nio-8083-exec-10] DEBUG [com.hzu.community.mapper.UserMapper.select:] [ea0c752abdcd7beb,221e4a7e12d5ad6d,ea0c752abdcd7beb] - ==>  Preparing: select * from user WHERE name = ? 
2020-04-25 16:08:58.787  [http-nio-8083-exec-10] DEBUG [com.hzu.community.mapper.UserMapper.select:] [ea0c752abdcd7beb,221e4a7e12d5ad6d,ea0c752abdcd7beb] - ==> Parameters: 123(String)
2020-04-25 16:08:58.787  [http-nio-8083-exec-10] DEBUG [com.hzu.community.mapper.UserMapper.select:] [ea0c752abdcd7beb,221e4a7e12d5ad6d,ea0c752abdcd7beb] - <==      Total: 1
2020-04-25 16:08:58.793  [http-nio-8083-exec-7] DEBUG [com.hzu.community.mapper.NotificationMapper.countUnread:] [ea0c752abdcd7beb,7c3311d597d9e98c,ea0c752abdcd7beb] - ==>  Preparing: select count(*) from notification where receiver = ? and status = ? 
2020-04-25 16:08:58.793  [http-nio-8083-exec-7] DEBUG [com.hzu.community.mapper.NotificationMapper.countUnread:] [ea0c752abdcd7beb,7c3311d597d9e98c,ea0c752abdcd7beb] - ==> Parameters: 1(Integer), 0(Integer)
2020-04-25 16:08:58.794  [http-nio-8083-exec-7] DEBUG [com.hzu.community.mapper.NotificationMapper.countUnread:] [ea0c752abdcd7beb,7c3311d597d9e98c,ea0c752abdcd7beb] - <==      Total: 1
2020-04-25 16:12:14.995  [http-nio-8083-exec-4] DEBUG [com.hzu.community.mapper.QuestionMapper.selectQuestion:] [35e88770e2574234,ba686317f0a8d662,3611d2c6c40895c8] - ==>  Preparing: select * from question order by gmt_create desc limit ?,? 
2020-04-25 16:12:14.995  [http-nio-8083-exec-4] DEBUG [com.hzu.community.mapper.QuestionMapper.selectQuestion:] [35e88770e2574234,ba686317f0a8d662,3611d2c6c40895c8] - ==> Parameters: 0(Integer), 4(Integer)
2020-04-25 16:12:14.997  [http-nio-8083-exec-4] DEBUG [com.hzu.community.mapper.QuestionMapper.selectQuestion:] [35e88770e2574234,ba686317f0a8d662,3611d2c6c40895c8] - <==      Total: 4
2020-04-25 16:12:15.042  [http-nio-8083-exec-9] DEBUG [com.hzu.community.mapper.QuestionMapper.selectQuestion:] [35e88770e2574234,3fb10e1aa75f621d,b16eb52c78afea3d] - ==>  Preparing: select * from question order by gmt_create desc limit ?,? 
2020-04-25 16:12:15.042  [http-nio-8083-exec-9] DEBUG [com.hzu.community.mapper.QuestionMapper.selectQuestion:] [35e88770e2574234,3fb10e1aa75f621d,b16eb52c78afea3d] - ==> Parameters: 4(Integer), 4(Integer)
2020-04-25 16:12:15.043  [http-nio-8083-exec-9] DEBUG [com.hzu.community.mapper.QuestionMapper.selectQuestion:] [35e88770e2574234,3fb10e1aa75f621d,b16eb52c78afea3d] - <==      Total: 4
2020-04-25 16:12:15.053  [http-nio-8083-exec-2] DEBUG [com.hzu.community.mapper.QuestionMapper.selectQuestion:] [35e88770e2574234,c71199302e6065fc,288a0ccf0642996c] - ==>  Preparing: select * from question order by gmt_create desc limit ?,? 
2020-04-25 16:12:15.054  [http-nio-8083-exec-2] DEBUG [com.hzu.community.mapper.QuestionMapper.selectQuestion:] [35e88770e2574234,c71199302e6065fc,288a0ccf0642996c] - ==> Parameters: 8(Integer), 4(Integer)
2020-04-25 16:12:15.055  [http-nio-8083-exec-2] DEBUG [com.hzu.community.mapper.QuestionMapper.selectQuestion:] [35e88770e2574234,c71199302e6065fc,288a0ccf0642996c] - <==      Total: 3
2020-04-25 16:13:19.605  [http-nio-8083-exec-5] DEBUG [com.hzu.community.mapper.UserMapper.select:] [a7d4a11702a22da4,00f76278014c7017,a7d4a11702a22da4] - ==>  Preparing: select * from user WHERE name = ? 
2020-04-25 16:13:19.605  [http-nio-8083-exec-5] DEBUG [com.hzu.community.mapper.UserMapper.select:] [a7d4a11702a22da4,00f76278014c7017,a7d4a11702a22da4] - ==> Parameters: 123(String)
2020-04-25 16:13:19.606  [http-nio-8083-exec-5] DEBUG [com.hzu.community.mapper.UserMapper.select:] [a7d4a11702a22da4,00f76278014c7017,a7d4a11702a22da4] - <==      Total: 1
2020-04-25 16:13:19.624  [http-nio-8083-exec-8] DEBUG [com.hzu.community.mapper.NotificationMapper.countUnread:] [a7d4a11702a22da4,1b3c8683b99feeae,a7d4a11702a22da4] - ==>  Preparing: select count(*) from notification where receiver = ? and status = ? 
2020-04-25 16:13:19.624  [http-nio-8083-exec-8] DEBUG [com.hzu.community.mapper.NotificationMapper.countUnread:] [a7d4a11702a22da4,1b3c8683b99feeae,a7d4a11702a22da4] - ==> Parameters: 1(Integer), 0(Integer)
2020-04-25 16:13:19.625  [http-nio-8083-exec-8] DEBUG [com.hzu.community.mapper.NotificationMapper.countUnread:] [a7d4a11702a22da4,1b3c8683b99feeae,a7d4a11702a22da4] - <==      Total: 1
2020-04-25 16:13:20.272  [http-nio-8083-exec-1] DEBUG [com.hzu.community.mapper.UserMapper.select:] [946c78e79c2a6bd0,01d43c5b0c23dd59,946c78e79c2a6bd0] - ==>  Preparing: select * from user WHERE name = ? 
2020-04-25 16:13:20.274  [http-nio-8083-exec-1] DEBUG [com.hzu.community.mapper.UserMapper.select:] [946c78e79c2a6bd0,01d43c5b0c23dd59,946c78e79c2a6bd0] - ==> Parameters: 123(String)
2020-04-25 16:13:20.275  [http-nio-8083-exec-1] DEBUG [com.hzu.community.mapper.UserMapper.select:] [946c78e79c2a6bd0,01d43c5b0c23dd59,946c78e79c2a6bd0] - <==      Total: 1
2020-04-25 16:13:20.280  [http-nio-8083-exec-10] DEBUG [com.hzu.community.mapper.NotificationMapper.countUnread:] [946c78e79c2a6bd0,efb179951929772f,946c78e79c2a6bd0] - ==>  Preparing: select count(*) from notification where receiver = ? and status = ? 
2020-04-25 16:13:20.280  [http-nio-8083-exec-10] DEBUG [com.hzu.community.mapper.NotificationMapper.countUnread:] [946c78e79c2a6bd0,efb179951929772f,946c78e79c2a6bd0] - ==> Parameters: 1(Integer), 0(Integer)
2020-04-25 16:13:20.281  [http-nio-8083-exec-10] DEBUG [com.hzu.community.mapper.NotificationMapper.countUnread:] [946c78e79c2a6bd0,efb179951929772f,946c78e79c2a6bd0] - <==      Total: 1
2020-04-25 16:55:29.048  [http-nio-8083-exec-2] DEBUG [com.hzu.community.mapper.QuestionMapper.selectQuestion:] [759cb2a9c07c3a9d,1cef7f7dd606355a,ef1b047436ed4dba] - ==>  Preparing: select * from question order by gmt_create desc limit ?,? 
2020-04-25 16:55:29.048  [http-nio-8083-exec-2] DEBUG [com.hzu.community.mapper.QuestionMapper.selectQuestion:] [759cb2a9c07c3a9d,1cef7f7dd606355a,ef1b047436ed4dba] - ==> Parameters: 0(Integer), 4(Integer)
2020-04-25 16:55:29.053  [http-nio-8083-exec-2] DEBUG [com.hzu.community.mapper.QuestionMapper.selectQuestion:] [759cb2a9c07c3a9d,1cef7f7dd606355a,ef1b047436ed4dba] - <==      Total: 4
2020-04-25 16:55:29.117  [http-nio-8083-exec-6] DEBUG [com.hzu.community.mapper.QuestionMapper.selectQuestion:] [759cb2a9c07c3a9d,fa55a1aa955a94d0,b6cfb5ff7268ddc7] - ==>  Preparing: select * from question order by gmt_create desc limit ?,? 
2020-04-25 16:55:29.117  [http-nio-8083-exec-6] DEBUG [com.hzu.community.mapper.QuestionMapper.selectQuestion:] [759cb2a9c07c3a9d,fa55a1aa955a94d0,b6cfb5ff7268ddc7] - ==> Parameters: 4(Integer), 4(Integer)
2020-04-25 16:55:29.119  [http-nio-8083-exec-6] DEBUG [com.hzu.community.mapper.QuestionMapper.selectQuestion:] [759cb2a9c07c3a9d,fa55a1aa955a94d0,b6cfb5ff7268ddc7] - <==      Total: 4
2020-04-25 16:55:29.133  [http-nio-8083-exec-5] DEBUG [com.hzu.community.mapper.QuestionMapper.selectQuestion:] [759cb2a9c07c3a9d,b2fa7b3e3972681e,6648b255b6c61554] - ==>  Preparing: select * from question order by gmt_create desc limit ?,? 
2020-04-25 16:55:29.134  [http-nio-8083-exec-5] DEBUG [com.hzu.community.mapper.QuestionMapper.selectQuestion:] [759cb2a9c07c3a9d,b2fa7b3e3972681e,6648b255b6c61554] - ==> Parameters: 8(Integer), 4(Integer)
2020-04-25 16:55:29.136  [http-nio-8083-exec-5] DEBUG [com.hzu.community.mapper.QuestionMapper.selectQuestion:] [759cb2a9c07c3a9d,b2fa7b3e3972681e,6648b255b6c61554] - <==      Total: 3
