2020-04-25 18:13:26.385  [http-nio-8083-exec-4] DEBUG [com.hzu.community.mapper.NotificationMapper.countUnread:] [a3910f66bebf14b0,1b51ea396aaeef05,a3910f66bebf14b0] - ==>  Preparing: select count(*) from notification where receiver = ? and status = ? 
2020-04-25 18:13:26.385  [http-nio-8083-exec-4] DEBUG [com.hzu.community.mapper.NotificationMapper.countUnread:] [a3910f66bebf14b0,1b51ea396aaeef05,a3910f66bebf14b0] - ==> Parameters: 1(Integer), 0(Integer)
2020-04-25 18:13:26.386  [http-nio-8083-exec-4] DEBUG [com.hzu.community.mapper.NotificationMapper.coun2020-04-25 18:20:20.832  [http-nio-8084-exec-3] DEBUG [com.hzu.community.mapper.User2020-04-25 18:20:20.846  [http-nio-8083-exec-2] DEBUG [com.hzu.community.mapper.NotificationMapper.countUnread:] [625202c9b4a7a37b,5e738abfd952aa02,625202c9b4a7a37b] - ==>  Preparing: select count(*) from notification where receiver = ? and status = ? 
2020-04-25 18:20:20.846  [http-nio-8083-exec-2] DEBUG [com.hzu.community.mapper.NotificationMapper.countUnread:] [625202c9b4a7a37b,5e738abfd952aa02,625202c9b4a7a37b] - ==> Parameters: 1(Integer), 0(Integer)
2020-04-25 18:20:202020-04-25 18:20:28.874  [http-nio-8084-exec-4] DEBUG [com.hzu.community.mapper.UserMapper.select:] [76dedbca87913a4e,4fcfed572f6526f0,76dedbca87913a4e] - ==>  Preparin2020-04-25 18:20:28.883  [http-nio-8083-exec-6] DEBUG [com.hzu.community.mapper.NotificationMapper.countUnread:] [76dedbca87913a4e,6be361141b806257,76dedbca87913a4e] - ==>  Preparing: select count(*) from notification where receiver = ? and status = ? 
2020-04-25 18:20:28.884  [http-nio-8083-exec-6] DEBUG [com.hzu.community.mapper.NotificationMapper.countUnread:] [76dedbca87913a4e,6be361141b802020-04-25 18:20:28.954  [http-nio-8084-exec-5] DEBUG [com.hzu.community.mapper.QuestionMapper.count:] [76dedbca87913a4e,199a16de0362ed5d,2487f2f7745608c9] - ==>  Preparing: select count(id) from question 
2020-04-25 18:20:28.955  [http-nio-8084-exec-2020-04-25 18:20:28.976  [http-nio-8083-exec-8] DEBUG [com.hzu.community.mapper.QuestionMapper.selectQuestion:] [76dedbca87913a4e,63c586fd4b01a9f3,3a78af255c133f70] - ==>  Preparing: select * from question order by gmt_create desc limit ?,? 
2020-04-25 18:20:28.976  [http-nio-8083-exec-8] DEBUG [com.hzu.co2020-04-25 18:20:29.007  [http-nio-8084-exec-6] DEBUG [com.hzu.community.mapper.UserMapper.selectById:] [76dedbca87913a4e,65f041c17330c3f4,76dedbca87913a4e] - ==>  Preparing: select * from user where id = ? 
2020-04-25 18:20:29.008  [http-nio-8084-exec-6] DEBUG [com.hzu.community.mapper.UserMapper.selectById:] [76dedbca87913a2020-04-25 18:21:15.140  [http-nio-8083-exec-10] DEBUG [com.hzu.community.mapper.UserMapper.select:] [817263b76fcaae19,515dc72a00e24a41,817263b76fcaae19] - ==>  Preparing: select * from user WHERE name = ? 
2020-04-25 18:21:15.140  [http-nio-8082020-04-25 18:21:15.151  [http-nio-8084-exec-9] DEBUG [com.hzu.community.mapper.NotificationMapper.countUnread:] [817263b76fcaae19,83b69430bd158346,817263b76fcaae19] - ==>  Preparing: select count(*) from notification where receiver = ? and status = ? 
2020-04-25 18:21:15.152  [http-nio-8084-exec-9] DEBUG [com.hzu.commu2020-04-25 18:21:15.166  [http-nio-8083-exec-7] DEBUG [com.hzu.community.mapper.QuestionMapper.count:] [817263b76fcaae19,826b1552a469457b,0112fc1d0cbafb51] - ==>  Preparing: select count(id) from question 
2020-04-25 18:21:15.166  [http-nio-8083-exec-7] DEBUG [com.hzu.community.mapper.QuestionMapper.count:] [817263b76fcaae192020-04-25 18:21:15.236  [http-nio-8084-exec-10] DEBUG [com.hzu.community.mapper.QuestionMapper.selectQuestion:] [817263b76fcaae19,820fdd3385f07a13,c889ba6bc6e2ae92] - ==>  Preparing: select * from question order by view_count desc limit ?,? 
2020-04-25 18:21:15.254  [http-nio-8084-exec-10] DEBUG [com.hzu.community.mapper.QuestionMapper.selectQuestion:] [817263b76fcaae19,820fdd3385f07a13,c889ba6bc6e2ae92] - ==> Parameters: 0(Integer), 5(Integer)
2020-04-25 18:21:15.266  [http-nio-8084-exec-10] DEBUG [com.hzu.community.mapper.QuestionMapper.selectQuestion:] [817263b76fcaae19,820fdd3385f07a13,c889ba6bc6e2ae92] - <==      Total: 5
2020-04-25 18:38:56.962  [http-nio-8083-exec-2] DEBUG [com.hzu.community.mapper.UserMapper.select:] [d9df6144176f8af6,0f86c342317f4c9d,d9df6144176f8af6] - ==>  Preparing: select * from user WHERE name = ? 
2020-04-25 18:38:56.997  [http-nio-8083-exec-2] DEBUG [com.hzu.community.mapper.UserMapper.select:] [d9df6144176f8af6,0f86c342317f4c9d,d9df6144176f8af6] - ==> Parameters: 123(String)
2020-04-25 18:38:57.013  [http-nio-8083-exec-2] DEBUG [com.hzu.community.mapper.UserMapper.select:] [d9df6144176f8af6,0f86c342317f4c9d,d9df6144176f8af6] - <==      Total: 1
2020-04-25 18:38:57.052  [http-nio-8083-exec-1] DEBUG [com.hzu.community.mapper.NotificationMapper.countUnread:] [d9df6144176f8af6,5ffff7bcf4bac3dc,d9df6144176f8af6] - ==>  Preparing: select count(*) from notification where receiver = ? and status = ? 
2020-04-25 18:38:57.054  [http-nio-8083-exec-1] DEBUG [com.hzu.community.mapper.NotificationMapper.countUnread:] [d9df6144176f8af6,5ffff7bcf4bac3dc,d9df6144176f8af6] - ==> Parameters: 1(Integer), 0(Integer)
2020-04-25 18:38:57.056  [http-nio-8083-exec-1] DEBUG [com.hzu.community.mapper.NotificationMapper.countUnread:] [d9df6144176f8af6,5ffff7bcf4bac3dc,d9df6144176f8af6] - <==      Total: 1
2020-04-25 18:38:57.069  [http-nio-8083-exec-3] DEBUG [com.hzu.community.mapper.QuestionMapper.count:] [d9df6144176f8af6,0a0715ac403d3e0d,ad7f6318eddb6ed3] - ==>  Preparing: select count(id) from question 
2020-04-25 18:38:57.070  [http-nio-8083-exec-3] DEBUG [com.hzu.community.mapper.QuestionMapper.count:] [d9df6144176f8af6,0a0715ac403d3e0d,ad7f6318eddb6ed3] - ==> Parameters: 
2020-04-25 18:38:57.071  [http-nio-8083-exec-3] DEBUG [com.hzu.community.mapper.QuestionMapper.count:] [d9df6144176f8af6,0a0715ac403d3e0d,ad7f6318eddb6ed3] - <==      Total: 1
2020-04-25 18:39:38.006  [http-nio-8083-exec-5] DEBUG [com.hzu.community.mapper.UserMapper.select:] [18d9573ca7c7ac81,2e358795df86ee17,18d9573ca7c7ac81] - ==>  Preparing: select * from user WHERE name = ? 
2020-04-25 18:39:38.007  [http-nio-8083-exec-5] DEBUG [com.hzu.community.mapper.UserMapper.select:] [18d9573ca7c7ac81,2e358795df86ee17,18d9573ca7c7ac81] - ==> Parameters: 123(String)
2020-04-25 18:39:38.008  [http-nio-8083-exec-5] DEBUG [com.hzu.community.mapper.UserMapper.select:] [18d9573ca7c7ac81,2e358795df86ee17,18d9573ca7c7ac81] - <==      Total: 1
2020-04-25 18:39:38.020  [http-nio-8083-exec-6] DEBUG [com.hzu.community.mapper.NotificationMapper.countUnread:] [18d9573ca7c7ac81,b819fdc4b83da1c7,18d9573ca7c7ac81] - ==>  Preparing: select count(*) from notification where receiver = ? and status = ? 
2020-04-25 18:39:38.021  [http-nio-8083-exec-6] DEBUG [com.hzu.community.mapper.NotificationMapper.countUnread:] [18d9573ca7c7ac81,b819fdc4b83da1c7,18d9573ca7c7ac81] - ==> Parameters: 1(Integer), 0(Integer)
2020-04-25 18:39:38.022  [http-nio-8083-exec-6] DEBUG [com.hzu.community.mapper.NotificationMapper.countUnread:] [18d9573ca7c7ac81,b819fdc4b83da1c7,18d9573ca7c7ac81] - <==      Total: 1
2020-04-25 18:39:38.041  [http-nio-8083-exec-7] DEBUG [com.hzu.community.mapper.QuestionMapper.count:] [18d9573ca7c7ac81,63d92fd6dd8a7b4c,5a698a84a188357d] - ==>  Preparing: select count(id) from question 
2020-04-25 18:39:38.042  [http-nio-8083-exec-7] DEBUG [com.hzu.community.mapper.QuestionMapper.count:] [18d9573ca7c7ac81,63d92fd6dd8a7b4c,5a698a84a188357d] - ==> Parameters: 
2020-04-25 18:39:38.044  [http-nio-8083-exec-7] DEBUG [com.hzu.community.mapper.QuestionMapper.count:] [18d9573ca7c7ac81,63d92fd6dd8a7b4c,5a698a84a188357d] - <==      Total: 1
2020-04-25 18:40:14.685  [http-nio-8083-exec-9] DEBUG [com.hzu.community.mapper.UserMapper.select:] [e7e0ebe28806d474,496cc43e56cc9bf6,e7e0ebe28806d474] - ==>  Preparing: select * from user WHERE name = ? 
2020-04-25 18:40:14.685  [http-nio-8083-exec-9] DEBUG [com.hzu.community.mapper.UserMapper.select:] [e7e0ebe28806d474,496cc43e56cc9bf6,e7e0ebe28806d474] - ==> Parameters: 123(String)
2020-04-25 18:40:14.686  [http-nio-8083-exec-9] DEBUG [com.hzu.community.mapper.UserMapper.select:] [e7e0ebe28806d474,496cc43e56cc9bf6,e7e0ebe28806d474] - <==      Total: 1
2020-04-25 18:40:14.693  [http-nio-8083-exec-10] DEBUG [com.hzu.community.mapper.NotificationMapper.countUnread:] [e7e0ebe28806d474,72ce6d9236ed231a,e7e0ebe28806d474] - ==>  Preparing: select count(*) from notification where receiver = ? and status = ? 
2020-04-25 18:40:14.694  [http-nio-8083-exec-10] DEBUG [com.hzu.community.mapper.NotificationMapper.countUnread:] [e7e0ebe28806d474,72ce6d9236ed231a,e7e0ebe28806d474] - ==> Parameters: 1(Integer), 0(Integer)
2020-04-25 18:40:14.695  [http-nio-8083-exec-10] DEBUG [com.hzu.community.mapper.NotificationMapper.countUnread:] [e7e0ebe28806d474,72ce6d9236ed231a,e7e0ebe28806d474] - <==      Total: 1
2020-04-25 18:40:14.705  [http-nio-8083-exec-2] DEBUG [com.hzu.community.mapper.QuestionMapper.count:] [e7e0ebe28806d474,06ecd9971f3bd20c,0e335a9ccbe2a648] - ==>  Preparing: select count(id) from question 
2020-04-25 18:40:14.705  [http-nio-8083-exec-2] DEBUG [com.hzu.community.mapper.QuestionMapper.count:] [e7e0ebe28806d474,06ecd9971f3bd20c,0e335a9ccbe2a648] - ==> Parameters: 
2020-04-25 18:40:14.706  [http-nio-8083-exec-2] DEBUG [com.hzu.community.mapper.QuestionMapper.count:] [e7e0ebe28806d474,06ecd9971f3bd20c,0e335a9ccbe2a648] - <==      Total: 1
2020-04-25 18:41:34.077  [http-nio-8083-exec-3] DEBUG [com.hzu.community.mapper.UserMapper.select:] [2122b678bfc79796,ffacf9fa14070045,2122b678bfc79796] - ==>  Preparing: select * from user WHERE name = ? 
2020-04-25 18:41:34.077  [http-nio-8083-exec-3] DEBUG [com.hzu.community.mapper.UserMapper.select:] [2122b678bfc79796,ffacf9fa14070045,2122b678bfc79796] - ==> Parameters: 123(String)
2020-04-25 18:41:34.079  [http-nio-8083-exec-3] DEBUG [com.hzu.community.mapper.UserMapper.select:] [2122b678bfc79796,ffacf9fa14070045,2122b678bfc79796] - <==      Total: 1
2020-04-25 18:41:34.090  [http-nio-8083-exec-5] DEBUG [com.hzu.community.mapper.NotificationMapper.countUnread:] [2122b678bfc79796,c0c43d646b08d4e1,2122b678bfc79796] - ==>  Preparing: select count(*) from notification where receiver = ? and status = ? 
2020-04-25 18:41:34.091  [http-nio-8083-exec-5] DEBUG [com.hzu.community.mapper.NotificationMapper.countUnread:] [2122b678bfc79796,c0c43d646b08d4e1,2122b678bfc79796] - ==> Parameters: 1(Integer), 0(Integer)
2020-04-25 18:41:34.092  [http-nio-8083-exec-5] DEBUG [com.hzu.community.mapper.NotificationMapper.countUnread:] [2122b678bfc79796,c0c43d646b08d4e1,2122b678bfc79796] - <==      Total: 1
2020-04-25 18:41:34.101  [http-nio-8083-exec-6] DEBUG [com.hzu.community.mapper.QuestionMapper.count:] [2122b678bfc79796,66c9159a2d148cc2,00d613bfaf8200c4] - ==>  Preparing: select count(id) from question 
2020-04-25 18:41:34.103  [http-nio-8083-exec-6] DEBUG [com.hzu.community.mapper.QuestionMapper.count:] [2122b678bfc79796,66c9159a2d148cc2,00d613bfaf8200c4] - ==> Parameters: 
2020-04-25 18:41:34.106  [http-nio-8083-exec-6] DEBUG [com.hzu.community.mapper.QuestionMapper.count:] [2122b678bfc79796,66c9159a2d148cc2,00d613bfaf8200c4] - <==      Total: 1
2020-04-25 18:42:29.809  [http-nio-8083-exec-1] DEBUG [com.hzu.community.mapper.UserMapper.select:] [c1d33a293995c334,37c540164737e4d3,c1d33a293995c334] - ==>  Preparing: select * from user WHERE name = ? 
2020-04-25 18:42:29.849  [http-nio-8083-exec-1] DEBUG [com.hzu.community.mapper.UserMapper.select:] [c1d33a293995c334,37c540164737e4d3,c1d33a293995c334] - ==> Parameters: 123(String)
2020-04-25 18:42:29.865  [http-nio-8083-exec-1] DEBUG [com.hzu.community.mapper.UserMapper.select:] [c1d33a293995c334,37c540164737e4d3,c1d33a293995c334] - <==      Total: 1
2020-04-25 18:42:29.906  [http-nio-8083-exec-2] DEBUG [com.hzu.community.mapper.NotificationMapper.countUnread:] [c1d33a293995c334,e0802e3f62f2eba1,c1d33a293995c334] - ==>  Preparing: select count(*) from notification where receiver = ? and status = ? 
2020-04-25 18:42:29.908  [http-nio-8083-exec-2] DEBUG [com.hzu.community.mapper.NotificationMapper.countUnread:] [c1d33a293995c334,e0802e3f62f2eba1,c1d33a293995c334] - ==> Parameters: 1(Integer), 0(Integer)
2020-04-25 18:42:29.911  [http-nio-8083-exec-2] DEBUG [com.hzu.community.mapper.NotificationMapper.countUnread:] [c1d33a293995c334,e0802e3f62f2eba1,c1d33a293995c334] - <==      Total: 1
2020-04-25 18:42:29.922  [http-nio-8083-exec-3] DEBUG [com.hzu.community.mapper.QuestionMapper.count:] [c1d33a293995c334,4fdb153a96981bb8,44d83a31ed8389a1] - ==>  Preparing: select count(id) from question 
2020-04-25 18:42:29.923  [http-nio-8083-exec-3] DEBUG [com.hzu.community.mapper.QuestionMapper.count:] [c1d33a293995c334,4fdb153a96981bb8,44d83a31ed8389a1] - ==> Parameters: 
2020-04-25 18:42:29.924  [http-nio-8083-exec-3] DEBUG [com.hzu.community.mapper.QuestionMapper.count:] [c1d33a293995c334,4fdb153a96981bb8,44d83a31ed8389a1] - <==      Total: 1
2020-04-25 18:42:29.939  [http-nio-8083-exec-4] DEBUG [com.hzu.community.mapper.QuestionMapper.selectQuestion:] [c1d33a293995c334,4a087e4df4827167,924314b62837af96] - ==>  Preparing: select * from question order by gmt_create desc limit ?,? 
2020-04-25 18:42:29.942  [http-nio-8083-exec-4] DEBUG [com.hzu.community.mapper.QuestionMapper.selectQuestion:] [c1d33a293995c334,4a087e4df4827167,924314b62837af96] - ==> Parameters: 0(Integer), 5(Integer)
2020-04-25 18:42:29.948  [http-nio-8083-exec-4] DEBUG [com.hzu.community.mapper.QuestionMapper.selectQuestion:] [c1d33a293995c334,4a087e4df4827167,924314b62837af96] - <==      Total: 5
2020-04-25 18:42:29.972  [http-nio-8083-exec-5] DEBUG [com.hzu.community.mapper.UserMapper.selectById:] [c1d33a293995c334,271070de3572f140,c1d33a293995c334] - ==>  Preparing: select * from user where id = ? 
2020-04-25 18:42:29.973  [http-nio-8083-exec-5] DEBUG [com.hzu.community.mapper.UserMapper.selectById:] [c1d33a293995c334,271070de3572f140,c1d33a293995c334] - ==> Parameters: 1(Integer)
2020-04-25 18:42:29.975  [http-nio-8083-exec-5] DEBUG [com.hzu.community.mapper.UserMapper.selectById:] [c1d33a293995c334,271070de3572f140,c1d33a293995c334] - <==      Total: 1
2020-04-25 18:42:48.535  [http-nio-8083-exec-10] DEBUG [com.hzu.community.mapper.UserMapper.select:] [ba872fd14f76c0af,3dce1bac59bc2bbe,ba872fd14f76c0af] - ==>  Preparing: select * from user WHERE name = ? 
2020-04-25 18:42:48.536  [http-nio-8083-exec-10] DEBUG [com.hzu.community.mapper.UserMapper.select:] [ba872fd14f76c0af,3dce1bac59bc2bbe,ba872fd14f76c0af] - ==> Parameters: 123(String)
2020-04-25 18:42:48.538  [http-nio-8083-exec-10] DEBUG [com.hzu.community.mapper.UserMapper.select:] [ba872fd14f76c0af,3dce1bac59bc2bbe,ba872fd14f76c0af] - <==      Total: 1
2020-04-25 18:42:48.547  [http-nio-8083-exec-1] DEBUG [com.hzu.community.mapper.NotificationMapper.countUnread:] [ba872fd14f76c0af,03e08ff31b35d5f2,ba872fd14f76c0af] - ==>  Preparing: select count(*) from notification where receiver = ? and status = ? 
2020-04-25 18:42:48.547  [http-nio-8083-exec-1] DEBUG [com.hzu.community.mapper.NotificationMapper.countUnread:] [ba872fd14f76c0af,03e08ff31b35d5f2,ba872fd14f76c0af] - ==> Parameters: 1(Integer), 0(Integer)
2020-04-25 18:42:48.548  [http-nio-8083-exec-1] DEBUG [com.hzu.community.mapper.NotificationMapper.countUnread:] [ba872fd14f76c0af,03e08ff31b35d5f2,ba872fd14f76c0af] - <==      Total: 1
2020-04-25 18:42:48.557  [http-nio-8083-exec-2] DEBUG [com.hzu.community.mapper.QuestionMapper.count:] [ba872fd14f76c0af,8326ed4d2ac00325,df8f7388e66e1281] - ==>  Preparing: select count(id) from question 
2020-04-25 18:42:48.557  [http-nio-8083-exec-2] DEBUG [com.hzu.community.mapper.QuestionMapper.count:] [ba872fd14f76c0af,8326ed4d2ac00325,df8f7388e66e1281] - ==> Parameters: 
2020-04-25 18:42:48.558  [http-nio-8083-exec-2] DEBUG [com.hzu.community.mapper.QuestionMapper.count:] [ba872fd14f76c0af,8326ed4d2ac00325,df8f7388e66e1281] - <==      Total: 1
2020-04-25 18:42:48.571  [http-nio-8083-exec-3] DEBUG [com.hzu.community.mapper.QuestionMapper.selectQuestion:] [ba872fd14f76c0af,b116422f382dc684,3bd82ed9b0436cbc] - ==>  Preparing: select * from question order by gmt_create desc limit ?,? 
2020-04-25 18:42:48.571  [http-nio-8083-exec-3] DEBUG [com.hzu.community.mapper.QuestionMapper.selectQuestion:] [ba872fd14f76c0af,b116422f382dc684,3bd82ed9b0436cbc] - ==> Parameters: 0(Integer), 5(Integer)
2020-04-25 18:42:48.575  [http-nio-8083-exec-3] DEBUG [com.hzu.community.mapper.QuestionMapper.selectQuestion:] [ba872fd14f76c0af,b116422f382dc684,3bd82ed9b0436cbc] - <==      Total: 5
2020-04-25 18:43:39.213  [http-nio-8083-exec-9] DEBUG [com.hzu.community.mapper.UserMapper.select:] [3cd84e9115bcbbec,be142d6593562740,3cd84e9115bcbbec] - ==>  Preparing: select * from user WHERE name = ? 
2020-04-25 18:43:39.213  [http-nio-8083-exec-9] DEBUG [com.hzu.community.mapper.UserMapper.select:] [3cd84e9115bcbbec,be142d6593562740,3cd84e9115bcbbec] - ==> Parameters: 123(String)
2020-04-25 18:43:39.215  [http-nio-8083-exec-9] DEBUG [com.hzu.community.mapper.UserMapper.select:] [3cd84e9115bcbbec,be142d6593562740,3cd84e9115bcbbec] - <==      Total: 1
2020-04-25 18:43:39.226  [http-nio-8083-exec-10] DEBUG [com.hzu.community.mapper.NotificationMapper.countUnread:] [3cd84e9115bcbbec,ffd31d497d47bcf2,3cd84e9115bcbbec] - ==>  Preparing: select count(*) from notification where receiver = ? and status = ? 
2020-04-25 18:43:39.227  [http-nio-8083-exec-10] DEBUG [com.hzu.community.mapper.NotificationMapper.countUnread:] [3cd84e9115bcbbec,ffd31d497d47bcf2,3cd84e9115bcbbec] - ==> Parameters: 1(Integer), 0(Integer)
2020-04-25 18:43:39.228  [http-nio-8083-exec-10] DEBUG [com.hzu.community.mapper.NotificationMapper.countUnread:] [3cd84e9115bcbbec,ffd31d497d47bcf2,3cd84e9115bcbbec] - <==      Total: 1
2020-04-25 18:43:39.240  [http-nio-8083-exec-1] DEBUG [com.hzu.community.mapper.QuestionMapper.count:] [3cd84e9115bcbbec,73d04624a62919fa,1e7c25439965c424] - ==>  Preparing: select count(id) from question 
2020-04-25 18:43:39.241  [http-nio-8083-exec-1] DEBUG [com.hzu.community.mapper.QuestionMapper.count:] [3cd84e9115bcbbec,73d04624a62919fa,1e7c25439965c424] - ==> Parameters: 
2020-04-25 18:43:39.242  [http-nio-8083-exec-1] DEBUG [com.hzu.community.mapper.QuestionMapper.count:] [3cd84e9115bcbbec,73d04624a62919fa,1e7c25439965c424] - <==      Total: 1
2020-04-25 18:43:39.256  [http-nio-8083-exec-2] DEBUG [com.hzu.community.mapper.QuestionMapper.selectQuestion:] [3cd84e9115bcbbec,c14ab673bd868e0e,24a74bf6725f63ff] - ==>  Preparing: select * from question order by gmt_create desc limit ?,? 
2020-04-25 18:43:39.256  [http-nio-8083-exec-2] DEBUG [com.hzu.community.mapper.QuestionMapper.selectQuestion:] [3cd84e9115bcbbec,c14ab673bd868e0e,24a74bf6725f63ff] - ==> Parameters: 0(Integer), 5(Integer)
2020-04-25 18:43:39.260  [http-nio-8083-exec-2] DEBUG [com.hzu.community.mapper.QuestionMapper.selectQuestion:] [3cd84e9115bcbbec,c14ab673bd868e0e,24a74bf6725f63ff] - <==      Total: 5
2020-04-25 18:43:49.755  [http-nio-8083-exec-7] DEBUG [com.hzu.community.mapper.UserMapper.select:] [e16f8a1b509f9970,a464a36d035cf4ee,e16f8a1b509f9970] - ==>  Preparing: select * from user WHERE name = ? 
2020-04-25 18:43:49.755  [http-nio-8083-exec-7] DEBUG [com.hzu.community.mapper.UserMapper.select:] [e16f8a1b509f9970,a464a36d035cf4ee,e16f8a1b509f9970] - ==> Parameters: 123(String)
2020-04-25 18:43:49.756  [http-nio-8083-exec-7] DEBUG [com.hzu.community.mapper.UserMapper.select:] [e16f8a1b509f9970,a464a36d035cf4ee,e16f8a1b509f9970] - <==      Total: 1
2020-04-25 18:43:49.764  [http-nio-8083-exec-8] DEBUG [com.hzu.community.mapper.NotificationMapper.countUnread:] [e16f8a1b509f9970,997c0f82ebd72a57,e16f8a1b509f9970] - ==>  Preparing: select count(*) from notification where receiver = ? and status = ? 
2020-04-25 18:43:49.765  [http-nio-8083-exec-8] DEBUG [com.hzu.community.mapper.NotificationMapper.countUnread:] [e16f8a1b509f9970,997c0f82ebd72a57,e16f8a1b509f9970] - ==> Parameters: 1(Integer), 0(Integer)
2020-04-25 18:43:49.766  [http-nio-8083-exec-8] DEBUG [com.hzu.community.mapper.NotificationMapper.countUnread:] [e16f8a1b509f9970,997c0f82ebd72a57,e16f8a1b509f9970] - <==      Total: 1
2020-04-25 18:43:49.779  [http-nio-8083-exec-9] DEBUG [com.hzu.community.mapper.QuestionMapper.count:] [e16f8a1b509f9970,7619beed9064090e,1d1b613c59fa2c49] - ==>  Preparing: select count(id) from question 
2020-04-25 18:43:49.780  [http-nio-8083-exec-9] DEBUG [com.hzu.community.mapper.QuestionMapper.count:] [e16f8a1b509f9970,7619beed9064090e,1d1b613c59fa2c49] - ==> Parameters: 
2020-04-25 18:43:49.782  [http-nio-8083-exec-9] DEBUG [com.hzu.community.mapper.QuestionMapper.count:] [e16f8a1b509f9970,7619beed9064090e,1d1b613c59fa2c49] - <==      Total: 1
2020-04-25 18:43:49.791  [http-nio-8083-exec-10] DEBUG [com.hzu.community.mapper.QuestionMapper.selectQuestion:] [e16f8a1b509f9970,14a382bc6ef80082,1f340e8b846914bb] - ==>  Preparing: select * from question order by view_count desc limit ?,? 
2020-04-25 18:43:49.792  [http-nio-8083-exec-10] DEBUG [com.hzu.community.mapper.QuestionMapper.selectQuestion:] [e16f8a1b509f9970,14a382bc6ef80082,1f340e8b846914bb] - ==> Parameters: 0(Integer), 5(Integer)
2020-04-25 18:43:49.797  [http-nio-8083-exec-10] DEBUG [com.hzu.community.mapper.QuestionMapper.selectQuestion:] [e16f8a1b509f9970,14a382bc6ef80082,1f340e8b846914bb] - <==      Total: 5
2020-04-25 18:43:55.361  [http-nio-8083-exec-5] DEBUG [com.hzu.community.mapper.UserMapper.select:] [642d25de034cc83a,de5ab6d1d8304356,642d25de034cc83a] - ==>  Preparing: select * from user WHERE name = ? 
2020-04-25 18:43:55.362  [http-nio-8083-exec-5] DEBUG [com.hzu.community.mapper.UserMapper.select:] [642d25de034cc83a,de5ab6d1d8304356,642d25de034cc83a] - ==> Parameters: 123(String)
2020-04-25 18:43:55.363  [http-nio-8083-exec-5] DEBUG [com.hzu.community.mapper.UserMapper.select:] [642d25de034cc83a,de5ab6d1d8304356,642d25de034cc83a] - <==      Total: 1
2020-04-25 18:43:55.370  [http-nio-8083-exec-6] DEBUG [com.hzu.community.mapper.NotificationMapper.countUnread:] [642d25de034cc83a,66a7beb23ec16ccf,642d25de034cc83a] - ==>  Preparing: select count(*) from notification where receiver = ? and status = ? 
2020-04-25 18:43:55.371  [http-nio-8083-exec-6] DEBUG [com.hzu.community.mapper.NotificationMapper.countUnread:] [642d25de034cc83a,66a7beb23ec16ccf,642d25de034cc83a] - ==> Parameters: 1(Integer), 0(Integer)
2020-04-25 18:43:55.371  [http-nio-8083-exec-6] DEBUG [com.hzu.community.mapper.NotificationMapper.countUnread:] [642d25de034cc83a,66a7beb23ec16ccf,642d25de034cc83a] - <==      Total: 1
2020-04-25 18:44:00.347  [http-nio-8083-exec-7] DEBUG [com.hzu.community.mapper.UserMapper.select:] [717305c57a7880b7,5f8276af7974de38,717305c57a7880b7] - ==>  Preparing: select * from user WHERE name = ? 
2020-04-25 18:44:00.348  [http-nio-8083-exec-7] DEBUG [com.hzu.community.mapper.UserMapper.select:] [717305c57a7880b7,5f8276af7974de38,717305c57a7880b7] - ==> Parameters: 123(String)
2020-04-25 18:44:00.350  [http-nio-8083-exec-7] DEBUG [com.hzu.community.mapper.UserMapper.select:] [717305c57a7880b7,5f8276af7974de38,717305c57a7880b7] - <==      Total: 1
2020-04-25 18:44:00.357  [http-nio-8083-exec-8] DEBUG [com.hzu.community.mapper.NotificationMapper.countUnread:] [717305c57a7880b7,342063245953d89d,717305c57a7880b7] - ==>  Preparing: select count(*) from notification where receiver = ? and status = ? 
2020-04-25 18:44:00.357  [http-nio-8083-exec-8] DEBUG [com.hzu.community.mapper.NotificationMapper.countUnread:] [717305c57a7880b7,342063245953d89d,717305c57a7880b7] - ==> Parameters: 1(Integer), 0(Integer)
2020-04-25 18:44:00.358  [http-nio-8083-exec-8] DEBUG [com.hzu.community.mapper.NotificationMapper.countUnread:] [717305c57a7880b7,342063245953d89d,717305c57a7880b7] - <==      Total: 1
2020-04-25 18:44:00.365  [http-nio-8083-exec-9] DEBUG [com.hzu.community.mapper.QuestionMapper.count:] [717305c57a7880b7,cbed9ee4f9e88d3a,2e0ba22ab075fdef] - ==>  Preparing: select count(id) from question 
2020-04-25 18:44:00.365  [http-nio-8083-exec-9] DEBUG [com.hzu.community.mapper.QuestionMapper.count:] [717305c57a7880b7,cbed9ee4f9e88d3a,2e0ba22ab075fdef] - ==> Parameters: 
2020-04-25 18:44:00.366  [http-nio-8083-exec-9] DEBUG [com.hzu.community.mapper.QuestionMapper.count:] [717305c57a7880b7,cbed9ee4f9e88d3a,2e0ba22ab075fdef] - <==      Total: 1
2020-04-25 18:44:00.375  [http-nio-8083-exec-10] DEBUG [com.hzu.community.mapper.QuestionMapper.selectQuestion:] [717305c57a7880b7,52e0c2938d8b905c,5972503adc23b198] - ==>  Preparing: select * from question order by gmt_create desc limit ?,? 
2020-04-25 18:44:00.375  [http-nio-8083-exec-10] DEBUG [com.hzu.community.mapper.QuestionMapper.selectQuestion:] [717305c57a7880b7,52e0c2938d8b905c,5972503adc23b198] - ==> Parameters: 0(Integer), 5(Integer)
2020-04-25 18:44:00.378  [http-nio-8083-exec-10] DEBUG [com.hzu.community.mapper.QuestionMapper.selectQuestion:] [717305c57a7880b7,52e0c2938d8b905c,5972503adc23b198] - <==      Total: 5
2020-04-25 18:53:06.192  [http-nio-8083-exec-1] DEBUG [com.hzu.community.mapper.QuestionMapper.selectQuestion:] [da76b6f0c2df50ed,64406df4fc4fa668,213f90d6c8d9c3d4] - ==>  Preparing: select * from question order by gmt_create desc limit ?,? 
2020-04-25 18:53:06.229  [http-nio-8083-exec-1] DEBUG [com.hzu.community.mapper.QuestionMapper.selectQuestion:] [da76b6f0c2df50ed,64406df4fc4fa668,213f90d6c8d9c3d4] - ==> Parameters: 0(Integer), 4(Integer)
2020-04-25 18:53:06.249  [http-nio-8083-exec-1] DEBUG [com.hzu.community.mapper.QuestionMapper.selectQuestion:] [da76b6f0c2df50ed,64406df4fc4fa668,213f90d6c8d9c3d4] - <==      Total: 4
2020-04-25 18:53:50.961  [http-nio-8083-exec-2] DEBUG [com.hzu.community.mapper.UserMapper.select:] [abc6ba3007b5381c,d6f5a856ef35d966,abc6ba3007b5381c] - ==>  Preparing: select * from user WHERE name = ? 
2020-04-25 18:53:50.964  [http-nio-8083-exec-2] DEBUG [com.hzu.community.mapper.UserMapper.select:] [abc6ba3007b5381c,d6f5a856ef35d966,abc6ba3007b5381c] - ==> Parameters: 123(String)
2020-04-25 18:53:50.968  [http-nio-8083-exec-2] DEBUG [com.hzu.community.mapper.UserMapper.select:] [abc6ba3007b5381c,d6f5a856ef35d966,abc6ba3007b5381c] - <==      Total: 1
2020-04-25 18:53:50.990  [http-nio-8083-exec-3] DEBUG [com.hzu.community.mapper.NotificationMapper.countUnread:] [abc6ba3007b5381c,dcbca3784c04d343,abc6ba3007b5381c] - ==>  Preparing: select count(*) from notification where receiver = ? and status = ? 
2020-04-25 18:53:50.991  [http-nio-8083-exec-3] DEBUG [com.hzu.community.mapper.NotificationMapper.countUnread:] [abc6ba3007b5381c,dcbca3784c04d343,abc6ba3007b5381c] - ==> Parameters: 1(Integer), 0(Integer)
2020-04-25 18:53:50.995  [http-nio-8083-exec-3] DEBUG [com.hzu.community.mapper.NotificationMapper.countUnread:] [abc6ba3007b5381c,dcbca3784c04d343,abc6ba3007b5381c] - <==      Total: 1
2020-04-25 18:53:51.038  [http-nio-8083-exec-4] DEBUG [com.hzu.community.mapper.QuestionMapper.count:] [abc6ba3007b5381c,3f9aa5756d936f52,b779a3b23d3e6844] - ==>  Preparing: select count(id) from question 
2020-04-25 18:53:51.038  [http-nio-8083-exec-4] DEBUG [com.hzu.community.mapper.QuestionMapper.count:] [abc6ba3007b5381c,3f9aa5756d936f52,b779a3b23d3e6844] - ==> Parameters: 
2020-04-25 18:53:51.039  [http-nio-8083-exec-4] DEBUG [com.hzu.community.mapper.QuestionMapper.count:] [abc6ba3007b5381c,3f9aa5756d936f52,b779a3b23d3e6844] - <==      Total: 1
2020-04-25 18:53:51.061  [http-nio-8083-exec-5] DEBUG [com.hzu.community.mapper.QuestionMapper.selectQuestion:] [abc6ba3007b5381c,11647ff0579fb4ea,e0003af708d6920a] - ==>  Preparing: select * from question order by gmt_create desc limit ?,? 
2020-04-25 18:53:51.062  [http-nio-8083-exec-5] DEBUG [com.hzu.community.mapper.QuestionMapper.selectQuestion:] [abc6ba3007b5381c,11647ff0579fb4ea,e0003af708d6920a] - ==> Parameters: 0(Integer), 5(Integer)
2020-04-25 18:53:51.065  [http-nio-8083-exec-5] DEBUG [com.hzu.community.mapper.QuestionMapper.selectQuestion:] [abc6ba3007b5381c,11647ff0579fb4ea,e0003af708d6920a] - <==      Total: 5
2020-04-25 18:53:51.079  [http-nio-8083-exec-7] DEBUG [com.hzu.community.mapper.UserMapper.selectById:] [abc6ba3007b5381c,9c49cac2c4507260,abc6ba3007b5381c] - ==>  Preparing: select * from user where id = ? 
2020-04-25 18:53:51.085  [http-nio-8083-exec-7] DEBUG [com.hzu.community.mapper.UserMapper.selectById:] [abc6ba3007b5381c,9c49cac2c4507260,abc6ba3007b5381c] - ==> Parameters: 1(Integer)
2020-04-25 18:53:51.087  [http-nio-8083-exec-7] DEBUG [com.hzu.community.mapper.UserMapper.selectById:] [abc6ba3007b5381c,9c49cac2c4507260,abc6ba3007b5381c] - <==      Total: 1
2020-04-25 18:53:58.480  [http-nio-8083-exec-1] DEBUG [com.hzu.community.mapper.UserMapper.select:] [698b26dc2513a43a,e50025252970fdca,698b26dc2513a43a] - ==>  Preparing: select * from user WHERE name = ? 
2020-04-25 18:53:58.481  [http-nio-8083-exec-1] DEBUG [com.hzu.community.mapper.UserMapper.select:] [698b26dc2513a43a,e50025252970fdca,698b26dc2513a43a] - ==> Parameters: 123(String)
2020-04-25 18:53:58.483  [http-nio-8083-exec-1] DEBUG [com.hzu.community.mapper.UserMapper.select:] [698b26dc2513a43a,e50025252970fdca,698b26dc2513a43a] - <==      Total: 1
2020-04-25 18:53:58.492  [http-nio-8083-exec-2] DEBUG [com.hzu.community.mapper.NotificationMapper.countUnread:] [698b26dc2513a43a,2a6f6777716445df,698b26dc2513a43a] - ==>  Preparing: select count(*) from notification where receiver = ? and status = ? 
2020-04-25 18:53:58.493  [http-nio-8083-exec-2] DEBUG [com.hzu.community.mapper.NotificationMapper.countUnread:] [698b26dc2513a43a,2a6f6777716445df,698b26dc2513a43a] - ==> Parameters: 1(Integer), 0(Integer)
2020-04-25 18:53:58.495  [http-nio-8083-exec-2] DEBUG [com.hzu.community.mapper.NotificationMapper.countUnread:] [698b26dc2513a43a,2a6f6777716445df,698b26dc2513a43a] - <==      Total: 1
2020-04-25 18:55:36.036  [http-nio-8083-exec-4] DEBUG [com.hzu.community.mapper.QuestionMapper.selectQuestion:] [20f277ab3ac2ad92,2bf5a757e20f6024,0d07dec534048dc3] - ==>  Preparing: select * from question order by gmt_create desc limit ?,? 
2020-04-25 18:55:36.036  [http-nio-8083-exec-4] DEBUG [com.hzu.community.mapper.QuestionMapper.selectQuestion:] [20f277ab3ac2ad92,2bf5a757e20f6024,0d07dec534048dc3] - ==> Parameters: 0(Integer), 4(Integer)
2020-04-25 18:55:36.052  [http-nio-8083-exec-4] DEBUG [com.hzu.community.mapper.QuestionMapper.selectQuestion:] [20f277ab3ac2ad92,2bf5a757e20f6024,0d07dec534048dc3] - <==      Total: 4
2020-04-25 18:55:36.099  [http-nio-8083-exec-5] DEBUG [com.hzu.community.mapper.QuestionMapper.selectQuestion:] [20f277ab3ac2ad92,05e4671aeea81b23,7518068afcd7262a] - ==>  Preparing: select * from question order by gmt_create desc limit ?,? 
2020-04-25 18:55:36.099  [http-nio-8083-exec-5] DEBUG [com.hzu.community.mapper.QuestionMapper.selectQuestion:] [20f277ab3ac2ad92,05e4671aeea81b23,7518068afcd7262a] - ==> Parameters: 4(Integer), 4(Integer)
2020-04-25 18:55:36.099  [http-nio-8083-exec-5] DEBUG [com.hzu.community.mapper.QuestionMapper.selectQuestion:] [20f277ab3ac2ad92,05e4671aeea81b23,7518068afcd7262a] - <==      Total: 4
2020-04-25 18:55:36.115  [http-nio-8083-exec-7] DEBUG [com.hzu.community.mapper.QuestionMapper.selectQuestion:] [20f277ab3ac2ad92,b20ab7074eb27642,4096288b2ad646e3] - ==>  Preparing: select * from question order by gmt_create desc limit ?,? 
2020-04-25 18:55:36.115  [http-nio-8083-exec-7] DEBUG [com.hzu.community.mapper.QuestionMapper.selectQuestion:] [20f277ab3ac2ad92,b20ab7074eb27642,4096288b2ad646e3] - ==> Parameters: 8(Integer), 4(Integer)
2020-04-25 18:55:36.115  [http-nio-8083-exec-7] DEBUG [com.hzu.community.mapper.QuestionMapper.selectQuestion:] [20f277ab3ac2ad92,b20ab7074eb27642,4096288b2ad646e3] - <==      Total: 2
2020-04-25 18:55:42.561  [http-nio-8083-exec-6] DEBUG [com.hzu.community.mapper.UserMapper.select:] [eb5b1e52e21595d9,d10b647c2682c379,eb5b1e52e21595d9] - ==>  Preparing: select * from user WHERE name = ? 
2020-04-25 18:55:42.562  [http-nio-8083-exec-6] DEBUG [com.hzu.community.mapper.UserMapper.select:] [eb5b1e52e21595d9,d10b647c2682c379,eb5b1e52e21595d9] - ==> Parameters: 123(String)
2020-04-25 18:55:42.563  [http-nio-8083-exec-6] DEBUG [com.hzu.community.mapper.UserMapper.select:] [eb5b1e52e21595d9,d10b647c2682c379,eb5b1e52e21595d9] - <==      Total: 1
2020-04-25 18:55:42.584  [http-nio-8083-exec-8] DEBUG [com.hzu.community.mapper.NotificationMapper.countUnread:] [eb5b1e52e21595d9,a48823dbbff96087,eb5b1e52e21595d9] - ==>  Preparing: select count(*) from notification where receiver = ? and status = ? 
2020-04-25 18:55:42.585  [http-nio-8083-exec-8] DEBUG [com.hzu.community.mapper.NotificationMapper.countUnread:] [eb5b1e52e21595d9,a48823dbbff96087,eb5b1e52e21595d9] - ==> Parameters: 1(Integer), 0(Integer)
2020-04-25 18:55:42.586  [http-nio-8083-exec-8] DEBUG [com.hzu.community.mapper.NotificationMapper.countUnread:] [eb5b1e52e21595d9,a48823dbbff96087,eb5b1e52e21595d9] - <==      Total: 1
2020-04-25 18:57:42.557  [http-nio-8083-exec-1] DEBUG [com.hzu.community.mapper.QuestionMapper.selectQuestion:] [1cb868e6965eaa12,fee32df76cc5d43d,fd5ab3f45d7cf661] - ==>  Preparing: select * from question order by gmt_create desc limit ?,? 
2020-04-25 18:57:42.557  [http-nio-8083-exec-1] DEBUG [com.hzu.community.mapper.QuestionMapper.selectQuestion:] [1cb868e6965eaa12,fee32df76cc5d43d,fd5ab3f45d7cf661] - ==> Parameters: 0(Integer), 4(Integer)
2020-04-25 18:57:42.557  [http-nio-8083-exec-1] DEBUG [com.hzu.community.mapper.QuestionMapper.selectQuestion:] [1cb868e6965eaa12,fee32df76cc5d43d,fd5ab3f45d7cf661] - <==      Total: 4
2020-04-25 18:57:42.604  [http-nio-8083-exec-2] DEBUG [com.hzu.community.mapper.QuestionMapper.selectQuestion:] [1cb868e6965eaa12,d3be2ac7605f7735,ec40e3e229aa1393] - ==>  Preparing: select * from question order by gmt_create desc limit ?,? 
2020-04-25 18:57:42.604  [http-nio-8083-exec-2] DEBUG [com.hzu.community.mapper.QuestionMapper.selectQuestion:] [1cb868e6965eaa12,d3be2ac7605f7735,ec40e3e229aa1393] - ==> Parameters: 4(Integer), 4(Integer)
2020-04-25 18:57:42.604  [http-nio-8083-exec-2] DEBUG [com.hzu.community.mapper.QuestionMapper.selectQuestion:] [1cb868e6965eaa12,d3be2ac7605f7735,ec40e3e229aa1393] - <==      Total: 4
2020-04-25 18:57:42.619  [http-nio-8083-exec-3] DEBUG [com.hzu.community.mapper.QuestionMapper.selectQuestion:] [1cb868e6965eaa12,10217b70d98a0682,49b48bd90ea08130] - ==>  Preparing: select * from question order by gmt_create desc limit ?,? 
2020-04-25 18:57:42.619  [http-nio-8083-exec-3] DEBUG [com.hzu.community.mapper.QuestionMapper.selectQuestion:] [1cb868e6965eaa12,10217b70d98a0682,49b48bd90ea08130] - ==> Parameters: 8(Integer), 4(Integer)
2020-04-25 18:57:42.619  [http-nio-8083-exec-3] DEBUG [com.hzu.community.mapper.QuestionMapper.selectQuestion:] [1cb868e6965eaa12,10217b70d98a0682,49b48bd90ea08130] - <==      Total: 2
2020-04-25 18:57:45.732  [http-nio-8083-exec-4] DEBUG [com.hzu.community.mapper.UserMapper.select:] [5fa556f962a98b02,90257bf5fa622d00,5fa556f962a98b02] - ==>  Preparing: select * from user WHERE name = ? 
2020-04-25 18:57:45.732  [http-nio-8083-exec-4] DEBUG [com.hzu.community.mapper.UserMapper.select:] [5fa556f962a98b02,90257bf5fa622d00,5fa556f962a98b02] - ==> Parameters: 123(String)
2020-04-25 18:57:45.733  [http-nio-8083-exec-4] DEBUG [com.hzu.community.mapper.UserMapper.select:] [5fa556f962a98b02,90257bf5fa622d00,5fa556f962a98b02] - <==      Total: 1
2020-04-25 18:57:45.749  [http-nio-8083-exec-5] DEBUG [com.hzu.community.mapper.NotificationMapper.countUnread:] [5fa556f962a98b02,9c7fe23852fb1cd8,5fa556f962a98b02] - ==>  Preparing: select count(*) from notification where receiver = ? and status = ? 
2020-04-25 18:57:45.750  [http-nio-8083-exec-5] DEBUG [com.hzu.community.mapper.NotificationMapper.countUnread:] [5fa556f962a98b02,9c7fe23852fb1cd8,5fa556f962a98b02] - ==> Parameters: 1(Integer), 0(Integer)
2020-04-25 18:57:45.750  [http-nio-8083-exec-5] DEBUG [com.hzu.community.mapper.NotificationMapper.countUnread:] [5fa556f962a98b02,9c7fe23852fb1cd8,5fa556f962a98b02] - <==      Total: 1
2020-04-25 18:58:09.784  [http-nio-8083-exec-7] DEBUG [com.hzu.community.mapper.UserMapper.select:] [55c3847e330ce48c,15775510e389ff4b,55c3847e330ce48c] - ==>  Preparing: select * from user WHERE name = ? 
2020-04-25 18:58:09.785  [http-nio-8083-exec-7] DEBUG [com.hzu.community.mapper.UserMapper.select:] [55c3847e330ce48c,15775510e389ff4b,55c3847e330ce48c] - ==> Parameters: 123(String)
2020-04-25 18:58:09.786  [http-nio-8083-exec-7] DEBUG [com.hzu.community.mapper.UserMapper.select:] [55c3847e330ce48c,15775510e389ff4b,55c3847e330ce48c] - <==      Total: 1
2020-04-25 18:58:09.795  [http-nio-8083-exec-6] DEBUG [com.hzu.community.mapper.NotificationMapper.countUnread:] [55c3847e330ce48c,048c25cd215a9bb4,55c3847e330ce48c] - ==>  Preparing: select count(*) from notification where receiver = ? and status = ? 
2020-04-25 18:58:09.797  [http-nio-8083-exec-6] DEBUG [com.hzu.community.mapper.NotificationMapper.countUnread:] [55c3847e330ce48c,048c25cd215a9bb4,55c3847e330ce48c] - ==> Parameters: 1(Integer), 0(Integer)
2020-04-25 18:58:09.798  [http-nio-8083-exec-6] DEBUG [com.hzu.community.mapper.NotificationMapper.countUnread:] [55c3847e330ce48c,048c25cd215a9bb4,55c3847e330ce48c] - <==      Total: 1
2020-04-25 18:58:47.764  [http-nio-8083-exec-10] DEBUG [com.hzu.community.mapper.QuestionMapper.selectQuestion:] [d94f23f0852ca1fb,c4f6bb78a6658125,cb6b9664ce76f9df] - ==>  Preparing: select * from question order by gmt_create desc limit ?,? 
2020-04-25 18:58:47.764  [http-nio-8083-exec-10] DEBUG [com.hzu.community.mapper.QuestionMapper.selectQuestion:] [d94f23f0852ca1fb,c4f6bb78a6658125,cb6b9664ce76f9df] - ==> Parameters: 0(Integer), 4(Integer)
2020-04-25 18:58:47.764  [http-nio-8083-exec-10] DEBUG [com.hzu.community.mapper.QuestionMapper.selectQuestion:] [d94f23f0852ca1fb,c4f6bb78a6658125,cb6b9664ce76f9df] - <==      Total: 4
2020-04-25 18:58:47.827  [http-nio-8083-exec-1] DEBUG [com.hzu.community.mapper.QuestionMapper.selectQuestion:] [d94f23f0852ca1fb,091a20f71171bcf8,62682ea3fbb668a9] - ==>  Preparing: select * from question order by gmt_create desc limit ?,? 
2020-04-25 18:58:47.827  [http-nio-8083-exec-1] DEBUG [com.hzu.community.mapper.QuestionMapper.selectQuestion:] [d94f23f0852ca1fb,091a20f71171bcf8,62682ea3fbb668a9] - ==> Parameters: 4(Integer), 4(Integer)
2020-04-25 18:58:47.827  [http-nio-8083-exec-1] DEBUG [com.hzu.community.mapper.QuestionMapper.selectQuestion:] [d94f23f0852ca1fb,091a20f71171bcf8,62682ea3fbb668a9] - <==      Total: 4
2020-04-25 18:58:47.842  [http-nio-8083-exec-2] DEBUG [com.hzu.community.mapper.QuestionMapper.selectQuestion:] [d94f23f0852ca1fb,d12c6225fb59a03b,eb21b451f4b32860] - ==>  Preparing: select * from question order by gmt_create desc limit ?,? 
2020-04-25 18:58:47.842  [http-nio-8083-exec-2] DEBUG [com.hzu.community.mapper.QuestionMapper.selectQuestion:] [d94f23f0852ca1fb,d12c6225fb59a03b,eb21b451f4b32860] - ==> Parameters: 8(Integer), 4(Integer)
2020-04-25 18:58:47.842  [http-nio-8083-exec-2] DEBUG [com.hzu.community.mapper.QuestionMapper.selectQuestion:] [d94f23f0852ca1fb,d12c6225fb59a03b,eb21b451f4b32860] - <==      Total: 2
