2020-05-11 03:02:05.171  [http-nio-8083-exec-1] DEBUG [com.hzu.community.mapper.QuestionMapper.count:] [4b7770494129554e,571d5476066ad287,d1d46b3dd5b19e5a] - ==>  Preparing: select count(id) from question 
2020-05-11 03:02:05.172  [http-nio-8083-exec-1] DEBUG [com.hzu.community.mapper.QuestionMapper.count:] [4b7770494129554e,571d5476066ad287,d1d46b3dd5b19e5a] - ==> Parameters: 
2020-05-11 03:02:05.172  [http-nio-8083-exec-1] DEBUG [com.hzu.community.mapper.QuestionMapper.count:] [4b7770494129554e,571d5476066ad287,d1d46b3dd5b19e5a] - <==      Total: 1
2020-05-11 03:02:05.182  [http-nio-8083-exec-8] DEBUG [com.hzu.community.mapper.QuestionMapper.selectQuestion:] [4b7770494129554e,cf6e4388335a270d,49bd3d04b0d29678] - ==>  Preparing: select * from question order by gmt_create desc limit ?,? 
2020-05-11 03:02:05.182  [http-nio-8083-exec-8] DEBUG [com.hzu.community.mapper.QuestionMapper.selectQuestion:] [4b7770494129554e,cf6e4388335a270d,49bd3d04b0d29678] - ==> Parameters: 0(Integer), 5(Integer)
2020-05-11 03:02:05.185  [http-nio-8083-exec-8] DEBUG [com.hzu.community.mapper.QuestionMapper.selectQuestion:] [4b7770494129554e,cf6e4388335a270d,49bd3d04b0d29678] - <==      Total: 5
2020-05-11 03:02:05.197  [http-nio-8083-exec-7] DEBUG [com.hzu.community.mapper.UserMapper.selectById:] [4b7770494129554e,6c889964485b9c36,4b7770494129554e] - ==>  Preparing: select * from user where id = ? 
2020-05-11 03:02:05.197  [http-nio-8083-exec-7] DEBUG [com.hzu.community.mapper.UserMapper.selectById:] [4b7770494129554e,6c889964485b9c36,4b7770494129554e] - ==> Parameters: 1(Integer)
2020-05-11 03:02:05.200  [http-nio-8083-exec-7] DEBUG [com.hzu.community.mapper.UserMapper.selectById:] [4b7770494129554e,6c889964485b9c36,4b7770494129554e] - <==      Total: 1
2020-05-11 03:02:12.269  [http-nio-8083-exec-2] DEBUG [com.hzu.community.mapper.UserMapper.select:] [2971484a0dd87ce7,78f654b3700ed26f,2971484a0dd87ce7] - ==>  Preparing: select * from user WHERE pwd = ? and name = ? 
2020-05-11 03:02:12.270  [http-nio-8083-exec-2] DEBUG [com.hzu.community.mapper.UserMapper.select:] [2971484a0dd87ce7,78f654b3700ed26f,2971484a0dd87ce7] - ==> Parameters: 123(String), 123(String)
2020-05-11 03:02:12.271  [http-nio-8083-exec-2] DEBUG [com.hzu.community.mapper.UserMapper.select:] [2971484a0dd87ce7,78f654b3700ed26f,2971484a0dd87ce7] - <==      Total: 1
2020-05-11 03:02:12.305  [http-nio-8083-exec-1] DEBUG [com.hzu.community.mapper.UserMapper.select:] [8c72060ae4bfeb29,0bf798b126e63ba3,8c72060ae4bfeb29] - ==>  Preparing: select * from user WHERE name = ? 
2020-05-11 03:02:12.305  [http-nio-8083-exec-1] DEBUG [com.hzu.community.mapper.UserMapper.select:] [8c72060ae4bfeb29,0bf798b126e63ba3,8c72060ae4bfeb29] - ==> Parameters: 123(String)
2020-05-11 03:02:12.306  [http-nio-8083-exec-1] DEBUG [com.hzu.community.mapper.UserMapper.select:] [8c72060ae4bfeb29,0bf798b126e63ba3,8c72060ae4bfeb29] - <==      Total: 1
2020-05-11 03:02:12.315  [http-nio-8083-exec-8] DEBUG [com.hzu.community.mapper.NotificationMapper.countUnread:] [8c72060ae4bfeb29,0d903df64eaf44e4,8c72060ae4bfeb29] - ==>  Preparing: select count(*) from notification where receiver = ? and status = ? 
2020-05-11 03:02:12.316  [http-nio-8083-exec-8] DEBUG [com.hzu.community.mapper.NotificationMapper.countUnread:] [8c72060ae4bfeb29,0d903df64eaf44e4,8c72060ae4bfeb29] - ==> Parameters: 1(Integer), 0(Integer)
2020-05-11 03:02:12.317  [http-nio-8083-exec-8] DEBUG [com.hzu.community.mapper.NotificationMapper.countUnread:] [8c72060ae4bfeb29,0d903df64eaf44e4,8c72060ae4bfeb29] - <==      Total: 1
2020-05-11 03:20:42.479  [http-nio-8083-exec-9] DEBUG [com.hzu.community.mapper.QuestionMapper.selectQuestion:] [6877242080bb09e6,e9aa000412089045,2606caf0fdcb4395] - ==>  Preparing: select * from question order by gmt_create desc limit ?,? 
2020-05-11 03:20:42.479  [http-nio-8083-exec-9] DEBUG [com.hzu.community.mapper.QuestionMapper.selectQuestion:] [6877242080bb09e6,e9aa000412089045,2606caf0fdcb4395] - ==> Parameters: 0(Integer), 4(Integer)
2020-05-11 03:20:42.481  [http-nio-8083-exec-9] DEBUG [com.hzu.community.mapper.QuestionMapper.selectQuestion:] [6877242080bb09e6,e9aa000412089045,2606caf0fdcb4395] - <==      Total: 4
2020-05-11 03:20:42.545  [http-nio-8083-exec-3] DEBUG [com.hzu.community.mapper.QuestionMapper.selectQuestion:] [6877242080bb09e6,5a931b0e5e51991d,89fc774b2f7a3733] - ==>  Preparing: select * from question order by gmt_create desc limit ?,? 
2020-05-11 03:20:42.546  [http-nio-8083-exec-3] DEBUG [com.hzu.community.mapper.QuestionMapper.selectQuestion:] [6877242080bb09e6,5a931b0e5e51991d,89fc774b2f7a3733] - ==> Parameters: 4(Integer), 4(Integer)
2020-05-11 03:20:42.547  [http-nio-8083-exec-3] DEBUG [com.hzu.community.mapper.QuestionMapper.selectQuestion:] [6877242080bb09e6,5a931b0e5e51991d,89fc774b2f7a3733] - <==      Total: 4
2020-05-11 03:20:42.563  [http-nio-8083-exec-4] DEBUG [com.hzu.community.mapper.QuestionMapper.selectQuestion:] [6877242080bb09e6,3aaa7a3b79707a8e,d191c664f4d98dbd] - ==>  Preparing: select * from question order by gmt_create desc limit ?,? 
2020-05-11 03:20:42.563  [http-nio-8083-exec-4] DEBUG [com.hzu.community.mapper.QuestionMapper.selectQuestion:] [6877242080bb09e6,3aaa7a3b79707a8e,d191c664f4d98dbd] - ==> Parameters: 8(Integer), 4(Integer)
2020-05-11 03:20:42.564  [http-nio-8083-exec-4] DEBUG [com.hzu.community.mapper.QuestionMapper.selectQuestion:] [6877242080bb09e6,3aaa7a3b79707a8e,d191c664f4d98dbd] - <==      Total: 2
2020-05-11 03:21:31.572  [http-nio-8083-exec-5] DEBUG [com.hzu.community.mapper.UserMapper.select:] [bc2ee103a82bc13a,13a01a445571991c,bc2ee103a82bc13a] - ==>  Preparing: select * from user WHERE name = ? 
2020-05-11 03:21:31.573  [http-nio-8083-exec-5] DEBUG [com.hzu.community.mapper.UserMapper.select:] [bc2ee103a82bc13a,13a01a445571991c,bc2ee103a82bc13a] - ==> Parameters: 123(String)
2020-05-11 03:21:31.574  [http-nio-8083-exec-5] DEBUG [com.hzu.community.mapper.UserMapper.select:] [bc2ee103a82bc13a,13a01a445571991c,bc2ee103a82bc13a] - <==      Total: 1
2020-05-11 03:21:31.595  [http-nio-8083-exec-10] DEBUG [com.hzu.community.mapper.NotificationMapper.countUnread:] [bc2ee103a82bc13a,261ad59357df0327,bc2ee103a82bc13a] - ==>  Preparing: select count(*) from notification where receiver = ? and status = ? 
2020-05-11 03:21:31.595  [http-nio-8083-exec-10] DEBUG [com.hzu.community.mapper.NotificationMapper.countUnread:] [bc2ee103a82bc13a,261ad59357df0327,bc2ee103a82bc13a] - ==> Parameters: 1(Integer), 0(Integer)
2020-05-11 03:21:31.596  [http-nio-8083-exec-10] DEBUG [com.hzu.community.mapper.NotificationMapper.countUnread:] [bc2ee103a82bc13a,261ad59357df0327,bc2ee103a82bc13a] - <==      Total: 1
2020-05-11 03:21:31.643  [http-nio-8083-exec-6] DEBUG [com.hzu.community.mapper.UserMapper.select:] [bc2ee103a82bc13a,e44f7c9fa790dba0,bc2ee103a82bc13a] - ==>  Preparing: select * from user WHERE pwd = ? and name = ? 
2020-05-11 03:21:31.643  [http-nio-8083-exec-6] DEBUG [com.hzu.community.mapper.UserMapper.select:] [bc2ee103a82bc13a,e44f7c9fa790dba0,bc2ee103a82bc13a] - ==> Parameters: 123(String), 123(String)
2020-05-11 03:21:31.644  [http-nio-8083-exec-6] DEBUG [com.hzu.community.mapper.UserMapper.select:] [bc2ee103a82bc13a,e44f7c9fa790dba0,bc2ee103a82bc13a] - <==      Total: 1
2020-05-11 03:21:31.710  [http-nio-8083-exec-2] DEBUG [com.hzu.community.mapper.UserMapper.select:] [bc651b53270c0f06,0729427988cac1ea,bc651b53270c0f06] - ==>  Preparing: select * from user WHERE name = ? 
2020-05-11 03:21:31.710  [http-nio-8083-exec-2] DEBUG [com.hzu.community.mapper.UserMapper.select:] [bc651b53270c0f06,0729427988cac1ea,bc651b53270c0f06] - ==> Parameters: 123(String)
2020-05-11 03:21:31.711  [http-nio-8083-exec-2] DEBUG [com.hzu.community.mapper.UserMapper.select:] [bc651b53270c0f06,0729427988cac1ea,bc651b53270c0f06] - <==      Total: 1
2020-05-11 03:21:31.717  [http-nio-8083-exec-1] DEBUG [com.hzu.community.mapper.NotificationMapper.countUnread:] [bc651b53270c0f06,830c53389dd2f859,bc651b53270c0f06] - ==>  Preparing: select count(*) from notification where receiver = ? and status = ? 
2020-05-11 03:21:31.717  [http-nio-8083-exec-1] DEBUG [com.hzu.community.mapper.NotificationMapper.countUnread:] [bc651b53270c0f06,830c53389dd2f859,bc651b53270c0f06] - ==> Parameters: 1(Integer), 0(Integer)
2020-05-11 03:21:31.718  [http-nio-8083-exec-1] DEBUG [com.hzu.community.mapper.NotificationMapper.countUnread:] [bc651b53270c0f06,830c53389dd2f859,bc651b53270c0f06] - <==      Total: 1
2020-05-11 03:21:41.132  [http-nio-8083-exec-8] DEBUG [com.hzu.community.mapper.UserMapper.select:] [8268c25c899c2453,a3c9e5158292dbf7,8268c25c899c2453] - ==>  Preparing: select * from user WHERE name = ? 
2020-05-11 03:21:41.132  [http-nio-8083-exec-8] DEBUG [com.hzu.community.mapper.UserMapper.select:] [8268c25c899c2453,a3c9e5158292dbf7,8268c25c899c2453] - ==> Parameters: 123(String)
2020-05-11 03:21:41.133  [http-nio-8083-exec-8] DEBUG [com.hzu.community.mapper.UserMapper.select:] [8268c25c899c2453,a3c9e5158292dbf7,8268c25c899c2453] - <==      Total: 1
2020-05-11 03:21:41.137  [http-nio-8083-exec-7] DEBUG [com.hzu.community.mapper.NotificationMapper.countUnread:] [8268c25c899c2453,25310b3da144022d,8268c25c899c2453] - ==>  Preparing: select count(*) from notification where receiver = ? and status = ? 
2020-05-11 03:21:41.138  [http-nio-8083-exec-7] DEBUG [com.hzu.community.mapper.NotificationMapper.countUnread:] [8268c25c899c2453,25310b3da144022d,8268c25c899c2453] - ==> Parameters: 1(Integer), 0(Integer)
2020-05-11 03:21:41.138  [http-nio-8083-exec-7] DEBUG [com.hzu.community.mapper.NotificationMapper.countUnread:] [8268c25c899c2453,25310b3da144022d,8268c25c899c2453] - <==      Total: 1
2020-05-11 03:25:03.304  [http-nio-8083-exec-3] DEBUG [com.hzu.community.mapper.QuestionMapper.selectQuestion:] [99266dd2033d1ce5,bcf134e1ea058879,89605a4996592f90] - ==>  Preparing: select * from question order by gmt_create desc limit ?,? 
2020-05-11 03:25:03.305  [http-nio-8083-exec-3] DEBUG [com.hzu.community.mapper.QuestionMapper.selectQuestion:] [99266dd2033d1ce5,bcf134e1ea058879,89605a4996592f90] - ==> Parameters: 0(Integer), 4(Integer)
2020-05-11 03:25:03.306  [http-nio-8083-exec-3] DEBUG [com.hzu.community.mapper.QuestionMapper.selectQuestion:] [99266dd2033d1ce5,bcf134e1ea058879,89605a4996592f90] - <==      Total: 4
2020-05-11 03:25:03.353  [http-nio-8083-exec-4] DEBUG [com.hzu.community.mapper.QuestionMapper.selectQuestion:] [99266dd2033d1ce5,49cebea4062c579b,940861e272858d70] - ==>  Preparing: select * from question order by gmt_create desc limit ?,? 
2020-05-11 03:25:03.353  [http-nio-8083-exec-4] DEBUG [com.hzu.community.mapper.QuestionMapper.selectQuestion:] [99266dd2033d1ce5,49cebea4062c579b,940861e272858d70] - ==> Parameters: 4(Integer), 4(Integer)
2020-05-11 03:25:03.354  [http-nio-8083-exec-4] DEBUG [com.hzu.community.mapper.QuestionMapper.selectQuestion:] [99266dd2033d1ce5,49cebea4062c579b,940861e272858d70] - <==      Total: 4
2020-05-11 03:25:03.364  [http-nio-8083-exec-5] DEBUG [com.hzu.community.mapper.QuestionMapper.selectQuestion:] [99266dd2033d1ce5,228949b1fbaa8bc1,dffd75c3246aaa91] - ==>  Preparing: select * from question order by gmt_create desc limit ?,? 
2020-05-11 03:25:03.364  [http-nio-8083-exec-5] DEBUG [com.hzu.community.mapper.QuestionMapper.selectQuestion:] [99266dd2033d1ce5,228949b1fbaa8bc1,dffd75c3246aaa91] - ==> Parameters: 8(Integer), 4(Integer)
2020-05-11 03:25:03.365  [http-nio-8083-exec-5] DEBUG [com.hzu.community.mapper.QuestionMapper.selectQuestion:] [99266dd2033d1ce5,228949b1fbaa8bc1,dffd75c3246aaa91] - <==      Total: 2
2020-05-11 03:27:15.645  [http-nio-8083-exec-6] DEBUG [com.hzu.community.mapper.UserMapper.select:] [bd4bb176d641aee0,07dc3872903fe91a,bd4bb176d641aee0] - ==>  Preparing: select * from user WHERE name = ? 
2020-05-11 03:27:15.645  [http-nio-8083-exec-6] DEBUG [com.hzu.community.mapper.UserMapper.select:] [bd4bb176d641aee0,07dc3872903fe91a,bd4bb176d641aee0] - ==> Parameters: 123(String)
2020-05-11 03:27:15.646  [http-nio-8083-exec-6] DEBUG [com.hzu.community.mapper.UserMapper.select:] [bd4bb176d641aee0,07dc3872903fe91a,bd4bb176d641aee0] - <==      Total: 1
2020-05-11 03:27:15.663  [http-nio-8083-exec-2] DEBUG [com.hzu.community.mapper.NotificationMapper.countUnread:] [bd4bb176d641aee0,2d0176da78268064,bd4bb176d641aee0] - ==>  Preparing: select count(*) from notification where receiver = ? and status = ? 
2020-05-11 03:27:15.663  [http-nio-8083-exec-2] DEBUG [com.hzu.community.mapper.NotificationMapper.countUnread:] [bd4bb176d641aee0,2d0176da78268064,bd4bb176d641aee0] - ==> Parameters: 1(Integer), 0(Integer)
2020-05-11 03:27:15.664  [http-nio-8083-exec-2] DEBUG [com.hzu.community.mapper.NotificationMapper.countUnread:] [bd4bb176d641aee0,2d0176da78268064,bd4bb176d641aee0] - <==      Total: 1
2020-05-11 03:27:17.298  [http-nio-8083-exec-1] DEBUG [com.hzu.community.mapper.UserMapper.select:] [b959eb769a6a4269,00aee4d3e5df0247,b959eb769a6a4269] - ==>  Preparing: select * from user WHERE name = ? 
2020-05-11 03:27:17.298  [http-nio-8083-exec-1] DEBUG [com.hzu.community.mapper.UserMapper.select:] [b959eb769a6a4269,00aee4d3e5df0247,b959eb769a6a4269] - ==> Parameters: 123(String)
2020-05-11 03:27:17.299  [http-nio-8083-exec-1] DEBUG [com.hzu.community.mapper.UserMapper.select:] [b959eb769a6a4269,00aee4d3e5df0247,b959eb769a6a4269] - <==      Total: 1
2020-05-11 03:27:17.304  [http-nio-8083-exec-8] DEBUG [com.hzu.community.mapper.NotificationMapper.countUnread:] [b959eb769a6a4269,63b47947cdae2c20,b959eb769a6a4269] - ==>  Preparing: select count(*) from notification where receiver = ? and status = ? 
2020-05-11 03:27:17.304  [http-nio-8083-exec-8] DEBUG [com.hzu.community.mapper.NotificationMapper.countUnread:] [b959eb769a6a4269,63b47947cdae2c20,b959eb769a6a4269] - ==> Parameters: 1(Integer), 0(Integer)
2020-05-11 03:27:17.305  [http-nio-8083-exec-8] DEBUG [com.hzu.community.mapper.NotificationMapper.countUnread:] [b959eb769a6a4269,63b47947cdae2c20,b959eb769a6a4269] - <==      Total: 1
2020-05-11 03:27:18.398  [http-nio-8083-exec-7] DEBUG [com.hzu.community.mapper.UserMapper.select:] [f8d6d7ecc8d1c8ae,81d45af930f27338,f8d6d7ecc8d1c8ae] - ==>  Preparing: select * from user WHERE name = ? 
2020-05-11 03:27:18.399  [http-nio-8083-exec-7] DEBUG [com.hzu.community.mapper.UserMapper.select:] [f8d6d7ecc8d1c8ae,81d45af930f27338,f8d6d7ecc8d1c8ae] - ==> Parameters: 123(String)
2020-05-11 03:27:18.399  [http-nio-8083-exec-7] DEBUG [com.hzu.community.mapper.UserMapper.select:] [f8d6d7ecc8d1c8ae,81d45af930f27338,f8d6d7ecc8d1c8ae] - <==      Total: 1
2020-05-11 03:27:18.405  [http-nio-8083-exec-9] DEBUG [com.hzu.community.mapper.NotificationMapper.countUnread:] [f8d6d7ecc8d1c8ae,fe09a1057036210b,f8d6d7ecc8d1c8ae] - ==>  Preparing: select count(*) from notification where receiver = ? and status = ? 
2020-05-11 03:27:18.405  [http-nio-8083-exec-9] DEBUG [com.hzu.community.mapper.NotificationMapper.countUnread:] [f8d6d7ecc8d1c8ae,fe09a1057036210b,f8d6d7ecc8d1c8ae] - ==> Parameters: 1(Integer), 0(Integer)
2020-05-11 03:27:18.406  [http-nio-8083-exec-9] DEBUG [com.hzu.community.mapper.NotificationMapper.countUnread:] [f8d6d7ecc8d1c8ae,fe09a1057036210b,f8d6d7ecc8d1c8ae] - <==      Total: 1
2020-05-11 03:27:19.981  [http-nio-8083-exec-3] DEBUG [com.hzu.community.mapper.UserMapper.select:] [9f68fcc0d9c4c067,5328eb3f1a1f4fa4,9f68fcc0d9c4c067] - ==>  Preparing: select * from user WHERE name = ? 
2020-05-11 03:27:19.981  [http-nio-8083-exec-3] DEBUG [com.hzu.community.mapper.UserMapper.select:] [9f68fcc0d9c4c067,5328eb3f1a1f4fa4,9f68fcc0d9c4c067] - ==> Parameters: 123(String)
2020-05-11 03:27:19.982  [http-nio-8083-exec-3] DEBUG [com.hzu.community.mapper.UserMapper.select:] [9f68fcc0d9c4c067,5328eb3f1a1f4fa4,9f68fcc0d9c4c067] - <==      Total: 1
2020-05-11 03:27:19.989  [http-nio-8083-exec-4] DEBUG [com.hzu.community.mapper.NotificationMapper.countUnread:] [9f68fcc0d9c4c067,1975ccc500276588,9f68fcc0d9c4c067] - ==>  Preparing: select count(*) from notification where receiver = ? and status = ? 
2020-05-11 03:27:19.990  [http-nio-8083-exec-4] DEBUG [com.hzu.community.mapper.NotificationMapper.countUnread:] [9f68fcc0d9c4c067,1975ccc500276588,9f68fcc0d9c4c067] - ==> Parameters: 1(Integer), 0(Integer)
2020-05-11 03:27:19.990  [http-nio-8083-exec-4] DEBUG [com.hzu.community.mapper.NotificationMapper.countUnread:] [9f68fcc0d9c4c067,1975ccc500276588,9f68fcc0d9c4c067] - <==      Total: 1
2020-05-11 03:45:33.819  [http-nio-8083-exec-10] DEBUG [com.hzu.community.mapper.QuestionMapper.selectQuestion:] [82a7ac75165f1a65,b42bc87495311676,9e549dc10838e98f] - ==>  Preparing: select * from question order by gmt_create desc limit ?,? 
2020-05-11 03:45:33.820  [http-nio-8083-exec-10] DEBUG [com.hzu.community.mapper.QuestionMapper.selectQuestion:] [82a7ac75165f1a65,b42bc87495311676,9e549dc10838e98f] - ==> Parameters: 0(Integer), 4(Integer)
2020-05-11 03:45:33.821  [http-nio-8083-exec-10] DEBUG [com.hzu.community.mapper.QuestionMapper.selectQuestion:] [82a7ac75165f1a65,b42bc87495311676,9e549dc10838e98f] - <==      Total: 4
2020-05-11 03:45:33.868  [http-nio-8083-exec-6] DEBUG [com.hzu.community.mapper.QuestionMapper.selectQuestion:] [82a7ac75165f1a65,55418e9f5bc73afa,d3eefa80f2f04b76] - ==>  Preparing: select * from question order by gmt_create desc limit ?,? 
2020-05-11 03:45:33.868  [http-nio-8083-exec-6] DEBUG [com.hzu.community.mapper.QuestionMapper.selectQuestion:] [82a7ac75165f1a65,55418e9f5bc73afa,d3eefa80f2f04b76] - ==> Parameters: 4(Integer), 4(Integer)
2020-05-11 03:45:33.869  [http-nio-8083-exec-6] DEBUG [com.hzu.community.mapper.QuestionMapper.selectQuestion:] [82a7ac75165f1a65,55418e9f5bc73afa,d3eefa80f2f04b76] - <==      Total: 4
2020-05-11 03:45:33.878  [http-nio-8083-exec-2] DEBUG [com.hzu.community.mapper.QuestionMapper.selectQuestion:] [82a7ac75165f1a65,8983e9dbe3f72878,920b40e9755b94a6] - ==>  Preparing: select * from question order by gmt_create desc limit ?,? 
2020-05-11 03:45:33.879  [http-nio-8083-exec-2] DEBUG [com.hzu.community.mapper.QuestionMapper.selectQuestion:] [82a7ac75165f1a65,8983e9dbe3f72878,920b40e9755b94a6] - ==> Parameters: 8(Integer), 4(Integer)
2020-05-11 03:45:33.880  [http-nio-8083-exec-2] DEBUG [com.hzu.community.mapper.QuestionMapper.selectQuestion:] [82a7ac75165f1a65,8983e9dbe3f72878,920b40e9755b94a6] - <==      Total: 2
2020-05-11 03:45:41.607  [http-nio-8083-exec-1] DEBUG [com.hzu.community.mapper.UserMapper.select:] [269b73247cd9c46a,7cbc8918727f7da4,269b73247cd9c46a] - ==>  Preparing: select * from user WHERE name = ? 
2020-05-11 03:45:41.607  [http-nio-8083-exec-1] DEBUG [com.hzu.community.mapper.UserMapper.select:] [269b73247cd9c46a,7cbc8918727f7da4,269b73247cd9c46a] - ==> Parameters: 123(String)
2020-05-11 03:45:41.608  [http-nio-8083-exec-1] DEBUG [com.hzu.community.mapper.UserMapper.select:] [269b73247cd9c46a,7cbc8918727f7da4,269b73247cd9c46a] - <==      Total: 1
2020-05-11 03:45:41.628  [http-nio-8083-exec-8] DEBUG [com.hzu.community.mapper.NotificationMapper.countUnread:] [269b73247cd9c46a,cbb704491b741a1b,269b73247cd9c46a] - ==>  Preparing: select count(*) from notification where receiver = ? and status = ? 
2020-05-11 03:45:41.629  [http-nio-8083-exec-8] DEBUG [com.hzu.community.mapper.NotificationMapper.countUnread:] [269b73247cd9c46a,cbb704491b741a1b,269b73247cd9c46a] - ==> Parameters: 1(Integer), 0(Integer)
2020-05-11 03:45:41.630  [http-nio-8083-exec-8] DEBUG [com.hzu.community.mapper.NotificationMapper.countUnread:] [269b73247cd9c46a,cbb704491b741a1b,269b73247cd9c46a] - <==      Total: 1
2020-05-11 03:45:45.007  [http-nio-8083-exec-7] DEBUG [com.hzu.community.mapper.UserMapper.select:] [106dfc0025bf951e,bff4a747a8a069f4,106dfc0025bf951e] - ==>  Preparing: select * from user WHERE name = ? 
2020-05-11 03:45:45.007  [http-nio-8083-exec-7] DEBUG [com.hzu.community.mapper.UserMapper.select:] [106dfc0025bf951e,bff4a747a8a069f4,106dfc0025bf951e] - ==> Parameters: 123(String)
2020-05-11 03:45:45.008  [http-nio-8083-exec-7] DEBUG [com.hzu.community.mapper.UserMapper.select:] [106dfc0025bf951e,bff4a747a8a069f4,106dfc0025bf951e] - <==      Total: 1
2020-05-11 03:45:45.014  [http-nio-8083-exec-9] DEBUG [com.hzu.community.mapper.NotificationMapper.countUnread:] [106dfc0025bf951e,6382f5f09b1cc8a7,106dfc0025bf951e] - ==>  Preparing: select count(*) from notification where receiver = ? and status = ? 
2020-05-11 03:45:45.014  [http-nio-8083-exec-9] DEBUG [com.hzu.community.mapper.NotificationMapper.countUnread:] [106dfc0025bf951e,6382f5f09b1cc8a7,106dfc0025bf951e] - ==> Parameters: 1(Integer), 0(Integer)
2020-05-11 03:45:45.015  [http-nio-8083-exec-9] DEBUG [com.hzu.community.mapper.NotificationMapper.countUnread:] [106dfc0025bf951e,6382f5f09b1cc8a7,106dfc0025bf951e] - <==      Total: 1
2020-05-11 03:45:45.030  [http-nio-8083-exec-3] DEBUG [com.hzu.community.mapper.QuestionMapper.count:] [106dfc0025bf951e,43fbbf377272bfc0,fc46182b888e075d] - ==>  Preparing: select count(id) from question 
2020-05-11 03:45:45.031  [http-nio-8083-exec-3] DEBUG [com.hzu.community.mapper.QuestionMapper.count:] [106dfc0025bf951e,43fbbf377272bfc0,fc46182b888e075d] - ==> Parameters: 
2020-05-11 03:45:45.031  [http-nio-8083-exec-3] DEBUG [com.hzu.community.mapper.QuestionMapper.count:] [106dfc0025bf951e,43fbbf377272bfc0,fc46182b888e075d] - <==      Total: 1
2020-05-11 03:45:45.040  [http-nio-8083-exec-4] DEBUG [com.hzu.community.mapper.QuestionMapper.selectQuestion:] [106dfc0025bf951e,ca3ffe55bcaa4419,37331bea3a0aefc6] - ==>  Preparing: select * from question order by gmt_create desc limit ?,? 
2020-05-11 03:45:45.040  [http-nio-8083-exec-4] DEBUG [com.hzu.community.mapper.QuestionMapper.selectQuestion:] [106dfc0025bf951e,ca3ffe55bcaa4419,37331bea3a0aefc6] - ==> Parameters: 0(Integer), 5(Integer)
2020-05-11 03:45:45.041  [http-nio-8083-exec-4] DEBUG [com.hzu.community.mapper.QuestionMapper.selectQuestion:] [106dfc0025bf951e,ca3ffe55bcaa4419,37331bea3a0aefc6] - <==      Total: 5
2020-05-11 03:45:45.051  [http-nio-8083-exec-5] DEBUG [com.hzu.community.mapper.UserMapper.selectById:] [106dfc0025bf951e,8d421265198cfa79,106dfc0025bf951e] - ==>  Preparing: select * from user where id = ? 
2020-05-11 03:45:45.052  [http-nio-8083-exec-5] DEBUG [com.hzu.community.mapper.UserMapper.selectById:] [106dfc0025bf951e,8d421265198cfa79,106dfc0025bf951e] - ==> Parameters: 1(Integer)
2020-05-11 03:45:45.052  [http-nio-8083-exec-5] DEBUG [com.hzu.community.mapper.UserMapper.selectById:] [106dfc0025bf951e,8d421265198cfa79,106dfc0025bf951e] - <==      Total: 1
2020-05-11 03:45:46.639  [http-nio-8083-exec-8] DEBUG [com.hzu.community.mapper.UserMapper.select:] [8f79a7d8df9a98d0,05693b809ef7ae39,8f79a7d8df9a98d0] - ==>  Preparing: select * from user WHERE name = ? 
2020-05-11 03:45:46.639  [http-nio-8083-exec-8] DEBUG [com.hzu.community.mapper.UserMapper.select:] [8f79a7d8df9a98d0,05693b809ef7ae39,8f79a7d8df9a98d0] - ==> Parameters: 123(String)
2020-05-11 03:45:46.640  [http-nio-8083-exec-8] DEBUG [com.hzu.community.mapper.UserMapper.select:] [8f79a7d8df9a98d0,05693b809ef7ae39,8f79a7d8df9a98d0] - <==      Total: 1
2020-05-11 03:45:46.645  [http-nio-8083-exec-7] DEBUG [com.hzu.community.mapper.NotificationMapper.countUnread:] [8f79a7d8df9a98d0,eed53f4cd4728654,8f79a7d8df9a98d0] - ==>  Preparing: select count(*) from notification where receiver = ? and status = ? 
2020-05-11 03:45:46.645  [http-nio-8083-exec-7] DEBUG [com.hzu.community.mapper.NotificationMapper.countUnread:] [8f79a7d8df9a98d0,eed53f4cd4728654,8f79a7d8df9a98d0] - ==> Parameters: 1(Integer), 0(Integer)
2020-05-11 03:45:46.646  [http-nio-8083-exec-7] DEBUG [com.hzu.community.mapper.NotificationMapper.countUnread:] [8f79a7d8df9a98d0,eed53f4cd4728654,8f79a7d8df9a98d0] - <==      Total: 1
2020-05-11 03:45:46.654  [http-nio-8083-exec-9] DEBUG [com.hzu.community.mapper.QuestionMapper.count:] [8f79a7d8df9a98d0,69213debba908437,695eeda073f7e0fd] - ==>  Preparing: select count(id) from question 
2020-05-11 03:45:46.654  [http-nio-8083-exec-9] DEBUG [com.hzu.community.mapper.QuestionMapper.count:] [8f79a7d8df9a98d0,69213debba908437,695eeda073f7e0fd] - ==> Parameters: 
2020-05-11 03:45:46.655  [http-nio-8083-exec-9] DEBUG [com.hzu.community.mapper.QuestionMapper.count:] [8f79a7d8df9a98d0,69213debba908437,695eeda073f7e0fd] - <==      Total: 1
2020-05-11 03:45:46.662  [http-nio-8083-exec-3] DEBUG [com.hzu.community.mapper.QuestionMapper.selectQuestion:] [8f79a7d8df9a98d0,11b7b053d237223f,a9718aa49dd98650] - ==>  Preparing: select * from question order by view_count desc limit ?,? 
2020-05-11 03:45:46.663  [http-nio-8083-exec-3] DEBUG [com.hzu.community.mapper.QuestionMapper.selectQuestion:] [8f79a7d8df9a98d0,11b7b053d237223f,a9718aa49dd98650] - ==> Parameters: 0(Integer), 5(Integer)
2020-05-11 03:45:46.664  [http-nio-8083-exec-3] DEBUG [com.hzu.community.mapper.QuestionMapper.selectQuestion:] [8f79a7d8df9a98d0,11b7b053d237223f,a9718aa49dd98650] - <==      Total: 5
2020-05-11 03:45:47.702  [http-nio-8083-exec-1] DEBUG [com.hzu.community.mapper.UserMapper.select:] [017b6fb8dcd09848,1aebb1ebaef3b577,017b6fb8dcd09848] - ==>  Preparing: select * from user WHERE name = ? 
2020-05-11 03:45:47.702  [http-nio-8083-exec-1] DEBUG [com.hzu.community.mapper.UserMapper.select:] [017b6fb8dcd09848,1aebb1ebaef3b577,017b6fb8dcd09848] - ==> Parameters: 123(String)
2020-05-11 03:45:47.703  [http-nio-8083-exec-1] DEBUG [com.hzu.community.mapper.UserMapper.select:] [017b6fb8dcd09848,1aebb1ebaef3b577,017b6fb8dcd09848] - <==      Total: 1
2020-05-11 03:45:47.707  [http-nio-8083-exec-8] DEBUG [com.hzu.community.mapper.NotificationMapper.countUnread:] [017b6fb8dcd09848,fc206c997f053410,017b6fb8dcd09848] - ==>  Preparing: select count(*) from notification where receiver = ? and status = ? 
2020-05-11 03:45:47.708  [http-nio-8083-exec-8] DEBUG [com.hzu.community.mapper.NotificationMapper.countUnread:] [017b6fb8dcd09848,fc206c997f053410,017b6fb8dcd09848] - ==> Parameters: 1(Integer), 0(Integer)
2020-05-11 03:45:47.708  [http-nio-8083-exec-8] DEBUG [com.hzu.community.mapper.NotificationMapper.countUnread:] [017b6fb8dcd09848,fc206c997f053410,017b6fb8dcd09848] - <==      Total: 1
2020-05-11 03:45:47.715  [http-nio-8083-exec-7] DEBUG [com.hzu.community.mapper.QuestionMapper.count:] [017b6fb8dcd09848,5331d41ec02ea829,e8c35653abd9551e] - ==>  Preparing: select count(id) from question 
2020-05-11 03:45:47.715  [http-nio-8083-exec-7] DEBUG [com.hzu.community.mapper.QuestionMapper.count:] [017b6fb8dcd09848,5331d41ec02ea829,e8c35653abd9551e] - ==> Parameters: 
2020-05-11 03:45:47.716  [http-nio-8083-exec-7] DEBUG [com.hzu.community.mapper.QuestionMapper.count:] [017b6fb8dcd09848,5331d41ec02ea829,e8c35653abd9551e] - <==      Total: 1
2020-05-11 03:45:47.722  [http-nio-8083-exec-9] DEBUG [com.hzu.community.mapper.QuestionMapper.selectQuestion:] [017b6fb8dcd09848,5422b7015a64574b,6fc2922a4bc683d5] - ==>  Preparing: select * from question order by gmt_create desc limit ?,? 
2020-05-11 03:45:47.722  [http-nio-8083-exec-9] DEBUG [com.hzu.community.mapper.QuestionMapper.selectQuestion:] [017b6fb8dcd09848,5422b7015a64574b,6fc2922a4bc683d5] - ==> Parameters: 0(Integer), 5(Integer)
2020-05-11 03:45:47.723  [http-nio-8083-exec-9] DEBUG [com.hzu.community.mapper.QuestionMapper.selectQuestion:] [017b6fb8dcd09848,5422b7015a64574b,6fc2922a4bc683d5] - <==      Total: 5
2020-05-11 03:45:48.447  [http-nio-8083-exec-2] DEBUG [com.hzu.community.mapper.UserMapper.select:] [431d633cd786035f,28585b1a2123cdb0,431d633cd786035f] - ==>  Preparing: select * from user WHERE name = ? 
2020-05-11 03:45:48.447  [http-nio-8083-exec-2] DEBUG [com.hzu.community.mapper.UserMapper.select:] [431d633cd786035f,28585b1a2123cdb0,431d633cd786035f] - ==> Parameters: 123(String)
2020-05-11 03:45:48.448  [http-nio-8083-exec-2] DEBUG [com.hzu.community.mapper.UserMapper.select:] [431d633cd786035f,28585b1a2123cdb0,431d633cd786035f] - <==      Total: 1
2020-05-11 03:45:48.453  [http-nio-8083-exec-1] DEBUG [com.hzu.community.mapper.NotificationMapper.countUnread:] [431d633cd786035f,9d41ca96cb30435e,431d633cd786035f] - ==>  Preparing: select count(*) from notification where receiver = ? and status = ? 
2020-05-11 03:45:48.453  [http-nio-8083-exec-1] DEBUG [com.hzu.community.mapper.NotificationMapper.countUnread:] [431d633cd786035f,9d41ca96cb30435e,431d633cd786035f] - ==> Parameters: 1(Integer), 0(Integer)
2020-05-11 03:45:48.454  [http-nio-8083-exec-1] DEBUG [com.hzu.community.mapper.NotificationMapper.countUnread:] [431d633cd786035f,9d41ca96cb30435e,431d633cd786035f] - <==      Total: 1
2020-05-11 03:45:48.464  [http-nio-8083-exec-8] DEBUG [com.hzu.community.mapper.QuestionMapper.count:] [431d633cd786035f,f65c7af354768b79,6d4bbf3b85e5180c] - ==>  Preparing: select count(id) from question 
2020-05-11 03:45:48.464  [http-nio-8083-exec-8] DEBUG [com.hzu.community.mapper.QuestionMapper.count:] [431d633cd786035f,f65c7af354768b79,6d4bbf3b85e5180c] - ==> Parameters: 
2020-05-11 03:45:48.465  [http-nio-8083-exec-8] DEBUG [com.hzu.community.mapper.QuestionMapper.count:] [431d633cd786035f,f65c7af354768b79,6d4bbf3b85e5180c] - <==      Total: 1
2020-05-11 03:45:48.471  [http-nio-8083-exec-7] DEBUG [com.hzu.community.mapper.QuestionMapper.selectQuestion:] [431d633cd786035f,26377879d4fe8b92,8aad539d05c915f1] - ==>  Preparing: select * from question order by view_count desc limit ?,? 
2020-05-11 03:45:48.471  [http-nio-8083-exec-7] DEBUG [com.hzu.community.mapper.QuestionMapper.selectQuestion:] [431d633cd786035f,26377879d4fe8b92,8aad539d05c915f1] - ==> Parameters: 0(Integer), 5(Integer)
2020-05-11 03:45:48.473  [http-nio-8083-exec-7] DEBUG [com.hzu.community.mapper.QuestionMapper.selectQuestion:] [431d633cd786035f,26377879d4fe8b92,8aad539d05c915f1] - <==      Total: 5
2020-05-11 03:45:49.155  [http-nio-8083-exec-6] DEBUG [com.hzu.community.mapper.UserMapper.select:] [581c17fd114028b6,5d418e2aa5a49eb9,581c17fd114028b6] - ==>  Preparing: select * from user WHERE name = ? 
2020-05-11 03:45:49.155  [http-nio-8083-exec-6] DEBUG [com.hzu.community.mapper.UserMapper.select:] [581c17fd114028b6,5d418e2aa5a49eb9,581c17fd114028b6] - ==> Parameters: 123(String)
2020-05-11 03:45:49.156  [http-nio-8083-exec-6] DEBUG [com.hzu.community.mapper.UserMapper.select:] [581c17fd114028b6,5d418e2aa5a49eb9,581c17fd114028b6] - <==      Total: 1
2020-05-11 03:45:49.162  [http-nio-8083-exec-2] DEBUG [com.hzu.community.mapper.NotificationMapper.countUnread:] [581c17fd114028b6,fdabc57b106cd808,581c17fd114028b6] - ==>  Preparing: select count(*) from notification where receiver = ? and status = ? 
2020-05-11 03:45:49.162  [http-nio-8083-exec-2] DEBUG [com.hzu.community.mapper.NotificationMapper.countUnread:] [581c17fd114028b6,fdabc57b106cd808,581c17fd114028b6] - ==> Parameters: 1(Integer), 0(Integer)
2020-05-11 03:45:49.163  [http-nio-8083-exec-2] DEBUG [com.hzu.community.mapper.NotificationMapper.countUnread:] [581c17fd114028b6,fdabc57b106cd808,581c17fd114028b6] - <==      Total: 1
2020-05-11 03:45:49.168  [http-nio-8083-exec-1] DEBUG [com.hzu.community.mapper.QuestionMapper.count:] [581c17fd114028b6,1da13995d762974b,2de01105ca85e4c5] - ==>  Preparing: select count(id) from question 
2020-05-11 03:45:49.168  [http-nio-8083-exec-1] DEBUG [com.hzu.community.mapper.QuestionMapper.count:] [581c17fd114028b6,1da13995d762974b,2de01105ca85e4c5] - ==> Parameters: 
2020-05-11 03:45:49.169  [http-nio-8083-exec-1] DEBUG [com.hzu.community.mapper.QuestionMapper.count:] [581c17fd114028b6,1da13995d762974b,2de01105ca85e4c5] - <==      Total: 1
2020-05-11 03:45:49.174  [http-nio-8083-exec-8] DEBUG [com.hzu.community.mapper.QuestionMapper.selectQuestion:] [581c17fd114028b6,469cca551beca892,e9bbed762a2d0b76] - ==>  Preparing: select * from question order by gmt_create desc limit ?,? 
2020-05-11 03:45:49.174  [http-nio-8083-exec-8] DEBUG [com.hzu.community.mapper.QuestionMapper.selectQuestion:] [581c17fd114028b6,469cca551beca892,e9bbed762a2d0b76] - ==> Parameters: 0(Integer), 5(Integer)
2020-05-11 03:45:49.175  [http-nio-8083-exec-8] DEBUG [com.hzu.community.mapper.QuestionMapper.selectQuestion:] [581c17fd114028b6,469cca551beca892,e9bbed762a2d0b76] - <==      Total: 5
2020-05-11 03:45:49.806  [http-nio-8083-exec-10] DEBUG [com.hzu.community.mapper.UserMapper.select:] [71fb1bad580dea31,9359865b43321207,71fb1bad580dea31] - ==>  Preparing: select * from user WHERE name = ? 
2020-05-11 03:45:49.806  [http-nio-8083-exec-10] DEBUG [com.hzu.community.mapper.UserMapper.select:] [71fb1bad580dea31,9359865b43321207,71fb1bad580dea31] - ==> Parameters: 123(String)
2020-05-11 03:45:49.807  [http-nio-8083-exec-10] DEBUG [com.hzu.community.mapper.UserMapper.select:] [71fb1bad580dea31,9359865b43321207,71fb1bad580dea31] - <==      Total: 1
2020-05-11 03:45:49.812  [http-nio-8083-exec-6] DEBUG [com.hzu.community.mapper.NotificationMapper.countUnread:] [71fb1bad580dea31,da5bde11fd162cbe,71fb1bad580dea31] - ==>  Preparing: select count(*) from notification where receiver = ? and status = ? 
2020-05-11 03:45:49.812  [http-nio-8083-exec-6] DEBUG [com.hzu.community.mapper.NotificationMapper.countUnread:] [71fb1bad580dea31,da5bde11fd162cbe,71fb1bad580dea31] - ==> Parameters: 1(Integer), 0(Integer)
2020-05-11 03:45:49.813  [http-nio-8083-exec-6] DEBUG [com.hzu.community.mapper.NotificationMapper.countUnread:] [71fb1bad580dea31,da5bde11fd162cbe,71fb1bad580dea31] - <==      Total: 1
2020-05-11 03:45:49.818  [http-nio-8083-exec-2] DEBUG [com.hzu.community.mapper.QuestionMapper.count:] [71fb1bad580dea31,38adf7d8092d79b8,b54f7757f9884f52] - ==>  Preparing: select count(id) from question 
2020-05-11 03:45:49.818  [http-nio-8083-exec-2] DEBUG [com.hzu.community.mapper.QuestionMapper.count:] [71fb1bad580dea31,38adf7d8092d79b8,b54f7757f9884f52] - ==> Parameters: 
2020-05-11 03:45:49.818  [http-nio-8083-exec-2] DEBUG [com.hzu.community.mapper.QuestionMapper.count:] [71fb1bad580dea31,38adf7d8092d79b8,b54f7757f9884f52] - <==      Total: 1
2020-05-11 03:45:49.824  [http-nio-8083-exec-1] DEBUG [com.hzu.community.mapper.QuestionMapper.selectQuestion:] [71fb1bad580dea31,59c92da01a78242a,81083a260cf45803] - ==>  Preparing: select * from question order by view_count desc limit ?,? 
2020-05-11 03:45:49.824  [http-nio-8083-exec-1] DEBUG [com.hzu.community.mapper.QuestionMapper.selectQuestion:] [71fb1bad580dea31,59c92da01a78242a,81083a260cf45803] - ==> Parameters: 0(Integer), 5(Integer)
2020-05-11 03:45:49.825  [http-nio-8083-exec-1] DEBUG [com.hzu.community.mapper.QuestionMapper.selectQuestion:] [71fb1bad580dea31,59c92da01a78242a,81083a260cf45803] - <==      Total: 5
2020-05-11 03:45:50.904  [http-nio-8083-exec-5] DEBUG [com.hzu.community.mapper.UserMapper.select:] [ea5e5e6b25cecc8d,2389e1d921aa5308,ea5e5e6b25cecc8d] - ==>  Preparing: select * from user WHERE name = ? 
2020-05-11 03:45:50.904  [http-nio-8083-exec-5] DEBUG [com.hzu.community.mapper.UserMapper.select:] [ea5e5e6b25cecc8d,2389e1d921aa5308,ea5e5e6b25cecc8d] - ==> Parameters: 123(String)
2020-05-11 03:45:50.905  [http-nio-8083-exec-5] DEBUG [com.hzu.community.mapper.UserMapper.select:] [ea5e5e6b25cecc8d,2389e1d921aa5308,ea5e5e6b25cecc8d] - <==      Total: 1
2020-05-11 03:45:50.908  [http-nio-8083-exec-10] DEBUG [com.hzu.community.mapper.NotificationMapper.countUnread:] [ea5e5e6b25cecc8d,8cd9daa2c1a8373f,ea5e5e6b25cecc8d] - ==>  Preparing: select count(*) from notification where receiver = ? and status = ? 
2020-05-11 03:45:50.908  [http-nio-8083-exec-10] DEBUG [com.hzu.community.mapper.NotificationMapper.countUnread:] [ea5e5e6b25cecc8d,8cd9daa2c1a8373f,ea5e5e6b25cecc8d] - ==> Parameters: 1(Integer), 0(Integer)
2020-05-11 03:45:50.909  [http-nio-8083-exec-10] DEBUG [com.hzu.community.mapper.NotificationMapper.countUnread:] [ea5e5e6b25cecc8d,8cd9daa2c1a8373f,ea5e5e6b25cecc8d] - <==      Total: 1
2020-05-11 03:45:50.916  [http-nio-8083-exec-6] DEBUG [com.hzu.community.mapper.QuestionMapper.count:] [ea5e5e6b25cecc8d,d1ee71ee1244f8e7,4a183a533e2adc72] - ==>  Preparing: select count(id) from question 
2020-05-11 03:45:50.916  [http-nio-8083-exec-6] DEBUG [com.hzu.community.mapper.QuestionMapper.count:] [ea5e5e6b25cecc8d,d1ee71ee1244f8e7,4a183a533e2adc72] - ==> Parameters: 
2020-05-11 03:45:50.917  [http-nio-8083-exec-6] DEBUG [com.hzu.community.mapper.QuestionMapper.count:] [ea5e5e6b25cecc8d,d1ee71ee1244f8e7,4a183a533e2adc72] - <==      Total: 1
2020-05-11 03:45:50.922  [http-nio-8083-exec-2] DEBUG [com.hzu.community.mapper.QuestionMapper.selectQuestion:] [ea5e5e6b25cecc8d,8b085c0a4bbbdbbb,f087ac88eea9654b] - ==>  Preparing: select * from question order by view_count desc limit ?,? 
2020-05-11 03:45:50.923  [http-nio-8083-exec-2] DEBUG [com.hzu.community.mapper.QuestionMapper.selectQuestion:] [ea5e5e6b25cecc8d,8b085c0a4bbbdbbb,f087ac88eea9654b] - ==> Parameters: 5(Integer), 5(Integer)
2020-05-11 03:45:50.924  [http-nio-8083-exec-2] DEBUG [com.hzu.community.mapper.QuestionMapper.selectQuestion:] [ea5e5e6b25cecc8d,8b085c0a4bbbdbbb,f087ac88eea9654b] - <==      Total: 5
2020-05-11 03:45:51.900  [http-nio-8083-exec-4] DEBUG [com.hzu.community.mapper.UserMapper.select:] [cf42927363fbcbc6,61e44ebb37724a3e,cf42927363fbcbc6] - ==>  Preparing: select * from user WHERE name = ? 
2020-05-11 03:45:51.900  [http-nio-8083-exec-4] DEBUG [com.hzu.community.mapper.UserMapper.select:] [cf42927363fbcbc6,61e44ebb37724a3e,cf42927363fbcbc6] - ==> Parameters: 123(String)
2020-05-11 03:45:51.901  [http-nio-8083-exec-4] DEBUG [com.hzu.community.mapper.UserMapper.select:] [cf42927363fbcbc6,61e44ebb37724a3e,cf42927363fbcbc6] - <==      Total: 1
2020-05-11 03:45:51.905  [http-nio-8083-exec-5] DEBUG [com.hzu.community.mapper.NotificationMapper.countUnread:] [cf42927363fbcbc6,4f7ded204b9032d0,cf42927363fbcbc6] - ==>  Preparing: select count(*) from notification where receiver = ? and status = ? 
2020-05-11 03:45:51.905  [http-nio-8083-exec-5] DEBUG [com.hzu.community.mapper.NotificationMapper.countUnread:] [cf42927363fbcbc6,4f7ded204b9032d0,cf42927363fbcbc6] - ==> Parameters: 1(Integer), 0(Integer)
2020-05-11 03:45:51.906  [http-nio-8083-exec-5] DEBUG [com.hzu.community.mapper.NotificationMapper.countUnread:] [cf42927363fbcbc6,4f7ded204b9032d0,cf42927363fbcbc6] - <==      Total: 1
2020-05-11 03:45:51.912  [http-nio-8083-exec-10] DEBUG [com.hzu.community.mapper.QuestionMapper.count:] [cf42927363fbcbc6,2161a71a9d7689b3,356fa0cdf6e6811e] - ==>  Preparing: select count(id) from question 
2020-05-11 03:45:51.912  [http-nio-8083-exec-10] DEBUG [com.hzu.community.mapper.QuestionMapper.count:] [cf42927363fbcbc6,2161a71a9d7689b3,356fa0cdf6e6811e] - ==> Parameters: 
2020-05-11 03:45:51.913  [http-nio-8083-exec-10] DEBUG [com.hzu.community.mapper.QuestionMapper.count:] [cf42927363fbcbc6,2161a71a9d7689b3,356fa0cdf6e6811e] - <==      Total: 1
2020-05-11 03:45:51.919  [http-nio-8083-exec-6] DEBUG [com.hzu.community.mapper.QuestionMapper.selectQuestion:] [cf42927363fbcbc6,d9bf4146ba643cbf,0ab5a9fa482a38e7] - ==>  Preparing: select * from question order by view_count desc limit ?,? 
2020-05-11 03:45:51.919  [http-nio-8083-exec-6] DEBUG [com.hzu.community.mapper.QuestionMapper.selectQuestion:] [cf42927363fbcbc6,d9bf4146ba643cbf,0ab5a9fa482a38e7] - ==> Parameters: 0(Integer), 5(Integer)
2020-05-11 03:45:51.920  [http-nio-8083-exec-6] DEBUG [com.hzu.community.mapper.QuestionMapper.selectQuestion:] [cf42927363fbcbc6,d9bf4146ba643cbf,0ab5a9fa482a38e7] - <==      Total: 5
2020-05-11 03:45:52.942  [http-nio-8083-exec-3] DEBUG [com.hzu.community.mapper.UserMapper.select:] [bd1dd398a85a0824,25c3481c53263ad3,bd1dd398a85a0824] - ==>  Preparing: select * from user WHERE name = ? 
2020-05-11 03:45:52.942  [http-nio-8083-exec-3] DEBUG [com.hzu.community.mapper.UserMapper.select:] [bd1dd398a85a0824,25c3481c53263ad3,bd1dd398a85a0824] - ==> Parameters: 123(String)
2020-05-11 03:45:52.943  [http-nio-8083-exec-3] DEBUG [com.hzu.community.mapper.UserMapper.select:] [bd1dd398a85a0824,25c3481c53263ad3,bd1dd398a85a0824] - <==      Total: 1
2020-05-11 03:45:52.949  [http-nio-8083-exec-4] DEBUG [com.hzu.community.mapper.NotificationMapper.countUnread:] [bd1dd398a85a0824,58d6316681cddda3,bd1dd398a85a0824] - ==>  Preparing: select count(*) from notification where receiver = ? and status = ? 
2020-05-11 03:45:52.950  [http-nio-8083-exec-4] DEBUG [com.hzu.community.mapper.NotificationMapper.countUnread:] [bd1dd398a85a0824,58d6316681cddda3,bd1dd398a85a0824] - ==> Parameters: 1(Integer), 0(Integer)
2020-05-11 03:45:52.951  [http-nio-8083-exec-4] DEBUG [com.hzu.community.mapper.NotificationMapper.countUnread:] [bd1dd398a85a0824,58d6316681cddda3,bd1dd398a85a0824] - <==      Total: 1
2020-05-11 03:45:52.956  [http-nio-8083-exec-5] DEBUG [com.hzu.community.mapper.QuestionMapper.count:] [bd1dd398a85a0824,9591e0e69a09dca3,66ec3c857c628dea] - ==>  Preparing: select count(id) from question 
2020-05-11 03:45:52.956  [http-nio-8083-exec-5] DEBUG [com.hzu.community.mapper.QuestionMapper.count:] [bd1dd398a85a0824,9591e0e69a09dca3,66ec3c857c628dea] - ==> Parameters: 
2020-05-11 03:45:52.957  [http-nio-8083-exec-5] DEBUG [com.hzu.community.mapper.QuestionMapper.count:] [bd1dd398a85a0824,9591e0e69a09dca3,66ec3c857c628dea] - <==      Total: 1
2020-05-11 03:45:52.964  [http-nio-8083-exec-10] DEBUG [com.hzu.community.mapper.QuestionMapper.selectQuestion:] [bd1dd398a85a0824,0cdb735ba118f62c,a1459976ead0cc69] - ==>  Preparing: select * from question order by gmt_create desc limit ?,? 
2020-05-11 03:45:52.964  [http-nio-8083-exec-10] DEBUG [com.hzu.community.mapper.QuestionMapper.selectQuestion:] [bd1dd398a85a0824,0cdb735ba118f62c,a1459976ead0cc69] - ==> Parameters: 0(Integer), 5(Integer)
2020-05-11 03:45:52.965  [http-nio-8083-exec-10] DEBUG [com.hzu.community.mapper.QuestionMapper.selectQuestion:] [bd1dd398a85a0824,0cdb735ba118f62c,a1459976ead0cc69] - <==      Total: 5
2020-05-11 03:47:48.213  [http-nio-8083-exec-3] DEBUG [com.hzu.community.mapper.UserMapper.select:] [1ea841e620c7703e,ed30324ff474f8f6,1ea841e620c7703e] - ==>  Preparing: select * from user WHERE name = ? 
2020-05-11 03:47:48.213  [http-nio-8083-exec-3] DEBUG [com.hzu.community.mapper.UserMapper.select:] [1ea841e620c7703e,ed30324ff474f8f6,1ea841e620c7703e] - ==> Parameters: 123(String)
2020-05-11 03:47:48.214  [http-nio-8083-exec-3] DEBUG [com.hzu.community.mapper.UserMapper.select:] [1ea841e620c7703e,ed30324ff474f8f6,1ea841e620c7703e] - <==      Total: 1
2020-05-11 03:47:48.220  [http-nio-8083-exec-4] DEBUG [com.hzu.community.mapper.NotificationMapper.countUnread:] [1ea841e620c7703e,a5f33d1e084699f3,1ea841e620c7703e] - ==>  Preparing: select count(*) from notification where receiver = ? and status = ? 
2020-05-11 03:47:48.220  [http-nio-8083-exec-4] DEBUG [com.hzu.community.mapper.NotificationMapper.countUnread:] [1ea841e620c7703e,a5f33d1e084699f3,1ea841e620c7703e] - ==> Parameters: 1(Integer), 0(Integer)
2020-05-11 03:47:48.221  [http-nio-8083-exec-4] DEBUG [com.hzu.community.mapper.NotificationMapper.countUnread:] [1ea841e620c7703e,a5f33d1e084699f3,1ea841e620c7703e] - <==      Total: 1
2020-05-11 03:47:48.226  [http-nio-8083-exec-5] DEBUG [com.hzu.community.mapper.QuestionMapper.count:] [1ea841e620c7703e,8d71dbcc72f4cb26,bdf2bc0a7c595658] - ==>  Preparing: select count(id) from question 
2020-05-11 03:47:48.226  [http-nio-8083-exec-5] DEBUG [com.hzu.community.mapper.QuestionMapper.count:] [1ea841e620c7703e,8d71dbcc72f4cb26,bdf2bc0a7c595658] - ==> Parameters: 
2020-05-11 03:47:48.227  [http-nio-8083-exec-5] DEBUG [com.hzu.community.mapper.QuestionMapper.count:] [1ea841e620c7703e,8d71dbcc72f4cb26,bdf2bc0a7c595658] - <==      Total: 1
2020-05-11 03:47:48.233  [http-nio-8083-exec-10] DEBUG [com.hzu.community.mapper.QuestionMapper.selectQuestion:] [1ea841e620c7703e,9478484264ad9e6f,56ec36f7164dfd6d] - ==>  Preparing: select * from question order by view_count desc limit ?,? 
2020-05-11 03:47:48.234  [http-nio-8083-exec-10] DEBUG [com.hzu.community.mapper.QuestionMapper.selectQuestion:] [1ea841e620c7703e,9478484264ad9e6f,56ec36f7164dfd6d] - ==> Parameters: 0(Integer), 5(Integer)
2020-05-11 03:47:48.235  [http-nio-8083-exec-10] DEBUG [com.hzu.community.mapper.QuestionMapper.selectQuestion:] [1ea841e620c7703e,9478484264ad9e6f,56ec36f7164dfd6d] - <==      Total: 5
2020-05-11 03:47:49.189  [http-nio-8083-exec-9] DEBUG [com.hzu.community.mapper.UserMapper.select:] [a586199918bd7f0a,b77688696b5fe966,a586199918bd7f0a] - ==>  Preparing: select * from user WHERE name = ? 
2020-05-11 03:47:49.190  [http-nio-8083-exec-9] DEBUG [com.hzu.community.mapper.UserMapper.select:] [a586199918bd7f0a,b77688696b5fe966,a586199918bd7f0a] - ==> Parameters: 123(String)
2020-05-11 03:47:49.191  [http-nio-8083-exec-9] DEBUG [com.hzu.community.mapper.UserMapper.select:] [a586199918bd7f0a,b77688696b5fe966,a586199918bd7f0a] - <==      Total: 1
2020-05-11 03:47:49.196  [http-nio-8083-exec-3] DEBUG [com.hzu.community.mapper.NotificationMapper.countUnread:] [a586199918bd7f0a,ae82d9e81af06213,a586199918bd7f0a] - ==>  Preparing: select count(*) from notification where receiver = ? and status = ? 
2020-05-11 03:47:49.196  [http-nio-8083-exec-3] DEBUG [com.hzu.community.mapper.NotificationMapper.countUnread:] [a586199918bd7f0a,ae82d9e81af06213,a586199918bd7f0a] - ==> Parameters: 1(Integer), 0(Integer)
2020-05-11 03:47:49.197  [http-nio-8083-exec-3] DEBUG [com.hzu.community.mapper.NotificationMapper.countUnread:] [a586199918bd7f0a,ae82d9e81af06213,a586199918bd7f0a] - <==      Total: 1
2020-05-11 03:47:50.830  [http-nio-8083-exec-4] DEBUG [com.hzu.community.mapper.UserMapper.select:] [87f44079f8af0409,a1041b5fbfab962c,87f44079f8af0409] - ==>  Preparing: select * from user WHERE name = ? 
2020-05-11 03:47:50.830  [http-nio-8083-exec-4] DEBUG [com.hzu.community.mapper.UserMapper.select:] [87f44079f8af0409,a1041b5fbfab962c,87f44079f8af0409] - ==> Parameters: 123(String)
2020-05-11 03:47:50.831  [http-nio-8083-exec-4] DEBUG [com.hzu.community.mapper.UserMapper.select:] [87f44079f8af0409,a1041b5fbfab962c,87f44079f8af0409] - <==      Total: 1
2020-05-11 03:47:50.835  [http-nio-8083-exec-5] DEBUG [com.hzu.community.mapper.NotificationMapper.countUnread:] [87f44079f8af0409,0c0e9afc9d89c962,87f44079f8af0409] - ==>  Preparing: select count(*) from notification where receiver = ? and status = ? 
2020-05-11 03:47:50.835  [http-nio-8083-exec-5] DEBUG [com.hzu.community.mapper.NotificationMapper.countUnread:] [87f44079f8af0409,0c0e9afc9d89c962,87f44079f8af0409] - ==> Parameters: 1(Integer), 0(Integer)
2020-05-11 03:47:50.836  [http-nio-8083-exec-5] DEBUG [com.hzu.community.mapper.NotificationMapper.countUnread:] [87f44079f8af0409,0c0e9afc9d89c962,87f44079f8af0409] - <==      Total: 1
2020-05-11 03:47:50.840  [http-nio-8083-exec-10] DEBUG [com.hzu.community.mapper.QuestionMapper.count:] [87f44079f8af0409,bc07a91fdae5ebd9,7949911de4aac408] - ==>  Preparing: select count(id) from question 
2020-05-11 03:47:50.841  [http-nio-8083-exec-10] DEBUG [com.hzu.community.mapper.QuestionMapper.count:] [87f44079f8af0409,bc07a91fdae5ebd9,7949911de4aac408] - ==> Parameters: 
2020-05-11 03:47:50.841  [http-nio-8083-exec-10] DEBUG [com.hzu.community.mapper.QuestionMapper.count:] [87f44079f8af0409,bc07a91fdae5ebd9,7949911de4aac408] - <==      Total: 1
2020-05-11 03:47:50.848  [http-nio-8083-exec-6] DEBUG [com.hzu.community.mapper.QuestionMapper.selectQuestion:] [87f44079f8af0409,36bd123625f9d79a,2e03904cf9a4ae2d] - ==>  Preparing: select * from question order by gmt_create desc limit ?,? 
2020-05-11 03:47:50.848  [http-nio-8083-exec-6] DEBUG [com.hzu.community.mapper.QuestionMapper.selectQuestion:] [87f44079f8af0409,36bd123625f9d79a,2e03904cf9a4ae2d] - ==> Parameters: 0(Integer), 5(Integer)
2020-05-11 03:47:50.849  [http-nio-8083-exec-6] DEBUG [com.hzu.community.mapper.QuestionMapper.selectQuestion:] [87f44079f8af0409,36bd123625f9d79a,2e03904cf9a4ae2d] - <==      Total: 5
2020-05-11 03:47:51.450  [http-nio-8083-exec-3] DEBUG [com.hzu.community.mapper.UserMapper.select:] [408f43e96caa67ef,7167b2b24b5854e9,408f43e96caa67ef] - ==>  Preparing: select * from user WHERE name = ? 
2020-05-11 03:47:51.450  [http-nio-8083-exec-3] DEBUG [com.hzu.community.mapper.UserMapper.select:] [408f43e96caa67ef,7167b2b24b5854e9,408f43e96caa67ef] - ==> Parameters: 123(String)
2020-05-11 03:47:51.452  [http-nio-8083-exec-3] DEBUG [com.hzu.community.mapper.UserMapper.select:] [408f43e96caa67ef,7167b2b24b5854e9,408f43e96caa67ef] - <==      Total: 1
2020-05-11 03:47:51.455  [http-nio-8083-exec-4] DEBUG [com.hzu.community.mapper.NotificationMapper.countUnread:] [408f43e96caa67ef,aaa2059aff263b8f,408f43e96caa67ef] - ==>  Preparing: select count(*) from notification where receiver = ? and status = ? 
2020-05-11 03:47:51.456  [http-nio-8083-exec-4] DEBUG [com.hzu.community.mapper.NotificationMapper.countUnread:] [408f43e96caa67ef,aaa2059aff263b8f,408f43e96caa67ef] - ==> Parameters: 1(Integer), 0(Integer)
2020-05-11 03:47:51.456  [http-nio-8083-exec-4] DEBUG [com.hzu.community.mapper.NotificationMapper.countUnread:] [408f43e96caa67ef,aaa2059aff263b8f,408f43e96caa67ef] - <==      Total: 1
2020-05-11 03:47:51.461  [http-nio-8083-exec-5] DEBUG [com.hzu.community.mapper.QuestionMapper.count:] [408f43e96caa67ef,8bacb2b0686b4b3a,3c7bc3c1641e6cc9] - ==>  Preparing: select count(id) from question 
2020-05-11 03:47:51.462  [http-nio-8083-exec-5] DEBUG [com.hzu.community.mapper.QuestionMapper.count:] [408f43e96caa67ef,8bacb2b0686b4b3a,3c7bc3c1641e6cc9] - ==> Parameters: 
2020-05-11 03:47:51.463  [http-nio-8083-exec-5] DEBUG [com.hzu.community.mapper.QuestionMapper.count:] [408f43e96caa67ef,8bacb2b0686b4b3a,3c7bc3c1641e6cc9] - <==      Total: 1
2020-05-11 03:47:51.468  [http-nio-8083-exec-10] DEBUG [com.hzu.community.mapper.QuestionMapper.selectQuestion:] [408f43e96caa67ef,5a0b9e8819fd129b,f38e890a6cba2bf9] - ==>  Preparing: select * from question order by view_count desc limit ?,? 
2020-05-11 03:47:51.468  [http-nio-8083-exec-10] DEBUG [com.hzu.community.mapper.QuestionMapper.selectQuestion:] [408f43e96caa67ef,5a0b9e8819fd129b,f38e890a6cba2bf9] - ==> Parameters: 0(Integer), 5(Integer)
2020-05-11 03:47:51.469  [http-nio-8083-exec-10] DEBUG [com.hzu.community.mapper.QuestionMapper.selectQuestion:] [408f43e96caa67ef,5a0b9e8819fd129b,f38e890a6cba2bf9] - <==      Total: 5
2020-05-11 03:47:52.974  [http-nio-8083-exec-9] DEBUG [com.hzu.community.mapper.UserMapper.select:] [a02587f9a83acd34,062b6faef17272e9,a02587f9a83acd34] - ==>  Preparing: select * from user WHERE name = ? 
2020-05-11 03:47:52.974  [http-nio-8083-exec-9] DEBUG [com.hzu.community.mapper.UserMapper.select:] [a02587f9a83acd34,062b6faef17272e9,a02587f9a83acd34] - ==> Parameters: 123(String)
2020-05-11 03:47:52.975  [http-nio-8083-exec-9] DEBUG [com.hzu.community.mapper.UserMapper.select:] [a02587f9a83acd34,062b6faef17272e9,a02587f9a83acd34] - <==      Total: 1
2020-05-11 03:47:52.980  [http-nio-8083-exec-3] DEBUG [com.hzu.community.mapper.NotificationMapper.countUnread:] [a02587f9a83acd34,46dcce16f500235f,a02587f9a83acd34] - ==>  Preparing: select count(*) from notification where receiver = ? and status = ? 
2020-05-11 03:47:52.980  [http-nio-8083-exec-3] DEBUG [com.hzu.community.mapper.NotificationMapper.countUnread:] [a02587f9a83acd34,46dcce16f500235f,a02587f9a83acd34] - ==> Parameters: 1(Integer), 0(Integer)
2020-05-11 03:47:52.981  [http-nio-8083-exec-3] DEBUG [com.hzu.community.mapper.NotificationMapper.countUnread:] [a02587f9a83acd34,46dcce16f500235f,a02587f9a83acd34] - <==      Total: 1
2020-05-11 03:47:53.117  [http-nio-8083-exec-4] DEBUG [com.hzu.community.mapper.UserMapper.select:] [8360699d88a7ef3c,829c2a1268a0c301,8360699d88a7ef3c] - ==>  Preparing: select * from user WHERE name = ? 
2020-05-11 03:47:53.117  [http-nio-8083-exec-4] DEBUG [com.hzu.community.mapper.UserMapper.select:] [8360699d88a7ef3c,829c2a1268a0c301,8360699d88a7ef3c] - ==> Parameters: 123(String)
2020-05-11 03:47:53.118  [http-nio-8083-exec-4] DEBUG [com.hzu.community.mapper.UserMapper.select:] [8360699d88a7ef3c,829c2a1268a0c301,8360699d88a7ef3c] - <==      Total: 1
2020-05-11 03:47:53.123  [http-nio-8083-exec-5] DEBUG [com.hzu.community.mapper.NotificationMapper.countUnread:] [8360699d88a7ef3c,766e27205609cbb4,8360699d88a7ef3c] - ==>  Preparing: select count(*) from notification where receiver = ? and status = ? 
2020-05-11 03:47:53.123  [http-nio-8083-exec-5] DEBUG [com.hzu.community.mapper.NotificationMapper.countUnread:] [8360699d88a7ef3c,766e27205609cbb4,8360699d88a7ef3c] - ==> Parameters: 1(Integer), 0(Integer)
2020-05-11 03:47:53.124  [http-nio-8083-exec-5] DEBUG [com.hzu.community.mapper.NotificationMapper.countUnread:] [8360699d88a7ef3c,766e27205609cbb4,8360699d88a7ef3c] - <==      Total: 1
2020-05-11 03:47:54.446  [http-nio-8083-exec-10] DEBUG [com.hzu.community.mapper.UserMapper.select:] [bac6c3ef857d6ac0,594c044dcafccb93,bac6c3ef857d6ac0] - ==>  Preparing: select * from user WHERE name = ? 
2020-05-11 03:47:54.446  [http-nio-8083-exec-10] DEBUG [com.hzu.community.mapper.UserMapper.select:] [bac6c3ef857d6ac0,594c044dcafccb93,bac6c3ef857d6ac0] - ==> Parameters: 123(String)
2020-05-11 03:47:54.447  [http-nio-8083-exec-10] DEBUG [com.hzu.community.mapper.UserMapper.select:] [bac6c3ef857d6ac0,594c044dcafccb93,bac6c3ef857d6ac0] - <==      Total: 1
2020-05-11 03:47:54.452  [http-nio-8083-exec-6] DEBUG [com.hzu.community.mapper.NotificationMapper.countUnread:] [bac6c3ef857d6ac0,35419d10b091ad51,bac6c3ef857d6ac0] - ==>  Preparing: select count(*) from notification where receiver = ? and status = ? 
2020-05-11 03:47:54.452  [http-nio-8083-exec-6] DEBUG [com.hzu.community.mapper.NotificationMapper.countUnread:] [bac6c3ef857d6ac0,35419d10b091ad51,bac6c3ef857d6ac0] - ==> Parameters: 1(Integer), 0(Integer)
2020-05-11 03:47:54.453  [http-nio-8083-exec-6] DEBUG [com.hzu.community.mapper.NotificationMapper.countUnread:] [bac6c3ef857d6ac0,35419d10b091ad51,bac6c3ef857d6ac0] - <==      Total: 1
2020-05-11 03:47:54.463  [http-nio-8083-exec-2] DEBUG [com.hzu.community.mapper.UserMapper.select:] [bac6c3ef857d6ac0,0ecb795bc5e349a2,bac6c3ef857d6ac0] - ==>  Preparing: select * from user WHERE name = ? 
2020-05-11 03:47:54.463  [http-nio-8083-exec-2] DEBUG [com.hzu.community.mapper.UserMapper.select:] [bac6c3ef857d6ac0,0ecb795bc5e349a2,bac6c3ef857d6ac0] - ==> Parameters: 123(String)
2020-05-11 03:47:54.464  [http-nio-8083-exec-2] DEBUG [com.hzu.community.mapper.UserMapper.select:] [bac6c3ef857d6ac0,0ecb795bc5e349a2,bac6c3ef857d6ac0] - <==      Total: 1
2020-05-11 03:47:54.479  [http-nio-8083-exec-1] DEBUG [com.hzu.community.mapper.QuestionMapper.count:] [bac6c3ef857d6ac0,1af24066b0d6c090,56a0e12e4bd7a8ce] - ==>  Preparing: select count(id) from question 
2020-05-11 03:47:54.479  [http-nio-8083-exec-1] DEBUG [com.hzu.community.mapper.QuestionMapper.count:] [bac6c3ef857d6ac0,1af24066b0d6c090,56a0e12e4bd7a8ce] - ==> Parameters: 
2020-05-11 03:47:54.480  [http-nio-8083-exec-1] DEBUG [com.hzu.community.mapper.QuestionMapper.count:] [bac6c3ef857d6ac0,1af24066b0d6c090,56a0e12e4bd7a8ce] - <==      Total: 1
2020-05-11 03:47:54.491  [http-nio-8083-exec-8] DEBUG [com.hzu.community.mapper.QuestionMapper.selectMyQuestion:] [bac6c3ef857d6ac0,5ea845c789a25d2a,d33b9750940b7249] - ==>  Preparing: select * from question where creator = ? ORDER BY gmt_create DESC limit ?,? 
2020-05-11 03:47:54.492  [http-nio-8083-exec-8] DEBUG [com.hzu.community.mapper.QuestionMapper.selectMyQuestion:] [bac6c3ef857d6ac0,5ea845c789a25d2a,d33b9750940b7249] - ==> Parameters: 1(Integer), 0(Integer), 5(Integer)
2020-05-11 03:47:54.494  [http-nio-8083-exec-8] DEBUG [com.hzu.community.mapper.QuestionMapper.selectMyQuestion:] [bac6c3ef857d6ac0,5ea845c789a25d2a,d33b9750940b7249] - <==      Total: 5
2020-05-11 03:47:54.634  [http-nio-8083-exec-10] DEBUG [com.hzu.community.mapper.UserMapper.select:] [daf4cf75d87d3772,3528515b9cbd7f1b,daf4cf75d87d3772] - ==>  Preparing: select * from user WHERE name = ? 
2020-05-11 03:47:54.634  [http-nio-8083-exec-10] DEBUG [com.hzu.community.mapper.UserMapper.select:] [daf4cf75d87d3772,3528515b9cbd7f1b,daf4cf75d87d3772] - ==> Parameters: 123(String)
2020-05-11 03:47:54.635  [http-nio-8083-exec-10] DEBUG [com.hzu.community.mapper.UserMapper.select:] [daf4cf75d87d3772,3528515b9cbd7f1b,daf4cf75d87d3772] - <==      Total: 1
2020-05-11 03:47:54.641  [http-nio-8083-exec-6] DEBUG [com.hzu.community.mapper.NotificationMapper.countUnread:] [daf4cf75d87d3772,ea598b1e7afe5de5,daf4cf75d87d3772] - ==>  Preparing: select count(*) from notification where receiver = ? and status = ? 
2020-05-11 03:47:54.641  [http-nio-8083-exec-6] DEBUG [com.hzu.community.mapper.NotificationMapper.countUnread:] [daf4cf75d87d3772,ea598b1e7afe5de5,daf4cf75d87d3772] - ==> Parameters: 1(Integer), 0(Integer)
2020-05-11 03:47:54.642  [http-nio-8083-exec-6] DEBUG [com.hzu.community.mapper.NotificationMapper.countUnread:] [daf4cf75d87d3772,ea598b1e7afe5de5,daf4cf75d87d3772] - <==      Total: 1
2020-05-11 03:47:55.095  [http-nio-8083-exec-2] DEBUG [com.hzu.community.mapper.UserMapper.select:] [013b20fedd250c56,9f50dcff4f379d02,013b20fedd250c56] - ==>  Preparing: select * from user WHERE name = ? 
2020-05-11 03:47:55.095  [http-nio-8083-exec-2] DEBUG [com.hzu.community.mapper.UserMapper.select:] [013b20fedd250c56,9f50dcff4f379d02,013b20fedd250c56] - ==> Parameters: 123(String)
2020-05-11 03:47:55.095  [http-nio-8083-exec-2] DEBUG [com.hzu.community.mapper.UserMapper.select:] [013b20fedd250c56,9f50dcff4f379d02,013b20fedd250c56] - <==      Total: 1
2020-05-11 03:47:55.100  [http-nio-8083-exec-1] DEBUG [com.hzu.community.mapper.NotificationMapper.countUnread:] [013b20fedd250c56,39b80a5660c7db9e,013b20fedd250c56] - ==>  Preparing: select count(*) from notification where receiver = ? and status = ? 
2020-05-11 03:47:55.101  [http-nio-8083-exec-1] DEBUG [com.hzu.community.mapper.NotificationMapper.countUnread:] [013b20fedd250c56,39b80a5660c7db9e,013b20fedd250c56] - ==> Parameters: 1(Integer), 0(Integer)
2020-05-11 03:47:55.101  [http-nio-8083-exec-1] DEBUG [com.hzu.community.mapper.NotificationMapper.countUnread:] [013b20fedd250c56,39b80a5660c7db9e,013b20fedd250c56] - <==      Total: 1
2020-05-11 03:47:55.107  [http-nio-8083-exec-8] DEBUG [com.hzu.community.mapper.UserMapper.select:] [013b20fedd250c56,3debd6920477d970,013b20fedd250c56] - ==>  Preparing: select * from user WHERE name = ? 
2020-05-11 03:47:55.108  [http-nio-8083-exec-8] DEBUG [com.hzu.community.mapper.UserMapper.select:] [013b20fedd250c56,3debd6920477d970,013b20fedd250c56] - ==> Parameters: 123(String)
2020-05-11 03:47:55.108  [http-nio-8083-exec-8] DEBUG [com.hzu.community.mapper.UserMapper.select:] [013b20fedd250c56,3debd6920477d970,013b20fedd250c56] - <==      Total: 1
2020-05-11 03:47:55.113  [http-nio-8083-exec-7] DEBUG [com.hzu.community.mapper.NotificationMapper.count:] [013b20fedd250c56,04d807c35849dabe,013b20fedd250c56] - ==>  Preparing: select count(*) from notification where receiver = ? 
2020-05-11 03:47:55.114  [http-nio-8083-exec-7] DEBUG [com.hzu.community.mapper.NotificationMapper.count:] [013b20fedd250c56,04d807c35849dabe,013b20fedd250c56] - ==> Parameters: 1(Integer)
2020-05-11 03:47:55.114  [http-nio-8083-exec-7] DEBUG [com.hzu.community.mapper.NotificationMapper.count:] [013b20fedd250c56,04d807c35849dabe,013b20fedd250c56] - <==      Total: 1
2020-05-11 03:47:55.121  [http-nio-8083-exec-9] DEBUG [com.hzu.community.mapper.NotificationMapper.select:] [013b20fedd250c56,5e801ee67eae8f8e,013b20fedd250c56] - ==>  Preparing: select * from notification where receiver = ? ORDER BY gmt_create DESC limit ?,? 
2020-05-11 03:47:55.121  [http-nio-8083-exec-9] DEBUG [com.hzu.community.mapper.NotificationMapper.select:] [013b20fedd250c56,5e801ee67eae8f8e,013b20fedd250c56] - ==> Parameters: 1(Integer), 0(Integer), 5(Integer)
2020-05-11 03:47:55.123  [http-nio-8083-exec-9] DEBUG [com.hzu.community.mapper.NotificationMapper.select:] [013b20fedd250c56,5e801ee67eae8f8e,013b20fedd250c56] - <==      Total: 5
2020-05-11 03:47:55.184  [http-nio-8083-exec-3] DEBUG [com.hzu.community.mapper.UserMapper.select:] [0b3b94ea366d3dba,429322a791ac7363,0b3b94ea366d3dba] - ==>  Preparing: select * from user WHERE name = ? 
2020-05-11 03:47:55.185  [http-nio-8083-exec-3] DEBUG [com.hzu.community.mapper.UserMapper.select:] [0b3b94ea366d3dba,429322a791ac7363,0b3b94ea366d3dba] - ==> Parameters: 123(String)
2020-05-11 03:47:55.186  [http-nio-8083-exec-3] DEBUG [com.hzu.community.mapper.UserMapper.select:] [0b3b94ea366d3dba,429322a791ac7363,0b3b94ea366d3dba] - <==      Total: 1
2020-05-11 03:47:55.191  [http-nio-8083-exec-4] DEBUG [com.hzu.community.mapper.NotificationMapper.countUnread:] [0b3b94ea366d3dba,6b27b4ce2d7f98eb,0b3b94ea366d3dba] - ==>  Preparing: select count(*) from notification where receiver = ? and status = ? 
2020-05-11 03:47:55.192  [http-nio-8083-exec-4] DEBUG [com.hzu.community.mapper.NotificationMapper.countUnread:] [0b3b94ea366d3dba,6b27b4ce2d7f98eb,0b3b94ea366d3dba] - ==> Parameters: 1(Integer), 0(Integer)
2020-05-11 03:47:55.193  [http-nio-8083-exec-4] DEBUG [com.hzu.community.mapper.NotificationMapper.countUnread:] [0b3b94ea366d3dba,6b27b4ce2d7f98eb,0b3b94ea366d3dba] - <==      Total: 1
2020-05-11 03:47:56.580  [http-nio-8083-exec-5] DEBUG [com.hzu.community.mapper.UserMapper.select:] [be94463944c61040,4498b3e28c02caac,be94463944c61040] - ==>  Preparing: select * from user WHERE name = ? 
2020-05-11 03:47:56.580  [http-nio-8083-exec-5] DEBUG [com.hzu.community.mapper.UserMapper.select:] [be94463944c61040,4498b3e28c02caac,be94463944c61040] - ==> Parameters: 123(String)
2020-05-11 03:47:56.581  [http-nio-8083-exec-5] DEBUG [com.hzu.community.mapper.UserMapper.select:] [be94463944c61040,4498b3e28c02caac,be94463944c61040] - <==      Total: 1
2020-05-11 03:47:56.585  [http-nio-8083-exec-10] DEBUG [com.hzu.community.mapper.NotificationMapper.countUnread:] [be94463944c61040,2b22879c60e43d1c,be94463944c61040] - ==>  Preparing: select count(*) from notification where receiver = ? and status = ? 
2020-05-11 03:47:56.585  [http-nio-8083-exec-10] DEBUG [com.hzu.community.mapper.NotificationMapper.countUnread:] [be94463944c61040,2b22879c60e43d1c,be94463944c61040] - ==> Parameters: 1(Integer), 0(Integer)
2020-05-11 03:47:56.586  [http-nio-8083-exec-10] DEBUG [com.hzu.community.mapper.NotificationMapper.countUnread:] [be94463944c61040,2b22879c60e43d1c,be94463944c61040] - <==      Total: 1
2020-05-11 03:47:56.592  [http-nio-8083-exec-6] DEBUG [com.hzu.community.mapper.UserMapper.select:] [be94463944c61040,df598765e7910694,be94463944c61040] - ==>  Preparing: select * from user WHERE name = ? 
2020-05-11 03:47:56.592  [http-nio-8083-exec-6] DEBUG [com.hzu.community.mapper.UserMapper.select:] [be94463944c61040,df598765e7910694,be94463944c61040] - ==> Parameters: 123(String)
2020-05-11 03:47:56.594  [http-nio-8083-exec-6] DEBUG [com.hzu.community.mapper.UserMapper.select:] [be94463944c61040,df598765e7910694,be94463944c61040] - <==      Total: 1
2020-05-11 03:47:56.598  [http-nio-8083-exec-2] DEBUG [com.hzu.community.mapper.QuestionMapper.count:] [be94463944c61040,6b4684f42fd2fb21,0ce7e19de140c6b6] - ==>  Preparing: select count(id) from question 
2020-05-11 03:47:56.598  [http-nio-8083-exec-2] DEBUG [com.hzu.community.mapper.QuestionMapper.count:] [be94463944c61040,6b4684f42fd2fb21,0ce7e19de140c6b6] - ==> Parameters: 
2020-05-11 03:47:56.599  [http-nio-8083-exec-2] DEBUG [com.hzu.community.mapper.QuestionMapper.count:] [be94463944c61040,6b4684f42fd2fb21,0ce7e19de140c6b6] - <==      Total: 1
2020-05-11 03:47:56.603  [http-nio-8083-exec-1] DEBUG [com.hzu.community.mapper.QuestionMapper.selectMyQuestion:] [be94463944c61040,bbc6b7044d7b604f,428371ab2e980290] - ==>  Preparing: select * from question where creator = ? ORDER BY gmt_create DESC limit ?,? 
2020-05-11 03:47:56.604  [http-nio-8083-exec-1] DEBUG [com.hzu.community.mapper.QuestionMapper.selectMyQuestion:] [be94463944c61040,bbc6b7044d7b604f,428371ab2e980290] - ==> Parameters: 1(Integer), 0(Integer), 5(Integer)
2020-05-11 03:47:56.605  [http-nio-8083-exec-1] DEBUG [com.hzu.community.mapper.QuestionMapper.selectMyQuestion:] [be94463944c61040,bbc6b7044d7b604f,428371ab2e980290] - <==      Total: 5
2020-05-11 03:47:56.669  [http-nio-8083-exec-5] DEBUG [com.hzu.community.mapper.UserMapper.select:] [708c3faf163eda7a,91c11c4657c0187a,708c3faf163eda7a] - ==>  Preparing: select * from user WHERE name = ? 
2020-05-11 03:47:56.670  [http-nio-8083-exec-5] DEBUG [com.hzu.community.mapper.UserMapper.select:] [708c3faf163eda7a,91c11c4657c0187a,708c3faf163eda7a] - ==> Parameters: 123(String)
2020-05-11 03:47:56.671  [http-nio-8083-exec-5] DEBUG [com.hzu.community.mapper.UserMapper.select:] [708c3faf163eda7a,91c11c4657c0187a,708c3faf163eda7a] - <==      Total: 1
2020-05-11 03:47:56.675  [http-nio-8083-exec-10] DEBUG [com.hzu.community.mapper.NotificationMapper.countUnread:] [708c3faf163eda7a,16651d461aefa2da,708c3faf163eda7a] - ==>  Preparing: select count(*) from notification where receiver = ? and status = ? 
2020-05-11 03:47:56.676  [http-nio-8083-exec-10] DEBUG [com.hzu.community.mapper.NotificationMapper.countUnread:] [708c3faf163eda7a,16651d461aefa2da,708c3faf163eda7a] - ==> Parameters: 1(Integer), 0(Integer)
2020-05-11 03:47:56.676  [http-nio-8083-exec-10] DEBUG [com.hzu.community.mapper.NotificationMapper.countUnread:] [708c3faf163eda7a,16651d461aefa2da,708c3faf163eda7a] - <==      Total: 1
2020-05-11 03:47:58.264  [http-nio-8083-exec-6] DEBUG [com.hzu.community.mapper.UserMapper.select:] [f97b52916567b52c,36b95e4d2be2923f,f97b52916567b52c] - ==>  Preparing: select * from user WHERE name = ? 
2020-05-11 03:47:58.264  [http-nio-8083-exec-6] DEBUG [com.hzu.community.mapper.UserMapper.select:] [f97b52916567b52c,36b95e4d2be2923f,f97b52916567b52c] - ==> Parameters: 123(String)
2020-05-11 03:47:58.265  [http-nio-8083-exec-6] DEBUG [com.hzu.community.mapper.UserMapper.select:] [f97b52916567b52c,36b95e4d2be2923f,f97b52916567b52c] - <==      Total: 1
2020-05-11 03:47:58.268  [http-nio-8083-exec-2] DEBUG [com.hzu.community.mapper.NotificationMapper.countUnread:] [f97b52916567b52c,12b9a53292f32bda,f97b52916567b52c] - ==>  Preparing: select count(*) from notification where receiver = ? and status = ? 
2020-05-11 03:47:58.268  [http-nio-8083-exec-2] DEBUG [com.hzu.community.mapper.NotificationMapper.countUnread:] [f97b52916567b52c,12b9a53292f32bda,f97b52916567b52c] - ==> Parameters: 1(Integer), 0(Integer)
2020-05-11 03:47:58.269  [http-nio-8083-exec-2] DEBUG [com.hzu.community.mapper.NotificationMapper.countUnread:] [f97b52916567b52c,12b9a53292f32bda,f97b52916567b52c] - <==      Total: 1
