2020-05-11 14:00:54.876  [http-nio-8083-exec-4] DEBUG [com.hzu.community.mapper.UserMapper.select:] [8dc471d735cb2244,e177bcf27d6b5635,8dc471d735cb2244] - ==>  Preparing: select * from user WHERE name = ? 
2020-05-11 14:00:54.876  [http-nio-8083-exec-4] DEBUG [com.hzu.community.mapper.UserMapper.select:] [8dc471d735cb2244,e177bcf27d6b5635,8dc471d735cb2244] - ==> Parameters: 123(String)
2020-05-11 14:00:54.877  [http-nio-8083-exec-4] DEBUG [com.hzu.community.mapper.UserMapper.select:] [8dc471d735cb2244,e177bcf27d6b5635,8dc471d735cb2244] - <==      Total: 1
2020-05-11 14:00:54.894  [http-nio-8083-exec-5] DEBUG [com.hzu.community.mapper.NotificationMapper.countUnread:] [8dc471d735cb2244,0ecf8dacf4913354,8dc471d735cb2244] - ==>  Preparing: select count(*) from notification where receiver = ? and status = ? 
2020-05-11 14:00:54.895  [http-nio-8083-exec-5] DEBUG [com.hzu.community.mapper.NotificationMapper.countUnread:] [8dc471d735cb2244,0ecf8dacf4913354,8dc471d735cb2244] - ==> Parameters: 1(Integer), 0(Integer)
2020-05-11 14:00:54.895  [http-nio-8083-exec-5] DEBUG [com.hzu.community.mapper.NotificationMapper.countUnread:] [8dc471d735cb2244,0ecf8dacf4913354,8dc471d735cb2244] - <==      Total: 1
2020-05-11 14:00:55.079  [http-nio-8083-exec-6] DEBUG [com.hzu.community.mapper.UserMapper.select:] [998cf53cb66fc17f,dd524934e610aef5,998cf53cb66fc17f] - ==>  Preparing: select * from user WHERE name = ? 
2020-05-11 14:00:55.079  [http-nio-8083-exec-6] DEBUG [com.hzu.community.mapper.UserMapper.select:] [998cf53cb66fc17f,dd524934e610aef5,998cf53cb66fc17f] - ==> Parameters: 123(String)
2020-05-11 14:00:55.080  [http-nio-8083-exec-6] DEBUG [com.hzu.community.mapper.UserMapper.select:] [998cf53cb66fc17f,dd524934e610aef5,998cf53cb66fc17f] - <==      Total: 1
2020-05-11 14:00:55.087  [http-nio-8083-exec-7] DEBUG [com.hzu.community.mapper.NotificationMapper.countUnread:] [998cf53cb66fc17f,24b9ca962441d766,998cf53cb66fc17f] - ==>  Preparing: select count(*) from notification where receiver = ? and status = ? 
2020-05-11 14:00:55.088  [http-nio-8083-exec-7] DEBUG [com.hzu.community.mapper.NotificationMapper.countUnread:] [998cf53cb66fc17f,24b9ca962441d766,998cf53cb66fc17f] - ==> Parameters: 1(Integer), 0(Integer)
2020-05-11 14:00:55.089  [http-nio-8083-exec-7] DEBUG [com.hzu.community.mapper.NotificationMapper.countUnread:] [998cf53cb66fc17f,24b9ca962441d766,998cf53cb66fc17f] - <==      Total: 1
2020-05-11 14:00:55.284  [http-nio-8083-exec-8] DEBUG [com.hzu.community.mapper.UserMapper.select:] [54510bf63a971f76,0fba4b55ecb4dd14,54510bf63a971f76] - ==>  Preparing: select * from user WHERE name = ? 
2020-05-11 14:00:55.284  [http-nio-8083-exec-8] DEBUG [com.hzu.community.mapper.UserMapper.select:] [54510bf63a971f76,0fba4b55ecb4dd14,54510bf63a971f76] - ==> Parameters: 123(String)
2020-05-11 14:00:55.285  [http-nio-8083-exec-8] DEBUG [com.hzu.community.mapper.UserMapper.select:] [54510bf63a971f76,0fba4b55ecb4dd14,54510bf63a971f76] - <==      Total: 1
2020-05-11 14:00:55.293  [http-nio-8083-exec-9] DEBUG [com.hzu.community.mapper.NotificationMapper.countUnread:] [54510bf63a971f76,7be6facd653c0bbe,54510bf63a971f76] - ==>  Preparing: select count(*) from notification where receiver = ? and status = ? 
2020-05-11 14:00:55.293  [http-nio-8083-exec-9] DEBUG [com.hzu.community.mapper.NotificationMapper.countUnread:] [54510bf63a971f76,7be6facd653c0bbe,54510bf63a971f76] - ==> Parameters: 1(Integer), 0(Integer)
2020-05-11 14:00:55.294  [http-nio-8083-exec-9] DEBUG [com.hzu.community.mapper.NotificationMapper.countUnread:] [54510bf63a971f76,7be6facd653c0bbe,54510bf63a971f76] - <==      Total: 1
2020-05-11 14:00:56.868  [http-nio-8083-exec-10] DEBUG [com.hzu.community.mapper.UserMapper.select:] [a4dd7653162b2f0c,ad08b9af5e7bc06b,a4dd7653162b2f0c] - ==>  Preparing: select * from user WHERE name = ? 
2020-05-11 14:00:56.868  [http-nio-8083-exec-10] DEBUG [com.hzu.community.mapper.UserMapper.select:] [a4dd7653162b2f0c,ad08b9af5e7bc06b,a4dd7653162b2f0c] - ==> Parameters: 123(String)
2020-05-11 14:00:56.869  [http-nio-8083-exec-10] DEBUG [com.hzu.community.mapper.UserMapper.select:] [a4dd7653162b2f0c,ad08b9af5e7bc06b,a4dd7653162b2f0c] - <==      Total: 1
2020-05-11 14:00:56.877  [http-nio-8083-exec-1] DEBUG [com.hzu.community.mapper.NotificationMapper.countUnread:] [a4dd7653162b2f0c,cbba09a170b5ee50,a4dd7653162b2f0c] - ==>  Preparing: select count(*) from notification where receiver = ? and status = ? 
2020-05-11 14:00:56.877  [http-nio-8083-exec-1] DEBUG [com.hzu.community.mapper.NotificationMapper.countUnread:] [a4dd7653162b2f0c,cbba09a170b5ee50,a4dd7653162b2f0c] - ==> Parameters: 1(Integer), 0(Integer)
2020-05-11 14:00:56.878  [http-nio-8083-exec-1] DEBUG [com.hzu.community.mapper.NotificationMapper.countUnread:] [a4dd7653162b2f0c,cbba09a170b5ee50,a4dd7653162b2f0c] - <==      Total: 1
2020-05-11 14:00:57.080  [http-nio-8083-exec-2] DEBUG [com.hzu.community.mapper.UserMapper.select:] [e6d896b67fee4f5d,d4bb44545f697b00,e6d896b67fee4f5d] - ==>  Preparing: select * from user WHERE name = ? 
2020-05-11 14:00:57.080  [http-nio-8083-exec-2] DEBUG [com.hzu.community.mapper.UserMapper.select:] [e6d896b67fee4f5d,d4bb44545f697b00,e6d896b67fee4f5d] - ==> Parameters: 123(String)
2020-05-11 14:00:57.081  [http-nio-8083-exec-2] DEBUG [com.hzu.community.mapper.UserMapper.select:] [e6d896b67fee4f5d,d4bb44545f697b00,e6d896b67fee4f5d] - <==      Total: 1
2020-05-11 14:00:57.089  [http-nio-8083-exec-3] DEBUG [com.hzu.community.mapper.NotificationMapper.countUnread:] [e6d896b67fee4f5d,3df78ad98ae1bace,e6d896b67fee4f5d] - ==>  Preparing: select count(*) from notification where receiver = ? and status = ? 
2020-05-11 14:00:57.089  [http-nio-8083-exec-3] DEBUG [com.hzu.community.mapper.NotificationMapper.countUnread:] [e6d896b67fee4f5d,3df78ad98ae1bace,e6d896b67fee4f5d] - ==> Parameters: 1(Integer), 0(Integer)
2020-05-11 14:00:57.090  [http-nio-8083-exec-3] DEBUG [com.hzu.community.mapper.NotificationMapper.countUnread:] [e6d896b67fee4f5d,3df78ad98ae1bace,e6d896b67fee4f5d] - <==      Total: 1
2020-05-11 14:00:57.261  [http-nio-8083-exec-4] DEBUG [com.hzu.community.mapper.UserMapper.select:] [7ee7ae08daedd9d6,73eb7386f82a738e,7ee7ae08daedd9d6] - ==>  Preparing: select * from user WHERE name = ? 
2020-05-11 14:00:57.261  [http-nio-8083-exec-4] DEBUG [com.hzu.community.mapper.UserMapper.select:] [7ee7ae08daedd9d6,73eb7386f82a738e,7ee7ae08daedd9d6] - ==> Parameters: 123(String)
2020-05-11 14:00:57.262  [http-nio-8083-exec-4] DEBUG [com.hzu.community.mapper.UserMapper.select:] [7ee7ae08daedd9d6,73eb7386f82a738e,7ee7ae08daedd9d6] - <==      Total: 1
2020-05-11 14:00:57.266  [http-nio-8083-exec-5] DEBUG [com.hzu.community.mapper.NotificationMapper.countUnread:] [7ee7ae08daedd9d6,ad7526df7fb338d3,7ee7ae08daedd9d6] - ==>  Preparing: select count(*) from notification where receiver = ? and status = ? 
2020-05-11 14:00:57.266  [http-nio-8083-exec-5] DEBUG [com.hzu.community.mapper.NotificationMapper.countUnread:] [7ee7ae08daedd9d6,ad7526df7fb338d3,7ee7ae08daedd9d6] - ==> Parameters: 1(Integer), 0(Integer)
2020-05-11 14:00:57.267  [http-nio-8083-exec-5] DEBUG [com.hzu.community.mapper.NotificationMapper.countUnread:] [7ee7ae08daedd9d6,ad7526df7fb338d3,7ee7ae08daedd9d6] - <==      Total: 1
2020-05-11 14:08:58.104  [http-nio-8083-exec-7] DEBUG [com.hzu.community.mapper.UserMapper.select:] [4fb61d2a75965de9,6e8abe20cecfc097,4fb61d2a75965de9] - ==>  Preparing: select * from user WHERE name = ? 
2020-05-11 14:08:58.105  [http-nio-8083-exec-7] DEBUG [com.hzu.community.mapper.UserMapper.select:] [4fb61d2a75965de9,6e8abe20cecfc097,4fb61d2a75965de9] - ==> Parameters: 123(String)
2020-05-11 14:08:58.106  [http-nio-8083-exec-7] DEBUG [com.hzu.community.mapper.UserMapper.select:] [4fb61d2a75965de9,6e8abe20cecfc097,4fb61d2a75965de9] - <==      Total: 1
2020-05-11 14:08:58.111  [http-nio-8083-exec-8] DEBUG [com.hzu.community.mapper.NotificationMapper.countUnread:] [4fb61d2a75965de9,f6bff8c719725657,4fb61d2a75965de9] - ==>  Preparing: select count(*) from notification where receiver = ? and status = ? 
2020-05-11 14:08:58.112  [http-nio-8083-exec-8] DEBUG [com.hzu.community.mapper.NotificationMapper.countUnread:] [4fb61d2a75965de9,f6bff8c719725657,4fb61d2a75965de9] - ==> Parameters: 1(Integer), 0(Integer)
2020-05-11 14:08:58.113  [http-nio-8083-exec-8] DEBUG [com.hzu.community.mapper.NotificationMapper.countUnread:] [4fb61d2a75965de9,f6bff8c719725657,4fb61d2a75965de9] - <==      Total: 1
2020-05-11 14:08:58.208  [http-nio-8083-exec-9] DEBUG [com.hzu.community.mapper.UserMapper.select:] [fa9e45c12fa8cc22,9a02063326fa746d,fa9e45c12fa8cc22] - ==>  Preparing: select * from user WHERE name = ? 
2020-05-11 14:08:58.209  [http-nio-8083-exec-9] DEBUG [com.hzu.community.mapper.UserMapper.select:] [fa9e45c12fa8cc22,9a02063326fa746d,fa9e45c12fa8cc22] - ==> Parameters: 123(String)
2020-05-11 14:08:58.211  [http-nio-8083-exec-9] DEBUG [com.hzu.community.mapper.UserMapper.select:] [fa9e45c12fa8cc22,9a02063326fa746d,fa9e45c12fa8cc22] - <==      Total: 1
2020-05-11 14:08:58.218  [http-nio-8083-exec-10] DEBUG [com.hzu.community.mapper.NotificationMapper.countUnread:] [fa9e45c12fa8cc22,d9b42ab1fdfa0f08,fa9e45c12fa8cc22] - ==>  Preparing: select count(*) from notification where receiver = ? and status = ? 
2020-05-11 14:08:58.219  [http-nio-8083-exec-10] DEBUG [com.hzu.community.mapper.NotificationMapper.countUnread:] [fa9e45c12fa8cc22,d9b42ab1fdfa0f08,fa9e45c12fa8cc22] - ==> Parameters: 1(Integer), 0(Integer)
2020-05-11 14:08:58.219  [http-nio-8083-exec-10] DEBUG [com.hzu.community.mapper.NotificationMapper.countUnread:] [fa9e45c12fa8cc22,d9b42ab1fdfa0f08,fa9e45c12fa8cc22] - <==      Total: 1
2020-05-11 14:08:58.307  [http-nio-8083-exec-1] DEBUG [com.hzu.community.mapper.UserMapper.select:] [f699735d3075361f,b62dcc54e55cfd99,f699735d3075361f] - ==>  Preparing: select * from user WHERE name = ? 
2020-05-11 14:08:58.307  [http-nio-8083-exec-1] DEBUG [com.hzu.community.mapper.UserMapper.select:] [f699735d3075361f,b62dcc54e55cfd99,f699735d3075361f] - ==> Parameters: 123(String)
2020-05-11 14:08:58.309  [http-nio-8083-exec-1] DEBUG [com.hzu.community.mapper.UserMapper.select:] [f699735d3075361f,b62dcc54e55cfd99,f699735d3075361f] - <==      Total: 1
2020-05-11 14:08:58.314  [http-nio-8083-exec-2] DEBUG [com.hzu.community.mapper.NotificationMapper.countUnread:] [f699735d3075361f,b66ba67dca8c232b,f699735d3075361f] - ==>  Preparing: select count(*) from notification where receiver = ? and status = ? 
2020-05-11 14:08:58.314  [http-nio-8083-exec-2] DEBUG [com.hzu.community.mapper.NotificationMapper.countUnread:] [f699735d3075361f,b66ba67dca8c232b,f699735d3075361f] - ==> Parameters: 1(Integer), 0(Integer)
2020-05-11 14:08:58.315  [http-nio-8083-exec-2] DEBUG [com.hzu.community.mapper.NotificationMapper.countUnread:] [f699735d3075361f,b66ba67dca8c232b,f699735d3075361f] - <==      Total: 1
2020-05-11 14:09:03.263  [http-nio-8083-exec-3] DEBUG [com.hzu.community.mapper.UserMapper.select:] [bf2ef4ac12e8ad5a,8c82e72a0070a6f8,bf2ef4ac12e8ad5a] - ==>  Preparing: select * from user WHERE name = ? 
2020-05-11 14:09:03.264  [http-nio-8083-exec-3] DEBUG [com.hzu.community.mapper.UserMapper.select:] [bf2ef4ac12e8ad5a,8c82e72a0070a6f8,bf2ef4ac12e8ad5a] - ==> Parameters: 123(String)
2020-05-11 14:09:03.265  [http-nio-8083-exec-3] DEBUG [com.hzu.community.mapper.UserMapper.select:] [bf2ef4ac12e8ad5a,8c82e72a0070a6f8,bf2ef4ac12e8ad5a] - <==      Total: 1
2020-05-11 14:09:03.268  [http-nio-8083-exec-4] DEBUG [com.hzu.community.mapper.NotificationMapper.countUnread:] [bf2ef4ac12e8ad5a,6386005b21a47262,bf2ef4ac12e8ad5a] - ==>  Preparing: select count(*) from notification where receiver = ? and status = ? 
2020-05-11 14:09:03.269  [http-nio-8083-exec-4] DEBUG [com.hzu.community.mapper.NotificationMapper.countUnread:] [bf2ef4ac12e8ad5a,6386005b21a47262,bf2ef4ac12e8ad5a] - ==> Parameters: 1(Integer), 0(Integer)
2020-05-11 14:09:03.269  [http-nio-8083-exec-4] DEBUG [com.hzu.community.mapper.NotificationMapper.countUnread:] [bf2ef4ac12e8ad5a,6386005b21a47262,bf2ef4ac12e8ad5a] - <==      Total: 1
2020-05-11 14:09:03.357  [http-nio-8083-exec-5] DEBUG [com.hzu.community.mapper.UserMapper.select:] [9cda1d68d1b7532c,b7203eb4cc781979,9cda1d68d1b7532c] - ==>  Preparing: select * from user WHERE name = ? 
2020-05-11 14:09:03.357  [http-nio-8083-exec-5] DEBUG [com.hzu.community.mapper.UserMapper.select:] [9cda1d68d1b7532c,b7203eb4cc781979,9cda1d68d1b7532c] - ==> Parameters: 123(String)
2020-05-11 14:09:03.360  [http-nio-8083-exec-5] DEBUG [com.hzu.community.mapper.UserMapper.select:] [9cda1d68d1b7532c,b7203eb4cc781979,9cda1d68d1b7532c] - <==      Total: 1
2020-05-11 14:09:03.367  [http-nio-8083-exec-6] DEBUG [com.hzu.community.mapper.NotificationMapper.countUnread:] [9cda1d68d1b7532c,c08e27da7bd13633,9cda1d68d1b7532c] - ==>  Preparing: select count(*) from notification where receiver = ? and status = ? 
2020-05-11 14:09:03.367  [http-nio-8083-exec-6] DEBUG [com.hzu.community.mapper.NotificationMapper.countUnread:] [9cda1d68d1b7532c,c08e27da7bd13633,9cda1d68d1b7532c] - ==> Parameters: 1(Integer), 0(Integer)
2020-05-11 14:09:03.368  [http-nio-8083-exec-6] DEBUG [com.hzu.community.mapper.NotificationMapper.countUnread:] [9cda1d68d1b7532c,c08e27da7bd13633,9cda1d68d1b7532c] - <==      Total: 1
2020-05-11 14:09:03.438  [http-nio-8083-exec-7] DEBUG [com.hzu.community.mapper.UserMapper.select:] [29a7d1cb3bf011e3,bb3fa1462987f4ad,29a7d1cb3bf011e3] - ==>  Preparing: select * from user WHERE name = ? 
2020-05-11 14:09:03.438  [http-nio-8083-exec-7] DEBUG [com.hzu.community.mapper.UserMapper.select:] [29a7d1cb3bf011e3,bb3fa1462987f4ad,29a7d1cb3bf011e3] - ==> Parameters: 123(String)
2020-05-11 14:09:03.439  [http-nio-8083-exec-7] DEBUG [com.hzu.community.mapper.UserMapper.select:] [29a7d1cb3bf011e3,bb3fa1462987f4ad,29a7d1cb3bf011e3] - <==      Total: 1
2020-05-11 14:09:03.446  [http-nio-8083-exec-8] DEBUG [com.hzu.community.mapper.NotificationMapper.countUnread:] [29a7d1cb3bf011e3,43b31f95d7a0fb4c,29a7d1cb3bf011e3] - ==>  Preparing: select count(*) from notification where receiver = ? and status = ? 
2020-05-11 14:09:03.446  [http-nio-8083-exec-8] DEBUG [com.hzu.community.mapper.NotificationMapper.countUnread:] [29a7d1cb3bf011e3,43b31f95d7a0fb4c,29a7d1cb3bf011e3] - ==> Parameters: 1(Integer), 0(Integer)
2020-05-11 14:09:03.447  [http-nio-8083-exec-8] DEBUG [com.hzu.community.mapper.NotificationMapper.countUnread:] [29a7d1cb3bf011e3,43b31f95d7a0fb4c,29a7d1cb3bf011e3] - <==      Total: 1
2020-05-11 14:09:44.945  [http-nio-8083-exec-10] DEBUG [com.hzu.community.mapper.QuestionMapper.selectQuestion:] [410a8a53eebb2ae1,2614f1dbb97cadbf,7543cc50a43c2d92] - ==>  Preparing: select * from question order by gmt_create desc limit ?,? 
2020-05-11 14:09:44.945  [http-nio-8083-exec-10] DEBUG [com.hzu.community.mapper.QuestionMapper.selectQuestion:] [410a8a53eebb2ae1,2614f1dbb97cadbf,7543cc50a43c2d92] - ==> Parameters: 0(Integer), 4(Integer)
2020-05-11 14:09:44.947  [http-nio-8083-exec-10] DEBUG [com.hzu.community.mapper.QuestionMapper.selectQuestion:] [410a8a53eebb2ae1,2614f1dbb97cadbf,7543cc50a43c2d92] - <==      Total: 4
2020-05-11 14:09:44.994  [http-nio-8083-exec-1] DEBUG [com.hzu.community.mapper.QuestionMapper.selectQuestion:] [410a8a53eebb2ae1,0e35f835ca453c70,1e5b2a528c9fe00d] - ==>  Preparing: select * from question order by gmt_create desc limit ?,? 
2020-05-11 14:09:44.994  [http-nio-8083-exec-1] DEBUG [com.hzu.community.mapper.QuestionMapper.selectQuestion:] [410a8a53eebb2ae1,0e35f835ca453c70,1e5b2a528c9fe00d] - ==> Parameters: 4(Integer), 4(Integer)
2020-05-11 14:09:44.996  [http-nio-8083-exec-1] DEBUG [com.hzu.community.mapper.QuestionMapper.selectQuestion:] [410a8a53eebb2ae1,0e35f835ca453c70,1e5b2a528c9fe00d] - <==      Total: 4
2020-05-11 14:09:45.005  [http-nio-8083-exec-2] DEBUG [com.hzu.community.mapper.QuestionMapper.selectQuestion:] [410a8a53eebb2ae1,befe283d5cdad1bd,a010044f421729b7] - ==>  Preparing: select * from question order by gmt_create desc limit ?,? 
2020-05-11 14:09:45.006  [http-nio-8083-exec-2] DEBUG [com.hzu.community.mapper.QuestionMapper.selectQuestion:] [410a8a53eebb2ae1,befe283d5cdad1bd,a010044f421729b7] - ==> Parameters: 8(Integer), 4(Integer)
2020-05-11 14:09:45.007  [http-nio-8083-exec-2] DEBUG [com.hzu.community.mapper.QuestionMapper.selectQuestion:] [410a8a53eebb2ae1,befe283d5cdad1bd,a010044f421729b7] - <==      Total: 2
2020-05-11 14:09:55.457  [http-nio-8083-exec-3] DEBUG [com.hzu.community.mapper.UserMapper.select:] [4112854fe78d064f,f937c007864c5fa3,4112854fe78d064f] - ==>  Preparing: select * from user WHERE name = ? 
2020-05-11 14:09:55.457  [http-nio-8083-exec-3] DEBUG [com.hzu.community.mapper.UserMapper.select:] [4112854fe78d064f,f937c007864c5fa3,4112854fe78d064f] - ==> Parameters: 123(String)
2020-05-11 14:09:55.458  [http-nio-8083-exec-3] DEBUG [com.hzu.community.mapper.UserMapper.select:] [4112854fe78d064f,f937c007864c5fa3,4112854fe78d064f] - <==      Total: 1
2020-05-11 14:09:55.478  [http-nio-8083-exec-4] DEBUG [com.hzu.community.mapper.NotificationMapper.countUnread:] [4112854fe78d064f,84dc3764ae98fad3,4112854fe78d064f] - ==>  Preparing: select count(*) from notification where receiver = ? and status = ? 
2020-05-11 14:09:55.479  [http-nio-8083-exec-4] DEBUG [com.hzu.community.mapper.NotificationMapper.countUnread:] [4112854fe78d064f,84dc3764ae98fad3,4112854fe78d064f] - ==> Parameters: 1(Integer), 0(Integer)
2020-05-11 14:09:55.479  [http-nio-8083-exec-4] DEBUG [com.hzu.community.mapper.NotificationMapper.countUnread:] [4112854fe78d064f,84dc3764ae98fad3,4112854fe78d064f] - <==      Total: 1
2020-05-11 14:10:01.066  [http-nio-8083-exec-5] DEBUG [com.hzu.community.mapper.UserMapper.select:] [4a5f55c89dc4d45a,da580bc53c47dc92,4a5f55c89dc4d45a] - ==>  Preparing: select * from user WHERE name = ? 
2020-05-11 14:10:01.067  [http-nio-8083-exec-5] DEBUG [com.hzu.community.mapper.UserMapper.select:] [4a5f55c89dc4d45a,da580bc53c47dc92,4a5f55c89dc4d45a] - ==> Parameters: 123(String)
2020-05-11 14:10:01.068  [http-nio-8083-exec-5] DEBUG [com.hzu.community.mapper.UserMapper.select:] [4a5f55c89dc4d45a,da580bc53c47dc92,4a5f55c89dc4d45a] - <==      Total: 1
2020-05-11 14:10:01.075  [http-nio-8083-exec-6] DEBUG [com.hzu.community.mapper.NotificationMapper.countUnread:] [4a5f55c89dc4d45a,1cd8d6789b5de213,4a5f55c89dc4d45a] - ==>  Preparing: select count(*) from notification where receiver = ? and status = ? 
2020-05-11 14:10:01.076  [http-nio-8083-exec-6] DEBUG [com.hzu.community.mapper.NotificationMapper.countUnread:] [4a5f55c89dc4d45a,1cd8d6789b5de213,4a5f55c89dc4d45a] - ==> Parameters: 1(Integer), 0(Integer)
2020-05-11 14:10:01.076  [http-nio-8083-exec-6] DEBUG [com.hzu.community.mapper.NotificationMapper.countUnread:] [4a5f55c89dc4d45a,1cd8d6789b5de213,4a5f55c89dc4d45a] - <==      Total: 1
2020-05-11 14:10:03.171  [http-nio-8083-exec-7] DEBUG [com.hzu.community.mapper.UserMapper.select:] [f654894ce6b8907c,ea4050ea09247c01,f654894ce6b8907c] - ==>  Preparing: select * from user WHERE name = ? 
2020-05-11 14:10:03.171  [http-nio-8083-exec-7] DEBUG [com.hzu.community.mapper.UserMapper.select:] [f654894ce6b8907c,ea4050ea09247c01,f654894ce6b8907c] - ==> Parameters: 123(String)
2020-05-11 14:10:03.172  [http-nio-8083-exec-7] DEBUG [com.hzu.community.mapper.UserMapper.select:] [f654894ce6b8907c,ea4050ea09247c01,f654894ce6b8907c] - <==      Total: 1
2020-05-11 14:10:03.177  [http-nio-8083-exec-8] DEBUG [com.hzu.community.mapper.NotificationMapper.countUnread:] [f654894ce6b8907c,e08dae175b6a598c,f654894ce6b8907c] - ==>  Preparing: select count(*) from notification where receiver = ? and status = ? 
2020-05-11 14:10:03.178  [http-nio-8083-exec-8] DEBUG [com.hzu.community.mapper.NotificationMapper.countUnread:] [f654894ce6b8907c,e08dae175b6a598c,f654894ce6b8907c] - ==> Parameters: 1(Integer), 0(Integer)
2020-05-11 14:10:03.178  [http-nio-8083-exec-8] DEBUG [com.hzu.community.mapper.NotificationMapper.countUnread:] [f654894ce6b8907c,e08dae175b6a598c,f654894ce6b8907c] - <==      Total: 1
2020-05-11 14:10:05.094  [http-nio-8083-exec-9] DEBUG [com.hzu.community.mapper.UserMapper.select:] [d2cda54b359523d8,f15dcd424061bb51,d2cda54b359523d8] - ==>  Preparing: select * from user WHERE name = ? 
2020-05-11 14:10:05.094  [http-nio-8083-exec-9] DEBUG [com.hzu.community.mapper.UserMapper.select:] [d2cda54b359523d8,f15dcd424061bb51,d2cda54b359523d8] - ==> Parameters: 123(String)
2020-05-11 14:10:05.095  [http-nio-8083-exec-9] DEBUG [com.hzu.community.mapper.UserMapper.select:] [d2cda54b359523d8,f15dcd424061bb51,d2cda54b359523d8] - <==      Total: 1
2020-05-11 14:10:05.102  [http-nio-8083-exec-10] DEBUG [com.hzu.community.mapper.NotificationMapper.countUnread:] [d2cda54b359523d8,11cdc441e25e6531,d2cda54b359523d8] - ==>  Preparing: select count(*) from notification where receiver = ? and status = ? 
2020-05-11 14:10:05.102  [http-nio-8083-exec-10] DEBUG [com.hzu.community.mapper.NotificationMapper.countUnread:] [d2cda54b359523d8,11cdc441e25e6531,d2cda54b359523d8] - ==> Parameters: 1(Integer), 0(Integer)
2020-05-11 14:10:05.104  [http-nio-8083-exec-10] DEBUG [com.hzu.community.mapper.NotificationMapper.countUnread:] [d2cda54b359523d8,11cdc441e25e6531,d2cda54b359523d8] - <==      Total: 1
2020-05-11 14:11:48.195  [http-nio-8083-exec-2] DEBUG [com.hzu.community.mapper.UserMapper.select:] [354f69b63f7cd735,58f316c76e773cae,354f69b63f7cd735] - ==>  Preparing: select * from user WHERE name = ? 
2020-05-11 14:11:48.195  [http-nio-8083-exec-2] DEBUG [com.hzu.community.mapper.UserMapper.select:] [354f69b63f7cd735,58f316c76e773cae,354f69b63f7cd735] - ==> Parameters: 123(String)
2020-05-11 14:11:48.196  [http-nio-8083-exec-2] DEBUG [com.hzu.community.mapper.UserMapper.select:] [354f69b63f7cd735,58f316c76e773cae,354f69b63f7cd735] - <==      Total: 1
2020-05-11 14:11:48.201  [http-nio-8083-exec-3] DEBUG [com.hzu.community.mapper.NotificationMapper.countUnread:] [354f69b63f7cd735,0bd923834c67f974,354f69b63f7cd735] - ==>  Preparing: select count(*) from notification where receiver = ? and status = ? 
2020-05-11 14:11:48.201  [http-nio-8083-exec-3] DEBUG [com.hzu.community.mapper.NotificationMapper.countUnread:] [354f69b63f7cd735,0bd923834c67f974,354f69b63f7cd735] - ==> Parameters: 1(Integer), 0(Integer)
2020-05-11 14:11:48.202  [http-nio-8083-exec-3] DEBUG [com.hzu.community.mapper.NotificationMapper.countUnread:] [354f69b63f7cd735,0bd923834c67f974,354f69b63f7cd735] - <==      Total: 1
2020-05-11 14:11:54.328  [http-nio-8083-exec-4] DEBUG [com.hzu.community.mapper.UserMapper.select:] [51205cc926b3b938,3e67987feda88504,51205cc926b3b938] - ==>  Preparing: select * from user WHERE name = ? 
2020-05-11 14:11:54.328  [http-nio-8083-exec-4] DEBUG [com.hzu.community.mapper.UserMapper.select:] [51205cc926b3b938,3e67987feda88504,51205cc926b3b938] - ==> Parameters: 123(String)
2020-05-11 14:11:54.329  [http-nio-8083-exec-4] DEBUG [com.hzu.community.mapper.UserMapper.select:] [51205cc926b3b938,3e67987feda88504,51205cc926b3b938] - <==      Total: 1
2020-05-11 14:11:54.334  [http-nio-8083-exec-5] DEBUG [com.hzu.community.mapper.NotificationMapper.countUnread:] [51205cc926b3b938,e361bce06547edee,51205cc926b3b938] - ==>  Preparing: select count(*) from notification where receiver = ? and status = ? 
2020-05-11 14:11:54.334  [http-nio-8083-exec-5] DEBUG [com.hzu.community.mapper.NotificationMapper.countUnread:] [51205cc926b3b938,e361bce06547edee,51205cc926b3b938] - ==> Parameters: 1(Integer), 0(Integer)
2020-05-11 14:11:54.335  [http-nio-8083-exec-5] DEBUG [com.hzu.community.mapper.NotificationMapper.countUnread:] [51205cc926b3b938,e361bce06547edee,51205cc926b3b938] - <==      Total: 1
2020-05-11 14:11:56.759  [http-nio-8083-exec-6] DEBUG [com.hzu.community.mapper.UserMapper.select:] [96825a3c172e5bbf,dc8b476fbd8227e7,96825a3c172e5bbf] - ==>  Preparing: select * from user WHERE name = ? 
2020-05-11 14:11:56.759  [http-nio-8083-exec-6] DEBUG [com.hzu.community.mapper.UserMapper.select:] [96825a3c172e5bbf,dc8b476fbd8227e7,96825a3c172e5bbf] - ==> Parameters: 123(String)
2020-05-11 14:11:56.760  [http-nio-8083-exec-6] DEBUG [com.hzu.community.mapper.UserMapper.select:] [96825a3c172e5bbf,dc8b476fbd8227e7,96825a3c172e5bbf] - <==      Total: 1
2020-05-11 14:11:56.765  [http-nio-8083-exec-7] DEBUG [com.hzu.community.mapper.NotificationMapper.countUnread:] [96825a3c172e5bbf,2bc272cd495ba364,96825a3c172e5bbf] - ==>  Preparing: select count(*) from notification where receiver = ? and status = ? 
2020-05-11 14:11:56.765  [http-nio-8083-exec-7] DEBUG [com.hzu.community.mapper.NotificationMapper.countUnread:] [96825a3c172e5bbf,2bc272cd495ba364,96825a3c172e5bbf] - ==> Parameters: 1(Integer), 0(Integer)
2020-05-11 14:11:56.766  [http-nio-8083-exec-7] DEBUG [com.hzu.community.mapper.NotificationMapper.countUnread:] [96825a3c172e5bbf,2bc272cd495ba364,96825a3c172e5bbf] - <==      Total: 1
2020-05-11 14:11:59.775  [http-nio-8083-exec-8] DEBUG [com.hzu.community.mapper.UserMapper.select:] [0a737c5216b2a129,89adb9ae2a61098d,0a737c5216b2a129] - ==>  Preparing: select * from user WHERE name = ? 
2020-05-11 14:11:59.775  [http-nio-8083-exec-8] DEBUG [com.hzu.community.mapper.UserMapper.select:] [0a737c5216b2a129,89adb9ae2a61098d,0a737c5216b2a129] - ==> Parameters: 123(String)
2020-05-11 14:11:59.776  [http-nio-8083-exec-8] DEBUG [com.hzu.community.mapper.UserMapper.select:] [0a737c5216b2a129,89adb9ae2a61098d,0a737c5216b2a129] - <==      Total: 1
2020-05-11 14:11:59.781  [http-nio-8083-exec-9] DEBUG [com.hzu.community.mapper.NotificationMapper.countUnread:] [0a737c5216b2a129,8a44585481a4d2a7,0a737c5216b2a129] - ==>  Preparing: select count(*) from notification where receiver = ? and status = ? 
2020-05-11 14:11:59.781  [http-nio-8083-exec-9] DEBUG [com.hzu.community.mapper.NotificationMapper.countUnread:] [0a737c5216b2a129,8a44585481a4d2a7,0a737c5216b2a129] - ==> Parameters: 1(Integer), 0(Integer)
2020-05-11 14:11:59.782  [http-nio-8083-exec-9] DEBUG [com.hzu.community.mapper.NotificationMapper.countUnread:] [0a737c5216b2a129,8a44585481a4d2a7,0a737c5216b2a129] - <==      Total: 1
2020-05-11 14:12:39.722  [http-nio-8083-exec-10] DEBUG [com.hzu.community.mapper.UserMapper.select:] [a6d002e0e315fb7f,43a9246fff682b87,a6d002e0e315fb7f] - ==>  Preparing: select * from user WHERE name = ? 
2020-05-11 14:12:39.722  [http-nio-8083-exec-10] DEBUG [com.hzu.community.mapper.UserMapper.select:] [a6d002e0e315fb7f,43a9246fff682b87,a6d002e0e315fb7f] - ==> Parameters: 123(String)
2020-05-11 14:12:39.723  [http-nio-8083-exec-10] DEBUG [com.hzu.community.mapper.UserMapper.select:] [a6d002e0e315fb7f,43a9246fff682b87,a6d002e0e315fb7f] - <==      Total: 1
2020-05-11 14:12:39.731  [http-nio-8083-exec-1] DEBUG [com.hzu.community.mapper.NotificationMapper.countUnread:] [a6d002e0e315fb7f,da9816b01be9889a,a6d002e0e315fb7f] - ==>  Preparing: select count(*) from notification where receiver = ? and status = ? 
2020-05-11 14:12:39.732  [http-nio-8083-exec-1] DEBUG [com.hzu.community.mapper.NotificationMapper.countUnread:] [a6d002e0e315fb7f,da9816b01be9889a,a6d002e0e315fb7f] - ==> Parameters: 1(Integer), 0(Integer)
2020-05-11 14:12:39.733  [http-nio-8083-exec-1] DEBUG [com.hzu.community.mapper.NotificationMapper.countUnread:] [a6d002e0e315fb7f,da9816b01be9889a,a6d002e0e315fb7f] - <==      Total: 1
2020-05-11 14:13:37.163  [http-nio-8083-exec-2] DEBUG [com.hzu.community.mapper.UserMapper.select:] [5bd80d334bb81fca,3b720eb142933606,5bd80d334bb81fca] - ==>  Preparing: select * from user WHERE name = ? 
2020-05-11 14:13:37.163  [http-nio-8083-exec-2] DEBUG [com.hzu.community.mapper.UserMapper.select:] [5bd80d334bb81fca,3b720eb142933606,5bd80d334bb81fca] - ==> Parameters: 123(String)
2020-05-11 14:13:37.164  [http-nio-8083-exec-2] DEBUG [com.hzu.community.mapper.UserMapper.select:] [5bd80d334bb81fca,3b720eb142933606,5bd80d334bb81fca] - <==      Total: 1
2020-05-11 14:13:37.171  [http-nio-8083-exec-3] DEBUG [com.hzu.community.mapper.NotificationMapper.countUnread:] [5bd80d334bb81fca,9a025a15330a7d9b,5bd80d334bb81fca] - ==>  Preparing: select count(*) from notification where receiver = ? and status = ? 
2020-05-11 14:13:37.171  [http-nio-8083-exec-3] DEBUG [com.hzu.community.mapper.NotificationMapper.countUnread:] [5bd80d334bb81fca,9a025a15330a7d9b,5bd80d334bb81fca] - ==> Parameters: 1(Integer), 0(Integer)
2020-05-11 14:13:37.172  [http-nio-8083-exec-3] DEBUG [com.hzu.community.mapper.NotificationMapper.countUnread:] [5bd80d334bb81fca,9a025a15330a7d9b,5bd80d334bb81fca] - <==      Total: 1
2020-05-11 14:13:39.528  [http-nio-8083-exec-4] DEBUG [com.hzu.community.mapper.UserMapper.select:] [71f1f4a2543c89ac,4dc1559510afac18,71f1f4a2543c89ac] - ==>  Preparing: select * from user WHERE name = ? 
2020-05-11 14:13:39.528  [http-nio-8083-exec-4] DEBUG [com.hzu.community.mapper.UserMapper.select:] [71f1f4a2543c89ac,4dc1559510afac18,71f1f4a2543c89ac] - ==> Parameters: 123(String)
2020-05-11 14:13:39.529  [http-nio-8083-exec-4] DEBUG [com.hzu.community.mapper.UserMapper.select:] [71f1f4a2543c89ac,4dc1559510afac18,71f1f4a2543c89ac] - <==      Total: 1
2020-05-11 14:13:39.534  [http-nio-8083-exec-5] DEBUG [com.hzu.community.mapper.NotificationMapper.countUnread:] [71f1f4a2543c89ac,5ba9fcf73738824c,71f1f4a2543c89ac] - ==>  Preparing: select count(*) from notification where receiver = ? and status = ? 
2020-05-11 14:13:39.534  [http-nio-8083-exec-5] DEBUG [com.hzu.community.mapper.NotificationMapper.countUnread:] [71f1f4a2543c89ac,5ba9fcf73738824c,71f1f4a2543c89ac] - ==> Parameters: 1(Integer), 0(Integer)
2020-05-11 14:13:39.535  [http-nio-8083-exec-5] DEBUG [com.hzu.community.mapper.NotificationMapper.countUnread:] [71f1f4a2543c89ac,5ba9fcf73738824c,71f1f4a2543c89ac] - <==      Total: 1
