2020-04-24 01:03:15.839 [AsyncResolver-bootstrap-executor-0] INFO  [com.netflix.discovery.shared.resolver.aws.ConfigClusterResolver:43] [,] - Resolving eureka endpoints via configuration
2020-04-24 01:08:15.842 [AsyncResolver-bootstrap-executor-0] INFO  [com.netflix.discovery.shared.resolver.aws.ConfigClusterResolver:43] [,] - Resolving eureka endpoints via configuration
2020-04-24 01:13:00.999 [http-nio-8083-exec-3] INFO  [org.zalando.logbook.Logbook:79] [2f823504324ef6a9,aa3de92438179cf1] - Incoming Request: 8f5e18ddcc9e7f4a
GET http://DESKTOP-K5RUUL2:8083/question/list?offset=0&size=4 HTTP/1.1
x-b3-parentspanid: 3dd80f82ea1a9370
x-b3-traceid: 2f823504324ef6a9
x-b3-spanid: aa3de92438179cf1
x-b3-sampled: 1
host: DESKTOP-K5RUUL2:8083
connection: Keep-Alive
accept-encoding: gzip,deflate
user-agent: agent
accept: application/json, application/*+json
2020-04-24 01:13:01.019 [http-nio-8083-exec-3] INFO  [org.zalando.logbook.Logbook:84] [2f823504324ef6a9,aa3de92438179cf1] - Outgoing Response: 8f5e18ddcc9e7f4a
Duration: 20 ms
HTTP/1.1 200 OK
Transfer-Encoding: chunked
Keep-Alive: timeout=60
Connection: keep-alive
Date: Thu, 23 Apr 2020 17:13:01 GMT
Content-Type: application/json

{"code":0,"msg":"OK","result":[{"id":18,"title":"热门3","description":"123","tag":"php,java,js","gmtCreate":1587463062594,"gmtModified":1587463062594,"creator":1,"viewCount":15,"commentCount":1,"likeCount":null},{"id":17,"title":"热门2","description":"123","tag":"js,php,java","gmtCreate":1587463050254,"gmtModified":1587463050254,"creator":1,"viewCount":0,"commentCount":0,"likeCount":null},{"id":16,"title":"热门标签","description":"123是科技部对UI安管部卡斯比接口的把会计师不安居客吧开发背带裤","tag":"php,js,java","gmtCreate":1587463038397,"gmtModified":1587463038397,"creator":1,"viewCount":0,"commentCount":0,"likeCount":null},{"id":10,"title":"springboot快速学习","description":"123","tag":"java,python","gmtCreate":1586840236237,"gmtModified":1586840236237,"creator":1,"viewCount":13,"commentCount":0,"likeCount":null}]}
2020-04-24 01:13:01.091 [http-nio-8083-exec-4] INFO  [org.zalando.logbook.Logbook:79] [2f823504324ef6a9,9c4219797f7caae9] - Incoming Request: f98650c205c6b45d
GET http://DESKTOP-K5RUUL2:8083/question/list?offset=4&size=4 HTTP/1.1
x-b3-parentspanid: 654df658e1bd1ccf
x-b3-traceid: 2f823504324ef6a9
x-b3-spanid: 9c4219797f7caae9
x-b3-sampled: 1
host: DESKTOP-K5RUUL2:8083
connection: Keep-Alive
accept-encoding: gzip,deflate
user-agent: agent
accept: application/json, application/*+json
2020-04-24 01:13:01.098 [http-nio-8083-exec-4] INFO  [org.zalando.logbook.Logbook:84] [2f823504324ef6a9,9c4219797f7caae9] - Outgoing Response: f98650c205c6b45d
Duration: 7 ms
HTTP/1.1 200 OK
Transfer-Encoding: chunked
Keep-Alive: timeout=60
Connection: keep-alive
Date: Thu, 23 Apr 2020 17:13:01 GMT
Content-Type: application/json

{"code":0,"msg":"OK","result":[{"id":8,"title":"java Spring Boot","description":"123","tag":"java,docker","gmtCreate":1586840198981,"gmtModified":1586840198981,"creator":1,"viewCount":8,"commentCount":0,"likeCount":null}]}
2020-04-24 01:13:15.845 [AsyncResolver-bootstrap-executor-0] INFO  [com.netflix.discovery.shared.resolver.aws.ConfigClusterResolver:43] [,] - Resolving eureka endpoints via configuration
2020-04-24 01:18:15.847 [AsyncResolver-bootstrap-executor-0] INFO  [com.netflix.discovery.shared.resolver.aws.ConfigClusterResolver:43] [,] - Resolving eureka endpoints via configuration
2020-04-24 01:23:15.849 [AsyncResolver-bootstrap-executor-0] INFO  [com.netflix.discovery.shared.resolver.aws.ConfigClusterResolver:43] [,] - Resolving eureka endpoints via configuration
2020-04-24 01:28:15.854 [AsyncResolver-bootstrap-executor-0] INFO  [com.netflix.discovery.shared.resolver.aws.ConfigClusterResolver:43] [,] - Resolving eureka endpoints via configuration
2020-04-24 01:33:15.855 [AsyncResolver-bootstrap-executor-0] INFO  [com.netflix.discovery.shared.resolver.aws.ConfigClusterResolver:43] [,] - Resolving eureka endpoints via configuration
2020-04-24 01:38:15.859 [AsyncResolver-bootstrap-executor-0] INFO  [com.netflix.discovery.shared.resolver.aws.ConfigClusterResolver:43] [,] - Resolving eureka endpoints via configuration
2020-04-24 01:43:15.864 [AsyncResolver-bootstrap-executor-0] INFO  [com.netflix.discovery.shared.resolver.aws.ConfigClusterResolver:43] [,] - Resolving eureka endpoints via configuration
2020-04-24 01:48:15.866 [AsyncResolver-bootstrap-executor-0] INFO  [com.netflix.discovery.shared.resolver.aws.ConfigClusterResolver:43] [,] - Resolving eureka endpoints via configuration
2020-04-24 01:53:15.870 [AsyncResolver-bootstrap-executor-0] INFO  [com.netflix.discovery.shared.resolver.aws.ConfigClusterResolver:43] [,] - Resolving eureka endpoints via configuration
2020-04-24 01:58:15.872 [AsyncResolver-bootstrap-executor-0] INFO  [com.netflix.discovery.shared.resolver.aws.ConfigClusterResolver:43] [,] - Resolving eureka endpoints via configuration
