2020-05-11 13:19:21.401  [http-nio-8083-exec-1] DEBUG [com.hzu.community.mapper.QuestionMapper.selectQuestion:] [eb0d3522d779fb11,2390e5e1f57d3ec6,fdeb1e6353ca3413] - ==>  Preparing: select * from question order by gmt_create desc limit ?,? 
2020-05-11 13:19:21.448  [http-nio-8083-exec-1] DEBUG [com.hzu.community.mapper.QuestionMapper.selectQuestion:] [eb0d3522d779fb11,2390e5e1f57d3ec6,fdeb1e6353ca3413] - ==> Parameters: 0(Integer), 4(Integer)
2020-05-11 13:19:21.464  [http-nio-8083-exec-1] DEBUG [com.hzu.community.mapper.QuestionMapper.selectQuestion:] [eb0d3522d779fb11,2390e5e1f57d3ec6,fdeb1e6353ca3413] - <==      Total: 4
2020-05-11 13:21:36.521  [http-nio-8083-exec-3] DEBUG [com.hzu.community.mapper.QuestionMapper.selectQuestion:] [6e69cb4caf744e15,1d1f8a75968bdad1,cbc3c5a19a727821] - ==>  Preparing: select * from question order by gmt_create desc limit ?,? 
2020-05-11 13:21:36.537  [http-nio-8083-exec-3] DEBUG [com.hzu.community.mapper.QuestionMapper.selectQuestion:] [6e69cb4caf744e15,1d1f8a75968bdad1,cbc3c5a19a727821] - ==> Parameters: 0(Integer), 4(Integer)
2020-05-11 13:21:36.537  [http-nio-8083-exec-3] DEBUG [com.hzu.community.mapper.QuestionMapper.selectQuestion:] [6e69cb4caf744e15,1d1f8a75968bdad1,cbc3c5a19a727821] - <==      Total: 4
2020-05-11 13:21:36.631  [http-nio-8083-exec-4] DEBUG [com.hzu.community.mapper.QuestionMapper.selectQuestion:] [6e69cb4caf744e15,c8e232e6e0ab71a8,1d2e566014d6f5be] - ==>  Preparing: select * from question order by gmt_create desc limit ?,? 
2020-05-11 13:21:36.631  [http-nio-8083-exec-4] DEBUG [com.hzu.community.mapper.QuestionMapper.selectQuestion:] [6e69cb4caf744e15,c8e232e6e0ab71a8,1d2e566014d6f5be] - ==> Parameters: 4(Integer), 4(Integer)
2020-05-11 13:21:36.631  [http-nio-8083-exec-4] DEBUG [com.hzu.community.mapper.QuestionMapper.selectQuestion:] [6e69cb4caf744e15,c8e232e6e0ab71a8,1d2e566014d6f5be] - <==      Total: 4
2020-05-11 13:21:36.631  [http-nio-8083-exec-5] DEBUG [com.hzu.community.mapper.QuestionMapper.selectQuestion:] [6e69cb4caf744e15,276a957698b7d2ba,91a268693dc3d55f] - ==>  Preparing: select * from question order by gmt_create desc limit ?,? 
2020-05-11 13:21:36.631  [http-nio-8083-exec-5] DEBUG [com.hzu.community.mapper.QuestionMapper.selectQuestion:] [6e69cb4caf744e15,276a957698b7d2ba,91a268693dc3d55f] - ==> Parameters: 8(Integer), 4(Integer)
2020-05-11 13:21:36.646  [http-nio-8083-exec-5] DEBUG [com.hzu.community.mapper.QuestionMapper.selectQuestion:] [6e69cb4caf744e15,276a957698b7d2ba,91a268693dc3d55f] - <==      Total: 2
2020-05-11 13:21:46.109  [http-nio-8083-exec-6] DEBUG [com.hzu.community.mapper.UserMapper.select:] [02b8d2854d52521d,f921dd5ec3bdb026,02b8d2854d52521d] - ==>  Preparing: select * from user WHERE pwd = ? and name = ? 
2020-05-11 13:21:46.116  [http-nio-8083-exec-6] DEBUG [com.hzu.community.mapper.UserMapper.select:] [02b8d2854d52521d,f921dd5ec3bdb026,02b8d2854d52521d] - ==> Parameters: 123(String), 123(String)
2020-05-11 13:21:46.118  [http-nio-8083-exec-6] DEBUG [com.hzu.community.mapper.UserMapper.select:] [02b8d2854d52521d,f921dd5ec3bdb026,02b8d2854d52521d] - <==      Total: 1
2020-05-11 13:21:49.102  [http-nio-8083-exec-7] DEBUG [com.hzu.community.mapper.UserMapper.select:] [7b40190493590d38,26e8c12e75149fe7,7b40190493590d38] - ==>  Preparing: select * from user WHERE name = ? 
2020-05-11 13:21:49.102  [http-nio-8083-exec-7] DEBUG [com.hzu.community.mapper.UserMapper.select:] [7b40190493590d38,26e8c12e75149fe7,7b40190493590d38] - ==> Parameters: 123(String)
2020-05-11 13:21:49.104  [http-nio-8083-exec-7] DEBUG [com.hzu.community.mapper.UserMapper.select:] [7b40190493590d38,26e8c12e75149fe7,7b40190493590d38] - <==      Total: 1
2020-05-11 13:21:49.118  [http-nio-8083-exec-8] DEBUG [com.hzu.community.mapper.NotificationMapper.countUnread:] [7b40190493590d38,11b5d860a3d6283d,7b40190493590d38] - ==>  Preparing: select count(*) from notification where receiver = ? and status = ? 
2020-05-11 13:21:49.119  [http-nio-8083-exec-8] DEBUG [com.hzu.community.mapper.NotificationMapper.countUnread:] [7b40190493590d38,11b5d860a3d6283d,7b40190493590d38] - ==> Parameters: 1(Integer), 0(Integer)
2020-05-11 13:21:49.122  [http-nio-8083-exec-8] DEBUG [com.hzu.community.mapper.NotificationMapper.countUnread:] [7b40190493590d38,11b5d860a3d6283d,7b40190493590d38] - <==      Total: 1
2020-05-11 13:37:21.630  [http-nio-8083-exec-10] DEBUG [com.hzu.community.mapper.QuestionMapper.selectQuestion:] [d719465b927f25db,a4408929b7adbbeb,f1cd8d5dad44548c] - ==>  Preparing: select * from question order by gmt_create desc limit ?,? 
2020-05-11 13:37:21.631  [http-nio-8083-exec-10] DEBUG [com.hzu.community.mapper.QuestionMapper.selectQuestion:] [d719465b927f25db,a4408929b7adbbeb,f1cd8d5dad44548c] - ==> Parameters: 0(Integer), 4(Integer)
2020-05-11 13:37:21.637  [http-nio-8083-exec-10] DEBUG [com.hzu.community.mapper.QuestionMapper.selectQuestion:] [d719465b927f25db,a4408929b7adbbeb,f1cd8d5dad44548c] - <==      Total: 4
2020-05-11 13:37:21.706  [http-nio-8083-exec-1] DEBUG [com.hzu.community.mapper.QuestionMapper.selectQuestion:] [d719465b927f25db,6963e2ac4956e79b,41fd83bf9125cc62] - ==>  Preparing: select * from question order by gmt_create desc limit ?,? 
2020-05-11 13:37:21.707  [http-nio-8083-exec-1] DEBUG [com.hzu.community.mapper.QuestionMapper.selectQuestion:] [d719465b927f25db,6963e2ac4956e79b,41fd83bf9125cc62] - ==> Parameters: 4(Integer), 4(Integer)
2020-05-11 13:37:21.710  [http-nio-8083-exec-1] DEBUG [com.hzu.community.mapper.QuestionMapper.selectQuestion:] [d719465b927f25db,6963e2ac4956e79b,41fd83bf9125cc62] - <==      Total: 4
2020-05-11 13:37:21.724  [http-nio-8083-exec-2] DEBUG [com.hzu.community.mapper.QuestionMapper.selectQuestion:] [d719465b927f25db,4c5d3ded3d8f2846,9e8f9ef93e691a76] - ==>  Preparing: select * from question order by gmt_create desc limit ?,? 
2020-05-11 13:37:21.725  [http-nio-8083-exec-2] DEBUG [com.hzu.community.mapper.QuestionMapper.selectQuestion:] [d719465b927f25db,4c5d3ded3d8f2846,9e8f9ef93e691a76] - ==> Parameters: 8(Integer), 4(Integer)
2020-05-11 13:37:21.727  [http-nio-8083-exec-2] DEBUG [com.hzu.community.mapper.QuestionMapper.selectQuestion:] [d719465b927f25db,4c5d3ded3d8f2846,9e8f9ef93e691a76] - <==      Total: 2
2020-05-11 13:37:28.813  [http-nio-8083-exec-3] DEBUG [com.hzu.community.mapper.UserMapper.select:] [ffbd409d2d4f1968,992290a3907b6895,ffbd409d2d4f1968] - ==>  Preparing: select * from user WHERE name = ? 
2020-05-11 13:37:28.813  [http-nio-8083-exec-3] DEBUG [com.hzu.community.mapper.UserMapper.select:] [ffbd409d2d4f1968,992290a3907b6895,ffbd409d2d4f1968] - ==> Parameters: 123(String)
2020-05-11 13:37:28.814  [http-nio-8083-exec-3] DEBUG [com.hzu.community.mapper.UserMapper.select:] [ffbd409d2d4f1968,992290a3907b6895,ffbd409d2d4f1968] - <==      Total: 1
2020-05-11 13:37:28.835  [http-nio-8083-exec-4] DEBUG [com.hzu.community.mapper.NotificationMapper.countUnread:] [ffbd409d2d4f1968,07bfcf400590e561,ffbd409d2d4f1968] - ==>  Preparing: select count(*) from notification where receiver = ? and status = ? 
2020-05-11 13:37:28.835  [http-nio-8083-exec-4] DEBUG [com.hzu.community.mapper.NotificationMapper.countUnread:] [ffbd409d2d4f1968,07bfcf400590e561,ffbd409d2d4f1968] - ==> Parameters: 1(Integer), 0(Integer)
2020-05-11 13:37:28.838  [http-nio-8083-exec-4] DEBUG [com.hzu.community.mapper.NotificationMapper.countUnread:] [ffbd409d2d4f1968,07bfcf400590e561,ffbd409d2d4f1968] - <==      Total: 1
2020-05-11 13:37:32.216  [http-nio-8083-exec-5] DEBUG [com.hzu.community.mapper.UserMapper.select:] [2af2e2165c42fe44,5c063249d111167e,2af2e2165c42fe44] - ==>  Preparing: select * from user WHERE name = ? 
2020-05-11 13:37:32.216  [http-nio-8083-exec-5] DEBUG [com.hzu.community.mapper.UserMapper.select:] [2af2e2165c42fe44,5c063249d111167e,2af2e2165c42fe44] - ==> Parameters: 123(String)
2020-05-11 13:37:32.218  [http-nio-8083-exec-5] DEBUG [com.hzu.community.mapper.UserMapper.select:] [2af2e2165c42fe44,5c063249d111167e,2af2e2165c42fe44] - <==      Total: 1
2020-05-11 13:37:32.228  [http-nio-8083-exec-6] DEBUG [com.hzu.community.mapper.NotificationMapper.countUnread:] [2af2e2165c42fe44,b59b404505714048,2af2e2165c42fe44] - ==>  Preparing: select count(*) from notification where receiver = ? and status = ? 
2020-05-11 13:37:32.228  [http-nio-8083-exec-6] DEBUG [com.hzu.community.mapper.NotificationMapper.countUnread:] [2af2e2165c42fe44,b59b404505714048,2af2e2165c42fe44] - ==> Parameters: 1(Integer), 0(Integer)
2020-05-11 13:37:32.229  [http-nio-8083-exec-6] DEBUG [com.hzu.community.mapper.NotificationMapper.countUnread:] [2af2e2165c42fe44,b59b404505714048,2af2e2165c42fe44] - <==      Total: 1
2020-05-11 13:37:32.260  [http-nio-8083-exec-7] DEBUG [com.hzu.community.mapper.UserMapper.select:] [2af2e2165c42fe44,6bdab3f4f125e583,2af2e2165c42fe44] - ==>  Preparing: select * from user WHERE pwd = ? and name = ? 
2020-05-11 13:37:32.261  [http-nio-8083-exec-7] DEBUG [com.hzu.community.mapper.UserMapper.select:] [2af2e2165c42fe44,6bdab3f4f125e583,2af2e2165c42fe44] - ==> Parameters: 123(String), 123(String)
2020-05-11 13:37:32.262  [http-nio-8083-exec-7] DEBUG [com.hzu.community.mapper.UserMapper.select:] [2af2e2165c42fe44,6bdab3f4f125e583,2af2e2165c42fe44] - <==      Total: 1
2020-05-11 13:37:32.311  [http-nio-8083-exec-8] DEBUG [com.hzu.community.mapper.UserMapper.select:] [b087d2c383d1f3c3,11a498a7ee657d19,b087d2c383d1f3c3] - ==>  Preparing: select * from user WHERE name = ? 
2020-05-11 13:37:32.312  [http-nio-8083-exec-8] DEBUG [com.hzu.community.mapper.UserMapper.select:] [b087d2c383d1f3c3,11a498a7ee657d19,b087d2c383d1f3c3] - ==> Parameters: 123(String)
2020-05-11 13:37:32.315  [http-nio-8083-exec-8] DEBUG [com.hzu.community.mapper.UserMapper.select:] [b087d2c383d1f3c3,11a498a7ee657d19,b087d2c383d1f3c3] - <==      Total: 1
2020-05-11 13:37:32.325  [http-nio-8083-exec-9] DEBUG [com.hzu.community.mapper.NotificationMapper.countUnread:] [b087d2c383d1f3c3,394a36666b5f1e10,b087d2c383d1f3c3] - ==>  Preparing: select count(*) from notification where receiver = ? and status = ? 
2020-05-11 13:37:32.326  [http-nio-8083-exec-9] DEBUG [com.hzu.community.mapper.NotificationMapper.countUnread:] [b087d2c383d1f3c3,394a36666b5f1e10,b087d2c383d1f3c3] - ==> Parameters: 1(Integer), 0(Integer)
2020-05-11 13:37:32.327  [http-nio-8083-exec-9] DEBUG [com.hzu.community.mapper.NotificationMapper.countUnread:] [b087d2c383d1f3c3,394a36666b5f1e10,b087d2c383d1f3c3] - <==      Total: 1
2020-05-11 13:39:38.289  [http-nio-8083-exec-1] DEBUG [com.hzu.community.mapper.QuestionMapper.selectQuestion:] [9119ff56bcf8961b,057798352f13c9ae,5d7d0783a4eb8a75] - ==>  Preparing: select * from question order by gmt_create desc limit ?,? 
2020-05-11 13:39:38.289  [http-nio-8083-exec-1] DEBUG [com.hzu.community.mapper.QuestionMapper.selectQuestion:] [9119ff56bcf8961b,057798352f13c9ae,5d7d0783a4eb8a75] - ==> Parameters: 0(Integer), 4(Integer)
2020-05-11 13:39:38.291  [http-nio-8083-exec-1] DEBUG [com.hzu.community.mapper.QuestionMapper.selectQuestion:] [9119ff56bcf8961b,057798352f13c9ae,5d7d0783a4eb8a75] - <==      Total: 4
2020-05-11 13:39:38.336  [http-nio-8083-exec-2] DEBUG [com.hzu.community.mapper.QuestionMapper.selectQuestion:] [9119ff56bcf8961b,9c8d40c16d7435cc,edadf68681bdb403] - ==>  Preparing: select * from question order by gmt_create desc limit ?,? 
2020-05-11 13:39:38.336  [http-nio-8083-exec-2] DEBUG [com.hzu.community.mapper.QuestionMapper.selectQuestion:] [9119ff56bcf8961b,9c8d40c16d7435cc,edadf68681bdb403] - ==> Parameters: 4(Integer), 4(Integer)
2020-05-11 13:39:38.338  [http-nio-8083-exec-2] DEBUG [com.hzu.community.mapper.QuestionMapper.selectQuestion:] [9119ff56bcf8961b,9c8d40c16d7435cc,edadf68681bdb403] - <==      Total: 4
2020-05-11 13:39:38.349  [http-nio-8083-exec-3] DEBUG [com.hzu.community.mapper.QuestionMapper.selectQuestion:] [9119ff56bcf8961b,99dbaa14da2061fb,b7a8c2d97b3ca659] - ==>  Preparing: select * from question order by gmt_create desc limit ?,? 
2020-05-11 13:39:38.350  [http-nio-8083-exec-3] DEBUG [com.hzu.community.mapper.QuestionMapper.selectQuestion:] [9119ff56bcf8961b,99dbaa14da2061fb,b7a8c2d97b3ca659] - ==> Parameters: 8(Integer), 4(Integer)
2020-05-11 13:39:38.351  [http-nio-8083-exec-3] DEBUG [com.hzu.community.mapper.QuestionMapper.selectQuestion:] [9119ff56bcf8961b,99dbaa14da2061fb,b7a8c2d97b3ca659] - <==      Total: 2
2020-05-11 13:39:58.017  [http-nio-8083-exec-4] DEBUG [com.hzu.community.mapper.UserMapper.select:] [27f01cace2f31f80,5e22614c40e116a0,27f01cace2f31f80] - ==>  Preparing: select * from user WHERE name = ? 
2020-05-11 13:39:58.018  [http-nio-8083-exec-4] DEBUG [com.hzu.community.mapper.UserMapper.select:] [27f01cace2f31f80,5e22614c40e116a0,27f01cace2f31f80] - ==> Parameters: 123(String)
2020-05-11 13:39:58.019  [http-nio-8083-exec-4] DEBUG [com.hzu.community.mapper.UserMapper.select:] [27f01cace2f31f80,5e22614c40e116a0,27f01cace2f31f80] - <==      Total: 1
2020-05-11 13:39:58.040  [http-nio-8083-exec-5] DEBUG [com.hzu.community.mapper.NotificationMapper.countUnread:] [27f01cace2f31f80,95e4fbbb5e9550d8,27f01cace2f31f80] - ==>  Preparing: select count(*) from notification where receiver = ? and status = ? 
2020-05-11 13:39:58.040  [http-nio-8083-exec-5] DEBUG [com.hzu.community.mapper.NotificationMapper.countUnread:] [27f01cace2f31f80,95e4fbbb5e9550d8,27f01cace2f31f80] - ==> Parameters: 1(Integer), 0(Integer)
2020-05-11 13:39:58.041  [http-nio-8083-exec-5] DEBUG [com.hzu.community.mapper.NotificationMapper.countUnread:] [27f01cace2f31f80,95e4fbbb5e9550d8,27f01cace2f31f80] - <==      Total: 1
2020-05-11 13:40:00.992  [http-nio-8083-exec-6] DEBUG [com.hzu.community.mapper.UserMapper.select:] [fd92f77ef5664d99,b789a174757c9209,fd92f77ef5664d99] - ==>  Preparing: select * from user WHERE name = ? 
2020-05-11 13:40:00.993  [http-nio-8083-exec-6] DEBUG [com.hzu.community.mapper.UserMapper.select:] [fd92f77ef5664d99,b789a174757c9209,fd92f77ef5664d99] - ==> Parameters: 123(String)
2020-05-11 13:40:00.994  [http-nio-8083-exec-6] DEBUG [com.hzu.community.mapper.UserMapper.select:] [fd92f77ef5664d99,b789a174757c9209,fd92f77ef5664d99] - <==      Total: 1
2020-05-11 13:40:00.999  [http-nio-8083-exec-7] DEBUG [com.hzu.community.mapper.NotificationMapper.countUnread:] [fd92f77ef5664d99,b3e940820f1c02d2,fd92f77ef5664d99] - ==>  Preparing: select count(*) from notification where receiver = ? and status = ? 
2020-05-11 13:40:01.000  [http-nio-8083-exec-7] DEBUG [com.hzu.community.mapper.NotificationMapper.countUnread:] [fd92f77ef5664d99,b3e940820f1c02d2,fd92f77ef5664d99] - ==> Parameters: 1(Integer), 0(Integer)
2020-05-11 13:40:01.001  [http-nio-8083-exec-7] DEBUG [com.hzu.community.mapper.NotificationMapper.countUnread:] [fd92f77ef5664d99,b3e940820f1c02d2,fd92f77ef5664d99] - <==      Total: 1
2020-05-11 13:40:01.023  [http-nio-8083-exec-8] DEBUG [com.hzu.community.mapper.UserMapper.select:] [fd92f77ef5664d99,b5b2230bb969206a,fd92f77ef5664d99] - ==>  Preparing: select * from user WHERE pwd = ? and name = ? 
2020-05-11 13:40:01.024  [http-nio-8083-exec-8] DEBUG [com.hzu.community.mapper.UserMapper.select:] [fd92f77ef5664d99,b5b2230bb969206a,fd92f77ef5664d99] - ==> Parameters: 123(String), 123(String)
2020-05-11 13:40:01.025  [http-nio-8083-exec-8] DEBUG [com.hzu.community.mapper.UserMapper.select:] [fd92f77ef5664d99,b5b2230bb969206a,fd92f77ef5664d99] - <==      Total: 1
2020-05-11 13:40:01.084  [http-nio-8083-exec-9] DEBUG [com.hzu.community.mapper.UserMapper.select:] [0578b5bf50214206,19f88e2004234561,0578b5bf50214206] - ==>  Preparing: select * from user WHERE name = ? 
2020-05-11 13:40:01.085  [http-nio-8083-exec-9] DEBUG [com.hzu.community.mapper.UserMapper.select:] [0578b5bf50214206,19f88e2004234561,0578b5bf50214206] - ==> Parameters: 123(String)
2020-05-11 13:40:01.086  [http-nio-8083-exec-9] DEBUG [com.hzu.community.mapper.UserMapper.select:] [0578b5bf50214206,19f88e2004234561,0578b5bf50214206] - <==      Total: 1
2020-05-11 13:40:01.093  [http-nio-8083-exec-10] DEBUG [com.hzu.community.mapper.NotificationMapper.countUnread:] [0578b5bf50214206,267a5be1f0ab91e0,0578b5bf50214206] - ==>  Preparing: select count(*) from notification where receiver = ? and status = ? 
2020-05-11 13:40:01.094  [http-nio-8083-exec-10] DEBUG [com.hzu.community.mapper.NotificationMapper.countUnread:] [0578b5bf50214206,267a5be1f0ab91e0,0578b5bf50214206] - ==> Parameters: 1(Integer), 0(Integer)
2020-05-11 13:40:01.094  [http-nio-8083-exec-10] DEBUG [com.hzu.community.mapper.NotificationMapper.countUnread:] [0578b5bf50214206,267a5be1f0ab91e0,0578b5bf50214206] - <==      Total: 1
2020-05-11 13:40:06.846  [http-nio-8083-exec-1] DEBUG [com.hzu.community.mapper.UserMapper.select:] [3a14ffc910a73689,4d5d79e7beeba680,3a14ffc910a73689] - ==>  Preparing: select * from user WHERE name = ? 
2020-05-11 13:40:06.847  [http-nio-8083-exec-1] DEBUG [com.hzu.community.mapper.UserMapper.select:] [3a14ffc910a73689,4d5d79e7beeba680,3a14ffc910a73689] - ==> Parameters: 123(String)
2020-05-11 13:40:06.848  [http-nio-8083-exec-1] DEBUG [com.hzu.community.mapper.UserMapper.select:] [3a14ffc910a73689,4d5d79e7beeba680,3a14ffc910a73689] - <==      Total: 1
2020-05-11 13:40:06.858  [http-nio-8083-exec-2] DEBUG [com.hzu.community.mapper.NotificationMapper.countUnread:] [3a14ffc910a73689,2875e14968cf4f69,3a14ffc910a73689] - ==>  Preparing: select count(*) from notification where receiver = ? and status = ? 
2020-05-11 13:40:06.859  [http-nio-8083-exec-2] DEBUG [com.hzu.community.mapper.NotificationMapper.countUnread:] [3a14ffc910a73689,2875e14968cf4f69,3a14ffc910a73689] - ==> Parameters: 1(Integer), 0(Integer)
2020-05-11 13:40:06.860  [http-nio-8083-exec-2] DEBUG [com.hzu.community.mapper.NotificationMapper.countUnread:] [3a14ffc910a73689,2875e14968cf4f69,3a14ffc910a73689] - <==      Total: 1
2020-05-11 13:40:10.357  [http-nio-8083-exec-3] DEBUG [com.hzu.community.mapper.UserMapper.select:] [7363f27be3c67f3c,a13a3439a6ead595,7363f27be3c67f3c] - ==>  Preparing: select * from user WHERE name = ? 
2020-05-11 13:40:10.358  [http-nio-8083-exec-3] DEBUG [com.hzu.community.mapper.UserMapper.select:] [7363f27be3c67f3c,a13a3439a6ead595,7363f27be3c67f3c] - ==> Parameters: 123(String)
2020-05-11 13:40:10.359  [http-nio-8083-exec-3] DEBUG [com.hzu.community.mapper.UserMapper.select:] [7363f27be3c67f3c,a13a3439a6ead595,7363f27be3c67f3c] - <==      Total: 1
2020-05-11 13:40:10.364  [http-nio-8083-exec-4] DEBUG [com.hzu.community.mapper.NotificationMapper.countUnread:] [7363f27be3c67f3c,8cd7d6871a25ed49,7363f27be3c67f3c] - ==>  Preparing: select count(*) from notification where receiver = ? and status = ? 
2020-05-11 13:40:10.365  [http-nio-8083-exec-4] DEBUG [com.hzu.community.mapper.NotificationMapper.countUnread:] [7363f27be3c67f3c,8cd7d6871a25ed49,7363f27be3c67f3c] - ==> Parameters: 1(Integer), 0(Integer)
2020-05-11 13:40:10.367  [http-nio-8083-exec-4] DEBUG [com.hzu.community.mapper.NotificationMapper.countUnread:] [7363f27be3c67f3c,8cd7d6871a25ed49,7363f27be3c67f3c] - <==      Total: 1
2020-05-11 13:40:10.373  [http-nio-8083-exec-5] DEBUG [com.hzu.community.mapper.UserMapper.select:] [7363f27be3c67f3c,d70d748d90461de5,7363f27be3c67f3c] - ==>  Preparing: select * from user WHERE pwd = ? and name = ? 
2020-05-11 13:40:10.374  [http-nio-8083-exec-5] DEBUG [com.hzu.community.mapper.UserMapper.select:] [7363f27be3c67f3c,d70d748d90461de5,7363f27be3c67f3c] - ==> Parameters: 123(String), 123(String)
2020-05-11 13:40:10.375  [http-nio-8083-exec-5] DEBUG [com.hzu.community.mapper.UserMapper.select:] [7363f27be3c67f3c,d70d748d90461de5,7363f27be3c67f3c] - <==      Total: 1
2020-05-11 13:40:10.395  [http-nio-8083-exec-6] DEBUG [com.hzu.community.mapper.UserMapper.select:] [330247195e0319cb,ceae6a9ae6a47091,330247195e0319cb] - ==>  Preparing: select * from user WHERE name = ? 
2020-05-11 13:40:10.395  [http-nio-8083-exec-6] DEBUG [com.hzu.community.mapper.UserMapper.select:] [330247195e0319cb,ceae6a9ae6a47091,330247195e0319cb] - ==> Parameters: 123(String)
2020-05-11 13:40:10.396  [http-nio-8083-exec-6] DEBUG [com.hzu.community.mapper.UserMapper.select:] [330247195e0319cb,ceae6a9ae6a47091,330247195e0319cb] - <==      Total: 1
2020-05-11 13:40:10.401  [http-nio-8083-exec-7] DEBUG [com.hzu.community.mapper.NotificationMapper.countUnread:] [330247195e0319cb,62b320d7967f8033,330247195e0319cb] - ==>  Preparing: select count(*) from notification where receiver = ? and status = ? 
2020-05-11 13:40:10.402  [http-nio-8083-exec-7] DEBUG [com.hzu.community.mapper.NotificationMapper.countUnread:] [330247195e0319cb,62b320d7967f8033,330247195e0319cb] - ==> Parameters: 1(Integer), 0(Integer)
2020-05-11 13:40:10.402  [http-nio-8083-exec-7] DEBUG [com.hzu.community.mapper.NotificationMapper.countUnread:] [330247195e0319cb,62b320d7967f8033,330247195e0319cb] - <==      Total: 1
2020-05-11 13:40:22.736  [http-nio-8083-exec-8] DEBUG [com.hzu.community.mapper.UserMapper.select:] [43d903a4175c1f85,c47b7ce10cd25e78,43d903a4175c1f85] - ==>  Preparing: select * from user WHERE name = ? 
2020-05-11 13:40:22.736  [http-nio-8083-exec-8] DEBUG [com.hzu.community.mapper.UserMapper.select:] [43d903a4175c1f85,c47b7ce10cd25e78,43d903a4175c1f85] - ==> Parameters: 123(String)
2020-05-11 13:40:22.737  [http-nio-8083-exec-8] DEBUG [com.hzu.community.mapper.UserMapper.select:] [43d903a4175c1f85,c47b7ce10cd25e78,43d903a4175c1f85] - <==      Total: 1
2020-05-11 13:40:22.742  [http-nio-8083-exec-9] DEBUG [com.hzu.community.mapper.NotificationMapper.countUnread:] [43d903a4175c1f85,c389483fdc34f30c,43d903a4175c1f85] - ==>  Preparing: select count(*) from notification where receiver = ? and status = ? 
2020-05-11 13:40:22.742  [http-nio-8083-exec-9] DEBUG [com.hzu.community.mapper.NotificationMapper.countUnread:] [43d903a4175c1f85,c389483fdc34f30c,43d903a4175c1f85] - ==> Parameters: 1(Integer), 0(Integer)
2020-05-11 13:40:22.743  [http-nio-8083-exec-9] DEBUG [com.hzu.community.mapper.NotificationMapper.countUnread:] [43d903a4175c1f85,c389483fdc34f30c,43d903a4175c1f85] - <==      Total: 1
2020-05-11 13:41:32.546  [http-nio-8083-exec-1] DEBUG [com.hzu.community.mapper.QuestionMapper.selectQuestion:] [2dd80389df92fad0,415ddb8ca340fe24,b26690e3c4b03af6] - ==>  Preparing: select * from question order by gmt_create desc limit ?,? 
2020-05-11 13:41:32.547  [http-nio-8083-exec-1] DEBUG [com.hzu.community.mapper.QuestionMapper.selectQuestion:] [2dd80389df92fad0,415ddb8ca340fe24,b26690e3c4b03af6] - ==> Parameters: 0(Integer), 4(Integer)
2020-05-11 13:41:32.549  [http-nio-8083-exec-1] DEBUG [com.hzu.community.mapper.QuestionMapper.selectQuestion:] [2dd80389df92fad0,415ddb8ca340fe24,b26690e3c4b03af6] - <==      Total: 4
2020-05-11 13:41:32.593  [http-nio-8083-exec-2] DEBUG [com.hzu.community.mapper.QuestionMapper.selectQuestion:] [2dd80389df92fad0,ba33dc0a49a9d60b,cf0d1b558093bf0d] - ==>  Preparing: select * from question order by gmt_create desc limit ?,? 
2020-05-11 13:41:32.593  [http-nio-8083-exec-2] DEBUG [com.hzu.community.mapper.QuestionMapper.selectQuestion:] [2dd80389df92fad0,ba33dc0a49a9d60b,cf0d1b558093bf0d] - ==> Parameters: 4(Integer), 4(Integer)
2020-05-11 13:41:32.595  [http-nio-8083-exec-2] DEBUG [com.hzu.community.mapper.QuestionMapper.selectQuestion:] [2dd80389df92fad0,ba33dc0a49a9d60b,cf0d1b558093bf0d] - <==      Total: 4
2020-05-11 13:41:32.605  [http-nio-8083-exec-3] DEBUG [com.hzu.community.mapper.QuestionMapper.selectQuestion:] [2dd80389df92fad0,84a1c1246bff35f9,dfaa990186714142] - ==>  Preparing: select * from question order by gmt_create desc limit ?,? 
2020-05-11 13:41:32.605  [http-nio-8083-exec-3] DEBUG [com.hzu.community.mapper.QuestionMapper.selectQuestion:] [2dd80389df92fad0,84a1c1246bff35f9,dfaa990186714142] - ==> Parameters: 8(Integer), 4(Integer)
2020-05-11 13:41:32.607  [http-nio-8083-exec-3] DEBUG [com.hzu.community.mapper.QuestionMapper.selectQuestion:] [2dd80389df92fad0,84a1c1246bff35f9,dfaa990186714142] - <==      Total: 2
2020-05-11 13:42:07.946  [http-nio-8083-exec-4] DEBUG [com.hzu.community.mapper.UserMapper.select:] [ec3b101aa8975ee8,a7de46174e043667,ec3b101aa8975ee8] - ==>  Preparing: select * from user WHERE name = ? 
2020-05-11 13:42:07.946  [http-nio-8083-exec-4] DEBUG [com.hzu.community.mapper.UserMapper.select:] [ec3b101aa8975ee8,a7de46174e043667,ec3b101aa8975ee8] - ==> Parameters: 123(String)
2020-05-11 13:42:07.949  [http-nio-8083-exec-4] DEBUG [com.hzu.community.mapper.UserMapper.select:] [ec3b101aa8975ee8,a7de46174e043667,ec3b101aa8975ee8] - <==      Total: 1
2020-05-11 13:42:07.974  [http-nio-8083-exec-5] DEBUG [com.hzu.community.mapper.NotificationMapper.countUnread:] [ec3b101aa8975ee8,0a74eed170f4de1b,ec3b101aa8975ee8] - ==>  Preparing: select count(*) from notification where receiver = ? and status = ? 
2020-05-11 13:42:07.975  [http-nio-8083-exec-5] DEBUG [com.hzu.community.mapper.NotificationMapper.countUnread:] [ec3b101aa8975ee8,0a74eed170f4de1b,ec3b101aa8975ee8] - ==> Parameters: 1(Integer), 0(Integer)
2020-05-11 13:42:07.976  [http-nio-8083-exec-5] DEBUG [com.hzu.community.mapper.NotificationMapper.countUnread:] [ec3b101aa8975ee8,0a74eed170f4de1b,ec3b101aa8975ee8] - <==      Total: 1
2020-05-11 13:42:08.744  [http-nio-8083-exec-6] DEBUG [com.hzu.community.mapper.UserMapper.select:] [d053318faeb380f1,b0d4a8ae30ec4885,d053318faeb380f1] - ==>  Preparing: select * from user WHERE name = ? 
2020-05-11 13:42:08.745  [http-nio-8083-exec-6] DEBUG [com.hzu.community.mapper.UserMapper.select:] [d053318faeb380f1,b0d4a8ae30ec4885,d053318faeb380f1] - ==> Parameters: 123(String)
2020-05-11 13:42:08.746  [http-nio-8083-exec-6] DEBUG [com.hzu.community.mapper.UserMapper.select:] [d053318faeb380f1,b0d4a8ae30ec4885,d053318faeb380f1] - <==      Total: 1
2020-05-11 13:42:08.746  [http-nio-8083-exec-7] DEBUG [com.hzu.community.mapper.UserMapper.select:] [73ce93d12fbd2047,f3fa717032110922,73ce93d12fbd2047] - ==>  Preparing: select * from user WHERE name = ? 
2020-05-11 13:42:08.747  [http-nio-8083-exec-7] DEBUG [com.hzu.community.mapper.UserMapper.select:] [73ce93d12fbd2047,f3fa717032110922,73ce93d12fbd2047] - ==> Parameters: 123(String)
2020-05-11 13:42:08.748  [http-nio-8083-exec-7] DEBUG [com.hzu.community.mapper.UserMapper.select:] [73ce93d12fbd2047,f3fa717032110922,73ce93d12fbd2047] - <==      Total: 1
2020-05-11 13:42:08.764  [http-nio-8083-exec-8] DEBUG [com.hzu.community.mapper.NotificationMapper.countUnread:] [d053318faeb380f1,cfe8414af6719b8b,d053318faeb380f1] - ==>  Preparing: select count(*) from notification where receiver = ? and status = ? 
2020-05-11 13:42:08.765  [http-nio-8083-exec-8] DEBUG [com.hzu.community.mapper.NotificationMapper.countUnread:] [d053318faeb380f1,cfe8414af6719b8b,d053318faeb380f1] - ==> Parameters: 1(Integer), 0(Integer)
2020-05-11 13:42:08.769  [http-nio-8083-exec-8] DEBUG [com.hzu.community.mapper.NotificationMapper.countUnread:] [d053318faeb380f1,cfe8414af6719b8b,d053318faeb380f1] - <==      Total: 1
2020-05-11 13:42:08.772  [http-nio-8083-exec-9] DEBUG [com.hzu.community.mapper.NotificationMapper.countUnread:] [73ce93d12fbd2047,56f74148142f080e,73ce93d12fbd2047] - ==>  Preparing: select count(*) from notification where receiver = ? and status = ? 
2020-05-11 13:42:08.772  [http-nio-8083-exec-9] DEBUG [com.hzu.community.mapper.NotificationMapper.countUnread:] [73ce93d12fbd2047,56f74148142f080e,73ce93d12fbd2047] - ==> Parameters: 1(Integer), 0(Integer)
2020-05-11 13:42:08.774  [http-nio-8083-exec-9] DEBUG [com.hzu.community.mapper.NotificationMapper.countUnread:] [73ce93d12fbd2047,56f74148142f080e,73ce93d12fbd2047] - <==      Total: 1
2020-05-11 13:42:12.304  [http-nio-8083-exec-10] DEBUG [com.hzu.community.mapper.UserMapper.select:] [027a5d490fd2ebf0,4b4c98b191b177f8,027a5d490fd2ebf0] - ==>  Preparing: select * from user WHERE name = ? 
2020-05-11 13:42:12.305  [http-nio-8083-exec-10] DEBUG [com.hzu.community.mapper.UserMapper.select:] [027a5d490fd2ebf0,4b4c98b191b177f8,027a5d490fd2ebf0] - ==> Parameters: 123(String)
2020-05-11 13:42:12.306  [http-nio-8083-exec-10] DEBUG [com.hzu.community.mapper.UserMapper.select:] [027a5d490fd2ebf0,4b4c98b191b177f8,027a5d490fd2ebf0] - <==      Total: 1
2020-05-11 13:42:12.311  [http-nio-8083-exec-1] DEBUG [com.hzu.community.mapper.NotificationMapper.countUnread:] [027a5d490fd2ebf0,71ff6a071c42a04f,027a5d490fd2ebf0] - ==>  Preparing: select count(*) from notification where receiver = ? and status = ? 
2020-05-11 13:42:12.311  [http-nio-8083-exec-1] DEBUG [com.hzu.community.mapper.NotificationMapper.countUnread:] [027a5d490fd2ebf0,71ff6a071c42a04f,027a5d490fd2ebf0] - ==> Parameters: 1(Integer), 0(Integer)
2020-05-11 13:42:12.312  [http-nio-8083-exec-1] DEBUG [com.hzu.community.mapper.NotificationMapper.countUnread:] [027a5d490fd2ebf0,71ff6a071c42a04f,027a5d490fd2ebf0] - <==      Total: 1
2020-05-11 13:42:12.334  [http-nio-8083-exec-2] DEBUG [com.hzu.community.mapper.UserMapper.select:] [027a5d490fd2ebf0,e1257fcd7b77263b,027a5d490fd2ebf0] - ==>  Preparing: select * from user WHERE pwd = ? and name = ? 
2020-05-11 13:42:12.335  [http-nio-8083-exec-2] DEBUG [com.hzu.community.mapper.UserMapper.select:] [027a5d490fd2ebf0,e1257fcd7b77263b,027a5d490fd2ebf0] - ==> Parameters: 123(String), 123(String)
2020-05-11 13:42:12.336  [http-nio-8083-exec-2] DEBUG [com.hzu.community.mapper.UserMapper.select:] [027a5d490fd2ebf0,e1257fcd7b77263b,027a5d490fd2ebf0] - <==      Total: 1
2020-05-11 13:42:12.366  [http-nio-8083-exec-3] DEBUG [com.hzu.community.mapper.UserMapper.select:] [1e251266f82fe3fe,5e9335e554d7bc72,1e251266f82fe3fe] - ==>  Preparing: select * from user WHERE name = ? 
2020-05-11 13:42:12.366  [http-nio-8083-exec-3] DEBUG [com.hzu.community.mapper.UserMapper.select:] [1e251266f82fe3fe,5e9335e554d7bc72,1e251266f82fe3fe] - ==> Parameters: 123(String)
2020-05-11 13:42:12.367  [http-nio-8083-exec-3] DEBUG [com.hzu.community.mapper.UserMapper.select:] [1e251266f82fe3fe,5e9335e554d7bc72,1e251266f82fe3fe] - <==      Total: 1
2020-05-11 13:42:12.373  [http-nio-8083-exec-4] DEBUG [com.hzu.community.mapper.NotificationMapper.countUnread:] [1e251266f82fe3fe,fbceb05eb5299a63,1e251266f82fe3fe] - ==>  Preparing: select count(*) from notification where receiver = ? and status = ? 
2020-05-11 13:42:12.373  [http-nio-8083-exec-4] DEBUG [com.hzu.community.mapper.NotificationMapper.countUnread:] [1e251266f82fe3fe,fbceb05eb5299a63,1e251266f82fe3fe] - ==> Parameters: 1(Integer), 0(Integer)
2020-05-11 13:42:12.374  [http-nio-8083-exec-4] DEBUG [com.hzu.community.mapper.NotificationMapper.countUnread:] [1e251266f82fe3fe,fbceb05eb5299a63,1e251266f82fe3fe] - <==      Total: 1
2020-05-11 13:43:20.104  [http-nio-8083-exec-7] DEBUG [com.hzu.community.mapper.QuestionMapper.selectQuestion:] [0ccdf64014157974,71727b9c58a6bede,8f87f636cb78fc2f] - ==>  Preparing: select * from question order by gmt_create desc limit ?,? 
2020-05-11 13:43:20.105  [http-nio-8083-exec-7] DEBUG [com.hzu.community.mapper.QuestionMapper.selectQuestion:] [0ccdf64014157974,71727b9c58a6bede,8f87f636cb78fc2f] - ==> Parameters: 0(Integer), 4(Integer)
2020-05-11 13:43:20.107  [http-nio-8083-exec-7] DEBUG [com.hzu.community.mapper.QuestionMapper.selectQuestion:] [0ccdf64014157974,71727b9c58a6bede,8f87f636cb78fc2f] - <==      Total: 4
2020-05-11 13:43:20.184  [http-nio-8083-exec-8] DEBUG [com.hzu.community.mapper.QuestionMapper.selectQuestion:] [0ccdf64014157974,7167062db646494b,05cab27570a3e541] - ==>  Preparing: select * from question order by gmt_create desc limit ?,? 
2020-05-11 13:43:20.185  [http-nio-8083-exec-8] DEBUG [com.hzu.community.mapper.QuestionMapper.selectQuestion:] [0ccdf64014157974,7167062db646494b,05cab27570a3e541] - ==> Parameters: 4(Integer), 4(Integer)
2020-05-11 13:43:20.186  [http-nio-8083-exec-8] DEBUG [com.hzu.community.mapper.QuestionMapper.selectQuestion:] [0ccdf64014157974,7167062db646494b,05cab27570a3e541] - <==      Total: 4
2020-05-11 13:43:20.198  [http-nio-8083-exec-9] DEBUG [com.hzu.community.mapper.QuestionMapper.selectQuestion:] [0ccdf64014157974,defea15735ebc59d,ec758734a54d5052] - ==>  Preparing: select * from question order by gmt_create desc limit ?,? 
2020-05-11 13:43:20.199  [http-nio-8083-exec-9] DEBUG [com.hzu.community.mapper.QuestionMapper.selectQuestion:] [0ccdf64014157974,defea15735ebc59d,ec758734a54d5052] - ==> Parameters: 8(Integer), 4(Integer)
2020-05-11 13:43:20.201  [http-nio-8083-exec-9] DEBUG [com.hzu.community.mapper.QuestionMapper.selectQuestion:] [0ccdf64014157974,defea15735ebc59d,ec758734a54d5052] - <==      Total: 2
2020-05-11 13:43:28.736  [http-nio-8083-exec-10] DEBUG [com.hzu.community.mapper.UserMapper.select:] [b1ef6a20f718a282,e164fb06a9492a6b,b1ef6a20f718a282] - ==>  Preparing: select * from user WHERE name = ? 
2020-05-11 13:43:28.736  [http-nio-8083-exec-10] DEBUG [com.hzu.community.mapper.UserMapper.select:] [b1ef6a20f718a282,e164fb06a9492a6b,b1ef6a20f718a282] - ==> Parameters: 123(String)
2020-05-11 13:43:28.737  [http-nio-8083-exec-10] DEBUG [com.hzu.community.mapper.UserMapper.select:] [b1ef6a20f718a282,e164fb06a9492a6b,b1ef6a20f718a282] - <==      Total: 1
2020-05-11 13:43:28.759  [http-nio-8083-exec-1] DEBUG [com.hzu.community.mapper.NotificationMapper.countUnread:] [b1ef6a20f718a282,905b6ef28571d5b3,b1ef6a20f718a282] - ==>  Preparing: select count(*) from notification where receiver = ? and status = ? 
2020-05-11 13:43:28.759  [http-nio-8083-exec-1] DEBUG [com.hzu.community.mapper.NotificationMapper.countUnread:] [b1ef6a20f718a282,905b6ef28571d5b3,b1ef6a20f718a282] - ==> Parameters: 1(Integer), 0(Integer)
2020-05-11 13:43:28.760  [http-nio-8083-exec-1] DEBUG [com.hzu.community.mapper.NotificationMapper.countUnread:] [b1ef6a20f718a282,905b6ef28571d5b3,b1ef6a20f718a282] - <==      Total: 1
2020-05-11 13:43:29.138  [http-nio-8083-exec-2] DEBUG [com.hzu.community.mapper.UserMapper.select:] [a3607bf1cae6ea32,1eba5006e6bd9452,a3607bf1cae6ea32] - ==>  Preparing: select * from user WHERE name = ? 
2020-05-11 13:43:29.138  [http-nio-8083-exec-2] DEBUG [com.hzu.community.mapper.UserMapper.select:] [a3607bf1cae6ea32,1eba5006e6bd9452,a3607bf1cae6ea32] - ==> Parameters: 123(String)
2020-05-11 13:43:29.140  [http-nio-8083-exec-2] DEBUG [com.hzu.community.mapper.UserMapper.select:] [a3607bf1cae6ea32,1eba5006e6bd9452,a3607bf1cae6ea32] - <==      Total: 1
2020-05-11 13:43:29.148  [http-nio-8083-exec-3] DEBUG [com.hzu.community.mapper.NotificationMapper.countUnread:] [a3607bf1cae6ea32,49050246fa2adc50,a3607bf1cae6ea32] - ==>  Preparing: select count(*) from notification where receiver = ? and status = ? 
2020-05-11 13:43:29.149  [http-nio-8083-exec-3] DEBUG [com.hzu.community.mapper.NotificationMapper.countUnread:] [a3607bf1cae6ea32,49050246fa2adc50,a3607bf1cae6ea32] - ==> Parameters: 1(Integer), 0(Integer)
2020-05-11 13:43:29.150  [http-nio-8083-exec-3] DEBUG [com.hzu.community.mapper.NotificationMapper.countUnread:] [a3607bf1cae6ea32,49050246fa2adc50,a3607bf1cae6ea32] - <==      Total: 1
2020-05-11 13:43:29.164  [http-nio-8083-exec-4] DEBUG [com.hzu.community.mapper.UserMapper.select:] [478e4332dac387c9,ae5b46a9959ff942,478e4332dac387c9] - ==>  Preparing: select * from user WHERE name = ? 
2020-05-11 13:43:29.164  [http-nio-8083-exec-4] DEBUG [com.hzu.community.mapper.UserMapper.select:] [478e4332dac387c9,ae5b46a9959ff942,478e4332dac387c9] - ==> Parameters: 123(String)
2020-05-11 13:43:29.166  [http-nio-8083-exec-4] DEBUG [com.hzu.community.mapper.UserMapper.select:] [478e4332dac387c9,ae5b46a9959ff942,478e4332dac387c9] - <==      Total: 1
2020-05-11 13:43:29.174  [http-nio-8083-exec-5] DEBUG [com.hzu.community.mapper.NotificationMapper.countUnread:] [478e4332dac387c9,2671d9b955b0d01c,478e4332dac387c9] - ==>  Preparing: select count(*) from notification where receiver = ? and status = ? 
2020-05-11 13:43:29.175  [http-nio-8083-exec-5] DEBUG [com.hzu.community.mapper.NotificationMapper.countUnread:] [478e4332dac387c9,2671d9b955b0d01c,478e4332dac387c9] - ==> Parameters: 1(Integer), 0(Integer)
2020-05-11 13:43:29.177  [http-nio-8083-exec-5] DEBUG [com.hzu.community.mapper.NotificationMapper.countUnread:] [478e4332dac387c9,2671d9b955b0d01c,478e4332dac387c9] - <==      Total: 1
2020-05-11 13:43:31.708  [http-nio-8083-exec-6] DEBUG [com.hzu.community.mapper.UserMapper.select:] [1f51f9201f012105,f439200d86186500,1f51f9201f012105] - ==>  Preparing: select * from user WHERE name = ? 
2020-05-11 13:43:31.708  [http-nio-8083-exec-6] DEBUG [com.hzu.community.mapper.UserMapper.select:] [1f51f9201f012105,f439200d86186500,1f51f9201f012105] - ==> Parameters: 123(String)
2020-05-11 13:43:31.709  [http-nio-8083-exec-6] DEBUG [com.hzu.community.mapper.UserMapper.select:] [1f51f9201f012105,f439200d86186500,1f51f9201f012105] - <==      Total: 1
2020-05-11 13:43:31.715  [http-nio-8083-exec-7] DEBUG [com.hzu.community.mapper.NotificationMapper.countUnread:] [1f51f9201f012105,cbc0b612a61d932a,1f51f9201f012105] - ==>  Preparing: select count(*) from notification where receiver = ? and status = ? 
2020-05-11 13:43:31.715  [http-nio-8083-exec-7] DEBUG [com.hzu.community.mapper.NotificationMapper.countUnread:] [1f51f9201f012105,cbc0b612a61d932a,1f51f9201f012105] - ==> Parameters: 1(Integer), 0(Integer)
2020-05-11 13:43:31.716  [http-nio-8083-exec-7] DEBUG [com.hzu.community.mapper.NotificationMapper.countUnread:] [1f51f9201f012105,cbc0b612a61d932a,1f51f9201f012105] - <==      Total: 1
2020-05-11 13:43:31.738  [http-nio-8083-exec-8] DEBUG [com.hzu.community.mapper.UserMapper.select:] [1f51f9201f012105,b32a2c6313bc9873,1f51f9201f012105] - ==>  Preparing: select * from user WHERE pwd = ? and name = ? 
2020-05-11 13:43:31.738  [http-nio-8083-exec-8] DEBUG [com.hzu.community.mapper.UserMapper.select:] [1f51f9201f012105,b32a2c6313bc9873,1f51f9201f012105] - ==> Parameters: 123(String), 123(String)
2020-05-11 13:43:31.739  [http-nio-8083-exec-8] DEBUG [com.hzu.community.mapper.UserMapper.select:] [1f51f9201f012105,b32a2c6313bc9873,1f51f9201f012105] - <==      Total: 1
2020-05-11 13:43:31.769  [http-nio-8083-exec-9] DEBUG [com.hzu.community.mapper.UserMapper.select:] [85b5de76a1a37ff8,5fcc35a4431367ee,85b5de76a1a37ff8] - ==>  Preparing: select * from user WHERE name = ? 
2020-05-11 13:43:31.770  [http-nio-8083-exec-9] DEBUG [com.hzu.community.mapper.UserMapper.select:] [85b5de76a1a37ff8,5fcc35a4431367ee,85b5de76a1a37ff8] - ==> Parameters: 123(String)
2020-05-11 13:43:31.771  [http-nio-8083-exec-9] DEBUG [com.hzu.community.mapper.UserMapper.select:] [85b5de76a1a37ff8,5fcc35a4431367ee,85b5de76a1a37ff8] - <==      Total: 1
2020-05-11 13:43:31.778  [http-nio-8083-exec-10] DEBUG [com.hzu.community.mapper.NotificationMapper.countUnread:] [85b5de76a1a37ff8,110fbac6f0e8bfda,85b5de76a1a37ff8] - ==>  Preparing: select count(*) from notification where receiver = ? and status = ? 
2020-05-11 13:43:31.778  [http-nio-8083-exec-10] DEBUG [com.hzu.community.mapper.NotificationMapper.countUnread:] [85b5de76a1a37ff8,110fbac6f0e8bfda,85b5de76a1a37ff8] - ==> Parameters: 1(Integer), 0(Integer)
2020-05-11 13:43:31.779  [http-nio-8083-exec-10] DEBUG [com.hzu.community.mapper.NotificationMapper.countUnread:] [85b5de76a1a37ff8,110fbac6f0e8bfda,85b5de76a1a37ff8] - <==      Total: 1
2020-05-11 13:44:51.940  [http-nio-8083-exec-3] DEBUG [com.hzu.community.mapper.QuestionMapper.selectQuestion:] [0fbb86da92d1f320,ce102c71636c979d,13937d50e26f75ac] - ==>  Preparing: select * from question order by gmt_create desc limit ?,? 
2020-05-11 13:44:51.940  [http-nio-8083-exec-3] DEBUG [com.hzu.community.mapper.QuestionMapper.selectQuestion:] [0fbb86da92d1f320,ce102c71636c979d,13937d50e26f75ac] - ==> Parameters: 0(Integer), 4(Integer)
2020-05-11 13:44:51.942  [http-nio-8083-exec-3] DEBUG [com.hzu.community.mapper.QuestionMapper.selectQuestion:] [0fbb86da92d1f320,ce102c71636c979d,13937d50e26f75ac] - <==      Total: 4
2020-05-11 13:44:51.986  [http-nio-8083-exec-4] DEBUG [com.hzu.community.mapper.QuestionMapper.selectQuestion:] [0fbb86da92d1f320,1f36630d7a4696ed,b172a4c1c9dada7b] - ==>  Preparing: select * from question order by gmt_create desc limit ?,? 
2020-05-11 13:44:51.987  [http-nio-8083-exec-4] DEBUG [com.hzu.community.mapper.QuestionMapper.selectQuestion:] [0fbb86da92d1f320,1f36630d7a4696ed,b172a4c1c9dada7b] - ==> Parameters: 4(Integer), 4(Integer)
2020-05-11 13:44:51.988  [http-nio-8083-exec-4] DEBUG [com.hzu.community.mapper.QuestionMapper.selectQuestion:] [0fbb86da92d1f320,1f36630d7a4696ed,b172a4c1c9dada7b] - <==      Total: 4
2020-05-11 13:44:51.998  [http-nio-8083-exec-5] DEBUG [com.hzu.community.mapper.QuestionMapper.selectQuestion:] [0fbb86da92d1f320,49d2a0b578c693d6,8db7e73d5843671c] - ==>  Preparing: select * from question order by gmt_create desc limit ?,? 
2020-05-11 13:44:51.998  [http-nio-8083-exec-5] DEBUG [com.hzu.community.mapper.QuestionMapper.selectQuestion:] [0fbb86da92d1f320,49d2a0b578c693d6,8db7e73d5843671c] - ==> Parameters: 8(Integer), 4(Integer)
2020-05-11 13:44:52.000  [http-nio-8083-exec-5] DEBUG [com.hzu.community.mapper.QuestionMapper.selectQuestion:] [0fbb86da92d1f320,49d2a0b578c693d6,8db7e73d5843671c] - <==      Total: 2
2020-05-11 13:45:17.648  [http-nio-8083-exec-6] DEBUG [com.hzu.community.mapper.UserMapper.select:] [e217911bf6ccfb17,ba4b18d0a850a069,e217911bf6ccfb17] - ==>  Preparing: select * from user WHERE name = ? 
2020-05-11 13:45:17.648  [http-nio-8083-exec-6] DEBUG [com.hzu.community.mapper.UserMapper.select:] [e217911bf6ccfb17,ba4b18d0a850a069,e217911bf6ccfb17] - ==> Parameters: 123(String)
2020-05-11 13:45:17.649  [http-nio-8083-exec-6] DEBUG [com.hzu.community.mapper.UserMapper.select:] [e217911bf6ccfb17,ba4b18d0a850a069,e217911bf6ccfb17] - <==      Total: 1
2020-05-11 13:45:17.678  [http-nio-8083-exec-7] DEBUG [com.hzu.community.mapper.NotificationMapper.countUnread:] [e217911bf6ccfb17,03adb2c9cd3965a8,e217911bf6ccfb17] - ==>  Preparing: select count(*) from notification where receiver = ? and status = ? 
2020-05-11 13:45:17.678  [http-nio-8083-exec-7] DEBUG [com.hzu.community.mapper.NotificationMapper.countUnread:] [e217911bf6ccfb17,03adb2c9cd3965a8,e217911bf6ccfb17] - ==> Parameters: 1(Integer), 0(Integer)
2020-05-11 13:45:17.679  [http-nio-8083-exec-7] DEBUG [com.hzu.community.mapper.NotificationMapper.countUnread:] [e217911bf6ccfb17,03adb2c9cd3965a8,e217911bf6ccfb17] - <==      Total: 1
2020-05-11 13:46:21.072  [http-nio-8083-exec-9] DEBUG [com.hzu.community.mapper.UserMapper.select:] [dfb963a26b7adae9,ccdfdbb32d4a08df,dfb963a26b7adae9] - ==>  Preparing: select * from user WHERE name = ? 
2020-05-11 13:46:21.073  [http-nio-8083-exec-9] DEBUG [com.hzu.community.mapper.UserMapper.select:] [dfb963a26b7adae9,ccdfdbb32d4a08df,dfb963a26b7adae9] - ==> Parameters: 123(String)
2020-05-11 13:46:21.074  [http-nio-8083-exec-9] DEBUG [com.hzu.community.mapper.UserMapper.select:] [dfb963a26b7adae9,ccdfdbb32d4a08df,dfb963a26b7adae9] - <==      Total: 1
2020-05-11 13:46:21.079  [http-nio-8083-exec-10] DEBUG [com.hzu.community.mapper.NotificationMapper.countUnread:] [dfb963a26b7adae9,70b3f265faf8b5dc,dfb963a26b7adae9] - ==>  Preparing: select count(*) from notification where receiver = ? and status = ? 
2020-05-11 13:46:21.080  [http-nio-8083-exec-10] DEBUG [com.hzu.community.mapper.NotificationMapper.countUnread:] [dfb963a26b7adae9,70b3f265faf8b5dc,dfb963a26b7adae9] - ==> Parameters: 1(Integer), 0(Integer)
2020-05-11 13:46:21.081  [http-nio-8083-exec-10] DEBUG [com.hzu.community.mapper.NotificationMapper.countUnread:] [dfb963a26b7adae9,70b3f265faf8b5dc,dfb963a26b7adae9] - <==      Total: 1
2020-05-11 13:46:21.173  [http-nio-8083-exec-1] DEBUG [com.hzu.community.mapper.UserMapper.select:] [421cd8bf3500c017,a878425bc330d92a,421cd8bf3500c017] - ==>  Preparing: select * from user WHERE name = ? 
2020-05-11 13:46:21.175  [http-nio-8083-exec-1] DEBUG [com.hzu.community.mapper.UserMapper.select:] [421cd8bf3500c017,a878425bc330d92a,421cd8bf3500c017] - ==> Parameters: 123(String)
2020-05-11 13:46:21.176  [http-nio-8083-exec-1] DEBUG [com.hzu.community.mapper.UserMapper.select:] [421cd8bf3500c017,a878425bc330d92a,421cd8bf3500c017] - <==      Total: 1
2020-05-11 13:46:21.184  [http-nio-8083-exec-2] DEBUG [com.hzu.community.mapper.NotificationMapper.countUnread:] [421cd8bf3500c017,821aea3c6d476bde,421cd8bf3500c017] - ==>  Preparing: select count(*) from notification where receiver = ? and status = ? 
2020-05-11 13:46:21.185  [http-nio-8083-exec-2] DEBUG [com.hzu.community.mapper.NotificationMapper.countUnread:] [421cd8bf3500c017,821aea3c6d476bde,421cd8bf3500c017] - ==> Parameters: 1(Integer), 0(Integer)
2020-05-11 13:46:21.187  [http-nio-8083-exec-2] DEBUG [com.hzu.community.mapper.NotificationMapper.countUnread:] [421cd8bf3500c017,821aea3c6d476bde,421cd8bf3500c017] - <==      Total: 1
2020-05-11 13:46:21.204  [http-nio-8083-exec-3] DEBUG [com.hzu.community.mapper.UserMapper.select:] [3db79f372744006a,85572de0dcea5cc3,3db79f372744006a] - ==>  Preparing: select * from user WHERE name = ? 
2020-05-11 13:46:21.204  [http-nio-8083-exec-3] DEBUG [com.hzu.community.mapper.UserMapper.select:] [3db79f372744006a,85572de0dcea5cc3,3db79f372744006a] - ==> Parameters: 123(String)
2020-05-11 13:46:21.206  [http-nio-8083-exec-3] DEBUG [com.hzu.community.mapper.UserMapper.select:] [3db79f372744006a,85572de0dcea5cc3,3db79f372744006a] - <==      Total: 1
2020-05-11 13:46:21.213  [http-nio-8083-exec-4] DEBUG [com.hzu.community.mapper.NotificationMapper.countUnread:] [3db79f372744006a,aa2bd57fe39d6cb8,3db79f372744006a] - ==>  Preparing: select count(*) from notification where receiver = ? and status = ? 
2020-05-11 13:46:21.214  [http-nio-8083-exec-4] DEBUG [com.hzu.community.mapper.NotificationMapper.countUnread:] [3db79f372744006a,aa2bd57fe39d6cb8,3db79f372744006a] - ==> Parameters: 1(Integer), 0(Integer)
2020-05-11 13:46:21.215  [http-nio-8083-exec-4] DEBUG [com.hzu.community.mapper.NotificationMapper.countUnread:] [3db79f372744006a,aa2bd57fe39d6cb8,3db79f372744006a] - <==      Total: 1
2020-05-11 13:46:23.790  [http-nio-8083-exec-5] DEBUG [com.hzu.community.mapper.UserMapper.select:] [e653594609f69b84,e18b3d4ae548a29d,e653594609f69b84] - ==>  Preparing: select * from user WHERE name = ? 
2020-05-11 13:46:23.791  [http-nio-8083-exec-5] DEBUG [com.hzu.community.mapper.UserMapper.select:] [e653594609f69b84,e18b3d4ae548a29d,e653594609f69b84] - ==> Parameters: 123(String)
2020-05-11 13:46:23.792  [http-nio-8083-exec-5] DEBUG [com.hzu.community.mapper.UserMapper.select:] [e653594609f69b84,e18b3d4ae548a29d,e653594609f69b84] - <==      Total: 1
2020-05-11 13:46:23.801  [http-nio-8083-exec-6] DEBUG [com.hzu.community.mapper.NotificationMapper.countUnread:] [e653594609f69b84,665be30728a50b18,e653594609f69b84] - ==>  Preparing: select count(*) from notification where receiver = ? and status = ? 
2020-05-11 13:46:23.802  [http-nio-8083-exec-6] DEBUG [com.hzu.community.mapper.NotificationMapper.countUnread:] [e653594609f69b84,665be30728a50b18,e653594609f69b84] - ==> Parameters: 1(Integer), 0(Integer)
2020-05-11 13:46:23.803  [http-nio-8083-exec-6] DEBUG [com.hzu.community.mapper.NotificationMapper.countUnread:] [e653594609f69b84,665be30728a50b18,e653594609f69b84] - <==      Total: 1
2020-05-11 13:46:23.835  [http-nio-8083-exec-7] DEBUG [com.hzu.community.mapper.UserMapper.select:] [e653594609f69b84,d3eac172fcf4fd14,e653594609f69b84] - ==>  Preparing: select * from user WHERE pwd = ? and name = ? 
2020-05-11 13:46:23.835  [http-nio-8083-exec-7] DEBUG [com.hzu.community.mapper.UserMapper.select:] [e653594609f69b84,d3eac172fcf4fd14,e653594609f69b84] - ==> Parameters: 123(String), 123(String)
2020-05-11 13:46:23.837  [http-nio-8083-exec-7] DEBUG [com.hzu.community.mapper.UserMapper.select:] [e653594609f69b84,d3eac172fcf4fd14,e653594609f69b84] - <==      Total: 1
2020-05-11 13:46:23.865  [http-nio-8083-exec-8] DEBUG [com.hzu.community.mapper.UserMapper.select:] [870519122e48c806,7d87370b2100a87f,870519122e48c806] - ==>  Preparing: select * from user WHERE name = ? 
2020-05-11 13:46:23.865  [http-nio-8083-exec-8] DEBUG [com.hzu.community.mapper.UserMapper.select:] [870519122e48c806,7d87370b2100a87f,870519122e48c806] - ==> Parameters: 123(String)
2020-05-11 13:46:23.867  [http-nio-8083-exec-8] DEBUG [com.hzu.community.mapper.UserMapper.select:] [870519122e48c806,7d87370b2100a87f,870519122e48c806] - <==      Total: 1
2020-05-11 13:46:23.872  [http-nio-8083-exec-9] DEBUG [com.hzu.community.mapper.NotificationMapper.countUnread:] [870519122e48c806,df05baf5e37b9dbb,870519122e48c806] - ==>  Preparing: select count(*) from notification where receiver = ? and status = ? 
2020-05-11 13:46:23.872  [http-nio-8083-exec-9] DEBUG [com.hzu.community.mapper.NotificationMapper.countUnread:] [870519122e48c806,df05baf5e37b9dbb,870519122e48c806] - ==> Parameters: 1(Integer), 0(Integer)
2020-05-11 13:46:23.873  [http-nio-8083-exec-9] DEBUG [com.hzu.community.mapper.NotificationMapper.countUnread:] [870519122e48c806,df05baf5e37b9dbb,870519122e48c806] - <==      Total: 1
2020-05-11 13:48:33.368  [http-nio-8083-exec-1] DEBUG [com.hzu.community.mapper.QuestionMapper.selectQuestion:] [27cb426be74ced66,d2d44d21664c6a6f,99f2bcd4552485a4] - ==>  Preparing: select * from question order by gmt_create desc limit ?,? 
2020-05-11 13:48:33.369  [http-nio-8083-exec-1] DEBUG [com.hzu.community.mapper.QuestionMapper.selectQuestion:] [27cb426be74ced66,d2d44d21664c6a6f,99f2bcd4552485a4] - ==> Parameters: 0(Integer), 4(Integer)
2020-05-11 13:48:33.370  [http-nio-8083-exec-1] DEBUG [com.hzu.community.mapper.QuestionMapper.selectQuestion:] [27cb426be74ced66,d2d44d21664c6a6f,99f2bcd4552485a4] - <==      Total: 4
2020-05-11 13:48:33.414  [http-nio-8083-exec-2] DEBUG [com.hzu.community.mapper.QuestionMapper.selectQuestion:] [27cb426be74ced66,0425ce99c32c5ae6,45384268402b12ee] - ==>  Preparing: select * from question order by gmt_create desc limit ?,? 
2020-05-11 13:48:33.414  [http-nio-8083-exec-2] DEBUG [com.hzu.community.mapper.QuestionMapper.selectQuestion:] [27cb426be74ced66,0425ce99c32c5ae6,45384268402b12ee] - ==> Parameters: 4(Integer), 4(Integer)
2020-05-11 13:48:33.416  [http-nio-8083-exec-2] DEBUG [com.hzu.community.mapper.QuestionMapper.selectQuestion:] [27cb426be74ced66,0425ce99c32c5ae6,45384268402b12ee] - <==      Total: 4
2020-05-11 13:48:33.425  [http-nio-8083-exec-3] DEBUG [com.hzu.community.mapper.QuestionMapper.selectQuestion:] [27cb426be74ced66,06f0a215bdf34c3a,e89844e054c4c1a1] - ==>  Preparing: select * from question order by gmt_create desc limit ?,? 
2020-05-11 13:48:33.425  [http-nio-8083-exec-3] DEBUG [com.hzu.community.mapper.QuestionMapper.selectQuestion:] [27cb426be74ced66,06f0a215bdf34c3a,e89844e054c4c1a1] - ==> Parameters: 8(Integer), 4(Integer)
2020-05-11 13:48:33.427  [http-nio-8083-exec-3] DEBUG [com.hzu.community.mapper.QuestionMapper.selectQuestion:] [27cb426be74ced66,06f0a215bdf34c3a,e89844e054c4c1a1] - <==      Total: 2
2020-05-11 13:48:56.673  [http-nio-8083-exec-4] DEBUG [com.hzu.community.mapper.UserMapper.select:] [169e0c905e2d5093,4ad144fb77669ab2,169e0c905e2d5093] - ==>  Preparing: select * from user WHERE name = ? 
2020-05-11 13:48:56.674  [http-nio-8083-exec-4] DEBUG [com.hzu.community.mapper.UserMapper.select:] [169e0c905e2d5093,4ad144fb77669ab2,169e0c905e2d5093] - ==> Parameters: 123(String)
2020-05-11 13:48:56.676  [http-nio-8083-exec-4] DEBUG [com.hzu.community.mapper.UserMapper.select:] [169e0c905e2d5093,4ad144fb77669ab2,169e0c905e2d5093] - <==      Total: 1
2020-05-11 13:48:56.695  [http-nio-8083-exec-5] DEBUG [com.hzu.community.mapper.NotificationMapper.countUnread:] [169e0c905e2d5093,e2c1b52c89bc1901,169e0c905e2d5093] - ==>  Preparing: select count(*) from notification where receiver = ? and status = ? 
2020-05-11 13:48:56.695  [http-nio-8083-exec-5] DEBUG [com.hzu.community.mapper.NotificationMapper.countUnread:] [169e0c905e2d5093,e2c1b52c89bc1901,169e0c905e2d5093] - ==> Parameters: 1(Integer), 0(Integer)
2020-05-11 13:48:56.696  [http-nio-8083-exec-5] DEBUG [com.hzu.community.mapper.NotificationMapper.countUnread:] [169e0c905e2d5093,e2c1b52c89bc1901,169e0c905e2d5093] - <==      Total: 1
2020-05-11 13:48:57.371  [http-nio-8083-exec-6] DEBUG [com.hzu.community.mapper.UserMapper.select:] [f9e14f37bf59d913,93790d694eab446e,f9e14f37bf59d913] - ==>  Preparing: select * from user WHERE name = ? 
2020-05-11 13:48:57.372  [http-nio-8083-exec-6] DEBUG [com.hzu.community.mapper.UserMapper.select:] [f9e14f37bf59d913,93790d694eab446e,f9e14f37bf59d913] - ==> Parameters: 123(String)
2020-05-11 13:48:57.373  [http-nio-8083-exec-6] DEBUG [com.hzu.community.mapper.UserMapper.select:] [f9e14f37bf59d913,93790d694eab446e,f9e14f37bf59d913] - <==      Total: 1
2020-05-11 13:48:57.382  [http-nio-8083-exec-7] DEBUG [com.hzu.community.mapper.NotificationMapper.countUnread:] [f9e14f37bf59d913,bfe8eb4d4880c614,f9e14f37bf59d913] - ==>  Preparing: select count(*) from notification where receiver = ? and status = ? 
2020-05-11 13:48:57.382  [http-nio-8083-exec-7] DEBUG [com.hzu.community.mapper.NotificationMapper.countUnread:] [f9e14f37bf59d913,bfe8eb4d4880c614,f9e14f37bf59d913] - ==> Parameters: 1(Integer), 0(Integer)
2020-05-11 13:48:57.383  [http-nio-8083-exec-7] DEBUG [com.hzu.community.mapper.NotificationMapper.countUnread:] [f9e14f37bf59d913,bfe8eb4d4880c614,f9e14f37bf59d913] - <==      Total: 1
2020-05-11 13:48:57.489  [http-nio-8083-exec-8] DEBUG [com.hzu.community.mapper.UserMapper.select:] [4a30d5deedcbe80c,e28e3332a521f10c,4a30d5deedcbe80c] - ==>  Preparing: select * from user WHERE name = ? 
2020-05-11 13:48:57.489  [http-nio-8083-exec-8] DEBUG [com.hzu.community.mapper.UserMapper.select:] [4a30d5deedcbe80c,e28e3332a521f10c,4a30d5deedcbe80c] - ==> Parameters: 123(String)
2020-05-11 13:48:57.490  [http-nio-8083-exec-8] DEBUG [com.hzu.community.mapper.UserMapper.select:] [4a30d5deedcbe80c,e28e3332a521f10c,4a30d5deedcbe80c] - <==      Total: 1
2020-05-11 13:48:57.499  [http-nio-8083-exec-9] DEBUG [com.hzu.community.mapper.NotificationMapper.countUnread:] [4a30d5deedcbe80c,e10a5cb854ee2f0f,4a30d5deedcbe80c] - ==>  Preparing: select count(*) from notification where receiver = ? and status = ? 
2020-05-11 13:48:57.500  [http-nio-8083-exec-9] DEBUG [com.hzu.community.mapper.NotificationMapper.countUnread:] [4a30d5deedcbe80c,e10a5cb854ee2f0f,4a30d5deedcbe80c] - ==> Parameters: 1(Integer), 0(Integer)
2020-05-11 13:48:57.501  [http-nio-8083-exec-9] DEBUG [com.hzu.community.mapper.NotificationMapper.countUnread:] [4a30d5deedcbe80c,e10a5cb854ee2f0f,4a30d5deedcbe80c] - <==      Total: 1
2020-05-11 13:48:57.704  [http-nio-8083-exec-10] DEBUG [com.hzu.community.mapper.UserMapper.select:] [d6a22f77f5d774e9,0d44739782a52455,d6a22f77f5d774e9] - ==>  Preparing: select * from user WHERE name = ? 
2020-05-11 13:48:57.705  [http-nio-8083-exec-10] DEBUG [com.hzu.community.mapper.UserMapper.select:] [d6a22f77f5d774e9,0d44739782a52455,d6a22f77f5d774e9] - ==> Parameters: 123(String)
2020-05-11 13:48:57.706  [http-nio-8083-exec-10] DEBUG [com.hzu.community.mapper.UserMapper.select:] [d6a22f77f5d774e9,0d44739782a52455,d6a22f77f5d774e9] - <==      Total: 1
2020-05-11 13:48:57.712  [http-nio-8083-exec-1] DEBUG [com.hzu.community.mapper.NotificationMapper.countUnread:] [d6a22f77f5d774e9,e1965e927dd56b71,d6a22f77f5d774e9] - ==>  Preparing: select count(*) from notification where receiver = ? and status = ? 
2020-05-11 13:48:57.712  [http-nio-8083-exec-1] DEBUG [com.hzu.community.mapper.NotificationMapper.countUnread:] [d6a22f77f5d774e9,e1965e927dd56b71,d6a22f77f5d774e9] - ==> Parameters: 1(Integer), 0(Integer)
2020-05-11 13:48:57.713  [http-nio-8083-exec-1] DEBUG [com.hzu.community.mapper.NotificationMapper.countUnread:] [d6a22f77f5d774e9,e1965e927dd56b71,d6a22f77f5d774e9] - <==      Total: 1
2020-05-11 13:49:49.540  [http-nio-8083-exec-2] DEBUG [com.hzu.community.mapper.UserMapper.select:] [900dc9137150b96b,b1054561c9a3a949,900dc9137150b96b] - ==>  Preparing: select * from user WHERE name = ? 
2020-05-11 13:49:49.540  [http-nio-8083-exec-2] DEBUG [com.hzu.community.mapper.UserMapper.select:] [900dc9137150b96b,b1054561c9a3a949,900dc9137150b96b] - ==> Parameters: 123(String)
2020-05-11 13:49:49.542  [http-nio-8083-exec-2] DEBUG [com.hzu.community.mapper.UserMapper.select:] [900dc9137150b96b,b1054561c9a3a949,900dc9137150b96b] - <==      Total: 1
2020-05-11 13:49:49.548  [http-nio-8083-exec-3] DEBUG [com.hzu.community.mapper.NotificationMapper.countUnread:] [900dc9137150b96b,836b0dc8d6fb40da,900dc9137150b96b] - ==>  Preparing: select count(*) from notification where receiver = ? and status = ? 
2020-05-11 13:49:49.548  [http-nio-8083-exec-3] DEBUG [com.hzu.community.mapper.NotificationMapper.countUnread:] [900dc9137150b96b,836b0dc8d6fb40da,900dc9137150b96b] - ==> Parameters: 1(Integer), 0(Integer)
2020-05-11 13:49:49.549  [http-nio-8083-exec-3] DEBUG [com.hzu.community.mapper.NotificationMapper.countUnread:] [900dc9137150b96b,836b0dc8d6fb40da,900dc9137150b96b] - <==      Total: 1
2020-05-11 13:49:51.413  [http-nio-8083-exec-4] DEBUG [com.hzu.community.mapper.UserMapper.select:] [2ab7c246f6323142,35a9d9a8fc1aa31e,2ab7c246f6323142] - ==>  Preparing: select * from user WHERE name = ? 
2020-05-11 13:49:51.415  [http-nio-8083-exec-4] DEBUG [com.hzu.community.mapper.UserMapper.select:] [2ab7c246f6323142,35a9d9a8fc1aa31e,2ab7c246f6323142] - ==> Parameters: 123(String)
2020-05-11 13:49:51.416  [http-nio-8083-exec-4] DEBUG [com.hzu.community.mapper.UserMapper.select:] [2ab7c246f6323142,35a9d9a8fc1aa31e,2ab7c246f6323142] - <==      Total: 1
2020-05-11 13:49:51.422  [http-nio-8083-exec-5] DEBUG [com.hzu.community.mapper.NotificationMapper.countUnread:] [2ab7c246f6323142,d33b64d1ea2bf974,2ab7c246f6323142] - ==>  Preparing: select count(*) from notification where receiver = ? and status = ? 
2020-05-11 13:49:51.422  [http-nio-8083-exec-5] DEBUG [com.hzu.community.mapper.NotificationMapper.countUnread:] [2ab7c246f6323142,d33b64d1ea2bf974,2ab7c246f6323142] - ==> Parameters: 1(Integer), 0(Integer)
2020-05-11 13:49:51.422  [http-nio-8083-exec-5] DEBUG [com.hzu.community.mapper.NotificationMapper.countUnread:] [2ab7c246f6323142,d33b64d1ea2bf974,2ab7c246f6323142] - <==      Total: 1
2020-05-11 13:55:18.642  [http-nio-8083-exec-7] DEBUG [com.hzu.community.mapper.UserMapper.select:] [d1bdf78e0ca37d64,04cae2afc3dc9552,d1bdf78e0ca37d64] - ==>  Preparing: select * from user WHERE name = ? 
2020-05-11 13:55:18.642  [http-nio-8083-exec-7] DEBUG [com.hzu.community.mapper.UserMapper.select:] [d1bdf78e0ca37d64,04cae2afc3dc9552,d1bdf78e0ca37d64] - ==> Parameters: 123(String)
2020-05-11 13:55:18.643  [http-nio-8083-exec-7] DEBUG [com.hzu.community.mapper.UserMapper.select:] [d1bdf78e0ca37d64,04cae2afc3dc9552,d1bdf78e0ca37d64] - <==      Total: 1
2020-05-11 13:55:18.650  [http-nio-8083-exec-8] DEBUG [com.hzu.community.mapper.NotificationMapper.countUnread:] [d1bdf78e0ca37d64,fa46404c37f8d922,d1bdf78e0ca37d64] - ==>  Preparing: select count(*) from notification where receiver = ? and status = ? 
2020-05-11 13:55:18.650  [http-nio-8083-exec-8] DEBUG [com.hzu.community.mapper.NotificationMapper.countUnread:] [d1bdf78e0ca37d64,fa46404c37f8d922,d1bdf78e0ca37d64] - ==> Parameters: 1(Integer), 0(Integer)
2020-05-11 13:55:18.651  [http-nio-8083-exec-8] DEBUG [com.hzu.community.mapper.NotificationMapper.countUnread:] [d1bdf78e0ca37d64,fa46404c37f8d922,d1bdf78e0ca37d64] - <==      Total: 1
2020-05-11 13:55:18.894  [http-nio-8083-exec-9] DEBUG [com.hzu.community.mapper.UserMapper.select:] [0e11504965b07785,e0c299929f7dff9d,0e11504965b07785] - ==>  Preparing: select * from user WHERE name = ? 
2020-05-11 13:55:18.894  [http-nio-8083-exec-9] DEBUG [com.hzu.community.mapper.UserMapper.select:] [0e11504965b07785,e0c299929f7dff9d,0e11504965b07785] - ==> Parameters: 123(String)
2020-05-11 13:55:18.895  [http-nio-8083-exec-9] DEBUG [com.hzu.community.mapper.UserMapper.select:] [0e11504965b07785,e0c299929f7dff9d,0e11504965b07785] - <==      Total: 1
2020-05-11 13:55:18.901  [http-nio-8083-exec-10] DEBUG [com.hzu.community.mapper.NotificationMapper.countUnread:] [0e11504965b07785,4ae13ad86aeb3ca2,0e11504965b07785] - ==>  Preparing: select count(*) from notification where receiver = ? and status = ? 
2020-05-11 13:55:18.902  [http-nio-8083-exec-10] DEBUG [com.hzu.community.mapper.NotificationMapper.countUnread:] [0e11504965b07785,4ae13ad86aeb3ca2,0e11504965b07785] - ==> Parameters: 1(Integer), 0(Integer)
2020-05-11 13:55:18.902  [http-nio-8083-exec-10] DEBUG [com.hzu.community.mapper.NotificationMapper.countUnread:] [0e11504965b07785,4ae13ad86aeb3ca2,0e11504965b07785] - <==      Total: 1
2020-05-11 13:58:14.789  [http-nio-8083-exec-2] DEBUG [com.hzu.community.mapper.UserMapper.select:] [87d7b45f85242fb5,ad624b688f64c998,87d7b45f85242fb5] - ==>  Preparing: select * from user WHERE name = ? 
2020-05-11 13:58:14.790  [http-nio-8083-exec-2] DEBUG [com.hzu.community.mapper.UserMapper.select:] [87d7b45f85242fb5,ad624b688f64c998,87d7b45f85242fb5] - ==> Parameters: 123(String)
2020-05-11 13:58:14.791  [http-nio-8083-exec-2] DEBUG [com.hzu.community.mapper.UserMapper.select:] [87d7b45f85242fb5,ad624b688f64c998,87d7b45f85242fb5] - <==      Total: 1
2020-05-11 13:58:14.799  [http-nio-8083-exec-3] DEBUG [com.hzu.community.mapper.NotificationMapper.countUnread:] [87d7b45f85242fb5,fc1da70cf9b9afc6,87d7b45f85242fb5] - ==>  Preparing: select count(*) from notification where receiver = ? and status = ? 
2020-05-11 13:58:14.799  [http-nio-8083-exec-3] DEBUG [com.hzu.community.mapper.NotificationMapper.countUnread:] [87d7b45f85242fb5,fc1da70cf9b9afc6,87d7b45f85242fb5] - ==> Parameters: 1(Integer), 0(Integer)
2020-05-11 13:58:14.800  [http-nio-8083-exec-3] DEBUG [com.hzu.community.mapper.NotificationMapper.countUnread:] [87d7b45f85242fb5,fc1da70cf9b9afc6,87d7b45f85242fb5] - <==      Total: 1
2020-05-11 13:58:15.058  [http-nio-8083-exec-4] DEBUG [com.hzu.community.mapper.UserMapper.select:] [9d236f9d0a0bfc44,3ff45e94c91fb2d4,9d236f9d0a0bfc44] - ==>  Preparing: select * from user WHERE name = ? 
2020-05-11 13:58:15.059  [http-nio-8083-exec-4] DEBUG [com.hzu.community.mapper.UserMapper.select:] [9d236f9d0a0bfc44,3ff45e94c91fb2d4,9d236f9d0a0bfc44] - ==> Parameters: 123(String)
2020-05-11 13:58:15.061  [http-nio-8083-exec-4] DEBUG [com.hzu.community.mapper.UserMapper.select:] [9d236f9d0a0bfc44,3ff45e94c91fb2d4,9d236f9d0a0bfc44] - <==      Total: 1
2020-05-11 13:58:15.067  [http-nio-8083-exec-5] DEBUG [com.hzu.community.mapper.NotificationMapper.countUnread:] [9d236f9d0a0bfc44,96ee8280773ffef1,9d236f9d0a0bfc44] - ==>  Preparing: select count(*) from notification where receiver = ? and status = ? 
2020-05-11 13:58:15.068  [http-nio-8083-exec-5] DEBUG [com.hzu.community.mapper.NotificationMapper.countUnread:] [9d236f9d0a0bfc44,96ee8280773ffef1,9d236f9d0a0bfc44] - ==> Parameters: 1(Integer), 0(Integer)
2020-05-11 13:58:15.069  [http-nio-8083-exec-5] DEBUG [com.hzu.community.mapper.NotificationMapper.countUnread:] [9d236f9d0a0bfc44,96ee8280773ffef1,9d236f9d0a0bfc44] - <==      Total: 1
2020-05-11 13:58:17.422  [http-nio-8083-exec-6] DEBUG [com.hzu.community.mapper.UserMapper.select:] [abc7c69764c8697b,74ef8dcbbd8c4503,abc7c69764c8697b] - ==>  Preparing: select * from user WHERE name = ? 
2020-05-11 13:58:17.423  [http-nio-8083-exec-6] DEBUG [com.hzu.community.mapper.UserMapper.select:] [abc7c69764c8697b,74ef8dcbbd8c4503,abc7c69764c8697b] - ==> Parameters: 123(String)
2020-05-11 13:58:17.424  [http-nio-8083-exec-6] DEBUG [com.hzu.community.mapper.UserMapper.select:] [abc7c69764c8697b,74ef8dcbbd8c4503,abc7c69764c8697b] - <==      Total: 1
2020-05-11 13:58:17.431  [http-nio-8083-exec-7] DEBUG [com.hzu.community.mapper.NotificationMapper.countUnread:] [abc7c69764c8697b,05ba09a4655eb89d,abc7c69764c8697b] - ==>  Preparing: select count(*) from notification where receiver = ? and status = ? 
2020-05-11 13:58:17.431  [http-nio-8083-exec-7] DEBUG [com.hzu.community.mapper.NotificationMapper.countUnread:] [abc7c69764c8697b,05ba09a4655eb89d,abc7c69764c8697b] - ==> Parameters: 1(Integer), 0(Integer)
2020-05-11 13:58:17.432  [http-nio-8083-exec-7] DEBUG [com.hzu.community.mapper.NotificationMapper.countUnread:] [abc7c69764c8697b,05ba09a4655eb89d,abc7c69764c8697b] - <==      Total: 1
2020-05-11 13:58:17.599  [http-nio-8083-exec-8] DEBUG [com.hzu.community.mapper.UserMapper.select:] [e699a09facb44c4b,b9cd15e68bda8746,e699a09facb44c4b] - ==>  Preparing: select * from user WHERE name = ? 
2020-05-11 13:58:17.599  [http-nio-8083-exec-8] DEBUG [com.hzu.community.mapper.UserMapper.select:] [e699a09facb44c4b,b9cd15e68bda8746,e699a09facb44c4b] - ==> Parameters: 123(String)
2020-05-11 13:58:17.600  [http-nio-8083-exec-8] DEBUG [com.hzu.community.mapper.UserMapper.select:] [e699a09facb44c4b,b9cd15e68bda8746,e699a09facb44c4b] - <==      Total: 1
2020-05-11 13:58:17.606  [http-nio-8083-exec-9] DEBUG [com.hzu.community.mapper.NotificationMapper.countUnread:] [e699a09facb44c4b,30730092d86929df,e699a09facb44c4b] - ==>  Preparing: select count(*) from notification where receiver = ? and status = ? 
2020-05-11 13:58:17.606  [http-nio-8083-exec-9] DEBUG [com.hzu.community.mapper.NotificationMapper.countUnread:] [e699a09facb44c4b,30730092d86929df,e699a09facb44c4b] - ==> Parameters: 1(Integer), 0(Integer)
2020-05-11 13:58:17.607  [http-nio-8083-exec-9] DEBUG [com.hzu.community.mapper.NotificationMapper.countUnread:] [e699a09facb44c4b,30730092d86929df,e699a09facb44c4b] - <==      Total: 1
2020-05-11 13:58:21.419  [http-nio-8083-exec-10] DEBUG [com.hzu.community.mapper.UserMapper.select:] [cc6bea053b290c5a,2d21183dc08f68a9,cc6bea053b290c5a] - ==>  Preparing: select * from user WHERE name = ? 
2020-05-11 13:58:21.419  [http-nio-8083-exec-10] DEBUG [com.hzu.community.mapper.UserMapper.select:] [cc6bea053b290c5a,2d21183dc08f68a9,cc6bea053b290c5a] - ==> Parameters: 123(String)
2020-05-11 13:58:21.420  [http-nio-8083-exec-10] DEBUG [com.hzu.community.mapper.UserMapper.select:] [cc6bea053b290c5a,2d21183dc08f68a9,cc6bea053b290c5a] - <==      Total: 1
2020-05-11 13:58:21.426  [http-nio-8083-exec-1] DEBUG [com.hzu.community.mapper.NotificationMapper.countUnread:] [cc6bea053b290c5a,79b351e02e678f57,cc6bea053b290c5a] - ==>  Preparing: select count(*) from notification where receiver = ? and status = ? 
2020-05-11 13:58:21.426  [http-nio-8083-exec-1] DEBUG [com.hzu.community.mapper.NotificationMapper.countUnread:] [cc6bea053b290c5a,79b351e02e678f57,cc6bea053b290c5a] - ==> Parameters: 1(Integer), 0(Integer)
2020-05-11 13:58:21.427  [http-nio-8083-exec-1] DEBUG [com.hzu.community.mapper.NotificationMapper.countUnread:] [cc6bea053b290c5a,79b351e02e678f57,cc6bea053b290c5a] - <==      Total: 1
2020-05-11 13:58:21.522  [http-nio-8083-exec-2] DEBUG [com.hzu.community.mapper.UserMapper.select:] [9d6a6836f3cbf5ef,0458f58bd52e2b83,9d6a6836f3cbf5ef] - ==>  Preparing: select * from user WHERE name = ? 
2020-05-11 13:58:21.522  [http-nio-8083-exec-2] DEBUG [com.hzu.community.mapper.UserMapper.select:] [9d6a6836f3cbf5ef,0458f58bd52e2b83,9d6a6836f3cbf5ef] - ==> Parameters: 123(String)
2020-05-11 13:58:21.525  [http-nio-8083-exec-2] DEBUG [com.hzu.community.mapper.UserMapper.select:] [9d6a6836f3cbf5ef,0458f58bd52e2b83,9d6a6836f3cbf5ef] - <==      Total: 1
2020-05-11 13:58:21.533  [http-nio-8083-exec-3] DEBUG [com.hzu.community.mapper.NotificationMapper.countUnread:] [9d6a6836f3cbf5ef,95070ad3cb10e43d,9d6a6836f3cbf5ef] - ==>  Preparing: select count(*) from notification where receiver = ? and status = ? 
2020-05-11 13:58:21.534  [http-nio-8083-exec-3] DEBUG [com.hzu.community.mapper.NotificationMapper.countUnread:] [9d6a6836f3cbf5ef,95070ad3cb10e43d,9d6a6836f3cbf5ef] - ==> Parameters: 1(Integer), 0(Integer)
2020-05-11 13:58:21.534  [http-nio-8083-exec-3] DEBUG [com.hzu.community.mapper.NotificationMapper.countUnread:] [9d6a6836f3cbf5ef,95070ad3cb10e43d,9d6a6836f3cbf5ef] - <==      Total: 1
2020-05-11 13:58:23.135  [http-nio-8083-exec-4] DEBUG [com.hzu.community.mapper.UserMapper.select:] [28f084a5cf4f0944,9059a74e5004d44a,28f084a5cf4f0944] - ==>  Preparing: select * from user WHERE name = ? 
2020-05-11 13:58:23.136  [http-nio-8083-exec-4] DEBUG [com.hzu.community.mapper.UserMapper.select:] [28f084a5cf4f0944,9059a74e5004d44a,28f084a5cf4f0944] - ==> Parameters: 123(String)
2020-05-11 13:58:23.136  [http-nio-8083-exec-4] DEBUG [com.hzu.community.mapper.UserMapper.select:] [28f084a5cf4f0944,9059a74e5004d44a,28f084a5cf4f0944] - <==      Total: 1
2020-05-11 13:58:23.142  [http-nio-8083-exec-5] DEBUG [com.hzu.community.mapper.NotificationMapper.countUnread:] [28f084a5cf4f0944,d325741ba4e8ab90,28f084a5cf4f0944] - ==>  Preparing: select count(*) from notification where receiver = ? and status = ? 
2020-05-11 13:58:23.143  [http-nio-8083-exec-5] DEBUG [com.hzu.community.mapper.NotificationMapper.countUnread:] [28f084a5cf4f0944,d325741ba4e8ab90,28f084a5cf4f0944] - ==> Parameters: 1(Integer), 0(Integer)
2020-05-11 13:58:23.143  [http-nio-8083-exec-5] DEBUG [com.hzu.community.mapper.NotificationMapper.countUnread:] [28f084a5cf4f0944,d325741ba4e8ab90,28f084a5cf4f0944] - <==      Total: 1
2020-05-11 13:58:23.228  [http-nio-8083-exec-6] DEBUG [com.hzu.community.mapper.UserMapper.select:] [9980e84969f3b082,6d31d30f0dd5f01a,9980e84969f3b082] - ==>  Preparing: select * from user WHERE name = ? 
2020-05-11 13:58:23.229  [http-nio-8083-exec-6] DEBUG [com.hzu.community.mapper.UserMapper.select:] [9980e84969f3b082,6d31d30f0dd5f01a,9980e84969f3b082] - ==> Parameters: 123(String)
2020-05-11 13:58:23.230  [http-nio-8083-exec-6] DEBUG [com.hzu.community.mapper.UserMapper.select:] [9980e84969f3b082,6d31d30f0dd5f01a,9980e84969f3b082] - <==      Total: 1
2020-05-11 13:58:23.238  [http-nio-8083-exec-7] DEBUG [com.hzu.community.mapper.NotificationMapper.countUnread:] [9980e84969f3b082,8c27148b61426c2a,9980e84969f3b082] - ==>  Preparing: select count(*) from notification where receiver = ? and status = ? 
2020-05-11 13:58:23.238  [http-nio-8083-exec-7] DEBUG [com.hzu.community.mapper.NotificationMapper.countUnread:] [9980e84969f3b082,8c27148b61426c2a,9980e84969f3b082] - ==> Parameters: 1(Integer), 0(Integer)
2020-05-11 13:58:23.239  [http-nio-8083-exec-7] DEBUG [com.hzu.community.mapper.NotificationMapper.countUnread:] [9980e84969f3b082,8c27148b61426c2a,9980e84969f3b082] - <==      Total: 1
2020-05-11 13:58:29.045  [http-nio-8083-exec-8] DEBUG [com.hzu.community.mapper.UserMapper.select:] [eb0c9cab56ef252a,13b9936f29db4164,eb0c9cab56ef252a] - ==>  Preparing: select * from user WHERE name = ? 
2020-05-11 13:58:29.045  [http-nio-8083-exec-8] DEBUG [com.hzu.community.mapper.UserMapper.select:] [eb0c9cab56ef252a,13b9936f29db4164,eb0c9cab56ef252a] - ==> Parameters: 123(String)
2020-05-11 13:58:29.046  [http-nio-8083-exec-8] DEBUG [com.hzu.community.mapper.UserMapper.select:] [eb0c9cab56ef252a,13b9936f29db4164,eb0c9cab56ef252a] - <==      Total: 1
2020-05-11 13:58:29.051  [http-nio-8083-exec-9] DEBUG [com.hzu.community.mapper.NotificationMapper.countUnread:] [eb0c9cab56ef252a,f2c5b4dba7488339,eb0c9cab56ef252a] - ==>  Preparing: select count(*) from notification where receiver = ? and status = ? 
2020-05-11 13:58:29.051  [http-nio-8083-exec-9] DEBUG [com.hzu.community.mapper.NotificationMapper.countUnread:] [eb0c9cab56ef252a,f2c5b4dba7488339,eb0c9cab56ef252a] - ==> Parameters: 1(Integer), 0(Integer)
2020-05-11 13:58:29.052  [http-nio-8083-exec-9] DEBUG [com.hzu.community.mapper.NotificationMapper.countUnread:] [eb0c9cab56ef252a,f2c5b4dba7488339,eb0c9cab56ef252a] - <==      Total: 1
2020-05-11 13:58:29.139  [http-nio-8083-exec-10] DEBUG [com.hzu.community.mapper.UserMapper.select:] [c269e2ad60239bbe,a673542563b83212,c269e2ad60239bbe] - ==>  Preparing: select * from user WHERE name = ? 
2020-05-11 13:58:29.140  [http-nio-8083-exec-10] DEBUG [com.hzu.community.mapper.UserMapper.select:] [c269e2ad60239bbe,a673542563b83212,c269e2ad60239bbe] - ==> Parameters: 123(String)
2020-05-11 13:58:29.144  [http-nio-8083-exec-10] DEBUG [com.hzu.community.mapper.UserMapper.select:] [c269e2ad60239bbe,a673542563b83212,c269e2ad60239bbe] - <==      Total: 1
2020-05-11 13:58:29.151  [http-nio-8083-exec-1] DEBUG [com.hzu.community.mapper.NotificationMapper.countUnread:] [c269e2ad60239bbe,da9fb22b3144f3bb,c269e2ad60239bbe] - ==>  Preparing: select count(*) from notification where receiver = ? and status = ? 
2020-05-11 13:58:29.151  [http-nio-8083-exec-1] DEBUG [com.hzu.community.mapper.NotificationMapper.countUnread:] [c269e2ad60239bbe,da9fb22b3144f3bb,c269e2ad60239bbe] - ==> Parameters: 1(Integer), 0(Integer)
2020-05-11 13:58:29.152  [http-nio-8083-exec-1] DEBUG [com.hzu.community.mapper.NotificationMapper.countUnread:] [c269e2ad60239bbe,da9fb22b3144f3bb,c269e2ad60239bbe] - <==      Total: 1
2020-05-11 13:58:30.722  [http-nio-8083-exec-2] DEBUG [com.hzu.community.mapper.UserMapper.select:] [655e76f38d7c4d50,be8325cef8a0897a,655e76f38d7c4d50] - ==>  Preparing: select * from user WHERE name = ? 
2020-05-11 13:58:30.723  [http-nio-8083-exec-2] DEBUG [com.hzu.community.mapper.UserMapper.select:] [655e76f38d7c4d50,be8325cef8a0897a,655e76f38d7c4d50] - ==> Parameters: 123(String)
2020-05-11 13:58:30.724  [http-nio-8083-exec-2] DEBUG [com.hzu.community.mapper.UserMapper.select:] [655e76f38d7c4d50,be8325cef8a0897a,655e76f38d7c4d50] - <==      Total: 1
2020-05-11 13:58:30.729  [http-nio-8083-exec-3] DEBUG [com.hzu.community.mapper.NotificationMapper.countUnread:] [655e76f38d7c4d50,df0bce585085497d,655e76f38d7c4d50] - ==>  Preparing: select count(*) from notification where receiver = ? and status = ? 
2020-05-11 13:58:30.729  [http-nio-8083-exec-3] DEBUG [com.hzu.community.mapper.NotificationMapper.countUnread:] [655e76f38d7c4d50,df0bce585085497d,655e76f38d7c4d50] - ==> Parameters: 1(Integer), 0(Integer)
2020-05-11 13:58:30.730  [http-nio-8083-exec-3] DEBUG [com.hzu.community.mapper.NotificationMapper.countUnread:] [655e76f38d7c4d50,df0bce585085497d,655e76f38d7c4d50] - <==      Total: 1
2020-05-11 13:58:30.817  [http-nio-8083-exec-4] DEBUG [com.hzu.community.mapper.UserMapper.select:] [040b977097d449f7,f73915284363f782,040b977097d449f7] - ==>  Preparing: select * from user WHERE name = ? 
2020-05-11 13:58:30.817  [http-nio-8083-exec-4] DEBUG [com.hzu.community.mapper.UserMapper.select:] [040b977097d449f7,f73915284363f782,040b977097d449f7] - ==> Parameters: 123(String)
2020-05-11 13:58:30.818  [http-nio-8083-exec-4] DEBUG [com.hzu.community.mapper.UserMapper.select:] [040b977097d449f7,f73915284363f782,040b977097d449f7] - <==      Total: 1
2020-05-11 13:58:30.825  [http-nio-8083-exec-5] DEBUG [com.hzu.community.mapper.NotificationMapper.countUnread:] [040b977097d449f7,dbce599ee0eee223,040b977097d449f7] - ==>  Preparing: select count(*) from notification where receiver = ? and status = ? 
2020-05-11 13:58:30.825  [http-nio-8083-exec-5] DEBUG [com.hzu.community.mapper.NotificationMapper.countUnread:] [040b977097d449f7,dbce599ee0eee223,040b977097d449f7] - ==> Parameters: 1(Integer), 0(Integer)
2020-05-11 13:58:30.827  [http-nio-8083-exec-5] DEBUG [com.hzu.community.mapper.NotificationMapper.countUnread:] [040b977097d449f7,dbce599ee0eee223,040b977097d449f7] - <==      Total: 1
2020-05-11 13:59:43.697  [http-nio-8083-exec-7] DEBUG [com.hzu.community.mapper.UserMapper.select:] [be721d7aa88ca96c,e5807e02af877a19,be721d7aa88ca96c] - ==>  Preparing: select * from user WHERE name = ? 
2020-05-11 13:59:43.697  [http-nio-8083-exec-7] DEBUG [com.hzu.community.mapper.UserMapper.select:] [be721d7aa88ca96c,e5807e02af877a19,be721d7aa88ca96c] - ==> Parameters: 123(String)
2020-05-11 13:59:43.699  [http-nio-8083-exec-7] DEBUG [com.hzu.community.mapper.UserMapper.select:] [be721d7aa88ca96c,e5807e02af877a19,be721d7aa88ca96c] - <==      Total: 1
2020-05-11 13:59:43.704  [http-nio-8083-exec-8] DEBUG [com.hzu.community.mapper.NotificationMapper.countUnread:] [be721d7aa88ca96c,ece376d328685348,be721d7aa88ca96c] - ==>  Preparing: select count(*) from notification where receiver = ? and status = ? 
2020-05-11 13:59:43.705  [http-nio-8083-exec-8] DEBUG [com.hzu.community.mapper.NotificationMapper.countUnread:] [be721d7aa88ca96c,ece376d328685348,be721d7aa88ca96c] - ==> Parameters: 1(Integer), 0(Integer)
2020-05-11 13:59:43.706  [http-nio-8083-exec-8] DEBUG [com.hzu.community.mapper.NotificationMapper.countUnread:] [be721d7aa88ca96c,ece376d328685348,be721d7aa88ca96c] - <==      Total: 1
2020-05-11 13:59:43.880  [http-nio-8083-exec-9] DEBUG [com.hzu.community.mapper.UserMapper.select:] [73ed9b4537ed466f,e8abe4abac136012,73ed9b4537ed466f] - ==>  Preparing: select * from user WHERE name = ? 
2020-05-11 13:59:43.882  [http-nio-8083-exec-9] DEBUG [com.hzu.community.mapper.UserMapper.select:] [73ed9b4537ed466f,e8abe4abac136012,73ed9b4537ed466f] - ==> Parameters: 123(String)
2020-05-11 13:59:43.884  [http-nio-8083-exec-9] DEBUG [com.hzu.community.mapper.UserMapper.select:] [73ed9b4537ed466f,e8abe4abac136012,73ed9b4537ed466f] - <==      Total: 1
2020-05-11 13:59:43.893  [http-nio-8083-exec-10] DEBUG [com.hzu.community.mapper.NotificationMapper.countUnread:] [73ed9b4537ed466f,fb779e9d983839a2,73ed9b4537ed466f] - ==>  Preparing: select count(*) from notification where receiver = ? and status = ? 
2020-05-11 13:59:43.893  [http-nio-8083-exec-10] DEBUG [com.hzu.community.mapper.NotificationMapper.countUnread:] [73ed9b4537ed466f,fb779e9d983839a2,73ed9b4537ed466f] - ==> Parameters: 1(Integer), 0(Integer)
2020-05-11 13:59:43.894  [http-nio-8083-exec-10] DEBUG [com.hzu.community.mapper.NotificationMapper.countUnread:] [73ed9b4537ed466f,fb779e9d983839a2,73ed9b4537ed466f] - <==      Total: 1
2020-05-11 13:59:43.956  [http-nio-8083-exec-1] DEBUG [com.hzu.community.mapper.UserMapper.select:] [b781f9b690cff51d,93a431651961ea11,b781f9b690cff51d] - ==>  Preparing: select * from user WHERE name = ? 
2020-05-11 13:59:43.956  [http-nio-8083-exec-1] DEBUG [com.hzu.community.mapper.UserMapper.select:] [b781f9b690cff51d,93a431651961ea11,b781f9b690cff51d] - ==> Parameters: 123(String)
2020-05-11 13:59:43.958  [http-nio-8083-exec-1] DEBUG [com.hzu.community.mapper.UserMapper.select:] [b781f9b690cff51d,93a431651961ea11,b781f9b690cff51d] - <==      Total: 1
2020-05-11 13:59:43.966  [http-nio-8083-exec-2] DEBUG [com.hzu.community.mapper.NotificationMapper.countUnread:] [b781f9b690cff51d,766704f6cab25159,b781f9b690cff51d] - ==>  Preparing: select count(*) from notification where receiver = ? and status = ? 
2020-05-11 13:59:43.966  [http-nio-8083-exec-2] DEBUG [com.hzu.community.mapper.NotificationMapper.countUnread:] [b781f9b690cff51d,766704f6cab25159,b781f9b690cff51d] - ==> Parameters: 1(Integer), 0(Integer)
2020-05-11 13:59:43.967  [http-nio-8083-exec-2] DEBUG [com.hzu.community.mapper.NotificationMapper.countUnread:] [b781f9b690cff51d,766704f6cab25159,b781f9b690cff51d] - <==      Total: 1
