2020-05-11 15:25:47.685  [http-nio-8083-exec-7] DEBUG [com.hzu.community.mapper.QuestionMapper.selectQuestion:] [8739f60b0e09ae9e,da0a4416d9eae31f,0f5e78feccb5a5e4] - ==>  Preparing: select * from question order by gmt_create desc limit ?,? 
2020-05-11 15:25:47.698  [http-nio-8083-exec-7] DEBUG [com.hzu.community.mapper.QuestionMapper.selectQuestion:] [8739f60b0e09ae9e,da0a4416d9eae31f,0f5e78feccb5a5e4] - ==> Parameters: 0(Integer), 4(Integer)
2020-05-11 15:25:47.712  [http-nio-8083-exec-7] DEBUG [com.hzu.community.mapper.QuestionMapper.selectQuestion:] [8739f60b0e09ae9e,da0a4416d9eae31f,0f5e78feccb5a5e4] - <==      Total: 4
2020-05-11 15:25:47.833  [http-nio-8083-exec-8] DEBUG [com.hzu.community.mapper.QuestionMapper.selectQuestion:] [8739f60b0e09ae9e,8af8fa28c03dba60,929bdc69ab521e0e] - ==>  Preparing: select * from question order by gmt_create desc limit ?,? 
2020-05-11 15:25:47.833  [http-nio-8083-exec-8] DEBUG [com.hzu.community.mapper.QuestionMapper.selectQuestion:] [8739f60b0e09ae9e,8af8fa28c03dba60,929bdc69ab521e0e] - ==> Parameters: 4(Integer), 4(Integer)
2020-05-11 15:25:47.835  [http-nio-8083-exec-8] DEBUG [com.hzu.community.mapper.QuestionMapper.selectQuestion:] [8739f60b0e09ae9e,8af8fa28c03dba60,929bdc69ab521e0e] - <==      Total: 4
2020-05-11 15:25:47.849  [http-nio-8083-exec-9] DEBUG [com.hzu.community.mapper.QuestionMapper.selectQuestion:] [8739f60b0e09ae9e,bee81dd4fa5c2000,6314df4841a23468] - ==>  Preparing: select * from question order by gmt_create desc limit ?,? 
2020-05-11 15:25:47.850  [http-nio-8083-exec-9] DEBUG [com.hzu.community.mapper.QuestionMapper.selectQuestion:] [8739f60b0e09ae9e,bee81dd4fa5c2000,6314df4841a23468] - ==> Parameters: 8(Integer), 4(Integer)
2020-05-11 15:25:47.851  [http-nio-8083-exec-9] DEBUG [com.hzu.community.mapper.QuestionMapper.selectQuestion:] [8739f60b0e09ae9e,bee81dd4fa5c2000,6314df4841a23468] - <==      Total: 2
2020-05-11 15:26:46.014  [http-nio-8083-exec-4] DEBUG [com.hzu.community.mapper.UserMapper.select:] [a7f39266b0129da3,1896db0653771ae9,a7f39266b0129da3] - ==>  Preparing: select * from user WHERE pwd = ? and name = ? 
2020-05-11 15:26:46.017  [http-nio-8083-exec-4] DEBUG [com.hzu.community.mapper.UserMapper.select:] [a7f39266b0129da3,1896db0653771ae9,a7f39266b0129da3] - ==> Parameters: 123(String), 123(String)
2020-05-11 15:26:46.019  [http-nio-8083-exec-4] DEBUG [com.hzu.community.mapper.UserMapper.select:] [a7f39266b0129da3,1896db0653771ae9,a7f39266b0129da3] - <==      Total: 1
2020-05-11 15:26:46.168  [http-nio-8083-exec-5] DEBUG [com.hzu.community.mapper.UserMapper.select:] [e073ff3ea22a5ccd,f69605f3de17939f,e073ff3ea22a5ccd] - ==>  Preparing: select * from user WHERE name = ? 
2020-05-11 15:26:46.168  [http-nio-8083-exec-5] DEBUG [com.hzu.community.mapper.UserMapper.select:] [e073ff3ea22a5ccd,f69605f3de17939f,e073ff3ea22a5ccd] - ==> Parameters: 123(String)
2020-05-11 15:26:46.169  [http-nio-8083-exec-5] DEBUG [com.hzu.community.mapper.UserMapper.select:] [e073ff3ea22a5ccd,f69605f3de17939f,e073ff3ea22a5ccd] - <==      Total: 1
2020-05-11 15:26:46.190  [http-nio-8083-exec-6] DEBUG [com.hzu.community.mapper.NotificationMapper.countUnread:] [e073ff3ea22a5ccd,7290f1616a73e671,e073ff3ea22a5ccd] - ==>  Preparing: select count(*) from notification where receiver = ? and status = ? 
2020-05-11 15:26:46.191  [http-nio-8083-exec-6] DEBUG [com.hzu.community.mapper.NotificationMapper.countUnread:] [e073ff3ea22a5ccd,7290f1616a73e671,e073ff3ea22a5ccd] - ==> Parameters: 1(Integer), 0(Integer)
2020-05-11 15:26:46.192  [http-nio-8083-exec-6] DEBUG [com.hzu.community.mapper.NotificationMapper.countUnread:] [e073ff3ea22a5ccd,7290f1616a73e671,e073ff3ea22a5ccd] - <==      Total: 1
2020-05-11 15:26:52.510  [http-nio-8083-exec-7] DEBUG [com.hzu.community.mapper.UserMapper.select:] [68145dc8d65314d2,ae9efb018338eb15,68145dc8d65314d2] - ==>  Preparing: select * from user WHERE name = ? 
2020-05-11 15:26:52.510  [http-nio-8083-exec-7] DEBUG [com.hzu.community.mapper.UserMapper.select:] [68145dc8d65314d2,ae9efb018338eb15,68145dc8d65314d2] - ==> Parameters: 123(String)
2020-05-11 15:26:52.510  [http-nio-8083-exec-7] DEBUG [com.hzu.community.mapper.UserMapper.select:] [68145dc8d65314d2,ae9efb018338eb15,68145dc8d65314d2] - <==      Total: 1
2020-05-11 15:26:52.515  [http-nio-8083-exec-8] DEBUG [com.hzu.community.mapper.NotificationMapper.countUnread:] [68145dc8d65314d2,26e7223f32ed97d3,68145dc8d65314d2] - ==>  Preparing: select count(*) from notification where receiver = ? and status = ? 
2020-05-11 15:26:52.515  [http-nio-8083-exec-8] DEBUG [com.hzu.community.mapper.NotificationMapper.countUnread:] [68145dc8d65314d2,26e7223f32ed97d3,68145dc8d65314d2] - ==> Parameters: 1(Integer), 0(Integer)
2020-05-11 15:26:52.516  [http-nio-8083-exec-8] DEBUG [com.hzu.community.mapper.NotificationMapper.countUnread:] [68145dc8d65314d2,26e7223f32ed97d3,68145dc8d65314d2] - <==      Total: 1
2020-05-11 15:26:56.915  [http-nio-8083-exec-9] DEBUG [com.hzu.community.mapper.UserMapper.select:] [5bfd5dec7ef0193c,166f890632845391,5bfd5dec7ef0193c] - ==>  Preparing: select * from user WHERE name = ? 
2020-05-11 15:26:56.915  [http-nio-8083-exec-9] DEBUG [com.hzu.community.mapper.UserMapper.select:] [5bfd5dec7ef0193c,166f890632845391,5bfd5dec7ef0193c] - ==> Parameters: 123(String)
2020-05-11 15:26:56.916  [http-nio-8083-exec-9] DEBUG [com.hzu.community.mapper.UserMapper.select:] [5bfd5dec7ef0193c,166f890632845391,5bfd5dec7ef0193c] - <==      Total: 1
2020-05-11 15:26:56.922  [http-nio-8083-exec-10] DEBUG [com.hzu.community.mapper.NotificationMapper.countUnread:] [5bfd5dec7ef0193c,1da5caecede2e1b2,5bfd5dec7ef0193c] - ==>  Preparing: select count(*) from notification where receiver = ? and status = ? 
2020-05-11 15:26:56.922  [http-nio-8083-exec-10] DEBUG [com.hzu.community.mapper.NotificationMapper.countUnread:] [5bfd5dec7ef0193c,1da5caecede2e1b2,5bfd5dec7ef0193c] - ==> Parameters: 1(Integer), 0(Integer)
2020-05-11 15:26:56.924  [http-nio-8083-exec-10] DEBUG [com.hzu.community.mapper.NotificationMapper.countUnread:] [5bfd5dec7ef0193c,1da5caecede2e1b2,5bfd5dec7ef0193c] - <==      Total: 1
2020-05-11 15:26:58.597  [http-nio-8083-exec-1] DEBUG [com.hzu.community.mapper.UserMapper.select:] [d9a76bac2e8f673e,0d7b8bf9c6385e2b,d9a76bac2e8f673e] - ==>  Preparing: select * from user WHERE name = ? 
2020-05-11 15:26:58.598  [http-nio-8083-exec-1] DEBUG [com.hzu.community.mapper.UserMapper.select:] [d9a76bac2e8f673e,0d7b8bf9c6385e2b,d9a76bac2e8f673e] - ==> Parameters: 123(String)
2020-05-11 15:26:58.598  [http-nio-8083-exec-1] DEBUG [com.hzu.community.mapper.UserMapper.select:] [d9a76bac2e8f673e,0d7b8bf9c6385e2b,d9a76bac2e8f673e] - <==      Total: 1
2020-05-11 15:26:58.608  [http-nio-8083-exec-2] DEBUG [com.hzu.community.mapper.NotificationMapper.countUnread:] [d9a76bac2e8f673e,d44757ae69192502,d9a76bac2e8f673e] - ==>  Preparing: select count(*) from notification where receiver = ? and status = ? 
2020-05-11 15:26:58.608  [http-nio-8083-exec-2] DEBUG [com.hzu.community.mapper.NotificationMapper.countUnread:] [d9a76bac2e8f673e,d44757ae69192502,d9a76bac2e8f673e] - ==> Parameters: 1(Integer), 0(Integer)
2020-05-11 15:26:58.609  [http-nio-8083-exec-2] DEBUG [com.hzu.community.mapper.NotificationMapper.countUnread:] [d9a76bac2e8f673e,d44757ae69192502,d9a76bac2e8f673e] - <==      Total: 1
2020-05-11 15:27:31.697  [http-nio-8083-exec-3] DEBUG [com.hzu.community.mapper.UserMapper.select:] [1348784c0dcc807a,b780f23a3ba08e5a,1348784c0dcc807a] - ==>  Preparing: select * from user WHERE name = ? 
2020-05-11 15:27:31.697  [http-nio-8083-exec-3] DEBUG [com.hzu.community.mapper.UserMapper.select:] [1348784c0dcc807a,b780f23a3ba08e5a,1348784c0dcc807a] - ==> Parameters: 123(String)
2020-05-11 15:27:31.698  [http-nio-8083-exec-3] DEBUG [com.hzu.community.mapper.UserMapper.select:] [1348784c0dcc807a,b780f23a3ba08e5a,1348784c0dcc807a] - <==      Total: 1
2020-05-11 15:27:31.707  [http-nio-8083-exec-4] DEBUG [com.hzu.community.mapper.NotificationMapper.countUnread:] [1348784c0dcc807a,ef16ea8378f1ff12,1348784c0dcc807a] - ==>  Preparing: select count(*) from notification where receiver = ? and status = ? 
2020-05-11 15:27:31.707  [http-nio-8083-exec-4] DEBUG [com.hzu.community.mapper.NotificationMapper.countUnread:] [1348784c0dcc807a,ef16ea8378f1ff12,1348784c0dcc807a] - ==> Parameters: 1(Integer), 0(Integer)
2020-05-11 15:27:31.708  [http-nio-8083-exec-4] DEBUG [com.hzu.community.mapper.NotificationMapper.countUnread:] [1348784c0dcc807a,ef16ea8378f1ff12,1348784c0dcc807a] - <==      Total: 1
2020-05-11 15:29:03.519  [http-nio-8083-exec-6] DEBUG [com.hzu.community.mapper.UserMapper.select:] [f75e6c185abff376,1b7982c2ff3c26ba,f75e6c185abff376] - ==>  Preparing: select * from user WHERE name = ? 
2020-05-11 15:29:03.519  [http-nio-8083-exec-6] DEBUG [com.hzu.community.mapper.UserMapper.select:] [f75e6c185abff376,1b7982c2ff3c26ba,f75e6c185abff376] - ==> Parameters: 123(String)
2020-05-11 15:29:03.520  [http-nio-8083-exec-6] DEBUG [com.hzu.community.mapper.UserMapper.select:] [f75e6c185abff376,1b7982c2ff3c26ba,f75e6c185abff376] - <==      Total: 1
2020-05-11 15:29:03.529  [http-nio-8083-exec-7] DEBUG [com.hzu.community.mapper.NotificationMapper.countUnread:] [f75e6c185abff376,6da67bb68bd8046d,f75e6c185abff376] - ==>  Preparing: select count(*) from notification where receiver = ? and status = ? 
2020-05-11 15:29:03.529  [http-nio-8083-exec-7] DEBUG [com.hzu.community.mapper.NotificationMapper.countUnread:] [f75e6c185abff376,6da67bb68bd8046d,f75e6c185abff376] - ==> Parameters: 1(Integer), 0(Integer)
2020-05-11 15:29:03.530  [http-nio-8083-exec-7] DEBUG [com.hzu.community.mapper.NotificationMapper.countUnread:] [f75e6c185abff376,6da67bb68bd8046d,f75e6c185abff376] - <==      Total: 1
2020-05-11 15:29:07.558  [http-nio-8083-exec-8] DEBUG [com.hzu.community.mapper.UserMapper.select:] [7a3ad547ae358023,b77974b6007c774d,7a3ad547ae358023] - ==>  Preparing: select * from user WHERE name = ? 
2020-05-11 15:29:07.558  [http-nio-8083-exec-8] DEBUG [com.hzu.community.mapper.UserMapper.select:] [7a3ad547ae358023,b77974b6007c774d,7a3ad547ae358023] - ==> Parameters: 123(String)
2020-05-11 15:29:07.559  [http-nio-8083-exec-8] DEBUG [com.hzu.community.mapper.UserMapper.select:] [7a3ad547ae358023,b77974b6007c774d,7a3ad547ae358023] - <==      Total: 1
2020-05-11 15:29:07.564  [http-nio-8083-exec-9] DEBUG [com.hzu.community.mapper.NotificationMapper.countUnread:] [7a3ad547ae358023,f2d115c3821d9bb5,7a3ad547ae358023] - ==>  Preparing: select count(*) from notification where receiver = ? and status = ? 
2020-05-11 15:29:07.564  [http-nio-8083-exec-9] DEBUG [com.hzu.community.mapper.NotificationMapper.countUnread:] [7a3ad547ae358023,f2d115c3821d9bb5,7a3ad547ae358023] - ==> Parameters: 1(Integer), 0(Integer)
2020-05-11 15:29:07.565  [http-nio-8083-exec-9] DEBUG [com.hzu.community.mapper.NotificationMapper.countUnread:] [7a3ad547ae358023,f2d115c3821d9bb5,7a3ad547ae358023] - <==      Total: 1
2020-05-11 15:32:56.928  [http-nio-8083-exec-1] DEBUG [com.hzu.community.mapper.UserMapper.select:] [b82b09ac9b85e2d0,7e44034198e7590e,b82b09ac9b85e2d0] - ==>  Preparing: select * from user WHERE name = ? 
2020-05-11 15:32:56.928  [http-nio-8083-exec-1] DEBUG [com.hzu.community.mapper.UserMapper.select:] [b82b09ac9b85e2d0,7e44034198e7590e,b82b09ac9b85e2d0] - ==> Parameters: 123(String)
2020-05-11 15:32:56.930  [http-nio-8083-exec-1] DEBUG [com.hzu.community.mapper.UserMapper.select:] [b82b09ac9b85e2d0,7e44034198e7590e,b82b09ac9b85e2d0] - <==      Total: 1
2020-05-11 15:32:56.935  [http-nio-8083-exec-2] DEBUG [com.hzu.community.mapper.NotificationMapper.countUnread:] [b82b09ac9b85e2d0,464cb276ddf107a7,b82b09ac9b85e2d0] - ==>  Preparing: select count(*) from notification where receiver = ? and status = ? 
2020-05-11 15:32:56.936  [http-nio-8083-exec-2] DEBUG [com.hzu.community.mapper.NotificationMapper.countUnread:] [b82b09ac9b85e2d0,464cb276ddf107a7,b82b09ac9b85e2d0] - ==> Parameters: 1(Integer), 0(Integer)
2020-05-11 15:32:56.937  [http-nio-8083-exec-2] DEBUG [com.hzu.community.mapper.NotificationMapper.countUnread:] [b82b09ac9b85e2d0,464cb276ddf107a7,b82b09ac9b85e2d0] - <==      Total: 1
2020-05-11 15:40:30.290  [http-nio-8083-exec-4] DEBUG [com.hzu.community.mapper.UserMapper.select:] [cb7c4e829f95135a,307f0ec35e6aac27,cb7c4e829f95135a] - ==>  Preparing: select * from user WHERE name = ? 
2020-05-11 15:40:30.290  [http-nio-8083-exec-4] DEBUG [com.hzu.community.mapper.UserMapper.select:] [cb7c4e829f95135a,307f0ec35e6aac27,cb7c4e829f95135a] - ==> Parameters: 123(String)
2020-05-11 15:40:30.291  [http-nio-8083-exec-4] DEBUG [com.hzu.community.mapper.UserMapper.select:] [cb7c4e829f95135a,307f0ec35e6aac27,cb7c4e829f95135a] - <==      Total: 1
2020-05-11 15:40:30.296  [http-nio-8083-exec-5] DEBUG [com.hzu.community.mapper.NotificationMapper.countUnread:] [cb7c4e829f95135a,05620bea5e200261,cb7c4e829f95135a] - ==>  Preparing: select count(*) from notification where receiver = ? and status = ? 
2020-05-11 15:40:30.296  [http-nio-8083-exec-5] DEBUG [com.hzu.community.mapper.NotificationMapper.countUnread:] [cb7c4e829f95135a,05620bea5e200261,cb7c4e829f95135a] - ==> Parameters: 1(Integer), 0(Integer)
2020-05-11 15:40:30.297  [http-nio-8083-exec-5] DEBUG [com.hzu.community.mapper.NotificationMapper.countUnread:] [cb7c4e829f95135a,05620bea5e200261,cb7c4e829f95135a] - <==      Total: 1
2020-05-11 15:53:03.544  [http-nio-8083-exec-7] DEBUG [com.hzu.community.mapper.UserMapper.select:] [4516787a428f0121,a96d25ac60bc111e,4516787a428f0121] - ==>  Preparing: select * from user WHERE name = ? 
2020-05-11 15:53:03.544  [http-nio-8083-exec-7] DEBUG [com.hzu.community.mapper.UserMapper.select:] [4516787a428f0121,a96d25ac60bc111e,4516787a428f0121] - ==> Parameters: 123(String)
2020-05-11 15:53:03.545  [http-nio-8083-exec-7] DEBUG [com.hzu.community.mapper.UserMapper.select:] [4516787a428f0121,a96d25ac60bc111e,4516787a428f0121] - <==      Total: 1
2020-05-11 15:53:03.550  [http-nio-8083-exec-8] DEBUG [com.hzu.community.mapper.NotificationMapper.countUnread:] [4516787a428f0121,578dfc6c52ae7230,4516787a428f0121] - ==>  Preparing: select count(*) from notification where receiver = ? and status = ? 
2020-05-11 15:53:03.552  [http-nio-8083-exec-8] DEBUG [com.hzu.community.mapper.NotificationMapper.countUnread:] [4516787a428f0121,578dfc6c52ae7230,4516787a428f0121] - ==> Parameters: 1(Integer), 0(Integer)
2020-05-11 15:53:03.553  [http-nio-8083-exec-8] DEBUG [com.hzu.community.mapper.NotificationMapper.countUnread:] [4516787a428f0121,578dfc6c52ae7230,4516787a428f0121] - <==      Total: 1
2020-05-11 15:53:29.747  [http-nio-8083-exec-9] DEBUG [com.hzu.community.mapper.UserMapper.select:] [df99db0398830482,667be7d1fb9cd20c,df99db0398830482] - ==>  Preparing: select * from user WHERE name = ? 
2020-05-11 15:53:29.747  [http-nio-8083-exec-9] DEBUG [com.hzu.community.mapper.UserMapper.select:] [df99db0398830482,667be7d1fb9cd20c,df99db0398830482] - ==> Parameters: 123(String)
2020-05-11 15:53:29.748  [http-nio-8083-exec-9] DEBUG [com.hzu.community.mapper.UserMapper.select:] [df99db0398830482,667be7d1fb9cd20c,df99db0398830482] - <==      Total: 1
2020-05-11 15:53:29.754  [http-nio-8083-exec-10] DEBUG [com.hzu.community.mapper.NotificationMapper.countUnread:] [df99db0398830482,115173df1b609689,df99db0398830482] - ==>  Preparing: select count(*) from notification where receiver = ? and status = ? 
2020-05-11 15:53:29.754  [http-nio-8083-exec-10] DEBUG [com.hzu.community.mapper.NotificationMapper.countUnread:] [df99db0398830482,115173df1b609689,df99db0398830482] - ==> Parameters: 1(Integer), 0(Integer)
2020-05-11 15:53:29.755  [http-nio-8083-exec-10] DEBUG [com.hzu.community.mapper.NotificationMapper.countUnread:] [df99db0398830482,115173df1b609689,df99db0398830482] - <==      Total: 1
2020-05-11 15:53:30.980  [http-nio-8083-exec-1] DEBUG [com.hzu.community.mapper.UserMapper.select:] [a1f00880214ae8af,acc60101a455f8f1,a1f00880214ae8af] - ==>  Preparing: select * from user WHERE name = ? 
2020-05-11 15:53:30.980  [http-nio-8083-exec-1] DEBUG [com.hzu.community.mapper.UserMapper.select:] [a1f00880214ae8af,acc60101a455f8f1,a1f00880214ae8af] - ==> Parameters: 123(String)
2020-05-11 15:53:30.981  [http-nio-8083-exec-1] DEBUG [com.hzu.community.mapper.UserMapper.select:] [a1f00880214ae8af,acc60101a455f8f1,a1f00880214ae8af] - <==      Total: 1
2020-05-11 15:53:30.989  [http-nio-8083-exec-2] DEBUG [com.hzu.community.mapper.NotificationMapper.countUnread:] [a1f00880214ae8af,44c813d53854250a,a1f00880214ae8af] - ==>  Preparing: select count(*) from notification where receiver = ? and status = ? 
2020-05-11 15:53:30.989  [http-nio-8083-exec-2] DEBUG [com.hzu.community.mapper.NotificationMapper.countUnread:] [a1f00880214ae8af,44c813d53854250a,a1f00880214ae8af] - ==> Parameters: 1(Integer), 0(Integer)
2020-05-11 15:53:30.990  [http-nio-8083-exec-2] DEBUG [com.hzu.community.mapper.NotificationMapper.countUnread:] [a1f00880214ae8af,44c813d53854250a,a1f00880214ae8af] - <==      Total: 1
