2020-05-11 16:03:51.988 [AsyncResolver-bootstrap-executor-0] INFO  [com.netflix.discovery.shared.resolver.aws.ConfigClusterResolver:43] [,] - Resolving eureka endpoints via configuration
2020-05-11 16:05:54.668 [http-nio-8083-exec-4] INFO  [org.zalando.logbook.Logbook:79] [20fb46273d685206,0957d81563952437] - Incoming Request: ade2e4d7d5df1db2
GET http://DESKTOP-K5RUUL2:8083/question/list?offset=0&size=4 HTTP/1.1
x-b3-parentspanid: 029e46bffbe0923c
x-b3-traceid: 20fb46273d685206
x-b3-spanid: 0957d81563952437
x-b3-sampled: 1
host: DESKTOP-K5RUUL2:8083
connection: Keep-Alive
accept-encoding: gzip,deflate
user-agent: agent
accept: application/json, application/*+json
2020-05-11 16:05:54.674 [http-nio-8083-exec-4] INFO  [org.zalando.logbook.Logbook:84] [20fb46273d685206,0957d81563952437] - Outgoing Response: ade2e4d7d5df1db2
Duration: 7 ms
HTTP/1.1 200 OK
Transfer-Encoding: chunked
Keep-Alive: timeout=60
Connection: keep-alive
Date: Mon, 11 May 2020 08:05:54 GMT
Content-Type: application/json

{"code":0,"msg":"OK","result":[{"id":25,"title":"发布文章测试","description":"发布文章测试","tag":"js,php","gmtCreate":1587794699373,"gmtModified":1587794699373,"creator":1,"viewCount":0,"commentCount":0,"likeCount":null},{"id":24,"title":"什么是微服务，微服务的好处","description":"\t在微服务架构中，业务被拆分成多个高内聚低耦合的小型服务，每个小型服务都称作一个微服务，而每个微服务都可以运行在独立进程中，在整体架构中执行单独的任务，负责自己的功能。服务与服务之间可以相互调用，采用轻量级通信机制，独立自动部署，在每个微服务里面可以用不同的语言以及不同的存储技术。\r\n\t因此，微服务的优点显而易见，这也是让微服务架构成为热门架构的原因：\r\n\t第一点：易于开发和维护，每个微服务可由一个人或者一个小组进行开发和维护，微服务相对来说工程量较小，易于理解；\r\n\t第二点：独立部署，一个微服务的修改不需要协调其他的服务，节省了开发人员之间的沟通成本；\r\n\t第三点：伸缩性强，每个微服务都可以进行单独的横向和纵向上扩展，并且我们可以根据每个服务对硬件需求的不同进行定制化地升级和扩容，随着业务规模的扩大，我们可以进行进一步的拆分，进一步进行系统级的扩展。\r\n\t第四点：与组织结构相匹配，当出现异常日志的时候，我们可以通过划分不同的服务，交给不同的团队进行维护，减少维护、沟通成本；\t第五点：技术异构性，每个服务可以根据自身需求选择最适合该服务的技术进行开发。","tag":"java","gmtCreate":1587791267506,"gmtModified":1587791267506,"creator":1,"viewCount":17,"commentCount":3,"likeCount":null},{"id":23,"title":"最新文章","description":"123","tag":"python,java","gmtCreate":1587748463351,"gmtModified":1587748463351,"creator":1,"viewCount":1,"commentCount":0,"likeCount":null},{"id":22,"title":"编程之美","description":"132","tag":"java","gmtCreate":1587748280171,"gmtModified":1587748280171,"creator":1,"viewCount":0,"commentCount":0,"likeCount":null}]}
2020-05-11 16:05:54.733 [http-nio-8083-exec-5] INFO  [org.zalando.logbook.Logbook:79] [20fb46273d685206,b7edfa1dfdaa58fc] - Incoming Request: e2d453875db22455
GET http://DESKTOP-K5RUUL2:8083/question/list?offset=4&size=4 HTTP/1.1
x-b3-parentspanid: ac0fe567058d235d
x-b3-traceid: 20fb46273d685206
x-b3-spanid: b7edfa1dfdaa58fc
x-b3-sampled: 1
host: DESKTOP-K5RUUL2:8083
connection: Keep-Alive
accept-encoding: gzip,deflate
user-agent: agent
accept: application/json, application/*+json
2020-05-11 16:05:54.739 [http-nio-8083-exec-5] INFO  [org.zalando.logbook.Logbook:84] [20fb46273d685206,b7edfa1dfdaa58fc] - Outgoing Response: e2d453875db22455
Duration: 6 ms
HTTP/1.1 200 OK
Transfer-Encoding: chunked
Keep-Alive: timeout=60
Connection: keep-alive
Date: Mon, 11 May 2020 08:05:54 GMT
Content-Type: application/json

{"code":0,"msg":"OK","result":[{"id":21,"title":"从0开始学JAVA","description":"123","tag":"java","gmtCreate":1587748265666,"gmtModified":1587748265666,"creator":1,"viewCount":0,"commentCount":0,"likeCount":null},{"id":20,"title":"微服务架构如何考虑？","description":"123","tag":"java","gmtCreate":1587748221949,"gmtModified":1587748221949,"creator":1,"viewCount":0,"commentCount":0,"likeCount":null},{"id":19,"title":"如何快速学习java","description":"123","tag":"java,php","gmtCreate":1587748189578,"gmtModified":1587748189578,"creator":1,"viewCount":0,"commentCount":0,"likeCount":null},{"id":18,"title":"热门3","description":"123","tag":"php,java,js","gmtCreate":1587463062594,"gmtModified":1587463062594,"creator":1,"viewCount":15,"commentCount":1,"likeCount":null}]}
2020-05-11 16:05:54.747 [http-nio-8083-exec-6] INFO  [org.zalando.logbook.Logbook:79] [20fb46273d685206,2359ff36dca845a0] - Incoming Request: df4973fbf3808b28
GET http://DESKTOP-K5RUUL2:8083/question/list?offset=8&size=4 HTTP/1.1
x-b3-parentspanid: 6712adf3ead5eda1
x-b3-traceid: 20fb46273d685206
x-b3-spanid: 2359ff36dca845a0
x-b3-sampled: 1
host: DESKTOP-K5RUUL2:8083
connection: Keep-Alive
accept-encoding: gzip,deflate
user-agent: agent
accept: application/json, application/*+json
2020-05-11 16:05:54.752 [http-nio-8083-exec-6] INFO  [org.zalando.logbook.Logbook:84] [20fb46273d685206,2359ff36dca845a0] - Outgoing Response: df4973fbf3808b28
Duration: 4 ms
HTTP/1.1 200 OK
Transfer-Encoding: chunked
Keep-Alive: timeout=60
Connection: keep-alive
Date: Mon, 11 May 2020 08:05:54 GMT
Content-Type: application/json

{"code":0,"msg":"OK","result":[{"id":17,"title":"热门2","description":"123","tag":"js,php,java","gmtCreate":1587463050254,"gmtModified":1587463050254,"creator":1,"viewCount":0,"commentCount":0,"likeCount":null},{"id":16,"title":"热门标签","description":"123是科技部对UI安管部卡斯比接口的把会计师不安居客吧开发背带裤","tag":"php,js,java","gmtCreate":1587463038397,"gmtModified":1587463038397,"creator":1,"viewCount":0,"commentCount":0,"likeCount":null}]}
2020-05-11 16:06:00.653 [http-nio-8083-exec-7] INFO  [org.zalando.logbook.Logbook:79] [39527ac1a0346c0a,a79c0097fa88cc89] - Incoming Request: d62912fddb8647cc
GET http://DESKTOP-K5RUUL2:8083/user/get?token=eyJhbGciOiJIUzI1NiJ9.eyJpc3MiOiJjb21tdW5pdHlfdXNlciIsIm5hbWUiOiIxMjMiLCJleHAiOjE1ODkyNjg0MDYsInB3ZCI6IjEyMyIsInRzIjoiMTU4OTE4MjAwNiJ9.yY6DbMzp031zgjZsVcio4dDkY8xubnLvIOuIjsEPD3s HTTP/1.1
x-b3-parentspanid: 39527ac1a0346c0a
x-b3-traceid: 39527ac1a0346c0a
x-b3-spanid: a79c0097fa88cc89
x-b3-sampled: 1
host: DESKTOP-K5RUUL2:8083
connection: Keep-Alive
accept-encoding: gzip,deflate
user-agent: agent
accept: application/json, application/*+json
2020-05-11 16:06:00.662 [http-nio-8083-exec-7] INFO  [org.zalando.logbook.Logbook:84] [39527ac1a0346c0a,a79c0097fa88cc89] - Outgoing Response: d62912fddb8647cc
Duration: 10 ms
HTTP/1.1 200 OK
Transfer-Encoding: chunked
Keep-Alive: timeout=60
Connection: keep-alive
Date: Mon, 11 May 2020 08:06:00 GMT
Content-Type: application/json

{"code":0,"msg":"OK","result":{"id":1,"name":"123","age":1,"pwd":"123","token":"eyJhbGciOiJIUzI1NiJ9.eyJpc3MiOiJjb21tdW5pdHlfdXNlciIsIm5hbWUiOiIxMjMiLCJleHAiOjE1ODkyNjg0MDYsInB3ZCI6IjEyMyIsInRzIjoiMTU4OTE4MjAwNiJ9.yY6DbMzp031zgjZsVcio4dDkY8xubnLvIOuIjsEPD3s","avatarUrl":"1","accountId":"陈晓跃"}}
2020-05-11 16:06:00.680 [http-nio-8083-exec-8] INFO  [org.zalando.logbook.Logbook:79] [39527ac1a0346c0a,6c312a12404d00d6] - Incoming Request: 942f4ad8b756870a
GET http://DESKTOP-K5RUUL2:8083/notification/countUnread?userId=1&status=0 HTTP/1.1
x-b3-parentspanid: 39527ac1a0346c0a
x-b3-traceid: 39527ac1a0346c0a
x-b3-spanid: 6c312a12404d00d6
x-b3-sampled: 1
host: DESKTOP-K5RUUL2:8083
connection: Keep-Alive
accept-encoding: gzip,deflate
user-agent: agent
accept: application/json, application/*+json
2020-05-11 16:06:00.686 [http-nio-8083-exec-8] INFO  [org.zalando.logbook.Logbook:84] [39527ac1a0346c0a,6c312a12404d00d6] - Outgoing Response: 942f4ad8b756870a
Duration: 5 ms
HTTP/1.1 200 OK
Transfer-Encoding: chunked
Keep-Alive: timeout=60
Connection: keep-alive
Date: Mon, 11 May 2020 08:06:00 GMT
Content-Type: application/json

{"code":0,"msg":"OK","result":7}
2020-05-11 16:06:05.802 [http-nio-8083-exec-9] INFO  [org.zalando.logbook.Logbook:79] [920497f4c7f926b7,6d771b25c28551af] - Incoming Request: df79a3fcb92ddc23
GET http://DESKTOP-K5RUUL2:8083/user/get?token=eyJhbGciOiJIUzI1NiJ9.eyJpc3MiOiJjb21tdW5pdHlfdXNlciIsIm5hbWUiOiIxMjMiLCJleHAiOjE1ODkyNjg0MDYsInB3ZCI6IjEyMyIsInRzIjoiMTU4OTE4MjAwNiJ9.yY6DbMzp031zgjZsVcio4dDkY8xubnLvIOuIjsEPD3s HTTP/1.1
x-b3-parentspanid: 920497f4c7f926b7
x-b3-traceid: 920497f4c7f926b7
x-b3-spanid: 6d771b25c28551af
x-b3-sampled: 1
host: DESKTOP-K5RUUL2:8083
connection: Keep-Alive
accept-encoding: gzip,deflate
user-agent: agent
accept: application/json, application/*+json
2020-05-11 16:06:05.811 [http-nio-8083-exec-9] INFO  [org.zalando.logbook.Logbook:84] [920497f4c7f926b7,6d771b25c28551af] - Outgoing Response: df79a3fcb92ddc23
Duration: 9 ms
HTTP/1.1 200 OK
Transfer-Encoding: chunked
Keep-Alive: timeout=60
Connection: keep-alive
Date: Mon, 11 May 2020 08:06:05 GMT
Content-Type: application/json

{"code":0,"msg":"OK","result":{"id":1,"name":"123","age":1,"pwd":"123","token":"eyJhbGciOiJIUzI1NiJ9.eyJpc3MiOiJjb21tdW5pdHlfdXNlciIsIm5hbWUiOiIxMjMiLCJleHAiOjE1ODkyNjg0MDYsInB3ZCI6IjEyMyIsInRzIjoiMTU4OTE4MjAwNiJ9.yY6DbMzp031zgjZsVcio4dDkY8xubnLvIOuIjsEPD3s","avatarUrl":"1","accountId":"陈晓跃"}}
2020-05-11 16:06:05.814 [http-nio-8083-exec-10] INFO  [org.zalando.logbook.Logbook:79] [920497f4c7f926b7,2df8b34b185a11d4] - Incoming Request: b836a26787913cdb
GET http://DESKTOP-K5RUUL2:8083/notification/countUnread?userId=1&status=0 HTTP/1.1
x-b3-parentspanid: 920497f4c7f926b7
x-b3-traceid: 920497f4c7f926b7
x-b3-spanid: 2df8b34b185a11d4
x-b3-sampled: 1
host: DESKTOP-K5RUUL2:8083
connection: Keep-Alive
accept-encoding: gzip,deflate
user-agent: agent
accept: application/json, application/*+json
2020-05-11 16:06:05.818 [http-nio-8083-exec-10] INFO  [org.zalando.logbook.Logbook:84] [920497f4c7f926b7,2df8b34b185a11d4] - Outgoing Response: b836a26787913cdb
Duration: 3 ms
HTTP/1.1 200 OK
Transfer-Encoding: chunked
Keep-Alive: timeout=60
Connection: keep-alive
Date: Mon, 11 May 2020 08:06:05 GMT
Content-Type: application/json

{"code":0,"msg":"OK","result":7}
2020-05-11 16:06:07.543 [http-nio-8083-exec-1] INFO  [org.zalando.logbook.Logbook:79] [6e6c80691307198a,e3b0deb1e4e74608] - Incoming Request: 9331c188c9a04c50
GET http://DESKTOP-K5RUUL2:8083/user/get?token=eyJhbGciOiJIUzI1NiJ9.eyJpc3MiOiJjb21tdW5pdHlfdXNlciIsIm5hbWUiOiIxMjMiLCJleHAiOjE1ODkyNjg0MDYsInB3ZCI6IjEyMyIsInRzIjoiMTU4OTE4MjAwNiJ9.yY6DbMzp031zgjZsVcio4dDkY8xubnLvIOuIjsEPD3s HTTP/1.1
x-b3-parentspanid: 6e6c80691307198a
x-b3-traceid: 6e6c80691307198a
x-b3-spanid: e3b0deb1e4e74608
x-b3-sampled: 1
host: DESKTOP-K5RUUL2:8083
connection: Keep-Alive
accept-encoding: gzip,deflate
user-agent: agent
accept: application/json, application/*+json
2020-05-11 16:06:07.550 [http-nio-8083-exec-1] INFO  [org.zalando.logbook.Logbook:84] [6e6c80691307198a,e3b0deb1e4e74608] - Outgoing Response: 9331c188c9a04c50
Duration: 6 ms
HTTP/1.1 200 OK
Transfer-Encoding: chunked
Keep-Alive: timeout=60
Connection: keep-alive
Date: Mon, 11 May 2020 08:06:07 GMT
Content-Type: application/json

{"code":0,"msg":"OK","result":{"id":1,"name":"123","age":1,"pwd":"123","token":"eyJhbGciOiJIUzI1NiJ9.eyJpc3MiOiJjb21tdW5pdHlfdXNlciIsIm5hbWUiOiIxMjMiLCJleHAiOjE1ODkyNjg0MDYsInB3ZCI6IjEyMyIsInRzIjoiMTU4OTE4MjAwNiJ9.yY6DbMzp031zgjZsVcio4dDkY8xubnLvIOuIjsEPD3s","avatarUrl":"1","accountId":"陈晓跃"}}
2020-05-11 16:06:07.554 [http-nio-8083-exec-2] INFO  [org.zalando.logbook.Logbook:79] [6e6c80691307198a,c8c015e1f222c591] - Incoming Request: dc1ee0f141328f8d
GET http://DESKTOP-K5RUUL2:8083/notification/countUnread?userId=1&status=0 HTTP/1.1
x-b3-parentspanid: 6e6c80691307198a
x-b3-traceid: 6e6c80691307198a
x-b3-spanid: c8c015e1f222c591
x-b3-sampled: 1
host: DESKTOP-K5RUUL2:8083
connection: Keep-Alive
accept-encoding: gzip,deflate
user-agent: agent
accept: application/json, application/*+json
2020-05-11 16:06:07.557 [http-nio-8083-exec-2] INFO  [org.zalando.logbook.Logbook:84] [6e6c80691307198a,c8c015e1f222c591] - Outgoing Response: dc1ee0f141328f8d
Duration: 3 ms
HTTP/1.1 200 OK
Transfer-Encoding: chunked
Keep-Alive: timeout=60
Connection: keep-alive
Date: Mon, 11 May 2020 08:06:07 GMT
Content-Type: application/json

{"code":0,"msg":"OK","result":7}
2020-05-11 16:06:08.254 [http-nio-8083-exec-3] INFO  [org.zalando.logbook.Logbook:79] [b122f19156622b56,84eb2901e792664f] - Incoming Request: e247ef72b372de59
GET http://DESKTOP-K5RUUL2:8083/user/get?token=eyJhbGciOiJIUzI1NiJ9.eyJpc3MiOiJjb21tdW5pdHlfdXNlciIsIm5hbWUiOiIxMjMiLCJleHAiOjE1ODkyNjg0MDYsInB3ZCI6IjEyMyIsInRzIjoiMTU4OTE4MjAwNiJ9.yY6DbMzp031zgjZsVcio4dDkY8xubnLvIOuIjsEPD3s HTTP/1.1
x-b3-parentspanid: b122f19156622b56
x-b3-traceid: b122f19156622b56
x-b3-spanid: 84eb2901e792664f
x-b3-sampled: 0
host: DESKTOP-K5RUUL2:8083
connection: Keep-Alive
accept-encoding: gzip,deflate
user-agent: agent
accept: application/json, application/*+json
2020-05-11 16:06:08.263 [http-nio-8083-exec-3] INFO  [org.zalando.logbook.Logbook:84] [b122f19156622b56,84eb2901e792664f] - Outgoing Response: e247ef72b372de59
Duration: 8 ms
HTTP/1.1 200 OK
Transfer-Encoding: chunked
Keep-Alive: timeout=60
Connection: keep-alive
Date: Mon, 11 May 2020 08:06:07 GMT
Content-Type: application/json

{"code":0,"msg":"OK","result":{"id":1,"name":"123","age":1,"pwd":"123","token":"eyJhbGciOiJIUzI1NiJ9.eyJpc3MiOiJjb21tdW5pdHlfdXNlciIsIm5hbWUiOiIxMjMiLCJleHAiOjE1ODkyNjg0MDYsInB3ZCI6IjEyMyIsInRzIjoiMTU4OTE4MjAwNiJ9.yY6DbMzp031zgjZsVcio4dDkY8xubnLvIOuIjsEPD3s","avatarUrl":"1","accountId":"陈晓跃"}}
2020-05-11 16:06:08.267 [http-nio-8083-exec-4] INFO  [org.zalando.logbook.Logbook:79] [b122f19156622b56,53c283150defc3fe] - Incoming Request: cefcc9a91a2f0ff4
GET http://DESKTOP-K5RUUL2:8083/notification/countUnread?userId=1&status=0 HTTP/1.1
x-b3-parentspanid: b122f19156622b56
x-b3-traceid: b122f19156622b56
x-b3-spanid: 53c283150defc3fe
x-b3-sampled: 0
host: DESKTOP-K5RUUL2:8083
connection: Keep-Alive
accept-encoding: gzip,deflate
user-agent: agent
accept: application/json, application/*+json
2020-05-11 16:06:08.271 [http-nio-8083-exec-4] INFO  [org.zalando.logbook.Logbook:84] [b122f19156622b56,53c283150defc3fe] - Outgoing Response: cefcc9a91a2f0ff4
Duration: 4 ms
HTTP/1.1 200 OK
Transfer-Encoding: chunked
Keep-Alive: timeout=60
Connection: keep-alive
Date: Mon, 11 May 2020 08:06:07 GMT
Content-Type: application/json

{"code":0,"msg":"OK","result":7}
2020-05-11 16:06:13.272 [http-nio-8083-exec-5] INFO  [org.zalando.logbook.Logbook:79] [726b14b54d799716,bcadb19e6bccaa51] - Incoming Request: b193342e0885b57a
GET http://DESKTOP-K5RUUL2:8083/user/get?token=eyJhbGciOiJIUzI1NiJ9.eyJpc3MiOiJjb21tdW5pdHlfdXNlciIsIm5hbWUiOiIxMjMiLCJleHAiOjE1ODkyNjg0MDYsInB3ZCI6IjEyMyIsInRzIjoiMTU4OTE4MjAwNiJ9.yY6DbMzp031zgjZsVcio4dDkY8xubnLvIOuIjsEPD3s HTTP/1.1
x-b3-parentspanid: 726b14b54d799716
x-b3-traceid: 726b14b54d799716
x-b3-spanid: bcadb19e6bccaa51
x-b3-sampled: 1
host: DESKTOP-K5RUUL2:8083
connection: Keep-Alive
accept-encoding: gzip,deflate
user-agent: agent
accept: application/json, application/*+json
2020-05-11 16:06:13.282 [http-nio-8083-exec-5] INFO  [org.zalando.logbook.Logbook:84] [726b14b54d799716,bcadb19e6bccaa51] - Outgoing Response: b193342e0885b57a
Duration: 10 ms
HTTP/1.1 200 OK
Transfer-Encoding: chunked
Keep-Alive: timeout=60
Connection: keep-alive
Date: Mon, 11 May 2020 08:06:13 GMT
Content-Type: application/json

{"code":0,"msg":"OK","result":{"id":1,"name":"123","age":1,"pwd":"123","token":"eyJhbGciOiJIUzI1NiJ9.eyJpc3MiOiJjb21tdW5pdHlfdXNlciIsIm5hbWUiOiIxMjMiLCJleHAiOjE1ODkyNjg0MDYsInB3ZCI6IjEyMyIsInRzIjoiMTU4OTE4MjAwNiJ9.yY6DbMzp031zgjZsVcio4dDkY8xubnLvIOuIjsEPD3s","avatarUrl":"1","accountId":"陈晓跃"}}
2020-05-11 16:06:13.286 [http-nio-8083-exec-6] INFO  [org.zalando.logbook.Logbook:79] [726b14b54d799716,8a37676b2d47e0fb] - Incoming Request: e82df26bcaee802b
GET http://DESKTOP-K5RUUL2:8083/notification/countUnread?userId=1&status=0 HTTP/1.1
x-b3-parentspanid: 726b14b54d799716
x-b3-traceid: 726b14b54d799716
x-b3-spanid: 8a37676b2d47e0fb
x-b3-sampled: 1
host: DESKTOP-K5RUUL2:8083
connection: Keep-Alive
accept-encoding: gzip,deflate
user-agent: agent
accept: application/json, application/*+json
2020-05-11 16:06:13.290 [http-nio-8083-exec-6] INFO  [org.zalando.logbook.Logbook:84] [726b14b54d799716,8a37676b2d47e0fb] - Outgoing Response: e82df26bcaee802b
Duration: 3 ms
HTTP/1.1 200 OK
Transfer-Encoding: chunked
Keep-Alive: timeout=60
Connection: keep-alive
Date: Mon, 11 May 2020 08:06:13 GMT
Content-Type: application/json

{"code":0,"msg":"OK","result":7}
2020-05-11 16:06:18.722 [http-nio-8083-exec-7] INFO  [org.zalando.logbook.Logbook:79] [36b8567172471cb8,325b57ce3ce6a9c8] - Incoming Request: 90e2132e14383a09
GET http://DESKTOP-K5RUUL2:8083/user/get?token=eyJhbGciOiJIUzI1NiJ9.eyJpc3MiOiJjb21tdW5pdHlfdXNlciIsIm5hbWUiOiIxMjMiLCJleHAiOjE1ODkyNjg0MDYsInB3ZCI6IjEyMyIsInRzIjoiMTU4OTE4MjAwNiJ9.yY6DbMzp031zgjZsVcio4dDkY8xubnLvIOuIjsEPD3s HTTP/1.1
x-b3-parentspanid: 36b8567172471cb8
x-b3-traceid: 36b8567172471cb8
x-b3-spanid: 325b57ce3ce6a9c8
x-b3-sampled: 1
host: DESKTOP-K5RUUL2:8083
connection: Keep-Alive
accept-encoding: gzip,deflate
user-agent: agent
accept: application/json, application/*+json
2020-05-11 16:06:18.728 [http-nio-8083-exec-7] INFO  [org.zalando.logbook.Logbook:84] [36b8567172471cb8,325b57ce3ce6a9c8] - Outgoing Response: 90e2132e14383a09
Duration: 7 ms
HTTP/1.1 200 OK
Transfer-Encoding: chunked
Keep-Alive: timeout=60
Connection: keep-alive
Date: Mon, 11 May 2020 08:06:18 GMT
Content-Type: application/json

{"code":0,"msg":"OK","result":{"id":1,"name":"123","age":1,"pwd":"123","token":"eyJhbGciOiJIUzI1NiJ9.eyJpc3MiOiJjb21tdW5pdHlfdXNlciIsIm5hbWUiOiIxMjMiLCJleHAiOjE1ODkyNjg0MDYsInB3ZCI6IjEyMyIsInRzIjoiMTU4OTE4MjAwNiJ9.yY6DbMzp031zgjZsVcio4dDkY8xubnLvIOuIjsEPD3s","avatarUrl":"1","accountId":"陈晓跃"}}
2020-05-11 16:06:18.731 [http-nio-8083-exec-8] INFO  [org.zalando.logbook.Logbook:79] [36b8567172471cb8,518534ac20b6f2fe] - Incoming Request: 8240370c16d890e0
GET http://DESKTOP-K5RUUL2:8083/notification/countUnread?userId=1&status=0 HTTP/1.1
x-b3-parentspanid: 36b8567172471cb8
x-b3-traceid: 36b8567172471cb8
x-b3-spanid: 518534ac20b6f2fe
x-b3-sampled: 1
host: DESKTOP-K5RUUL2:8083
connection: Keep-Alive
accept-encoding: gzip,deflate
user-agent: agent
accept: application/json, application/*+json
2020-05-11 16:06:18.736 [http-nio-8083-exec-8] INFO  [org.zalando.logbook.Logbook:84] [36b8567172471cb8,518534ac20b6f2fe] - Outgoing Response: 8240370c16d890e0
Duration: 5 ms
HTTP/1.1 200 OK
Transfer-Encoding: chunked
Keep-Alive: timeout=60
Connection: keep-alive
Date: Mon, 11 May 2020 08:06:18 GMT
Content-Type: application/json

{"code":0,"msg":"OK","result":7}
2020-05-11 16:06:32.283 [http-nio-8083-exec-9] INFO  [org.zalando.logbook.Logbook:79] [676e47fe5b52e4fc,934c2a154a8a0d7e] - Incoming Request: bf25b3f1cfca5eac
GET http://DESKTOP-K5RUUL2:8083/user/get?token=eyJhbGciOiJIUzI1NiJ9.eyJpc3MiOiJjb21tdW5pdHlfdXNlciIsIm5hbWUiOiIxMjMiLCJleHAiOjE1ODkyNjg0MDYsInB3ZCI6IjEyMyIsInRzIjoiMTU4OTE4MjAwNiJ9.yY6DbMzp031zgjZsVcio4dDkY8xubnLvIOuIjsEPD3s HTTP/1.1
x-b3-parentspanid: 676e47fe5b52e4fc
x-b3-traceid: 676e47fe5b52e4fc
x-b3-spanid: 934c2a154a8a0d7e
x-b3-sampled: 1
host: DESKTOP-K5RUUL2:8083
connection: Keep-Alive
accept-encoding: gzip,deflate
user-agent: agent
accept: application/json, application/*+json
2020-05-11 16:06:32.291 [http-nio-8083-exec-9] INFO  [org.zalando.logbook.Logbook:84] [676e47fe5b52e4fc,934c2a154a8a0d7e] - Outgoing Response: bf25b3f1cfca5eac
Duration: 8 ms
HTTP/1.1 200 OK
Transfer-Encoding: chunked
Keep-Alive: timeout=60
Connection: keep-alive
Date: Mon, 11 May 2020 08:06:32 GMT
Content-Type: application/json

{"code":0,"msg":"OK","result":{"id":1,"name":"123","age":1,"pwd":"123","token":"eyJhbGciOiJIUzI1NiJ9.eyJpc3MiOiJjb21tdW5pdHlfdXNlciIsIm5hbWUiOiIxMjMiLCJleHAiOjE1ODkyNjg0MDYsInB3ZCI6IjEyMyIsInRzIjoiMTU4OTE4MjAwNiJ9.yY6DbMzp031zgjZsVcio4dDkY8xubnLvIOuIjsEPD3s","avatarUrl":"1","accountId":"陈晓跃"}}
2020-05-11 16:06:32.294 [http-nio-8083-exec-10] INFO  [org.zalando.logbook.Logbook:79] [676e47fe5b52e4fc,6a2706793a7cf4c1] - Incoming Request: df1f4ff7002d3166
GET http://DESKTOP-K5RUUL2:8083/notification/countUnread?userId=1&status=0 HTTP/1.1
x-b3-parentspanid: 676e47fe5b52e4fc
x-b3-traceid: 676e47fe5b52e4fc
x-b3-spanid: 6a2706793a7cf4c1
x-b3-sampled: 1
host: DESKTOP-K5RUUL2:8083
connection: Keep-Alive
accept-encoding: gzip,deflate
user-agent: agent
accept: application/json, application/*+json
2020-05-11 16:06:32.297 [http-nio-8083-exec-10] INFO  [org.zalando.logbook.Logbook:84] [676e47fe5b52e4fc,6a2706793a7cf4c1] - Outgoing Response: df1f4ff7002d3166
Duration: 3 ms
HTTP/1.1 200 OK
Transfer-Encoding: chunked
Keep-Alive: timeout=60
Connection: keep-alive
Date: Mon, 11 May 2020 08:06:32 GMT
Content-Type: application/json

{"code":0,"msg":"OK","result":7}
2020-05-11 16:08:51.989 [AsyncResolver-bootstrap-executor-0] INFO  [com.netflix.discovery.shared.resolver.aws.ConfigClusterResolver:43] [,] - Resolving eureka endpoints via configuration
2020-05-11 16:10:32.234 [http-nio-8083-exec-2] INFO  [org.zalando.logbook.Logbook:79] [979c5fd22e6da528,2b0dca99533037da] - Incoming Request: e4ccc3b134bb06c1
GET http://DESKTOP-K5RUUL2:8083/question/list?offset=0&size=4 HTTP/1.1
x-b3-parentspanid: 71f43cef2ea38e52
x-b3-traceid: 979c5fd22e6da528
x-b3-spanid: 2b0dca99533037da
x-b3-sampled: 1
host: DESKTOP-K5RUUL2:8083
connection: Keep-Alive
accept-encoding: gzip,deflate
user-agent: agent
accept: application/json, application/*+json
2020-05-11 16:10:32.239 [http-nio-8083-exec-2] INFO  [org.zalando.logbook.Logbook:84] [979c5fd22e6da528,2b0dca99533037da] - Outgoing Response: e4ccc3b134bb06c1
Duration: 4 ms
HTTP/1.1 200 OK
Transfer-Encoding: chunked
Keep-Alive: timeout=60
Connection: keep-alive
Date: Mon, 11 May 2020 08:10:32 GMT
Content-Type: application/json

{"code":0,"msg":"OK","result":[{"id":25,"title":"发布文章测试","description":"发布文章测试","tag":"js,php","gmtCreate":1587794699373,"gmtModified":1587794699373,"creator":1,"viewCount":0,"commentCount":0,"likeCount":null},{"id":24,"title":"什么是微服务，微服务的好处","description":"\t在微服务架构中，业务被拆分成多个高内聚低耦合的小型服务，每个小型服务都称作一个微服务，而每个微服务都可以运行在独立进程中，在整体架构中执行单独的任务，负责自己的功能。服务与服务之间可以相互调用，采用轻量级通信机制，独立自动部署，在每个微服务里面可以用不同的语言以及不同的存储技术。\r\n\t因此，微服务的优点显而易见，这也是让微服务架构成为热门架构的原因：\r\n\t第一点：易于开发和维护，每个微服务可由一个人或者一个小组进行开发和维护，微服务相对来说工程量较小，易于理解；\r\n\t第二点：独立部署，一个微服务的修改不需要协调其他的服务，节省了开发人员之间的沟通成本；\r\n\t第三点：伸缩性强，每个微服务都可以进行单独的横向和纵向上扩展，并且我们可以根据每个服务对硬件需求的不同进行定制化地升级和扩容，随着业务规模的扩大，我们可以进行进一步的拆分，进一步进行系统级的扩展。\r\n\t第四点：与组织结构相匹配，当出现异常日志的时候，我们可以通过划分不同的服务，交给不同的团队进行维护，减少维护、沟通成本；\t第五点：技术异构性，每个服务可以根据自身需求选择最适合该服务的技术进行开发。","tag":"java","gmtCreate":1587791267506,"gmtModified":1587791267506,"creator":1,"viewCount":17,"commentCount":3,"likeCount":null},{"id":23,"title":"最新文章","description":"123","tag":"python,java","gmtCreate":1587748463351,"gmtModified":1587748463351,"creator":1,"viewCount":1,"commentCount":0,"likeCount":null},{"id":22,"title":"编程之美","description":"132","tag":"java","gmtCreate":1587748280171,"gmtModified":1587748280171,"creator":1,"viewCount":0,"commentCount":0,"likeCount":null}]}
2020-05-11 16:10:32.284 [http-nio-8083-exec-3] INFO  [org.zalando.logbook.Logbook:79] [979c5fd22e6da528,1d0bf2c916bac77f] - Incoming Request: dadf9d13b61bb78d
GET http://DESKTOP-K5RUUL2:8083/question/list?offset=4&size=4 HTTP/1.1
x-b3-parentspanid: acd52b873b2a54de
x-b3-traceid: 979c5fd22e6da528
x-b3-spanid: 1d0bf2c916bac77f
x-b3-sampled: 1
host: DESKTOP-K5RUUL2:8083
connection: Keep-Alive
accept-encoding: gzip,deflate
user-agent: agent
accept: application/json, application/*+json
2020-05-11 16:10:32.289 [http-nio-8083-exec-3] INFO  [org.zalando.logbook.Logbook:84] [979c5fd22e6da528,1d0bf2c916bac77f] - Outgoing Response: dadf9d13b61bb78d
Duration: 5 ms
HTTP/1.1 200 OK
Transfer-Encoding: chunked
Keep-Alive: timeout=60
Connection: keep-alive
Date: Mon, 11 May 2020 08:10:32 GMT
Content-Type: application/json

{"code":0,"msg":"OK","result":[{"id":21,"title":"从0开始学JAVA","description":"123","tag":"java","gmtCreate":1587748265666,"gmtModified":1587748265666,"creator":1,"viewCount":0,"commentCount":0,"likeCount":null},{"id":20,"title":"微服务架构如何考虑？","description":"123","tag":"java","gmtCreate":1587748221949,"gmtModified":1587748221949,"creator":1,"viewCount":0,"commentCount":0,"likeCount":null},{"id":19,"title":"如何快速学习java","description":"123","tag":"java,php","gmtCreate":1587748189578,"gmtModified":1587748189578,"creator":1,"viewCount":0,"commentCount":0,"likeCount":null},{"id":18,"title":"热门3","description":"123","tag":"php,java,js","gmtCreate":1587463062594,"gmtModified":1587463062594,"creator":1,"viewCount":15,"commentCount":1,"likeCount":null}]}
2020-05-11 16:10:32.296 [http-nio-8083-exec-4] INFO  [org.zalando.logbook.Logbook:79] [979c5fd22e6da528,969b800d8a334091] - Incoming Request: d352273cea22511c
GET http://DESKTOP-K5RUUL2:8083/question/list?offset=8&size=4 HTTP/1.1
x-b3-parentspanid: 1b5a393ae16a52ec
x-b3-traceid: 979c5fd22e6da528
x-b3-spanid: 969b800d8a334091
x-b3-sampled: 1
host: DESKTOP-K5RUUL2:8083
connection: Keep-Alive
accept-encoding: gzip,deflate
user-agent: agent
accept: application/json, application/*+json
2020-05-11 16:10:32.300 [http-nio-8083-exec-4] INFO  [org.zalando.logbook.Logbook:84] [979c5fd22e6da528,969b800d8a334091] - Outgoing Response: d352273cea22511c
Duration: 4 ms
HTTP/1.1 200 OK
Transfer-Encoding: chunked
Keep-Alive: timeout=60
Connection: keep-alive
Date: Mon, 11 May 2020 08:10:32 GMT
Content-Type: application/json

{"code":0,"msg":"OK","result":[{"id":17,"title":"热门2","description":"123","tag":"js,php,java","gmtCreate":1587463050254,"gmtModified":1587463050254,"creator":1,"viewCount":0,"commentCount":0,"likeCount":null},{"id":16,"title":"热门标签","description":"123是科技部对UI安管部卡斯比接口的把会计师不安居客吧开发背带裤","tag":"php,js,java","gmtCreate":1587463038397,"gmtModified":1587463038397,"creator":1,"viewCount":0,"commentCount":0,"likeCount":null}]}
2020-05-11 16:13:51.990 [AsyncResolver-bootstrap-executor-0] INFO  [com.netflix.discovery.shared.resolver.aws.ConfigClusterResolver:43] [,] - Resolving eureka endpoints via configuration
2020-05-11 16:18:51.992 [AsyncResolver-bootstrap-executor-0] INFO  [com.netflix.discovery.shared.resolver.aws.ConfigClusterResolver:43] [,] - Resolving eureka endpoints via configuration
2020-05-11 16:19:53.074 [http-nio-8083-exec-6] INFO  [org.zalando.logbook.Logbook:79] [3ac7f2f8b8967bdd,bbe9d3e6e149dc69] - Incoming Request: 8529ebd8b241a521
GET http://DESKTOP-K5RUUL2:8083/user/get?token=eyJhbGciOiJIUzI1NiJ9.eyJpc3MiOiJjb21tdW5pdHlfdXNlciIsIm5hbWUiOiIxMjMiLCJleHAiOjE1ODkyNjg0MDYsInB3ZCI6IjEyMyIsInRzIjoiMTU4OTE4MjAwNiJ9.yY6DbMzp031zgjZsVcio4dDkY8xubnLvIOuIjsEPD3s HTTP/1.1
x-b3-parentspanid: 3ac7f2f8b8967bdd
x-b3-traceid: 3ac7f2f8b8967bdd
x-b3-spanid: bbe9d3e6e149dc69
x-b3-sampled: 1
host: DESKTOP-K5RUUL2:8083
connection: Keep-Alive
accept-encoding: gzip,deflate
user-agent: agent
accept: application/json, application/*+json
2020-05-11 16:19:53.086 [http-nio-8083-exec-6] INFO  [org.zalando.logbook.Logbook:84] [3ac7f2f8b8967bdd,bbe9d3e6e149dc69] - Outgoing Response: 8529ebd8b241a521
Duration: 11 ms
HTTP/1.1 200 OK
Transfer-Encoding: chunked
Keep-Alive: timeout=60
Connection: keep-alive
Date: Mon, 11 May 2020 08:19:53 GMT
Content-Type: application/json

{"code":0,"msg":"OK","result":{"id":1,"name":"123","age":1,"pwd":"123","token":"eyJhbGciOiJIUzI1NiJ9.eyJpc3MiOiJjb21tdW5pdHlfdXNlciIsIm5hbWUiOiIxMjMiLCJleHAiOjE1ODkyNjg0MDYsInB3ZCI6IjEyMyIsInRzIjoiMTU4OTE4MjAwNiJ9.yY6DbMzp031zgjZsVcio4dDkY8xubnLvIOuIjsEPD3s","avatarUrl":"1","accountId":"陈晓跃"}}
2020-05-11 16:19:53.120 [http-nio-8083-exec-7] INFO  [org.zalando.logbook.Logbook:79] [3ac7f2f8b8967bdd,240c13ba3105d2ed] - Incoming Request: a68c7b662fff00ea
GET http://DESKTOP-K5RUUL2:8083/notification/countUnread?userId=1&status=0 HTTP/1.1
x-b3-parentspanid: 3ac7f2f8b8967bdd
x-b3-traceid: 3ac7f2f8b8967bdd
x-b3-spanid: 240c13ba3105d2ed
x-b3-sampled: 1
host: DESKTOP-K5RUUL2:8083
connection: Keep-Alive
accept-encoding: gzip,deflate
user-agent: agent
accept: application/json, application/*+json
2020-05-11 16:19:53.123 [http-nio-8083-exec-7] INFO  [org.zalando.logbook.Logbook:84] [3ac7f2f8b8967bdd,240c13ba3105d2ed] - Outgoing Response: a68c7b662fff00ea
Duration: 4 ms
HTTP/1.1 200 OK
Transfer-Encoding: chunked
Keep-Alive: timeout=60
Connection: keep-alive
Date: Mon, 11 May 2020 08:19:53 GMT
Content-Type: application/json

{"code":0,"msg":"OK","result":7}
2020-05-11 16:19:55.268 [http-nio-8083-exec-8] INFO  [org.zalando.logbook.Logbook:79] [c7ecf026bd3b85de,4d3ab9ba16d194df] - Incoming Request: e491d509f155c0a7
GET http://DESKTOP-K5RUUL2:8083/user/get?token=eyJhbGciOiJIUzI1NiJ9.eyJpc3MiOiJjb21tdW5pdHlfdXNlciIsIm5hbWUiOiIxMjMiLCJleHAiOjE1ODkyNjg0MDYsInB3ZCI6IjEyMyIsInRzIjoiMTU4OTE4MjAwNiJ9.yY6DbMzp031zgjZsVcio4dDkY8xubnLvIOuIjsEPD3s HTTP/1.1
x-b3-parentspanid: c7ecf026bd3b85de
x-b3-traceid: c7ecf026bd3b85de
x-b3-spanid: 4d3ab9ba16d194df
x-b3-sampled: 1
host: DESKTOP-K5RUUL2:8083
connection: Keep-Alive
accept-encoding: gzip,deflate
user-agent: agent
accept: application/json, application/*+json
2020-05-11 16:19:55.274 [http-nio-8083-exec-8] INFO  [org.zalando.logbook.Logbook:84] [c7ecf026bd3b85de,4d3ab9ba16d194df] - Outgoing Response: e491d509f155c0a7
Duration: 6 ms
HTTP/1.1 200 OK
Transfer-Encoding: chunked
Keep-Alive: timeout=60
Connection: keep-alive
Date: Mon, 11 May 2020 08:19:55 GMT
Content-Type: application/json

{"code":0,"msg":"OK","result":{"id":1,"name":"123","age":1,"pwd":"123","token":"eyJhbGciOiJIUzI1NiJ9.eyJpc3MiOiJjb21tdW5pdHlfdXNlciIsIm5hbWUiOiIxMjMiLCJleHAiOjE1ODkyNjg0MDYsInB3ZCI6IjEyMyIsInRzIjoiMTU4OTE4MjAwNiJ9.yY6DbMzp031zgjZsVcio4dDkY8xubnLvIOuIjsEPD3s","avatarUrl":"1","accountId":"陈晓跃"}}
2020-05-11 16:19:55.279 [http-nio-8083-exec-9] INFO  [org.zalando.logbook.Logbook:79] [c7ecf026bd3b85de,c705018c4cc28254] - Incoming Request: bf0681453b984297
GET http://DESKTOP-K5RUUL2:8083/notification/countUnread?userId=1&status=0 HTTP/1.1
x-b3-parentspanid: c7ecf026bd3b85de
x-b3-traceid: c7ecf026bd3b85de
x-b3-spanid: c705018c4cc28254
x-b3-sampled: 1
host: DESKTOP-K5RUUL2:8083
connection: Keep-Alive
accept-encoding: gzip,deflate
user-agent: agent
accept: application/json, application/*+json
2020-05-11 16:19:55.283 [http-nio-8083-exec-9] INFO  [org.zalando.logbook.Logbook:84] [c7ecf026bd3b85de,c705018c4cc28254] - Outgoing Response: bf0681453b984297
Duration: 5 ms
HTTP/1.1 200 OK
Transfer-Encoding: chunked
Keep-Alive: timeout=60
Connection: keep-alive
Date: Mon, 11 May 2020 08:19:55 GMT
Content-Type: application/json

{"code":0,"msg":"OK","result":7}
2020-05-11 16:21:35.925 [http-nio-8083-exec-1] INFO  [org.zalando.logbook.Logbook:79] [19b1a6f5eb5a558f,7ccbf155b665ef87] - Incoming Request: 99572b455cc794cd
GET http://DESKTOP-K5RUUL2:8083/question/list?offset=0&size=4 HTTP/1.1
x-b3-parentspanid: e6d9782f8966d523
x-b3-traceid: 19b1a6f5eb5a558f
x-b3-spanid: 7ccbf155b665ef87
x-b3-sampled: 1
host: DESKTOP-K5RUUL2:8083
connection: Keep-Alive
accept-encoding: gzip,deflate
user-agent: agent
accept: application/json, application/*+json
2020-05-11 16:21:35.932 [http-nio-8083-exec-1] INFO  [org.zalando.logbook.Logbook:84] [19b1a6f5eb5a558f,7ccbf155b665ef87] - Outgoing Response: 99572b455cc794cd
Duration: 6 ms
HTTP/1.1 200 OK
Transfer-Encoding: chunked
Keep-Alive: timeout=60
Connection: keep-alive
Date: Mon, 11 May 2020 08:21:35 GMT
Content-Type: application/json

{"code":0,"msg":"OK","result":[{"id":25,"title":"发布文章测试","description":"发布文章测试","tag":"js,php","gmtCreate":1587794699373,"gmtModified":1587794699373,"creator":1,"viewCount":0,"commentCount":0,"likeCount":null},{"id":24,"title":"什么是微服务，微服务的好处","description":"\t在微服务架构中，业务被拆分成多个高内聚低耦合的小型服务，每个小型服务都称作一个微服务，而每个微服务都可以运行在独立进程中，在整体架构中执行单独的任务，负责自己的功能。服务与服务之间可以相互调用，采用轻量级通信机制，独立自动部署，在每个微服务里面可以用不同的语言以及不同的存储技术。\r\n\t因此，微服务的优点显而易见，这也是让微服务架构成为热门架构的原因：\r\n\t第一点：易于开发和维护，每个微服务可由一个人或者一个小组进行开发和维护，微服务相对来说工程量较小，易于理解；\r\n\t第二点：独立部署，一个微服务的修改不需要协调其他的服务，节省了开发人员之间的沟通成本；\r\n\t第三点：伸缩性强，每个微服务都可以进行单独的横向和纵向上扩展，并且我们可以根据每个服务对硬件需求的不同进行定制化地升级和扩容，随着业务规模的扩大，我们可以进行进一步的拆分，进一步进行系统级的扩展。\r\n\t第四点：与组织结构相匹配，当出现异常日志的时候，我们可以通过划分不同的服务，交给不同的团队进行维护，减少维护、沟通成本；\t第五点：技术异构性，每个服务可以根据自身需求选择最适合该服务的技术进行开发。","tag":"java","gmtCreate":1587791267506,"gmtModified":1587791267506,"creator":1,"viewCount":17,"commentCount":3,"likeCount":null},{"id":23,"title":"最新文章","description":"123","tag":"python,java","gmtCreate":1587748463351,"gmtModified":1587748463351,"creator":1,"viewCount":1,"commentCount":0,"likeCount":null},{"id":22,"title":"编程之美","description":"132","tag":"java","gmtCreate":1587748280171,"gmtModified":1587748280171,"creator":1,"viewCount":0,"commentCount":0,"likeCount":null}]}
2020-05-11 16:21:35.978 [http-nio-8083-exec-2] INFO  [org.zalando.logbook.Logbook:79] [19b1a6f5eb5a558f,20ab239c05558e39] - Incoming Request: 99967a1d5be96153
GET http://DESKTOP-K5RUUL2:8083/question/list?offset=4&size=4 HTTP/1.1
x-b3-parentspanid: 3c163725a2229b11
x-b3-traceid: 19b1a6f5eb5a558f
x-b3-spanid: 20ab239c05558e39
x-b3-sampled: 1
host: DESKTOP-K5RUUL2:8083
connection: Keep-Alive
accept-encoding: gzip,deflate
user-agent: agent
accept: application/json, application/*+json
2020-05-11 16:21:35.982 [http-nio-8083-exec-2] INFO  [org.zalando.logbook.Logbook:84] [19b1a6f5eb5a558f,20ab239c05558e39] - Outgoing Response: 99967a1d5be96153
Duration: 4 ms
HTTP/1.1 200 OK
Transfer-Encoding: chunked
Keep-Alive: timeout=60
Connection: keep-alive
Date: Mon, 11 May 2020 08:21:35 GMT
Content-Type: application/json

{"code":0,"msg":"OK","result":[{"id":21,"title":"从0开始学JAVA","description":"123","tag":"java","gmtCreate":1587748265666,"gmtModified":1587748265666,"creator":1,"viewCount":0,"commentCount":0,"likeCount":null},{"id":20,"title":"微服务架构如何考虑？","description":"123","tag":"java","gmtCreate":1587748221949,"gmtModified":1587748221949,"creator":1,"viewCount":0,"commentCount":0,"likeCount":null},{"id":19,"title":"如何快速学习java","description":"123","tag":"java,php","gmtCreate":1587748189578,"gmtModified":1587748189578,"creator":1,"viewCount":0,"commentCount":0,"likeCount":null},{"id":18,"title":"热门3","description":"123","tag":"php,java,js","gmtCreate":1587463062594,"gmtModified":1587463062594,"creator":1,"viewCount":15,"commentCount":1,"likeCount":null}]}
2020-05-11 16:21:35.990 [http-nio-8083-exec-3] INFO  [org.zalando.logbook.Logbook:79] [19b1a6f5eb5a558f,754e04ba16308637] - Incoming Request: 831528d020732a3c
GET http://DESKTOP-K5RUUL2:8083/question/list?offset=8&size=4 HTTP/1.1
x-b3-parentspanid: e6aca162059b8e31
x-b3-traceid: 19b1a6f5eb5a558f
x-b3-spanid: 754e04ba16308637
x-b3-sampled: 1
host: DESKTOP-K5RUUL2:8083
connection: Keep-Alive
accept-encoding: gzip,deflate
user-agent: agent
accept: application/json, application/*+json
2020-05-11 16:21:35.995 [http-nio-8083-exec-3] INFO  [org.zalando.logbook.Logbook:84] [19b1a6f5eb5a558f,754e04ba16308637] - Outgoing Response: 831528d020732a3c
Duration: 5 ms
HTTP/1.1 200 OK
Transfer-Encoding: chunked
Keep-Alive: timeout=60
Connection: keep-alive
Date: Mon, 11 May 2020 08:21:35 GMT
Content-Type: application/json

{"code":0,"msg":"OK","result":[{"id":17,"title":"热门2","description":"123","tag":"js,php,java","gmtCreate":1587463050254,"gmtModified":1587463050254,"creator":1,"viewCount":0,"commentCount":0,"likeCount":null},{"id":16,"title":"热门标签","description":"123是科技部对UI安管部卡斯比接口的把会计师不安居客吧开发背带裤","tag":"php,js,java","gmtCreate":1587463038397,"gmtModified":1587463038397,"creator":1,"viewCount":0,"commentCount":0,"likeCount":null}]}
2020-05-11 16:22:04.071 [http-nio-8083-exec-4] INFO  [org.zalando.logbook.Logbook:79] [62d2e3c53864825f,f3c7c64153c0c32c] - Incoming Request: dc9261b311c6a909
GET http://DESKTOP-K5RUUL2:8083/user/get?token=eyJhbGciOiJIUzI1NiJ9.eyJpc3MiOiJjb21tdW5pdHlfdXNlciIsIm5hbWUiOiIxMjMiLCJleHAiOjE1ODkyNjg0MDYsInB3ZCI6IjEyMyIsInRzIjoiMTU4OTE4MjAwNiJ9.yY6DbMzp031zgjZsVcio4dDkY8xubnLvIOuIjsEPD3s HTTP/1.1
x-b3-parentspanid: 62d2e3c53864825f
x-b3-traceid: 62d2e3c53864825f
x-b3-spanid: f3c7c64153c0c32c
x-b3-sampled: 1
host: DESKTOP-K5RUUL2:8083
connection: Keep-Alive
accept-encoding: gzip,deflate
user-agent: agent
accept: application/json, application/*+json
2020-05-11 16:22:04.078 [http-nio-8083-exec-4] INFO  [org.zalando.logbook.Logbook:84] [62d2e3c53864825f,f3c7c64153c0c32c] - Outgoing Response: dc9261b311c6a909
Duration: 6 ms
HTTP/1.1 200 OK
Transfer-Encoding: chunked
Keep-Alive: timeout=60
Connection: keep-alive
Date: Mon, 11 May 2020 08:22:04 GMT
Content-Type: application/json

{"code":0,"msg":"OK","result":{"id":1,"name":"123","age":1,"pwd":"123","token":"eyJhbGciOiJIUzI1NiJ9.eyJpc3MiOiJjb21tdW5pdHlfdXNlciIsIm5hbWUiOiIxMjMiLCJleHAiOjE1ODkyNjg0MDYsInB3ZCI6IjEyMyIsInRzIjoiMTU4OTE4MjAwNiJ9.yY6DbMzp031zgjZsVcio4dDkY8xubnLvIOuIjsEPD3s","avatarUrl":"1","accountId":"陈晓跃"}}
2020-05-11 16:22:04.097 [http-nio-8083-exec-5] INFO  [org.zalando.logbook.Logbook:79] [62d2e3c53864825f,651eb24c75aa026a] - Incoming Request: 93f52460055470cb
GET http://DESKTOP-K5RUUL2:8083/notification/countUnread?userId=1&status=0 HTTP/1.1
x-b3-parentspanid: 62d2e3c53864825f
x-b3-traceid: 62d2e3c53864825f
x-b3-spanid: 651eb24c75aa026a
x-b3-sampled: 1
host: DESKTOP-K5RUUL2:8083
connection: Keep-Alive
accept-encoding: gzip,deflate
user-agent: agent
accept: application/json, application/*+json
2020-05-11 16:22:04.100 [http-nio-8083-exec-5] INFO  [org.zalando.logbook.Logbook:84] [62d2e3c53864825f,651eb24c75aa026a] - Outgoing Response: 93f52460055470cb
Duration: 4 ms
HTTP/1.1 200 OK
Transfer-Encoding: chunked
Keep-Alive: timeout=60
Connection: keep-alive
Date: Mon, 11 May 2020 08:22:04 GMT
Content-Type: application/json

{"code":0,"msg":"OK","result":7}
2020-05-11 16:23:51.994 [AsyncResolver-bootstrap-executor-0] INFO  [com.netflix.discovery.shared.resolver.aws.ConfigClusterResolver:43] [,] - Resolving eureka endpoints via configuration
2020-05-11 16:27:17.637 [http-nio-8083-exec-7] INFO  [org.zalando.logbook.Logbook:79] [b23deaf15a9b137a,96c1a2635c56f8b9] - Incoming Request: cf75bdf018970deb
GET http://DESKTOP-K5RUUL2:8083/user/get?token=eyJhbGciOiJIUzI1NiJ9.eyJpc3MiOiJjb21tdW5pdHlfdXNlciIsIm5hbWUiOiIxMjMiLCJleHAiOjE1ODkyNjg0MDYsInB3ZCI6IjEyMyIsInRzIjoiMTU4OTE4MjAwNiJ9.yY6DbMzp031zgjZsVcio4dDkY8xubnLvIOuIjsEPD3s HTTP/1.1
x-b3-parentspanid: b23deaf15a9b137a
x-b3-traceid: b23deaf15a9b137a
x-b3-spanid: 96c1a2635c56f8b9
x-b3-sampled: 1
host: DESKTOP-K5RUUL2:8083
connection: Keep-Alive
accept-encoding: gzip,deflate
user-agent: agent
accept: application/json, application/*+json
2020-05-11 16:27:17.647 [http-nio-8083-exec-7] INFO  [org.zalando.logbook.Logbook:84] [b23deaf15a9b137a,96c1a2635c56f8b9] - Outgoing Response: cf75bdf018970deb
Duration: 10 ms
HTTP/1.1 200 OK
Transfer-Encoding: chunked
Keep-Alive: timeout=60
Connection: keep-alive
Date: Mon, 11 May 2020 08:27:17 GMT
Content-Type: application/json

{"code":0,"msg":"OK","result":{"id":1,"name":"123","age":1,"pwd":"123","token":"eyJhbGciOiJIUzI1NiJ9.eyJpc3MiOiJjb21tdW5pdHlfdXNlciIsIm5hbWUiOiIxMjMiLCJleHAiOjE1ODkyNjg0MDYsInB3ZCI6IjEyMyIsInRzIjoiMTU4OTE4MjAwNiJ9.yY6DbMzp031zgjZsVcio4dDkY8xubnLvIOuIjsEPD3s","avatarUrl":"1","accountId":"陈晓跃"}}
2020-05-11 16:27:17.652 [http-nio-8083-exec-8] INFO  [org.zalando.logbook.Logbook:79] [b23deaf15a9b137a,caab5e8f21369e5c] - Incoming Request: bba9975556e3dc98
GET http://DESKTOP-K5RUUL2:8083/notification/countUnread?userId=1&status=0 HTTP/1.1
x-b3-parentspanid: b23deaf15a9b137a
x-b3-traceid: b23deaf15a9b137a
x-b3-spanid: caab5e8f21369e5c
x-b3-sampled: 1
host: DESKTOP-K5RUUL2:8083
connection: Keep-Alive
accept-encoding: gzip,deflate
user-agent: agent
accept: application/json, application/*+json
2020-05-11 16:27:17.658 [http-nio-8083-exec-8] INFO  [org.zalando.logbook.Logbook:84] [b23deaf15a9b137a,caab5e8f21369e5c] - Outgoing Response: bba9975556e3dc98
Duration: 6 ms
HTTP/1.1 200 OK
Transfer-Encoding: chunked
Keep-Alive: timeout=60
Connection: keep-alive
Date: Mon, 11 May 2020 08:27:17 GMT
Content-Type: application/json

{"code":0,"msg":"OK","result":7}
2020-05-11 16:27:50.078 [http-nio-8083-exec-9] INFO  [org.zalando.logbook.Logbook:79] [e3d48fb31535d175,b98525b9ab2b41fa] - Incoming Request: cc5554ccd05b4fc7
GET http://DESKTOP-K5RUUL2:8083/user/get?token=eyJhbGciOiJIUzI1NiJ9.eyJpc3MiOiJjb21tdW5pdHlfdXNlciIsIm5hbWUiOiIxMjMiLCJleHAiOjE1ODkyNjg0MDYsInB3ZCI6IjEyMyIsInRzIjoiMTU4OTE4MjAwNiJ9.yY6DbMzp031zgjZsVcio4dDkY8xubnLvIOuIjsEPD3s HTTP/1.1
x-b3-parentspanid: e3d48fb31535d175
x-b3-traceid: e3d48fb31535d175
x-b3-spanid: b98525b9ab2b41fa
x-b3-sampled: 1
host: DESKTOP-K5RUUL2:8083
connection: Keep-Alive
accept-encoding: gzip,deflate
user-agent: agent
accept: application/json, application/*+json
2020-05-11 16:27:50.090 [http-nio-8083-exec-9] INFO  [org.zalando.logbook.Logbook:84] [e3d48fb31535d175,b98525b9ab2b41fa] - Outgoing Response: cc5554ccd05b4fc7
Duration: 11 ms
HTTP/1.1 200 OK
Transfer-Encoding: chunked
Keep-Alive: timeout=60
Connection: keep-alive
Date: Mon, 11 May 2020 08:27:50 GMT
Content-Type: application/json

{"code":0,"msg":"OK","result":{"id":1,"name":"123","age":1,"pwd":"123","token":"eyJhbGciOiJIUzI1NiJ9.eyJpc3MiOiJjb21tdW5pdHlfdXNlciIsIm5hbWUiOiIxMjMiLCJleHAiOjE1ODkyNjg0MDYsInB3ZCI6IjEyMyIsInRzIjoiMTU4OTE4MjAwNiJ9.yY6DbMzp031zgjZsVcio4dDkY8xubnLvIOuIjsEPD3s","avatarUrl":"1","accountId":"陈晓跃"}}
2020-05-11 16:27:50.093 [http-nio-8083-exec-10] INFO  [org.zalando.logbook.Logbook:79] [e3d48fb31535d175,ed79785ee970a194] - Incoming Request: ddbee3940526d04e
GET http://DESKTOP-K5RUUL2:8083/notification/countUnread?userId=1&status=0 HTTP/1.1
x-b3-parentspanid: e3d48fb31535d175
x-b3-traceid: e3d48fb31535d175
x-b3-spanid: ed79785ee970a194
x-b3-sampled: 1
host: DESKTOP-K5RUUL2:8083
connection: Keep-Alive
accept-encoding: gzip,deflate
user-agent: agent
accept: application/json, application/*+json
2020-05-11 16:27:50.097 [http-nio-8083-exec-10] INFO  [org.zalando.logbook.Logbook:84] [e3d48fb31535d175,ed79785ee970a194] - Outgoing Response: ddbee3940526d04e
Duration: 4 ms
HTTP/1.1 200 OK
Transfer-Encoding: chunked
Keep-Alive: timeout=60
Connection: keep-alive
Date: Mon, 11 May 2020 08:27:50 GMT
Content-Type: application/json

{"code":0,"msg":"OK","result":7}
2020-05-11 16:28:42.277 [http-nio-8083-exec-1] INFO  [org.zalando.logbook.Logbook:79] [9698c093c5acdde8,1f9a1a06e93f9864] - Incoming Request: f06abb23c816a6b8
GET http://DESKTOP-K5RUUL2:8083/user/get?token=eyJhbGciOiJIUzI1NiJ9.eyJpc3MiOiJjb21tdW5pdHlfdXNlciIsIm5hbWUiOiIxMjMiLCJleHAiOjE1ODkyNjg0MDYsInB3ZCI6IjEyMyIsInRzIjoiMTU4OTE4MjAwNiJ9.yY6DbMzp031zgjZsVcio4dDkY8xubnLvIOuIjsEPD3s HTTP/1.1
x-b3-parentspanid: 9698c093c5acdde8
x-b3-traceid: 9698c093c5acdde8
x-b3-spanid: 1f9a1a06e93f9864
x-b3-sampled: 1
host: DESKTOP-K5RUUL2:8083
connection: Keep-Alive
accept-encoding: gzip,deflate
user-agent: agent
accept: application/json, application/*+json
2020-05-11 16:28:42.284 [http-nio-8083-exec-1] INFO  [org.zalando.logbook.Logbook:84] [9698c093c5acdde8,1f9a1a06e93f9864] - Outgoing Response: f06abb23c816a6b8
Duration: 7 ms
HTTP/1.1 200 OK
Transfer-Encoding: chunked
Keep-Alive: timeout=60
Connection: keep-alive
Date: Mon, 11 May 2020 08:28:42 GMT
Content-Type: application/json

{"code":0,"msg":"OK","result":{"id":1,"name":"123","age":1,"pwd":"123","token":"eyJhbGciOiJIUzI1NiJ9.eyJpc3MiOiJjb21tdW5pdHlfdXNlciIsIm5hbWUiOiIxMjMiLCJleHAiOjE1ODkyNjg0MDYsInB3ZCI6IjEyMyIsInRzIjoiMTU4OTE4MjAwNiJ9.yY6DbMzp031zgjZsVcio4dDkY8xubnLvIOuIjsEPD3s","avatarUrl":"1","accountId":"陈晓跃"}}
2020-05-11 16:28:42.287 [http-nio-8083-exec-2] INFO  [org.zalando.logbook.Logbook:79] [9698c093c5acdde8,517d25f5bc14b935] - Incoming Request: 99a4e5afceeb3ea6
GET http://DESKTOP-K5RUUL2:8083/notification/countUnread?userId=1&status=0 HTTP/1.1
x-b3-parentspanid: 9698c093c5acdde8
x-b3-traceid: 9698c093c5acdde8
x-b3-spanid: 517d25f5bc14b935
x-b3-sampled: 1
host: DESKTOP-K5RUUL2:8083
connection: Keep-Alive
accept-encoding: gzip,deflate
user-agent: agent
accept: application/json, application/*+json
2020-05-11 16:28:42.290 [http-nio-8083-exec-2] INFO  [org.zalando.logbook.Logbook:84] [9698c093c5acdde8,517d25f5bc14b935] - Outgoing Response: 99a4e5afceeb3ea6
Duration: 3 ms
HTTP/1.1 200 OK
Transfer-Encoding: chunked
Keep-Alive: timeout=60
Connection: keep-alive
Date: Mon, 11 May 2020 08:28:42 GMT
Content-Type: application/json

{"code":0,"msg":"OK","result":7}
2020-05-11 16:28:51.997 [AsyncResolver-bootstrap-executor-0] INFO  [com.netflix.discovery.shared.resolver.aws.ConfigClusterResolver:43] [,] - Resolving eureka endpoints via configuration
2020-05-11 16:29:24.328 [http-nio-8083-exec-3] INFO  [org.zalando.logbook.Logbook:79] [ec605c7b50762f25,e93c9da813bc0b7a] - Incoming Request: 9b9d238af29eb937
GET http://DESKTOP-K5RUUL2:8083/user/get?token=eyJhbGciOiJIUzI1NiJ9.eyJpc3MiOiJjb21tdW5pdHlfdXNlciIsIm5hbWUiOiIxMjMiLCJleHAiOjE1ODkyNjg0MDYsInB3ZCI6IjEyMyIsInRzIjoiMTU4OTE4MjAwNiJ9.yY6DbMzp031zgjZsVcio4dDkY8xubnLvIOuIjsEPD3s HTTP/1.1
x-b3-parentspanid: ec605c7b50762f25
x-b3-traceid: ec605c7b50762f25
x-b3-spanid: e93c9da813bc0b7a
x-b3-sampled: 1
host: DESKTOP-K5RUUL2:8083
connection: Keep-Alive
accept-encoding: gzip,deflate
user-agent: agent
accept: application/json, application/*+json
2020-05-11 16:29:24.343 [http-nio-8083-exec-3] INFO  [org.zalando.logbook.Logbook:84] [ec605c7b50762f25,e93c9da813bc0b7a] - Outgoing Response: 9b9d238af29eb937
Duration: 14 ms
HTTP/1.1 200 OK
Transfer-Encoding: chunked
Keep-Alive: timeout=60
Connection: keep-alive
Date: Mon, 11 May 2020 08:29:24 GMT
Content-Type: application/json

{"code":0,"msg":"OK","result":{"id":1,"name":"123","age":1,"pwd":"123","token":"eyJhbGciOiJIUzI1NiJ9.eyJpc3MiOiJjb21tdW5pdHlfdXNlciIsIm5hbWUiOiIxMjMiLCJleHAiOjE1ODkyNjg0MDYsInB3ZCI6IjEyMyIsInRzIjoiMTU4OTE4MjAwNiJ9.yY6DbMzp031zgjZsVcio4dDkY8xubnLvIOuIjsEPD3s","avatarUrl":"1","accountId":"陈晓跃"}}
2020-05-11 16:29:24.346 [http-nio-8083-exec-4] INFO  [org.zalando.logbook.Logbook:79] [ec605c7b50762f25,8e952119acfddbba] - Incoming Request: d8de75c325d3f7dc
GET http://DESKTOP-K5RUUL2:8083/notification/countUnread?userId=1&status=0 HTTP/1.1
x-b3-parentspanid: ec605c7b50762f25
x-b3-traceid: ec605c7b50762f25
x-b3-spanid: 8e952119acfddbba
x-b3-sampled: 1
host: DESKTOP-K5RUUL2:8083
connection: Keep-Alive
accept-encoding: gzip,deflate
user-agent: agent
accept: application/json, application/*+json
2020-05-11 16:29:24.349 [http-nio-8083-exec-4] INFO  [org.zalando.logbook.Logbook:84] [ec605c7b50762f25,8e952119acfddbba] - Outgoing Response: d8de75c325d3f7dc
Duration: 4 ms
HTTP/1.1 200 OK
Transfer-Encoding: chunked
Keep-Alive: timeout=60
Connection: keep-alive
Date: Mon, 11 May 2020 08:29:24 GMT
Content-Type: application/json

{"code":0,"msg":"OK","result":7}
2020-05-11 16:29:31.179 [http-nio-8083-exec-5] INFO  [org.zalando.logbook.Logbook:79] [e6ec0ada16132f26,8142836aceedd47a] - Incoming Request: e8f23020de877eb4
GET http://DESKTOP-K5RUUL2:8083/user/get?token=eyJhbGciOiJIUzI1NiJ9.eyJpc3MiOiJjb21tdW5pdHlfdXNlciIsIm5hbWUiOiIxMjMiLCJleHAiOjE1ODkyNjg0MDYsInB3ZCI6IjEyMyIsInRzIjoiMTU4OTE4MjAwNiJ9.yY6DbMzp031zgjZsVcio4dDkY8xubnLvIOuIjsEPD3s HTTP/1.1
x-b3-parentspanid: e6ec0ada16132f26
x-b3-traceid: e6ec0ada16132f26
x-b3-spanid: 8142836aceedd47a
x-b3-sampled: 1
host: DESKTOP-K5RUUL2:8083
connection: Keep-Alive
accept-encoding: gzip,deflate
user-agent: agent
accept: application/json, application/*+json
2020-05-11 16:29:31.185 [http-nio-8083-exec-5] INFO  [org.zalando.logbook.Logbook:84] [e6ec0ada16132f26,8142836aceedd47a] - Outgoing Response: e8f23020de877eb4
Duration: 6 ms
HTTP/1.1 200 OK
Transfer-Encoding: chunked
Keep-Alive: timeout=60
Connection: keep-alive
Date: Mon, 11 May 2020 08:29:31 GMT
Content-Type: application/json

{"code":0,"msg":"OK","result":{"id":1,"name":"123","age":1,"pwd":"123","token":"eyJhbGciOiJIUzI1NiJ9.eyJpc3MiOiJjb21tdW5pdHlfdXNlciIsIm5hbWUiOiIxMjMiLCJleHAiOjE1ODkyNjg0MDYsInB3ZCI6IjEyMyIsInRzIjoiMTU4OTE4MjAwNiJ9.yY6DbMzp031zgjZsVcio4dDkY8xubnLvIOuIjsEPD3s","avatarUrl":"1","accountId":"陈晓跃"}}
2020-05-11 16:29:31.189 [http-nio-8083-exec-6] INFO  [org.zalando.logbook.Logbook:79] [e6ec0ada16132f26,9580e8640e67f9bd] - Incoming Request: 85011b2c53b73164
GET http://DESKTOP-K5RUUL2:8083/notification/countUnread?userId=1&status=0 HTTP/1.1
x-b3-parentspanid: e6ec0ada16132f26
x-b3-traceid: e6ec0ada16132f26
x-b3-spanid: 9580e8640e67f9bd
x-b3-sampled: 1
host: DESKTOP-K5RUUL2:8083
connection: Keep-Alive
accept-encoding: gzip,deflate
user-agent: agent
accept: application/json, application/*+json
2020-05-11 16:29:31.192 [http-nio-8083-exec-6] INFO  [org.zalando.logbook.Logbook:84] [e6ec0ada16132f26,9580e8640e67f9bd] - Outgoing Response: 85011b2c53b73164
Duration: 4 ms
HTTP/1.1 200 OK
Transfer-Encoding: chunked
Keep-Alive: timeout=60
Connection: keep-alive
Date: Mon, 11 May 2020 08:29:31 GMT
Content-Type: application/json

{"code":0,"msg":"OK","result":7}
2020-05-11 16:33:51.998 [AsyncResolver-bootstrap-executor-0] INFO  [com.netflix.discovery.shared.resolver.aws.ConfigClusterResolver:43] [,] - Resolving eureka endpoints via configuration
2020-05-11 16:38:52.000 [AsyncResolver-bootstrap-executor-0] INFO  [com.netflix.discovery.shared.resolver.aws.ConfigClusterResolver:43] [,] - Resolving eureka endpoints via configuration
2020-05-11 16:43:52.012 [AsyncResolver-bootstrap-executor-0] INFO  [com.netflix.discovery.shared.resolver.aws.ConfigClusterResolver:43] [,] - Resolving eureka endpoints via configuration
2020-05-11 16:48:52.014 [AsyncResolver-bootstrap-executor-0] INFO  [com.netflix.discovery.shared.resolver.aws.ConfigClusterResolver:43] [,] - Resolving eureka endpoints via configuration
2020-05-11 16:52:50.952 [http-nio-8083-exec-8] INFO  [org.zalando.logbook.Logbook:79] [895dd6032ad50e13,9095fe88b0f05cf4] - Incoming Request: d607e46e9a006ce3
GET http://DESKTOP-K5RUUL2:8083/user/get?token=eyJhbGciOiJIUzI1NiJ9.eyJpc3MiOiJjb21tdW5pdHlfdXNlciIsIm5hbWUiOiIxMjMiLCJleHAiOjE1ODkyNjg0MDYsInB3ZCI6IjEyMyIsInRzIjoiMTU4OTE4MjAwNiJ9.yY6DbMzp031zgjZsVcio4dDkY8xubnLvIOuIjsEPD3s HTTP/1.1
x-b3-parentspanid: 895dd6032ad50e13
x-b3-traceid: 895dd6032ad50e13
x-b3-spanid: 9095fe88b0f05cf4
x-b3-sampled: 0
host: DESKTOP-K5RUUL2:8083
connection: Keep-Alive
accept-encoding: gzip,deflate
user-agent: agent
accept: application/json, application/*+json
2020-05-11 16:52:50.952 [http-nio-8083-exec-9] INFO  [org.zalando.logbook.Logbook:79] [dd6841a43072150f,0561406f06bd2e16] - Incoming Request: 85a7877e9785ebca
GET http://DESKTOP-K5RUUL2:8083/question/list?offset=0&size=4 HTTP/1.1
x-b3-parentspanid: ce9300fbb6863565
x-b3-traceid: dd6841a43072150f
x-b3-spanid: 0561406f06bd2e16
x-b3-sampled: 1
host: DESKTOP-K5RUUL2:8083
connection: Keep-Alive
accept-encoding: gzip,deflate
user-agent: agent
accept: application/json, application/*+json
2020-05-11 16:52:50.958 [http-nio-8083-exec-9] INFO  [org.zalando.logbook.Logbook:84] [dd6841a43072150f,0561406f06bd2e16] - Outgoing Response: 85a7877e9785ebca
Duration: 7 ms
HTTP/1.1 200 OK
Transfer-Encoding: chunked
Keep-Alive: timeout=60
Connection: keep-alive
Date: Mon, 11 May 2020 08:52:50 GMT
Content-Type: application/json

{"code":0,"msg":"OK","result":[{"id":25,"title":"发布文章测试","description":"发布文章测试","tag":"js,php","gmtCreate":1587794699373,"gmtModified":1587794699373,"creator":1,"viewCount":0,"commentCount":0,"likeCount":null},{"id":24,"title":"什么是微服务，微服务的好处","description":"\t在微服务架构中，业务被拆分成多个高内聚低耦合的小型服务，每个小型服务都称作一个微服务，而每个微服务都可以运行在独立进程中，在整体架构中执行单独的任务，负责自己的功能。服务与服务之间可以相互调用，采用轻量级通信机制，独立自动部署，在每个微服务里面可以用不同的语言以及不同的存储技术。\r\n\t因此，微服务的优点显而易见，这也是让微服务架构成为热门架构的原因：\r\n\t第一点：易于开发和维护，每个微服务可由一个人或者一个小组进行开发和维护，微服务相对来说工程量较小，易于理解；\r\n\t第二点：独立部署，一个微服务的修改不需要协调其他的服务，节省了开发人员之间的沟通成本；\r\n\t第三点：伸缩性强，每个微服务都可以进行单独的横向和纵向上扩展，并且我们可以根据每个服务对硬件需求的不同进行定制化地升级和扩容，随着业务规模的扩大，我们可以进行进一步的拆分，进一步进行系统级的扩展。\r\n\t第四点：与组织结构相匹配，当出现异常日志的时候，我们可以通过划分不同的服务，交给不同的团队进行维护，减少维护、沟通成本；\t第五点：技术异构性，每个服务可以根据自身需求选择最适合该服务的技术进行开发。","tag":"java","gmtCreate":1587791267506,"gmtModified":1587791267506,"creator":1,"viewCount":17,"commentCount":3,"likeCount":null},{"id":23,"title":"最新文章","description":"123","tag":"python,java","gmtCreate":1587748463351,"gmtModified":1587748463351,"creator":1,"viewCount":1,"commentCount":0,"likeCount":null},{"id":22,"title":"编程之美","description":"132","tag":"java","gmtCreate":1587748280171,"gmtModified":1587748280171,"creator":1,"viewCount":0,"commentCount":0,"likeCount":null}]}
2020-05-11 16:52:50.972 [http-nio-8083-exec-8] INFO  [org.zalando.logbook.Logbook:84] [895dd6032ad50e13,9095fe88b0f05cf4] - Outgoing Response: d607e46e9a006ce3
Duration: 20 ms
HTTP/1.1 200 OK
Transfer-Encoding: chunked
Keep-Alive: timeout=60
Connection: keep-alive
Date: Mon, 11 May 2020 08:52:50 GMT
Content-Type: application/json

{"code":0,"msg":"OK","result":{"id":1,"name":"123","age":1,"pwd":"123","token":"eyJhbGciOiJIUzI1NiJ9.eyJpc3MiOiJjb21tdW5pdHlfdXNlciIsIm5hbWUiOiIxMjMiLCJleHAiOjE1ODkyNjg0MDYsInB3ZCI6IjEyMyIsInRzIjoiMTU4OTE4MjAwNiJ9.yY6DbMzp031zgjZsVcio4dDkY8xubnLvIOuIjsEPD3s","avatarUrl":"1","accountId":"陈晓跃"}}
2020-05-11 16:52:51.014 [http-nio-8083-exec-1] INFO  [org.zalando.logbook.Logbook:79] [895dd6032ad50e13,6051316593195bc5] - Incoming Request: e5048ba1662fe33a
GET http://DESKTOP-K5RUUL2:8083/notification/countUnread?userId=1&status=0 HTTP/1.1
x-b3-parentspanid: 895dd6032ad50e13
x-b3-traceid: 895dd6032ad50e13
x-b3-spanid: 6051316593195bc5
x-b3-sampled: 0
host: DESKTOP-K5RUUL2:8083
connection: Keep-Alive
accept-encoding: gzip,deflate
user-agent: agent
accept: application/json, application/*+json
2020-05-11 16:52:51.014 [http-nio-8083-exec-10] INFO  [org.zalando.logbook.Logbook:79] [dd6841a43072150f,83b33ef08dfb3e43] - Incoming Request: cbf112d988bd2915
GET http://DESKTOP-K5RUUL2:8083/question/list?offset=4&size=4 HTTP/1.1
x-b3-parentspanid: d12ce55a29d62d78
x-b3-traceid: dd6841a43072150f
x-b3-spanid: 83b33ef08dfb3e43
x-b3-sampled: 1
host: DESKTOP-K5RUUL2:8083
connection: Keep-Alive
accept-encoding: gzip,deflate
user-agent: agent
accept: application/json, application/*+json
2020-05-11 16:52:51.018 [http-nio-8083-exec-10] INFO  [org.zalando.logbook.Logbook:84] [dd6841a43072150f,83b33ef08dfb3e43] - Outgoing Response: cbf112d988bd2915
Duration: 4 ms
HTTP/1.1 200 OK
Transfer-Encoding: chunked
Keep-Alive: timeout=60
Connection: keep-alive
Date: Mon, 11 May 2020 08:52:50 GMT
Content-Type: application/json

{"code":0,"msg":"OK","result":[{"id":21,"title":"从0开始学JAVA","description":"123","tag":"java","gmtCreate":1587748265666,"gmtModified":1587748265666,"creator":1,"viewCount":0,"commentCount":0,"likeCount":null},{"id":20,"title":"微服务架构如何考虑？","description":"123","tag":"java","gmtCreate":1587748221949,"gmtModified":1587748221949,"creator":1,"viewCount":0,"commentCount":0,"likeCount":null},{"id":19,"title":"如何快速学习java","description":"123","tag":"java,php","gmtCreate":1587748189578,"gmtModified":1587748189578,"creator":1,"viewCount":0,"commentCount":0,"likeCount":null},{"id":18,"title":"热门3","description":"123","tag":"php,java,js","gmtCreate":1587463062594,"gmtModified":1587463062594,"creator":1,"viewCount":15,"commentCount":1,"likeCount":null}]}
2020-05-11 16:52:51.029 [http-nio-8083-exec-2] INFO  [org.zalando.logbook.Logbook:79] [dd6841a43072150f,169379a7505f6390] - Incoming Request: fb7053f639139dca
GET http://DESKTOP-K5RUUL2:8083/question/list?offset=8&size=4 HTTP/1.1
x-b3-parentspanid: ecd0001d31ac5fb0
x-b3-traceid: dd6841a43072150f
x-b3-spanid: 169379a7505f6390
x-b3-sampled: 1
host: DESKTOP-K5RUUL2:8083
connection: Keep-Alive
accept-encoding: gzip,deflate
user-agent: agent
accept: application/json, application/*+json
2020-05-11 16:52:51.034 [http-nio-8083-exec-2] INFO  [org.zalando.logbook.Logbook:84] [dd6841a43072150f,169379a7505f6390] - Outgoing Response: fb7053f639139dca
Duration: 6 ms
HTTP/1.1 200 OK
Transfer-Encoding: chunked
Keep-Alive: timeout=60
Connection: keep-alive
Date: Mon, 11 May 2020 08:52:50 GMT
Content-Type: application/json

{"code":0,"msg":"OK","result":[{"id":17,"title":"热门2","description":"123","tag":"js,php,java","gmtCreate":1587463050254,"gmtModified":1587463050254,"creator":1,"viewCount":0,"commentCount":0,"likeCount":null},{"id":16,"title":"热门标签","description":"123是科技部对UI安管部卡斯比接口的把会计师不安居客吧开发背带裤","tag":"php,js,java","gmtCreate":1587463038397,"gmtModified":1587463038397,"creator":1,"viewCount":0,"commentCount":0,"likeCount":null}]}
2020-05-11 16:52:51.153 [http-nio-8083-exec-1] INFO  [org.zalando.logbook.Logbook:84] [895dd6032ad50e13,6051316593195bc5] - Outgoing Response: e5048ba1662fe33a
Duration: 137 ms
HTTP/1.1 200 OK
Transfer-Encoding: chunked
Keep-Alive: timeout=60
Connection: keep-alive
Date: Mon, 11 May 2020 08:52:50 GMT
Content-Type: application/json

{"code":0,"msg":"OK","result":7}
2020-05-11 16:53:52.017 [AsyncResolver-bootstrap-executor-0] INFO  [com.netflix.discovery.shared.resolver.aws.ConfigClusterResolver:43] [,] - Resolving eureka endpoints via configuration
2020-05-11 16:54:12.430 [http-nio-8083-exec-5] INFO  [org.zalando.logbook.Logbook:79] [7707c0652ed49155,2c181f9e23a504ed] - Incoming Request: f4dc98b6ad4835ee
GET http://DESKTOP-K5RUUL2:8083/user/get?token=eyJhbGciOiJIUzI1NiJ9.eyJpc3MiOiJjb21tdW5pdHlfdXNlciIsIm5hbWUiOiIxMjMiLCJleHAiOjE1ODkyNjg0MDYsInB3ZCI6IjEyMyIsInRzIjoiMTU4OTE4MjAwNiJ9.yY6DbMzp031zgjZsVcio4dDkY8xubnLvIOuIjsEPD3s HTTP/1.1
x-b3-parentspanid: 7707c0652ed49155
x-b3-traceid: 7707c0652ed49155
x-b3-spanid: 2c181f9e23a504ed
x-b3-sampled: 1
host: DESKTOP-K5RUUL2:8083
connection: Keep-Alive
accept-encoding: gzip,deflate
user-agent: agent
accept: application/json, application/*+json
2020-05-11 16:54:12.444 [http-nio-8083-exec-5] INFO  [org.zalando.logbook.Logbook:84] [7707c0652ed49155,2c181f9e23a504ed] - Outgoing Response: f4dc98b6ad4835ee
Duration: 14 ms
HTTP/1.1 200 OK
Transfer-Encoding: chunked
Keep-Alive: timeout=60
Connection: keep-alive
Date: Mon, 11 May 2020 08:54:12 GMT
Content-Type: application/json

{"code":0,"msg":"OK","result":{"id":1,"name":"123","age":1,"pwd":"123","token":"eyJhbGciOiJIUzI1NiJ9.eyJpc3MiOiJjb21tdW5pdHlfdXNlciIsIm5hbWUiOiIxMjMiLCJleHAiOjE1ODkyNjg0MDYsInB3ZCI6IjEyMyIsInRzIjoiMTU4OTE4MjAwNiJ9.yY6DbMzp031zgjZsVcio4dDkY8xubnLvIOuIjsEPD3s","avatarUrl":"1","accountId":"陈晓跃"}}
2020-05-11 16:54:12.451 [http-nio-8083-exec-6] INFO  [org.zalando.logbook.Logbook:79] [7707c0652ed49155,4f8139c4876493ca] - Incoming Request: c7fd15e1cfeab3c4
GET http://DESKTOP-K5RUUL2:8083/notification/countUnread?userId=1&status=0 HTTP/1.1
x-b3-parentspanid: 7707c0652ed49155
x-b3-traceid: 7707c0652ed49155
x-b3-spanid: 4f8139c4876493ca
x-b3-sampled: 1
host: DESKTOP-K5RUUL2:8083
connection: Keep-Alive
accept-encoding: gzip,deflate
user-agent: agent
accept: application/json, application/*+json
2020-05-11 16:54:12.457 [http-nio-8083-exec-6] INFO  [org.zalando.logbook.Logbook:84] [7707c0652ed49155,4f8139c4876493ca] - Outgoing Response: c7fd15e1cfeab3c4
Duration: 5 ms
HTTP/1.1 200 OK
Transfer-Encoding: chunked
Keep-Alive: timeout=60
Connection: keep-alive
Date: Mon, 11 May 2020 08:54:12 GMT
Content-Type: application/json

{"code":0,"msg":"OK","result":7}
2020-05-11 16:54:14.175 [http-nio-8083-exec-7] INFO  [org.zalando.logbook.Logbook:79] [3f99cc3fbef564b5,668a5f1d2fdd6941] - Incoming Request: d9ece0494eeb9e36
GET http://DESKTOP-K5RUUL2:8083/user/get?token=eyJhbGciOiJIUzI1NiJ9.eyJpc3MiOiJjb21tdW5pdHlfdXNlciIsIm5hbWUiOiIxMjMiLCJleHAiOjE1ODkyNjg0MDYsInB3ZCI6IjEyMyIsInRzIjoiMTU4OTE4MjAwNiJ9.yY6DbMzp031zgjZsVcio4dDkY8xubnLvIOuIjsEPD3s HTTP/1.1
x-b3-parentspanid: 3f99cc3fbef564b5
x-b3-traceid: 3f99cc3fbef564b5
x-b3-spanid: 668a5f1d2fdd6941
x-b3-sampled: 1
host: DESKTOP-K5RUUL2:8083
connection: Keep-Alive
accept-encoding: gzip,deflate
user-agent: agent
accept: application/json, application/*+json
2020-05-11 16:54:14.183 [http-nio-8083-exec-7] INFO  [org.zalando.logbook.Logbook:84] [3f99cc3fbef564b5,668a5f1d2fdd6941] - Outgoing Response: d9ece0494eeb9e36
Duration: 11 ms
HTTP/1.1 200 OK
Transfer-Encoding: chunked
Keep-Alive: timeout=60
Connection: keep-alive
Date: Mon, 11 May 2020 08:54:14 GMT
Content-Type: application/json

{"code":0,"msg":"OK","result":{"id":1,"name":"123","age":1,"pwd":"123","token":"eyJhbGciOiJIUzI1NiJ9.eyJpc3MiOiJjb21tdW5pdHlfdXNlciIsIm5hbWUiOiIxMjMiLCJleHAiOjE1ODkyNjg0MDYsInB3ZCI6IjEyMyIsInRzIjoiMTU4OTE4MjAwNiJ9.yY6DbMzp031zgjZsVcio4dDkY8xubnLvIOuIjsEPD3s","avatarUrl":"1","accountId":"陈晓跃"}}
2020-05-11 16:54:14.187 [http-nio-8083-exec-9] INFO  [org.zalando.logbook.Logbook:79] [3f99cc3fbef564b5,08af086ad9b096d8] - Incoming Request: d4123ba163517c21
GET http://DESKTOP-K5RUUL2:8083/notification/countUnread?userId=1&status=0 HTTP/1.1
x-b3-parentspanid: 3f99cc3fbef564b5
x-b3-traceid: 3f99cc3fbef564b5
x-b3-spanid: 08af086ad9b096d8
x-b3-sampled: 1
host: DESKTOP-K5RUUL2:8083
connection: Keep-Alive
accept-encoding: gzip,deflate
user-agent: agent
accept: application/json, application/*+json
2020-05-11 16:54:14.190 [http-nio-8083-exec-9] INFO  [org.zalando.logbook.Logbook:84] [3f99cc3fbef564b5,08af086ad9b096d8] - Outgoing Response: d4123ba163517c21
Duration: 4 ms
HTTP/1.1 200 OK
Transfer-Encoding: chunked
Keep-Alive: timeout=60
Connection: keep-alive
Date: Mon, 11 May 2020 08:54:14 GMT
Content-Type: application/json

{"code":0,"msg":"OK","result":7}
2020-05-11 16:54:15.340 [http-nio-8083-exec-8] INFO  [org.zalando.logbook.Logbook:79] [6b8b48bc6f7848d4,a8bcb59d1620c86a] - Incoming Request: c1681ae91b09cefe
GET http://DESKTOP-K5RUUL2:8083/user/get?token=eyJhbGciOiJIUzI1NiJ9.eyJpc3MiOiJjb21tdW5pdHlfdXNlciIsIm5hbWUiOiIxMjMiLCJleHAiOjE1ODkyNjg0MDYsInB3ZCI6IjEyMyIsInRzIjoiMTU4OTE4MjAwNiJ9.yY6DbMzp031zgjZsVcio4dDkY8xubnLvIOuIjsEPD3s HTTP/1.1
x-b3-parentspanid: 6b8b48bc6f7848d4
x-b3-traceid: 6b8b48bc6f7848d4
x-b3-spanid: a8bcb59d1620c86a
x-b3-sampled: 1
host: DESKTOP-K5RUUL2:8083
connection: Keep-Alive
accept-encoding: gzip,deflate
user-agent: agent
accept: application/json, application/*+json
2020-05-11 16:54:15.346 [http-nio-8083-exec-8] INFO  [org.zalando.logbook.Logbook:84] [6b8b48bc6f7848d4,a8bcb59d1620c86a] - Outgoing Response: c1681ae91b09cefe
Duration: 6 ms
HTTP/1.1 200 OK
Transfer-Encoding: chunked
Keep-Alive: timeout=60
Connection: keep-alive
Date: Mon, 11 May 2020 08:54:15 GMT
Content-Type: application/json

{"code":0,"msg":"OK","result":{"id":1,"name":"123","age":1,"pwd":"123","token":"eyJhbGciOiJIUzI1NiJ9.eyJpc3MiOiJjb21tdW5pdHlfdXNlciIsIm5hbWUiOiIxMjMiLCJleHAiOjE1ODkyNjg0MDYsInB3ZCI6IjEyMyIsInRzIjoiMTU4OTE4MjAwNiJ9.yY6DbMzp031zgjZsVcio4dDkY8xubnLvIOuIjsEPD3s","avatarUrl":"1","accountId":"陈晓跃"}}
2020-05-11 16:54:15.350 [http-nio-8083-exec-10] INFO  [org.zalando.logbook.Logbook:79] [6b8b48bc6f7848d4,7c231312d80a9e21] - Incoming Request: dd9969b13fa435e4
GET http://DESKTOP-K5RUUL2:8083/notification/countUnread?userId=1&status=0 HTTP/1.1
x-b3-parentspanid: 6b8b48bc6f7848d4
x-b3-traceid: 6b8b48bc6f7848d4
x-b3-spanid: 7c231312d80a9e21
x-b3-sampled: 1
host: DESKTOP-K5RUUL2:8083
connection: Keep-Alive
accept-encoding: gzip,deflate
user-agent: agent
accept: application/json, application/*+json
2020-05-11 16:54:15.354 [http-nio-8083-exec-10] INFO  [org.zalando.logbook.Logbook:84] [6b8b48bc6f7848d4,7c231312d80a9e21] - Outgoing Response: dd9969b13fa435e4
Duration: 3 ms
HTTP/1.1 200 OK
Transfer-Encoding: chunked
Keep-Alive: timeout=60
Connection: keep-alive
Date: Mon, 11 May 2020 08:54:15 GMT
Content-Type: application/json

{"code":0,"msg":"OK","result":7}
2020-05-11 16:55:19.285 [http-nio-8083-exec-1] INFO  [org.zalando.logbook.Logbook:79] [2a19e443a3636c87,6fa7f348f55f458e] - Incoming Request: 9dc29cb85579ca2a
GET http://DESKTOP-K5RUUL2:8083/question/list?offset=0&size=4 HTTP/1.1
x-b3-parentspanid: 902b266cc530ac7a
x-b3-traceid: 2a19e443a3636c87
x-b3-spanid: 6fa7f348f55f458e
x-b3-sampled: 1
host: DESKTOP-K5RUUL2:8083
connection: Keep-Alive
accept-encoding: gzip,deflate
user-agent: agent
accept: application/json, application/*+json
2020-05-11 16:55:19.293 [http-nio-8083-exec-1] INFO  [org.zalando.logbook.Logbook:84] [2a19e443a3636c87,6fa7f348f55f458e] - Outgoing Response: 9dc29cb85579ca2a
Duration: 10 ms
HTTP/1.1 200 OK
Transfer-Encoding: chunked
Keep-Alive: timeout=60
Connection: keep-alive
Date: Mon, 11 May 2020 08:55:19 GMT
Content-Type: application/json

{"code":0,"msg":"OK","result":[{"id":25,"title":"发布文章测试","description":"发布文章测试","tag":"js,php","gmtCreate":1587794699373,"gmtModified":1587794699373,"creator":1,"viewCount":0,"commentCount":0,"likeCount":null},{"id":24,"title":"什么是微服务，微服务的好处","description":"\t在微服务架构中，业务被拆分成多个高内聚低耦合的小型服务，每个小型服务都称作一个微服务，而每个微服务都可以运行在独立进程中，在整体架构中执行单独的任务，负责自己的功能。服务与服务之间可以相互调用，采用轻量级通信机制，独立自动部署，在每个微服务里面可以用不同的语言以及不同的存储技术。\r\n\t因此，微服务的优点显而易见，这也是让微服务架构成为热门架构的原因：\r\n\t第一点：易于开发和维护，每个微服务可由一个人或者一个小组进行开发和维护，微服务相对来说工程量较小，易于理解；\r\n\t第二点：独立部署，一个微服务的修改不需要协调其他的服务，节省了开发人员之间的沟通成本；\r\n\t第三点：伸缩性强，每个微服务都可以进行单独的横向和纵向上扩展，并且我们可以根据每个服务对硬件需求的不同进行定制化地升级和扩容，随着业务规模的扩大，我们可以进行进一步的拆分，进一步进行系统级的扩展。\r\n\t第四点：与组织结构相匹配，当出现异常日志的时候，我们可以通过划分不同的服务，交给不同的团队进行维护，减少维护、沟通成本；\t第五点：技术异构性，每个服务可以根据自身需求选择最适合该服务的技术进行开发。","tag":"java","gmtCreate":1587791267506,"gmtModified":1587791267506,"creator":1,"viewCount":17,"commentCount":3,"likeCount":null},{"id":23,"title":"最新文章","description":"123","tag":"python,java","gmtCreate":1587748463351,"gmtModified":1587748463351,"creator":1,"viewCount":1,"commentCount":0,"likeCount":null},{"id":22,"title":"编程之美","description":"132","tag":"java","gmtCreate":1587748280171,"gmtModified":1587748280171,"creator":1,"viewCount":0,"commentCount":0,"likeCount":null}]}
2020-05-11 16:55:19.336 [http-nio-8083-exec-3] INFO  [org.zalando.logbook.Logbook:79] [2a19e443a3636c87,adb752418154a04e] - Incoming Request: b78ea30d704022bc
GET http://DESKTOP-K5RUUL2:8083/question/list?offset=4&size=4 HTTP/1.1
x-b3-parentspanid: 62d917c2bf1a1791
x-b3-traceid: 2a19e443a3636c87
x-b3-spanid: adb752418154a04e
x-b3-sampled: 1
host: DESKTOP-K5RUUL2:8083
connection: Keep-Alive
accept-encoding: gzip,deflate
user-agent: agent
accept: application/json, application/*+json
2020-05-11 16:55:19.341 [http-nio-8083-exec-3] INFO  [org.zalando.logbook.Logbook:84] [2a19e443a3636c87,adb752418154a04e] - Outgoing Response: b78ea30d704022bc
Duration: 5 ms
HTTP/1.1 200 OK
Transfer-Encoding: chunked
Keep-Alive: timeout=60
Connection: keep-alive
Date: Mon, 11 May 2020 08:55:19 GMT
Content-Type: application/json

{"code":0,"msg":"OK","result":[{"id":21,"title":"从0开始学JAVA","description":"123","tag":"java","gmtCreate":1587748265666,"gmtModified":1587748265666,"creator":1,"viewCount":0,"commentCount":0,"likeCount":null},{"id":20,"title":"微服务架构如何考虑？","description":"123","tag":"java","gmtCreate":1587748221949,"gmtModified":1587748221949,"creator":1,"viewCount":0,"commentCount":0,"likeCount":null},{"id":19,"title":"如何快速学习java","description":"123","tag":"java,php","gmtCreate":1587748189578,"gmtModified":1587748189578,"creator":1,"viewCount":0,"commentCount":0,"likeCount":null},{"id":18,"title":"热门3","description":"123","tag":"php,java,js","gmtCreate":1587463062594,"gmtModified":1587463062594,"creator":1,"viewCount":15,"commentCount":1,"likeCount":null}]}
2020-05-11 16:55:19.347 [http-nio-8083-exec-4] INFO  [org.zalando.logbook.Logbook:79] [2a19e443a3636c87,2da274768cd01f51] - Incoming Request: 8b5334201f4687d5
GET http://DESKTOP-K5RUUL2:8083/question/list?offset=8&size=4 HTTP/1.1
x-b3-parentspanid: e76778a8ee558172
x-b3-traceid: 2a19e443a3636c87
x-b3-spanid: 2da274768cd01f51
x-b3-sampled: 1
host: DESKTOP-K5RUUL2:8083
connection: Keep-Alive
accept-encoding: gzip,deflate
user-agent: agent
accept: application/json, application/*+json
2020-05-11 16:55:19.351 [http-nio-8083-exec-4] INFO  [org.zalando.logbook.Logbook:84] [2a19e443a3636c87,2da274768cd01f51] - Outgoing Response: 8b5334201f4687d5
Duration: 4 ms
HTTP/1.1 200 OK
Transfer-Encoding: chunked
Keep-Alive: timeout=60
Connection: keep-alive
Date: Mon, 11 May 2020 08:55:19 GMT
Content-Type: application/json

{"code":0,"msg":"OK","result":[{"id":17,"title":"热门2","description":"123","tag":"js,php,java","gmtCreate":1587463050254,"gmtModified":1587463050254,"creator":1,"viewCount":0,"commentCount":0,"likeCount":null},{"id":16,"title":"热门标签","description":"123是科技部对UI安管部卡斯比接口的把会计师不安居客吧开发背带裤","tag":"php,js,java","gmtCreate":1587463038397,"gmtModified":1587463038397,"creator":1,"viewCount":0,"commentCount":0,"likeCount":null}]}
2020-05-11 16:55:53.609 [http-nio-8083-exec-5] INFO  [org.zalando.logbook.Logbook:79] [ec3564b5de695de2,a4736a767cf39ff5] - Incoming Request: ef1c2abfed215a08
GET http://DESKTOP-K5RUUL2:8083/user/get?token=eyJhbGciOiJIUzI1NiJ9.eyJpc3MiOiJjb21tdW5pdHlfdXNlciIsIm5hbWUiOiIxMjMiLCJleHAiOjE1ODkyNjg0MDYsInB3ZCI6IjEyMyIsInRzIjoiMTU4OTE4MjAwNiJ9.yY6DbMzp031zgjZsVcio4dDkY8xubnLvIOuIjsEPD3s HTTP/1.1
x-b3-parentspanid: ec3564b5de695de2
x-b3-traceid: ec3564b5de695de2
x-b3-spanid: a4736a767cf39ff5
x-b3-sampled: 1
host: DESKTOP-K5RUUL2:8083
connection: Keep-Alive
accept-encoding: gzip,deflate
user-agent: agent
accept: application/json, application/*+json
2020-05-11 16:55:53.615 [http-nio-8083-exec-5] INFO  [org.zalando.logbook.Logbook:84] [ec3564b5de695de2,a4736a767cf39ff5] - Outgoing Response: ef1c2abfed215a08
Duration: 6 ms
HTTP/1.1 200 OK
Transfer-Encoding: chunked
Keep-Alive: timeout=60
Connection: keep-alive
Date: Mon, 11 May 2020 08:55:53 GMT
Content-Type: application/json

{"code":0,"msg":"OK","result":{"id":1,"name":"123","age":1,"pwd":"123","token":"eyJhbGciOiJIUzI1NiJ9.eyJpc3MiOiJjb21tdW5pdHlfdXNlciIsIm5hbWUiOiIxMjMiLCJleHAiOjE1ODkyNjg0MDYsInB3ZCI6IjEyMyIsInRzIjoiMTU4OTE4MjAwNiJ9.yY6DbMzp031zgjZsVcio4dDkY8xubnLvIOuIjsEPD3s","avatarUrl":"1","accountId":"陈晓跃"}}
2020-05-11 16:55:53.629 [http-nio-8083-exec-6] INFO  [org.zalando.logbook.Logbook:79] [ec3564b5de695de2,bdda462085b4a62b] - Incoming Request: b2fce7a0340a7238
GET http://DESKTOP-K5RUUL2:8083/notification/countUnread?userId=1&status=0 HTTP/1.1
x-b3-parentspanid: ec3564b5de695de2
x-b3-traceid: ec3564b5de695de2
x-b3-spanid: bdda462085b4a62b
x-b3-sampled: 1
host: DESKTOP-K5RUUL2:8083
connection: Keep-Alive
accept-encoding: gzip,deflate
user-agent: agent
accept: application/json, application/*+json
2020-05-11 16:55:53.632 [http-nio-8083-exec-6] INFO  [org.zalando.logbook.Logbook:84] [ec3564b5de695de2,bdda462085b4a62b] - Outgoing Response: b2fce7a0340a7238
Duration: 3 ms
HTTP/1.1 200 OK
Transfer-Encoding: chunked
Keep-Alive: timeout=60
Connection: keep-alive
Date: Mon, 11 May 2020 08:55:53 GMT
Content-Type: application/json

{"code":0,"msg":"OK","result":7}
2020-05-11 16:58:52.131 [AsyncResolver-bootstrap-executor-0] INFO  [com.netflix.discovery.shared.resolver.aws.ConfigClusterResolver:43] [,] - Resolving eureka endpoints via configuration
2020-05-11 16:59:13.528 [http-nio-8083-exec-9] INFO  [org.zalando.logbook.Logbook:79] [d68434f0c5fa77e6,2a96a0d1c67843a3] - Incoming Request: d0834f32f2313b0f
GET http://DESKTOP-K5RUUL2:8083/question/list?offset=0&size=4 HTTP/1.1
x-b3-parentspanid: 5e4f8873e4d73197
x-b3-traceid: d68434f0c5fa77e6
x-b3-spanid: 2a96a0d1c67843a3
x-b3-sampled: 1
host: DESKTOP-K5RUUL2:8083
connection: Keep-Alive
accept-encoding: gzip,deflate
user-agent: agent
accept: application/json, application/*+json
2020-05-11 16:59:13.536 [http-nio-8083-exec-9] INFO  [org.zalando.logbook.Logbook:84] [d68434f0c5fa77e6,2a96a0d1c67843a3] - Outgoing Response: d0834f32f2313b0f
Duration: 8 ms
HTTP/1.1 200 OK
Transfer-Encoding: chunked
Keep-Alive: timeout=60
Connection: keep-alive
Date: Mon, 11 May 2020 08:59:13 GMT
Content-Type: application/json

{"code":0,"msg":"OK","result":[{"id":25,"title":"发布文章测试","description":"发布文章测试","tag":"js,php","gmtCreate":1587794699373,"gmtModified":1587794699373,"creator":1,"viewCount":0,"commentCount":0,"likeCount":null},{"id":24,"title":"什么是微服务，微服务的好处","description":"\t在微服务架构中，业务被拆分成多个高内聚低耦合的小型服务，每个小型服务都称作一个微服务，而每个微服务都可以运行在独立进程中，在整体架构中执行单独的任务，负责自己的功能。服务与服务之间可以相互调用，采用轻量级通信机制，独立自动部署，在每个微服务里面可以用不同的语言以及不同的存储技术。\r\n\t因此，微服务的优点显而易见，这也是让微服务架构成为热门架构的原因：\r\n\t第一点：易于开发和维护，每个微服务可由一个人或者一个小组进行开发和维护，微服务相对来说工程量较小，易于理解；\r\n\t第二点：独立部署，一个微服务的修改不需要协调其他的服务，节省了开发人员之间的沟通成本；\r\n\t第三点：伸缩性强，每个微服务都可以进行单独的横向和纵向上扩展，并且我们可以根据每个服务对硬件需求的不同进行定制化地升级和扩容，随着业务规模的扩大，我们可以进行进一步的拆分，进一步进行系统级的扩展。\r\n\t第四点：与组织结构相匹配，当出现异常日志的时候，我们可以通过划分不同的服务，交给不同的团队进行维护，减少维护、沟通成本；\t第五点：技术异构性，每个服务可以根据自身需求选择最适合该服务的技术进行开发。","tag":"java","gmtCreate":1587791267506,"gmtModified":1587791267506,"creator":1,"viewCount":17,"commentCount":3,"likeCount":null},{"id":23,"title":"最新文章","description":"123","tag":"python,java","gmtCreate":1587748463351,"gmtModified":1587748463351,"creator":1,"viewCount":1,"commentCount":0,"likeCount":null},{"id":22,"title":"编程之美","description":"132","tag":"java","gmtCreate":1587748280171,"gmtModified":1587748280171,"creator":1,"viewCount":0,"commentCount":0,"likeCount":null}]}
2020-05-11 16:59:13.581 [http-nio-8083-exec-8] INFO  [org.zalando.logbook.Logbook:79] [d68434f0c5fa77e6,cda9b64cc5216187] - Incoming Request: f18a0efa9b078f3a
GET http://DESKTOP-K5RUUL2:8083/question/list?offset=4&size=4 HTTP/1.1
x-b3-parentspanid: 27b6cd93098203f0
x-b3-traceid: d68434f0c5fa77e6
x-b3-spanid: cda9b64cc5216187
x-b3-sampled: 1
host: DESKTOP-K5RUUL2:8083
connection: Keep-Alive
accept-encoding: gzip,deflate
user-agent: agent
accept: application/json, application/*+json
2020-05-11 16:59:13.585 [http-nio-8083-exec-8] INFO  [org.zalando.logbook.Logbook:84] [d68434f0c5fa77e6,cda9b64cc5216187] - Outgoing Response: f18a0efa9b078f3a
Duration: 3 ms
HTTP/1.1 200 OK
Transfer-Encoding: chunked
Keep-Alive: timeout=60
Connection: keep-alive
Date: Mon, 11 May 2020 08:59:13 GMT
Content-Type: application/json

{"code":0,"msg":"OK","result":[{"id":21,"title":"从0开始学JAVA","description":"123","tag":"java","gmtCreate":1587748265666,"gmtModified":1587748265666,"creator":1,"viewCount":0,"commentCount":0,"likeCount":null},{"id":20,"title":"微服务架构如何考虑？","description":"123","tag":"java","gmtCreate":1587748221949,"gmtModified":1587748221949,"creator":1,"viewCount":0,"commentCount":0,"likeCount":null},{"id":19,"title":"如何快速学习java","description":"123","tag":"java,php","gmtCreate":1587748189578,"gmtModified":1587748189578,"creator":1,"viewCount":0,"commentCount":0,"likeCount":null},{"id":18,"title":"热门3","description":"123","tag":"php,java,js","gmtCreate":1587463062594,"gmtModified":1587463062594,"creator":1,"viewCount":15,"commentCount":1,"likeCount":null}]}
2020-05-11 16:59:13.592 [http-nio-8083-exec-10] INFO  [org.zalando.logbook.Logbook:79] [d68434f0c5fa77e6,8234f8a906466253] - Incoming Request: 8f4379359f1c2661
GET http://DESKTOP-K5RUUL2:8083/question/list?offset=8&size=4 HTTP/1.1
x-b3-parentspanid: a3f236a0d9268981
x-b3-traceid: d68434f0c5fa77e6
x-b3-spanid: 8234f8a906466253
x-b3-sampled: 1
host: DESKTOP-K5RUUL2:8083
connection: Keep-Alive
accept-encoding: gzip,deflate
user-agent: agent
accept: application/json, application/*+json
2020-05-11 16:59:13.596 [http-nio-8083-exec-10] INFO  [org.zalando.logbook.Logbook:84] [d68434f0c5fa77e6,8234f8a906466253] - Outgoing Response: 8f4379359f1c2661
Duration: 4 ms
HTTP/1.1 200 OK
Transfer-Encoding: chunked
Keep-Alive: timeout=60
Connection: keep-alive
Date: Mon, 11 May 2020 08:59:13 GMT
Content-Type: application/json

{"code":0,"msg":"OK","result":[{"id":17,"title":"热门2","description":"123","tag":"js,php,java","gmtCreate":1587463050254,"gmtModified":1587463050254,"creator":1,"viewCount":0,"commentCount":0,"likeCount":null},{"id":16,"title":"热门标签","description":"123是科技部对UI安管部卡斯比接口的把会计师不安居客吧开发背带裤","tag":"php,js,java","gmtCreate":1587463038397,"gmtModified":1587463038397,"creator":1,"viewCount":0,"commentCount":0,"likeCount":null}]}
2020-05-11 16:59:34.878 [http-nio-8083-exec-2] INFO  [org.zalando.logbook.Logbook:79] [a90a8c87767c0349,c7f7400c4df46491] - Incoming Request: ea9db9f7fc8ba3eb
GET http://DESKTOP-K5RUUL2:8083/user/get?token=eyJhbGciOiJIUzI1NiJ9.eyJpc3MiOiJjb21tdW5pdHlfdXNlciIsIm5hbWUiOiIxMjMiLCJleHAiOjE1ODkyNjg0MDYsInB3ZCI6IjEyMyIsInRzIjoiMTU4OTE4MjAwNiJ9.yY6DbMzp031zgjZsVcio4dDkY8xubnLvIOuIjsEPD3s HTTP/1.1
x-b3-parentspanid: a90a8c87767c0349
x-b3-traceid: a90a8c87767c0349
x-b3-spanid: c7f7400c4df46491
x-b3-sampled: 1
host: DESKTOP-K5RUUL2:8083
connection: Keep-Alive
accept-encoding: gzip,deflate
user-agent: agent
accept: application/json, application/*+json
2020-05-11 16:59:34.890 [http-nio-8083-exec-2] INFO  [org.zalando.logbook.Logbook:84] [a90a8c87767c0349,c7f7400c4df46491] - Outgoing Response: ea9db9f7fc8ba3eb
Duration: 15 ms
HTTP/1.1 200 OK
Transfer-Encoding: chunked
Keep-Alive: timeout=60
Connection: keep-alive
Date: Mon, 11 May 2020 08:59:34 GMT
Content-Type: application/json

{"code":0,"msg":"OK","result":{"id":1,"name":"123","age":1,"pwd":"123","token":"eyJhbGciOiJIUzI1NiJ9.eyJpc3MiOiJjb21tdW5pdHlfdXNlciIsIm5hbWUiOiIxMjMiLCJleHAiOjE1ODkyNjg0MDYsInB3ZCI6IjEyMyIsInRzIjoiMTU4OTE4MjAwNiJ9.yY6DbMzp031zgjZsVcio4dDkY8xubnLvIOuIjsEPD3s","avatarUrl":"1","accountId":"陈晓跃"}}
2020-05-11 16:59:34.908 [http-nio-8083-exec-1] INFO  [org.zalando.logbook.Logbook:79] [a90a8c87767c0349,0e4f10167175c887] - Incoming Request: f43517fc61b0f036
GET http://DESKTOP-K5RUUL2:8083/notification/countUnread?userId=1&status=0 HTTP/1.1
x-b3-parentspanid: a90a8c87767c0349
x-b3-traceid: a90a8c87767c0349
x-b3-spanid: 0e4f10167175c887
x-b3-sampled: 1
host: DESKTOP-K5RUUL2:8083
connection: Keep-Alive
accept-encoding: gzip,deflate
user-agent: agent
accept: application/json, application/*+json
2020-05-11 16:59:34.911 [http-nio-8083-exec-1] INFO  [org.zalando.logbook.Logbook:84] [a90a8c87767c0349,0e4f10167175c887] - Outgoing Response: f43517fc61b0f036
Duration: 3 ms
HTTP/1.1 200 OK
Transfer-Encoding: chunked
Keep-Alive: timeout=60
Connection: keep-alive
Date: Mon, 11 May 2020 08:59:34 GMT
Content-Type: application/json

{"code":0,"msg":"OK","result":7}
