2020-05-11 16:05:54.670  [http-nio-8083-exec-4] DEBUG [com.hzu.community.mapper.QuestionMapper.selectQuestion:] [20fb46273d685206,0957d81563952437,029e46bffbe0923c] - ==>  Preparing: select * from question order by gmt_create desc limit ?,? 
2020-05-11 16:05:54.670  [http-nio-8083-exec-4] DEBUG [com.hzu.community.mapper.QuestionMapper.selectQuestion:] [20fb46273d685206,0957d81563952437,029e46bffbe0923c] - ==> Parameters: 0(Integer), 4(Integer)
2020-05-11 16:05:54.672  [http-nio-8083-exec-4] DEBUG [com.hzu.community.mapper.QuestionMapper.selectQuestion:] [20fb46273d685206,0957d81563952437,029e46bffbe0923c] - <==      Total: 4
2020-05-11 16:05:54.735  [http-nio-8083-exec-5] DEBUG [com.hzu.community.mapper.QuestionMapper.selectQuestion:] [20fb46273d685206,b7edfa1dfdaa58fc,ac0fe567058d235d] - ==>  Preparing: select * from question order by gmt_create desc limit ?,? 
2020-05-11 16:05:54.735  [http-nio-8083-exec-5] DEBUG [com.hzu.community.mapper.QuestionMapper.selectQuestion:] [20fb46273d685206,b7edfa1dfdaa58fc,ac0fe567058d235d] - ==> Parameters: 4(Integer), 4(Integer)
2020-05-11 16:05:54.737  [http-nio-8083-exec-5] DEBUG [com.hzu.community.mapper.QuestionMapper.selectQuestion:] [20fb46273d685206,b7edfa1dfdaa58fc,ac0fe567058d235d] - <==      Total: 4
2020-05-11 16:05:54.748  [http-nio-8083-exec-6] DEBUG [com.hzu.community.mapper.QuestionMapper.selectQuestion:] [20fb46273d685206,2359ff36dca845a0,6712adf3ead5eda1] - ==>  Preparing: select * from question order by gmt_create desc limit ?,? 
2020-05-11 16:05:54.749  [http-nio-8083-exec-6] DEBUG [com.hzu.community.mapper.QuestionMapper.selectQuestion:] [20fb46273d685206,2359ff36dca845a0,6712adf3ead5eda1] - ==> Parameters: 8(Integer), 4(Integer)
2020-05-11 16:05:54.750  [http-nio-8083-exec-6] DEBUG [com.hzu.community.mapper.QuestionMapper.selectQuestion:] [20fb46273d685206,2359ff36dca845a0,6712adf3ead5eda1] - <==      Total: 2
2020-05-11 16:06:00.659  [http-nio-8083-exec-7] DEBUG [com.hzu.community.mapper.UserMapper.select:] [39527ac1a0346c0a,a79c0097fa88cc89,39527ac1a0346c0a] - ==>  Preparing: select * from user WHERE name = ? 
2020-05-11 16:06:00.660  [http-nio-8083-exec-7] DEBUG [com.hzu.community.mapper.UserMapper.select:] [39527ac1a0346c0a,a79c0097fa88cc89,39527ac1a0346c0a] - ==> Parameters: 123(String)
2020-05-11 16:06:00.661  [http-nio-8083-exec-7] DEBUG [com.hzu.community.mapper.UserMapper.select:] [39527ac1a0346c0a,a79c0097fa88cc89,39527ac1a0346c0a] - <==      Total: 1
2020-05-11 16:06:00.681  [http-nio-8083-exec-8] DEBUG [com.hzu.community.mapper.NotificationMapper.countUnread:] [39527ac1a0346c0a,6c312a12404d00d6,39527ac1a0346c0a] - ==>  Preparing: select count(*) from notification where receiver = ? and status = ? 
2020-05-11 16:06:00.681  [http-nio-8083-exec-8] DEBUG [com.hzu.community.mapper.NotificationMapper.countUnread:] [39527ac1a0346c0a,6c312a12404d00d6,39527ac1a0346c0a] - ==> Parameters: 1(Integer), 0(Integer)
2020-05-11 16:06:00.682  [http-nio-8083-exec-8] DEBUG [com.hzu.community.mapper.NotificationMapper.countUnread:] [39527ac1a0346c0a,6c312a12404d00d6,39527ac1a0346c0a] - <==      Total: 1
2020-05-11 16:06:05.806  [http-nio-8083-exec-9] DEBUG [com.hzu.community.mapper.UserMapper.select:] [920497f4c7f926b7,6d771b25c28551af,920497f4c7f926b7] - ==>  Preparing: select * from user WHERE name = ? 
2020-05-11 16:06:05.807  [http-nio-8083-exec-9] DEBUG [com.hzu.community.mapper.UserMapper.select:] [920497f4c7f926b7,6d771b25c28551af,920497f4c7f926b7] - ==> Parameters: 123(String)
2020-05-11 16:06:05.807  [http-nio-8083-exec-9] DEBUG [com.hzu.community.mapper.UserMapper.select:] [920497f4c7f926b7,6d771b25c28551af,920497f4c7f926b7] - <==      Total: 1
2020-05-11 16:06:05.815  [http-nio-8083-exec-10] DEBUG [com.hzu.community.mapper.NotificationMapper.countUnread:] [920497f4c7f926b7,2df8b34b185a11d4,920497f4c7f926b7] - ==>  Preparing: select count(*) from notification where receiver = ? and status = ? 
2020-05-11 16:06:05.815  [http-nio-8083-exec-10] DEBUG [com.hzu.community.mapper.NotificationMapper.countUnread:] [920497f4c7f926b7,2df8b34b185a11d4,920497f4c7f926b7] - ==> Parameters: 1(Integer), 0(Integer)
2020-05-11 16:06:05.816  [http-nio-8083-exec-10] DEBUG [com.hzu.community.mapper.NotificationMapper.countUnread:] [920497f4c7f926b7,2df8b34b185a11d4,920497f4c7f926b7] - <==      Total: 1
2020-05-11 16:06:07.546  [http-nio-8083-exec-1] DEBUG [com.hzu.community.mapper.UserMapper.select:] [6e6c80691307198a,e3b0deb1e4e74608,6e6c80691307198a] - ==>  Preparing: select * from user WHERE name = ? 
2020-05-11 16:06:07.547  [http-nio-8083-exec-1] DEBUG [com.hzu.community.mapper.UserMapper.select:] [6e6c80691307198a,e3b0deb1e4e74608,6e6c80691307198a] - ==> Parameters: 123(String)
2020-05-11 16:06:07.548  [http-nio-8083-exec-1] DEBUG [com.hzu.community.mapper.UserMapper.select:] [6e6c80691307198a,e3b0deb1e4e74608,6e6c80691307198a] - <==      Total: 1
2020-05-11 16:06:07.555  [http-nio-8083-exec-2] DEBUG [com.hzu.community.mapper.NotificationMapper.countUnread:] [6e6c80691307198a,c8c015e1f222c591,6e6c80691307198a] - ==>  Preparing: select count(*) from notification where receiver = ? and status = ? 
2020-05-11 16:06:07.555  [http-nio-8083-exec-2] DEBUG [com.hzu.community.mapper.NotificationMapper.countUnread:] [6e6c80691307198a,c8c015e1f222c591,6e6c80691307198a] - ==> Parameters: 1(Integer), 0(Integer)
2020-05-11 16:06:07.556  [http-nio-8083-exec-2] DEBUG [com.hzu.community.mapper.NotificationMapper.countUnread:] [6e6c80691307198a,c8c015e1f222c591,6e6c80691307198a] - <==      Total: 1
2020-05-11 16:06:08.260  [http-nio-8083-exec-3] DEBUG [com.hzu.community.mapper.UserMapper.select:] [b122f19156622b56,84eb2901e792664f,b122f19156622b56] - ==>  Preparing: select * from user WHERE name = ? 
2020-05-11 16:06:08.260  [http-nio-8083-exec-3] DEBUG [com.hzu.community.mapper.UserMapper.select:] [b122f19156622b56,84eb2901e792664f,b122f19156622b56] - ==> Parameters: 123(String)
2020-05-11 16:06:08.261  [http-nio-8083-exec-3] DEBUG [com.hzu.community.mapper.UserMapper.select:] [b122f19156622b56,84eb2901e792664f,b122f19156622b56] - <==      Total: 1
2020-05-11 16:06:08.267  [http-nio-8083-exec-4] DEBUG [com.hzu.community.mapper.NotificationMapper.countUnread:] [b122f19156622b56,53c283150defc3fe,b122f19156622b56] - ==>  Preparing: select count(*) from notification where receiver = ? and status = ? 
2020-05-11 16:06:08.268  [http-nio-8083-exec-4] DEBUG [com.hzu.community.mapper.NotificationMapper.countUnread:] [b122f19156622b56,53c283150defc3fe,b122f19156622b56] - ==> Parameters: 1(Integer), 0(Integer)
2020-05-11 16:06:08.269  [http-nio-8083-exec-4] DEBUG [com.hzu.community.mapper.NotificationMapper.countUnread:] [b122f19156622b56,53c283150defc3fe,b122f19156622b56] - <==      Total: 1
2020-05-11 16:06:13.277  [http-nio-8083-exec-5] DEBUG [com.hzu.community.mapper.UserMapper.select:] [726b14b54d799716,bcadb19e6bccaa51,726b14b54d799716] - ==>  Preparing: select * from user WHERE name = ? 
2020-05-11 16:06:13.277  [http-nio-8083-exec-5] DEBUG [com.hzu.community.mapper.UserMapper.select:] [726b14b54d799716,bcadb19e6bccaa51,726b14b54d799716] - ==> Parameters: 123(String)
2020-05-11 16:06:13.278  [http-nio-8083-exec-5] DEBUG [com.hzu.community.mapper.UserMapper.select:] [726b14b54d799716,bcadb19e6bccaa51,726b14b54d799716] - <==      Total: 1
2020-05-11 16:06:13.287  [http-nio-8083-exec-6] DEBUG [com.hzu.community.mapper.NotificationMapper.countUnread:] [726b14b54d799716,8a37676b2d47e0fb,726b14b54d799716] - ==>  Preparing: select count(*) from notification where receiver = ? and status = ? 
2020-05-11 16:06:13.288  [http-nio-8083-exec-6] DEBUG [com.hzu.community.mapper.NotificationMapper.countUnread:] [726b14b54d799716,8a37676b2d47e0fb,726b14b54d799716] - ==> Parameters: 1(Integer), 0(Integer)
2020-05-11 16:06:13.288  [http-nio-8083-exec-6] DEBUG [com.hzu.community.mapper.NotificationMapper.countUnread:] [726b14b54d799716,8a37676b2d47e0fb,726b14b54d799716] - <==      Total: 1
2020-05-11 16:06:18.725  [http-nio-8083-exec-7] DEBUG [com.hzu.community.mapper.UserMapper.select:] [36b8567172471cb8,325b57ce3ce6a9c8,36b8567172471cb8] - ==>  Preparing: select * from user WHERE name = ? 
2020-05-11 16:06:18.725  [http-nio-8083-exec-7] DEBUG [com.hzu.community.mapper.UserMapper.select:] [36b8567172471cb8,325b57ce3ce6a9c8,36b8567172471cb8] - ==> Parameters: 123(String)
2020-05-11 16:06:18.726  [http-nio-8083-exec-7] DEBUG [com.hzu.community.mapper.UserMapper.select:] [36b8567172471cb8,325b57ce3ce6a9c8,36b8567172471cb8] - <==      Total: 1
2020-05-11 16:06:18.732  [http-nio-8083-exec-8] DEBUG [com.hzu.community.mapper.NotificationMapper.countUnread:] [36b8567172471cb8,518534ac20b6f2fe,36b8567172471cb8] - ==>  Preparing: select count(*) from notification where receiver = ? and status = ? 
2020-05-11 16:06:18.732  [http-nio-8083-exec-8] DEBUG [com.hzu.community.mapper.NotificationMapper.countUnread:] [36b8567172471cb8,518534ac20b6f2fe,36b8567172471cb8] - ==> Parameters: 1(Integer), 0(Integer)
2020-05-11 16:06:18.733  [http-nio-8083-exec-8] DEBUG [com.hzu.community.mapper.NotificationMapper.countUnread:] [36b8567172471cb8,518534ac20b6f2fe,36b8567172471cb8] - <==      Total: 1
2020-05-11 16:06:32.288  [http-nio-8083-exec-9] DEBUG [com.hzu.community.mapper.UserMapper.select:] [676e47fe5b52e4fc,934c2a154a8a0d7e,676e47fe5b52e4fc] - ==>  Preparing: select * from user WHERE name = ? 
2020-05-11 16:06:32.288  [http-nio-8083-exec-9] DEBUG [com.hzu.community.mapper.UserMapper.select:] [676e47fe5b52e4fc,934c2a154a8a0d7e,676e47fe5b52e4fc] - ==> Parameters: 123(String)
2020-05-11 16:06:32.290  [http-nio-8083-exec-9] DEBUG [com.hzu.community.mapper.UserMapper.select:] [676e47fe5b52e4fc,934c2a154a8a0d7e,676e47fe5b52e4fc] - <==      Total: 1
2020-05-11 16:06:32.294  [http-nio-8083-exec-10] DEBUG [com.hzu.community.mapper.NotificationMapper.countUnread:] [676e47fe5b52e4fc,6a2706793a7cf4c1,676e47fe5b52e4fc] - ==>  Preparing: select count(*) from notification where receiver = ? and status = ? 
2020-05-11 16:06:32.295  [http-nio-8083-exec-10] DEBUG [com.hzu.community.mapper.NotificationMapper.countUnread:] [676e47fe5b52e4fc,6a2706793a7cf4c1,676e47fe5b52e4fc] - ==> Parameters: 1(Integer), 0(Integer)
2020-05-11 16:06:32.295  [http-nio-8083-exec-10] DEBUG [com.hzu.community.mapper.NotificationMapper.countUnread:] [676e47fe5b52e4fc,6a2706793a7cf4c1,676e47fe5b52e4fc] - <==      Total: 1
2020-05-11 16:10:32.235  [http-nio-8083-exec-2] DEBUG [com.hzu.community.mapper.QuestionMapper.selectQuestion:] [979c5fd22e6da528,2b0dca99533037da,71f43cef2ea38e52] - ==>  Preparing: select * from question order by gmt_create desc limit ?,? 
2020-05-11 16:10:32.236  [http-nio-8083-exec-2] DEBUG [com.hzu.community.mapper.QuestionMapper.selectQuestion:] [979c5fd22e6da528,2b0dca99533037da,71f43cef2ea38e52] - ==> Parameters: 0(Integer), 4(Integer)
2020-05-11 16:10:32.237  [http-nio-8083-exec-2] DEBUG [com.hzu.community.mapper.QuestionMapper.selectQuestion:] [979c5fd22e6da528,2b0dca99533037da,71f43cef2ea38e52] - <==      Total: 4
2020-05-11 16:10:32.285  [http-nio-8083-exec-3] DEBUG [com.hzu.community.mapper.QuestionMapper.selectQuestion:] [979c5fd22e6da528,1d0bf2c916bac77f,acd52b873b2a54de] - ==>  Preparing: select * from question order by gmt_create desc limit ?,? 
2020-05-11 16:10:32.285  [http-nio-8083-exec-3] DEBUG [com.hzu.community.mapper.QuestionMapper.selectQuestion:] [979c5fd22e6da528,1d0bf2c916bac77f,acd52b873b2a54de] - ==> Parameters: 4(Integer), 4(Integer)
2020-05-11 16:10:32.287  [http-nio-8083-exec-3] DEBUG [com.hzu.community.mapper.QuestionMapper.selectQuestion:] [979c5fd22e6da528,1d0bf2c916bac77f,acd52b873b2a54de] - <==      Total: 4
2020-05-11 16:10:32.297  [http-nio-8083-exec-4] DEBUG [com.hzu.community.mapper.QuestionMapper.selectQuestion:] [979c5fd22e6da528,969b800d8a334091,1b5a393ae16a52ec] - ==>  Preparing: select * from question order by gmt_create desc limit ?,? 
2020-05-11 16:10:32.298  [http-nio-8083-exec-4] DEBUG [com.hzu.community.mapper.QuestionMapper.selectQuestion:] [979c5fd22e6da528,969b800d8a334091,1b5a393ae16a52ec] - ==> Parameters: 8(Integer), 4(Integer)
2020-05-11 16:10:32.299  [http-nio-8083-exec-4] DEBUG [com.hzu.community.mapper.QuestionMapper.selectQuestion:] [979c5fd22e6da528,969b800d8a334091,1b5a393ae16a52ec] - <==      Total: 2
2020-05-11 16:19:53.083  [http-nio-8083-exec-6] DEBUG [com.hzu.community.mapper.UserMapper.select:] [3ac7f2f8b8967bdd,bbe9d3e6e149dc69,3ac7f2f8b8967bdd] - ==>  Preparing: select * from user WHERE name = ? 
2020-05-11 16:19:53.083  [http-nio-8083-exec-6] DEBUG [com.hzu.community.mapper.UserMapper.select:] [3ac7f2f8b8967bdd,bbe9d3e6e149dc69,3ac7f2f8b8967bdd] - ==> Parameters: 123(String)
2020-05-11 16:19:53.084  [http-nio-8083-exec-6] DEBUG [com.hzu.community.mapper.UserMapper.select:] [3ac7f2f8b8967bdd,bbe9d3e6e149dc69,3ac7f2f8b8967bdd] - <==      Total: 1
2020-05-11 16:19:53.120  [http-nio-8083-exec-7] DEBUG [com.hzu.community.mapper.NotificationMapper.countUnread:] [3ac7f2f8b8967bdd,240c13ba3105d2ed,3ac7f2f8b8967bdd] - ==>  Preparing: select count(*) from notification where receiver = ? and status = ? 
2020-05-11 16:19:53.120  [http-nio-8083-exec-7] DEBUG [com.hzu.community.mapper.NotificationMapper.countUnread:] [3ac7f2f8b8967bdd,240c13ba3105d2ed,3ac7f2f8b8967bdd] - ==> Parameters: 1(Integer), 0(Integer)
2020-05-11 16:19:53.121  [http-nio-8083-exec-7] DEBUG [com.hzu.community.mapper.NotificationMapper.countUnread:] [3ac7f2f8b8967bdd,240c13ba3105d2ed,3ac7f2f8b8967bdd] - <==      Total: 1
2020-05-11 16:19:55.271  [http-nio-8083-exec-8] DEBUG [com.hzu.community.mapper.UserMapper.select:] [c7ecf026bd3b85de,4d3ab9ba16d194df,c7ecf026bd3b85de] - ==>  Preparing: select * from user WHERE name = ? 
2020-05-11 16:19:55.272  [http-nio-8083-exec-8] DEBUG [com.hzu.community.mapper.UserMapper.select:] [c7ecf026bd3b85de,4d3ab9ba16d194df,c7ecf026bd3b85de] - ==> Parameters: 123(String)
2020-05-11 16:19:55.273  [http-nio-8083-exec-8] DEBUG [com.hzu.community.mapper.UserMapper.select:] [c7ecf026bd3b85de,4d3ab9ba16d194df,c7ecf026bd3b85de] - <==      Total: 1
2020-05-11 16:19:55.280  [http-nio-8083-exec-9] DEBUG [com.hzu.community.mapper.NotificationMapper.countUnread:] [c7ecf026bd3b85de,c705018c4cc28254,c7ecf026bd3b85de] - ==>  Preparing: select count(*) from notification where receiver = ? and status = ? 
2020-05-11 16:19:55.281  [http-nio-8083-exec-9] DEBUG [com.hzu.community.mapper.NotificationMapper.countUnread:] [c7ecf026bd3b85de,c705018c4cc28254,c7ecf026bd3b85de] - ==> Parameters: 1(Integer), 0(Integer)
2020-05-11 16:19:55.282  [http-nio-8083-exec-9] DEBUG [com.hzu.community.mapper.NotificationMapper.countUnread:] [c7ecf026bd3b85de,c705018c4cc28254,c7ecf026bd3b85de] - <==      Total: 1
2020-05-11 16:21:35.926  [http-nio-8083-exec-1] DEBUG [com.hzu.community.mapper.QuestionMapper.selectQuestion:] [19b1a6f5eb5a558f,7ccbf155b665ef87,e6d9782f8966d523] - ==>  Preparing: select * from question order by gmt_create desc limit ?,? 
2020-05-11 16:21:35.926  [http-nio-8083-exec-1] DEBUG [com.hzu.community.mapper.QuestionMapper.selectQuestion:] [19b1a6f5eb5a558f,7ccbf155b665ef87,e6d9782f8966d523] - ==> Parameters: 0(Integer), 4(Integer)
2020-05-11 16:21:35.928  [http-nio-8083-exec-1] DEBUG [com.hzu.community.mapper.QuestionMapper.selectQuestion:] [19b1a6f5eb5a558f,7ccbf155b665ef87,e6d9782f8966d523] - <==      Total: 4
2020-05-11 16:21:35.979  [http-nio-8083-exec-2] DEBUG [com.hzu.community.mapper.QuestionMapper.selectQuestion:] [19b1a6f5eb5a558f,20ab239c05558e39,3c163725a2229b11] - ==>  Preparing: select * from question order by gmt_create desc limit ?,? 
2020-05-11 16:21:35.979  [http-nio-8083-exec-2] DEBUG [com.hzu.community.mapper.QuestionMapper.selectQuestion:] [19b1a6f5eb5a558f,20ab239c05558e39,3c163725a2229b11] - ==> Parameters: 4(Integer), 4(Integer)
2020-05-11 16:21:35.981  [http-nio-8083-exec-2] DEBUG [com.hzu.community.mapper.QuestionMapper.selectQuestion:] [19b1a6f5eb5a558f,20ab239c05558e39,3c163725a2229b11] - <==      Total: 4
2020-05-11 16:21:35.991  [http-nio-8083-exec-3] DEBUG [com.hzu.community.mapper.QuestionMapper.selectQuestion:] [19b1a6f5eb5a558f,754e04ba16308637,e6aca162059b8e31] - ==>  Preparing: select * from question order by gmt_create desc limit ?,? 
2020-05-11 16:21:35.991  [http-nio-8083-exec-3] DEBUG [com.hzu.community.mapper.QuestionMapper.selectQuestion:] [19b1a6f5eb5a558f,754e04ba16308637,e6aca162059b8e31] - ==> Parameters: 8(Integer), 4(Integer)
2020-05-11 16:21:35.993  [http-nio-8083-exec-3] DEBUG [com.hzu.community.mapper.QuestionMapper.selectQuestion:] [19b1a6f5eb5a558f,754e04ba16308637,e6aca162059b8e31] - <==      Total: 2
2020-05-11 16:22:04.074  [http-nio-8083-exec-4] DEBUG [com.hzu.community.mapper.UserMapper.select:] [62d2e3c53864825f,f3c7c64153c0c32c,62d2e3c53864825f] - ==>  Preparing: select * from user WHERE name = ? 
2020-05-11 16:22:04.075  [http-nio-8083-exec-4] DEBUG [com.hzu.community.mapper.UserMapper.select:] [62d2e3c53864825f,f3c7c64153c0c32c,62d2e3c53864825f] - ==> Parameters: 123(String)
2020-05-11 16:22:04.076  [http-nio-8083-exec-4] DEBUG [com.hzu.community.mapper.UserMapper.select:] [62d2e3c53864825f,f3c7c64153c0c32c,62d2e3c53864825f] - <==      Total: 1
2020-05-11 16:22:04.098  [http-nio-8083-exec-5] DEBUG [com.hzu.community.mapper.NotificationMapper.countUnread:] [62d2e3c53864825f,651eb24c75aa026a,62d2e3c53864825f] - ==>  Preparing: select count(*) from notification where receiver = ? and status = ? 
2020-05-11 16:22:04.098  [http-nio-8083-exec-5] DEBUG [com.hzu.community.mapper.NotificationMapper.countUnread:] [62d2e3c53864825f,651eb24c75aa026a,62d2e3c53864825f] - ==> Parameters: 1(Integer), 0(Integer)
2020-05-11 16:22:04.099  [http-nio-8083-exec-5] DEBUG [com.hzu.community.mapper.NotificationMapper.countUnread:] [62d2e3c53864825f,651eb24c75aa026a,62d2e3c53864825f] - <==      Total: 1
2020-05-11 16:27:17.644  [http-nio-8083-exec-7] DEBUG [com.hzu.community.mapper.UserMapper.select:] [b23deaf15a9b137a,96c1a2635c56f8b9,b23deaf15a9b137a] - ==>  Preparing: select * from user WHERE name = ? 
2020-05-11 16:27:17.644  [http-nio-8083-exec-7] DEBUG [com.hzu.community.mapper.UserMapper.select:] [b23deaf15a9b137a,96c1a2635c56f8b9,b23deaf15a9b137a] - ==> Parameters: 123(String)
2020-05-11 16:27:17.645  [http-nio-8083-exec-7] DEBUG [com.hzu.community.mapper.UserMapper.select:] [b23deaf15a9b137a,96c1a2635c56f8b9,b23deaf15a9b137a] - <==      Total: 1
2020-05-11 16:27:17.654  [http-nio-8083-exec-8] DEBUG [com.hzu.community.mapper.NotificationMapper.countUnread:] [b23deaf15a9b137a,caab5e8f21369e5c,b23deaf15a9b137a] - ==>  Preparing: select count(*) from notification where receiver = ? and status = ? 
2020-05-11 16:27:17.655  [http-nio-8083-exec-8] DEBUG [com.hzu.community.mapper.NotificationMapper.countUnread:] [b23deaf15a9b137a,caab5e8f21369e5c,b23deaf15a9b137a] - ==> Parameters: 1(Integer), 0(Integer)
2020-05-11 16:27:17.656  [http-nio-8083-exec-8] DEBUG [com.hzu.community.mapper.NotificationMapper.countUnread:] [b23deaf15a9b137a,caab5e8f21369e5c,b23deaf15a9b137a] - <==      Total: 1
2020-05-11 16:27:50.083  [http-nio-8083-exec-9] DEBUG [com.hzu.community.mapper.UserMapper.select:] [e3d48fb31535d175,b98525b9ab2b41fa,e3d48fb31535d175] - ==>  Preparing: select * from user WHERE name = ? 
2020-05-11 16:27:50.084  [http-nio-8083-exec-9] DEBUG [com.hzu.community.mapper.UserMapper.select:] [e3d48fb31535d175,b98525b9ab2b41fa,e3d48fb31535d175] - ==> Parameters: 123(String)
2020-05-11 16:27:50.086  [http-nio-8083-exec-9] DEBUG [com.hzu.community.mapper.UserMapper.select:] [e3d48fb31535d175,b98525b9ab2b41fa,e3d48fb31535d175] - <==      Total: 1
2020-05-11 16:27:50.094  [http-nio-8083-exec-10] DEBUG [com.hzu.community.mapper.NotificationMapper.countUnread:] [e3d48fb31535d175,ed79785ee970a194,e3d48fb31535d175] - ==>  Preparing: select count(*) from notification where receiver = ? and status = ? 
2020-05-11 16:27:50.094  [http-nio-8083-exec-10] DEBUG [com.hzu.community.mapper.NotificationMapper.countUnread:] [e3d48fb31535d175,ed79785ee970a194,e3d48fb31535d175] - ==> Parameters: 1(Integer), 0(Integer)
2020-05-11 16:27:50.095  [http-nio-8083-exec-10] DEBUG [com.hzu.community.mapper.NotificationMapper.countUnread:] [e3d48fb31535d175,ed79785ee970a194,e3d48fb31535d175] - <==      Total: 1
2020-05-11 16:28:42.280  [http-nio-8083-exec-1] DEBUG [com.hzu.community.mapper.UserMapper.select:] [9698c093c5acdde8,1f9a1a06e93f9864,9698c093c5acdde8] - ==>  Preparing: select * from user WHERE name = ? 
2020-05-11 16:28:42.281  [http-nio-8083-exec-1] DEBUG [com.hzu.community.mapper.UserMapper.select:] [9698c093c5acdde8,1f9a1a06e93f9864,9698c093c5acdde8] - ==> Parameters: 123(String)
2020-05-11 16:28:42.282  [http-nio-8083-exec-1] DEBUG [com.hzu.community.mapper.UserMapper.select:] [9698c093c5acdde8,1f9a1a06e93f9864,9698c093c5acdde8] - <==      Total: 1
2020-05-11 16:28:42.288  [http-nio-8083-exec-2] DEBUG [com.hzu.community.mapper.NotificationMapper.countUnread:] [9698c093c5acdde8,517d25f5bc14b935,9698c093c5acdde8] - ==>  Preparing: select count(*) from notification where receiver = ? and status = ? 
2020-05-11 16:28:42.288  [http-nio-8083-exec-2] DEBUG [com.hzu.community.mapper.NotificationMapper.countUnread:] [9698c093c5acdde8,517d25f5bc14b935,9698c093c5acdde8] - ==> Parameters: 1(Integer), 0(Integer)
2020-05-11 16:28:42.289  [http-nio-8083-exec-2] DEBUG [com.hzu.community.mapper.NotificationMapper.countUnread:] [9698c093c5acdde8,517d25f5bc14b935,9698c093c5acdde8] - <==      Total: 1
2020-05-11 16:29:24.337  [http-nio-8083-exec-3] DEBUG [com.hzu.community.mapper.UserMapper.select:] [ec605c7b50762f25,e93c9da813bc0b7a,ec605c7b50762f25] - ==>  Preparing: select * from user WHERE name = ? 
2020-05-11 16:29:24.341  [http-nio-8083-exec-3] DEBUG [com.hzu.community.mapper.UserMapper.select:] [ec605c7b50762f25,e93c9da813bc0b7a,ec605c7b50762f25] - ==> Parameters: 123(String)
2020-05-11 16:29:24.341  [http-nio-8083-exec-3] DEBUG [com.hzu.community.mapper.UserMapper.select:] [ec605c7b50762f25,e93c9da813bc0b7a,ec605c7b50762f25] - <==      Total: 1
2020-05-11 16:29:24.347  [http-nio-8083-exec-4] DEBUG [com.hzu.community.mapper.NotificationMapper.countUnread:] [ec605c7b50762f25,8e952119acfddbba,ec605c7b50762f25] - ==>  Preparing: select count(*) from notification where receiver = ? and status = ? 
2020-05-11 16:29:24.347  [http-nio-8083-exec-4] DEBUG [com.hzu.community.mapper.NotificationMapper.countUnread:] [ec605c7b50762f25,8e952119acfddbba,ec605c7b50762f25] - ==> Parameters: 1(Integer), 0(Integer)
2020-05-11 16:29:24.347  [http-nio-8083-exec-4] DEBUG [com.hzu.community.mapper.NotificationMapper.countUnread:] [ec605c7b50762f25,8e952119acfddbba,ec605c7b50762f25] - <==      Total: 1
2020-05-11 16:29:31.182  [http-nio-8083-exec-5] DEBUG [com.hzu.community.mapper.UserMapper.select:] [e6ec0ada16132f26,8142836aceedd47a,e6ec0ada16132f26] - ==>  Preparing: select * from user WHERE name = ? 
2020-05-11 16:29:31.183  [http-nio-8083-exec-5] DEBUG [com.hzu.community.mapper.UserMapper.select:] [e6ec0ada16132f26,8142836aceedd47a,e6ec0ada16132f26] - ==> Parameters: 123(String)
2020-05-11 16:29:31.183  [http-nio-8083-exec-5] DEBUG [com.hzu.community.mapper.UserMapper.select:] [e6ec0ada16132f26,8142836aceedd47a,e6ec0ada16132f26] - <==      Total: 1
2020-05-11 16:29:31.190  [http-nio-8083-exec-6] DEBUG [com.hzu.community.mapper.NotificationMapper.countUnread:] [e6ec0ada16132f26,9580e8640e67f9bd,e6ec0ada16132f26] - ==>  Preparing: select count(*) from notification where receiver = ? and status = ? 
2020-05-11 16:29:31.190  [http-nio-8083-exec-6] DEBUG [com.hzu.community.mapper.NotificationMapper.countUnread:] [e6ec0ada16132f26,9580e8640e67f9bd,e6ec0ada16132f26] - ==> Parameters: 1(Integer), 0(Integer)
2020-05-11 16:29:31.191  [http-nio-8083-exec-6] DEBUG [com.hzu.community.mapper.NotificationMapper.countUnread:] [e6ec0ada16132f26,9580e8640e67f9bd,e6ec0ada16132f26] - <==      Total: 1
2020-05-11 16:52:50.953  [http-nio-8083-exec-9] DEBUG [com.hzu.community.mapper.QuestionMapper.selectQuestion:] [dd6841a43072150f,0561406f06bd2e16,ce9300fbb6863565] - ==>  Preparing: select * from question order by gmt_create desc limit ?,? 
2020-05-11 16:52:50.953  [http-nio-8083-exec-9] DEBUG [com.hzu.community.mapper.QuestionMapper.selectQuestion:] [dd6841a43072150f,0561406f06bd2e16,ce9300fbb6863565] - ==> Parameters: 0(Integer), 4(Integer)
2020-05-11 16:52:50.956  [http-nio-8083-exec-9] DEBUG [com.hzu.community.mapper.QuestionMapper.selectQuestion:] [dd6841a43072150f,0561406f06bd2e16,ce9300fbb6863565] - <==      Total: 4
2020-05-11 16:52:50.965  [http-nio-8083-exec-8] DEBUG [com.hzu.community.mapper.UserMapper.select:] [895dd6032ad50e13,9095fe88b0f05cf4,895dd6032ad50e13] - ==>  Preparing: select * from user WHERE name = ? 
2020-05-11 16:52:50.965  [http-nio-8083-exec-8] DEBUG [com.hzu.community.mapper.UserMapper.select:] [895dd6032ad50e13,9095fe88b0f05cf4,895dd6032ad50e13] - ==> Parameters: 123(String)
2020-05-11 16:52:50.968  [http-nio-8083-exec-8] DEBUG [com.hzu.community.mapper.UserMapper.select:] [895dd6032ad50e13,9095fe88b0f05cf4,895dd6032ad50e13] - <==      Total: 1
2020-05-11 16:52:51.015  [http-nio-8083-exec-10] DEBUG [com.hzu.community.mapper.QuestionMapper.selectQuestion:] [dd6841a43072150f,83b33ef08dfb3e43,d12ce55a29d62d78] - ==>  Preparing: select * from question order by gmt_create desc limit ?,? 
2020-05-11 16:52:51.015  [http-nio-8083-exec-10] DEBUG [com.hzu.community.mapper.QuestionMapper.selectQuestion:] [dd6841a43072150f,83b33ef08dfb3e43,d12ce55a29d62d78] - ==> Parameters: 4(Integer), 4(Integer)
2020-05-11 16:52:51.017  [http-nio-8083-exec-10] DEBUG [com.hzu.community.mapper.QuestionMapper.selectQuestion:] [dd6841a43072150f,83b33ef08dfb3e43,d12ce55a29d62d78] - <==      Total: 4
2020-05-11 16:52:51.030  [http-nio-8083-exec-2] DEBUG [com.hzu.community.mapper.QuestionMapper.selectQuestion:] [dd6841a43072150f,169379a7505f6390,ecd0001d31ac5fb0] - ==>  Preparing: select * from question order by gmt_create desc limit ?,? 
2020-05-11 16:52:51.031  [http-nio-8083-exec-2] DEBUG [com.hzu.community.mapper.QuestionMapper.selectQuestion:] [dd6841a43072150f,169379a7505f6390,ecd0001d31ac5fb0] - ==> Parameters: 8(Integer), 4(Integer)
2020-05-11 16:52:51.032  [http-nio-8083-exec-2] DEBUG [com.hzu.community.mapper.QuestionMapper.selectQuestion:] [dd6841a43072150f,169379a7505f6390,ecd0001d31ac5fb0] - <==      Total: 2
2020-05-11 16:52:51.143  [http-nio-8083-exec-1] DEBUG [com.hzu.community.mapper.NotificationMapper.countUnread:] [895dd6032ad50e13,6051316593195bc5,895dd6032ad50e13] - ==>  Preparing: select count(*) from notification where receiver = ? and status = ? 
2020-05-11 16:52:51.144  [http-nio-8083-exec-1] DEBUG [com.hzu.community.mapper.NotificationMapper.countUnread:] [895dd6032ad50e13,6051316593195bc5,895dd6032ad50e13] - ==> Parameters: 1(Integer), 0(Integer)
2020-05-11 16:52:51.150  [http-nio-8083-exec-1] DEBUG [com.hzu.community.mapper.NotificationMapper.countUnread:] [895dd6032ad50e13,6051316593195bc5,895dd6032ad50e13] - <==      Total: 1
2020-05-11 16:54:12.436  [http-nio-8083-exec-5] DEBUG [com.hzu.community.mapper.UserMapper.select:] [7707c0652ed49155,2c181f9e23a504ed,7707c0652ed49155] - ==>  Preparing: select * from user WHERE name = ? 
2020-05-11 16:54:12.436  [http-nio-8083-exec-5] DEBUG [com.hzu.community.mapper.UserMapper.select:] [7707c0652ed49155,2c181f9e23a504ed,7707c0652ed49155] - ==> Parameters: 123(String)
2020-05-11 16:54:12.440  [http-nio-8083-exec-5] DEBUG [com.hzu.community.mapper.UserMapper.select:] [7707c0652ed49155,2c181f9e23a504ed,7707c0652ed49155] - <==      Total: 1
2020-05-11 16:54:12.452  [http-nio-8083-exec-6] DEBUG [com.hzu.community.mapper.NotificationMapper.countUnread:] [7707c0652ed49155,4f8139c4876493ca,7707c0652ed49155] - ==>  Preparing: select count(*) from notification where receiver = ? and status = ? 
2020-05-11 16:54:12.452  [http-nio-8083-exec-6] DEBUG [com.hzu.community.mapper.NotificationMapper.countUnread:] [7707c0652ed49155,4f8139c4876493ca,7707c0652ed49155] - ==> Parameters: 1(Integer), 0(Integer)
2020-05-11 16:54:12.453  [http-nio-8083-exec-6] DEBUG [com.hzu.community.mapper.NotificationMapper.countUnread:] [7707c0652ed49155,4f8139c4876493ca,7707c0652ed49155] - <==      Total: 1
2020-05-11 16:54:14.178  [http-nio-8083-exec-7] DEBUG [com.hzu.community.mapper.UserMapper.select:] [3f99cc3fbef564b5,668a5f1d2fdd6941,3f99cc3fbef564b5] - ==>  Preparing: select * from user WHERE name = ? 
2020-05-11 16:54:14.178  [http-nio-8083-exec-7] DEBUG [com.hzu.community.mapper.UserMapper.select:] [3f99cc3fbef564b5,668a5f1d2fdd6941,3f99cc3fbef564b5] - ==> Parameters: 123(String)
2020-05-11 16:54:14.179  [http-nio-8083-exec-7] DEBUG [com.hzu.community.mapper.UserMapper.select:] [3f99cc3fbef564b5,668a5f1d2fdd6941,3f99cc3fbef564b5] - <==      Total: 1
2020-05-11 16:54:14.188  [http-nio-8083-exec-9] DEBUG [com.hzu.community.mapper.NotificationMapper.countUnread:] [3f99cc3fbef564b5,08af086ad9b096d8,3f99cc3fbef564b5] - ==>  Preparing: select count(*) from notification where receiver = ? and status = ? 
2020-05-11 16:54:14.188  [http-nio-8083-exec-9] DEBUG [com.hzu.community.mapper.NotificationMapper.countUnread:] [3f99cc3fbef564b5,08af086ad9b096d8,3f99cc3fbef564b5] - ==> Parameters: 1(Integer), 0(Integer)
2020-05-11 16:54:14.189  [http-nio-8083-exec-9] DEBUG [com.hzu.community.mapper.NotificationMapper.countUnread:] [3f99cc3fbef564b5,08af086ad9b096d8,3f99cc3fbef564b5] - <==      Total: 1
2020-05-11 16:54:15.343  [http-nio-8083-exec-8] DEBUG [com.hzu.community.mapper.UserMapper.select:] [6b8b48bc6f7848d4,a8bcb59d1620c86a,6b8b48bc6f7848d4] - ==>  Preparing: select * from user WHERE name = ? 
2020-05-11 16:54:15.343  [http-nio-8083-exec-8] DEBUG [com.hzu.community.mapper.UserMapper.select:] [6b8b48bc6f7848d4,a8bcb59d1620c86a,6b8b48bc6f7848d4] - ==> Parameters: 123(String)
2020-05-11 16:54:15.344  [http-nio-8083-exec-8] DEBUG [com.hzu.community.mapper.UserMapper.select:] [6b8b48bc6f7848d4,a8bcb59d1620c86a,6b8b48bc6f7848d4] - <==      Total: 1
2020-05-11 16:54:15.351  [http-nio-8083-exec-10] DEBUG [com.hzu.community.mapper.NotificationMapper.countUnread:] [6b8b48bc6f7848d4,7c231312d80a9e21,6b8b48bc6f7848d4] - ==>  Preparing: select count(*) from notification where receiver = ? and status = ? 
2020-05-11 16:54:15.351  [http-nio-8083-exec-10] DEBUG [com.hzu.community.mapper.NotificationMapper.countUnread:] [6b8b48bc6f7848d4,7c231312d80a9e21,6b8b48bc6f7848d4] - ==> Parameters: 1(Integer), 0(Integer)
2020-05-11 16:54:15.352  [http-nio-8083-exec-10] DEBUG [com.hzu.community.mapper.NotificationMapper.countUnread:] [6b8b48bc6f7848d4,7c231312d80a9e21,6b8b48bc6f7848d4] - <==      Total: 1
2020-05-11 16:55:19.287  [http-nio-8083-exec-1] DEBUG [com.hzu.community.mapper.QuestionMapper.selectQuestion:] [2a19e443a3636c87,6fa7f348f55f458e,902b266cc530ac7a] - ==>  Preparing: select * from question order by gmt_create desc limit ?,? 
2020-05-11 16:55:19.287  [http-nio-8083-exec-1] DEBUG [com.hzu.community.mapper.QuestionMapper.selectQuestion:] [2a19e443a3636c87,6fa7f348f55f458e,902b266cc530ac7a] - ==> Parameters: 0(Integer), 4(Integer)
2020-05-11 16:55:19.292  [http-nio-8083-exec-1] DEBUG [com.hzu.community.mapper.QuestionMapper.selectQuestion:] [2a19e443a3636c87,6fa7f348f55f458e,902b266cc530ac7a] - <==      Total: 4
2020-05-11 16:55:19.337  [http-nio-8083-exec-3] DEBUG [com.hzu.community.mapper.QuestionMapper.selectQuestion:] [2a19e443a3636c87,adb752418154a04e,62d917c2bf1a1791] - ==>  Preparing: select * from question order by gmt_create desc limit ?,? 
2020-05-11 16:55:19.338  [http-nio-8083-exec-3] DEBUG [com.hzu.community.mapper.QuestionMapper.selectQuestion:] [2a19e443a3636c87,adb752418154a04e,62d917c2bf1a1791] - ==> Parameters: 4(Integer), 4(Integer)
2020-05-11 16:55:19.340  [http-nio-8083-exec-3] DEBUG [com.hzu.community.mapper.QuestionMapper.selectQuestion:] [2a19e443a3636c87,adb752418154a04e,62d917c2bf1a1791] - <==      Total: 4
2020-05-11 16:55:19.348  [http-nio-8083-exec-4] DEBUG [com.hzu.community.mapper.QuestionMapper.selectQuestion:] [2a19e443a3636c87,2da274768cd01f51,e76778a8ee558172] - ==>  Preparing: select * from question order by gmt_create desc limit ?,? 
2020-05-11 16:55:19.348  [http-nio-8083-exec-4] DEBUG [com.hzu.community.mapper.QuestionMapper.selectQuestion:] [2a19e443a3636c87,2da274768cd01f51,e76778a8ee558172] - ==> Parameters: 8(Integer), 4(Integer)
2020-05-11 16:55:19.350  [http-nio-8083-exec-4] DEBUG [com.hzu.community.mapper.QuestionMapper.selectQuestion:] [2a19e443a3636c87,2da274768cd01f51,e76778a8ee558172] - <==      Total: 2
2020-05-11 16:55:53.612  [http-nio-8083-exec-5] DEBUG [com.hzu.community.mapper.UserMapper.select:] [ec3564b5de695de2,a4736a767cf39ff5,ec3564b5de695de2] - ==>  Preparing: select * from user WHERE name = ? 
2020-05-11 16:55:53.613  [http-nio-8083-exec-5] DEBUG [com.hzu.community.mapper.UserMapper.select:] [ec3564b5de695de2,a4736a767cf39ff5,ec3564b5de695de2] - ==> Parameters: 123(String)
2020-05-11 16:55:53.614  [http-nio-8083-exec-5] DEBUG [com.hzu.community.mapper.UserMapper.select:] [ec3564b5de695de2,a4736a767cf39ff5,ec3564b5de695de2] - <==      Total: 1
2020-05-11 16:55:53.630  [http-nio-8083-exec-6] DEBUG [com.hzu.community.mapper.NotificationMapper.countUnread:] [ec3564b5de695de2,bdda462085b4a62b,ec3564b5de695de2] - ==>  Preparing: select count(*) from notification where receiver = ? and status = ? 
2020-05-11 16:55:53.630  [http-nio-8083-exec-6] DEBUG [com.hzu.community.mapper.NotificationMapper.countUnread:] [ec3564b5de695de2,bdda462085b4a62b,ec3564b5de695de2] - ==> Parameters: 1(Integer), 0(Integer)
2020-05-11 16:55:53.631  [http-nio-8083-exec-6] DEBUG [com.hzu.community.mapper.NotificationMapper.countUnread:] [ec3564b5de695de2,bdda462085b4a62b,ec3564b5de695de2] - <==      Total: 1
2020-05-11 16:59:13.529  [http-nio-8083-exec-9] DEBUG [com.hzu.community.mapper.QuestionMapper.selectQuestion:] [d68434f0c5fa77e6,2a96a0d1c67843a3,5e4f8873e4d73197] - ==>  Preparing: select * from question order by gmt_create desc limit ?,? 
2020-05-11 16:59:13.530  [http-nio-8083-exec-9] DEBUG [com.hzu.community.mapper.QuestionMapper.selectQuestion:] [d68434f0c5fa77e6,2a96a0d1c67843a3,5e4f8873e4d73197] - ==> Parameters: 0(Integer), 4(Integer)
2020-05-11 16:59:13.534  [http-nio-8083-exec-9] DEBUG [com.hzu.community.mapper.QuestionMapper.selectQuestion:] [d68434f0c5fa77e6,2a96a0d1c67843a3,5e4f8873e4d73197] - <==      Total: 4
2020-05-11 16:59:13.582  [http-nio-8083-exec-8] DEBUG [com.hzu.community.mapper.QuestionMapper.selectQuestion:] [d68434f0c5fa77e6,cda9b64cc5216187,27b6cd93098203f0] - ==>  Preparing: select * from question order by gmt_create desc limit ?,? 
2020-05-11 16:59:13.582  [http-nio-8083-exec-8] DEBUG [com.hzu.community.mapper.QuestionMapper.selectQuestion:] [d68434f0c5fa77e6,cda9b64cc5216187,27b6cd93098203f0] - ==> Parameters: 4(Integer), 4(Integer)
2020-05-11 16:59:13.583  [http-nio-8083-exec-8] DEBUG [com.hzu.community.mapper.QuestionMapper.selectQuestion:] [d68434f0c5fa77e6,cda9b64cc5216187,27b6cd93098203f0] - <==      Total: 4
2020-05-11 16:59:13.593  [http-nio-8083-exec-10] DEBUG [com.hzu.community.mapper.QuestionMapper.selectQuestion:] [d68434f0c5fa77e6,8234f8a906466253,a3f236a0d9268981] - ==>  Preparing: select * from question order by gmt_create desc limit ?,? 
2020-05-11 16:59:13.593  [http-nio-8083-exec-10] DEBUG [com.hzu.community.mapper.QuestionMapper.selectQuestion:] [d68434f0c5fa77e6,8234f8a906466253,a3f236a0d9268981] - ==> Parameters: 8(Integer), 4(Integer)
2020-05-11 16:59:13.594  [http-nio-8083-exec-10] DEBUG [com.hzu.community.mapper.QuestionMapper.selectQuestion:] [d68434f0c5fa77e6,8234f8a906466253,a3f236a0d9268981] - <==      Total: 2
2020-05-11 16:59:34.886  [http-nio-8083-exec-2] DEBUG [com.hzu.community.mapper.UserMapper.select:] [a90a8c87767c0349,c7f7400c4df46491,a90a8c87767c0349] - ==>  Preparing: select * from user WHERE name = ? 
2020-05-11 16:59:34.888  [http-nio-8083-exec-2] DEBUG [com.hzu.community.mapper.UserMapper.select:] [a90a8c87767c0349,c7f7400c4df46491,a90a8c87767c0349] - ==> Parameters: 123(String)
2020-05-11 16:59:34.889  [http-nio-8083-exec-2] DEBUG [com.hzu.community.mapper.UserMapper.select:] [a90a8c87767c0349,c7f7400c4df46491,a90a8c87767c0349] - <==      Total: 1
2020-05-11 16:59:34.909  [http-nio-8083-exec-1] DEBUG [com.hzu.community.mapper.NotificationMapper.countUnread:] [a90a8c87767c0349,0e4f10167175c887,a90a8c87767c0349] - ==>  Preparing: select count(*) from notification where receiver = ? and status = ? 
2020-05-11 16:59:34.909  [http-nio-8083-exec-1] DEBUG [com.hzu.community.mapper.NotificationMapper.countUnread:] [a90a8c87767c0349,0e4f10167175c887,a90a8c87767c0349] - ==> Parameters: 1(Integer), 0(Integer)
2020-05-11 16:59:34.910  [http-nio-8083-exec-1] DEBUG [com.hzu.community.mapper.NotificationMapper.countUnread:] [a90a8c87767c0349,0e4f10167175c887,a90a8c87767c0349] - <==      Total: 1
