2020-04-25 00:04:20.256 [main] WARN  [org.springframework.boot.actuate.endpoint.EndpointId:155] [,] - Endpoint ID 'hystrix.stream' contains invalid characters, please migrate to a valid format.
2020-04-25 00:04:21.240 [main] WARN  [org.springframework.boot.actuate.endpoint.EndpointId:155] [,] - Endpoint ID 'service-registry' contains invalid characters, please migrate to a valid format.
2020-04-25 00:04:24.247 [main] WARN  [com.netflix.config.sources.URLConfigurationSource:121] [,] - No URLs will be polled as dynamic configuration sources.
2020-04-25 00:04:26.181 [main] WARN  [org.springframework.cloud.sleuth.zipkin2.ZipkinAutoConfiguration:114] [,] - Check result of the [AsyncReporter{org.springframework.cloud.sleuth.zipkin2.sender.RestTemplateSender@631c6d11}] contains an error [CheckResult{ok=false, error=org.springframework.web.client.ResourceAccessException: I/O error on POST request for "http://localhost:9411/api/v2/spans": connect timed out; nested exception is java.net.SocketTimeoutException: connect timed out}]
2020-04-25 00:04:28.017 [main] WARN  [com.netflix.config.sources.URLConfigurationSource:121] [,] - No URLs will be polled as dynamic configuration sources.
2020-04-25 00:04:32.069 [main] WARN  [org.springframework.cloud.loadbalancer.config.BlockingLoadBalancerClientAutoConfiguration$BlockingLoadBalancerClientRibbonWarnLogger:86] [,] - You already have RibbonLoadBalancerClient on your classpath. It will be used by default. As Spring Cloud Ribbon is in maintenance mode. We recommend switching to BlockingLoadBalancerClient instead. In order to use it, set the value of `spring.cloud.loadbalancer.ribbon.enabled` to `false` or remove spring-cloud-starter-netflix-ribbon from your project.
2020-04-25 00:04:35.959 [scheduling-1] ERROR [org.springframework.scheduling.support.TaskUtils$LoggingErrorHandler:95] [,] - Unexpected error occurred in scheduled task
com.hzu.community.api.utils.RestException: sendReq error by No instances available for community
	at com.hzu.community.api.utils.Rests.sendReq(Rests.java:75) ~[classes/:?]
	at com.hzu.community.api.utils.Rests.exc(Rests.java:31) ~[classes/:?]
	at com.hzu.community.api.utils.Rests.exc(Rests.java:27) ~[classes/:?]
	at com.hzu.community.api.dao.QuestionDao.getQuestions(QuestionDao.java:42) ~[classes/:?]
	at sun.reflect.NativeMethodAccessorImpl.invoke0(Native Method) ~[?:1.8.0_121]
	at sun.reflect.NativeMethodAccessorImpl.invoke(NativeMethodAccessorImpl.java:62) ~[?:1.8.0_121]
	at sun.reflect.DelegatingMethodAccessorImpl.invoke(DelegatingMethodAccessorImpl.java:43) ~[?:1.8.0_121]
	at java.lang.reflect.Method.invoke(Method.java:498) ~[?:1.8.0_121]
	at com.netflix.hystrix.contrib.javanica.command.MethodExecutionAction.execute(MethodExecutionAction.java:116) ~[hystrix-javanica-1.5.18.jar:1.5.18]
	at com.netflix.hystrix.contrib.javanica.command.MethodExecutionAction.executeWithArgs(MethodExecutionAction.java:93) ~[hystrix-javanica-1.5.18.jar:1.5.18]
	at com.netflix.hystrix.contrib.javanica.command.MethodExecutionAction.execute(MethodExecutionAction.java:78) ~[hystrix-javanica-1.5.18.jar:1.5.18]
	at com.netflix.hystrix.contrib.javanica.command.GenericCommand$1.execute(GenericCommand.java:48) ~[hystrix-javanica-1.5.18.jar:1.5.18]
	at com.netflix.hystrix.contrib.javanica.command.AbstractHystrixCommand.process(AbstractHystrixCommand.java:145) ~[hystrix-javanica-1.5.18.jar:1.5.18]
	at com.netflix.hystrix.contrib.javanica.command.GenericCommand.run(GenericCommand.java:45) ~[hystrix-javanica-1.5.18.jar:1.5.18]
	at com.netflix.hystrix.HystrixCommand$2.call(HystrixCommand.java:302) ~[hystrix-core-1.5.18.jar:1.5.18]
	at com.netflix.hystrix.HystrixCommand$2.call(HystrixCommand.java:298) ~[hystrix-core-1.5.18.jar:1.5.18]
	at rx.internal.operators.OnSubscribeDefer.call(OnSubscribeDefer.java:46) ~[rxjava-1.3.8.jar:1.3.8]
	at rx.internal.operators.OnSubscribeDefer.call(OnSubscribeDefer.java:35) ~[rxjava-1.3.8.jar:1.3.8]
	at rx.internal.operators.OnSubscribeLift.call(OnSubscribeLift.java:48) ~[rxjava-1.3.8.jar:1.3.8]
	at rx.internal.operators.OnSubscribeLift.call(OnSubscribeLift.java:30) ~[rxjava-1.3.8.jar:1.3.8]
	at rx.internal.operators.OnSubscribeLift.call(OnSubscribeLift.java:48) ~[rxjava-1.3.8.jar:1.3.8]
	at rx.internal.operators.OnSubscribeLift.call(OnSubscribeLift.java:30) ~[rxjava-1.3.8.jar:1.3.8]
	at rx.internal.operators.OnSubscribeLift.call(OnSubscribeLift.java:48) ~[rxjava-1.3.8.jar:1.3.8]
	at rx.internal.operators.OnSubscribeLift.call(OnSubscribeLift.java:30) ~[rxjava-1.3.8.jar:1.3.8]
	at rx.Observable.unsafeSubscribe(Observable.java:10327) ~[rxjava-1.3.8.jar:1.3.8]
	at rx.internal.operators.OnSubscribeDefer.call(OnSubscribeDefer.java:51) ~[rxjava-1.3.8.jar:1.3.8]
	at rx.internal.operators.OnSubscribeDefer.call(OnSubscribeDefer.java:35) ~[rxjava-1.3.8.jar:1.3.8]
	at rx.Observable.unsafeSubscribe(Observable.java:10327) ~[rxjava-1.3.8.jar:1.3.8]
	at rx.internal.operators.OnSubscribeDoOnEach.call(OnSubscribeDoOnEach.java:41) ~[rxjava-1.3.8.jar:1.3.8]
	at rx.internal.operators.OnSubscribeDoOnEach.call(OnSubscribeDoOnEach.java:30) ~[rxjava-1.3.8.jar:1.3.8]
	at rx.internal.operators.OnSubscribeLift.call(OnSubscribeLift.java:48) ~[rxjava-1.3.8.jar:1.3.8]
	at rx.internal.operators.OnSubscribeLift.call(OnSubscribeLift.java:30) ~[rxjava-1.3.8.jar:1.3.8]
	at rx.Observable.unsafeSubscribe(Observable.java:10327) ~[rxjava-1.3.8.jar:1.3.8]
	at rx.internal.operators.OperatorSubscribeOn$SubscribeOnSubscriber.call(OperatorSubscribeOn.java:100) ~[rxjava-1.3.8.jar:1.3.8]
	at com.netflix.hystrix.strategy.concurrency.HystrixContexSchedulerAction$1.call(HystrixContexSchedulerAction.java:56) ~[hystrix-core-1.5.18.jar:1.5.18]
	at com.netflix.hystrix.strategy.concurrency.HystrixContexSchedulerAction$1.call(HystrixContexSchedulerAction.java:47) ~[hystrix-core-1.5.18.jar:1.5.18]
	at org.springframework.cloud.sleuth.instrument.async.TraceCallable.call(TraceCallable.java:70) ~[spring-cloud-sleuth-core-2.2.2.RELEASE.jar:2.2.2.RELEASE]
	at com.netflix.hystrix.strategy.concurrency.HystrixContexSchedulerAction.call(HystrixContexSchedulerAction.java:69) ~[hystrix-core-1.5.18.jar:1.5.18]
	at rx.internal.schedulers.ScheduledAction.run(ScheduledAction.java:55) ~[rxjava-1.3.8.jar:1.3.8]
	at java.util.concurrent.Executors$RunnableAdapter.call(Executors.java:511) ~[?:1.8.0_121]
	at java.util.concurrent.FutureTask.run(FutureTask.java:266) ~[?:1.8.0_121]
	at java.util.concurrent.ThreadPoolExecutor.runWorker(ThreadPoolExecutor.java:1142) ~[?:1.8.0_121]
	at java.util.concurrent.ThreadPoolExecutor$Worker.run(ThreadPoolExecutor.java:617) ~[?:1.8.0_121]
	at java.lang.Thread.run(Thread.java:745) [?:1.8.0_121]
2020-04-25 00:04:37.175 [AsyncReporter{org.springframework.cloud.sleuth.zipkin2.sender.RestTemplateSender@631c6d11}] WARN  [zipkin2.reporter.AsyncReporter$BoundedAsyncReporter:295] [,] - Spans were dropped due to exceptions. All subsequent errors will be logged at FINE level.
2020-04-25 00:04:37.175 [AsyncReporter{org.springframework.cloud.sleuth.zipkin2.sender.RestTemplateSender@631c6d11}] WARN  [zipkin2.reporter.AsyncReporter$BoundedAsyncReporter:302] [,] - Dropped 3 spans due to ResourceAccessException(I/O error on POST request for "http://localhost:9411/api/v2/spans": connect timed out; nested exception is java.net.SocketTimeoutException: connect timed out)
org.springframework.web.client.ResourceAccessException: I/O error on POST request for "http://localhost:9411/api/v2/spans": connect timed out; nested exception is java.net.SocketTimeoutException: connect timed out
	at org.springframework.web.client.RestTemplate.doExecute(RestTemplate.java:748) ~[spring-web-5.2.5.RELEASE.jar:5.2.5.RELEASE]
	at org.springframework.cloud.sleuth.zipkin2.sender.ZipkinRestTemplateWrapper.doExecute(ZipkinRestTemplateSenderConfiguration.java:228) ~[spring-cloud-sleuth-zipkin-2.2.2.RELEASE.jar:2.2.2.RELEASE]
	at org.springframework.web.client.RestTemplate.exchange(RestTemplate.java:641) ~[spring-web-5.2.5.RELEASE.jar:5.2.5.RELEASE]
	at org.springframework.cloud.sleuth.zipkin2.sender.RestTemplateSender.post(RestTemplateSender.java:129) ~[spring-cloud-sleuth-zipkin-2.2.2.RELEASE.jar:2.2.2.RELEASE]
	at org.springframework.cloud.sleuth.zipkin2.sender.RestTemplateSender$HttpPostCall.doExecute(RestTemplateSender.java:142) ~[spring-cloud-sleuth-zipkin-2.2.2.RELEASE.jar:2.2.2.RELEASE]
	at org.springframework.cloud.sleuth.zipkin2.sender.RestTemplateSender$HttpPostCall.doExecute(RestTemplateSender.java:132) ~[spring-cloud-sleuth-zipkin-2.2.2.RELEASE.jar:2.2.2.RELEASE]
	at zipkin2.Call$Base.execute(Call.java:380) ~[zipkin-2.19.3.jar:?]
	at zipkin2.reporter.AsyncReporter$BoundedAsyncReporter.flush(AsyncReporter.java:284) ~[zipkin-reporter-2.12.1.jar:?]
	at zipkin2.reporter.AsyncReporter$Flusher.run(AsyncReporter.java:358) ~[zipkin-reporter-2.12.1.jar:?]
	at java.lang.Thread.run(Thread.java:745) [?:1.8.0_121]
Caused by: java.net.SocketTimeoutException: connect timed out
	at java.net.DualStackPlainSocketImpl.waitForConnect(Native Method) ~[?:1.8.0_121]
	at java.net.DualStackPlainSocketImpl.socketConnect(DualStackPlainSocketImpl.java:85) ~[?:1.8.0_121]
	at java.net.AbstractPlainSocketImpl.doConnect(AbstractPlainSocketImpl.java:350) ~[?:1.8.0_121]
	at java.net.AbstractPlainSocketImpl.connectToAddress(AbstractPlainSocketImpl.java:206) ~[?:1.8.0_121]
	at java.net.AbstractPlainSocketImpl.connect(AbstractPlainSocketImpl.java:188) ~[?:1.8.0_121]
	at java.net.PlainSocketImpl.connect(PlainSocketImpl.java:172) ~[?:1.8.0_121]
	at java.net.SocksSocketImpl.connect(SocksSocketImpl.java:392) ~[?:1.8.0_121]
	at java.net.Socket.connect(Socket.java:589) ~[?:1.8.0_121]
	at sun.net.NetworkClient.doConnect(NetworkClient.java:175) ~[?:1.8.0_121]
	at sun.net.www.http.HttpClient.openServer(HttpClient.java:432) ~[?:1.8.0_121]
	at sun.net.www.http.HttpClient.openServer(HttpClient.java:527) ~[?:1.8.0_121]
	at sun.net.www.http.HttpClient.<init>(HttpClient.java:211) ~[?:1.8.0_121]
	at sun.net.www.http.HttpClient.New(HttpClient.java:308) ~[?:1.8.0_121]
	at sun.net.www.http.HttpClient.New(HttpClient.java:326) ~[?:1.8.0_121]
	at sun.net.www.protocol.http.HttpURLConnection.getNewHttpClient(HttpURLConnection.java:1202) ~[?:1.8.0_121]
	at sun.net.www.protocol.http.HttpURLConnection.plainConnect0(HttpURLConnection.java:1138) ~[?:1.8.0_121]
	at sun.net.www.protocol.http.HttpURLConnection.plainConnect(HttpURLConnection.java:1032) ~[?:1.8.0_121]
	at sun.net.www.protocol.http.HttpURLConnection.connect(HttpURLConnection.java:966) ~[?:1.8.0_121]
	at org.springframework.http.client.SimpleBufferingClientHttpRequest.executeInternal(SimpleBufferingClientHttpRequest.java:76) ~[spring-web-5.2.5.RELEASE.jar:5.2.5.RELEASE]
	at org.springframework.http.client.AbstractBufferingClientHttpRequest.executeInternal(AbstractBufferingClientHttpRequest.java:48) ~[spring-web-5.2.5.RELEASE.jar:5.2.5.RELEASE]
	at org.springframework.http.client.AbstractClientHttpRequest.execute(AbstractClientHttpRequest.java:53) ~[spring-web-5.2.5.RELEASE.jar:5.2.5.RELEASE]
	at org.springframework.web.client.RestTemplate.doExecute(RestTemplate.java:739) ~[spring-web-5.2.5.RELEASE.jar:5.2.5.RELEASE]
	... 9 more
2020-04-25 00:15:34.928 [main] WARN  [org.springframework.boot.actuate.endpoint.EndpointId:155] [,] - Endpoint ID 'hystrix.stream' contains invalid characters, please migrate to a valid format.
2020-04-25 00:15:35.586 [main] WARN  [org.springframework.boot.actuate.endpoint.EndpointId:155] [,] - Endpoint ID 'service-registry' contains invalid characters, please migrate to a valid format.
2020-04-25 00:15:38.378 [main] WARN  [com.netflix.config.sources.URLConfigurationSource:121] [,] - No URLs will be polled as dynamic configuration sources.
2020-04-25 00:15:39.555 [main] WARN  [org.springframework.cloud.sleuth.zipkin2.ZipkinAutoConfiguration:114] [,] - Check result of the [AsyncReporter{org.springframework.cloud.sleuth.zipkin2.sender.RestTemplateSender@553d2579}] contains an error [CheckResult{ok=false, error=org.springframework.web.client.ResourceAccessException: I/O error on POST request for "http://localhost:9411/api/v2/spans": connect timed out; nested exception is java.net.SocketTimeoutException: connect timed out}]
2020-04-25 00:15:41.114 [main] WARN  [com.netflix.config.sources.URLConfigurationSource:121] [,] - No URLs will be polled as dynamic configuration sources.
2020-04-25 00:15:43.450 [main] WARN  [org.springframework.cloud.loadbalancer.config.BlockingLoadBalancerClientAutoConfiguration$BlockingLoadBalancerClientRibbonWarnLogger:86] [,] - You already have RibbonLoadBalancerClient on your classpath. It will be used by default. As Spring Cloud Ribbon is in maintenance mode. We recommend switching to BlockingLoadBalancerClient instead. In order to use it, set the value of `spring.cloud.loadbalancer.ribbon.enabled` to `false` or remove spring-cloud-starter-netflix-ribbon from your project.
2020-04-25 00:15:46.368 [scheduling-1] ERROR [org.springframework.scheduling.support.TaskUtils$LoggingErrorHandler:95] [,] - Unexpected error occurred in scheduled task
com.hzu.community.api.utils.RestException: sendReq error by No instances available for community
	at com.hzu.community.api.utils.Rests.sendReq(Rests.java:75) ~[classes/:?]
	at com.hzu.community.api.utils.Rests.exc(Rests.java:31) ~[classes/:?]
	at com.hzu.community.api.utils.Rests.exc(Rests.java:27) ~[classes/:?]
	at com.hzu.community.api.dao.QuestionDao.getQuestions(QuestionDao.java:42) ~[classes/:?]
	at sun.reflect.NativeMethodAccessorImpl.invoke0(Native Method) ~[?:1.8.0_121]
	at sun.reflect.NativeMethodAccessorImpl.invoke(NativeMethodAccessorImpl.java:62) ~[?:1.8.0_121]
	at sun.reflect.DelegatingMethodAccessorImpl.invoke(DelegatingMethodAccessorImpl.java:43) ~[?:1.8.0_121]
	at java.lang.reflect.Method.invoke(Method.java:498) ~[?:1.8.0_121]
	at com.netflix.hystrix.contrib.javanica.command.MethodExecutionAction.execute(MethodExecutionAction.java:116) ~[hystrix-javanica-1.5.18.jar:1.5.18]
	at com.netflix.hystrix.contrib.javanica.command.MethodExecutionAction.executeWithArgs(MethodExecutionAction.java:93) ~[hystrix-javanica-1.5.18.jar:1.5.18]
	at com.netflix.hystrix.contrib.javanica.command.MethodExecutionAction.execute(MethodExecutionAction.java:78) ~[hystrix-javanica-1.5.18.jar:1.5.18]
	at com.netflix.hystrix.contrib.javanica.command.GenericCommand$1.execute(GenericCommand.java:48) ~[hystrix-javanica-1.5.18.jar:1.5.18]
	at com.netflix.hystrix.contrib.javanica.command.AbstractHystrixCommand.process(AbstractHystrixCommand.java:145) ~[hystrix-javanica-1.5.18.jar:1.5.18]
	at com.netflix.hystrix.contrib.javanica.command.GenericCommand.run(GenericCommand.java:45) ~[hystrix-javanica-1.5.18.jar:1.5.18]
	at com.netflix.hystrix.HystrixCommand$2.call(HystrixCommand.java:302) ~[hystrix-core-1.5.18.jar:1.5.18]
	at com.netflix.hystrix.HystrixCommand$2.call(HystrixCommand.java:298) ~[hystrix-core-1.5.18.jar:1.5.18]
	at rx.internal.operators.OnSubscribeDefer.call(OnSubscribeDefer.java:46) ~[rxjava-1.3.8.jar:1.3.8]
	at rx.internal.operators.OnSubscribeDefer.call(OnSubscribeDefer.java:35) ~[rxjava-1.3.8.jar:1.3.8]
	at rx.internal.operators.OnSubscribeLift.call(OnSubscribeLift.java:48) ~[rxjava-1.3.8.jar:1.3.8]
	at rx.internal.operators.OnSubscribeLift.call(OnSubscribeLift.java:30) ~[rxjava-1.3.8.jar:1.3.8]
	at rx.internal.operators.OnSubscribeLift.call(OnSubscribeLift.java:48) ~[rxjava-1.3.8.jar:1.3.8]
	at rx.internal.operators.OnSubscribeLift.call(OnSubscribeLift.java:30) ~[rxjava-1.3.8.jar:1.3.8]
	at rx.internal.operators.OnSubscribeLift.call(OnSubscribeLift.java:48) ~[rxjava-1.3.8.jar:1.3.8]
	at rx.internal.operators.OnSubscribeLift.call(OnSubscribeLift.java:30) ~[rxjava-1.3.8.jar:1.3.8]
	at rx.Observable.unsafeSubscribe(Observable.java:10327) ~[rxjava-1.3.8.jar:1.3.8]
	at rx.internal.operators.OnSubscribeDefer.call(OnSubscribeDefer.java:51) ~[rxjava-1.3.8.jar:1.3.8]
	at rx.internal.operators.OnSubscribeDefer.call(OnSubscribeDefer.java:35) ~[rxjava-1.3.8.jar:1.3.8]
	at rx.Observable.unsafeSubscribe(Observable.java:10327) ~[rxjava-1.3.8.jar:1.3.8]
	at rx.internal.operators.OnSubscribeDoOnEach.call(OnSubscribeDoOnEach.java:41) ~[rxjava-1.3.8.jar:1.3.8]
	at rx.internal.operators.OnSubscribeDoOnEach.call(OnSubscribeDoOnEach.java:30) ~[rxjava-1.3.8.jar:1.3.8]
	at rx.internal.operators.OnSubscribeLift.call(OnSubscribeLift.java:48) ~[rxjava-1.3.8.jar:1.3.8]
	at rx.internal.operators.OnSubscribeLift.call(OnSubscribeLift.java:30) ~[rxjava-1.3.8.jar:1.3.8]
	at rx.Observable.unsafeSubscribe(Observable.java:10327) ~[rxjava-1.3.8.jar:1.3.8]
	at rx.internal.operators.OperatorSubscribeOn$SubscribeOnSubscriber.call(OperatorSubscribeOn.java:100) ~[rxjava-1.3.8.jar:1.3.8]
	at com.netflix.hystrix.strategy.concurrency.HystrixContexSchedulerAction$1.call(HystrixContexSchedulerAction.java:56) ~[hystrix-core-1.5.18.jar:1.5.18]
	at com.netflix.hystrix.strategy.concurrency.HystrixContexSchedulerAction$1.call(HystrixContexSchedulerAction.java:47) ~[hystrix-core-1.5.18.jar:1.5.18]
	at org.springframework.cloud.sleuth.instrument.async.TraceCallable.call(TraceCallable.java:70) ~[spring-cloud-sleuth-core-2.2.2.RELEASE.jar:2.2.2.RELEASE]
	at com.netflix.hystrix.strategy.concurrency.HystrixContexSchedulerAction.call(HystrixContexSchedulerAction.java:69) ~[hystrix-core-1.5.18.jar:1.5.18]
	at rx.internal.schedulers.ScheduledAction.run(ScheduledAction.java:55) ~[rxjava-1.3.8.jar:1.3.8]
	at java.util.concurrent.Executors$RunnableAdapter.call(Executors.java:511) ~[?:1.8.0_121]
	at java.util.concurrent.FutureTask.run(FutureTask.java:266) ~[?:1.8.0_121]
	at java.util.concurrent.ThreadPoolExecutor.runWorker(ThreadPoolExecutor.java:1142) ~[?:1.8.0_121]
	at java.util.concurrent.ThreadPoolExecutor$Worker.run(ThreadPoolExecutor.java:617) ~[?:1.8.0_121]
	at java.lang.Thread.run(Thread.java:745) [?:1.8.0_121]
2020-04-25 00:15:47.587 [AsyncReporter{org.springframework.cloud.sleuth.zipkin2.sender.RestTemplateSender@553d2579}] WARN  [zipkin2.reporter.AsyncReporter$BoundedAsyncReporter:295] [,] - Spans were dropped due to exceptions. All subsequent errors will be logged at FINE level.
2020-04-25 00:15:47.587 [AsyncReporter{org.springframework.cloud.sleuth.zipkin2.sender.RestTemplateSender@553d2579}] WARN  [zipkin2.reporter.AsyncReporter$BoundedAsyncReporter:302] [,] - Dropped 3 spans due to ResourceAccessException(I/O error on POST request for "http://localhost:9411/api/v2/spans": connect timed out; nested exception is java.net.SocketTimeoutException: connect timed out)
org.springframework.web.client.ResourceAccessException: I/O error on POST request for "http://localhost:9411/api/v2/spans": connect timed out; nested exception is java.net.SocketTimeoutException: connect timed out
	at org.springframework.web.client.RestTemplate.doExecute(RestTemplate.java:748) ~[spring-web-5.2.5.RELEASE.jar:5.2.5.RELEASE]
	at org.springframework.cloud.sleuth.zipkin2.sender.ZipkinRestTemplateWrapper.doExecute(ZipkinRestTemplateSenderConfiguration.java:228) ~[spring-cloud-sleuth-zipkin-2.2.2.RELEASE.jar:2.2.2.RELEASE]
	at org.springframework.web.client.RestTemplate.exchange(RestTemplate.java:641) ~[spring-web-5.2.5.RELEASE.jar:5.2.5.RELEASE]
	at org.springframework.cloud.sleuth.zipkin2.sender.RestTemplateSender.post(RestTemplateSender.java:129) ~[spring-cloud-sleuth-zipkin-2.2.2.RELEASE.jar:2.2.2.RELEASE]
	at org.springframework.cloud.sleuth.zipkin2.sender.RestTemplateSender$HttpPostCall.doExecute(RestTemplateSender.java:142) ~[spring-cloud-sleuth-zipkin-2.2.2.RELEASE.jar:2.2.2.RELEASE]
	at org.springframework.cloud.sleuth.zipkin2.sender.RestTemplateSender$HttpPostCall.doExecute(RestTemplateSender.java:132) ~[spring-cloud-sleuth-zipkin-2.2.2.RELEASE.jar:2.2.2.RELEASE]
	at zipkin2.Call$Base.execute(Call.java:380) ~[zipkin-2.19.3.jar:?]
	at zipkin2.reporter.AsyncReporter$BoundedAsyncReporter.flush(AsyncReporter.java:284) ~[zipkin-reporter-2.12.1.jar:?]
	at zipkin2.reporter.AsyncReporter$Flusher.run(AsyncReporter.java:358) ~[zipkin-reporter-2.12.1.jar:?]
	at java.lang.Thread.run(Thread.java:745) [?:1.8.0_121]
Caused by: java.net.SocketTimeoutException: connect timed out
	at java.net.DualStackPlainSocketImpl.waitForConnect(Native Method) ~[?:1.8.0_121]
	at java.net.DualStackPlainSocketImpl.socketConnect(DualStackPlainSocketImpl.java:85) ~[?:1.8.0_121]
	at java.net.AbstractPlainSocketImpl.doConnect(AbstractPlainSocketImpl.java:350) ~[?:1.8.0_121]
	at java.net.AbstractPlainSocketImpl.connectToAddress(AbstractPlainSocketImpl.java:206) ~[?:1.8.0_121]
	at java.net.AbstractPlainSocketImpl.connect(AbstractPlainSocketImpl.java:188) ~[?:1.8.0_121]
	at java.net.PlainSocketImpl.connect(PlainSocketImpl.java:172) ~[?:1.8.0_121]
	at java.net.SocksSocketImpl.connect(SocksSocketImpl.java:392) ~[?:1.8.0_121]
	at java.net.Socket.connect(Socket.java:589) ~[?:1.8.0_121]
	at sun.net.NetworkClient.doConnect(NetworkClient.java:175) ~[?:1.8.0_121]
	at sun.net.www.http.HttpClient.openServer(HttpClient.java:432) ~[?:1.8.0_121]
	at sun.net.www.http.HttpClient.openServer(HttpClient.java:527) ~[?:1.8.0_121]
	at sun.net.www.http.HttpClient.<init>(HttpClient.java:211) ~[?:1.8.0_121]
	at sun.net.www.http.HttpClient.New(HttpClient.java:308) ~[?:1.8.0_121]
	at sun.net.www.http.HttpClient.New(HttpClient.java:326) ~[?:1.8.0_121]
	at sun.net.www.protocol.http.HttpURLConnection.getNewHttpClient(HttpURLConnection.java:1202) ~[?:1.8.0_121]
	at sun.net.www.protocol.http.HttpURLConnection.plainConnect0(HttpURLConnection.java:1138) ~[?:1.8.0_121]
	at sun.net.www.protocol.http.HttpURLConnection.plainConnect(HttpURLConnection.java:1032) ~[?:1.8.0_121]
	at sun.net.www.protocol.http.HttpURLConnection.connect(HttpURLConnection.java:966) ~[?:1.8.0_121]
	at org.springframework.http.client.SimpleBufferingClientHttpRequest.executeInternal(SimpleBufferingClientHttpRequest.java:76) ~[spring-web-5.2.5.RELEASE.jar:5.2.5.RELEASE]
	at org.springframework.http.client.AbstractBufferingClientHttpRequest.executeInternal(AbstractBufferingClientHttpRequest.java:48) ~[spring-web-5.2.5.RELEASE.jar:5.2.5.RELEASE]
	at org.springframework.http.client.AbstractClientHttpRequest.execute(AbstractClientHttpRequest.java:53) ~[spring-web-5.2.5.RELEASE.jar:5.2.5.RELEASE]
	at org.springframework.web.client.RestTemplate.doExecute(RestTemplate.java:739) ~[spring-web-5.2.5.RELEASE.jar:5.2.5.RELEASE]
	... 9 more
2020-04-25 00:50:51.822 [main] WARN  [org.springframework.boot.actuate.endpoint.EndpointId:155] [,] - Endpoint ID 'hystrix.stream' contains invalid characters, please migrate to a valid format.
2020-04-25 00:50:52.302 [main] WARN  [org.springframework.boot.actuate.endpoint.EndpointId:155] [,] - Endpoint ID 'service-registry' contains invalid characters, please migrate to a valid format.
2020-04-25 00:50:54.166 [main] WARN  [com.netflix.config.sources.URLConfigurationSource:121] [,] - No URLs will be polled as dynamic configuration sources.
2020-04-25 00:50:55.177 [main] WARN  [org.springframework.cloud.sleuth.zipkin2.ZipkinAutoConfiguration:114] [,] - Check result of the [AsyncReporter{org.springframework.cloud.sleuth.zipkin2.sender.RestTemplateSender@622d7e4}] contains an error [CheckResult{ok=false, error=org.springframework.web.client.ResourceAccessException: I/O error on POST request for "http://localhost:9411/api/v2/spans": connect timed out; nested exception is java.net.SocketTimeoutException: connect timed out}]
2020-04-25 00:50:56.920 [main] WARN  [com.netflix.config.sources.URLConfigurationSource:121] [,] - No URLs will be polled as dynamic configuration sources.
2020-04-25 00:50:58.442 [main] WARN  [org.springframework.cloud.loadbalancer.config.BlockingLoadBalancerClientAutoConfiguration$BlockingLoadBalancerClientRibbonWarnLogger:86] [,] - You already have RibbonLoadBalancerClient on your classpath. It will be used by default. As Spring Cloud Ribbon is in maintenance mode. We recommend switching to BlockingLoadBalancerClient instead. In order to use it, set the value of `spring.cloud.loadbalancer.ribbon.enabled` to `false` or remove spring-cloud-starter-netflix-ribbon from your project.
2020-04-25 00:51:02.418 [AsyncReporter{org.springframework.cloud.sleuth.zipkin2.sender.RestTemplateSender@622d7e4}] WARN  [zipkin2.reporter.AsyncReporter$BoundedAsyncReporter:295] [,] - Spans were dropped due to exceptions. All subsequent errors will be logged at FINE level.
2020-04-25 00:51:02.419 [AsyncReporter{org.springframework.cloud.sleuth.zipkin2.sender.RestTemplateSender@622d7e4}] WARN  [zipkin2.reporter.AsyncReporter$BoundedAsyncReporter:302] [,] - Dropped 5 spans due to ResourceAccessException(I/O error on POST request for "http://localhost:9411/api/v2/spans": connect timed out; nested exception is java.net.SocketTimeoutException: connect timed out)
org.springframework.web.client.ResourceAccessException: I/O error on POST request for "http://localhost:9411/api/v2/spans": connect timed out; nested exception is java.net.SocketTimeoutException: connect timed out
	at org.springframework.web.client.RestTemplate.doExecute(RestTemplate.java:748) ~[spring-web-5.2.5.RELEASE.jar:5.2.5.RELEASE]
	at org.springframework.cloud.sleuth.zipkin2.sender.ZipkinRestTemplateWrapper.doExecute(ZipkinRestTemplateSenderConfiguration.java:228) ~[spring-cloud-sleuth-zipkin-2.2.2.RELEASE.jar:2.2.2.RELEASE]
	at org.springframework.web.client.RestTemplate.exchange(RestTemplate.java:641) ~[spring-web-5.2.5.RELEASE.jar:5.2.5.RELEASE]
	at org.springframework.cloud.sleuth.zipkin2.sender.RestTemplateSender.post(RestTemplateSender.java:129) ~[spring-cloud-sleuth-zipkin-2.2.2.RELEASE.jar:2.2.2.RELEASE]
	at org.springframework.cloud.sleuth.zipkin2.sender.RestTemplateSender$HttpPostCall.doExecute(RestTemplateSender.java:142) ~[spring-cloud-sleuth-zipkin-2.2.2.RELEASE.jar:2.2.2.RELEASE]
	at org.springframework.cloud.sleuth.zipkin2.sender.RestTemplateSender$HttpPostCall.doExecute(RestTemplateSender.java:132) ~[spring-cloud-sleuth-zipkin-2.2.2.RELEASE.jar:2.2.2.RELEASE]
	at zipkin2.Call$Base.execute(Call.java:380) ~[zipkin-2.19.3.jar:?]
	at zipkin2.reporter.AsyncReporter$BoundedAsyncReporter.flush(AsyncReporter.java:284) ~[zipkin-reporter-2.12.1.jar:?]
	at zipkin2.reporter.AsyncReporter$Flusher.run(AsyncReporter.java:358) ~[zipkin-reporter-2.12.1.jar:?]
	at java.lang.Thread.run(Thread.java:745) [?:1.8.0_121]
Caused by: java.net.SocketTimeoutException: connect timed out
	at java.net.DualStackPlainSocketImpl.waitForConnect(Native Method) ~[?:1.8.0_121]
	at java.net.DualStackPlainSocketImpl.socketConnect(DualStackPlainSocketImpl.java:85) ~[?:1.8.0_121]
	at java.net.AbstractPlainSocketImpl.doConnect(AbstractPlainSocketImpl.java:350) ~[?:1.8.0_121]
	at java.net.AbstractPlainSocketImpl.connectToAddress(AbstractPlainSocketImpl.java:206) ~[?:1.8.0_121]
	at java.net.AbstractPlainSocketImpl.connect(AbstractPlainSocketImpl.java:188) ~[?:1.8.0_121]
	at java.net.PlainSocketImpl.connect(PlainSocketImpl.java:172) ~[?:1.8.0_121]
	at java.net.SocksSocketImpl.connect(SocksSocketImpl.java:392) ~[?:1.8.0_121]
	at java.net.Socket.connect(Socket.java:589) ~[?:1.8.0_121]
	at sun.net.NetworkClient.doConnect(NetworkClient.java:175) ~[?:1.8.0_121]
	at sun.net.www.http.HttpClient.openServer(HttpClient.java:432) ~[?:1.8.0_121]
	at sun.net.www.http.HttpClient.openServer(HttpClient.java:527) ~[?:1.8.0_121]
	at sun.net.www.http.HttpClient.<init>(HttpClient.java:211) ~[?:1.8.0_121]
	at sun.net.www.http.HttpClient.New(HttpClient.java:308) ~[?:1.8.0_121]
	at sun.net.www.http.HttpClient.New(HttpClient.java:326) ~[?:1.8.0_121]
	at sun.net.www.protocol.http.HttpURLConnection.getNewHttpClient(HttpURLConnection.java:1202) ~[?:1.8.0_121]
	at sun.net.www.protocol.http.HttpURLConnection.plainConnect0(HttpURLConnection.java:1138) ~[?:1.8.0_121]
	at sun.net.www.protocol.http.HttpURLConnection.plainConnect(HttpURLConnection.java:1032) ~[?:1.8.0_121]
	at sun.net.www.protocol.http.HttpURLConnection.connect(HttpURLConnection.java:966) ~[?:1.8.0_121]
	at org.springframework.http.client.SimpleBufferingClientHttpRequest.executeInternal(SimpleBufferingClientHttpRequest.java:76) ~[spring-web-5.2.5.RELEASE.jar:5.2.5.RELEASE]
	at org.springframework.http.client.AbstractBufferingClientHttpRequest.executeInternal(AbstractBufferingClientHttpRequest.java:48) ~[spring-web-5.2.5.RELEASE.jar:5.2.5.RELEASE]
	at org.springframework.http.client.AbstractClientHttpRequest.execute(AbstractClientHttpRequest.java:53) ~[spring-web-5.2.5.RELEASE.jar:5.2.5.RELEASE]
	at org.springframework.web.client.RestTemplate.doExecute(RestTemplate.java:739) ~[spring-web-5.2.5.RELEASE.jar:5.2.5.RELEASE]
	... 9 more
2020-04-25 00:55:31.391 [main] WARN  [org.springframework.boot.actuate.endpoint.EndpointId:155] [,] - Endpoint ID 'hystrix.stream' contains invalid characters, please migrate to a valid format.
2020-04-25 00:55:31.889 [main] WARN  [org.springframework.boot.actuate.endpoint.EndpointId:155] [,] - Endpoint ID 'service-registry' contains invalid characters, please migrate to a valid format.
2020-04-25 00:55:33.983 [main] WARN  [com.netflix.config.sources.URLConfigurationSource:121] [,] - No URLs will be polled as dynamic configuration sources.
2020-04-25 00:55:34.947 [main] WARN  [org.springframework.cloud.sleuth.zipkin2.ZipkinAutoConfiguration:114] [,] - Check result of the [AsyncReporter{org.springframework.cloud.sleuth.zipkin2.sender.RestTemplateSender@20d19f2c}] contains an error [CheckResult{ok=false, error=org.springframework.web.client.ResourceAccessException: I/O error on POST request for "http://localhost:9411/api/v2/spans": connect timed out; nested exception is java.net.SocketTimeoutException: connect timed out}]
2020-04-25 00:55:36.217 [main] WARN  [com.netflix.config.sources.URLConfigurationSource:121] [,] - No URLs will be polled as dynamic configuration sources.
2020-04-25 00:55:37.724 [main] WARN  [org.springframework.cloud.loadbalancer.config.BlockingLoadBalancerClientAutoConfiguration$BlockingLoadBalancerClientRibbonWarnLogger:86] [,] - You already have RibbonLoadBalancerClient on your classpath. It will be used by default. As Spring Cloud Ribbon is in maintenance mode. We recommend switching to BlockingLoadBalancerClient instead. In order to use it, set the value of `spring.cloud.loadbalancer.ribbon.enabled` to `false` or remove spring-cloud-starter-netflix-ribbon from your project.
2020-04-25 00:55:41.983 [AsyncReporter{org.springframework.cloud.sleuth.zipkin2.sender.RestTemplateSender@20d19f2c}] WARN  [zipkin2.reporter.AsyncReporter$BoundedAsyncReporter:295] [,] - Spans were dropped due to exceptions. All subsequent errors will be logged at FINE level.
2020-04-25 00:55:41.984 [AsyncReporter{org.springframework.cloud.sleuth.zipkin2.sender.RestTemplateSender@20d19f2c}] WARN  [zipkin2.reporter.AsyncReporter$BoundedAsyncReporter:302] [,] - Dropped 5 spans due to ResourceAccessException(I/O error on POST request for "http://localhost:9411/api/v2/spans": connect timed out; nested exception is java.net.SocketTimeoutException: connect timed out)
org.springframework.web.client.ResourceAccessException: I/O error on POST request for "http://localhost:9411/api/v2/spans": connect timed out; nested exception is java.net.SocketTimeoutException: connect timed out
	at org.springframework.web.client.RestTemplate.doExecute(RestTemplate.java:748) ~[spring-web-5.2.5.RELEASE.jar:5.2.5.RELEASE]
	at org.springframework.cloud.sleuth.zipkin2.sender.ZipkinRestTemplateWrapper.doExecute(ZipkinRestTemplateSenderConfiguration.java:228) ~[spring-cloud-sleuth-zipkin-2.2.2.RELEASE.jar:2.2.2.RELEASE]
	at org.springframework.web.client.RestTemplate.exchange(RestTemplate.java:641) ~[spring-web-5.2.5.RELEASE.jar:5.2.5.RELEASE]
	at org.springframework.cloud.sleuth.zipkin2.sender.RestTemplateSender.post(RestTemplateSender.java:129) ~[spring-cloud-sleuth-zipkin-2.2.2.RELEASE.jar:2.2.2.RELEASE]
	at org.springframework.cloud.sleuth.zipkin2.sender.RestTemplateSender$HttpPostCall.doExecute(RestTemplateSender.java:142) ~[spring-cloud-sleuth-zipkin-2.2.2.RELEASE.jar:2.2.2.RELEASE]
	at org.springframework.cloud.sleuth.zipkin2.sender.RestTemplateSender$HttpPostCall.doExecute(RestTemplateSender.java:132) ~[spring-cloud-sleuth-zipkin-2.2.2.RELEASE.jar:2.2.2.RELEASE]
	at zipkin2.Call$Base.execute(Call.java:380) ~[zipkin-2.19.3.jar:?]
	at zipkin2.reporter.AsyncReporter$BoundedAsyncReporter.flush(AsyncReporter.java:284) ~[zipkin-reporter-2.12.1.jar:?]
	at zipkin2.reporter.AsyncReporter$Flusher.run(AsyncReporter.java:358) ~[zipkin-reporter-2.12.1.jar:?]
	at java.lang.Thread.run(Thread.java:745) [?:1.8.0_121]
Caused by: java.net.SocketTimeoutException: connect timed out
	at java.net.DualStackPlainSocketImpl.waitForConnect(Native Method) ~[?:1.8.0_121]
	at java.net.DualStackPlainSocketImpl.socketConnect(DualStackPlainSocketImpl.java:85) ~[?:1.8.0_121]
	at java.net.AbstractPlainSocketImpl.doConnect(AbstractPlainSocketImpl.java:350) ~[?:1.8.0_121]
	at java.net.AbstractPlainSocketImpl.connectToAddress(AbstractPlainSocketImpl.java:206) ~[?:1.8.0_121]
	at java.net.AbstractPlainSocketImpl.connect(AbstractPlainSocketImpl.java:188) ~[?:1.8.0_121]
	at java.net.PlainSocketImpl.connect(PlainSocketImpl.java:172) ~[?:1.8.0_121]
	at java.net.SocksSocketImpl.connect(SocksSocketImpl.java:392) ~[?:1.8.0_121]
	at java.net.Socket.connect(Socket.java:589) ~[?:1.8.0_121]
	at sun.net.NetworkClient.doConnect(NetworkClient.java:175) ~[?:1.8.0_121]
	at sun.net.www.http.HttpClient.openServer(HttpClient.java:432) ~[?:1.8.0_121]
	at sun.net.www.http.HttpClient.openServer(HttpClient.java:527) ~[?:1.8.0_121]
	at sun.net.www.http.HttpClient.<init>(HttpClient.java:211) ~[?:1.8.0_121]
	at sun.net.www.http.HttpClient.New(HttpClient.java:308) ~[?:1.8.0_121]
	at sun.net.www.http.HttpClient.New(HttpClient.java:326) ~[?:1.8.0_121]
	at sun.net.www.protocol.http.HttpURLConnection.getNewHttpClient(HttpURLConnection.java:1202) ~[?:1.8.0_121]
	at sun.net.www.protocol.http.HttpURLConnection.plainConnect0(HttpURLConnection.java:1138) ~[?:1.8.0_121]
	at sun.net.www.protocol.http.HttpURLConnection.plainConnect(HttpURLConnection.java:1032) ~[?:1.8.0_121]
	at sun.net.www.protocol.http.HttpURLConnection.connect(HttpURLConnection.java:966) ~[?:1.8.0_121]
	at org.springframework.http.client.SimpleBufferingClientHttpRequest.executeInternal(SimpleBufferingClientHttpRequest.java:76) ~[spring-web-5.2.5.RELEASE.jar:5.2.5.RELEASE]
	at org.springframework.http.client.AbstractBufferingClientHttpRequest.executeInternal(AbstractBufferingClientHttpRequest.java:48) ~[spring-web-5.2.5.RELEASE.jar:5.2.5.RELEASE]
	at org.springframework.http.client.AbstractClientHttpRequest.execute(AbstractClientHttpRequest.java:53) ~[spring-web-5.2.5.RELEASE.jar:5.2.5.RELEASE]
	at org.springframework.web.client.RestTemplate.doExecute(RestTemplate.java:739) ~[spring-web-5.2.5.RELEASE.jar:5.2.5.RELEASE]
	... 9 more
2020-04-25 00:57:20.290 [main] WARN  [org.springframework.boot.actuate.endpoint.EndpointId:155] [,] - Endpoint ID 'hystrix.stream' contains invalid characters, please migrate to a valid format.
2020-04-25 00:57:20.832 [main] WARN  [org.springframework.boot.actuate.endpoint.EndpointId:155] [,] - Endpoint ID 'service-registry' contains invalid characters, please migrate to a valid format.
2020-04-25 00:57:22.724 [main] WARN  [com.netflix.config.sources.URLConfigurationSource:121] [,] - No URLs will be polled as dynamic configuration sources.
2020-04-25 00:57:23.726 [main] WARN  [org.springframework.cloud.sleuth.zipkin2.ZipkinAutoConfiguration:114] [,] - Check result of the [AsyncReporter{org.springframework.cloud.sleuth.zipkin2.sender.RestTemplateSender@3e26482}] contains an error [CheckResult{ok=false, error=org.springframework.web.client.ResourceAccessException: I/O error on POST request for "http://localhost:9411/api/v2/spans": connect timed out; nested exception is java.net.SocketTimeoutException: connect timed out}]
2020-04-25 00:57:25.234 [main] WARN  [com.netflix.config.sources.URLConfigurationSource:121] [,] - No URLs will be polled as dynamic configuration sources.
2020-04-25 00:57:26.755 [main] WARN  [org.springframework.cloud.loadbalancer.config.BlockingLoadBalancerClientAutoConfiguration$BlockingLoadBalancerClientRibbonWarnLogger:86] [,] - You already have RibbonLoadBalancerClient on your classpath. It will be used by default. As Spring Cloud Ribbon is in maintenance mode. We recommend switching to BlockingLoadBalancerClient instead. In order to use it, set the value of `spring.cloud.loadbalancer.ribbon.enabled` to `false` or remove spring-cloud-starter-netflix-ribbon from your project.
2020-04-25 00:57:30.714 [AsyncReporter{org.springframework.cloud.sleuth.zipkin2.sender.RestTemplateSender@3e26482}] WARN  [zipkin2.reporter.AsyncReporter$BoundedAsyncReporter:295] [,] - Spans were dropped due to exceptions. All subsequent errors will be logged at FINE level.
2020-04-25 00:57:30.714 [AsyncReporter{org.springframework.cloud.sleuth.zipkin2.sender.RestTemplateSender@3e26482}] WARN  [zipkin2.reporter.AsyncReporter$BoundedAsyncReporter:302] [,] - Dropped 5 spans due to ResourceAccessException(I/O error on POST request for "http://localhost:9411/api/v2/spans": connect timed out; nested exception is java.net.SocketTimeoutException: connect timed out)
org.springframework.web.client.ResourceAccessException: I/O error on POST request for "http://localhost:9411/api/v2/spans": connect timed out; nested exception is java.net.SocketTimeoutException: connect timed out
	at org.springframework.web.client.RestTemplate.doExecute(RestTemplate.java:748) ~[spring-web-5.2.5.RELEASE.jar:5.2.5.RELEASE]
	at org.springframework.cloud.sleuth.zipkin2.sender.ZipkinRestTemplateWrapper.doExecute(ZipkinRestTemplateSenderConfiguration.java:228) ~[spring-cloud-sleuth-zipkin-2.2.2.RELEASE.jar:2.2.2.RELEASE]
	at org.springframework.web.client.RestTemplate.exchange(RestTemplate.java:641) ~[spring-web-5.2.5.RELEASE.jar:5.2.5.RELEASE]
	at org.springframework.cloud.sleuth.zipkin2.sender.RestTemplateSender.post(RestTemplateSender.java:129) ~[spring-cloud-sleuth-zipkin-2.2.2.RELEASE.jar:2.2.2.RELEASE]
	at org.springframework.cloud.sleuth.zipkin2.sender.RestTemplateSender$HttpPostCall.doExecute(RestTemplateSender.java:142) ~[spring-cloud-sleuth-zipkin-2.2.2.RELEASE.jar:2.2.2.RELEASE]
	at org.springframework.cloud.sleuth.zipkin2.sender.RestTemplateSender$HttpPostCall.doExecute(RestTemplateSender.java:132) ~[spring-cloud-sleuth-zipkin-2.2.2.RELEASE.jar:2.2.2.RELEASE]
	at zipkin2.Call$Base.execute(Call.java:380) ~[zipkin-2.19.3.jar:?]
	at zipkin2.reporter.AsyncReporter$BoundedAsyncReporter.flush(AsyncReporter.java:284) ~[zipkin-reporter-2.12.1.jar:?]
	at zipkin2.reporter.AsyncReporter$Flusher.run(AsyncReporter.java:358) ~[zipkin-reporter-2.12.1.jar:?]
	at java.lang.Thread.run(Thread.java:745) [?:1.8.0_121]
Caused by: java.net.SocketTimeoutException: connect timed out
	at java.net.DualStackPlainSocketImpl.waitForConnect(Native Method) ~[?:1.8.0_121]
	at java.net.DualStackPlainSocketImpl.socketConnect(DualStackPlainSocketImpl.java:85) ~[?:1.8.0_121]
	at java.net.AbstractPlainSocketImpl.doConnect(AbstractPlainSocketImpl.java:350) ~[?:1.8.0_121]
	at java.net.AbstractPlainSocketImpl.connectToAddress(AbstractPlainSocketImpl.java:206) ~[?:1.8.0_121]
	at java.net.AbstractPlainSocketImpl.connect(AbstractPlainSocketImpl.java:188) ~[?:1.8.0_121]
	at java.net.PlainSocketImpl.connect(PlainSocketImpl.java:172) ~[?:1.8.0_121]
	at java.net.SocksSocketImpl.connect(SocksSocketImpl.java:392) ~[?:1.8.0_121]
	at java.net.Socket.connect(Socket.java:589) ~[?:1.8.0_121]
	at sun.net.NetworkClient.doConnect(NetworkClient.java:175) ~[?:1.8.0_121]
	at sun.net.www.http.HttpClient.openServer(HttpClient.java:432) ~[?:1.8.0_121]
	at sun.net.www.http.HttpClient.openServer(HttpClient.java:527) ~[?:1.8.0_121]
	at sun.net.www.http.HttpClient.<init>(HttpClient.java:211) ~[?:1.8.0_121]
	at sun.net.www.http.HttpClient.New(HttpClient.java:308) ~[?:1.8.0_121]
	at sun.net.www.http.HttpClient.New(HttpClient.java:326) ~[?:1.8.0_121]
	at sun.net.www.protocol.http.HttpURLConnection.getNewHttpClient(HttpURLConnection.java:1202) ~[?:1.8.0_121]
	at sun.net.www.protocol.http.HttpURLConnection.plainConnect0(HttpURLConnection.java:1138) ~[?:1.8.0_121]
	at sun.net.www.protocol.http.HttpURLConnection.plainConnect(HttpURLConnection.java:1032) ~[?:1.8.0_121]
	at sun.net.www.protocol.http.HttpURLConnection.connect(HttpURLConnection.java:966) ~[?:1.8.0_121]
	at org.springframework.http.client.SimpleBufferingClientHttpRequest.executeInternal(SimpleBufferingClientHttpRequest.java:76) ~[spring-web-5.2.5.RELEASE.jar:5.2.5.RELEASE]
	at org.springframework.http.client.AbstractBufferingClientHttpRequest.executeInternal(AbstractBufferingClientHttpRequest.java:48) ~[spring-web-5.2.5.RELEASE.jar:5.2.5.RELEASE]
	at org.springframework.http.client.AbstractClientHttpRequest.execute(AbstractClientHttpRequest.java:53) ~[spring-web-5.2.5.RELEASE.jar:5.2.5.RELEASE]
	at org.springframework.web.client.RestTemplate.doExecute(RestTemplate.java:739) ~[spring-web-5.2.5.RELEASE.jar:5.2.5.RELEASE]
	... 9 more
