2020-05-11 04:00:32.897 [AsyncResolver-bootstrap-executor-0] INFO  [com.netflix.discovery.shared.resolver.aws.ConfigClusterResolver:43] [,] - Resolving eureka endpoints via configuration
2020-05-11 04:02:18.372 [http-nio-8080-exec-10] INFO  [com.hzu.community.api.utils.Rests:77] [3b925e1d06c010c2,3b925e1d06c010c2] - result=RestResponse [code=0, msg=OK, result=7]
2020-05-11 04:02:18.440 [http-nio-8080-exec-10] INFO  [com.netflix.config.ChainedDynamicProperty:115] [3b925e1d06c010c2,5869af3032eae218] - Flipping property: backstage.ribbon.ActiveConnectionsLimit to use NEXT property: niws.loadbalancer.availabilityFilteringRule.activeConnectionsLimit = 2147483647
2020-05-11 04:02:18.443 [http-nio-8080-exec-10] INFO  [com.netflix.util.concurrent.ShutdownEnabledTimer:58] [3b925e1d06c010c2,5869af3032eae218] - Shutdown hook installed for: NFLoadBalancer-PingTimer-backstage
2020-05-11 04:02:18.444 [http-nio-8080-exec-10] INFO  [com.netflix.loadbalancer.BaseLoadBalancer:197] [3b925e1d06c010c2,5869af3032eae218] - Client: backstage instantiated a LoadBalancer: DynamicServerListLoadBalancer:{NFLoadBalancer:name=backstage,current list of Servers=[],Load balancer stats=Zone stats: {},Server stats: []}ServerList:null
2020-05-11 04:02:18.448 [http-nio-8080-exec-10] INFO  [com.netflix.loadbalancer.DynamicServerListLoadBalancer:222] [3b925e1d06c010c2,5869af3032eae218] - Using serverListUpdater PollingServerListUpdater
2020-05-11 04:02:18.452 [http-nio-8080-exec-10] INFO  [com.netflix.config.ChainedDynamicProperty:115] [3b925e1d06c010c2,5869af3032eae218] - Flipping property: backstage.ribbon.ActiveConnectionsLimit to use NEXT property: niws.loadbalancer.availabilityFilteringRule.activeConnectionsLimit = 2147483647
2020-05-11 04:02:18.453 [http-nio-8080-exec-10] INFO  [com.netflix.loadbalancer.DynamicServerListLoadBalancer:150] [3b925e1d06c010c2,5869af3032eae218] - DynamicServerListLoadBalancer for client backstage initialized: DynamicServerListLoadBalancer:{NFLoadBalancer:name=backstage,current list of Servers=[DESKTOP-K5RUUL2:8089],Load balancer stats=Zone stats: {defaultzone=[Zone:defaultzone;	Instance count:1;	Active connections count: 0;	Circuit breaker tripped count: 0;	Active connections per server: 0.0;]
},Server stats: [[Server:DESKTOP-K5RUUL2:8089;	Zone:defaultZone;	Total Requests:0;	Successive connection failure:0;	Total blackout seconds:0;	Last connection made:Thu Jan 01 08:00:00 CST 1970;	First connection made: Thu Jan 01 08:00:00 CST 1970;	Active Connections:0;	total failure count in last (1000) msecs:0;	average resp time:0.0;	90 percentile resp time:0.0;	95 percentile resp time:0.0;	min resp time:0.0;	max resp time:0.0;	stddev resp time:0.0]
]}ServerList:org.springframework.cloud.netflix.ribbon.eureka.DomainExtractingServerList@7b7312e5
2020-05-11 04:02:18.509 [http-nio-8080-exec-10] INFO  [com.hzu.community.api.utils.Rests:77] [3b925e1d06c010c2,3b925e1d06c010c2] - result=RestResponse [code=0, msg=OK, result=10]
2020-05-11 04:02:18.528 [http-nio-8080-exec-10] INFO  [com.hzu.community.api.utils.Rests:77] [3b925e1d06c010c2,3b925e1d06c010c2] - result=RestResponse [code=0, msg=OK, result=[Question(id=16, title=热门标签, description=123是科技部对UI安管部卡斯比接口的把会计师不安居客吧开发背带裤, tag=php,js,java, gmtCreate=1587463038397, gmtModified=1587463038397, creator=1, viewCount=0, commentCount=0, likeCount=null), Question(id=17, title=热门2, description=123, tag=js,php,java, gmtCreate=1587463050254, gmtModified=1587463050254, creator=1, viewCount=0, commentCount=0, likeCount=null), Question(id=18, title=热门3, description=123, tag=php,java,js, gmtCreate=1587463062594, gmtModified=1587463062594, creator=1, viewCount=15, commentCount=1, likeCount=null), Question(id=19, title=如何快速学习java, description=123, tag=java,php, gmtCreate=1587748189578, gmtModified=1587748189578, creator=1, viewCount=0, commentCount=0, likeCount=null), Question(id=20, title=微服务架构如何考虑？, description=123, tag=java, gmtCreate=1587748221949, gmtModified=1587748221949, creator=1, viewCount=0, commentCount=0, likeCount=null)]]
2020-05-11 04:02:18.625 [http-nio-8080-exec-1] INFO  [com.hzu.community.api.utils.Rests:77] [7ebc1d13e2e82e8c,7ebc1d13e2e82e8c] - result=RestResponse [code=0, msg=OK, result=7]
2020-05-11 04:02:18.729 [http-nio-8080-exec-2] INFO  [com.hzu.community.api.utils.Rests:77] [a079dcf20c720d14,a079dcf20c720d14] - result=RestResponse [code=0, msg=OK, result=7]
2020-05-11 04:02:19.451 [PollingServerListUpdater-1] INFO  [com.netflix.config.ChainedDynamicProperty:115] [,] - Flipping property: backstage.ribbon.ActiveConnectionsLimit to use NEXT property: niws.loadbalancer.availabilityFilteringRule.activeConnectionsLimit = 2147483647
2020-05-11 04:02:25.168 [http-nio-8080-exec-3] INFO  [com.hzu.community.api.utils.Rests:77] [976b1cb6ecb67333,976b1cb6ecb67333] - result=RestResponse [code=0, msg=OK, result=7]
2020-05-11 04:02:25.178 [http-nio-8080-exec-3] INFO  [com.hzu.community.api.utils.Rests:77] [976b1cb6ecb67333,976b1cb6ecb67333] - result=RestResponse [code=0, msg=OK, result=10]
2020-05-11 04:02:25.197 [http-nio-8080-exec-3] INFO  [com.hzu.community.api.utils.Rests:77] [976b1cb6ecb67333,976b1cb6ecb67333] - result=RestResponse [code=0, msg=OK, result=[Question(id=16, title=热门标签, description=123是科技部对UI安管部卡斯比接口的把会计师不安居客吧开发背带裤, tag=php,js,java, gmtCreate=1587463038397, gmtModified=1587463038397, creator=1, viewCount=0, commentCount=0, likeCount=null), Question(id=17, title=热门2, description=123, tag=js,php,java, gmtCreate=1587463050254, gmtModified=1587463050254, creator=1, viewCount=0, commentCount=0, likeCount=null), Question(id=18, title=热门3, description=123, tag=php,java,js, gmtCreate=1587463062594, gmtModified=1587463062594, creator=1, viewCount=15, commentCount=1, likeCount=null), Question(id=19, title=如何快速学习java, description=123, tag=java,php, gmtCreate=1587748189578, gmtModified=1587748189578, creator=1, viewCount=0, commentCount=0, likeCount=null), Question(id=20, title=微服务架构如何考虑？, description=123, tag=java, gmtCreate=1587748221949, gmtModified=1587748221949, creator=1, viewCount=0, commentCount=0, likeCount=null)]]
2020-05-11 04:02:25.269 [http-nio-8080-exec-4] INFO  [com.hzu.community.api.utils.Rests:77] [07497b1ea2ac1f5e,07497b1ea2ac1f5e] - result=RestResponse [code=0, msg=OK, result=7]
2020-05-11 04:02:28.629 [http-nio-8080-exec-6] INFO  [com.hzu.community.api.utils.Rests:77] [c68c722b94ea6381,c68c722b94ea6381] - result=RestResponse [code=0, msg=OK, result=7]
2020-05-11 04:02:28.642 [http-nio-8080-exec-6] INFO  [com.hzu.community.api.utils.Rests:77] [c68c722b94ea6381,c68c722b94ea6381] - result=RestResponse [code=0, msg=OK, result=10]
2020-05-11 04:02:28.653 [http-nio-8080-exec-6] INFO  [com.hzu.community.api.utils.Rests:77] [c68c722b94ea6381,c68c722b94ea6381] - result=RestResponse [code=0, msg=OK, result=[Question(id=16, title=热门标签, description=123是科技部对UI安管部卡斯比接口的把会计师不安居客吧开发背带裤, tag=php,js,java, gmtCreate=1587463038397, gmtModified=1587463038397, creator=1, viewCount=0, commentCount=0, likeCount=null), Question(id=17, title=热门2, description=123, tag=js,php,java, gmtCreate=1587463050254, gmtModified=1587463050254, creator=1, viewCount=0, commentCount=0, likeCount=null), Question(id=18, title=热门3, description=123, tag=php,java,js, gmtCreate=1587463062594, gmtModified=1587463062594, creator=1, viewCount=15, commentCount=1, likeCount=null), Question(id=19, title=如何快速学习java, description=123, tag=java,php, gmtCreate=1587748189578, gmtModified=1587748189578, creator=1, viewCount=0, commentCount=0, likeCount=null), Question(id=20, title=微服务架构如何考虑？, description=123, tag=java, gmtCreate=1587748221949, gmtModified=1587748221949, creator=1, viewCount=0, commentCount=0, likeCount=null)]]
2020-05-11 04:02:28.725 [http-nio-8080-exec-7] INFO  [com.hzu.community.api.utils.Rests:77] [6be3aa064cb8a5a7,6be3aa064cb8a5a7] - result=RestResponse [code=0, msg=OK, result=7]
2020-05-11 04:05:32.900 [AsyncResolver-bootstrap-executor-0] INFO  [com.netflix.discovery.shared.resolver.aws.ConfigClusterResolver:43] [,] - Resolving eureka endpoints via configuration
2020-05-11 04:10:32.902 [AsyncResolver-bootstrap-executor-0] INFO  [com.netflix.discovery.shared.resolver.aws.ConfigClusterResolver:43] [,] - Resolving eureka endpoints via configuration
2020-05-11 04:15:32.905 [AsyncResolver-bootstrap-executor-0] INFO  [com.netflix.discovery.shared.resolver.aws.ConfigClusterResolver:43] [,] - Resolving eureka endpoints via configuration
2020-05-11 04:20:32.907 [AsyncResolver-bootstrap-executor-0] INFO  [com.netflix.discovery.shared.resolver.aws.ConfigClusterResolver:43] [,] - Resolving eureka endpoints via configuration
2020-05-11 04:25:32.909 [AsyncResolver-bootstrap-executor-0] INFO  [com.netflix.discovery.shared.resolver.aws.ConfigClusterResolver:43] [,] - Resolving eureka endpoints via configuration
2020-05-11 04:30:32.911 [AsyncResolver-bootstrap-executor-0] INFO  [com.netflix.discovery.shared.resolver.aws.ConfigClusterResolver:43] [,] - Resolving eureka endpoints via configuration
2020-05-11 04:35:32.912 [AsyncResolver-bootstrap-executor-0] INFO  [com.netflix.discovery.shared.resolver.aws.ConfigClusterResolver:43] [,] - Resolving eureka endpoints via configuration
2020-05-11 04:40:32.915 [AsyncResolver-bootstrap-executor-0] INFO  [com.netflix.discovery.shared.resolver.aws.ConfigClusterResolver:43] [,] - Resolving eureka endpoints via configuration
2020-05-11 04:45:32.917 [AsyncResolver-bootstrap-executor-0] INFO  [com.netflix.discovery.shared.resolver.aws.ConfigClusterResolver:43] [,] - Resolving eureka endpoints via configuration
2020-05-11 04:50:32.920 [AsyncResolver-bootstrap-executor-0] INFO  [com.netflix.discovery.shared.resolver.aws.ConfigClusterResolver:43] [,] - Resolving eureka endpoints via configuration
2020-05-11 04:55:32.922 [AsyncResolver-bootstrap-executor-0] INFO  [com.netflix.discovery.shared.resolver.aws.ConfigClusterResolver:43] [,] - Resolving eureka endpoints via configuration
