2020-05-11 14:00:54.898 [http-nio-8080-exec-4] INFO  [com.hzu.community.api.utils.Rests:77] [8dc471d735cb2244,8dc471d735cb2244] - result=RestResponse [code=0, msg=OK, result=7]
2020-05-11 14:00:54.911 [http-nio-8080-exec-4] INFO  [com.hzu.community.api.utils.Rests:77] [8dc471d735cb2244,8dc471d735cb2244] - result=RestResponse [code=0, msg=OK, result=2]
2020-05-11 14:00:54.926 [http-nio-8080-exec-4] INFO  [com.hzu.community.api.utils.Rests:77] [8dc471d735cb2244,8dc471d735cb2244] - result=RestResponse [code=0, msg=OK, result=[User(id=1, name=陈晓跃, age=null, pwd=null, token=null, avatarUrl=null, accountId=null, phone=15217847453, email=null, aboutme=null, passwd=123, confirmPasswd=null, type=null, avatar=null, createTime=Fri Mar 20 08:00:00 CST 2020, enable=1, avatarFile=null, newPasswd=null, key=null, companyId=null, enableUrl=null), User(id=2, name=王德辉, age=null, pwd=null, token=null, avatarUrl=null, accountId=null, phone=15217817350, email=null, aboutme=null, passwd=123, confirmPasswd=null, type=null, avatar=null, createTime=Fri Mar 20 08:00:00 CST 2020, enable=1, avatarFile=null, newPasswd=null, key=null, companyId=null, enableUrl=null)]]
2020-05-11 14:00:55.092 [http-nio-8080-exec-5] INFO  [com.hzu.community.api.utils.Rests:77] [998cf53cb66fc17f,998cf53cb66fc17f] - result=RestResponse [code=0, msg=OK, result=7]
2020-05-11 14:00:55.297 [http-nio-8080-exec-6] INFO  [com.hzu.community.api.utils.Rests:77] [54510bf63a971f76,54510bf63a971f76] - result=RestResponse [code=0, msg=OK, result=7]
2020-05-11 14:00:56.880 [http-nio-8080-exec-7] INFO  [com.hzu.community.api.utils.Rests:77] [a4dd7653162b2f0c,a4dd7653162b2f0c] - result=RestResponse [code=0, msg=OK, result=7]
2020-05-11 14:00:56.893 [http-nio-8080-exec-7] INFO  [com.hzu.community.api.utils.Rests:77] [a4dd7653162b2f0c,a4dd7653162b2f0c] - result=RestResponse [code=0, msg=OK, result=10]
2020-05-11 14:00:56.906 [http-nio-8080-exec-7] INFO  [com.hzu.community.api.utils.Rests:77] [a4dd7653162b2f0c,a4dd7653162b2f0c] - result=RestResponse [code=0, msg=OK, result=[Question(id=16, title=热门标签, description=123是科技部对UI安管部卡斯比接口的把会计师不安居客吧开发背带裤, tag=php,js,java, gmtCreate=1587463038397, gmtModified=1587463038397, creator=1, viewCount=0, commentCount=0, likeCount=null), Question(id=17, title=热门2, description=123, tag=js,php,java, gmtCreate=1587463050254, gmtModified=1587463050254, creator=1, viewCount=0, commentCount=0, likeCount=null), Question(id=18, title=热门3, description=123, tag=php,java,js, gmtCreate=1587463062594, gmtModified=1587463062594, creator=1, viewCount=15, commentCount=1, likeCount=null), Question(id=19, title=如何快速学习java, description=123, tag=java,php, gmtCreate=1587748189578, gmtModified=1587748189578, creator=1, viewCount=0, commentCount=0, likeCount=null), Question(id=20, title=微服务架构如何考虑？, description=123, tag=java, gmtCreate=1587748221949, gmtModified=1587748221949, creator=1, viewCount=0, commentCount=0, likeCount=null)]]
2020-05-11 14:00:57.092 [http-nio-8080-exec-8] INFO  [com.hzu.community.api.utils.Rests:77] [e6d896b67fee4f5d,e6d896b67fee4f5d] - result=RestResponse [code=0, msg=OK, result=7]
2020-05-11 14:00:57.269 [http-nio-8080-exec-9] INFO  [com.hzu.community.api.utils.Rests:77] [7ee7ae08daedd9d6,7ee7ae08daedd9d6] - result=RestResponse [code=0, msg=OK, result=7]
2020-05-11 14:03:32.426 [AsyncResolver-bootstrap-executor-0] INFO  [com.netflix.discovery.shared.resolver.aws.ConfigClusterResolver:43] [,] - Resolving eureka endpoints via configuration
2020-05-11 14:08:32.428 [AsyncResolver-bootstrap-executor-0] INFO  [com.netflix.discovery.shared.resolver.aws.ConfigClusterResolver:43] [,] - Resolving eureka endpoints via configuration
2020-05-11 14:08:58.115 [http-nio-8080-exec-2] INFO  [com.hzu.community.api.utils.Rests:77] [4fb61d2a75965de9,4fb61d2a75965de9] - result=RestResponse [code=0, msg=OK, result=7]
2020-05-11 14:08:58.130 [http-nio-8080-exec-2] INFO  [com.hzu.community.api.utils.Rests:77] [4fb61d2a75965de9,4fb61d2a75965de9] - result=RestResponse [code=0, msg=OK, result=1]
2020-05-11 14:08:58.143 [http-nio-8080-exec-2] INFO  [com.hzu.community.api.utils.Rests:77] [4fb61d2a75965de9,4fb61d2a75965de9] - result=RestResponse [code=0, msg=OK, result=[Company(id=2, name=小米, address=null, phone=172178908798, email=xiaomi@xiaomi.com, about_us=null, mobile=null, type=1, webSite=https://www.mi.com)]]
2020-05-11 14:08:58.222 [http-nio-8080-exec-3] INFO  [com.hzu.community.api.utils.Rests:77] [fa9e45c12fa8cc22,fa9e45c12fa8cc22] - result=RestResponse [code=0, msg=OK, result=7]
2020-05-11 14:08:58.317 [http-nio-8080-exec-4] INFO  [com.hzu.community.api.utils.Rests:77] [f699735d3075361f,f699735d3075361f] - result=RestResponse [code=0, msg=OK, result=7]
2020-05-11 14:09:03.271 [http-nio-8080-exec-5] INFO  [com.hzu.community.api.utils.Rests:77] [bf2ef4ac12e8ad5a,bf2ef4ac12e8ad5a] - result=RestResponse [code=0, msg=OK, result=7]
2020-05-11 14:09:03.287 [http-nio-8080-exec-5] INFO  [com.hzu.community.api.utils.Rests:77] [bf2ef4ac12e8ad5a,bf2ef4ac12e8ad5a] - result=RestResponse [code=0, msg=OK, result=2]
2020-05-11 14:09:03.298 [http-nio-8080-exec-5] INFO  [com.hzu.community.api.utils.Rests:77] [bf2ef4ac12e8ad5a,bf2ef4ac12e8ad5a] - result=RestResponse [code=0, msg=OK, result=[User(id=1, name=陈晓跃, age=null, pwd=null, token=null, avatarUrl=null, accountId=null, phone=15217847453, email=null, aboutme=null, passwd=123, confirmPasswd=null, type=null, avatar=null, createTime=Fri Mar 20 08:00:00 CST 2020, enable=1, avatarFile=null, newPasswd=null, key=null, companyId=null, enableUrl=null), User(id=2, name=王德辉, age=null, pwd=null, token=null, avatarUrl=null, accountId=null, phone=15217817350, email=null, aboutme=null, passwd=123, confirmPasswd=null, type=null, avatar=null, createTime=Fri Mar 20 08:00:00 CST 2020, enable=1, avatarFile=null, newPasswd=null, key=null, companyId=null, enableUrl=null)]]
2020-05-11 14:09:03.370 [http-nio-8080-exec-6] INFO  [com.hzu.community.api.utils.Rests:77] [9cda1d68d1b7532c,9cda1d68d1b7532c] - result=RestResponse [code=0, msg=OK, result=7]
2020-05-11 14:09:03.449 [http-nio-8080-exec-7] INFO  [com.hzu.community.api.utils.Rests:77] [29a7d1cb3bf011e3,29a7d1cb3bf011e3] - result=RestResponse [code=0, msg=OK, result=7]
2020-05-11 14:09:35.028 [main] INFO  [com.hzu.community.api.ApiGatewayApplication:651] [,] - No active profile set, falling back to default profiles: default
2020-05-11 14:09:35.353 [main] WARN  [org.springframework.boot.actuate.endpoint.EndpointId:155] [,] - Endpoint ID 'hystrix.stream' contains invalid characters, please migrate to a valid format.
2020-05-11 14:09:35.897 [main] WARN  [org.springframework.boot.actuate.endpoint.EndpointId:155] [,] - Endpoint ID 'service-registry' contains invalid characters, please migrate to a valid format.
2020-05-11 14:09:36.133 [main] INFO  [org.springframework.cloud.context.scope.GenericScope:295] [,] - BeanFactory id=afdcc6f3-3255-34f2-bb9d-5bf7da403173
2020-05-11 14:09:36.973 [main] INFO  [org.springframework.boot.web.embedded.tomcat.TomcatWebServer:92] [,] - Tomcat initialized with port(s): 8080 (http)
2020-05-11 14:09:36.983 [main] INFO  [org.apache.coyote.http11.Http11NioProtocol:173] [,] - Initializing ProtocolHandler ["http-nio-8080"]
2020-05-11 14:09:36.984 [main] INFO  [org.apache.catalina.core.StandardService:173] [,] - Starting service [Tomcat]
2020-05-11 14:09:36.985 [main] INFO  [org.apache.catalina.core.StandardEngine:173] [,] - Starting Servlet engine: [Apache Tomcat/9.0.33]
2020-05-11 14:09:37.131 [main] INFO  [org.apache.catalina.core.ContainerBase.[Tomcat].[localhost].[/]:173] [,] - Initializing Spring embedded WebApplicationContext
2020-05-11 14:09:37.131 [main] INFO  [org.springframework.web.context.ContextLoader:284] [,] - Root WebApplicationContext: initialization completed in 2079 ms
2020-05-11 14:09:38.019 [main] WARN  [com.netflix.config.sources.URLConfigurationSource:121] [,] - No URLs will be polled as dynamic configuration sources.
2020-05-11 14:09:38.019 [main] INFO  [com.netflix.config.sources.URLConfigurationSource:122] [,] - To enable URLs as dynamic configuration sources, define System property archaius.configurationSource.additionalUrls or make config.properties available on classpath.
2020-05-11 14:09:38.028 [main] INFO  [com.netflix.config.DynamicPropertyFactory:281] [,] - DynamicPropertyFactory is initialized with configuration sources: com.netflix.config.ConcurrentCompositeConfiguration@17b016ac
2020-05-11 14:09:39.350 [main] WARN  [org.springframework.cloud.sleuth.zipkin2.ZipkinAutoConfiguration:114] [,] - Check result of the [AsyncReporter{org.springframework.cloud.sleuth.zipkin2.sender.RestTemplateSender@592ca48c}] contains an error [CheckResult{ok=false, error=org.springframework.web.client.ResourceAccessException: I/O error on POST request for "http://localhost:9411/api/v2/spans": connect timed out; nested exception is java.net.SocketTimeoutException: connect timed out}]
2020-05-11 14:09:40.595 [main] WARN  [com.netflix.config.sources.URLConfigurationSource:121] [,] - No URLs will be polled as dynamic configuration sources.
2020-05-11 14:09:40.595 [main] INFO  [com.netflix.config.sources.URLConfigurationSource:122] [,] - To enable URLs as dynamic configuration sources, define System property archaius.configurationSource.additionalUrls or make config.properties available on classpath.
2020-05-11 14:09:40.879 [main] INFO  [org.springframework.scheduling.concurrent.ThreadPoolTaskExecutor:181] [,] - Initializing ExecutorService 'applicationTaskExecutor'
2020-05-11 14:09:40.988 [main] INFO  [org.springframework.boot.autoconfigure.web.servlet.WelcomePageHandlerMapping:58] [,] - Adding welcome page template: index
2020-05-11 14:09:41.266 [main] INFO  [org.springframework.scheduling.concurrent.ThreadPoolTaskScheduler:181] [,] - Initializing ExecutorService 'taskScheduler'
2020-05-11 14:09:42.038 [main] WARN  [org.springframework.cloud.loadbalancer.config.BlockingLoadBalancerClientAutoConfiguration$BlockingLoadBalancerClientRibbonWarnLogger:86] [,] - You already have RibbonLoadBalancerClient on your classpath. It will be used by default. As Spring Cloud Ribbon is in maintenance mode. We recommend switching to BlockingLoadBalancerClient instead. In order to use it, set the value of `spring.cloud.loadbalancer.ribbon.enabled` to `false` or remove spring-cloud-starter-netflix-ribbon from your project.
2020-05-11 14:09:42.921 [main] INFO  [org.springframework.cloud.netflix.eureka.InstanceInfoFactory:72] [,] - Setting initial instance status as: STARTING
2020-05-11 14:09:42.956 [main] INFO  [com.netflix.discovery.DiscoveryClient:368] [,] - Initializing Eureka in region us-east-1
2020-05-11 14:09:43.008 [main] INFO  [com.netflix.discovery.provider.DiscoveryJerseyProvider:70] [,] - Using JSON encoding codec LegacyJacksonJson
2020-05-11 14:09:43.008 [main] INFO  [com.netflix.discovery.provider.DiscoveryJerseyProvider:71] [,] - Using JSON decoding codec LegacyJacksonJson
2020-05-11 14:09:43.156 [main] INFO  [com.netflix.discovery.provider.DiscoveryJerseyProvider:80] [,] - Using XML encoding codec XStreamXml
2020-05-11 14:09:43.156 [main] INFO  [com.netflix.discovery.provider.DiscoveryJerseyProvider:81] [,] - Using XML decoding codec XStreamXml
2020-05-11 14:09:43.328 [main] INFO  [com.netflix.discovery.shared.resolver.aws.ConfigClusterResolver:43] [,] - Resolving eureka endpoints via configuration
2020-05-11 14:09:43.825 [main] INFO  [com.netflix.discovery.DiscoveryClient:981] [,] - Disable delta property : false
2020-05-11 14:09:43.826 [main] INFO  [com.netflix.discovery.DiscoveryClient:982] [,] - Single vip registry refresh property : null
2020-05-11 14:09:43.826 [main] INFO  [com.netflix.discovery.DiscoveryClient:983] [,] - Force full registry fetch : false
2020-05-11 14:09:43.826 [main] INFO  [com.netflix.discovery.DiscoveryClient:984] [,] - Application is null : false
2020-05-11 14:09:43.827 [main] INFO  [com.netflix.discovery.DiscoveryClient:985] [,] - Registered Applications size is zero : true
2020-05-11 14:09:43.827 [main] INFO  [com.netflix.discovery.DiscoveryClient:987] [,] - Application version is -1: true
2020-05-11 14:09:43.828 [main] INFO  [com.netflix.discovery.DiscoveryClient:1070] [,] - Getting all instance registry info from the eureka server
2020-05-11 14:09:44.073 [main] INFO  [com.netflix.discovery.DiscoveryClient:1079] [,] - The response status is 200
2020-05-11 14:09:44.077 [main] INFO  [com.netflix.discovery.DiscoveryClient:1342] [,] - Not registering with Eureka server per configuration
2020-05-11 14:09:44.080 [main] INFO  [com.netflix.discovery.DiscoveryClient:468] [,] - Discovery Client initialized at timestamp 1589177384079 with initial instances count: 2
2020-05-11 14:09:44.090 [main] INFO  [org.springframework.cloud.netflix.eureka.serviceregistry.EurekaServiceRegistry:41] [,] - Registering application API-GATEWAY with eureka with status UP
2020-05-11 14:09:44.117 [main] INFO  [org.apache.coyote.http11.Http11NioProtocol:173] [,] - Starting ProtocolHandler ["http-nio-8080"]
2020-05-11 14:09:44.130 [scheduling-1] INFO  [com.hzu.community.api.schedule.HotTagTasks:27] [410a8a53eebb2ae1,410a8a53eebb2ae1] - hotTagSchedule start 2020-05-11T14:09:44.128+0800
2020-05-11 14:09:44.148 [main] INFO  [org.springframework.boot.web.embedded.tomcat.TomcatWebServer:204] [,] - Tomcat started on port(s): 8080 (http) with context path ''
2020-05-11 14:09:44.149 [main] INFO  [org.springframework.cloud.netflix.eureka.serviceregistry.EurekaAutoServiceRegistration:145] [,] - Updating port to 8080
2020-05-11 14:09:44.829 [hystrix-questionDao-1] INFO  [com.netflix.config.ChainedDynamicProperty:115] [410a8a53eebb2ae1,2614f1dbb97cadbf] - Flipping property: community.ribbon.ActiveConnectionsLimit to use NEXT property: niws.loadbalancer.availabilityFilteringRule.activeConnectionsLimit = 2147483647
2020-05-11 14:09:44.865 [hystrix-questionDao-1] INFO  [com.netflix.util.concurrent.ShutdownEnabledTimer:58] [410a8a53eebb2ae1,2614f1dbb97cadbf] - Shutdown hook installed for: NFLoadBalancer-PingTimer-community
2020-05-11 14:09:44.867 [hystrix-questionDao-1] INFO  [com.netflix.loadbalancer.BaseLoadBalancer:197] [410a8a53eebb2ae1,2614f1dbb97cadbf] - Client: community instantiated a LoadBalancer: DynamicServerListLoadBalancer:{NFLoadBalancer:name=community,current list of Servers=[],Load balancer stats=Zone stats: {},Server stats: []}ServerList:null
2020-05-11 14:09:44.875 [hystrix-questionDao-1] INFO  [com.netflix.loadbalancer.DynamicServerListLoadBalancer:222] [410a8a53eebb2ae1,2614f1dbb97cadbf] - Using serverListUpdater PollingServerListUpdater
2020-05-11 14:09:44.905 [hystrix-questionDao-1] INFO  [com.netflix.config.ChainedDynamicProperty:115] [410a8a53eebb2ae1,2614f1dbb97cadbf] - Flipping property: community.ribbon.ActiveConnectionsLimit to use NEXT property: niws.loadbalancer.availabilityFilteringRule.activeConnectionsLimit = 2147483647
2020-05-11 14:09:44.908 [hystrix-questionDao-1] INFO  [com.netflix.loadbalancer.DynamicServerListLoadBalancer:150] [410a8a53eebb2ae1,2614f1dbb97cadbf] - DynamicServerListLoadBalancer for client community initialized: DynamicServerListLoadBalancer:{NFLoadBalancer:name=community,current list of Servers=[DESKTOP-K5RUUL2:8083],Load balancer stats=Zone stats: {defaultzone=[Zone:defaultzone;	Instance count:1;	Active connections count: 0;	Circuit breaker tripped count: 0;	Active connections per server: 0.0;]
},Server stats: [[Server:DESKTOP-K5RUUL2:8083;	Zone:defaultZone;	Total Requests:0;	Successive connection failure:0;	Total blackout seconds:0;	Last connection made:Thu Jan 01 08:00:00 CST 1970;	First connection made: Thu Jan 01 08:00:00 CST 1970;	Active Connections:0;	total failure count in last (1000) msecs:0;	average resp time:0.0;	90 percentile resp time:0.0;	95 percentile resp time:0.0;	min resp time:0.0;	max resp time:0.0;	stddev resp time:0.0]
]}ServerList:org.springframework.cloud.netflix.ribbon.eureka.DomainExtractingServerList@2e2f3197
2020-05-11 14:09:44.979 [hystrix-questionDao-1] INFO  [com.hzu.community.api.utils.Rests:77] [410a8a53eebb2ae1,7543cc50a43c2d92] - result=RestResponse [code=0, msg=OK, result=[Question(id=25, title=发布文章测试, description=发布文章测试, tag=js,php, gmtCreate=1587794699373, gmtModified=1587794699373, creator=1, viewCount=0, commentCount=0, likeCount=null), Question(id=24, title=什么是微服务，微服务的好处, description=	在微服务架构中，业务被拆分成多个高内聚低耦合的小型服务，每个小型服务都称作一个微服务，而每个微服务都可以运行在独立进程中，在整体架构中执行单独的任务，负责自己的功能。服务与服务之间可以相互调用，采用轻量级通信机制，独立自动部署，在每个微服务里面可以用不同的语言以及不同的存储技术。
	因此，微服务的优点显而易见，这也是让微服务架构成为热门架构的原因：
	第一点：易于开发和维护，每个微服务可由一个人或者一个小组进行开发和维护，微服务相对来说工程量较小，易于理解；
	第二点：独立部署，一个微服务的修改不需要协调其他的服务，节省了开发人员之间的沟通成本；
	第三点：伸缩性强，每个微服务都可以进行单独的横向和纵向上扩展，并且我们可以根据每个服务对硬件需求的不同进行定制化地升级和扩容，随着业务规模的扩大，我们可以进行进一步的拆分，进一步进行系统级的扩展。
	第四点：与组织结构相匹配，当出现异常日志的时候，我们可以通过划分不同的服务，交给不同的团队进行维护，减少维护、沟通成本；	第五点：技术异构性，每个服务可以根据自身需求选择最适合该服务的技术进行开发。, tag=java, gmtCreate=1587791267506, gmtModified=1587791267506, creator=1, viewCount=17, commentCount=3, likeCount=null), Question(id=23, title=最新文章, description=123, tag=python,java, gmtCreate=1587748463351, gmtModified=1587748463351, creator=1, viewCount=1, commentCount=0, likeCount=null), Question(id=22, title=编程之美, description=132, tag=java, gmtCreate=1587748280171, gmtModified=1587748280171, creator=1, viewCount=0, commentCount=0, likeCount=null)]]
2020-05-11 14:09:44.999 [hystrix-questionDao-2] INFO  [com.hzu.community.api.utils.Rests:77] [410a8a53eebb2ae1,1e5b2a528c9fe00d] - result=RestResponse [code=0, msg=OK, result=[Question(id=21, title=从0开始学JAVA, description=123, tag=java, gmtCreate=1587748265666, gmtModified=1587748265666, creator=1, viewCount=0, commentCount=0, likeCount=null), Question(id=20, title=微服务架构如何考虑？, description=123, tag=java, gmtCreate=1587748221949, gmtModified=1587748221949, creator=1, viewCount=0, commentCount=0, likeCount=null), Question(id=19, title=如何快速学习java, description=123, tag=java,php, gmtCreate=1587748189578, gmtModified=1587748189578, creator=1, viewCount=0, commentCount=0, likeCount=null), Question(id=18, title=热门3, description=123, tag=php,java,js, gmtCreate=1587463062594, gmtModified=1587463062594, creator=1, viewCount=15, commentCount=1, likeCount=null)]]
2020-05-11 14:09:45.010 [hystrix-questionDao-1] INFO  [com.hzu.community.api.utils.Rests:77] [410a8a53eebb2ae1,a010044f421729b7] - result=RestResponse [code=0, msg=OK, result=[Question(id=17, title=热门2, description=123, tag=js,php,java, gmtCreate=1587463050254, gmtModified=1587463050254, creator=1, viewCount=0, commentCount=0, likeCount=null), Question(id=16, title=热门标签, description=123是科技部对UI安管部卡斯比接口的把会计师不安居客吧开发背带裤, tag=php,js,java, gmtCreate=1587463038397, gmtModified=1587463038397, creator=1, viewCount=0, commentCount=0, likeCount=null)]]
2020-05-11 14:09:45.013 [scheduling-1] INFO  [com.hzu.community.api.schedule.HotTagTasks:47] [410a8a53eebb2ae1,410a8a53eebb2ae1] - hotTagSchedule stop 2020-05-11T14:09:45.012+0800
2020-05-11 14:09:45.111 [main] INFO  [org.springframework.boot.web.embedded.tomcat.TomcatWebServer:92] [,] - Tomcat initialized with port(s): 8023 (http)
2020-05-11 14:09:45.112 [main] INFO  [org.apache.coyote.http11.Http11NioProtocol:173] [,] - Initializing ProtocolHandler ["http-nio-8023"]
2020-05-11 14:09:45.112 [main] INFO  [org.apache.catalina.core.StandardService:173] [,] - Starting service [Tomcat]
2020-05-11 14:09:45.112 [main] INFO  [org.apache.catalina.core.StandardEngine:173] [,] - Starting Servlet engine: [Apache Tomcat/9.0.33]
2020-05-11 14:09:45.142 [main] INFO  [org.apache.catalina.core.ContainerBase.[Tomcat-1].[localhost].[/]:173] [,] - Initializing Spring embedded WebApplicationContext
2020-05-11 14:09:45.142 [main] INFO  [org.springframework.web.context.ContextLoader:284] [,] - Root WebApplicationContext: initialization completed in 105 ms
2020-05-11 14:09:45.147 [main] INFO  [org.springframework.boot.actuate.endpoint.web.ServletEndpointRegistrar:75] [,] - Registered '/actuator/hystrix.stream' to hystrix.stream-actuator-endpoint
2020-05-11 14:09:45.156 [main] INFO  [org.springframework.boot.actuate.endpoint.web.EndpointLinksResolver:58] [,] - Exposing 1 endpoint(s) beneath base path '/actuator'
2020-05-11 14:09:45.201 [main] INFO  [org.apache.coyote.http11.Http11NioProtocol:173] [,] - Starting ProtocolHandler ["http-nio-8023"]
2020-05-11 14:09:45.205 [main] INFO  [org.springframework.boot.web.embedded.tomcat.TomcatWebServer:204] [,] - Tomcat started on port(s): 8023 (http) with context path ''
2020-05-11 14:09:45.875 [main] INFO  [com.hzu.community.api.ApiGatewayApplication:61] [,] - Started ApiGatewayApplication in 13.124 seconds (JVM running for 16.733)
2020-05-11 14:09:45.880 [PollingServerListUpdater-0] INFO  [com.netflix.config.ChainedDynamicProperty:115] [,] - Flipping property: community.ribbon.ActiveConnectionsLimit to use NEXT property: niws.loadbalancer.availabilityFilteringRule.activeConnectionsLimit = 2147483647
2020-05-11 14:09:46.333 [AsyncReporter{org.springframework.cloud.sleuth.zipkin2.sender.RestTemplateSender@592ca48c}] WARN  [zipkin2.reporter.AsyncReporter$BoundedAsyncReporter:295] [,] - Spans were dropped due to exceptions. All subsequent errors will be logged at FINE level.
2020-05-11 14:09:46.333 [AsyncReporter{org.springframework.cloud.sleuth.zipkin2.sender.RestTemplateSender@592ca48c}] WARN  [zipkin2.reporter.AsyncReporter$BoundedAsyncReporter:302] [,] - Dropped 7 spans due to ResourceAccessException(I/O error on POST request for "http://localhost:9411/api/v2/spans": connect timed out; nested exception is java.net.SocketTimeoutException: connect timed out)
org.springframework.web.client.ResourceAccessException: I/O error on POST request for "http://localhost:9411/api/v2/spans": connect timed out; nested exception is java.net.SocketTimeoutException: connect timed out
	at org.springframework.web.client.RestTemplate.doExecute(RestTemplate.java:748) ~[spring-web-5.2.5.RELEASE.jar:5.2.5.RELEASE]
	at org.springframework.cloud.sleuth.zipkin2.sender.ZipkinRestTemplateWrapper.doExecute(ZipkinRestTemplateSenderConfiguration.java:228) ~[spring-cloud-sleuth-zipkin-2.2.2.RELEASE.jar:2.2.2.RELEASE]
	at org.springframework.web.client.RestTemplate.exchange(RestTemplate.java:641) ~[spring-web-5.2.5.RELEASE.jar:5.2.5.RELEASE]
	at org.springframework.cloud.sleuth.zipkin2.sender.RestTemplateSender.post(RestTemplateSender.java:129) ~[spring-cloud-sleuth-zipkin-2.2.2.RELEASE.jar:2.2.2.RELEASE]
	at org.springframework.cloud.sleuth.zipkin2.sender.RestTemplateSender$HttpPostCall.doExecute(RestTemplateSender.java:142) ~[spring-cloud-sleuth-zipkin-2.2.2.RELEASE.jar:2.2.2.RELEASE]
	at org.springframework.cloud.sleuth.zipkin2.sender.RestTemplateSender$HttpPostCall.doExecute(RestTemplateSender.java:132) ~[spring-cloud-sleuth-zipkin-2.2.2.RELEASE.jar:2.2.2.RELEASE]
	at zipkin2.Call$Base.execute(Call.java:380) ~[zipkin-2.19.3.jar:?]
	at zipkin2.reporter.AsyncReporter$BoundedAsyncReporter.flush(AsyncReporter.java:284) ~[zipkin-reporter-2.12.1.jar:?]
	at zipkin2.reporter.AsyncReporter$Flusher.run(AsyncReporter.java:358) ~[zipkin-reporter-2.12.1.jar:?]
	at java.lang.Thread.run(Thread.java:745) [?:1.8.0_121]
Caused by: java.net.SocketTimeoutException: connect timed out
	at java.net.DualStackPlainSocketImpl.waitForConnect(Native Method) ~[?:1.8.0_121]
	at java.net.DualStackPlainSocketImpl.socketConnect(DualStackPlainSocketImpl.java:85) ~[?:1.8.0_121]
	at java.net.AbstractPlainSocketImpl.doConnect(AbstractPlainSocketImpl.java:350) ~[?:1.8.0_121]
	at java.net.AbstractPlainSocketImpl.connectToAddress(AbstractPlainSocketImpl.java:206) ~[?:1.8.0_121]
	at java.net.AbstractPlainSocketImpl.connect(AbstractPlainSocketImpl.java:188) ~[?:1.8.0_121]
	at java.net.PlainSocketImpl.connect(PlainSocketImpl.java:172) ~[?:1.8.0_121]
	at java.net.SocksSocketImpl.connect(SocksSocketImpl.java:392) ~[?:1.8.0_121]
	at java.net.Socket.connect(Socket.java:589) ~[?:1.8.0_121]
	at sun.net.NetworkClient.doConnect(NetworkClient.java:175) ~[?:1.8.0_121]
	at sun.net.www.http.HttpClient.openServer(HttpClient.java:432) ~[?:1.8.0_121]
	at sun.net.www.http.HttpClient.openServer(HttpClient.java:527) ~[?:1.8.0_121]
	at sun.net.www.http.HttpClient.<init>(HttpClient.java:211) ~[?:1.8.0_121]
	at sun.net.www.http.HttpClient.New(HttpClient.java:308) ~[?:1.8.0_121]
	at sun.net.www.http.HttpClient.New(HttpClient.java:326) ~[?:1.8.0_121]
	at sun.net.www.protocol.http.HttpURLConnection.getNewHttpClient(HttpURLConnection.java:1202) ~[?:1.8.0_121]
	at sun.net.www.protocol.http.HttpURLConnection.plainConnect0(HttpURLConnection.java:1138) ~[?:1.8.0_121]
	at sun.net.www.protocol.http.HttpURLConnection.plainConnect(HttpURLConnection.java:1032) ~[?:1.8.0_121]
	at sun.net.www.protocol.http.HttpURLConnection.connect(HttpURLConnection.java:966) ~[?:1.8.0_121]
	at org.springframework.http.client.SimpleBufferingClientHttpRequest.executeInternal(SimpleBufferingClientHttpRequest.java:76) ~[spring-web-5.2.5.RELEASE.jar:5.2.5.RELEASE]
	at org.springframework.http.client.AbstractBufferingClientHttpRequest.executeInternal(AbstractBufferingClientHttpRequest.java:48) ~[spring-web-5.2.5.RELEASE.jar:5.2.5.RELEASE]
	at org.springframework.http.client.AbstractClientHttpRequest.execute(AbstractClientHttpRequest.java:53) ~[spring-web-5.2.5.RELEASE.jar:5.2.5.RELEASE]
	at org.springframework.web.client.RestTemplate.doExecute(RestTemplate.java:739) ~[spring-web-5.2.5.RELEASE.jar:5.2.5.RELEASE]
	... 9 more
2020-05-11 14:09:55.399 [http-nio-8080-exec-1] INFO  [org.apache.catalina.core.ContainerBase.[Tomcat].[localhost].[/]:173] [,] - Initializing Spring DispatcherServlet 'dispatcherServlet'
2020-05-11 14:09:55.399 [http-nio-8080-exec-1] INFO  [org.springframework.web.servlet.DispatcherServlet:525] [,] - Initializing Servlet 'dispatcherServlet'
2020-05-11 14:09:55.421 [http-nio-8080-exec-1] INFO  [org.springframework.web.servlet.DispatcherServlet:547] [,] - Completed initialization in 22 ms
2020-05-11 14:09:55.482 [http-nio-8080-exec-1] INFO  [com.hzu.community.api.utils.Rests:77] [4112854fe78d064f,4112854fe78d064f] - result=RestResponse [code=0, msg=OK, result=7]
2020-05-11 14:09:55.538 [http-nio-8080-exec-1] INFO  [com.netflix.config.ChainedDynamicProperty:115] [4112854fe78d064f,78f166b70cc1c8ff] - Flipping property: backstage.ribbon.ActiveConnectionsLimit to use NEXT property: niws.loadbalancer.availabilityFilteringRule.activeConnectionsLimit = 2147483647
2020-05-11 14:09:55.541 [http-nio-8080-exec-1] INFO  [com.netflix.util.concurrent.ShutdownEnabledTimer:58] [4112854fe78d064f,78f166b70cc1c8ff] - Shutdown hook installed for: NFLoadBalancer-PingTimer-backstage
2020-05-11 14:09:55.541 [http-nio-8080-exec-1] INFO  [com.netflix.loadbalancer.BaseLoadBalancer:197] [4112854fe78d064f,78f166b70cc1c8ff] - Client: backstage instantiated a LoadBalancer: DynamicServerListLoadBalancer:{NFLoadBalancer:name=backstage,current list of Servers=[],Load balancer stats=Zone stats: {},Server stats: []}ServerList:null
2020-05-11 14:09:55.544 [http-nio-8080-exec-1] INFO  [com.netflix.loadbalancer.DynamicServerListLoadBalancer:222] [4112854fe78d064f,78f166b70cc1c8ff] - Using serverListUpdater PollingServerListUpdater
2020-05-11 14:09:55.545 [http-nio-8080-exec-1] INFO  [com.netflix.config.ChainedDynamicProperty:115] [4112854fe78d064f,78f166b70cc1c8ff] - Flipping property: backstage.ribbon.ActiveConnectionsLimit to use NEXT property: niws.loadbalancer.availabilityFilteringRule.activeConnectionsLimit = 2147483647
2020-05-11 14:09:55.546 [http-nio-8080-exec-1] INFO  [com.netflix.loadbalancer.DynamicServerListLoadBalancer:150] [4112854fe78d064f,78f166b70cc1c8ff] - DynamicServerListLoadBalancer for client backstage initialized: DynamicServerListLoadBalancer:{NFLoadBalancer:name=backstage,current list of Servers=[DESKTOP-K5RUUL2:8089],Load balancer stats=Zone stats: {defaultzone=[Zone:defaultzone;	Instance count:1;	Active connections count: 0;	Circuit breaker tripped count: 0;	Active connections per server: 0.0;]
},Server stats: [[Server:DESKTOP-K5RUUL2:8089;	Zone:defaultZone;	Total Requests:0;	Successive connection failure:0;	Total blackout seconds:0;	Last connection made:Thu Jan 01 08:00:00 CST 1970;	First connection made: Thu Jan 01 08:00:00 CST 1970;	Active Connections:0;	total failure count in last (1000) msecs:0;	average resp time:0.0;	90 percentile resp time:0.0;	95 percentile resp time:0.0;	min resp time:0.0;	max resp time:0.0;	stddev resp time:0.0]
]}ServerList:org.springframework.cloud.netflix.ribbon.eureka.DomainExtractingServerList@128d3d8c
2020-05-11 14:09:55.565 [http-nio-8080-exec-1] INFO  [com.hzu.community.api.utils.Rests:77] [4112854fe78d064f,4112854fe78d064f] - result=RestResponse [code=0, msg=OK, result=2]
2020-05-11 14:09:55.580 [http-nio-8080-exec-1] INFO  [com.hzu.community.api.utils.Rests:77] [4112854fe78d064f,4112854fe78d064f] - result=RestResponse [code=0, msg=OK, result=[User(id=1, name=陈晓跃, age=null, pwd=null, token=null, avatarUrl=null, accountId=null, phone=15217847453, email=null, aboutme=null, passwd=123, confirmPasswd=null, type=null, avatar=null, createTime=Fri Mar 20 08:00:00 CST 2020, enable=1, avatarFile=null, newPasswd=null, key=null, companyId=null, enableUrl=null), User(id=2, name=王德辉, age=null, pwd=null, token=null, avatarUrl=null, accountId=null, phone=15217817350, email=null, aboutme=null, passwd=123, confirmPasswd=null, type=null, avatar=null, createTime=Fri Mar 20 08:00:00 CST 2020, enable=1, avatarFile=null, newPasswd=null, key=null, companyId=null, enableUrl=null)]]
2020-05-11 14:09:56.549 [PollingServerListUpdater-0] INFO  [com.netflix.config.ChainedDynamicProperty:115] [,] - Flipping property: backstage.ribbon.ActiveConnectionsLimit to use NEXT property: niws.loadbalancer.availabilityFilteringRule.activeConnectionsLimit = 2147483647
2020-05-11 14:10:01.078 [http-nio-8080-exec-2] INFO  [com.hzu.community.api.utils.Rests:77] [4a5f55c89dc4d45a,4a5f55c89dc4d45a] - result=RestResponse [code=0, msg=OK, result=7]
2020-05-11 14:10:01.100 [http-nio-8080-exec-2] INFO  [com.hzu.community.api.utils.Rests:77] [4a5f55c89dc4d45a,4a5f55c89dc4d45a] - result=RestResponse [code=0, msg=OK, result=1]
2020-05-11 14:10:01.118 [http-nio-8080-exec-2] INFO  [com.hzu.community.api.utils.Rests:77] [4a5f55c89dc4d45a,4a5f55c89dc4d45a] - result=RestResponse [code=0, msg=OK, result=[Company(id=2, name=小米, address=null, phone=172178908798, email=xiaomi@xiaomi.com, about_us=null, mobile=null, type=1, webSite=https://www.mi.com)]]
2020-05-11 14:10:03.181 [http-nio-8080-exec-3] INFO  [com.hzu.community.api.utils.Rests:77] [f654894ce6b8907c,f654894ce6b8907c] - result=RestResponse [code=0, msg=OK, result=7]
2020-05-11 14:10:03.194 [http-nio-8080-exec-3] INFO  [com.hzu.community.api.utils.Rests:77] [f654894ce6b8907c,f654894ce6b8907c] - result=RestResponse [code=0, msg=OK, result=1]
2020-05-11 14:10:03.205 [http-nio-8080-exec-3] INFO  [com.hzu.community.api.utils.Rests:77] [f654894ce6b8907c,f654894ce6b8907c] - result=RestResponse [code=0, msg=OK, result=[Company(id=2, name=小米, address=null, phone=172178908798, email=xiaomi@xiaomi.com, about_us=null, mobile=null, type=1, webSite=https://www.mi.com)]]
2020-05-11 14:10:05.106 [http-nio-8080-exec-4] INFO  [com.hzu.community.api.utils.Rests:77] [d2cda54b359523d8,d2cda54b359523d8] - result=RestResponse [code=0, msg=OK, result=7]
2020-05-11 14:10:05.121 [http-nio-8080-exec-4] INFO  [com.hzu.community.api.utils.Rests:77] [d2cda54b359523d8,d2cda54b359523d8] - result=RestResponse [code=0, msg=OK, result=2]
2020-05-11 14:10:05.136 [http-nio-8080-exec-4] INFO  [com.hzu.community.api.utils.Rests:77] [d2cda54b359523d8,d2cda54b359523d8] - result=RestResponse [code=0, msg=OK, result=[User(id=1, name=陈晓跃, age=null, pwd=null, token=null, avatarUrl=null, accountId=null, phone=15217847453, email=null, aboutme=null, passwd=123, confirmPasswd=null, type=null, avatar=null, createTime=Fri Mar 20 08:00:00 CST 2020, enable=1, avatarFile=null, newPasswd=null, key=null, companyId=null, enableUrl=null), User(id=2, name=王德辉, age=null, pwd=null, token=null, avatarUrl=null, accountId=null, phone=15217817350, email=null, aboutme=null, passwd=123, confirmPasswd=null, type=null, avatar=null, createTime=Fri Mar 20 08:00:00 CST 2020, enable=1, avatarFile=null, newPasswd=null, key=null, companyId=null, enableUrl=null)]]
2020-05-11 14:11:48.204 [http-nio-8080-exec-7] INFO  [com.hzu.community.api.utils.Rests:77] [354f69b63f7cd735,354f69b63f7cd735] - result=RestResponse [code=0, msg=OK, result=7]
2020-05-11 14:11:48.217 [http-nio-8080-exec-7] INFO  [com.hzu.community.api.utils.Rests:77] [354f69b63f7cd735,354f69b63f7cd735] - result=RestResponse [code=0, msg=OK, result=1]
2020-05-11 14:11:48.230 [http-nio-8080-exec-7] INFO  [com.hzu.community.api.utils.Rests:77] [354f69b63f7cd735,354f69b63f7cd735] - result=RestResponse [code=0, msg=OK, result=[Company(id=2, name=小米, address=null, phone=172178908798, email=xiaomi@xiaomi.com, about_us=null, mobile=null, type=1, webSite=https://www.mi.com)]]
2020-05-11 14:11:54.339 [http-nio-8080-exec-8] INFO  [com.hzu.community.api.utils.Rests:77] [51205cc926b3b938,51205cc926b3b938] - result=RestResponse [code=0, msg=OK, result=7]
2020-05-11 14:11:54.352 [http-nio-8080-exec-8] INFO  [com.hzu.community.api.utils.Rests:77] [51205cc926b3b938,51205cc926b3b938] - result=RestResponse [code=0, msg=OK, result=2]
2020-05-11 14:11:54.364 [http-nio-8080-exec-8] INFO  [com.hzu.community.api.utils.Rests:77] [51205cc926b3b938,51205cc926b3b938] - result=RestResponse [code=0, msg=OK, result=[User(id=1, name=陈晓跃, age=null, pwd=null, token=null, avatarUrl=null, accountId=null, phone=15217847453, email=null, aboutme=null, passwd=123, confirmPasswd=null, type=null, avatar=null, createTime=Fri Mar 20 08:00:00 CST 2020, enable=1, avatarFile=null, newPasswd=null, key=null, companyId=null, enableUrl=null), User(id=2, name=王德辉, age=null, pwd=null, token=null, avatarUrl=null, accountId=null, phone=15217817350, email=null, aboutme=null, passwd=123, confirmPasswd=null, type=null, avatar=null, createTime=Fri Mar 20 08:00:00 CST 2020, enable=1, avatarFile=null, newPasswd=null, key=null, companyId=null, enableUrl=null)]]
2020-05-11 14:11:56.768 [http-nio-8080-exec-9] INFO  [com.hzu.community.api.utils.Rests:77] [96825a3c172e5bbf,96825a3c172e5bbf] - result=RestResponse [code=0, msg=OK, result=7]
2020-05-11 14:11:56.783 [http-nio-8080-exec-9] INFO  [com.hzu.community.api.utils.Rests:77] [96825a3c172e5bbf,96825a3c172e5bbf] - result=RestResponse [code=0, msg=OK, result=1]
2020-05-11 14:11:56.797 [http-nio-8080-exec-9] INFO  [com.hzu.community.api.utils.Rests:77] [96825a3c172e5bbf,96825a3c172e5bbf] - result=RestResponse [code=0, msg=OK, result=[Company(id=2, name=小米, address=null, phone=172178908798, email=xiaomi@xiaomi.com, about_us=null, mobile=null, type=1, webSite=https://www.mi.com)]]
2020-05-11 14:11:59.784 [http-nio-8080-exec-1] INFO  [com.hzu.community.api.utils.Rests:77] [0a737c5216b2a129,0a737c5216b2a129] - result=RestResponse [code=0, msg=OK, result=7]
2020-05-11 14:11:59.797 [http-nio-8080-exec-1] INFO  [com.hzu.community.api.utils.Rests:77] [0a737c5216b2a129,0a737c5216b2a129] - result=RestResponse [code=0, msg=OK, result=1]
2020-05-11 14:11:59.808 [http-nio-8080-exec-1] INFO  [com.hzu.community.api.utils.Rests:77] [0a737c5216b2a129,0a737c5216b2a129] - result=RestResponse [code=0, msg=OK, result=[Company(id=2, name=小米, address=null, phone=172178908798, email=xiaomi@xiaomi.com, about_us=null, mobile=null, type=1, webSite=https://www.mi.com)]]
2020-05-11 14:12:39.736 [http-nio-8080-exec-3] INFO  [com.hzu.community.api.utils.Rests:77] [a6d002e0e315fb7f,a6d002e0e315fb7f] - result=RestResponse [code=0, msg=OK, result=7]
2020-05-11 14:12:39.751 [http-nio-8080-exec-3] INFO  [com.hzu.community.api.utils.Rests:77] [a6d002e0e315fb7f,a6d002e0e315fb7f] - result=RestResponse [code=0, msg=OK, result=1]
2020-05-11 14:12:39.764 [http-nio-8080-exec-3] INFO  [com.hzu.community.api.utils.Rests:77] [a6d002e0e315fb7f,a6d002e0e315fb7f] - result=RestResponse [code=0, msg=OK, result=[Company(id=2, name=小米, address=null, phone=172178908798, email=xiaomi@xiaomi.com, about_us=null, mobile=null, type=1, webSite=https://www.mi.com)]]
2020-05-11 14:13:37.176 [http-nio-8080-exec-5] INFO  [com.hzu.community.api.utils.Rests:77] [5bd80d334bb81fca,5bd80d334bb81fca] - result=RestResponse [code=0, msg=OK, result=7]
2020-05-11 14:13:37.188 [http-nio-8080-exec-5] INFO  [com.hzu.community.api.utils.Rests:77] [5bd80d334bb81fca,5bd80d334bb81fca] - result=RestResponse [code=0, msg=OK, result=10]
2020-05-11 14:13:37.203 [http-nio-8080-exec-5] INFO  [com.hzu.community.api.utils.Rests:77] [5bd80d334bb81fca,5bd80d334bb81fca] - result=RestResponse [code=0, msg=OK, result=[Question(id=16, title=热门标签, description=123是科技部对UI安管部卡斯比接口的把会计师不安居客吧开发背带裤, tag=php,js,java, gmtCreate=1587463038397, gmtModified=1587463038397, creator=1, viewCount=0, commentCount=0, likeCount=null), Question(id=17, title=热门2, description=123, tag=js,php,java, gmtCreate=1587463050254, gmtModified=1587463050254, creator=1, viewCount=0, commentCount=0, likeCount=null), Question(id=18, title=热门3, description=123, tag=php,java,js, gmtCreate=1587463062594, gmtModified=1587463062594, creator=1, viewCount=15, commentCount=1, likeCount=null), Question(id=19, title=如何快速学习java, description=123, tag=java,php, gmtCreate=1587748189578, gmtModified=1587748189578, creator=1, viewCount=0, commentCount=0, likeCount=null), Question(id=20, title=微服务架构如何考虑？, description=123, tag=java, gmtCreate=1587748221949, gmtModified=1587748221949, creator=1, viewCount=0, commentCount=0, likeCount=null)]]
2020-05-11 14:13:39.537 [http-nio-8080-exec-6] INFO  [com.hzu.community.api.utils.Rests:77] [71f1f4a2543c89ac,71f1f4a2543c89ac] - result=RestResponse [code=0, msg=OK, result=7]
2020-05-11 14:13:39.556 [http-nio-8080-exec-6] INFO  [com.hzu.community.api.utils.Rests:77] [71f1f4a2543c89ac,71f1f4a2543c89ac] - result=RestResponse [code=0, msg=OK, result=2]
2020-05-11 14:13:39.612 [http-nio-8080-exec-6] INFO  [com.hzu.community.api.utils.Rests:77] [71f1f4a2543c89ac,71f1f4a2543c89ac] - result=RestResponse [code=0, msg=OK, result=[Project{id=1, type=1, price=20000, name='微信小程序公众号研发', images='null', recruitment=4, degree='null', language='null', rating=null, remarks='null', properties='null', tags='null', createTime=null, cityId=null, areaId=null, address='null', firstImg='null', imageList=[], projectFiles=null, userId=null, bookmarked=false, state=0, ids=null}, Project{id=2, type=3, price=1700, name='电影小说马甲包', images='null', recruitment=3, degree='null', language='null', rating=null, remarks='null', properties='null', tags='null', createTime=null, cityId=null, areaId=null, address='null', firstImg='null', imageList=[], projectFiles=null, userId=null, bookmarked=false, state=1, ids=null}]]
2020-05-11 14:14:43.833 [AsyncResolver-bootstrap-executor-0] INFO  [com.netflix.discovery.shared.resolver.aws.ConfigClusterResolver:43] [,] - Resolving eureka endpoints via configuration
2020-05-11 14:19:43.835 [AsyncResolver-bootstrap-executor-0] INFO  [com.netflix.discovery.shared.resolver.aws.ConfigClusterResolver:43] [,] - Resolving eureka endpoints via configuration
2020-05-11 14:24:43.836 [AsyncResolver-bootstrap-executor-0] INFO  [com.netflix.discovery.shared.resolver.aws.ConfigClusterResolver:43] [,] - Resolving eureka endpoints via configuration
2020-05-11 14:29:43.839 [AsyncResolver-bootstrap-executor-0] INFO  [com.netflix.discovery.shared.resolver.aws.ConfigClusterResolver:43] [,] - Resolving eureka endpoints via configuration
2020-05-11 14:34:43.841 [AsyncResolver-bootstrap-executor-0] INFO  [com.netflix.discovery.shared.resolver.aws.ConfigClusterResolver:43] [,] - Resolving eureka endpoints via configuration
2020-05-11 14:39:43.843 [AsyncResolver-bootstrap-executor-0] INFO  [com.netflix.discovery.shared.resolver.aws.ConfigClusterResolver:43] [,] - Resolving eureka endpoints via configuration
2020-05-11 14:44:43.845 [AsyncResolver-bootstrap-executor-0] INFO  [com.netflix.discovery.shared.resolver.aws.ConfigClusterResolver:43] [,] - Resolving eureka endpoints via configuration
2020-05-11 14:49:43.847 [AsyncResolver-bootstrap-executor-0] INFO  [com.netflix.discovery.shared.resolver.aws.ConfigClusterResolver:43] [,] - Resolving eureka endpoints via configuration
2020-05-11 14:54:43.850 [AsyncResolver-bootstrap-executor-0] INFO  [com.netflix.discovery.shared.resolver.aws.ConfigClusterResolver:43] [,] - Resolving eureka endpoints via configuration
2020-05-11 14:59:43.853 [AsyncResolver-bootstrap-executor-0] INFO  [com.netflix.discovery.shared.resolver.aws.ConfigClusterResolver:43] [,] - Resolving eureka endpoints via configuration
