2020-05-11 15:04:43.854 [AsyncResolver-bootstrap-executor-0] INFO  [com.netflix.discovery.shared.resolver.aws.ConfigClusterResolver:43] [,] - Resolving eureka endpoints via configuration
2020-05-11 15:09:43.856 [AsyncResolver-bootstrap-executor-0] INFO  [com.netflix.discovery.shared.resolver.aws.ConfigClusterResolver:43] [,] - Resolving eureka endpoints via configuration
2020-05-11 15:14:43.858 [AsyncResolver-bootstrap-executor-0] INFO  [com.netflix.discovery.shared.resolver.aws.ConfigClusterResolver:43] [,] - Resolving eureka endpoints via configuration
2020-05-11 15:25:36.183 [main] INFO  [com.hzu.community.api.ApiGatewayApplication:651] [,] - No active profile set, falling back to default profiles: default
2020-05-11 15:25:37.099 [main] WARN  [org.springframework.boot.actuate.endpoint.EndpointId:155] [,] - Endpoint ID 'hystrix.stream' contains invalid characters, please migrate to a valid format.
2020-05-11 15:25:37.692 [main] WARN  [org.springframework.boot.actuate.endpoint.EndpointId:155] [,] - Endpoint ID 'service-registry' contains invalid characters, please migrate to a valid format.
2020-05-11 15:25:38.048 [main] INFO  [org.springframework.cloud.context.scope.GenericScope:295] [,] - BeanFactory id=afdcc6f3-3255-34f2-bb9d-5bf7da403173
2020-05-11 15:25:39.060 [main] INFO  [org.springframework.boot.web.embedded.tomcat.TomcatWebServer:92] [,] - Tomcat initialized with port(s): 8080 (http)
2020-05-11 15:25:39.070 [main] INFO  [org.apache.coyote.http11.Http11NioProtocol:173] [,] - Initializing ProtocolHandler ["http-nio-8080"]
2020-05-11 15:25:39.070 [main] INFO  [org.apache.catalina.core.StandardService:173] [,] - Starting service [Tomcat]
2020-05-11 15:25:39.072 [main] INFO  [org.apache.catalina.core.StandardEngine:173] [,] - Starting Servlet engine: [Apache Tomcat/9.0.33]
2020-05-11 15:25:39.211 [main] INFO  [org.apache.catalina.core.ContainerBase.[Tomcat].[localhost].[/]:173] [,] - Initializing Spring embedded WebApplicationContext
2020-05-11 15:25:39.211 [main] INFO  [org.springframework.web.context.ContextLoader:284] [,] - Root WebApplicationContext: initialization completed in 3005 ms
2020-05-11 15:25:40.025 [main] WARN  [com.netflix.config.sources.URLConfigurationSource:121] [,] - No URLs will be polled as dynamic configuration sources.
2020-05-11 15:25:40.025 [main] INFO  [com.netflix.config.sources.URLConfigurationSource:122] [,] - To enable URLs as dynamic configuration sources, define System property archaius.configurationSource.additionalUrls or make config.properties available on classpath.
2020-05-11 15:25:40.030 [main] INFO  [com.netflix.config.DynamicPropertyFactory:281] [,] - DynamicPropertyFactory is initialized with configuration sources: com.netflix.config.ConcurrentCompositeConfiguration@41ccb3b9
2020-05-11 15:25:41.161 [main] WARN  [org.springframework.cloud.sleuth.zipkin2.ZipkinAutoConfiguration:114] [,] - Check result of the [AsyncReporter{org.springframework.cloud.sleuth.zipkin2.sender.RestTemplateSender@20d19f2c}] contains an error [CheckResult{ok=false, error=org.springframework.web.client.ResourceAccessException: I/O error on POST request for "http://localhost:9411/api/v2/spans": connect timed out; nested exception is java.net.SocketTimeoutException: connect timed out}]
2020-05-11 15:25:42.624 [main] WARN  [com.netflix.config.sources.URLConfigurationSource:121] [,] - No URLs will be polled as dynamic configuration sources.
2020-05-11 15:25:42.624 [main] INFO  [com.netflix.config.sources.URLConfigurationSource:122] [,] - To enable URLs as dynamic configuration sources, define System property archaius.configurationSource.additionalUrls or make config.properties available on classpath.
2020-05-11 15:25:42.931 [main] INFO  [org.springframework.scheduling.concurrent.ThreadPoolTaskExecutor:181] [,] - Initializing ExecutorService 'applicationTaskExecutor'
2020-05-11 15:25:43.057 [main] INFO  [org.springframework.boot.autoconfigure.web.servlet.WelcomePageHandlerMapping:58] [,] - Adding welcome page template: index
2020-05-11 15:25:43.469 [main] INFO  [org.springframework.scheduling.concurrent.ThreadPoolTaskScheduler:181] [,] - Initializing ExecutorService 'taskScheduler'
2020-05-11 15:25:44.483 [main] WARN  [org.springframework.cloud.loadbalancer.config.BlockingLoadBalancerClientAutoConfiguration$BlockingLoadBalancerClientRibbonWarnLogger:86] [,] - You already have RibbonLoadBalancerClient on your classpath. It will be used by default. As Spring Cloud Ribbon is in maintenance mode. We recommend switching to BlockingLoadBalancerClient instead. In order to use it, set the value of `spring.cloud.loadbalancer.ribbon.enabled` to `false` or remove spring-cloud-starter-netflix-ribbon from your project.
2020-05-11 15:25:45.455 [main] INFO  [org.springframework.cloud.netflix.eureka.InstanceInfoFactory:72] [,] - Setting initial instance status as: STARTING
2020-05-11 15:25:45.502 [main] INFO  [com.netflix.discovery.DiscoveryClient:368] [,] - Initializing Eureka in region us-east-1
2020-05-11 15:25:45.555 [main] INFO  [com.netflix.discovery.provider.DiscoveryJerseyProvider:70] [,] - Using JSON encoding codec LegacyJacksonJson
2020-05-11 15:25:45.555 [main] INFO  [com.netflix.discovery.provider.DiscoveryJerseyProvider:71] [,] - Using JSON decoding codec LegacyJacksonJson
2020-05-11 15:25:45.717 [main] INFO  [com.netflix.discovery.provider.DiscoveryJerseyProvider:80] [,] - Using XML encoding codec XStreamXml
2020-05-11 15:25:45.718 [main] INFO  [com.netflix.discovery.provider.DiscoveryJerseyProvider:81] [,] - Using XML decoding codec XStreamXml
2020-05-11 15:25:45.934 [main] INFO  [com.netflix.discovery.shared.resolver.aws.ConfigClusterResolver:43] [,] - Resolving eureka endpoints via configuration
2020-05-11 15:25:46.291 [main] INFO  [com.netflix.discovery.DiscoveryClient:981] [,] - Disable delta property : false
2020-05-11 15:25:46.291 [main] INFO  [com.netflix.discovery.DiscoveryClient:982] [,] - Single vip registry refresh property : null
2020-05-11 15:25:46.291 [main] INFO  [com.netflix.discovery.DiscoveryClient:983] [,] - Force full registry fetch : false
2020-05-11 15:25:46.291 [main] INFO  [com.netflix.discovery.DiscoveryClient:984] [,] - Application is null : false
2020-05-11 15:25:46.291 [main] INFO  [com.netflix.discovery.DiscoveryClient:985] [,] - Registered Applications size is zero : true
2020-05-11 15:25:46.292 [main] INFO  [com.netflix.discovery.DiscoveryClient:987] [,] - Application version is -1: true
2020-05-11 15:25:46.292 [main] INFO  [com.netflix.discovery.DiscoveryClient:1070] [,] - Getting all instance registry info from the eureka server
2020-05-11 15:25:46.436 [main] INFO  [com.netflix.discovery.DiscoveryClient:1079] [,] - The response status is 200
2020-05-11 15:25:46.438 [main] INFO  [com.netflix.discovery.DiscoveryClient:1342] [,] - Not registering with Eureka server per configuration
2020-05-11 15:25:46.442 [main] INFO  [com.netflix.discovery.DiscoveryClient:468] [,] - Discovery Client initialized at timestamp 1589181946441 with initial instances count: 2
2020-05-11 15:25:46.451 [main] INFO  [org.springframework.cloud.netflix.eureka.serviceregistry.EurekaServiceRegistry:41] [,] - Registering application API-GATEWAY with eureka with status UP
2020-05-11 15:25:46.475 [main] INFO  [org.apache.coyote.http11.Http11NioProtocol:173] [,] - Starting ProtocolHandler ["http-nio-8080"]
2020-05-11 15:25:46.487 [scheduling-1] INFO  [com.hzu.community.api.schedule.HotTagTasks:27] [8739f60b0e09ae9e,8739f60b0e09ae9e] - hotTagSchedule start 2020-05-11T15:25:46.485+0800
2020-05-11 15:25:46.508 [main] INFO  [org.springframework.boot.web.embedded.tomcat.TomcatWebServer:204] [,] - Tomcat started on port(s): 8080 (http) with context path ''
2020-05-11 15:25:46.509 [main] INFO  [org.springframework.cloud.netflix.eureka.serviceregistry.EurekaAutoServiceRegistration:145] [,] - Updating port to 8080
2020-05-11 15:25:47.420 [hystrix-questionDao-1] INFO  [com.netflix.config.ChainedDynamicProperty:115] [8739f60b0e09ae9e,da0a4416d9eae31f] - Flipping property: community.ribbon.ActiveConnectionsLimit to use NEXT property: niws.loadbalancer.availabilityFilteringRule.activeConnectionsLimit = 2147483647
2020-05-11 15:25:47.467 [hystrix-questionDao-1] INFO  [com.netflix.util.concurrent.ShutdownEnabledTimer:58] [8739f60b0e09ae9e,da0a4416d9eae31f] - Shutdown hook installed for: NFLoadBalancer-PingTimer-community
2020-05-11 15:25:47.468 [hystrix-questionDao-1] INFO  [com.netflix.loadbalancer.BaseLoadBalancer:197] [8739f60b0e09ae9e,da0a4416d9eae31f] - Client: community instantiated a LoadBalancer: DynamicServerListLoadBalancer:{NFLoadBalancer:name=community,current list of Servers=[],Load balancer stats=Zone stats: {},Server stats: []}ServerList:null
2020-05-11 15:25:47.475 [hystrix-questionDao-1] INFO  [com.netflix.loadbalancer.DynamicServerListLoadBalancer:222] [8739f60b0e09ae9e,da0a4416d9eae31f] - Using serverListUpdater PollingServerListUpdater
2020-05-11 15:25:47.504 [hystrix-questionDao-1] INFO  [com.netflix.config.ChainedDynamicProperty:115] [8739f60b0e09ae9e,da0a4416d9eae31f] - Flipping property: community.ribbon.ActiveConnectionsLimit to use NEXT property: niws.loadbalancer.availabilityFilteringRule.activeConnectionsLimit = 2147483647
2020-05-11 15:25:47.506 [hystrix-questionDao-1] INFO  [com.netflix.loadbalancer.DynamicServerListLoadBalancer:150] [8739f60b0e09ae9e,da0a4416d9eae31f] - DynamicServerListLoadBalancer for client community initialized: DynamicServerListLoadBalancer:{NFLoadBalancer:name=community,current list of Servers=[DESKTOP-K5RUUL2:8083],Load balancer stats=Zone stats: {defaultzone=[Zone:defaultzone;	Instance count:1;	Active connections count: 0;	Circuit breaker tripped count: 0;	Active connections per server: 0.0;]
},Server stats: [[Server:DESKTOP-K5RUUL2:8083;	Zone:defaultZone;	Total Requests:0;	Successive connection failure:0;	Total blackout seconds:0;	Last connection made:Thu Jan 01 08:00:00 CST 1970;	First connection made: Thu Jan 01 08:00:00 CST 1970;	Active Connections:0;	total failure count in last (1000) msecs:0;	average resp time:0.0;	90 percentile resp time:0.0;	95 percentile resp time:0.0;	min resp time:0.0;	max resp time:0.0;	stddev resp time:0.0]
]}ServerList:org.springframework.cloud.netflix.ribbon.eureka.DomainExtractingServerList@661e80cb
2020-05-11 15:25:47.652 [main] INFO  [org.springframework.boot.web.embedded.tomcat.TomcatWebServer:92] [,] - Tomcat initialized with port(s): 8023 (http)
2020-05-11 15:25:47.653 [main] INFO  [org.apache.coyote.http11.Http11NioProtocol:173] [,] - Initializing ProtocolHandler ["http-nio-8023"]
2020-05-11 15:25:47.653 [main] INFO  [org.apache.catalina.core.StandardService:173] [,] - Starting service [Tomcat]
2020-05-11 15:25:47.653 [main] INFO  [org.apache.catalina.core.StandardEngine:173] [,] - Starting Servlet engine: [Apache Tomcat/9.0.33]
2020-05-11 15:25:47.687 [main] INFO  [org.apache.catalina.core.ContainerBase.[Tomcat-1].[localhost].[/]:173] [,] - Initializing Spring embedded WebApplicationContext
2020-05-11 15:25:47.687 [main] INFO  [org.springframework.web.context.ContextLoader:284] [,] - Root WebApplicationContext: initialization completed in 151 ms
2020-05-11 15:25:47.696 [main] INFO  [org.springframework.boot.actuate.endpoint.web.ServletEndpointRegistrar:75] [,] - Registered '/actuator/hystrix.stream' to hystrix.stream-actuator-endpoint
2020-05-11 15:25:47.708 [main] INFO  [org.springframework.boot.actuate.endpoint.web.EndpointLinksResolver:58] [,] - Exposing 1 endpoint(s) beneath base path '/actuator'
2020-05-11 15:25:47.775 [main] INFO  [org.apache.coyote.http11.Http11NioProtocol:173] [,] - Starting ProtocolHandler ["http-nio-8023"]
2020-05-11 15:25:47.779 [main] INFO  [org.springframework.boot.web.embedded.tomcat.TomcatWebServer:204] [,] - Tomcat started on port(s): 8023 (http) with context path ''
2020-05-11 15:25:47.779 [hystrix-questionDao-1] INFO  [com.hzu.community.api.utils.Rests:77] [8739f60b0e09ae9e,0f5e78feccb5a5e4] - result=RestResponse [code=0, msg=OK, result=[Question(id=25, title=发布文章测试, description=发布文章测试, tag=js,php, gmtCreate=1587794699373, gmtModified=1587794699373, creator=1, viewCount=0, commentCount=0, likeCount=null), Question(id=24, title=什么是微服务，微服务的好处, description=	在微服务架构中，业务被拆分成多个高内聚低耦合的小型服务，每个小型服务都称作一个微服务，而每个微服务都可以运行在独立进程中，在整体架构中执行单独的任务，负责自己的功能。服务与服务之间可以相互调用，采用轻量级通信机制，独立自动部署，在每个微服务里面可以用不同的语言以及不同的存储技术。
	因此，微服务的优点显而易见，这也是让微服务架构成为热门架构的原因：
	第一点：易于开发和维护，每个微服务可由一个人或者一个小组进行开发和维护，微服务相对来说工程量较小，易于理解；
	第二点：独立部署，一个微服务的修改不需要协调其他的服务，节省了开发人员之间的沟通成本；
	第三点：伸缩性强，每个微服务都可以进行单独的横向和纵向上扩展，并且我们可以根据每个服务对硬件需求的不同进行定制化地升级和扩容，随着业务规模的扩大，我们可以进行进一步的拆分，进一步进行系统级的扩展。
	第四点：与组织结构相匹配，当出现异常日志的时候，我们可以通过划分不同的服务，交给不同的团队进行维护，减少维护、沟通成本；	第五点：技术异构性，每个服务可以根据自身需求选择最适合该服务的技术进行开发。, tag=java, gmtCreate=1587791267506, gmtModified=1587791267506, creator=1, viewCount=17, commentCount=3, likeCount=null), Question(id=23, title=最新文章, description=123, tag=python,java, gmtCreate=1587748463351, gmtModified=1587748463351, creator=1, viewCount=1, commentCount=0, likeCount=null), Question(id=22, title=编程之美, description=132, tag=java, gmtCreate=1587748280171, gmtModified=1587748280171, creator=1, viewCount=0, commentCount=0, likeCount=null)]]
2020-05-11 15:25:47.838 [hystrix-questionDao-2] INFO  [com.hzu.community.api.utils.Rests:77] [8739f60b0e09ae9e,929bdc69ab521e0e] - result=RestResponse [code=0, msg=OK, result=[Question(id=21, title=从0开始学JAVA, description=123, tag=java, gmtCreate=1587748265666, gmtModified=1587748265666, creator=1, viewCount=0, commentCount=0, likeCount=null), Question(id=20, title=微服务架构如何考虑？, description=123, tag=java, gmtCreate=1587748221949, gmtModified=1587748221949, creator=1, viewCount=0, commentCount=0, likeCount=null), Question(id=19, title=如何快速学习java, description=123, tag=java,php, gmtCreate=1587748189578, gmtModified=1587748189578, creator=1, viewCount=0, commentCount=0, likeCount=null), Question(id=18, title=热门3, description=123, tag=php,java,js, gmtCreate=1587463062594, gmtModified=1587463062594, creator=1, viewCount=15, commentCount=1, likeCount=null)]]
2020-05-11 15:25:47.853 [hystrix-questionDao-1] INFO  [com.hzu.community.api.utils.Rests:77] [8739f60b0e09ae9e,6314df4841a23468] - result=RestResponse [code=0, msg=OK, result=[Question(id=17, title=热门2, description=123, tag=js,php,java, gmtCreate=1587463050254, gmtModified=1587463050254, creator=1, viewCount=0, commentCount=0, likeCount=null), Question(id=16, title=热门标签, description=123是科技部对UI安管部卡斯比接口的把会计师不安居客吧开发背带裤, tag=php,js,java, gmtCreate=1587463038397, gmtModified=1587463038397, creator=1, viewCount=0, commentCount=0, likeCount=null)]]
2020-05-11 15:25:47.858 [scheduling-1] INFO  [com.hzu.community.api.schedule.HotTagTasks:47] [8739f60b0e09ae9e,8739f60b0e09ae9e] - hotTagSchedule stop 2020-05-11T15:25:47.858+0800
2020-05-11 15:25:48.481 [PollingServerListUpdater-0] INFO  [com.netflix.config.ChainedDynamicProperty:115] [,] - Flipping property: community.ribbon.ActiveConnectionsLimit to use NEXT property: niws.loadbalancer.availabilityFilteringRule.activeConnectionsLimit = 2147483647
2020-05-11 15:25:48.508 [main] INFO  [com.hzu.community.api.ApiGatewayApplication:61] [,] - Started ApiGatewayApplication in 14.538 seconds (JVM running for 18.519)
2020-05-11 15:25:49.149 [AsyncReporter{org.springframework.cloud.sleuth.zipkin2.sender.RestTemplateSender@20d19f2c}] WARN  [zipkin2.reporter.AsyncReporter$BoundedAsyncReporter:295] [,] - Spans were dropped due to exceptions. All subsequent errors will be logged at FINE level.
2020-05-11 15:25:49.149 [AsyncReporter{org.springframework.cloud.sleuth.zipkin2.sender.RestTemplateSender@20d19f2c}] WARN  [zipkin2.reporter.AsyncReporter$BoundedAsyncReporter:302] [,] - Dropped 7 spans due to ResourceAccessException(I/O error on POST request for "http://localhost:9411/api/v2/spans": connect timed out; nested exception is java.net.SocketTimeoutException: connect timed out)
org.springframework.web.client.ResourceAccessException: I/O error on POST request for "http://localhost:9411/api/v2/spans": connect timed out; nested exception is java.net.SocketTimeoutException: connect timed out
	at org.springframework.web.client.RestTemplate.doExecute(RestTemplate.java:748) ~[spring-web-5.2.5.RELEASE.jar:5.2.5.RELEASE]
	at org.springframework.cloud.sleuth.zipkin2.sender.ZipkinRestTemplateWrapper.doExecute(ZipkinRestTemplateSenderConfiguration.java:228) ~[spring-cloud-sleuth-zipkin-2.2.2.RELEASE.jar:2.2.2.RELEASE]
	at org.springframework.web.client.RestTemplate.exchange(RestTemplate.java:641) ~[spring-web-5.2.5.RELEASE.jar:5.2.5.RELEASE]
	at org.springframework.cloud.sleuth.zipkin2.sender.RestTemplateSender.post(RestTemplateSender.java:129) ~[spring-cloud-sleuth-zipkin-2.2.2.RELEASE.jar:2.2.2.RELEASE]
	at org.springframework.cloud.sleuth.zipkin2.sender.RestTemplateSender$HttpPostCall.doExecute(RestTemplateSender.java:142) ~[spring-cloud-sleuth-zipkin-2.2.2.RELEASE.jar:2.2.2.RELEASE]
	at org.springframework.cloud.sleuth.zipkin2.sender.RestTemplateSender$HttpPostCall.doExecute(RestTemplateSender.java:132) ~[spring-cloud-sleuth-zipkin-2.2.2.RELEASE.jar:2.2.2.RELEASE]
	at zipkin2.Call$Base.execute(Call.java:380) ~[zipkin-2.19.3.jar:?]
	at zipkin2.reporter.AsyncReporter$BoundedAsyncReporter.flush(AsyncReporter.java:284) ~[zipkin-reporter-2.12.1.jar:?]
	at zipkin2.reporter.AsyncReporter$Flusher.run(AsyncReporter.java:358) ~[zipkin-reporter-2.12.1.jar:?]
	at java.lang.Thread.run(Thread.java:745) [?:1.8.0_121]
Caused by: java.net.SocketTimeoutException: connect timed out
	at java.net.DualStackPlainSocketImpl.waitForConnect(Native Method) ~[?:1.8.0_121]
	at java.net.DualStackPlainSocketImpl.socketConnect(DualStackPlainSocketImpl.java:85) ~[?:1.8.0_121]
	at java.net.AbstractPlainSocketImpl.doConnect(AbstractPlainSocketImpl.java:350) ~[?:1.8.0_121]
	at java.net.AbstractPlainSocketImpl.connectToAddress(AbstractPlainSocketImpl.java:206) ~[?:1.8.0_121]
	at java.net.AbstractPlainSocketImpl.connect(AbstractPlainSocketImpl.java:188) ~[?:1.8.0_121]
	at java.net.PlainSocketImpl.connect(PlainSocketImpl.java:172) ~[?:1.8.0_121]
	at java.net.SocksSocketImpl.connect(SocksSocketImpl.java:392) ~[?:1.8.0_121]
	at java.net.Socket.connect(Socket.java:589) ~[?:1.8.0_121]
	at sun.net.NetworkClient.doConnect(NetworkClient.java:175) ~[?:1.8.0_121]
	at sun.net.www.http.HttpClient.openServer(HttpClient.java:432) ~[?:1.8.0_121]
	at sun.net.www.http.HttpClient.openServer(HttpClient.java:527) ~[?:1.8.0_121]
	at sun.net.www.http.HttpClient.<init>(HttpClient.java:211) ~[?:1.8.0_121]
	at sun.net.www.http.HttpClient.New(HttpClient.java:308) ~[?:1.8.0_121]
	at sun.net.www.http.HttpClient.New(HttpClient.java:326) ~[?:1.8.0_121]
	at sun.net.www.protocol.http.HttpURLConnection.getNewHttpClient(HttpURLConnection.java:1202) ~[?:1.8.0_121]
	at sun.net.www.protocol.http.HttpURLConnection.plainConnect0(HttpURLConnection.java:1138) ~[?:1.8.0_121]
	at sun.net.www.protocol.http.HttpURLConnection.plainConnect(HttpURLConnection.java:1032) ~[?:1.8.0_121]
	at sun.net.www.protocol.http.HttpURLConnection.connect(HttpURLConnection.java:966) ~[?:1.8.0_121]
	at org.springframework.http.client.SimpleBufferingClientHttpRequest.executeInternal(SimpleBufferingClientHttpRequest.java:76) ~[spring-web-5.2.5.RELEASE.jar:5.2.5.RELEASE]
	at org.springframework.http.client.AbstractBufferingClientHttpRequest.executeInternal(AbstractBufferingClientHttpRequest.java:48) ~[spring-web-5.2.5.RELEASE.jar:5.2.5.RELEASE]
	at org.springframework.http.client.AbstractClientHttpRequest.execute(AbstractClientHttpRequest.java:53) ~[spring-web-5.2.5.RELEASE.jar:5.2.5.RELEASE]
	at org.springframework.web.client.RestTemplate.doExecute(RestTemplate.java:739) ~[spring-web-5.2.5.RELEASE.jar:5.2.5.RELEASE]
	... 9 more
2020-05-11 15:25:59.564 [http-nio-8080-exec-1] INFO  [org.apache.catalina.core.ContainerBase.[Tomcat].[localhost].[/]:173] [,] - Initializing Spring DispatcherServlet 'dispatcherServlet'
2020-05-11 15:25:59.565 [http-nio-8080-exec-1] INFO  [org.springframework.web.servlet.DispatcherServlet:525] [,] - Initializing Servlet 'dispatcherServlet'
2020-05-11 15:25:59.585 [http-nio-8080-exec-1] INFO  [org.springframework.web.servlet.DispatcherServlet:547] [,] - Completed initialization in 20 ms
2020-05-11 15:26:00.051 [http-nio-8080-exec-1] INFO  [com.netflix.config.ChainedDynamicProperty:115] [f60196184ac1709f,3687a6db6b8a2bcd] - Flipping property: backstage.ribbon.ActiveConnectionsLimit to use NEXT property: niws.loadbalancer.availabilityFilteringRule.activeConnectionsLimit = 2147483647
2020-05-11 15:26:00.055 [http-nio-8080-exec-1] INFO  [com.netflix.util.concurrent.ShutdownEnabledTimer:58] [f60196184ac1709f,3687a6db6b8a2bcd] - Shutdown hook installed for: NFLoadBalancer-PingTimer-backstage
2020-05-11 15:26:00.055 [http-nio-8080-exec-1] INFO  [com.netflix.loadbalancer.BaseLoadBalancer:197] [f60196184ac1709f,3687a6db6b8a2bcd] - Client: backstage instantiated a LoadBalancer: DynamicServerListLoadBalancer:{NFLoadBalancer:name=backstage,current list of Servers=[],Load balancer stats=Zone stats: {},Server stats: []}ServerList:null
2020-05-11 15:26:00.058 [http-nio-8080-exec-1] INFO  [com.netflix.loadbalancer.DynamicServerListLoadBalancer:222] [f60196184ac1709f,3687a6db6b8a2bcd] - Using serverListUpdater PollingServerListUpdater
2020-05-11 15:26:00.061 [http-nio-8080-exec-1] INFO  [com.netflix.config.ChainedDynamicProperty:115] [f60196184ac1709f,3687a6db6b8a2bcd] - Flipping property: backstage.ribbon.ActiveConnectionsLimit to use NEXT property: niws.loadbalancer.availabilityFilteringRule.activeConnectionsLimit = 2147483647
2020-05-11 15:26:00.063 [http-nio-8080-exec-1] INFO  [com.netflix.loadbalancer.DynamicServerListLoadBalancer:150] [f60196184ac1709f,3687a6db6b8a2bcd] - DynamicServerListLoadBalancer for client backstage initialized: DynamicServerListLoadBalancer:{NFLoadBalancer:name=backstage,current list of Servers=[DESKTOP-K5RUUL2:8089],Load balancer stats=Zone stats: {defaultzone=[Zone:defaultzone;	Instance count:1;	Active connections count: 0;	Circuit breaker tripped count: 0;	Active connections per server: 0.0;]
},Server stats: [[Server:DESKTOP-K5RUUL2:8089;	Zone:defaultZone;	Total Requests:0;	Successive connection failure:0;	Total blackout seconds:0;	Last connection made:Thu Jan 01 08:00:00 CST 1970;	First connection made: Thu Jan 01 08:00:00 CST 1970;	Active Connections:0;	total failure count in last (1000) msecs:0;	average resp time:0.0;	90 percentile resp time:0.0;	95 percentile resp time:0.0;	min resp time:0.0;	max resp time:0.0;	stddev resp time:0.0]
]}ServerList:org.springframework.cloud.netflix.ribbon.eureka.DomainExtractingServerList@3d019476
2020-05-11 15:26:00.088 [http-nio-8080-exec-1] INFO  [com.hzu.community.api.utils.Rests:77] [f60196184ac1709f,f60196184ac1709f] - result=RestResponse [code=0, msg=OK, result=2]
2020-05-11 15:26:00.131 [http-nio-8080-exec-1] INFO  [com.hzu.community.api.utils.Rests:77] [f60196184ac1709f,f60196184ac1709f] - result=RestResponse [code=0, msg=OK, result=[Project{id=1, type=1, price=20000, name='微信小程序公众号研发', images='null', recruitment=4, degree='null', language='null', rating=null, remarks='null', properties='null', tags='null', createTime=null, cityId=null, areaId=null, address='null', firstImg='null', imageList=[], projectFiles=null, userId=null, bookmarked=false, state=0, ids=null}, Project{id=2, type=3, price=1700, name='电影小说马甲包', images='null', recruitment=3, degree='null', language='null', rating=null, remarks='null', properties='null', tags='null', createTime=null, cityId=null, areaId=null, address='null', firstImg='null', imageList=[], projectFiles=null, userId=null, bookmarked=false, state=1, ids=null}]]
2020-05-11 15:26:00.498 [http-nio-8080-exec-1] ERROR [org.thymeleaf.TemplateEngine:1136] [f60196184ac1709f,f60196184ac1709f] - [THYMELEAF][http-nio-8080-exec-1] Exception processing template "admin/project_list": Exception evaluating SpringEL expression: "session.user.getAccountId()" (template: "admin/project_list" - line 73, col 23)
org.thymeleaf.exceptions.TemplateProcessingException: Exception evaluating SpringEL expression: "session.user.getAccountId()" (template: "admin/project_list" - line 73, col 23)
	at org.thymeleaf.spring5.expression.SPELVariableExpressionEvaluator.evaluate(SPELVariableExpressionEvaluator.java:290) ~[thymeleaf-spring5-3.0.11.RELEASE.jar:3.0.11.RELEASE]
	at org.thymeleaf.standard.expression.VariableExpression.executeVariableExpression(VariableExpression.java:166) ~[thymeleaf-3.0.11.RELEASE.jar:3.0.11.RELEASE]
	at org.thymeleaf.standard.expression.SimpleExpression.executeSimple(SimpleExpression.java:66) ~[thymeleaf-3.0.11.RELEASE.jar:3.0.11.RELEASE]
	at org.thymeleaf.standard.expression.Expression.execute(Expression.java:109) ~[thymeleaf-3.0.11.RELEASE.jar:3.0.11.RELEASE]
	at org.thymeleaf.standard.expression.Expression.execute(Expression.java:138) ~[thymeleaf-3.0.11.RELEASE.jar:3.0.11.RELEASE]
	at org.thymeleaf.standard.processor.AbstractStandardExpressionAttributeTagProcessor.doProcess(AbstractStandardExpressionAttributeTagProcessor.java:144) ~[thymeleaf-3.0.11.RELEASE.jar:3.0.11.RELEASE]
	at org.thymeleaf.processor.element.AbstractAttributeTagProcessor.doProcess(AbstractAttributeTagProcessor.java:74) ~[thymeleaf-3.0.11.RELEASE.jar:3.0.11.RELEASE]
	at org.thymeleaf.processor.element.AbstractElementTagProcessor.process(AbstractElementTagProcessor.java:95) ~[thymeleaf-3.0.11.RELEASE.jar:3.0.11.RELEASE]
	at org.thymeleaf.util.ProcessorConfigurationUtils$ElementTagProcessorWrapper.process(ProcessorConfigurationUtils.java:633) ~[thymeleaf-3.0.11.RELEASE.jar:3.0.11.RELEASE]
	at org.thymeleaf.engine.ProcessorTemplateHandler.handleOpenElement(ProcessorTemplateHandler.java:1314) ~[thymeleaf-3.0.11.RELEASE.jar:3.0.11.RELEASE]
	at org.thymeleaf.engine.OpenElementTag.beHandled(OpenElementTag.java:205) ~[thymeleaf-3.0.11.RELEASE.jar:3.0.11.RELEASE]
	at org.thymeleaf.engine.TemplateModel.process(TemplateModel.java:136) ~[thymeleaf-3.0.11.RELEASE.jar:3.0.11.RELEASE]
	at org.thymeleaf.engine.TemplateManager.parseAndProcess(TemplateManager.java:661) ~[thymeleaf-3.0.11.RELEASE.jar:3.0.11.RELEASE]
	at org.thymeleaf.TemplateEngine.process(TemplateEngine.java:1098) ~[thymeleaf-3.0.11.RELEASE.jar:3.0.11.RELEASE]
	at org.thymeleaf.TemplateEngine.process(TemplateEngine.java:1072) ~[thymeleaf-3.0.11.RELEASE.jar:3.0.11.RELEASE]
	at org.thymeleaf.spring5.view.ThymeleafView.renderFragment(ThymeleafView.java:362) ~[thymeleaf-spring5-3.0.11.RELEASE.jar:3.0.11.RELEASE]
	at org.thymeleaf.spring5.view.ThymeleafView.render(ThymeleafView.java:189) ~[thymeleaf-spring5-3.0.11.RELEASE.jar:3.0.11.RELEASE]
	at org.springframework.web.servlet.DispatcherServlet.render(DispatcherServlet.java:1373) ~[spring-webmvc-5.2.5.RELEASE.jar:5.2.5.RELEASE]
	at org.springframework.web.servlet.DispatcherServlet.processDispatchResult(DispatcherServlet.java:1118) ~[spring-webmvc-5.2.5.RELEASE.jar:5.2.5.RELEASE]
	at org.springframework.web.servlet.DispatcherServlet.doDispatch(DispatcherServlet.java:1057) ~[spring-webmvc-5.2.5.RELEASE.jar:5.2.5.RELEASE]
	at org.springframework.web.servlet.DispatcherServlet.doService(DispatcherServlet.java:943) ~[spring-webmvc-5.2.5.RELEASE.jar:5.2.5.RELEASE]
	at org.springframework.web.servlet.FrameworkServlet.processRequest(FrameworkServlet.java:1006) ~[spring-webmvc-5.2.5.RELEASE.jar:5.2.5.RELEASE]
	at org.springframework.web.servlet.FrameworkServlet.doGet(FrameworkServlet.java:898) ~[spring-webmvc-5.2.5.RELEASE.jar:5.2.5.RELEASE]
	at javax.servlet.http.HttpServlet.service(HttpServlet.java:634) ~[tomcat-embed-core-9.0.33.jar:9.0.33]
	at org.springframework.web.servlet.FrameworkServlet.service(FrameworkServlet.java:883) ~[spring-webmvc-5.2.5.RELEASE.jar:5.2.5.RELEASE]
	at javax.servlet.http.HttpServlet.service(HttpServlet.java:741) ~[tomcat-embed-core-9.0.33.jar:9.0.33]
	at org.apache.catalina.core.ApplicationFilterChain.internalDoFilter(ApplicationFilterChain.java:231) ~[tomcat-embed-core-9.0.33.jar:9.0.33]
	at org.apache.catalina.core.ApplicationFilterChain.doFilter(ApplicationFilterChain.java:166) ~[tomcat-embed-core-9.0.33.jar:9.0.33]
	at org.apache.tomcat.websocket.server.WsFilter.doFilter(WsFilter.java:53) ~[tomcat-embed-websocket-9.0.33.jar:9.0.33]
	at org.apache.catalina.core.ApplicationFilterChain.internalDoFilter(ApplicationFilterChain.java:193) ~[tomcat-embed-core-9.0.33.jar:9.0.33]
	at org.apache.catalina.core.ApplicationFilterChain.doFilter(ApplicationFilterChain.java:166) ~[tomcat-embed-core-9.0.33.jar:9.0.33]
	at brave.servlet.TracingFilter.doFilter(TracingFilter.java:67) ~[brave-instrumentation-servlet-5.10.1.jar:?]
	at org.apache.catalina.core.ApplicationFilterChain.internalDoFilter(ApplicationFilterChain.java:193) ~[tomcat-embed-core-9.0.33.jar:9.0.33]
	at org.apache.catalina.core.ApplicationFilterChain.doFilter(ApplicationFilterChain.java:166) ~[tomcat-embed-core-9.0.33.jar:9.0.33]
	at org.zalando.logbook.servlet.NormalStrategy.doFilter(NormalStrategy.java:41) ~[logbook-servlet-1.13.0.jar:?]
	at org.zalando.logbook.servlet.LogbookFilter.doFilter(LogbookFilter.java:39) ~[logbook-servlet-1.13.0.jar:?]
	at org.zalando.logbook.servlet.HttpFilter.doFilter(HttpFilter.java:31) ~[logbook-servlet-1.13.0.jar:?]
	at org.apache.catalina.core.ApplicationFilterChain.internalDoFilter(ApplicationFilterChain.java:193) ~[tomcat-embed-core-9.0.33.jar:9.0.33]
	at org.apache.catalina.core.ApplicationFilterChain.doFilter(ApplicationFilterChain.java:166) ~[tomcat-embed-core-9.0.33.jar:9.0.33]
	at org.springframework.web.filter.RequestContextFilter.doFilterInternal(RequestContextFilter.java:100) ~[spring-web-5.2.5.RELEASE.jar:5.2.5.RELEASE]
	at org.springframework.web.filter.OncePerRequestFilter.doFilter(OncePerRequestFilter.java:119) ~[spring-web-5.2.5.RELEASE.jar:5.2.5.RELEASE]
	at org.apache.catalina.core.ApplicationFilterChain.internalDoFilter(ApplicationFilterChain.java:193) ~[tomcat-embed-core-9.0.33.jar:9.0.33]
	at org.apache.catalina.core.ApplicationFilterChain.doFilter(ApplicationFilterChain.java:166) ~[tomcat-embed-core-9.0.33.jar:9.0.33]
	at org.springframework.web.filter.FormContentFilter.doFilterInternal(FormContentFilter.java:93) ~[spring-web-5.2.5.RELEASE.jar:5.2.5.RELEASE]
	at org.springframework.web.filter.OncePerRequestFilter.doFilter(OncePerRequestFilter.java:119) ~[spring-web-5.2.5.RELEASE.jar:5.2.5.RELEASE]
	at org.apache.catalina.core.ApplicationFilterChain.internalDoFilter(ApplicationFilterChain.java:193) ~[tomcat-embed-core-9.0.33.jar:9.0.33]
	at org.apache.catalina.core.ApplicationFilterChain.doFilter(ApplicationFilterChain.java:166) ~[tomcat-embed-core-9.0.33.jar:9.0.33]
	at org.springframework.cloud.sleuth.instrument.web.ExceptionLoggingFilter.doFilter(ExceptionLoggingFilter.java:50) ~[spring-cloud-sleuth-core-2.2.2.RELEASE.jar:2.2.2.RELEASE]
	at org.apache.catalina.core.ApplicationFilterChain.internalDoFilter(ApplicationFilterChain.java:193) ~[tomcat-embed-core-9.0.33.jar:9.0.33]
	at org.apache.catalina.core.ApplicationFilterChain.doFilter(ApplicationFilterChain.java:166) ~[tomcat-embed-core-9.0.33.jar:9.0.33]
	at brave.servlet.TracingFilter.doFilter(TracingFilter.java:84) ~[brave-instrumentation-servlet-5.10.1.jar:?]
	at org.springframework.cloud.sleuth.instrument.web.LazyTracingFilter.doFilter(TraceWebServletAutoConfiguration.java:138) ~[spring-cloud-sleuth-core-2.2.2.RELEASE.jar:2.2.2.RELEASE]
	at org.apache.catalina.core.ApplicationFilterChain.internalDoFilter(ApplicationFilterChain.java:193) ~[tomcat-embed-core-9.0.33.jar:9.0.33]
	at org.apache.catalina.core.ApplicationFilterChain.doFilter(ApplicationFilterChain.java:166) ~[tomcat-embed-core-9.0.33.jar:9.0.33]
	at org.springframework.boot.actuate.metrics.web.servlet.WebMvcMetricsFilter.doFilterInternal(WebMvcMetricsFilter.java:109) ~[spring-boot-actuator-2.2.6.RELEASE.jar:2.2.6.RELEASE]
	at org.springframework.web.filter.OncePerRequestFilter.doFilter(OncePerRequestFilter.java:119) ~[spring-web-5.2.5.RELEASE.jar:5.2.5.RELEASE]
	at org.apache.catalina.core.ApplicationFilterChain.internalDoFilter(ApplicationFilterChain.java:193) ~[tomcat-embed-core-9.0.33.jar:9.0.33]
	at org.apache.catalina.core.ApplicationFilterChain.doFilter(ApplicationFilterChain.java:166) ~[tomcat-embed-core-9.0.33.jar:9.0.33]
	at org.springframework.web.filter.CharacterEncodingFilter.doFilterInternal(CharacterEncodingFilter.java:201) ~[spring-web-5.2.5.RELEASE.jar:5.2.5.RELEASE]
	at org.springframework.web.filter.OncePerRequestFilter.doFilter(OncePerRequestFilter.java:119) ~[spring-web-5.2.5.RELEASE.jar:5.2.5.RELEASE]
	at org.apache.catalina.core.ApplicationFilterChain.internalDoFilter(ApplicationFilterChain.java:193) ~[tomcat-embed-core-9.0.33.jar:9.0.33]
	at org.apache.catalina.core.ApplicationFilterChain.doFilter(ApplicationFilterChain.java:166) ~[tomcat-embed-core-9.0.33.jar:9.0.33]
	at org.apache.catalina.core.StandardWrapperValve.invoke(StandardWrapperValve.java:202) ~[tomcat-embed-core-9.0.33.jar:9.0.33]
	at org.apache.catalina.core.StandardContextValve.invoke(StandardContextValve.java:96) ~[tomcat-embed-core-9.0.33.jar:9.0.33]
	at org.apache.catalina.authenticator.AuthenticatorBase.invoke(AuthenticatorBase.java:541) ~[tomcat-embed-core-9.0.33.jar:9.0.33]
	at org.apache.catalina.core.StandardHostValve.invoke(StandardHostValve.java:139) ~[tomcat-embed-core-9.0.33.jar:9.0.33]
	at org.apache.catalina.valves.ErrorReportValve.invoke(ErrorReportValve.java:92) ~[tomcat-embed-core-9.0.33.jar:9.0.33]
	at org.apache.catalina.core.StandardEngineValve.invoke(StandardEngineValve.java:74) ~[tomcat-embed-core-9.0.33.jar:9.0.33]
	at org.apache.catalina.connector.CoyoteAdapter.service(CoyoteAdapter.java:343) ~[tomcat-embed-core-9.0.33.jar:9.0.33]
	at org.apache.coyote.http11.Http11Processor.service(Http11Processor.java:373) ~[tomcat-embed-core-9.0.33.jar:9.0.33]
	at org.apache.coyote.AbstractProcessorLight.process(AbstractProcessorLight.java:65) ~[tomcat-embed-core-9.0.33.jar:9.0.33]
	at org.apache.coyote.AbstractProtocol$ConnectionHandler.process(AbstractProtocol.java:868) ~[tomcat-embed-core-9.0.33.jar:9.0.33]
	at org.apache.tomcat.util.net.NioEndpoint$SocketProcessor.doRun(NioEndpoint.java:1594) ~[tomcat-embed-core-9.0.33.jar:9.0.33]
	at org.apache.tomcat.util.net.SocketProcessorBase.run(SocketProcessorBase.java:49) ~[tomcat-embed-core-9.0.33.jar:9.0.33]
	at java.util.concurrent.ThreadPoolExecutor.runWorker(ThreadPoolExecutor.java:1142) ~[?:1.8.0_121]
	at java.util.concurrent.ThreadPoolExecutor$Worker.run(ThreadPoolExecutor.java:617) ~[?:1.8.0_121]
	at org.apache.tomcat.util.threads.TaskThread$WrappingRunnable.run(TaskThread.java:61) ~[tomcat-embed-core-9.0.33.jar:9.0.33]
	at java.lang.Thread.run(Thread.java:745) [?:1.8.0_121]
Caused by: org.springframework.expression.spel.SpelEvaluationException: EL1011E: Method call: Attempted to call method getAccountId() on null context object
	at org.springframework.expression.spel.ast.MethodReference.throwIfNotNullSafe(MethodReference.java:154) ~[spring-expression-5.2.5.RELEASE.jar:5.2.5.RELEASE]
	at org.springframework.expression.spel.ast.MethodReference.getValueRef(MethodReference.java:83) ~[spring-expression-5.2.5.RELEASE.jar:5.2.5.RELEASE]
	at org.springframework.expression.spel.ast.CompoundExpression.getValueRef(CompoundExpression.java:70) ~[spring-expression-5.2.5.RELEASE.jar:5.2.5.RELEASE]
	at org.springframework.expression.spel.ast.CompoundExpression.getValueInternal(CompoundExpression.java:91) ~[spring-expression-5.2.5.RELEASE.jar:5.2.5.RELEASE]
	at org.springframework.expression.spel.ast.SpelNodeImpl.getValue(SpelNodeImpl.java:112) ~[spring-expression-5.2.5.RELEASE.jar:5.2.5.RELEASE]
	at org.springframework.expression.spel.standard.SpelExpression.getValue(SpelExpression.java:337) ~[spring-expression-5.2.5.RELEASE.jar:5.2.5.RELEASE]
	at org.thymeleaf.spring5.expression.SPELVariableExpressionEvaluator.evaluate(SPELVariableExpressionEvaluator.java:263) ~[thymeleaf-spring5-3.0.11.RELEASE.jar:3.0.11.RELEASE]
	... 77 more
2020-05-11 15:26:00.502 [http-nio-8080-exec-1] ERROR [org.springframework.cloud.sleuth.instrument.web.ExceptionLoggingFilter:54] [f60196184ac1709f,f60196184ac1709f] - Uncaught exception thrown
org.springframework.web.util.NestedServletException: Request processing failed; nested exception is org.thymeleaf.exceptions.TemplateProcessingException: Exception evaluating SpringEL expression: "session.user.getAccountId()" (template: "admin/project_list" - line 73, col 23)
	at org.springframework.web.servlet.FrameworkServlet.processRequest(FrameworkServlet.java:1014) ~[spring-webmvc-5.2.5.RELEASE.jar:5.2.5.RELEASE]
	at org.springframework.web.servlet.FrameworkServlet.doGet(FrameworkServlet.java:898) ~[spring-webmvc-5.2.5.RELEASE.jar:5.2.5.RELEASE]
	at javax.servlet.http.HttpServlet.service(HttpServlet.java:634) ~[tomcat-embed-core-9.0.33.jar:9.0.33]
	at org.springframework.web.servlet.FrameworkServlet.service(FrameworkServlet.java:883) ~[spring-webmvc-5.2.5.RELEASE.jar:5.2.5.RELEASE]
	at javax.servlet.http.HttpServlet.service(HttpServlet.java:741) ~[tomcat-embed-core-9.0.33.jar:9.0.33]
	at org.apache.catalina.core.ApplicationFilterChain.internalDoFilter(ApplicationFilterChain.java:231) ~[tomcat-embed-core-9.0.33.jar:9.0.33]
	at org.apache.catalina.core.ApplicationFilterChain.doFilter(ApplicationFilterChain.java:166) ~[tomcat-embed-core-9.0.33.jar:9.0.33]
	at org.apache.tomcat.websocket.server.WsFilter.doFilter(WsFilter.java:53) ~[tomcat-embed-websocket-9.0.33.jar:9.0.33]
	at org.apache.catalina.core.ApplicationFilterChain.internalDoFilter(ApplicationFilterChain.java:193) ~[tomcat-embed-core-9.0.33.jar:9.0.33]
	at org.apache.catalina.core.ApplicationFilterChain.doFilter(ApplicationFilterChain.java:166) ~[tomcat-embed-core-9.0.33.jar:9.0.33]
	at brave.servlet.TracingFilter.doFilter(TracingFilter.java:67) ~[brave-instrumentation-servlet-5.10.1.jar:?]
	at org.apache.catalina.core.ApplicationFilterChain.internalDoFilter(ApplicationFilterChain.java:193) ~[tomcat-embed-core-9.0.33.jar:9.0.33]
	at org.apache.catalina.core.ApplicationFilterChain.doFilter(ApplicationFilterChain.java:166) ~[tomcat-embed-core-9.0.33.jar:9.0.33]
	at org.zalando.logbook.servlet.NormalStrategy.doFilter(NormalStrategy.java:41) ~[logbook-servlet-1.13.0.jar:?]
	at org.zalando.logbook.servlet.LogbookFilter.doFilter(LogbookFilter.java:39) ~[logbook-servlet-1.13.0.jar:?]
	at org.zalando.logbook.servlet.HttpFilter.doFilter(HttpFilter.java:31) ~[logbook-servlet-1.13.0.jar:?]
	at org.apache.catalina.core.ApplicationFilterChain.internalDoFilter(ApplicationFilterChain.java:193) ~[tomcat-embed-core-9.0.33.jar:9.0.33]
	at org.apache.catalina.core.ApplicationFilterChain.doFilter(ApplicationFilterChain.java:166) ~[tomcat-embed-core-9.0.33.jar:9.0.33]
	at org.springframework.web.filter.RequestContextFilter.doFilterInternal(RequestContextFilter.java:100) ~[spring-web-5.2.5.RELEASE.jar:5.2.5.RELEASE]
	at org.springframework.web.filter.OncePerRequestFilter.doFilter(OncePerRequestFilter.java:119) ~[spring-web-5.2.5.RELEASE.jar:5.2.5.RELEASE]
	at org.apache.catalina.core.ApplicationFilterChain.internalDoFilter(ApplicationFilterChain.java:193) ~[tomcat-embed-core-9.0.33.jar:9.0.33]
	at org.apache.catalina.core.ApplicationFilterChain.doFilter(ApplicationFilterChain.java:166) ~[tomcat-embed-core-9.0.33.jar:9.0.33]
	at org.springframework.web.filter.FormContentFilter.doFilterInternal(FormContentFilter.java:93) ~[spring-web-5.2.5.RELEASE.jar:5.2.5.RELEASE]
	at org.springframework.web.filter.OncePerRequestFilter.doFilter(OncePerRequestFilter.java:119) ~[spring-web-5.2.5.RELEASE.jar:5.2.5.RELEASE]
	at org.apache.catalina.core.ApplicationFilterChain.internalDoFilter(ApplicationFilterChain.java:193) ~[tomcat-embed-core-9.0.33.jar:9.0.33]
	at org.apache.catalina.core.ApplicationFilterChain.doFilter(ApplicationFilterChain.java:166) ~[tomcat-embed-core-9.0.33.jar:9.0.33]
	at org.springframework.cloud.sleuth.instrument.web.ExceptionLoggingFilter.doFilter(ExceptionLoggingFilter.java:50) ~[spring-cloud-sleuth-core-2.2.2.RELEASE.jar:2.2.2.RELEASE]
	at org.apache.catalina.core.ApplicationFilterChain.internalDoFilter(ApplicationFilterChain.java:193) ~[tomcat-embed-core-9.0.33.jar:9.0.33]
	at org.apache.catalina.core.ApplicationFilterChain.doFilter(ApplicationFilterChain.java:166) ~[tomcat-embed-core-9.0.33.jar:9.0.33]
	at brave.servlet.TracingFilter.doFilter(TracingFilter.java:84) ~[brave-instrumentation-servlet-5.10.1.jar:?]
	at org.springframework.cloud.sleuth.instrument.web.LazyTracingFilter.doFilter(TraceWebServletAutoConfiguration.java:138) ~[spring-cloud-sleuth-core-2.2.2.RELEASE.jar:2.2.2.RELEASE]
	at org.apache.catalina.core.ApplicationFilterChain.internalDoFilter(ApplicationFilterChain.java:193) ~[tomcat-embed-core-9.0.33.jar:9.0.33]
	at org.apache.catalina.core.ApplicationFilterChain.doFilter(ApplicationFilterChain.java:166) ~[tomcat-embed-core-9.0.33.jar:9.0.33]
	at org.springframework.boot.actuate.metrics.web.servlet.WebMvcMetricsFilter.doFilterInternal(WebMvcMetricsFilter.java:109) ~[spring-boot-actuator-2.2.6.RELEASE.jar:2.2.6.RELEASE]
	at org.springframework.web.filter.OncePerRequestFilter.doFilter(OncePerRequestFilter.java:119) ~[spring-web-5.2.5.RELEASE.jar:5.2.5.RELEASE]
	at org.apache.catalina.core.ApplicationFilterChain.internalDoFilter(ApplicationFilterChain.java:193) ~[tomcat-embed-core-9.0.33.jar:9.0.33]
	at org.apache.catalina.core.ApplicationFilterChain.doFilter(ApplicationFilterChain.java:166) ~[tomcat-embed-core-9.0.33.jar:9.0.33]
	at org.springframework.web.filter.CharacterEncodingFilter.doFilterInternal(CharacterEncodingFilter.java:201) ~[spring-web-5.2.5.RELEASE.jar:5.2.5.RELEASE]
	at org.springframework.web.filter.OncePerRequestFilter.doFilter(OncePerRequestFilter.java:119) ~[spring-web-5.2.5.RELEASE.jar:5.2.5.RELEASE]
	at org.apache.catalina.core.ApplicationFilterChain.internalDoFilter(ApplicationFilterChain.java:193) ~[tomcat-embed-core-9.0.33.jar:9.0.33]
	at org.apache.catalina.core.ApplicationFilterChain.doFilter(ApplicationFilterChain.java:166) ~[tomcat-embed-core-9.0.33.jar:9.0.33]
	at org.apache.catalina.core.StandardWrapperValve.invoke(StandardWrapperValve.java:202) ~[tomcat-embed-core-9.0.33.jar:9.0.33]
	at org.apache.catalina.core.StandardContextValve.invoke(StandardContextValve.java:96) ~[tomcat-embed-core-9.0.33.jar:9.0.33]
	at org.apache.catalina.authenticator.AuthenticatorBase.invoke(AuthenticatorBase.java:541) ~[tomcat-embed-core-9.0.33.jar:9.0.33]
	at org.apache.catalina.core.StandardHostValve.invoke(StandardHostValve.java:139) ~[tomcat-embed-core-9.0.33.jar:9.0.33]
	at org.apache.catalina.valves.ErrorReportValve.invoke(ErrorReportValve.java:92) ~[tomcat-embed-core-9.0.33.jar:9.0.33]
	at org.apache.catalina.core.StandardEngineValve.invoke(StandardEngineValve.java:74) ~[tomcat-embed-core-9.0.33.jar:9.0.33]
	at org.apache.catalina.connector.CoyoteAdapter.service(CoyoteAdapter.java:343) ~[tomcat-embed-core-9.0.33.jar:9.0.33]
	at org.apache.coyote.http11.Http11Processor.service(Http11Processor.java:373) ~[tomcat-embed-core-9.0.33.jar:9.0.33]
	at org.apache.coyote.AbstractProcessorLight.process(AbstractProcessorLight.java:65) ~[tomcat-embed-core-9.0.33.jar:9.0.33]
	at org.apache.coyote.AbstractProtocol$ConnectionHandler.process(AbstractProtocol.java:868) ~[tomcat-embed-core-9.0.33.jar:9.0.33]
	at org.apache.tomcat.util.net.NioEndpoint$SocketProcessor.doRun(NioEndpoint.java:1594) ~[tomcat-embed-core-9.0.33.jar:9.0.33]
	at org.apache.tomcat.util.net.SocketProcessorBase.run(SocketProcessorBase.java:49) ~[tomcat-embed-core-9.0.33.jar:9.0.33]
	at java.util.concurrent.ThreadPoolExecutor.runWorker(ThreadPoolExecutor.java:1142) ~[?:1.8.0_121]
	at java.util.concurrent.ThreadPoolExecutor$Worker.run(ThreadPoolExecutor.java:617) ~[?:1.8.0_121]
	at org.apache.tomcat.util.threads.TaskThread$WrappingRunnable.run(TaskThread.java:61) ~[tomcat-embed-core-9.0.33.jar:9.0.33]
	at java.lang.Thread.run(Thread.java:745) [?:1.8.0_121]
Caused by: org.thymeleaf.exceptions.TemplateProcessingException: Exception evaluating SpringEL expression: "session.user.getAccountId()" (template: "admin/project_list" - line 73, col 23)
	at org.thymeleaf.spring5.expression.SPELVariableExpressionEvaluator.evaluate(SPELVariableExpressionEvaluator.java:290) ~[thymeleaf-spring5-3.0.11.RELEASE.jar:3.0.11.RELEASE]
	at org.thymeleaf.standard.expression.VariableExpression.executeVariableExpression(VariableExpression.java:166) ~[thymeleaf-3.0.11.RELEASE.jar:3.0.11.RELEASE]
	at org.thymeleaf.standard.expression.SimpleExpression.executeSimple(SimpleExpression.java:66) ~[thymeleaf-3.0.11.RELEASE.jar:3.0.11.RELEASE]
	at org.thymeleaf.standard.expression.Expression.execute(Expression.java:109) ~[thymeleaf-3.0.11.RELEASE.jar:3.0.11.RELEASE]
	at org.thymeleaf.standard.expression.Expression.execute(Expression.java:138) ~[thymeleaf-3.0.11.RELEASE.jar:3.0.11.RELEASE]
	at org.thymeleaf.standard.processor.AbstractStandardExpressionAttributeTagProcessor.doProcess(AbstractStandardExpressionAttributeTagProcessor.java:144) ~[thymeleaf-3.0.11.RELEASE.jar:3.0.11.RELEASE]
	at org.thymeleaf.processor.element.AbstractAttributeTagProcessor.doProcess(AbstractAttributeTagProcessor.java:74) ~[thymeleaf-3.0.11.RELEASE.jar:3.0.11.RELEASE]
	at org.thymeleaf.processor.element.AbstractElementTagProcessor.process(AbstractElementTagProcessor.java:95) ~[thymeleaf-3.0.11.RELEASE.jar:3.0.11.RELEASE]
	at org.thymeleaf.util.ProcessorConfigurationUtils$ElementTagProcessorWrapper.process(ProcessorConfigurationUtils.java:633) ~[thymeleaf-3.0.11.RELEASE.jar:3.0.11.RELEASE]
	at org.thymeleaf.engine.ProcessorTemplateHandler.handleOpenElement(ProcessorTemplateHandler.java:1314) ~[thymeleaf-3.0.11.RELEASE.jar:3.0.11.RELEASE]
	at org.thymeleaf.engine.OpenElementTag.beHandled(OpenElementTag.java:205) ~[thymeleaf-3.0.11.RELEASE.jar:3.0.11.RELEASE]
	at org.thymeleaf.engine.TemplateModel.process(TemplateModel.java:136) ~[thymeleaf-3.0.11.RELEASE.jar:3.0.11.RELEASE]
	at org.thymeleaf.engine.TemplateManager.parseAndProcess(TemplateManager.java:661) ~[thymeleaf-3.0.11.RELEASE.jar:3.0.11.RELEASE]
	at org.thymeleaf.TemplateEngine.process(TemplateEngine.java:1098) ~[thymeleaf-3.0.11.RELEASE.jar:3.0.11.RELEASE]
	at org.thymeleaf.TemplateEngine.process(TemplateEngine.java:1072) ~[thymeleaf-3.0.11.RELEASE.jar:3.0.11.RELEASE]
	at org.thymeleaf.spring5.view.ThymeleafView.renderFragment(ThymeleafView.java:362) ~[thymeleaf-spring5-3.0.11.RELEASE.jar:3.0.11.RELEASE]
	at org.thymeleaf.spring5.view.ThymeleafView.render(ThymeleafView.java:189) ~[thymeleaf-spring5-3.0.11.RELEASE.jar:3.0.11.RELEASE]
	at org.springframework.web.servlet.DispatcherServlet.render(DispatcherServlet.java:1373) ~[spring-webmvc-5.2.5.RELEASE.jar:5.2.5.RELEASE]
	at org.springframework.web.servlet.DispatcherServlet.processDispatchResult(DispatcherServlet.java:1118) ~[spring-webmvc-5.2.5.RELEASE.jar:5.2.5.RELEASE]
	at org.springframework.web.servlet.DispatcherServlet.doDispatch(DispatcherServlet.java:1057) ~[spring-webmvc-5.2.5.RELEASE.jar:5.2.5.RELEASE]
	at org.springframework.web.servlet.DispatcherServlet.doService(DispatcherServlet.java:943) ~[spring-webmvc-5.2.5.RELEASE.jar:5.2.5.RELEASE]
	at org.springframework.web.servlet.FrameworkServlet.processRequest(FrameworkServlet.java:1006) ~[spring-webmvc-5.2.5.RELEASE.jar:5.2.5.RELEASE]
	... 56 more
Caused by: org.springframework.expression.spel.SpelEvaluationException: EL1011E: Method call: Attempted to call method getAccountId() on null context object
	at org.springframework.expression.spel.ast.MethodReference.throwIfNotNullSafe(MethodReference.java:154) ~[spring-expression-5.2.5.RELEASE.jar:5.2.5.RELEASE]
	at org.springframework.expression.spel.ast.MethodReference.getValueRef(MethodReference.java:83) ~[spring-expression-5.2.5.RELEASE.jar:5.2.5.RELEASE]
	at org.springframework.expression.spel.ast.CompoundExpression.getValueRef(CompoundExpression.java:70) ~[spring-expression-5.2.5.RELEASE.jar:5.2.5.RELEASE]
	at org.springframework.expression.spel.ast.CompoundExpression.getValueInternal(CompoundExpression.java:91) ~[spring-expression-5.2.5.RELEASE.jar:5.2.5.RELEASE]
	at org.springframework.expression.spel.ast.SpelNodeImpl.getValue(SpelNodeImpl.java:112) ~[spring-expression-5.2.5.RELEASE.jar:5.2.5.RELEASE]
	at org.springframework.expression.spel.standard.SpelExpression.getValue(SpelExpression.java:337) ~[spring-expression-5.2.5.RELEASE.jar:5.2.5.RELEASE]
	at org.thymeleaf.spring5.expression.SPELVariableExpressionEvaluator.evaluate(SPELVariableExpressionEvaluator.java:263) ~[thymeleaf-spring5-3.0.11.RELEASE.jar:3.0.11.RELEASE]
	at org.thymeleaf.standard.expression.VariableExpression.executeVariableExpression(VariableExpression.java:166) ~[thymeleaf-3.0.11.RELEASE.jar:3.0.11.RELEASE]
	at org.thymeleaf.standard.expression.SimpleExpression.executeSimple(SimpleExpression.java:66) ~[thymeleaf-3.0.11.RELEASE.jar:3.0.11.RELEASE]
	at org.thymeleaf.standard.expression.Expression.execute(Expression.java:109) ~[thymeleaf-3.0.11.RELEASE.jar:3.0.11.RELEASE]
	at org.thymeleaf.standard.expression.Expression.execute(Expression.java:138) ~[thymeleaf-3.0.11.RELEASE.jar:3.0.11.RELEASE]
	at org.thymeleaf.standard.processor.AbstractStandardExpressionAttributeTagProcessor.doProcess(AbstractStandardExpressionAttributeTagProcessor.java:144) ~[thymeleaf-3.0.11.RELEASE.jar:3.0.11.RELEASE]
	at org.thymeleaf.processor.element.AbstractAttributeTagProcessor.doProcess(AbstractAttributeTagProcessor.java:74) ~[thymeleaf-3.0.11.RELEASE.jar:3.0.11.RELEASE]
	at org.thymeleaf.processor.element.AbstractElementTagProcessor.process(AbstractElementTagProcessor.java:95) ~[thymeleaf-3.0.11.RELEASE.jar:3.0.11.RELEASE]
	at org.thymeleaf.util.ProcessorConfigurationUtils$ElementTagProcessorWrapper.process(ProcessorConfigurationUtils.java:633) ~[thymeleaf-3.0.11.RELEASE.jar:3.0.11.RELEASE]
	at org.thymeleaf.engine.ProcessorTemplateHandler.handleOpenElement(ProcessorTemplateHandler.java:1314) ~[thymeleaf-3.0.11.RELEASE.jar:3.0.11.RELEASE]
	at org.thymeleaf.engine.OpenElementTag.beHandled(OpenElementTag.java:205) ~[thymeleaf-3.0.11.RELEASE.jar:3.0.11.RELEASE]
	at org.thymeleaf.engine.TemplateModel.process(TemplateModel.java:136) ~[thymeleaf-3.0.11.RELEASE.jar:3.0.11.RELEASE]
	at org.thymeleaf.engine.TemplateManager.parseAndProcess(TemplateManager.java:661) ~[thymeleaf-3.0.11.RELEASE.jar:3.0.11.RELEASE]
	at org.thymeleaf.TemplateEngine.process(TemplateEngine.java:1098) ~[thymeleaf-3.0.11.RELEASE.jar:3.0.11.RELEASE]
	at org.thymeleaf.TemplateEngine.process(TemplateEngine.java:1072) ~[thymeleaf-3.0.11.RELEASE.jar:3.0.11.RELEASE]
	at org.thymeleaf.spring5.view.ThymeleafView.renderFragment(ThymeleafView.java:362) ~[thymeleaf-spring5-3.0.11.RELEASE.jar:3.0.11.RELEASE]
	at org.thymeleaf.spring5.view.ThymeleafView.render(ThymeleafView.java:189) ~[thymeleaf-spring5-3.0.11.RELEASE.jar:3.0.11.RELEASE]
	at org.springframework.web.servlet.DispatcherServlet.render(DispatcherServlet.java:1373) ~[spring-webmvc-5.2.5.RELEASE.jar:5.2.5.RELEASE]
	at org.springframework.web.servlet.DispatcherServlet.processDispatchResult(DispatcherServlet.java:1118) ~[spring-webmvc-5.2.5.RELEASE.jar:5.2.5.RELEASE]
	at org.springframework.web.servlet.DispatcherServlet.doDispatch(DispatcherServlet.java:1057) ~[spring-webmvc-5.2.5.RELEASE.jar:5.2.5.RELEASE]
	at org.springframework.web.servlet.DispatcherServlet.doService(DispatcherServlet.java:943) ~[spring-webmvc-5.2.5.RELEASE.jar:5.2.5.RELEASE]
	at org.springframework.web.servlet.FrameworkServlet.processRequest(FrameworkServlet.java:1006) ~[spring-webmvc-5.2.5.RELEASE.jar:5.2.5.RELEASE]
	... 56 more
2020-05-11 15:26:00.518 [http-nio-8080-exec-1] ERROR [org.apache.catalina.core.ContainerBase.[Tomcat].[localhost].[/].[dispatcherServlet]:175] [,] - Servlet.service() for servlet [dispatcherServlet] in context with path [] threw exception [Request processing failed; nested exception is org.thymeleaf.exceptions.TemplateProcessingException: Exception evaluating SpringEL expression: "session.user.getAccountId()" (template: "admin/project_list" - line 73, col 23)] with root cause
org.springframework.expression.spel.SpelEvaluationException: EL1011E: Method call: Attempted to call method getAccountId() on null context object
	at org.springframework.expression.spel.ast.MethodReference.throwIfNotNullSafe(MethodReference.java:154) ~[spring-expression-5.2.5.RELEASE.jar:5.2.5.RELEASE]
	at org.springframework.expression.spel.ast.MethodReference.getValueRef(MethodReference.java:83) ~[spring-expression-5.2.5.RELEASE.jar:5.2.5.RELEASE]
	at org.springframework.expression.spel.ast.CompoundExpression.getValueRef(CompoundExpression.java:70) ~[spring-expression-5.2.5.RELEASE.jar:5.2.5.RELEASE]
	at org.springframework.expression.spel.ast.CompoundExpression.getValueInternal(CompoundExpression.java:91) ~[spring-expression-5.2.5.RELEASE.jar:5.2.5.RELEASE]
	at org.springframework.expression.spel.ast.SpelNodeImpl.getValue(SpelNodeImpl.java:112) ~[spring-expression-5.2.5.RELEASE.jar:5.2.5.RELEASE]
	at org.springframework.expression.spel.standard.SpelExpression.getValue(SpelExpression.java:337) ~[spring-expression-5.2.5.RELEASE.jar:5.2.5.RELEASE]
	at org.thymeleaf.spring5.expression.SPELVariableExpressionEvaluator.evaluate(SPELVariableExpressionEvaluator.java:263) ~[thymeleaf-spring5-3.0.11.RELEASE.jar:3.0.11.RELEASE]
	at org.thymeleaf.standard.expression.VariableExpression.executeVariableExpression(VariableExpression.java:166) ~[thymeleaf-3.0.11.RELEASE.jar:3.0.11.RELEASE]
	at org.thymeleaf.standard.expression.SimpleExpression.executeSimple(SimpleExpression.java:66) ~[thymeleaf-3.0.11.RELEASE.jar:3.0.11.RELEASE]
	at org.thymeleaf.standard.expression.Expression.execute(Expression.java:109) ~[thymeleaf-3.0.11.RELEASE.jar:3.0.11.RELEASE]
	at org.thymeleaf.standard.expression.Expression.execute(Expression.java:138) ~[thymeleaf-3.0.11.RELEASE.jar:3.0.11.RELEASE]
	at org.thymeleaf.standard.processor.AbstractStandardExpressionAttributeTagProcessor.doProcess(AbstractStandardExpressionAttributeTagProcessor.java:144) ~[thymeleaf-3.0.11.RELEASE.jar:3.0.11.RELEASE]
	at org.thymeleaf.processor.element.AbstractAttributeTagProcessor.doProcess(AbstractAttributeTagProcessor.java:74) ~[thymeleaf-3.0.11.RELEASE.jar:3.0.11.RELEASE]
	at org.thymeleaf.processor.element.AbstractElementTagProcessor.process(AbstractElementTagProcessor.java:95) ~[thymeleaf-3.0.11.RELEASE.jar:3.0.11.RELEASE]
	at org.thymeleaf.util.ProcessorConfigurationUtils$ElementTagProcessorWrapper.process(ProcessorConfigurationUtils.java:633) ~[thymeleaf-3.0.11.RELEASE.jar:3.0.11.RELEASE]
	at org.thymeleaf.engine.ProcessorTemplateHandler.handleOpenElement(ProcessorTemplateHandler.java:1314) ~[thymeleaf-3.0.11.RELEASE.jar:3.0.11.RELEASE]
	at org.thymeleaf.engine.OpenElementTag.beHandled(OpenElementTag.java:205) ~[thymeleaf-3.0.11.RELEASE.jar:3.0.11.RELEASE]
	at org.thymeleaf.engine.TemplateModel.process(TemplateModel.java:136) ~[thymeleaf-3.0.11.RELEASE.jar:3.0.11.RELEASE]
	at org.thymeleaf.engine.TemplateManager.parseAndProcess(TemplateManager.java:661) ~[thymeleaf-3.0.11.RELEASE.jar:3.0.11.RELEASE]
	at org.thymeleaf.TemplateEngine.process(TemplateEngine.java:1098) ~[thymeleaf-3.0.11.RELEASE.jar:3.0.11.RELEASE]
	at org.thymeleaf.TemplateEngine.process(TemplateEngine.java:1072) ~[thymeleaf-3.0.11.RELEASE.jar:3.0.11.RELEASE]
	at org.thymeleaf.spring5.view.ThymeleafView.renderFragment(ThymeleafView.java:362) ~[thymeleaf-spring5-3.0.11.RELEASE.jar:3.0.11.RELEASE]
	at org.thymeleaf.spring5.view.ThymeleafView.render(ThymeleafView.java:189) ~[thymeleaf-spring5-3.0.11.RELEASE.jar:3.0.11.RELEASE]
	at org.springframework.web.servlet.DispatcherServlet.render(DispatcherServlet.java:1373) ~[spring-webmvc-5.2.5.RELEASE.jar:5.2.5.RELEASE]
	at org.springframework.web.servlet.DispatcherServlet.processDispatchResult(DispatcherServlet.java:1118) ~[spring-webmvc-5.2.5.RELEASE.jar:5.2.5.RELEASE]
	at org.springframework.web.servlet.DispatcherServlet.doDispatch(DispatcherServlet.java:1057) ~[spring-webmvc-5.2.5.RELEASE.jar:5.2.5.RELEASE]
	at org.springframework.web.servlet.DispatcherServlet.doService(DispatcherServlet.java:943) ~[spring-webmvc-5.2.5.RELEASE.jar:5.2.5.RELEASE]
	at org.springframework.web.servlet.FrameworkServlet.processRequest(FrameworkServlet.java:1006) ~[spring-webmvc-5.2.5.RELEASE.jar:5.2.5.RELEASE]
	at org.springframework.web.servlet.FrameworkServlet.doGet(FrameworkServlet.java:898) ~[spring-webmvc-5.2.5.RELEASE.jar:5.2.5.RELEASE]
	at javax.servlet.http.HttpServlet.service(HttpServlet.java:634) ~[tomcat-embed-core-9.0.33.jar:9.0.33]
	at org.springframework.web.servlet.FrameworkServlet.service(FrameworkServlet.java:883) ~[spring-webmvc-5.2.5.RELEASE.jar:5.2.5.RELEASE]
	at javax.servlet.http.HttpServlet.service(HttpServlet.java:741) ~[tomcat-embed-core-9.0.33.jar:9.0.33]
	at org.apache.catalina.core.ApplicationFilterChain.internalDoFilter(ApplicationFilterChain.java:231) ~[tomcat-embed-core-9.0.33.jar:9.0.33]
	at org.apache.catalina.core.ApplicationFilterChain.doFilter(ApplicationFilterChain.java:166) ~[tomcat-embed-core-9.0.33.jar:9.0.33]
	at org.apache.tomcat.websocket.server.WsFilter.doFilter(WsFilter.java:53) ~[tomcat-embed-websocket-9.0.33.jar:9.0.33]
	at org.apache.catalina.core.ApplicationFilterChain.internalDoFilter(ApplicationFilterChain.java:193) ~[tomcat-embed-core-9.0.33.jar:9.0.33]
	at org.apache.catalina.core.ApplicationFilterChain.doFilter(ApplicationFilterChain.java:166) ~[tomcat-embed-core-9.0.33.jar:9.0.33]
	at brave.servlet.TracingFilter.doFilter(TracingFilter.java:67) ~[brave-instrumentation-servlet-5.10.1.jar:?]
	at org.apache.catalina.core.ApplicationFilterChain.internalDoFilter(ApplicationFilterChain.java:193) ~[tomcat-embed-core-9.0.33.jar:9.0.33]
	at org.apache.catalina.core.ApplicationFilterChain.doFilter(ApplicationFilterChain.java:166) ~[tomcat-embed-core-9.0.33.jar:9.0.33]
	at org.zalando.logbook.servlet.NormalStrategy.doFilter(NormalStrategy.java:41) ~[logbook-servlet-1.13.0.jar:?]
	at org.zalando.logbook.servlet.LogbookFilter.doFilter(LogbookFilter.java:39) ~[logbook-servlet-1.13.0.jar:?]
	at org.zalando.logbook.servlet.HttpFilter.doFilter(HttpFilter.java:31) ~[logbook-servlet-1.13.0.jar:?]
	at org.apache.catalina.core.ApplicationFilterChain.internalDoFilter(ApplicationFilterChain.java:193) ~[tomcat-embed-core-9.0.33.jar:9.0.33]
	at org.apache.catalina.core.ApplicationFilterChain.doFilter(ApplicationFilterChain.java:166) ~[tomcat-embed-core-9.0.33.jar:9.0.33]
	at org.springframework.web.filter.RequestContextFilter.doFilterInternal(RequestContextFilter.java:100) ~[spring-web-5.2.5.RELEASE.jar:5.2.5.RELEASE]
	at org.springframework.web.filter.OncePerRequestFilter.doFilter(OncePerRequestFilter.java:119) ~[spring-web-5.2.5.RELEASE.jar:5.2.5.RELEASE]
	at org.apache.catalina.core.ApplicationFilterChain.internalDoFilter(ApplicationFilterChain.java:193) ~[tomcat-embed-core-9.0.33.jar:9.0.33]
	at org.apache.catalina.core.ApplicationFilterChain.doFilter(ApplicationFilterChain.java:166) ~[tomcat-embed-core-9.0.33.jar:9.0.33]
	at org.springframework.web.filter.FormContentFilter.doFilterInternal(FormContentFilter.java:93) ~[spring-web-5.2.5.RELEASE.jar:5.2.5.RELEASE]
	at org.springframework.web.filter.OncePerRequestFilter.doFilter(OncePerRequestFilter.java:119) ~[spring-web-5.2.5.RELEASE.jar:5.2.5.RELEASE]
	at org.apache.catalina.core.ApplicationFilterChain.internalDoFilter(ApplicationFilterChain.java:193) ~[tomcat-embed-core-9.0.33.jar:9.0.33]
	at org.apache.catalina.core.ApplicationFilterChain.doFilter(ApplicationFilterChain.java:166) ~[tomcat-embed-core-9.0.33.jar:9.0.33]
	at org.springframework.cloud.sleuth.instrument.web.ExceptionLoggingFilter.doFilter(ExceptionLoggingFilter.java:50) ~[spring-cloud-sleuth-core-2.2.2.RELEASE.jar:2.2.2.RELEASE]
	at org.apache.catalina.core.ApplicationFilterChain.internalDoFilter(ApplicationFilterChain.java:193) ~[tomcat-embed-core-9.0.33.jar:9.0.33]
	at org.apache.catalina.core.ApplicationFilterChain.doFilter(ApplicationFilterChain.java:166) ~[tomcat-embed-core-9.0.33.jar:9.0.33]
	at brave.servlet.TracingFilter.doFilter(TracingFilter.java:84) ~[brave-instrumentation-servlet-5.10.1.jar:?]
	at org.springframework.cloud.sleuth.instrument.web.LazyTracingFilter.doFilter(TraceWebServletAutoConfiguration.java:138) ~[spring-cloud-sleuth-core-2.2.2.RELEASE.jar:2.2.2.RELEASE]
	at org.apache.catalina.core.ApplicationFilterChain.internalDoFilter(ApplicationFilterChain.java:193) ~[tomcat-embed-core-9.0.33.jar:9.0.33]
	at org.apache.catalina.core.ApplicationFilterChain.doFilter(ApplicationFilterChain.java:166) ~[tomcat-embed-core-9.0.33.jar:9.0.33]
	at org.springframework.boot.actuate.metrics.web.servlet.WebMvcMetricsFilter.doFilterInternal(WebMvcMetricsFilter.java:109) ~[spring-boot-actuator-2.2.6.RELEASE.jar:2.2.6.RELEASE]
	at org.springframework.web.filter.OncePerRequestFilter.doFilter(OncePerRequestFilter.java:119) ~[spring-web-5.2.5.RELEASE.jar:5.2.5.RELEASE]
	at org.apache.catalina.core.ApplicationFilterChain.internalDoFilter(ApplicationFilterChain.java:193) ~[tomcat-embed-core-9.0.33.jar:9.0.33]
	at org.apache.catalina.core.ApplicationFilterChain.doFilter(ApplicationFilterChain.java:166) ~[tomcat-embed-core-9.0.33.jar:9.0.33]
	at org.springframework.web.filter.CharacterEncodingFilter.doFilterInternal(CharacterEncodingFilter.java:201) ~[spring-web-5.2.5.RELEASE.jar:5.2.5.RELEASE]
	at org.springframework.web.filter.OncePerRequestFilter.doFilter(OncePerRequestFilter.java:119) ~[spring-web-5.2.5.RELEASE.jar:5.2.5.RELEASE]
	at org.apache.catalina.core.ApplicationFilterChain.internalDoFilter(ApplicationFilterChain.java:193) ~[tomcat-embed-core-9.0.33.jar:9.0.33]
	at org.apache.catalina.core.ApplicationFilterChain.doFilter(ApplicationFilterChain.java:166) ~[tomcat-embed-core-9.0.33.jar:9.0.33]
	at org.apache.catalina.core.StandardWrapperValve.invoke(StandardWrapperValve.java:202) ~[tomcat-embed-core-9.0.33.jar:9.0.33]
	at org.apache.catalina.core.StandardContextValve.invoke(StandardContextValve.java:96) ~[tomcat-embed-core-9.0.33.jar:9.0.33]
	at org.apache.catalina.authenticator.AuthenticatorBase.invoke(AuthenticatorBase.java:541) ~[tomcat-embed-core-9.0.33.jar:9.0.33]
	at org.apache.catalina.core.StandardHostValve.invoke(StandardHostValve.java:139) ~[tomcat-embed-core-9.0.33.jar:9.0.33]
	at org.apache.catalina.valves.ErrorReportValve.invoke(ErrorReportValve.java:92) ~[tomcat-embed-core-9.0.33.jar:9.0.33]
	at org.apache.catalina.core.StandardEngineValve.invoke(StandardEngineValve.java:74) ~[tomcat-embed-core-9.0.33.jar:9.0.33]
	at org.apache.catalina.connector.CoyoteAdapter.service(CoyoteAdapter.java:343) ~[tomcat-embed-core-9.0.33.jar:9.0.33]
	at org.apache.coyote.http11.Http11Processor.service(Http11Processor.java:373) ~[tomcat-embed-core-9.0.33.jar:9.0.33]
	at org.apache.coyote.AbstractProcessorLight.process(AbstractProcessorLight.java:65) ~[tomcat-embed-core-9.0.33.jar:9.0.33]
	at org.apache.coyote.AbstractProtocol$ConnectionHandler.process(AbstractProtocol.java:868) ~[tomcat-embed-core-9.0.33.jar:9.0.33]
	at org.apache.tomcat.util.net.NioEndpoint$SocketProcessor.doRun(NioEndpoint.java:1594) ~[tomcat-embed-core-9.0.33.jar:9.0.33]
	at org.apache.tomcat.util.net.SocketProcessorBase.run(SocketProcessorBase.java:49) ~[tomcat-embed-core-9.0.33.jar:9.0.33]
	at java.util.concurrent.ThreadPoolExecutor.runWorker(ThreadPoolExecutor.java:1142) ~[?:1.8.0_121]
	at java.util.concurrent.ThreadPoolExecutor$Worker.run(ThreadPoolExecutor.java:617) ~[?:1.8.0_121]
	at org.apache.tomcat.util.threads.TaskThread$WrappingRunnable.run(TaskThread.java:61) ~[tomcat-embed-core-9.0.33.jar:9.0.33]
	at java.lang.Thread.run(Thread.java:745) [?:1.8.0_121]
2020-05-11 15:26:01.066 [PollingServerListUpdater-0] INFO  [com.netflix.config.ChainedDynamicProperty:115] [,] - Flipping property: backstage.ribbon.ActiveConnectionsLimit to use NEXT property: niws.loadbalancer.availabilityFilteringRule.activeConnectionsLimit = 2147483647
2020-05-11 15:26:46.197 [http-nio-8080-exec-9] INFO  [com.hzu.community.api.utils.Rests:77] [e073ff3ea22a5ccd,e073ff3ea22a5ccd] - result=RestResponse [code=0, msg=OK, result=7]
2020-05-11 15:26:46.218 [http-nio-8080-exec-9] INFO  [com.hzu.community.api.utils.Rests:77] [e073ff3ea22a5ccd,e073ff3ea22a5ccd] - result=RestResponse [code=0, msg=OK, result=2]
2020-05-11 15:26:46.242 [http-nio-8080-exec-9] INFO  [com.hzu.community.api.utils.Rests:77] [e073ff3ea22a5ccd,e073ff3ea22a5ccd] - result=RestResponse [code=0, msg=OK, result=[User(id=1, name=陈晓跃, age=null, pwd=null, token=null, avatarUrl=null, accountId=null, phone=15217847453, email=null, aboutme=null, passwd=123, confirmPasswd=null, type=null, avatar=null, createTime=Fri Mar 20 08:00:00 CST 2020, enable=1, avatarFile=null, newPasswd=null, key=null, companyId=null, enableUrl=null), User(id=2, name=王德辉, age=null, pwd=null, token=null, avatarUrl=null, accountId=null, phone=15217817350, email=null, aboutme=null, passwd=123, confirmPasswd=null, type=null, avatar=null, createTime=Fri Mar 20 08:00:00 CST 2020, enable=1, avatarFile=null, newPasswd=null, key=null, companyId=null, enableUrl=null)]]
2020-05-11 15:26:52.521 [http-nio-8080-exec-10] INFO  [com.hzu.community.api.utils.Rests:77] [68145dc8d65314d2,68145dc8d65314d2] - result=RestResponse [code=0, msg=OK, result=7]
2020-05-11 15:26:52.540 [http-nio-8080-exec-10] INFO  [com.hzu.community.api.utils.Rests:77] [68145dc8d65314d2,68145dc8d65314d2] - result=RestResponse [code=0, msg=OK, result=2]
2020-05-11 15:26:52.557 [http-nio-8080-exec-10] INFO  [com.hzu.community.api.utils.Rests:77] [68145dc8d65314d2,68145dc8d65314d2] - result=RestResponse [code=0, msg=OK, result=[Project{id=1, type=1, price=20000, name='微信小程序公众号研发', images='null', recruitment=4, degree='null', language='null', rating=null, remarks='null', properties='null', tags='null', createTime=null, cityId=null, areaId=null, address='null', firstImg='null', imageList=[], projectFiles=null, userId=null, bookmarked=false, state=0, ids=null}, Project{id=2, type=3, price=1700, name='电影小说马甲包', images='null', recruitment=3, degree='null', language='null', rating=null, remarks='null', properties='null', tags='null', createTime=null, cityId=null, areaId=null, address='null', firstImg='null', imageList=[], projectFiles=null, userId=null, bookmarked=false, state=1, ids=null}]]
2020-05-11 15:26:56.926 [http-nio-8080-exec-2] INFO  [com.hzu.community.api.utils.Rests:77] [5bfd5dec7ef0193c,5bfd5dec7ef0193c] - result=RestResponse [code=0, msg=OK, result=7]
2020-05-11 15:26:56.943 [http-nio-8080-exec-2] INFO  [com.hzu.community.api.utils.Rests:77] [5bfd5dec7ef0193c,5bfd5dec7ef0193c] - result=RestResponse [code=0, msg=OK, result=2]
2020-05-11 15:26:56.955 [http-nio-8080-exec-2] INFO  [com.hzu.community.api.utils.Rests:77] [5bfd5dec7ef0193c,5bfd5dec7ef0193c] - result=RestResponse [code=0, msg=OK, result=[Project{id=1, type=1, price=20000, name='微信小程序公众号研发', images='null', recruitment=4, degree='null', language='null', rating=null, remarks='null', properties='null', tags='null', createTime=null, cityId=null, areaId=null, address='null', firstImg='null', imageList=[], projectFiles=null, userId=null, bookmarked=false, state=0, ids=null}, Project{id=2, type=3, price=1700, name='电影小说马甲包', images='null', recruitment=3, degree='null', language='null', rating=null, remarks='null', properties='null', tags='null', createTime=null, cityId=null, areaId=null, address='null', firstImg='null', imageList=[], projectFiles=null, userId=null, bookmarked=false, state=1, ids=null}]]
2020-05-11 15:26:58.611 [http-nio-8080-exec-3] INFO  [com.hzu.community.api.utils.Rests:77] [d9a76bac2e8f673e,d9a76bac2e8f673e] - result=RestResponse [code=0, msg=OK, result=7]
2020-05-11 15:26:58.625 [http-nio-8080-exec-3] INFO  [com.hzu.community.api.utils.Rests:77] [d9a76bac2e8f673e,d9a76bac2e8f673e] - result=RestResponse [code=0, msg=OK, result=2]
2020-05-11 15:26:58.635 [http-nio-8080-exec-3] INFO  [com.hzu.community.api.utils.Rests:77] [d9a76bac2e8f673e,d9a76bac2e8f673e] - result=RestResponse [code=0, msg=OK, result=[Project{id=1, type=1, price=20000, name='微信小程序公众号研发', images='null', recruitment=4, degree='null', language='null', rating=null, remarks='null', properties='null', tags='null', createTime=null, cityId=null, areaId=null, address='null', firstImg='null', imageList=[], projectFiles=null, userId=null, bookmarked=false, state=0, ids=null}, Project{id=2, type=3, price=1700, name='电影小说马甲包', images='null', recruitment=3, degree='null', language='null', rating=null, remarks='null', properties='null', tags='null', createTime=null, cityId=null, areaId=null, address='null', firstImg='null', imageList=[], projectFiles=null, userId=null, bookmarked=false, state=1, ids=null}]]
2020-05-11 15:27:31.710 [http-nio-8080-exec-5] INFO  [com.hzu.community.api.utils.Rests:77] [1348784c0dcc807a,1348784c0dcc807a] - result=RestResponse [code=0, msg=OK, result=7]
2020-05-11 15:27:31.727 [http-nio-8080-exec-5] INFO  [com.hzu.community.api.utils.Rests:77] [1348784c0dcc807a,1348784c0dcc807a] - result=RestResponse [code=0, msg=OK, result=1]
2020-05-11 15:27:31.743 [http-nio-8080-exec-5] INFO  [com.hzu.community.api.utils.Rests:77] [1348784c0dcc807a,1348784c0dcc807a] - result=RestResponse [code=0, msg=OK, result=[UserMsg(id=1, msg=cs, userId=null, createTime=Wed Apr 22 08:00:00 CST 2020, agentId=1, projectId=1, email=123@qq.com, userName=chen)]]
2020-05-11 15:29:03.532 [http-nio-8080-exec-8] INFO  [com.hzu.community.api.utils.Rests:77] [f75e6c185abff376,f75e6c185abff376] - result=RestResponse [code=0, msg=OK, result=7]
2020-05-11 15:29:03.548 [http-nio-8080-exec-8] INFO  [com.hzu.community.api.utils.Rests:77] [f75e6c185abff376,f75e6c185abff376] - result=RestResponse [code=0, msg=OK, result=1]
2020-05-11 15:29:03.569 [http-nio-8080-exec-8] INFO  [com.hzu.community.api.utils.Rests:77] [f75e6c185abff376,f75e6c185abff376] - result=RestResponse [code=0, msg=OK, result=[Company(id=2, name=小米, address=null, phone=172178908798, email=xiaomi@xiaomi.com, about_us=null, mobile=null, type=1, webSite=https://www.mi.com)]]
2020-05-11 15:29:07.567 [http-nio-8080-exec-9] INFO  [com.hzu.community.api.utils.Rests:77] [7a3ad547ae358023,7a3ad547ae358023] - result=RestResponse [code=0, msg=OK, result=7]
2020-05-11 15:29:07.582 [http-nio-8080-exec-9] INFO  [com.hzu.community.api.utils.Rests:77] [7a3ad547ae358023,7a3ad547ae358023] - result=RestResponse [code=0, msg=OK, result=1]
2020-05-11 15:29:07.592 [http-nio-8080-exec-9] INFO  [com.hzu.community.api.utils.Rests:77] [7a3ad547ae358023,7a3ad547ae358023] - result=RestResponse [code=0, msg=OK, result=[UserMsg(id=1, msg=cs, userId=null, createTime=Wed Apr 22 08:00:00 CST 2020, agentId=1, projectId=1, email=123@qq.com, userName=chen)]]
2020-05-11 15:30:46.294 [AsyncResolver-bootstrap-executor-0] INFO  [com.netflix.discovery.shared.resolver.aws.ConfigClusterResolver:43] [,] - Resolving eureka endpoints via configuration
2020-05-11 15:32:56.940 [http-nio-8080-exec-2] INFO  [com.hzu.community.api.utils.Rests:77] [b82b09ac9b85e2d0,b82b09ac9b85e2d0] - result=RestResponse [code=0, msg=OK, result=7]
2020-05-11 15:32:56.955 [http-nio-8080-exec-2] INFO  [com.hzu.community.api.utils.Rests:77] [b82b09ac9b85e2d0,b82b09ac9b85e2d0] - result=RestResponse [code=0, msg=OK, result=1]
2020-05-11 15:32:56.969 [http-nio-8080-exec-2] INFO  [com.hzu.community.api.utils.Rests:77] [b82b09ac9b85e2d0,b82b09ac9b85e2d0] - result=RestResponse [code=0, msg=OK, result=[Company(id=2, name=小米, address=null, phone=172178908798, email=xiaomi@xiaomi.com, about_us=null, mobile=null, type=1, webSite=https://www.mi.com)]]
2020-05-11 15:35:46.295 [AsyncResolver-bootstrap-executor-0] INFO  [com.netflix.discovery.shared.resolver.aws.ConfigClusterResolver:43] [,] - Resolving eureka endpoints via configuration
2020-05-11 15:40:30.300 [http-nio-8080-exec-5] INFO  [com.hzu.community.api.utils.Rests:77] [cb7c4e829f95135a,cb7c4e829f95135a] - result=RestResponse [code=0, msg=OK, result=7]
2020-05-11 15:40:30.315 [http-nio-8080-exec-5] INFO  [com.hzu.community.api.utils.Rests:77] [cb7c4e829f95135a,cb7c4e829f95135a] - result=RestResponse [code=0, msg=OK, result=2]
2020-05-11 15:40:30.329 [http-nio-8080-exec-5] INFO  [com.hzu.community.api.utils.Rests:77] [cb7c4e829f95135a,cb7c4e829f95135a] - result=RestResponse [code=0, msg=OK, result=[User(id=1, name=陈晓跃, age=null, pwd=null, token=null, avatarUrl=null, accountId=null, phone=15217847453, email=, aboutme=, passwd=123, confirmPasswd=null, type=0, avatar=, createTime=Fri Mar 20 08:00:00 CST 2020, enable=1, avatarFile=null, newPasswd=null, key=null, companyId=0, enableUrl=null), User(id=2, name=王德辉, age=null, pwd=null, token=null, avatarUrl=null, accountId=null, phone=15217817350, email=, aboutme=, passwd=123, confirmPasswd=null, type=0, avatar=, createTime=Fri Mar 20 08:00:00 CST 2020, enable=1, avatarFile=null, newPasswd=null, key=null, companyId=0, enableUrl=null)]]
2020-05-11 15:40:46.297 [AsyncResolver-bootstrap-executor-0] INFO  [com.netflix.discovery.shared.resolver.aws.ConfigClusterResolver:43] [,] - Resolving eureka endpoints via configuration
2020-05-11 15:45:46.301 [AsyncResolver-bootstrap-executor-0] INFO  [com.netflix.discovery.shared.resolver.aws.ConfigClusterResolver:43] [,] - Resolving eureka endpoints via configuration
2020-05-11 15:50:46.303 [AsyncResolver-bootstrap-executor-0] INFO  [com.netflix.discovery.shared.resolver.aws.ConfigClusterResolver:43] [,] - Resolving eureka endpoints via configuration
2020-05-11 15:53:03.556 [http-nio-8080-exec-8] INFO  [com.hzu.community.api.utils.Rests:77] [4516787a428f0121,4516787a428f0121] - result=RestResponse [code=0, msg=OK, result=7]
2020-05-11 15:53:03.573 [http-nio-8080-exec-8] INFO  [com.hzu.community.api.utils.Rests:77] [4516787a428f0121,4516787a428f0121] - result=RestResponse [code=0, msg=OK, result=1]
2020-05-11 15:53:03.594 [http-nio-8080-exec-8] INFO  [com.hzu.community.api.utils.Rests:77] [4516787a428f0121,4516787a428f0121] - result=RestResponse [code=0, msg=OK, result=[Company(id=2, name=小米, address=null, phone=172178908798, email=xiaomi@xiaomi.com, about_us=null, mobile=null, type=1, webSite=https://www.mi.com)]]
2020-05-11 15:53:29.757 [http-nio-8080-exec-10] INFO  [com.hzu.community.api.utils.Rests:77] [df99db0398830482,df99db0398830482] - result=RestResponse [code=0, msg=OK, result=7]
2020-05-11 15:53:29.771 [http-nio-8080-exec-10] INFO  [com.hzu.community.api.utils.Rests:77] [df99db0398830482,df99db0398830482] - result=RestResponse [code=0, msg=OK, result=1]
2020-05-11 15:53:29.785 [http-nio-8080-exec-10] INFO  [com.hzu.community.api.utils.Rests:77] [df99db0398830482,df99db0398830482] - result=RestResponse [code=0, msg=OK, result=[Company(id=2, name=小米, address=null, phone=172178908798, email=xiaomi@xiaomi.com, about_us=null, mobile=null, type=1, webSite=https://www.mi.com)]]
2020-05-11 15:53:30.992 [http-nio-8080-exec-1] INFO  [com.hzu.community.api.utils.Rests:77] [a1f00880214ae8af,a1f00880214ae8af] - result=RestResponse [code=0, msg=OK, result=7]
2020-05-11 15:53:31.004 [http-nio-8080-exec-1] INFO  [com.hzu.community.api.utils.Rests:77] [a1f00880214ae8af,a1f00880214ae8af] - result=RestResponse [code=0, msg=OK, result=1]
2020-05-11 15:53:31.020 [http-nio-8080-exec-1] INFO  [com.hzu.community.api.utils.Rests:77] [a1f00880214ae8af,a1f00880214ae8af] - result=RestResponse [code=0, msg=OK, result=[Company(id=2, name=小米, address=null, phone=172178908798, email=xiaomi@xiaomi.com, about_us=null, mobile=null, type=1, webSite=https://www.mi.com)]]
2020-05-11 15:55:46.305 [AsyncResolver-bootstrap-executor-0] INFO  [com.netflix.discovery.shared.resolver.aws.ConfigClusterResolver:43] [,] - Resolving eureka endpoints via configuration
