2020-04-25 20:45:47.120 [http-nio-8023-exec-2] ERROR [org.apache.catalina.core.ContainerBase.[Tomcat-1].[localhost].[/].[hystrix.stream-actuator-endpoint]:175] [,] - Servlet.service() for servlet [hystrix.stream-actuator-endpoint] in context with path [] threw exception
java.lang.IllegalArgumentException: null
	at java.nio.Buffer.position(Buffer.java:244) ~[?:1.8.0_121]
	at org.apache.tomcat.util.net.SocketBufferHandler.setWriteBufferConfiguredForWrite(SocketBufferHandler.java:166) ~[tomcat-embed-core-9.0.33.jar:9.0.33]
	at org.apache.tomcat.util.net.SocketBufferHandler.configureWriteBufferForWrite(SocketBufferHandler.java:147) ~[tomcat-embed-core-9.0.33.jar:9.0.33]
	at org.apache.tomcat.util.net.SocketWrapperBase.writeBlocking(SocketWrapperBase.java:557) ~[tomcat-embed-core-9.0.33.jar:9.0.33]
	at org.apache.tomcat.util.net.SocketWrapperBase.write(SocketWrapperBase.java:504) ~[tomcat-embed-core-9.0.33.jar:9.0.33]
	at org.apache.coyote.http11.Http11OutputBuffer$SocketOutputBuffer.doWrite(Http11OutputBuffer.java:538) ~[tomcat-embed-core-9.0.33.jar:9.0.33]
	at org.apache.coyote.http11.filters.ChunkedOutputFilter.doWrite(ChunkedOutputFilter.java:110) ~[tomcat-embed-core-9.0.33.jar:9.0.33]
	at org.apache.coyote.http11.Http11OutputBuffer.doWrite(Http11OutputBuffer.java:190) ~[tomcat-embed-core-9.0.33.jar:9.0.33]
	at org.apache.coyote.Response.doWrite(Response.java:601) ~[tomcat-embed-core-9.0.33.jar:9.0.33]
	at org.apache.catalina.connector.OutputBuffer.realWriteBytes(OutputBuffer.java:339) ~[tomcat-embed-core-9.0.33.jar:9.0.33]
	at org.apache.catalina.connector.OutputBuffer.flushByteBuffer(OutputBuffer.java:776) ~[tomcat-embed-core-9.0.33.jar:9.0.33]
	at org.apache.catalina.connector.OutputBuffer.doFlush(OutputBuffer.java:298) ~[tomcat-embed-core-9.0.33.jar:9.0.33]
	at org.apache.catalina.connector.OutputBuffer.flush(OutputBuffer.java:272) ~[tomcat-embed-core-9.0.33.jar:9.0.33]
	at org.apache.catalina.connector.CoyoteWriter.flush(CoyoteWriter.java:94) ~[tomcat-embed-core-9.0.33.jar:9.0.33]
	at org.apache.catalina.connector.CoyoteWriter.checkError(CoyoteWriter.java:119) ~[tomcat-embed-core-9.0.33.jar:9.0.33]
	at com.netflix.hystrix.contrib.sample.stream.HystrixSampleSseServlet.handleRequest(HystrixSampleSseServlet.java:165) ~[hystrix-metrics-event-stream-1.5.18.jar:1.5.18]
	at com.netflix.hystrix.contrib.sample.stream.HystrixSampleSseServlet.doGet(HystrixSampleSseServlet.java:74) ~[hystrix-metrics-event-stream-1.5.18.jar:1.5.18]
	at javax.servlet.http.HttpServlet.service(HttpServlet.java:634) ~[tomcat-embed-core-9.0.33.jar:9.0.33]
	at javax.servlet.http.HttpServlet.service(HttpServlet.java:741) ~[tomcat-embed-core-9.0.33.jar:9.0.33]
	at org.apache.catalina.core.ApplicationFilterChain.internalDoFilter(ApplicationFilterChain.java:231) ~[tomcat-embed-core-9.0.33.jar:9.0.33]
	at org.apache.catalina.core.ApplicationFilterChain.doFilter(ApplicationFilterChain.java:166) ~[tomcat-embed-core-9.0.33.jar:9.0.33]
	at org.apache.catalina.core.StandardWrapperValve.invoke(StandardWrapperValve.java:202) ~[tomcat-embed-core-9.0.33.jar:9.0.33]
	at org.apache.catalina.core.StandardContextValve.invoke(StandardContextValve.java:96) ~[tomcat-embed-core-9.0.33.jar:9.0.33]
	at org.apache.catalina.authenticator.AuthenticatorBase.invoke(AuthenticatorBase.java:541) ~[tomcat-embed-core-9.0.33.jar:9.0.33]
	at org.apache.catalina.core.StandardHostValve.invoke(StandardHostValve.java:139) ~[tomcat-embed-core-9.0.33.jar:9.0.33]
	at org.apache.catalina.valves.ErrorReportValve.invoke(ErrorReportValve.java:92) ~[tomcat-embed-core-9.0.33.jar:9.0.33]
	at org.apache.catalina.core.StandardEngineValve.invoke(StandardEngineValve.java:74) ~[tomcat-embed-core-9.0.33.jar:9.0.33]
	at org.apache.catalina.connector.CoyoteAdapter.service(CoyoteAdapter.java:343) ~[tomcat-embed-core-9.0.33.jar:9.0.33]
	at org.apache.coyote.http11.Http11Processor.service(Http11Processor.java:373) ~[tomcat-embed-core-9.0.33.jar:9.0.33]
	at org.apache.coyote.AbstractProcessorLight.process(AbstractProcessorLight.java:65) ~[tomcat-embed-core-9.0.33.jar:9.0.33]
	at org.apache.coyote.AbstractProtocol$ConnectionHandler.process(AbstractProtocol.java:868) ~[tomcat-embed-core-9.0.33.jar:9.0.33]
	at org.apache.tomcat.util.net.NioEndpoint$SocketProcessor.doRun(NioEndpoint.java:1594) ~[tomcat-embed-core-9.0.33.jar:9.0.33]
	at org.apache.tomcat.util.net.SocketProcessorBase.run(SocketProcessorBase.java:49) ~[tomcat-embed-core-9.0.33.jar:9.0.33]
	at java.util.concurrent.ThreadPoolExecutor.runWorker(ThreadPoolExecutor.java:1142) ~[?:1.8.0_121]
	at java.util.concurrent.ThreadPoolExecutor$Worker.run(ThreadPoolExecutor.java:617) ~[?:1.8.0_121]
	at org.apache.tomcat.util.threads.TaskThread$WrappingRunnable.run(TaskThread.java:61) ~[tomcat-embed-core-9.0.33.jar:9.0.33]
	at java.lang.Thread.run(Thread.java:745) [?:1.8.0_121]
