2020-05-10 23:07:39.614 [main] WARN  [org.springframework.boot.actuate.endpoint.EndpointId:155] [,] - Endpoint ID 'hystrix.stream' contains invalid characters, please migrate to a valid format.
2020-05-10 23:07:40.549 [main] WARN  [org.springframework.boot.actuate.endpoint.EndpointId:155] [,] - Endpoint ID 'service-registry' contains invalid characters, please migrate to a valid format.
2020-05-10 23:07:42.617 [main] WARN  [com.netflix.config.sources.URLConfigurationSource:121] [,] - No URLs will be polled as dynamic configuration sources.
2020-05-10 23:07:43.781 [main] WARN  [org.springframework.cloud.sleuth.zipkin2.ZipkinAutoConfiguration:114] [,] - Check result of the [AsyncReporter{org.springframework.cloud.sleuth.zipkin2.sender.RestTemplateSender@1a21f43f}] contains an error [CheckResult{ok=false, error=org.springframework.web.client.ResourceAccessException: I/O error on POST request for "http://localhost:9411/api/v2/spans": connect timed out; nested exception is java.net.SocketTimeoutException: connect timed out}]
2020-05-10 23:07:45.228 [main] WARN  [com.netflix.config.sources.URLConfigurationSource:121] [,] - No URLs will be polled as dynamic configuration sources.
2020-05-10 23:07:47.298 [main] WARN  [org.springframework.cloud.loadbalancer.config.BlockingLoadBalancerClientAutoConfiguration$BlockingLoadBalancerClientRibbonWarnLogger:86] [,] - You already have RibbonLoadBalancerClient on your classpath. It will be used by default. As Spring Cloud Ribbon is in maintenance mode. We recommend switching to BlockingLoadBalancerClient instead. In order to use it, set the value of `spring.cloud.loadbalancer.ribbon.enabled` to `false` or remove spring-cloud-starter-netflix-ribbon from your project.
2020-05-10 23:07:51.168 [scheduling-1] ERROR [org.springframework.scheduling.support.TaskUtils$LoggingErrorHandler:95] [,] - Unexpected error occurred in scheduled task
com.netflix.hystrix.exception.HystrixRuntimeException: getQuestions timed-out and fallback failed.
	at com.netflix.hystrix.AbstractCommand$22.call(AbstractCommand.java:832) ~[hystrix-core-1.5.18.jar:1.5.18]
	at com.netflix.hystrix.AbstractCommand$22.call(AbstractCommand.java:807) ~[hystrix-core-1.5.18.jar:1.5.18]
	at rx.internal.operators.OperatorOnErrorResumeNextViaFunction$4.onError(OperatorOnErrorResumeNextViaFunction.java:140) ~[rxjava-1.3.8.jar:1.3.8]
	at rx.internal.operators.OnSubscribeDoOnEach$DoOnEachSubscriber.onError(OnSubscribeDoOnEach.java:87) ~[rxjava-1.3.8.jar:1.3.8]
	at rx.internal.operators.OnSubscribeDoOnEach$DoOnEachSubscriber.onError(OnSubscribeDoOnEach.java:87) ~[rxjava-1.3.8.jar:1.3.8]
	at com.netflix.hystrix.AbstractCommand$DeprecatedOnFallbackHookApplication$1.onError(AbstractCommand.java:1472) ~[hystrix-core-1.5.18.jar:1.5.18]
	at com.netflix.hystrix.AbstractCommand$FallbackHookApplication$1.onError(AbstractCommand.java:1397) ~[hystrix-core-1.5.18.jar:1.5.18]
	at rx.internal.operators.OnSubscribeDoOnEach$DoOnEachSubscriber.onError(OnSubscribeDoOnEach.java:87) ~[rxjava-1.3.8.jar:1.3.8]
	at rx.observers.Subscribers$5.onError(Subscribers.java:230) ~[rxjava-1.3.8.jar:1.3.8]
	at rx.internal.operators.OnSubscribeThrow.call(OnSubscribeThrow.java:44) ~[rxjava-1.3.8.jar:1.3.8]
	at rx.internal.operators.OnSubscribeThrow.call(OnSubscribeThrow.java:28) ~[rxjava-1.3.8.jar:1.3.8]
	at rx.Observable.unsafeSubscribe(Observable.java:10327) ~[rxjava-1.3.8.jar:1.3.8]
	at rx.internal.operators.OnSubscribeDefer.call(OnSubscribeDefer.java:51) ~[rxjava-1.3.8.jar:1.3.8]
	at rx.internal.operators.OnSubscribeDefer.call(OnSubscribeDefer.java:35) ~[rxjava-1.3.8.jar:1.3.8]
	at rx.Observable.unsafeSubscribe(Observable.java:10327) ~[rxjava-1.3.8.jar:1.3.8]
	at rx.internal.operators.OnSubscribeDoOnEach.call(OnSubscribeDoOnEach.java:41) ~[rxjava-1.3.8.jar:1.3.8]
	at rx.internal.operators.OnSubscribeDoOnEach.call(OnSubscribeDoOnEach.java:30) ~[rxjava-1.3.8.jar:1.3.8]
	at rx.internal.operators.OnSubscribeLift.call(OnSubscribeLift.java:48) ~[rxjava-1.3.8.jar:1.3.8]
	at rx.internal.operators.OnSubscribeLift.call(OnSubscribeLift.java:30) ~[rxjava-1.3.8.jar:1.3.8]
	at rx.internal.operators.OnSubscribeLift.call(OnSubscribeLift.java:48) ~[rxjava-1.3.8.jar:1.3.8]
	at rx.internal.operators.OnSubscribeLift.call(OnSubscribeLift.java:30) ~[rxjava-1.3.8.jar:1.3.8]
	at rx.Observable.unsafeSubscribe(Observable.java:10327) ~[rxjava-1.3.8.jar:1.3.8]
	at rx.internal.operators.OnSubscribeDoOnEach.call(OnSubscribeDoOnEach.java:41) ~[rxjava-1.3.8.jar:1.3.8]
	at rx.internal.operators.OnSubscribeDoOnEach.call(OnSubscribeDoOnEach.java:30) ~[rxjava-1.3.8.jar:1.3.8]
	at rx.Observable.unsafeSubscribe(Observable.java:10327) ~[rxjava-1.3.8.jar:1.3.8]
	at rx.internal.operators.OnSubscribeDoOnEach.call(OnSubscribeDoOnEach.java:41) ~[rxjava-1.3.8.jar:1.3.8]
	at rx.internal.operators.OnSubscribeDoOnEach.call(OnSubscribeDoOnEach.java:30) ~[rxjava-1.3.8.jar:1.3.8]
	at rx.internal.operators.OnSubscribeLift.call(OnSubscribeLift.java:48) ~[rxjava-1.3.8.jar:1.3.8]
	at rx.internal.operators.OnSubscribeLift.call(OnSubscribeLift.java:30) ~[rxjava-1.3.8.jar:1.3.8]
	at rx.Observable.unsafeSubscribe(Observable.java:10327) ~[rxjava-1.3.8.jar:1.3.8]
	at rx.internal.operators.OnSubscribeDoOnEach.call(OnSubscribeDoOnEach.java:41) ~[rxjava-1.3.8.jar:1.3.8]
	at rx.internal.operators.OnSubscribeDoOnEach.call(OnSubscribeDoOnEach.java:30) ~[rxjava-1.3.8.jar:1.3.8]
	at rx.internal.operators.OnSubscribeLift.call(OnSubscribeLift.java:48) ~[rxjava-1.3.8.jar:1.3.8]
	at rx.internal.operators.OnSubscribeLift.call(OnSubscribeLift.java:30) ~[rxjava-1.3.8.jar:1.3.8]
	at rx.Observable.unsafeSubscribe(Observable.java:10327) ~[rxjava-1.3.8.jar:1.3.8]
	at rx.internal.operators.OperatorOnErrorResumeNextViaFunction$4.onError(OperatorOnErrorResumeNextViaFunction.java:142) ~[rxjava-1.3.8.jar:1.3.8]
	at rx.internal.operators.OnSubscribeDoOnEach$DoOnEachSubscriber.onError(OnSubscribeDoOnEach.java:87) ~[rxjava-1.3.8.jar:1.3.8]
	at rx.internal.operators.OnSubscribeDoOnEach$DoOnEachSubscriber.onError(OnSubscribeDoOnEach.java:87) ~[rxjava-1.3.8.jar:1.3.8]
	at com.netflix.hystrix.AbstractCommand$HystrixObservableTimeoutOperator$1.run(AbstractCommand.java:1142) ~[hystrix-core-1.5.18.jar:1.5.18]
	at com.netflix.hystrix.strategy.concurrency.HystrixContextRunnable$1.call(HystrixContextRunnable.java:41) ~[hystrix-core-1.5.18.jar:1.5.18]
	at com.netflix.hystrix.strategy.concurrency.HystrixContextRunnable$1.call(HystrixContextRunnable.java:37) ~[hystrix-core-1.5.18.jar:1.5.18]
	at org.springframework.cloud.sleuth.instrument.async.TraceCallable.call(TraceCallable.java:70) ~[spring-cloud-sleuth-core-2.2.2.RELEASE.jar:2.2.2.RELEASE]
	at com.netflix.hystrix.strategy.concurrency.HystrixContextRunnable.run(HystrixContextRunnable.java:57) ~[hystrix-core-1.5.18.jar:1.5.18]
	at com.netflix.hystrix.AbstractCommand$HystrixObservableTimeoutOperator$2.tick(AbstractCommand.java:1159) ~[hystrix-core-1.5.18.jar:1.5.18]
	at com.netflix.hystrix.util.HystrixTimer$1.run(HystrixTimer.java:99) ~[hystrix-core-1.5.18.jar:1.5.18]
	at java.util.concurrent.Executors$RunnableAdapter.call(Executors.java:511) ~[?:1.8.0_121]
	at java.util.concurrent.FutureTask.runAndReset(FutureTask.java:308) ~[?:1.8.0_121]
	at java.util.concurrent.ScheduledThreadPoolExecutor$ScheduledFutureTask.access$301(ScheduledThreadPoolExecutor.java:180) ~[?:1.8.0_121]
	at java.util.concurrent.ScheduledThreadPoolExecutor$ScheduledFutureTask.run(ScheduledThreadPoolExecutor.java:294) ~[?:1.8.0_121]
	at java.util.concurrent.ThreadPoolExecutor.runWorker(ThreadPoolExecutor.java:1142) ~[?:1.8.0_121]
	at java.util.concurrent.ThreadPoolExecutor$Worker.run(ThreadPoolExecutor.java:617) ~[?:1.8.0_121]
	at java.lang.Thread.run(Thread.java:745) [?:1.8.0_121]
Caused by: java.util.concurrent.TimeoutException
	at com.netflix.hystrix.AbstractCommand.handleTimeoutViaFallback(AbstractCommand.java:997) ~[hystrix-core-1.5.18.jar:1.5.18]
	at com.netflix.hystrix.AbstractCommand.access$500(AbstractCommand.java:60) ~[hystrix-core-1.5.18.jar:1.5.18]
	at com.netflix.hystrix.AbstractCommand$12.call(AbstractCommand.java:609) ~[hystrix-core-1.5.18.jar:1.5.18]
	at com.netflix.hystrix.AbstractCommand$12.call(AbstractCommand.java:601) ~[hystrix-core-1.5.18.jar:1.5.18]
	at rx.internal.operators.OperatorOnErrorResumeNextViaFunction$4.onError(OperatorOnErrorResumeNextViaFunction.java:140) ~[rxjava-1.3.8.jar:1.3.8]
	... 16 more
2020-05-10 23:07:51.996 [AsyncReporter{org.springframework.cloud.sleuth.zipkin2.sender.RestTemplateSender@1a21f43f}] WARN  [zipkin2.reporter.AsyncReporter$BoundedAsyncReporter:295] [,] - Spans were dropped due to exceptions. All subsequent errors will be logged at FINE level.
2020-05-10 23:07:51.997 [AsyncReporter{org.springframework.cloud.sleuth.zipkin2.sender.RestTemplateSender@1a21f43f}] WARN  [zipkin2.reporter.AsyncReporter$BoundedAsyncReporter:302] [,] - Dropped 2 spans due to ResourceAccessException(I/O error on POST request for "http://localhost:9411/api/v2/spans": connect timed out; nested exception is java.net.SocketTimeoutException: connect timed out)
org.springframework.web.client.ResourceAccessException: I/O error on POST request for "http://localhost:9411/api/v2/spans": connect timed out; nested exception is java.net.SocketTimeoutException: connect timed out
	at org.springframework.web.client.RestTemplate.doExecute(RestTemplate.java:748) ~[spring-web-5.2.5.RELEASE.jar:5.2.5.RELEASE]
	at org.springframework.cloud.sleuth.zipkin2.sender.ZipkinRestTemplateWrapper.doExecute(ZipkinRestTemplateSenderConfiguration.java:228) ~[spring-cloud-sleuth-zipkin-2.2.2.RELEASE.jar:2.2.2.RELEASE]
	at org.springframework.web.client.RestTemplate.exchange(RestTemplate.java:641) ~[spring-web-5.2.5.RELEASE.jar:5.2.5.RELEASE]
	at org.springframework.cloud.sleuth.zipkin2.sender.RestTemplateSender.post(RestTemplateSender.java:129) ~[spring-cloud-sleuth-zipkin-2.2.2.RELEASE.jar:2.2.2.RELEASE]
	at org.springframework.cloud.sleuth.zipkin2.sender.RestTemplateSender$HttpPostCall.doExecute(RestTemplateSender.java:142) ~[spring-cloud-sleuth-zipkin-2.2.2.RELEASE.jar:2.2.2.RELEASE]
	at org.springframework.cloud.sleuth.zipkin2.sender.RestTemplateSender$HttpPostCall.doExecute(RestTemplateSender.java:132) ~[spring-cloud-sleuth-zipkin-2.2.2.RELEASE.jar:2.2.2.RELEASE]
	at zipkin2.Call$Base.execute(Call.java:380) ~[zipkin-2.19.3.jar:?]
	at zipkin2.reporter.AsyncReporter$BoundedAsyncReporter.flush(AsyncReporter.java:284) ~[zipkin-reporter-2.12.1.jar:?]
	at zipkin2.reporter.AsyncReporter$Flusher.run(AsyncReporter.java:358) ~[zipkin-reporter-2.12.1.jar:?]
	at java.lang.Thread.run(Thread.java:745) [?:1.8.0_121]
Caused by: java.net.SocketTimeoutException: connect timed out
	at java.net.DualStackPlainSocketImpl.waitForConnect(Native Method) ~[?:1.8.0_121]
	at java.net.DualStackPlainSocketImpl.socketConnect(DualStackPlainSocketImpl.java:85) ~[?:1.8.0_121]
	at java.net.AbstractPlainSocketImpl.doConnect(AbstractPlainSocketImpl.java:350) ~[?:1.8.0_121]
	at java.net.AbstractPlainSocketImpl.connectToAddress(AbstractPlainSocketImpl.java:206) ~[?:1.8.0_121]
	at java.net.AbstractPlainSocketImpl.connect(AbstractPlainSocketImpl.java:188) ~[?:1.8.0_121]
	at java.net.PlainSocketImpl.connect(PlainSocketImpl.java:172) ~[?:1.8.0_121]
	at java.net.SocksSocketImpl.connect(SocksSocketImpl.java:392) ~[?:1.8.0_121]
	at java.net.Socket.connect(Socket.java:589) ~[?:1.8.0_121]
	at sun.net.NetworkClient.doConnect(NetworkClient.java:175) ~[?:1.8.0_121]
	at sun.net.www.http.HttpClient.openServer(HttpClient.java:432) ~[?:1.8.0_121]
	at sun.net.www.http.HttpClient.openServer(HttpClient.java:527) ~[?:1.8.0_121]
	at sun.net.www.http.HttpClient.<init>(HttpClient.java:211) ~[?:1.8.0_121]
	at sun.net.www.http.HttpClient.New(HttpClient.java:308) ~[?:1.8.0_121]
	at sun.net.www.http.HttpClient.New(HttpClient.java:326) ~[?:1.8.0_121]
	at sun.net.www.protocol.http.HttpURLConnection.getNewHttpClient(HttpURLConnection.java:1202) ~[?:1.8.0_121]
	at sun.net.www.protocol.http.HttpURLConnection.plainConnect0(HttpURLConnection.java:1138) ~[?:1.8.0_121]
	at sun.net.www.protocol.http.HttpURLConnection.plainConnect(HttpURLConnection.java:1032) ~[?:1.8.0_121]
	at sun.net.www.protocol.http.HttpURLConnection.connect(HttpURLConnection.java:966) ~[?:1.8.0_121]
	at org.springframework.http.client.SimpleBufferingClientHttpRequest.executeInternal(SimpleBufferingClientHttpRequest.java:76) ~[spring-web-5.2.5.RELEASE.jar:5.2.5.RELEASE]
	at org.springframework.http.client.AbstractBufferingClientHttpRequest.executeInternal(AbstractBufferingClientHttpRequest.java:48) ~[spring-web-5.2.5.RELEASE.jar:5.2.5.RELEASE]
	at org.springframework.http.client.AbstractClientHttpRequest.execute(AbstractClientHttpRequest.java:53) ~[spring-web-5.2.5.RELEASE.jar:5.2.5.RELEASE]
	at org.springframework.web.client.RestTemplate.doExecute(RestTemplate.java:739) ~[spring-web-5.2.5.RELEASE.jar:5.2.5.RELEASE]
	... 9 more
2020-05-10 23:14:25.559 [http-nio-8080-exec-8] ERROR [org.thymeleaf.TemplateEngine:1136] [8dccd9a49684a968,8dccd9a49684a968] - [THYMELEAF][http-nio-8080-exec-8] Exception processing template "home": Exception evaluating SpringEL expression: "session.user.getAccountId()" (template: "home" - line 79, col 23)
org.thymeleaf.exceptions.TemplateProcessingException: Exception evaluating SpringEL expression: "session.user.getAccountId()" (template: "home" - line 79, col 23)
	at org.thymeleaf.spring5.expression.SPELVariableExpressionEvaluator.evaluate(SPELVariableExpressionEvaluator.java:290) ~[thymeleaf-spring5-3.0.11.RELEASE.jar:3.0.11.RELEASE]
	at org.thymeleaf.standard.expression.VariableExpression.executeVariableExpression(VariableExpression.java:166) ~[thymeleaf-3.0.11.RELEASE.jar:3.0.11.RELEASE]
	at org.thymeleaf.standard.expression.SimpleExpression.executeSimple(SimpleExpression.java:66) ~[thymeleaf-3.0.11.RELEASE.jar:3.0.11.RELEASE]
	at org.thymeleaf.standard.expression.Expression.execute(Expression.java:109) ~[thymeleaf-3.0.11.RELEASE.jar:3.0.11.RELEASE]
	at org.thymeleaf.standard.expression.Expression.execute(Expression.java:138) ~[thymeleaf-3.0.11.RELEASE.jar:3.0.11.RELEASE]
	at org.thymeleaf.standard.processor.AbstractStandardExpressionAttributeTagProcessor.doProcess(AbstractStandardExpressionAttributeTagProcessor.java:144) ~[thymeleaf-3.0.11.RELEASE.jar:3.0.11.RELEASE]
	at org.thymeleaf.processor.element.AbstractAttributeTagProcessor.doProcess(AbstractAttributeTagProcessor.java:74) ~[thymeleaf-3.0.11.RELEASE.jar:3.0.11.RELEASE]
	at org.thymeleaf.processor.element.AbstractElementTagProcessor.process(AbstractElementTagProcessor.java:95) ~[thymeleaf-3.0.11.RELEASE.jar:3.0.11.RELEASE]
	at org.thymeleaf.util.ProcessorConfigurationUtils$ElementTagProcessorWrapper.process(ProcessorConfigurationUtils.java:633) ~[thymeleaf-3.0.11.RELEASE.jar:3.0.11.RELEASE]
	at org.thymeleaf.engine.ProcessorTemplateHandler.handleOpenElement(ProcessorTemplateHandler.java:1314) ~[thymeleaf-3.0.11.RELEASE.jar:3.0.11.RELEASE]
	at org.thymeleaf.engine.OpenElementTag.beHandled(OpenElementTag.java:205) ~[thymeleaf-3.0.11.RELEASE.jar:3.0.11.RELEASE]
	at org.thymeleaf.engine.TemplateModel.process(TemplateModel.java:136) ~[thymeleaf-3.0.11.RELEASE.jar:3.0.11.RELEASE]
	at org.thymeleaf.engine.TemplateManager.parseAndProcess(TemplateManager.java:661) ~[thymeleaf-3.0.11.RELEASE.jar:3.0.11.RELEASE]
	at org.thymeleaf.TemplateEngine.process(TemplateEngine.java:1098) ~[thymeleaf-3.0.11.RELEASE.jar:3.0.11.RELEASE]
	at org.thymeleaf.TemplateEngine.process(TemplateEngine.java:1072) ~[thymeleaf-3.0.11.RELEASE.jar:3.0.11.RELEASE]
	at org.thymeleaf.spring5.view.ThymeleafView.renderFragment(ThymeleafView.java:362) ~[thymeleaf-spring5-3.0.11.RELEASE.jar:3.0.11.RELEASE]
	at org.thymeleaf.spring5.view.ThymeleafView.render(ThymeleafView.java:189) ~[thymeleaf-spring5-3.0.11.RELEASE.jar:3.0.11.RELEASE]
	at org.springframework.web.servlet.DispatcherServlet.render(DispatcherServlet.java:1373) ~[spring-webmvc-5.2.5.RELEASE.jar:5.2.5.RELEASE]
	at org.springframework.web.servlet.DispatcherServlet.processDispatchResult(DispatcherServlet.java:1118) ~[spring-webmvc-5.2.5.RELEASE.jar:5.2.5.RELEASE]
	at org.springframework.web.servlet.DispatcherServlet.doDispatch(DispatcherServlet.java:1057) ~[spring-webmvc-5.2.5.RELEASE.jar:5.2.5.RELEASE]
	at org.springframework.web.servlet.DispatcherServlet.doService(DispatcherServlet.java:943) ~[spring-webmvc-5.2.5.RELEASE.jar:5.2.5.RELEASE]
	at org.springframework.web.servlet.FrameworkServlet.processRequest(FrameworkServlet.java:1006) ~[spring-webmvc-5.2.5.RELEASE.jar:5.2.5.RELEASE]
	at org.springframework.web.servlet.FrameworkServlet.doGet(FrameworkServlet.java:898) ~[spring-webmvc-5.2.5.RELEASE.jar:5.2.5.RELEASE]
	at javax.servlet.http.HttpServlet.service(HttpServlet.java:634) ~[tomcat-embed-core-9.0.33.jar:9.0.33]
	at org.springframework.web.servlet.FrameworkServlet.service(FrameworkServlet.java:883) ~[spring-webmvc-5.2.5.RELEASE.jar:5.2.5.RELEASE]
	at javax.servlet.http.HttpServlet.service(HttpServlet.java:741) ~[tomcat-embed-core-9.0.33.jar:9.0.33]
	at org.apache.catalina.core.ApplicationFilterChain.internalDoFilter(ApplicationFilterChain.java:231) ~[tomcat-embed-core-9.0.33.jar:9.0.33]
	at org.apache.catalina.core.ApplicationFilterChain.doFilter(ApplicationFilterChain.java:166) ~[tomcat-embed-core-9.0.33.jar:9.0.33]
	at org.apache.tomcat.websocket.server.WsFilter.doFilter(WsFilter.java:53) ~[tomcat-embed-websocket-9.0.33.jar:9.0.33]
	at org.apache.catalina.core.ApplicationFilterChain.internalDoFilter(ApplicationFilterChain.java:193) ~[tomcat-embed-core-9.0.33.jar:9.0.33]
	at org.apache.catalina.core.ApplicationFilterChain.doFilter(ApplicationFilterChain.java:166) ~[tomcat-embed-core-9.0.33.jar:9.0.33]
	at brave.servlet.TracingFilter.doFilter(TracingFilter.java:67) ~[brave-instrumentation-servlet-5.10.1.jar:?]
	at org.apache.catalina.core.ApplicationFilterChain.internalDoFilter(ApplicationFilterChain.java:193) ~[tomcat-embed-core-9.0.33.jar:9.0.33]
	at org.apache.catalina.core.ApplicationFilterChain.doFilter(ApplicationFilterChain.java:166) ~[tomcat-embed-core-9.0.33.jar:9.0.33]
	at org.zalando.logbook.servlet.NormalStrategy.doFilter(NormalStrategy.java:41) ~[logbook-servlet-1.13.0.jar:?]
	at org.zalando.logbook.servlet.LogbookFilter.doFilter(LogbookFilter.java:39) ~[logbook-servlet-1.13.0.jar:?]
	at org.zalando.logbook.servlet.HttpFilter.doFilter(HttpFilter.java:31) ~[logbook-servlet-1.13.0.jar:?]
	at org.apache.catalina.core.ApplicationFilterChain.internalDoFilter(ApplicationFilterChain.java:193) ~[tomcat-embed-core-9.0.33.jar:9.0.33]
	at org.apache.catalina.core.ApplicationFilterChain.doFilter(ApplicationFilterChain.java:166) ~[tomcat-embed-core-9.0.33.jar:9.0.33]
	at org.springframework.web.filter.RequestContextFilter.doFilterInternal(RequestContextFilter.java:100) ~[spring-web-5.2.5.RELEASE.jar:5.2.5.RELEASE]
	at org.springframework.web.filter.OncePerRequestFilter.doFilter(OncePerRequestFilter.java:119) ~[spring-web-5.2.5.RELEASE.jar:5.2.5.RELEASE]
	at org.apache.catalina.core.ApplicationFilterChain.internalDoFilter(ApplicationFilterChain.java:193) ~[tomcat-embed-core-9.0.33.jar:9.0.33]
	at org.apache.catalina.core.ApplicationFilterChain.doFilter(ApplicationFilterChain.java:166) ~[tomcat-embed-core-9.0.33.jar:9.0.33]
	at org.springframework.web.filter.FormContentFilter.doFilterInternal(FormContentFilter.java:93) ~[spring-web-5.2.5.RELEASE.jar:5.2.5.RELEASE]
	at org.springframework.web.filter.OncePerRequestFilter.doFilter(OncePerRequestFilter.java:119) ~[spring-web-5.2.5.RELEASE.jar:5.2.5.RELEASE]
	at org.apache.catalina.core.ApplicationFilterChain.internalDoFilter(ApplicationFilterChain.java:193) ~[tomcat-embed-core-9.0.33.jar:9.0.33]
	at org.apache.catalina.core.ApplicationFilterChain.doFilter(ApplicationFilterChain.java:166) ~[tomcat-embed-core-9.0.33.jar:9.0.33]
	at org.springframework.cloud.sleuth.instrument.web.ExceptionLoggingFilter.doFilter(ExceptionLoggingFilter.java:50) ~[spring-cloud-sleuth-core-2.2.2.RELEASE.jar:2.2.2.RELEASE]
	at org.apache.catalina.core.ApplicationFilterChain.internalDoFilter(ApplicationFilterChain.java:193) ~[tomcat-embed-core-9.0.33.jar:9.0.33]
	at org.apache.catalina.core.ApplicationFilterChain.doFilter(ApplicationFilterChain.java:166) ~[tomcat-embed-core-9.0.33.jar:9.0.33]
	at brave.servlet.TracingFilter.doFilter(TracingFilter.java:84) ~[brave-instrumentation-servlet-5.10.1.jar:?]
	at org.springframework.cloud.sleuth.instrument.web.LazyTracingFilter.doFilter(TraceWebServletAutoConfiguration.java:138) ~[spring-cloud-sleuth-core-2.2.2.RELEASE.jar:2.2.2.RELEASE]
	at org.apache.catalina.core.ApplicationFilterChain.internalDoFilter(ApplicationFilterChain.java:193) ~[tomcat-embed-core-9.0.33.jar:9.0.33]
	at org.apache.catalina.core.ApplicationFilterChain.doFilter(ApplicationFilterChain.java:166) ~[tomcat-embed-core-9.0.33.jar:9.0.33]
	at org.springframework.boot.actuate.metrics.web.servlet.WebMvcMetricsFilter.doFilterInternal(WebMvcMetricsFilter.java:109) ~[spring-boot-actuator-2.2.6.RELEASE.jar:2.2.6.RELEASE]
	at org.springframework.web.filter.OncePerRequestFilter.doFilter(OncePerRequestFilter.java:119) ~[spring-web-5.2.5.RELEASE.jar:5.2.5.RELEASE]
	at org.apache.catalina.core.ApplicationFilterChain.internalDoFilter(ApplicationFilterChain.java:193) ~[tomcat-embed-core-9.0.33.jar:9.0.33]
	at org.apache.catalina.core.ApplicationFilterChain.doFilter(ApplicationFilterChain.java:166) ~[tomcat-embed-core-9.0.33.jar:9.0.33]
	at org.springframework.web.filter.CharacterEncodingFilter.doFilterInternal(CharacterEncodingFilter.java:201) ~[spring-web-5.2.5.RELEASE.jar:5.2.5.RELEASE]
	at org.springframework.web.filter.OncePerRequestFilter.doFilter(OncePerRequestFilter.java:119) ~[spring-web-5.2.5.RELEASE.jar:5.2.5.RELEASE]
	at org.apache.catalina.core.ApplicationFilterChain.internalDoFilter(ApplicationFilterChain.java:193) ~[tomcat-embed-core-9.0.33.jar:9.0.33]
	at org.apache.catalina.core.ApplicationFilterChain.doFilter(ApplicationFilterChain.java:166) ~[tomcat-embed-core-9.0.33.jar:9.0.33]
	at org.apache.catalina.core.StandardWrapperValve.invoke(StandardWrapperValve.java:202) ~[tomcat-embed-core-9.0.33.jar:9.0.33]
	at org.apache.catalina.core.StandardContextValve.invoke(StandardContextValve.java:96) ~[tomcat-embed-core-9.0.33.jar:9.0.33]
	at org.apache.catalina.authenticator.AuthenticatorBase.invoke(AuthenticatorBase.java:541) ~[tomcat-embed-core-9.0.33.jar:9.0.33]
	at org.apache.catalina.core.StandardHostValve.invoke(StandardHostValve.java:139) ~[tomcat-embed-core-9.0.33.jar:9.0.33]
	at org.apache.catalina.valves.ErrorReportValve.invoke(ErrorReportValve.java:92) ~[tomcat-embed-core-9.0.33.jar:9.0.33]
	at org.apache.catalina.core.StandardEngineValve.invoke(StandardEngineValve.java:74) ~[tomcat-embed-core-9.0.33.jar:9.0.33]
	at org.apache.catalina.connector.CoyoteAdapter.service(CoyoteAdapter.java:343) ~[tomcat-embed-core-9.0.33.jar:9.0.33]
	at org.apache.coyote.http11.Http11Processor.service(Http11Processor.java:373) ~[tomcat-embed-core-9.0.33.jar:9.0.33]
	at org.apache.coyote.AbstractProcessorLight.process(AbstractProcessorLight.java:65) ~[tomcat-embed-core-9.0.33.jar:9.0.33]
	at org.apache.coyote.AbstractProtocol$ConnectionHandler.process(AbstractProtocol.java:868) ~[tomcat-embed-core-9.0.33.jar:9.0.33]
	at org.apache.tomcat.util.net.NioEndpoint$SocketProcessor.doRun(NioEndpoint.java:1594) ~[tomcat-embed-core-9.0.33.jar:9.0.33]
	at org.apache.tomcat.util.net.SocketProcessorBase.run(SocketProcessorBase.java:49) ~[tomcat-embed-core-9.0.33.jar:9.0.33]
	at java.util.concurrent.ThreadPoolExecutor.runWorker(ThreadPoolExecutor.java:1142) ~[?:1.8.0_121]
	at java.util.concurrent.ThreadPoolExecutor$Worker.run(ThreadPoolExecutor.java:617) ~[?:1.8.0_121]
	at org.apache.tomcat.util.threads.TaskThread$WrappingRunnable.run(TaskThread.java:61) ~[tomcat-embed-core-9.0.33.jar:9.0.33]
	at java.lang.Thread.run(Thread.java:745) [?:1.8.0_121]
Caused by: org.springframework.expression.spel.SpelEvaluationException: EL1011E: Method call: Attempted to call method getAccountId() on null context object
	at org.springframework.expression.spel.ast.MethodReference.throwIfNotNullSafe(MethodReference.java:154) ~[spring-expression-5.2.5.RELEASE.jar:5.2.5.RELEASE]
	at org.springframework.expression.spel.ast.MethodReference.getValueRef(MethodReference.java:83) ~[spring-expression-5.2.5.RELEASE.jar:5.2.5.RELEASE]
	at org.springframework.expression.spel.ast.CompoundExpression.getValueRef(CompoundExpression.java:70) ~[spring-expression-5.2.5.RELEASE.jar:5.2.5.RELEASE]
	at org.springframework.expression.spel.ast.CompoundExpression.getValueInternal(CompoundExpression.java:91) ~[spring-expression-5.2.5.RELEASE.jar:5.2.5.RELEASE]
	at org.springframework.expression.spel.ast.SpelNodeImpl.getValue(SpelNodeImpl.java:112) ~[spring-expression-5.2.5.RELEASE.jar:5.2.5.RELEASE]
	at org.springframework.expression.spel.standard.SpelExpression.getValue(SpelExpression.java:337) ~[spring-expression-5.2.5.RELEASE.jar:5.2.5.RELEASE]
	at org.thymeleaf.spring5.expression.SPELVariableExpressionEvaluator.evaluate(SPELVariableExpressionEvaluator.java:263) ~[thymeleaf-spring5-3.0.11.RELEASE.jar:3.0.11.RELEASE]
	... 77 more
2020-05-10 23:14:25.560 [http-nio-8080-exec-8] ERROR [org.springframework.cloud.sleuth.instrument.web.ExceptionLoggingFilter:54] [8dccd9a49684a968,8dccd9a49684a968] - Uncaught exception thrown
org.springframework.web.util.NestedServletException: Request processing failed; nested exception is org.thymeleaf.exceptions.TemplateProcessingException: Exception evaluating SpringEL expression: "session.user.getAccountId()" (template: "home" - line 79, col 23)
	at org.springframework.web.servlet.FrameworkServlet.processRequest(FrameworkServlet.java:1014) ~[spring-webmvc-5.2.5.RELEASE.jar:5.2.5.RELEASE]
	at org.springframework.web.servlet.FrameworkServlet.doGet(FrameworkServlet.java:898) ~[spring-webmvc-5.2.5.RELEASE.jar:5.2.5.RELEASE]
	at javax.servlet.http.HttpServlet.service(HttpServlet.java:634) ~[tomcat-embed-core-9.0.33.jar:9.0.33]
	at org.springframework.web.servlet.FrameworkServlet.service(FrameworkServlet.java:883) ~[spring-webmvc-5.2.5.RELEASE.jar:5.2.5.RELEASE]
	at javax.servlet.http.HttpServlet.service(HttpServlet.java:741) ~[tomcat-embed-core-9.0.33.jar:9.0.33]
	at org.apache.catalina.core.ApplicationFilterChain.internalDoFilter(ApplicationFilterChain.java:231) ~[tomcat-embed-core-9.0.33.jar:9.0.33]
	at org.apache.catalina.core.ApplicationFilterChain.doFilter(ApplicationFilterChain.java:166) ~[tomcat-embed-core-9.0.33.jar:9.0.33]
	at org.apache.tomcat.websocket.server.WsFilter.doFilter(WsFilter.java:53) ~[tomcat-embed-websocket-9.0.33.jar:9.0.33]
	at org.apache.catalina.core.ApplicationFilterChain.internalDoFilter(ApplicationFilterChain.java:193) ~[tomcat-embed-core-9.0.33.jar:9.0.33]
	at org.apache.catalina.core.ApplicationFilterChain.doFilter(ApplicationFilterChain.java:166) ~[tomcat-embed-core-9.0.33.jar:9.0.33]
	at brave.servlet.TracingFilter.doFilter(TracingFilter.java:67) ~[brave-instrumentation-servlet-5.10.1.jar:?]
	at org.apache.catalina.core.ApplicationFilterChain.internalDoFilter(ApplicationFilterChain.java:193) ~[tomcat-embed-core-9.0.33.jar:9.0.33]
	at org.apache.catalina.core.ApplicationFilterChain.doFilter(ApplicationFilterChain.java:166) ~[tomcat-embed-core-9.0.33.jar:9.0.33]
	at org.zalando.logbook.servlet.NormalStrategy.doFilter(NormalStrategy.java:41) ~[logbook-servlet-1.13.0.jar:?]
	at org.zalando.logbook.servlet.LogbookFilter.doFilter(LogbookFilter.java:39) ~[logbook-servlet-1.13.0.jar:?]
	at org.zalando.logbook.servlet.HttpFilter.doFilter(HttpFilter.java:31) ~[logbook-servlet-1.13.0.jar:?]
	at org.apache.catalina.core.ApplicationFilterChain.internalDoFilter(ApplicationFilterChain.java:193) ~[tomcat-embed-core-9.0.33.jar:9.0.33]
	at org.apache.catalina.core.ApplicationFilterChain.doFilter(ApplicationFilterChain.java:166) ~[tomcat-embed-core-9.0.33.jar:9.0.33]
	at org.springframework.web.filter.RequestContextFilter.doFilterInternal(RequestContextFilter.java:100) ~[spring-web-5.2.5.RELEASE.jar:5.2.5.RELEASE]
	at org.springframework.web.filter.OncePerRequestFilter.doFilter(OncePerRequestFilter.java:119) ~[spring-web-5.2.5.RELEASE.jar:5.2.5.RELEASE]
	at org.apache.catalina.core.ApplicationFilterChain.internalDoFilter(ApplicationFilterChain.java:193) ~[tomcat-embed-core-9.0.33.jar:9.0.33]
	at org.apache.catalina.core.ApplicationFilterChain.doFilter(ApplicationFilterChain.java:166) ~[tomcat-embed-core-9.0.33.jar:9.0.33]
	at org.springframework.web.filter.FormContentFilter.doFilterInternal(FormContentFilter.java:93) ~[spring-web-5.2.5.RELEASE.jar:5.2.5.RELEASE]
	at org.springframework.web.filter.OncePerRequestFilter.doFilter(OncePerRequestFilter.java:119) ~[spring-web-5.2.5.RELEASE.jar:5.2.5.RELEASE]
	at org.apache.catalina.core.ApplicationFilterChain.internalDoFilter(ApplicationFilterChain.java:193) ~[tomcat-embed-core-9.0.33.jar:9.0.33]
	at org.apache.catalina.core.ApplicationFilterChain.doFilter(ApplicationFilterChain.java:166) ~[tomcat-embed-core-9.0.33.jar:9.0.33]
	at org.springframework.cloud.sleuth.instrument.web.ExceptionLoggingFilter.doFilter(ExceptionLoggingFilter.java:50) ~[spring-cloud-sleuth-core-2.2.2.RELEASE.jar:2.2.2.RELEASE]
	at org.apache.catalina.core.ApplicationFilterChain.internalDoFilter(ApplicationFilterChain.java:193) ~[tomcat-embed-core-9.0.33.jar:9.0.33]
	at org.apache.catalina.core.ApplicationFilterChain.doFilter(ApplicationFilterChain.java:166) ~[tomcat-embed-core-9.0.33.jar:9.0.33]
	at brave.servlet.TracingFilter.doFilter(TracingFilter.java:84) ~[brave-instrumentation-servlet-5.10.1.jar:?]
	at org.springframework.cloud.sleuth.instrument.web.LazyTracingFilter.doFilter(TraceWebServletAutoConfiguration.java:138) ~[spring-cloud-sleuth-core-2.2.2.RELEASE.jar:2.2.2.RELEASE]
	at org.apache.catalina.core.ApplicationFilterChain.internalDoFilter(ApplicationFilterChain.java:193) ~[tomcat-embed-core-9.0.33.jar:9.0.33]
	at org.apache.catalina.core.ApplicationFilterChain.doFilter(ApplicationFilterChain.java:166) ~[tomcat-embed-core-9.0.33.jar:9.0.33]
	at org.springframework.boot.actuate.metrics.web.servlet.WebMvcMetricsFilter.doFilterInternal(WebMvcMetricsFilter.java:109) ~[spring-boot-actuator-2.2.6.RELEASE.jar:2.2.6.RELEASE]
	at org.springframework.web.filter.OncePerRequestFilter.doFilter(OncePerRequestFilter.java:119) ~[spring-web-5.2.5.RELEASE.jar:5.2.5.RELEASE]
	at org.apache.catalina.core.ApplicationFilterChain.internalDoFilter(ApplicationFilterChain.java:193) ~[tomcat-embed-core-9.0.33.jar:9.0.33]
	at org.apache.catalina.core.ApplicationFilterChain.doFilter(ApplicationFilterChain.java:166) ~[tomcat-embed-core-9.0.33.jar:9.0.33]
	at org.springframework.web.filter.CharacterEncodingFilter.doFilterInternal(CharacterEncodingFilter.java:201) ~[spring-web-5.2.5.RELEASE.jar:5.2.5.RELEASE]
	at org.springframework.web.filter.OncePerRequestFilter.doFilter(OncePerRequestFilter.java:119) ~[spring-web-5.2.5.RELEASE.jar:5.2.5.RELEASE]
	at org.apache.catalina.core.ApplicationFilterChain.internalDoFilter(ApplicationFilterChain.java:193) ~[tomcat-embed-core-9.0.33.jar:9.0.33]
	at org.apache.catalina.core.ApplicationFilterChain.doFilter(ApplicationFilterChain.java:166) ~[tomcat-embed-core-9.0.33.jar:9.0.33]
	at org.apache.catalina.core.StandardWrapperValve.invoke(StandardWrapperValve.java:202) ~[tomcat-embed-core-9.0.33.jar:9.0.33]
	at org.apache.catalina.core.StandardContextValve.invoke(StandardContextValve.java:96) ~[tomcat-embed-core-9.0.33.jar:9.0.33]
	at org.apache.catalina.authenticator.AuthenticatorBase.invoke(AuthenticatorBase.java:541) ~[tomcat-embed-core-9.0.33.jar:9.0.33]
	at org.apache.catalina.core.StandardHostValve.invoke(StandardHostValve.java:139) ~[tomcat-embed-core-9.0.33.jar:9.0.33]
	at org.apache.catalina.valves.ErrorReportValve.invoke(ErrorReportValve.java:92) ~[tomcat-embed-core-9.0.33.jar:9.0.33]
	at org.apache.catalina.core.StandardEngineValve.invoke(StandardEngineValve.java:74) ~[tomcat-embed-core-9.0.33.jar:9.0.33]
	at org.apache.catalina.connector.CoyoteAdapter.service(CoyoteAdapter.java:343) ~[tomcat-embed-core-9.0.33.jar:9.0.33]
	at org.apache.coyote.http11.Http11Processor.service(Http11Processor.java:373) ~[tomcat-embed-core-9.0.33.jar:9.0.33]
	at org.apache.coyote.AbstractProcessorLight.process(AbstractProcessorLight.java:65) ~[tomcat-embed-core-9.0.33.jar:9.0.33]
	at org.apache.coyote.AbstractProtocol$ConnectionHandler.process(AbstractProtocol.java:868) ~[tomcat-embed-core-9.0.33.jar:9.0.33]
	at org.apache.tomcat.util.net.NioEndpoint$SocketProcessor.doRun(NioEndpoint.java:1594) ~[tomcat-embed-core-9.0.33.jar:9.0.33]
	at org.apache.tomcat.util.net.SocketProcessorBase.run(SocketProcessorBase.java:49) ~[tomcat-embed-core-9.0.33.jar:9.0.33]
	at java.util.concurrent.ThreadPoolExecutor.runWorker(ThreadPoolExecutor.java:1142) ~[?:1.8.0_121]
	at java.util.concurrent.ThreadPoolExecutor$Worker.run(ThreadPoolExecutor.java:617) ~[?:1.8.0_121]
	at org.apache.tomcat.util.threads.TaskThread$WrappingRunnable.run(TaskThread.java:61) ~[tomcat-embed-core-9.0.33.jar:9.0.33]
	at java.lang.Thread.run(Thread.java:745) [?:1.8.0_121]
Caused by: org.thymeleaf.exceptions.TemplateProcessingException: Exception evaluating SpringEL expression: "session.user.getAccountId()" (template: "home" - line 79, col 23)
	at org.thymeleaf.spring5.expression.SPELVariableExpressionEvaluator.evaluate(SPELVariableExpressionEvaluator.java:290) ~[thymeleaf-spring5-3.0.11.RELEASE.jar:3.0.11.RELEASE]
	at org.thymeleaf.standard.expression.VariableExpression.executeVariableExpression(VariableExpression.java:166) ~[thymeleaf-3.0.11.RELEASE.jar:3.0.11.RELEASE]
	at org.thymeleaf.standard.expression.SimpleExpression.executeSimple(SimpleExpression.java:66) ~[thymeleaf-3.0.11.RELEASE.jar:3.0.11.RELEASE]
	at org.thymeleaf.standard.expression.Expression.execute(Expression.java:109) ~[thymeleaf-3.0.11.RELEASE.jar:3.0.11.RELEASE]
	at org.thymeleaf.standard.expression.Expression.execute(Expression.java:138) ~[thymeleaf-3.0.11.RELEASE.jar:3.0.11.RELEASE]
	at org.thymeleaf.standard.processor.AbstractStandardExpressionAttributeTagProcessor.doProcess(AbstractStandardExpressionAttributeTagProcessor.java:144) ~[thymeleaf-3.0.11.RELEASE.jar:3.0.11.RELEASE]
	at org.thymeleaf.processor.element.AbstractAttributeTagProcessor.doProcess(AbstractAttributeTagProcessor.java:74) ~[thymeleaf-3.0.11.RELEASE.jar:3.0.11.RELEASE]
	at org.thymeleaf.processor.element.AbstractElementTagProcessor.process(AbstractElementTagProcessor.java:95) ~[thymeleaf-3.0.11.RELEASE.jar:3.0.11.RELEASE]
	at org.thymeleaf.util.ProcessorConfigurationUtils$ElementTagProcessorWrapper.process(ProcessorConfigurationUtils.java:633) ~[thymeleaf-3.0.11.RELEASE.jar:3.0.11.RELEASE]
	at org.thymeleaf.engine.ProcessorTemplateHandler.handleOpenElement(ProcessorTemplateHandler.java:1314) ~[thymeleaf-3.0.11.RELEASE.jar:3.0.11.RELEASE]
	at org.thymeleaf.engine.OpenElementTag.beHandled(OpenElementTag.java:205) ~[thymeleaf-3.0.11.RELEASE.jar:3.0.11.RELEASE]
	at org.thymeleaf.engine.TemplateModel.process(TemplateModel.java:136) ~[thymeleaf-3.0.11.RELEASE.jar:3.0.11.RELEASE]
	at org.thymeleaf.engine.TemplateManager.parseAndProcess(TemplateManager.java:661) ~[thymeleaf-3.0.11.RELEASE.jar:3.0.11.RELEASE]
	at org.thymeleaf.TemplateEngine.process(TemplateEngine.java:1098) ~[thymeleaf-3.0.11.RELEASE.jar:3.0.11.RELEASE]
	at org.thymeleaf.TemplateEngine.process(TemplateEngine.java:1072) ~[thymeleaf-3.0.11.RELEASE.jar:3.0.11.RELEASE]
	at org.thymeleaf.spring5.view.ThymeleafView.renderFragment(ThymeleafView.java:362) ~[thymeleaf-spring5-3.0.11.RELEASE.jar:3.0.11.RELEASE]
	at org.thymeleaf.spring5.view.ThymeleafView.render(ThymeleafView.java:189) ~[thymeleaf-spring5-3.0.11.RELEASE.jar:3.0.11.RELEASE]
	at org.springframework.web.servlet.DispatcherServlet.render(DispatcherServlet.java:1373) ~[spring-webmvc-5.2.5.RELEASE.jar:5.2.5.RELEASE]
	at org.springframework.web.servlet.DispatcherServlet.processDispatchResult(DispatcherServlet.java:1118) ~[spring-webmvc-5.2.5.RELEASE.jar:5.2.5.RELEASE]
	at org.springframework.web.servlet.DispatcherServlet.doDispatch(DispatcherServlet.java:1057) ~[spring-webmvc-5.2.5.RELEASE.jar:5.2.5.RELEASE]
	at org.springframework.web.servlet.DispatcherServlet.doService(DispatcherServlet.java:943) ~[spring-webmvc-5.2.5.RELEASE.jar:5.2.5.RELEASE]
	at org.springframework.web.servlet.FrameworkServlet.processRequest(FrameworkServlet.java:1006) ~[spring-webmvc-5.2.5.RELEASE.jar:5.2.5.RELEASE]
	... 56 more
Caused by: org.springframework.expression.spel.SpelEvaluationException: EL1011E: Method call: Attempted to call method getAccountId() on null context object
	at org.springframework.expression.spel.ast.MethodReference.throwIfNotNullSafe(MethodReference.java:154) ~[spring-expression-5.2.5.RELEASE.jar:5.2.5.RELEASE]
	at org.springframework.expression.spel.ast.MethodReference.getValueRef(MethodReference.java:83) ~[spring-expression-5.2.5.RELEASE.jar:5.2.5.RELEASE]
	at org.springframework.expression.spel.ast.CompoundExpression.getValueRef(CompoundExpression.java:70) ~[spring-expression-5.2.5.RELEASE.jar:5.2.5.RELEASE]
	at org.springframework.expression.spel.ast.CompoundExpression.getValueInternal(CompoundExpression.java:91) ~[spring-expression-5.2.5.RELEASE.jar:5.2.5.RELEASE]
	at org.springframework.expression.spel.ast.SpelNodeImpl.getValue(SpelNodeImpl.java:112) ~[spring-expression-5.2.5.RELEASE.jar:5.2.5.RELEASE]
	at org.springframework.expression.spel.standard.SpelExpression.getValue(SpelExpression.java:337) ~[spring-expression-5.2.5.RELEASE.jar:5.2.5.RELEASE]
	at org.thymeleaf.spring5.expression.SPELVariableExpressionEvaluator.evaluate(SPELVariableExpressionEvaluator.java:263) ~[thymeleaf-spring5-3.0.11.RELEASE.jar:3.0.11.RELEASE]
	at org.thymeleaf.standard.expression.VariableExpression.executeVariableExpression(VariableExpression.java:166) ~[thymeleaf-3.0.11.RELEASE.jar:3.0.11.RELEASE]
	at org.thymeleaf.standard.expression.SimpleExpression.executeSimple(SimpleExpression.java:66) ~[thymeleaf-3.0.11.RELEASE.jar:3.0.11.RELEASE]
	at org.thymeleaf.standard.expression.Expression.execute(Expression.java:109) ~[thymeleaf-3.0.11.RELEASE.jar:3.0.11.RELEASE]
	at org.thymeleaf.standard.expression.Expression.execute(Expression.java:138) ~[thymeleaf-3.0.11.RELEASE.jar:3.0.11.RELEASE]
	at org.thymeleaf.standard.processor.AbstractStandardExpressionAttributeTagProcessor.doProcess(AbstractStandardExpressionAttributeTagProcessor.java:144) ~[thymeleaf-3.0.11.RELEASE.jar:3.0.11.RELEASE]
	at org.thymeleaf.processor.element.AbstractAttributeTagProcessor.doProcess(AbstractAttributeTagProcessor.java:74) ~[thymeleaf-3.0.11.RELEASE.jar:3.0.11.RELEASE]
	at org.thymeleaf.processor.element.AbstractElementTagProcessor.process(AbstractElementTagProcessor.java:95) ~[thymeleaf-3.0.11.RELEASE.jar:3.0.11.RELEASE]
	at org.thymeleaf.util.ProcessorConfigurationUtils$ElementTagProcessorWrapper.process(ProcessorConfigurationUtils.java:633) ~[thymeleaf-3.0.11.RELEASE.jar:3.0.11.RELEASE]
	at org.thymeleaf.engine.ProcessorTemplateHandler.handleOpenElement(ProcessorTemplateHandler.java:1314) ~[thymeleaf-3.0.11.RELEASE.jar:3.0.11.RELEASE]
	at org.thymeleaf.engine.OpenElementTag.beHandled(OpenElementTag.java:205) ~[thymeleaf-3.0.11.RELEASE.jar:3.0.11.RELEASE]
	at org.thymeleaf.engine.TemplateModel.process(TemplateModel.java:136) ~[thymeleaf-3.0.11.RELEASE.jar:3.0.11.RELEASE]
	at org.thymeleaf.engine.TemplateManager.parseAndProcess(TemplateManager.java:661) ~[thymeleaf-3.0.11.RELEASE.jar:3.0.11.RELEASE]
	at org.thymeleaf.TemplateEngine.process(TemplateEngine.java:1098) ~[thymeleaf-3.0.11.RELEASE.jar:3.0.11.RELEASE]
	at org.thymeleaf.TemplateEngine.process(TemplateEngine.java:1072) ~[thymeleaf-3.0.11.RELEASE.jar:3.0.11.RELEASE]
	at org.thymeleaf.spring5.view.ThymeleafView.renderFragment(ThymeleafView.java:362) ~[thymeleaf-spring5-3.0.11.RELEASE.jar:3.0.11.RELEASE]
	at org.thymeleaf.spring5.view.ThymeleafView.render(ThymeleafView.java:189) ~[thymeleaf-spring5-3.0.11.RELEASE.jar:3.0.11.RELEASE]
	at org.springframework.web.servlet.DispatcherServlet.render(DispatcherServlet.java:1373) ~[spring-webmvc-5.2.5.RELEASE.jar:5.2.5.RELEASE]
	at org.springframework.web.servlet.DispatcherServlet.processDispatchResult(DispatcherServlet.java:1118) ~[spring-webmvc-5.2.5.RELEASE.jar:5.2.5.RELEASE]
	at org.springframework.web.servlet.DispatcherServlet.doDispatch(DispatcherServlet.java:1057) ~[spring-webmvc-5.2.5.RELEASE.jar:5.2.5.RELEASE]
	at org.springframework.web.servlet.DispatcherServlet.doService(DispatcherServlet.java:943) ~[spring-webmvc-5.2.5.RELEASE.jar:5.2.5.RELEASE]
	at org.springframework.web.servlet.FrameworkServlet.processRequest(FrameworkServlet.java:1006) ~[spring-webmvc-5.2.5.RELEASE.jar:5.2.5.RELEASE]
	... 56 more
2020-05-10 23:14:25.566 [http-nio-8080-exec-8] ERROR [org.apache.catalina.core.ContainerBase.[Tomcat].[localhost].[/].[dispatcherServlet]:175] [,] - Servlet.service() for servlet [dispatcherServlet] in context with path [] threw exception [Request processing failed; nested exception is org.thymeleaf.exceptions.TemplateProcessingException: Exception evaluating SpringEL expression: "session.user.getAccountId()" (template: "home" - line 79, col 23)] with root cause
org.springframework.expression.spel.SpelEvaluationException: EL1011E: Method call: Attempted to call method getAccountId() on null context object
	at org.springframework.expression.spel.ast.MethodReference.throwIfNotNullSafe(MethodReference.java:154) ~[spring-expression-5.2.5.RELEASE.jar:5.2.5.RELEASE]
	at org.springframework.expression.spel.ast.MethodReference.getValueRef(MethodReference.java:83) ~[spring-expression-5.2.5.RELEASE.jar:5.2.5.RELEASE]
	at org.springframework.expression.spel.ast.CompoundExpression.getValueRef(CompoundExpression.java:70) ~[spring-expression-5.2.5.RELEASE.jar:5.2.5.RELEASE]
	at org.springframework.expression.spel.ast.CompoundExpression.getValueInternal(CompoundExpression.java:91) ~[spring-expression-5.2.5.RELEASE.jar:5.2.5.RELEASE]
	at org.springframework.expression.spel.ast.SpelNodeImpl.getValue(SpelNodeImpl.java:112) ~[spring-expression-5.2.5.RELEASE.jar:5.2.5.RELEASE]
	at org.springframework.expression.spel.standard.SpelExpression.getValue(SpelExpression.java:337) ~[spring-expression-5.2.5.RELEASE.jar:5.2.5.RELEASE]
	at org.thymeleaf.spring5.expression.SPELVariableExpressionEvaluator.evaluate(SPELVariableExpressionEvaluator.java:263) ~[thymeleaf-spring5-3.0.11.RELEASE.jar:3.0.11.RELEASE]
	at org.thymeleaf.standard.expression.VariableExpression.executeVariableExpression(VariableExpression.java:166) ~[thymeleaf-3.0.11.RELEASE.jar:3.0.11.RELEASE]
	at org.thymeleaf.standard.expression.SimpleExpression.executeSimple(SimpleExpression.java:66) ~[thymeleaf-3.0.11.RELEASE.jar:3.0.11.RELEASE]
	at org.thymeleaf.standard.expression.Expression.execute(Expression.java:109) ~[thymeleaf-3.0.11.RELEASE.jar:3.0.11.RELEASE]
	at org.thymeleaf.standard.expression.Expression.execute(Expression.java:138) ~[thymeleaf-3.0.11.RELEASE.jar:3.0.11.RELEASE]
	at org.thymeleaf.standard.processor.AbstractStandardExpressionAttributeTagProcessor.doProcess(AbstractStandardExpressionAttributeTagProcessor.java:144) ~[thymeleaf-3.0.11.RELEASE.jar:3.0.11.RELEASE]
	at org.thymeleaf.processor.element.AbstractAttributeTagProcessor.doProcess(AbstractAttributeTagProcessor.java:74) ~[thymeleaf-3.0.11.RELEASE.jar:3.0.11.RELEASE]
	at org.thymeleaf.processor.element.AbstractElementTagProcessor.process(AbstractElementTagProcessor.java:95) ~[thymeleaf-3.0.11.RELEASE.jar:3.0.11.RELEASE]
	at org.thymeleaf.util.ProcessorConfigurationUtils$ElementTagProcessorWrapper.process(ProcessorConfigurationUtils.java:633) ~[thymeleaf-3.0.11.RELEASE.jar:3.0.11.RELEASE]
	at org.thymeleaf.engine.ProcessorTemplateHandler.handleOpenElement(ProcessorTemplateHandler.java:1314) ~[thymeleaf-3.0.11.RELEASE.jar:3.0.11.RELEASE]
	at org.thymeleaf.engine.OpenElementTag.beHandled(OpenElementTag.java:205) ~[thymeleaf-3.0.11.RELEASE.jar:3.0.11.RELEASE]
	at org.thymeleaf.engine.TemplateModel.process(TemplateModel.java:136) ~[thymeleaf-3.0.11.RELEASE.jar:3.0.11.RELEASE]
	at org.thymeleaf.engine.TemplateManager.parseAndProcess(TemplateManager.java:661) ~[thymeleaf-3.0.11.RELEASE.jar:3.0.11.RELEASE]
	at org.thymeleaf.TemplateEngine.process(TemplateEngine.java:1098) ~[thymeleaf-3.0.11.RELEASE.jar:3.0.11.RELEASE]
	at org.thymeleaf.TemplateEngine.process(TemplateEngine.java:1072) ~[thymeleaf-3.0.11.RELEASE.jar:3.0.11.RELEASE]
	at org.thymeleaf.spring5.view.ThymeleafView.renderFragment(ThymeleafView.java:362) ~[thymeleaf-spring5-3.0.11.RELEASE.jar:3.0.11.RELEASE]
	at org.thymeleaf.spring5.view.ThymeleafView.render(ThymeleafView.java:189) ~[thymeleaf-spring5-3.0.11.RELEASE.jar:3.0.11.RELEASE]
	at org.springframework.web.servlet.DispatcherServlet.render(DispatcherServlet.java:1373) ~[spring-webmvc-5.2.5.RELEASE.jar:5.2.5.RELEASE]
	at org.springframework.web.servlet.DispatcherServlet.processDispatchResult(DispatcherServlet.java:1118) ~[spring-webmvc-5.2.5.RELEASE.jar:5.2.5.RELEASE]
	at org.springframework.web.servlet.DispatcherServlet.doDispatch(DispatcherServlet.java:1057) ~[spring-webmvc-5.2.5.RELEASE.jar:5.2.5.RELEASE]
	at org.springframework.web.servlet.DispatcherServlet.doService(DispatcherServlet.java:943) ~[spring-webmvc-5.2.5.RELEASE.jar:5.2.5.RELEASE]
	at org.springframework.web.servlet.FrameworkServlet.processRequest(FrameworkServlet.java:1006) ~[spring-webmvc-5.2.5.RELEASE.jar:5.2.5.RELEASE]
	at org.springframework.web.servlet.FrameworkServlet.doGet(FrameworkServlet.java:898) ~[spring-webmvc-5.2.5.RELEASE.jar:5.2.5.RELEASE]
	at javax.servlet.http.HttpServlet.service(HttpServlet.java:634) ~[tomcat-embed-core-9.0.33.jar:9.0.33]
	at org.springframework.web.servlet.FrameworkServlet.service(FrameworkServlet.java:883) ~[spring-webmvc-5.2.5.RELEASE.jar:5.2.5.RELEASE]
	at javax.servlet.http.HttpServlet.service(HttpServlet.java:741) ~[tomcat-embed-core-9.0.33.jar:9.0.33]
	at org.apache.catalina.core.ApplicationFilterChain.internalDoFilter(ApplicationFilterChain.java:231) ~[tomcat-embed-core-9.0.33.jar:9.0.33]
	at org.apache.catalina.core.ApplicationFilterChain.doFilter(ApplicationFilterChain.java:166) ~[tomcat-embed-core-9.0.33.jar:9.0.33]
	at org.apache.tomcat.websocket.server.WsFilter.doFilter(WsFilter.java:53) ~[tomcat-embed-websocket-9.0.33.jar:9.0.33]
	at org.apache.catalina.core.ApplicationFilterChain.internalDoFilter(ApplicationFilterChain.java:193) ~[tomcat-embed-core-9.0.33.jar:9.0.33]
	at org.apache.catalina.core.ApplicationFilterChain.doFilter(ApplicationFilterChain.java:166) ~[tomcat-embed-core-9.0.33.jar:9.0.33]
	at brave.servlet.TracingFilter.doFilter(TracingFilter.java:67) ~[brave-instrumentation-servlet-5.10.1.jar:?]
	at org.apache.catalina.core.ApplicationFilterChain.internalDoFilter(ApplicationFilterChain.java:193) ~[tomcat-embed-core-9.0.33.jar:9.0.33]
	at org.apache.catalina.core.ApplicationFilterChain.doFilter(ApplicationFilterChain.java:166) ~[tomcat-embed-core-9.0.33.jar:9.0.33]
	at org.zalando.logbook.servlet.NormalStrategy.doFilter(NormalStrategy.java:41) ~[logbook-servlet-1.13.0.jar:?]
	at org.zalando.logbook.servlet.LogbookFilter.doFilter(LogbookFilter.java:39) ~[logbook-servlet-1.13.0.jar:?]
	at org.zalando.logbook.servlet.HttpFilter.doFilter(HttpFilter.java:31) ~[logbook-servlet-1.13.0.jar:?]
	at org.apache.catalina.core.ApplicationFilterChain.internalDoFilter(ApplicationFilterChain.java:193) ~[tomcat-embed-core-9.0.33.jar:9.0.33]
	at org.apache.catalina.core.ApplicationFilterChain.doFilter(ApplicationFilterChain.java:166) ~[tomcat-embed-core-9.0.33.jar:9.0.33]
	at org.springframework.web.filter.RequestContextFilter.doFilterInternal(RequestContextFilter.java:100) ~[spring-web-5.2.5.RELEASE.jar:5.2.5.RELEASE]
	at org.springframework.web.filter.OncePerRequestFilter.doFilter(OncePerRequestFilter.java:119) ~[spring-web-5.2.5.RELEASE.jar:5.2.5.RELEASE]
	at org.apache.catalina.core.ApplicationFilterChain.internalDoFilter(ApplicationFilterChain.java:193) ~[tomcat-embed-core-9.0.33.jar:9.0.33]
	at org.apache.catalina.core.ApplicationFilterChain.doFilter(ApplicationFilterChain.java:166) ~[tomcat-embed-core-9.0.33.jar:9.0.33]
	at org.springframework.web.filter.FormContentFilter.doFilterInternal(FormContentFilter.java:93) ~[spring-web-5.2.5.RELEASE.jar:5.2.5.RELEASE]
	at org.springframework.web.filter.OncePerRequestFilter.doFilter(OncePerRequestFilter.java:119) ~[spring-web-5.2.5.RELEASE.jar:5.2.5.RELEASE]
	at org.apache.catalina.core.ApplicationFilterChain.internalDoFilter(ApplicationFilterChain.java:193) ~[tomcat-embed-core-9.0.33.jar:9.0.33]
	at org.apache.catalina.core.ApplicationFilterChain.doFilter(ApplicationFilterChain.java:166) ~[tomcat-embed-core-9.0.33.jar:9.0.33]
	at org.springframework.cloud.sleuth.instrument.web.ExceptionLoggingFilter.doFilter(ExceptionLoggingFilter.java:50) ~[spring-cloud-sleuth-core-2.2.2.RELEASE.jar:2.2.2.RELEASE]
	at org.apache.catalina.core.ApplicationFilterChain.internalDoFilter(ApplicationFilterChain.java:193) ~[tomcat-embed-core-9.0.33.jar:9.0.33]
	at org.apache.catalina.core.ApplicationFilterChain.doFilter(ApplicationFilterChain.java:166) ~[tomcat-embed-core-9.0.33.jar:9.0.33]
	at brave.servlet.TracingFilter.doFilter(TracingFilter.java:84) ~[brave-instrumentation-servlet-5.10.1.jar:?]
	at org.springframework.cloud.sleuth.instrument.web.LazyTracingFilter.doFilter(TraceWebServletAutoConfiguration.java:138) ~[spring-cloud-sleuth-core-2.2.2.RELEASE.jar:2.2.2.RELEASE]
	at org.apache.catalina.core.ApplicationFilterChain.internalDoFilter(ApplicationFilterChain.java:193) ~[tomcat-embed-core-9.0.33.jar:9.0.33]
	at org.apache.catalina.core.ApplicationFilterChain.doFilter(ApplicationFilterChain.java:166) ~[tomcat-embed-core-9.0.33.jar:9.0.33]
	at org.springframework.boot.actuate.metrics.web.servlet.WebMvcMetricsFilter.doFilterInternal(WebMvcMetricsFilter.java:109) ~[spring-boot-actuator-2.2.6.RELEASE.jar:2.2.6.RELEASE]
	at org.springframework.web.filter.OncePerRequestFilter.doFilter(OncePerRequestFilter.java:119) ~[spring-web-5.2.5.RELEASE.jar:5.2.5.RELEASE]
	at org.apache.catalina.core.ApplicationFilterChain.internalDoFilter(ApplicationFilterChain.java:193) ~[tomcat-embed-core-9.0.33.jar:9.0.33]
	at org.apache.catalina.core.ApplicationFilterChain.doFilter(ApplicationFilterChain.java:166) ~[tomcat-embed-core-9.0.33.jar:9.0.33]
	at org.springframework.web.filter.CharacterEncodingFilter.doFilterInternal(CharacterEncodingFilter.java:201) ~[spring-web-5.2.5.RELEASE.jar:5.2.5.RELEASE]
	at org.springframework.web.filter.OncePerRequestFilter.doFilter(OncePerRequestFilter.java:119) ~[spring-web-5.2.5.RELEASE.jar:5.2.5.RELEASE]
	at org.apache.catalina.core.ApplicationFilterChain.internalDoFilter(ApplicationFilterChain.java:193) ~[tomcat-embed-core-9.0.33.jar:9.0.33]
	at org.apache.catalina.core.ApplicationFilterChain.doFilter(ApplicationFilterChain.java:166) ~[tomcat-embed-core-9.0.33.jar:9.0.33]
	at org.apache.catalina.core.StandardWrapperValve.invoke(StandardWrapperValve.java:202) ~[tomcat-embed-core-9.0.33.jar:9.0.33]
	at org.apache.catalina.core.StandardContextValve.invoke(StandardContextValve.java:96) ~[tomcat-embed-core-9.0.33.jar:9.0.33]
	at org.apache.catalina.authenticator.AuthenticatorBase.invoke(AuthenticatorBase.java:541) ~[tomcat-embed-core-9.0.33.jar:9.0.33]
	at org.apache.catalina.core.StandardHostValve.invoke(StandardHostValve.java:139) ~[tomcat-embed-core-9.0.33.jar:9.0.33]
	at org.apache.catalina.valves.ErrorReportValve.invoke(ErrorReportValve.java:92) ~[tomcat-embed-core-9.0.33.jar:9.0.33]
	at org.apache.catalina.core.StandardEngineValve.invoke(StandardEngineValve.java:74) ~[tomcat-embed-core-9.0.33.jar:9.0.33]
	at org.apache.catalina.connector.CoyoteAdapter.service(CoyoteAdapter.java:343) ~[tomcat-embed-core-9.0.33.jar:9.0.33]
	at org.apache.coyote.http11.Http11Processor.service(Http11Processor.java:373) ~[tomcat-embed-core-9.0.33.jar:9.0.33]
	at org.apache.coyote.AbstractProcessorLight.process(AbstractProcessorLight.java:65) ~[tomcat-embed-core-9.0.33.jar:9.0.33]
	at org.apache.coyote.AbstractProtocol$ConnectionHandler.process(AbstractProtocol.java:868) ~[tomcat-embed-core-9.0.33.jar:9.0.33]
	at org.apache.tomcat.util.net.NioEndpoint$SocketProcessor.doRun(NioEndpoint.java:1594) ~[tomcat-embed-core-9.0.33.jar:9.0.33]
	at org.apache.tomcat.util.net.SocketProcessorBase.run(SocketProcessorBase.java:49) ~[tomcat-embed-core-9.0.33.jar:9.0.33]
	at java.util.concurrent.ThreadPoolExecutor.runWorker(ThreadPoolExecutor.java:1142) ~[?:1.8.0_121]
	at java.util.concurrent.ThreadPoolExecutor$Worker.run(ThreadPoolExecutor.java:617) ~[?:1.8.0_121]
	at org.apache.tomcat.util.threads.TaskThread$WrappingRunnable.run(TaskThread.java:61) ~[tomcat-embed-core-9.0.33.jar:9.0.33]
	at java.lang.Thread.run(Thread.java:745) [?:1.8.0_121]
2020-05-10 23:52:04.193 [main] WARN  [org.springframework.boot.actuate.endpoint.EndpointId:155] [,] - Endpoint ID 'hystrix.stream' contains invalid characters, please migrate to a valid format.
2020-05-10 23:52:04.646 [main] WARN  [org.springframework.boot.actuate.endpoint.EndpointId:155] [,] - Endpoint ID 'service-registry' contains invalid characters, please migrate to a valid format.
2020-05-10 23:52:06.571 [main] WARN  [com.netflix.config.sources.URLConfigurationSource:121] [,] - No URLs will be polled as dynamic configuration sources.
2020-05-10 23:52:07.569 [main] WARN  [org.springframework.cloud.sleuth.zipkin2.ZipkinAutoConfiguration:114] [,] - Check result of the [AsyncReporter{org.springframework.cloud.sleuth.zipkin2.sender.RestTemplateSender@437bd805}] contains an error [CheckResult{ok=false, error=org.springframework.web.client.ResourceAccessException: I/O error on POST request for "http://localhost:9411/api/v2/spans": connect timed out; nested exception is java.net.SocketTimeoutException: connect timed out}]
2020-05-10 23:52:08.820 [main] WARN  [com.netflix.config.sources.URLConfigurationSource:121] [,] - No URLs will be polled as dynamic configuration sources.
2020-05-10 23:52:10.190 [main] WARN  [org.springframework.cloud.loadbalancer.config.BlockingLoadBalancerClientAutoConfiguration$BlockingLoadBalancerClientRibbonWarnLogger:86] [,] - You already have RibbonLoadBalancerClient on your classpath. It will be used by default. As Spring Cloud Ribbon is in maintenance mode. We recommend switching to BlockingLoadBalancerClient instead. In order to use it, set the value of `spring.cloud.loadbalancer.ribbon.enabled` to `false` or remove spring-cloud-starter-netflix-ribbon from your project.
2020-05-10 23:52:13.604 [AsyncReporter{org.springframework.cloud.sleuth.zipkin2.sender.RestTemplateSender@437bd805}] WARN  [zipkin2.reporter.AsyncReporter$BoundedAsyncReporter:295] [,] - Spans were dropped due to exceptions. All subsequent errors will be logged at FINE level.
2020-05-10 23:52:13.604 [AsyncReporter{org.springframework.cloud.sleuth.zipkin2.sender.RestTemplateSender@437bd805}] WARN  [zipkin2.reporter.AsyncReporter$BoundedAsyncReporter:302] [,] - Dropped 7 spans due to ResourceAccessException(I/O error on POST request for "http://localhost:9411/api/v2/spans": connect timed out; nested exception is java.net.SocketTimeoutException: connect timed out)
org.springframework.web.client.ResourceAccessException: I/O error on POST request for "http://localhost:9411/api/v2/spans": connect timed out; nested exception is java.net.SocketTimeoutException: connect timed out
	at org.springframework.web.client.RestTemplate.doExecute(RestTemplate.java:748) ~[spring-web-5.2.5.RELEASE.jar:5.2.5.RELEASE]
	at org.springframework.cloud.sleuth.zipkin2.sender.ZipkinRestTemplateWrapper.doExecute(ZipkinRestTemplateSenderConfiguration.java:228) ~[spring-cloud-sleuth-zipkin-2.2.2.RELEASE.jar:2.2.2.RELEASE]
	at org.springframework.web.client.RestTemplate.exchange(RestTemplate.java:641) ~[spring-web-5.2.5.RELEASE.jar:5.2.5.RELEASE]
	at org.springframework.cloud.sleuth.zipkin2.sender.RestTemplateSender.post(RestTemplateSender.java:129) ~[spring-cloud-sleuth-zipkin-2.2.2.RELEASE.jar:2.2.2.RELEASE]
	at org.springframework.cloud.sleuth.zipkin2.sender.RestTemplateSender$HttpPostCall.doExecute(RestTemplateSender.java:142) ~[spring-cloud-sleuth-zipkin-2.2.2.RELEASE.jar:2.2.2.RELEASE]
	at org.springframework.cloud.sleuth.zipkin2.sender.RestTemplateSender$HttpPostCall.doExecute(RestTemplateSender.java:132) ~[spring-cloud-sleuth-zipkin-2.2.2.RELEASE.jar:2.2.2.RELEASE]
	at zipkin2.Call$Base.execute(Call.java:380) ~[zipkin-2.19.3.jar:?]
	at zipkin2.reporter.AsyncReporter$BoundedAsyncReporter.flush(AsyncReporter.java:284) ~[zipkin-reporter-2.12.1.jar:?]
	at zipkin2.reporter.AsyncReporter$Flusher.run(AsyncReporter.java:358) ~[zipkin-reporter-2.12.1.jar:?]
	at java.lang.Thread.run(Thread.java:745) [?:1.8.0_121]
Caused by: java.net.SocketTimeoutException: connect timed out
	at java.net.DualStackPlainSocketImpl.waitForConnect(Native Method) ~[?:1.8.0_121]
	at java.net.DualStackPlainSocketImpl.socketConnect(DualStackPlainSocketImpl.java:85) ~[?:1.8.0_121]
	at java.net.AbstractPlainSocketImpl.doConnect(AbstractPlainSocketImpl.java:350) ~[?:1.8.0_121]
	at java.net.AbstractPlainSocketImpl.connectToAddress(AbstractPlainSocketImpl.java:206) ~[?:1.8.0_121]
	at java.net.AbstractPlainSocketImpl.connect(AbstractPlainSocketImpl.java:188) ~[?:1.8.0_121]
	at java.net.PlainSocketImpl.connect(PlainSocketImpl.java:172) ~[?:1.8.0_121]
	at java.net.SocksSocketImpl.connect(SocksSocketImpl.java:392) ~[?:1.8.0_121]
	at java.net.Socket.connect(Socket.java:589) ~[?:1.8.0_121]
	at sun.net.NetworkClient.doConnect(NetworkClient.java:175) ~[?:1.8.0_121]
	at sun.net.www.http.HttpClient.openServer(HttpClient.java:432) ~[?:1.8.0_121]
	at sun.net.www.http.HttpClient.openServer(HttpClient.java:527) ~[?:1.8.0_121]
	at sun.net.www.http.HttpClient.<init>(HttpClient.java:211) ~[?:1.8.0_121]
	at sun.net.www.http.HttpClient.New(HttpClient.java:308) ~[?:1.8.0_121]
	at sun.net.www.http.HttpClient.New(HttpClient.java:326) ~[?:1.8.0_121]
	at sun.net.www.protocol.http.HttpURLConnection.getNewHttpClient(HttpURLConnection.java:1202) ~[?:1.8.0_121]
	at sun.net.www.protocol.http.HttpURLConnection.plainConnect0(HttpURLConnection.java:1138) ~[?:1.8.0_121]
	at sun.net.www.protocol.http.HttpURLConnection.plainConnect(HttpURLConnection.java:1032) ~[?:1.8.0_121]
	at sun.net.www.protocol.http.HttpURLConnection.connect(HttpURLConnection.java:966) ~[?:1.8.0_121]
	at org.springframework.http.client.SimpleBufferingClientHttpRequest.executeInternal(SimpleBufferingClientHttpRequest.java:76) ~[spring-web-5.2.5.RELEASE.jar:5.2.5.RELEASE]
	at org.springframework.http.client.AbstractBufferingClientHttpRequest.executeInternal(AbstractBufferingClientHttpRequest.java:48) ~[spring-web-5.2.5.RELEASE.jar:5.2.5.RELEASE]
	at org.springframework.http.client.AbstractClientHttpRequest.execute(AbstractClientHttpRequest.java:53) ~[spring-web-5.2.5.RELEASE.jar:5.2.5.RELEASE]
	at org.springframework.web.client.RestTemplate.doExecute(RestTemplate.java:739) ~[spring-web-5.2.5.RELEASE.jar:5.2.5.RELEASE]
	... 9 more
